[2025-01-31T23:53:40.995-0500] {local_task_job_runner.py:123} INFO - ::group::Pre task execution logs
[2025-01-31T23:53:41.053-0500] {taskinstance.py:2613} INFO - Dependencies all met for dep_context=non-requeueable deps ti=<TaskInstance: etl_reporte_como_vamos.task_bot_como_vamos manual__2025-02-01T04:53:35.210808+00:00 [queued]>
[2025-01-31T23:53:41.080-0500] {taskinstance.py:2613} INFO - Dependencies all met for dep_context=requeueable deps ti=<TaskInstance: etl_reporte_como_vamos.task_bot_como_vamos manual__2025-02-01T04:53:35.210808+00:00 [queued]>
[2025-01-31T23:53:41.082-0500] {taskinstance.py:2866} INFO - Starting attempt 1 of 1
[2025-01-31T23:53:41.131-0500] {taskinstance.py:2889} INFO - Executing <Task(BashOperator): task_bot_como_vamos> on 2025-02-01 04:53:35.210808+00:00
[2025-01-31T23:53:41.151-0500] {warnings.py:112} WARNING - /home/***/.local/lib/python3.12/site-packages/***/task/task_runner/standard_task_runner.py:70: DeprecationWarning: This process (pid=86) is multi-threaded, use of fork() may lead to deadlocks in the child.
  pid = os.fork()

[2025-01-31T23:53:41.155-0500] {standard_task_runner.py:104} INFO - Running: ['***', 'tasks', 'run', 'etl_reporte_como_vamos', 'task_bot_como_vamos', 'manual__2025-02-01T04:53:35.210808+00:00', '--job-id', '79', '--raw', '--subdir', 'DAGS_FOLDER/etl_como_vamos_dag.py', '--cfg-path', '/tmp/tmpufu1p60r']
[2025-01-31T23:53:41.162-0500] {standard_task_runner.py:72} INFO - Started process 87 to run task
[2025-01-31T23:53:41.163-0500] {standard_task_runner.py:105} INFO - Job 79: Subtask task_bot_como_vamos
[2025-01-31T23:53:41.308-0500] {task_command.py:467} INFO - Running <TaskInstance: etl_reporte_como_vamos.task_bot_como_vamos manual__2025-02-01T04:53:35.210808+00:00 [running]> on host d596638090b4
[2025-01-31T23:53:41.523-0500] {taskinstance.py:3132} INFO - Exporting env vars: AIRFLOW_CTX_DAG_OWNER='***' AIRFLOW_CTX_DAG_ID='etl_reporte_como_vamos' AIRFLOW_CTX_TASK_ID='task_bot_como_vamos' AIRFLOW_CTX_EXECUTION_DATE='2025-02-01T04:53:35.210808+00:00' AIRFLOW_CTX_TRY_NUMBER='1' AIRFLOW_CTX_DAG_RUN_ID='manual__2025-02-01T04:53:35.210808+00:00'
[2025-01-31T23:53:41.526-0500] {taskinstance.py:731} INFO - ::endgroup::
[2025-01-31T23:53:41.608-0500] {subprocess.py:78} INFO - Tmp dir root location: /tmp
[2025-01-31T23:53:41.610-0500] {subprocess.py:88} INFO - Running command: ['/usr/bin/bash', '-c', 'python /opt/***/scripts/bot_reporte_como_vamos.py']
[2025-01-31T23:53:41.634-0500] {subprocess.py:99} INFO - Output:
[2025-01-31T23:53:50.345-0500] {subprocess.py:106} INFO - ic| hoy: datetime.date(2025, 1, 31)
[2025-01-31T23:53:50.347-0500] {subprocess.py:106} INFO -     fecha_inicio: datetime.date(2025, 1, 1)
[2025-01-31T23:53:50.398-0500] {subprocess.py:106} INFO - ic| start_date: '01/01/2025', end_date: '31/01/2025'
[2025-01-31T23:53:50.400-0500] {subprocess.py:106} INFO - 2025-01-31 23:53:50,398 - bot_como_vamos - INFO - Starting script bot_como_vamos.py
[2025-01-31T23:53:52.657-0500] {subprocess.py:106} INFO - 2025-01-31 23:53:52,657 - bot_como_vamos - INFO - Conexión al Selenium Hub establecida correctamente
[2025-01-31T23:54:25.893-0500] {subprocess.py:106} INFO - ic| login_success: <selenium.webdriver.remote.webelement.WebElement (session="b421db0497b6432dcb65dc769ab435a5", element="f.1AA4284D95AF3CE46AA2A0D7557C28C6.d.565B6F707ADE9FD6127E70891C671980.e.76")>
[2025-01-31T23:54:25.897-0500] {subprocess.py:106} INFO - 2025-01-31 23:54:25,893 - bot_como_vamos - INFO - Loging success
[2025-01-31T23:54:36.308-0500] {subprocess.py:106} INFO - 2025-01-31 23:54:36,308 - bot_como_vamos - INFO - Click in menu button successfully
[2025-01-31T23:54:46.940-0500] {subprocess.py:106} INFO - 2025-01-31 23:54:46,939 - bot_como_vamos - INFO - Input dates successfully
[2025-01-31T23:54:57.190-0500] {subprocess.py:106} INFO - 2025-01-31 23:54:57,190 - bot_como_vamos - INFO - Click in 'Empresas Y Negocios' successfully
[2025-01-31T23:58:07.224-0500] {subprocess.py:106} INFO - 2025-01-31 23:58:07,223 - bot_como_vamos - INFO - Click in 'Como Vamos' successfully
[2025-01-31T23:58:07.230-0500] {subprocess.py:106} INFO - 2025-01-31 23:58:07,223 - assets - INFO - Waiting for download file...............
[2025-01-31T23:58:42.316-0500] {subprocess.py:106} INFO - ic| file: 'Unconfirmed 895427.crdownload'
[2025-01-31T23:58:47.351-0500] {subprocess.py:106} INFO - ic| file: 'Unconfirmed 895427.crdownload'
[2025-01-31T23:58:52.355-0500] {subprocess.py:106} INFO - ic| file: 'Reporte como_vamos.xlsx'
[2025-01-31T23:58:52.357-0500] {subprocess.py:106} INFO - 2025-01-31 23:58:52,355 - bot_como_vamos - INFO - Download Reporte como_vamos succesfully
[2025-01-31T23:58:52.838-0500] {subprocess.py:110} INFO - Command exited with return code 0
[2025-01-31T23:58:52.950-0500] {taskinstance.py:340} INFO - ::group::Post task execution logs
[2025-01-31T23:58:52.952-0500] {taskinstance.py:352} INFO - Marking task as SUCCESS. dag_id=etl_reporte_como_vamos, task_id=task_bot_como_vamos, run_id=manual__2025-02-01T04:53:35.210808+00:00, execution_date=20250201T045335, start_date=20250201T045341, end_date=20250201T045852
[2025-01-31T23:58:53.079-0500] {local_task_job_runner.py:266} INFO - Task exited with return code 0
[2025-01-31T23:58:53.291-0500] {taskinstance.py:3895} INFO - 2 downstream tasks scheduled from follow-on schedule check
[2025-01-31T23:58:53.301-0500] {local_task_job_runner.py:245} INFO - ::endgroup::
