[2025-02-14T13:20:22.881-0500] {local_task_job_runner.py:123} INFO - ::group::Pre task execution logs
[2025-02-14T13:20:22.910-0500] {taskinstance.py:2613} INFO - Dependencies all met for dep_context=non-requeueable deps ti=<TaskInstance: etl_reporte_como_vamos.bot_ex_bbva manual__2025-02-14T18:12:36.794274+00:00 [queued]>
[2025-02-14T13:20:22.924-0500] {taskinstance.py:2613} INFO - Dependencies all met for dep_context=requeueable deps ti=<TaskInstance: etl_reporte_como_vamos.bot_ex_bbva manual__2025-02-14T18:12:36.794274+00:00 [queued]>
[2025-02-14T13:20:22.938-0500] {taskinstance.py:2866} INFO - Starting attempt 2 of 4
[2025-02-14T13:20:22.988-0500] {taskinstance.py:2889} INFO - Executing <Task(BashOperator): bot_ex_bbva> on 2025-02-14 18:12:36.794274+00:00
[2025-02-14T13:20:22.995-0500] {warnings.py:112} WARNING - /home/***/.local/lib/python3.12/site-packages/***/task/task_runner/standard_task_runner.py:70: DeprecationWarning: This process (pid=66645) is multi-threaded, use of fork() may lead to deadlocks in the child.
  pid = os.fork()

[2025-02-14T13:20:22.998-0500] {standard_task_runner.py:72} INFO - Started process 66646 to run task
[2025-02-14T13:20:22.997-0500] {standard_task_runner.py:104} INFO - Running: ['***', 'tasks', 'run', 'etl_reporte_como_vamos', 'bot_ex_bbva', 'manual__2025-02-14T18:12:36.794274+00:00', '--job-id', '131', '--raw', '--subdir', 'DAGS_FOLDER/etl_como_vamos_dag.py', '--cfg-path', '/tmp/tmpx7dryrcm']
[2025-02-14T13:20:22.999-0500] {standard_task_runner.py:105} INFO - Job 131: Subtask bot_ex_bbva
[2025-02-14T13:20:23.070-0500] {task_command.py:467} INFO - Running <TaskInstance: etl_reporte_como_vamos.bot_ex_bbva manual__2025-02-14T18:12:36.794274+00:00 [running]> on host 21f1c1b48730
[2025-02-14T13:20:23.176-0500] {taskinstance.py:3132} INFO - Exporting env vars: AIRFLOW_CTX_DAG_OWNER='***' AIRFLOW_CTX_DAG_ID='etl_reporte_como_vamos' AIRFLOW_CTX_TASK_ID='bot_ex_bbva' AIRFLOW_CTX_EXECUTION_DATE='2025-02-14T18:12:36.794274+00:00' AIRFLOW_CTX_TRY_NUMBER='2' AIRFLOW_CTX_DAG_RUN_ID='manual__2025-02-14T18:12:36.794274+00:00'
[2025-02-14T13:20:23.177-0500] {taskinstance.py:731} INFO - ::endgroup::
[2025-02-14T13:20:23.195-0500] {subprocess.py:78} INFO - Tmp dir root location: /tmp
[2025-02-14T13:20:23.197-0500] {subprocess.py:88} INFO - Running command: ['/usr/bin/bash', '-c', 'python /opt/***/scripts/bot_etl_ex_bbva.py']
[2025-02-14T13:20:23.209-0500] {subprocess.py:99} INFO - Output:
[2025-02-14T13:20:24.240-0500] {subprocess.py:106} INFO - 2025-02-14 13:20:24,239 - bot_etl_ex_bbva - INFO - Bot ETL Exito-BBVA started
[2025-02-14T13:20:24.723-0500] {subprocess.py:106} INFO - 2025-02-14 13:20:24,723 - bot_etl_ex_bbva - INFO - Conexión al Selenium Hub establecida correctamente
[2025-02-14T13:20:25.643-0500] {subprocess.py:106} INFO - 2025-02-14 13:20:25,643 - bot_etl_ex_bbva - INFO - Credentials input success
[2025-02-14T13:20:26.929-0500] {subprocess.py:106} INFO - 2025-02-14 13:20:26,929 - bot_etl_ex_bbva - INFO - Click in login button
[2025-02-14T13:20:36.963-0500] {subprocess.py:106} INFO - 2025-02-14 13:20:36,963 - bot_etl_ex_bbva - INFO - Loging success
[2025-02-14T13:20:38.186-0500] {subprocess.py:106} INFO - 2025-02-14 13:20:38,186 - bot_etl_ex_bbva - INFO - Input file succes
[2025-02-14T13:20:48.218-0500] {subprocess.py:106} INFO - 2025-02-14 13:20:48,216 - bot_etl_ex_bbva - INFO - Click in Cargar
[2025-02-14T13:20:54.043-0500] {subprocess.py:106} INFO - 2025-02-14 13:20:54,042 - bot_etl_ex_bbva - INFO - bot_etl_ex_bbva finish execution
[2025-02-14T13:20:54.289-0500] {subprocess.py:110} INFO - Command exited with return code 0
[2025-02-14T13:20:54.367-0500] {taskinstance.py:340} INFO - ::group::Post task execution logs
[2025-02-14T13:20:54.369-0500] {taskinstance.py:352} INFO - Marking task as SUCCESS. dag_id=etl_reporte_como_vamos, task_id=bot_ex_bbva, run_id=manual__2025-02-14T18:12:36.794274+00:00, execution_date=20250214T181236, start_date=20250214T182022, end_date=20250214T182054
[2025-02-14T13:20:54.437-0500] {local_task_job_runner.py:266} INFO - Task exited with return code 0
[2025-02-14T13:20:54.466-0500] {taskinstance.py:3895} INFO - 0 downstream tasks scheduled from follow-on schedule check
[2025-02-14T13:20:54.503-0500] {local_task_job_runner.py:245} INFO - ::endgroup::
