[2025-02-08T06:32:07.364-0500] {local_task_job_runner.py:123} INFO - ::group::Pre task execution logs
[2025-02-08T06:32:07.383-0500] {taskinstance.py:2613} INFO - Dependencies all met for dep_context=non-requeueable deps ti=<TaskInstance: etl_reporte_como_vamos.etl_cdc scheduled__2025-02-07T11:30:00+00:00 [queued]>
[2025-02-08T06:32:07.392-0500] {taskinstance.py:2613} INFO - Dependencies all met for dep_context=requeueable deps ti=<TaskInstance: etl_reporte_como_vamos.etl_cdc scheduled__2025-02-07T11:30:00+00:00 [queued]>
[2025-02-08T06:32:07.394-0500] {taskinstance.py:2866} INFO - Starting attempt 1 of 4
[2025-02-08T06:32:07.408-0500] {taskinstance.py:2889} INFO - Executing <Task(BashOperator): etl_cdc> on 2025-02-07 11:30:00+00:00
[2025-02-08T06:32:07.415-0500] {warnings.py:112} WARNING - /home/***/.local/lib/python3.12/site-packages/***/task/task_runner/standard_task_runner.py:70: DeprecationWarning: This process (pid=53757) is multi-threaded, use of fork() may lead to deadlocks in the child.
  pid = os.fork()

[2025-02-08T06:32:07.417-0500] {standard_task_runner.py:72} INFO - Started process 53759 to run task
[2025-02-08T06:32:07.417-0500] {standard_task_runner.py:104} INFO - Running: ['***', 'tasks', 'run', 'etl_reporte_como_vamos', 'etl_cdc', 'scheduled__2025-02-07T11:30:00+00:00', '--job-id', '78', '--raw', '--subdir', 'DAGS_FOLDER/etl_como_vamos_dag.py', '--cfg-path', '/tmp/tmp62yo0eh0']
[2025-02-08T06:32:07.419-0500] {standard_task_runner.py:105} INFO - Job 78: Subtask etl_cdc
[2025-02-08T06:32:07.477-0500] {task_command.py:467} INFO - Running <TaskInstance: etl_reporte_como_vamos.etl_cdc scheduled__2025-02-07T11:30:00+00:00 [running]> on host 21f1c1b48730
[2025-02-08T06:32:07.569-0500] {taskinstance.py:3132} INFO - Exporting env vars: AIRFLOW_CTX_DAG_OWNER='***' AIRFLOW_CTX_DAG_ID='etl_reporte_como_vamos' AIRFLOW_CTX_TASK_ID='etl_cdc' AIRFLOW_CTX_EXECUTION_DATE='2025-02-07T11:30:00+00:00' AIRFLOW_CTX_TRY_NUMBER='1' AIRFLOW_CTX_DAG_RUN_ID='scheduled__2025-02-07T11:30:00+00:00'
[2025-02-08T06:32:07.570-0500] {taskinstance.py:731} INFO - ::endgroup::
[2025-02-08T06:32:07.588-0500] {subprocess.py:78} INFO - Tmp dir root location: /tmp
[2025-02-08T06:32:07.590-0500] {subprocess.py:88} INFO - Running command: ['/usr/bin/bash', '-c', 'python /opt/***/scripts/etl_cdc.py']
[2025-02-08T06:32:07.600-0500] {subprocess.py:99} INFO - Output:
[2025-02-08T06:32:12.487-0500] {subprocess.py:106} INFO -      incrementador               nombre_cliente  ... duplicado motivo_duplicado
[2025-02-08T06:32:12.488-0500] {subprocess.py:106} INFO - 0            11214  COLOMBIANA DE COMERCIO S.A.  ...
[2025-02-08T06:32:12.489-0500] {subprocess.py:106} INFO - 1            11115  COLOMBIANA DE COMERCIO S.A.  ...
[2025-02-08T06:32:12.489-0500] {subprocess.py:106} INFO - 2            11116  COLOMBIANA DE COMERCIO S.A.  ...
[2025-02-08T06:32:12.490-0500] {subprocess.py:106} INFO - 3            11117  COLOMBIANA DE COMERCIO S.A.  ...
[2025-02-08T06:32:12.491-0500] {subprocess.py:106} INFO - 4            11118  COLOMBIANA DE COMERCIO S.A.  ...
[2025-02-08T06:32:12.491-0500] {subprocess.py:106} INFO - ..             ...                          ...  ...       ...              ...
[2025-02-08T06:32:12.492-0500] {subprocess.py:106} INFO - 246          11387  COLOMBIANA DE COMERCIO S.A.  ...
[2025-02-08T06:32:12.493-0500] {subprocess.py:106} INFO - 247          11388  COLOMBIANA DE COMERCIO S.A.  ...
[2025-02-08T06:32:12.493-0500] {subprocess.py:106} INFO - 248          11389  COLOMBIANA DE COMERCIO S.A.  ...
[2025-02-08T06:32:12.494-0500] {subprocess.py:106} INFO - 249          11390  COLOMBIANA DE COMERCIO S.A.  ...
[2025-02-08T06:32:12.494-0500] {subprocess.py:106} INFO - 250          11391  COLOMBIANA DE COMERCIO S.A.  ...
[2025-02-08T06:32:12.495-0500] {subprocess.py:106} INFO - 
[2025-02-08T06:32:12.495-0500] {subprocess.py:106} INFO - [251 rows x 60 columns]
[2025-02-08T06:32:12.495-0500] {subprocess.py:106} INFO -                 nombre_cliente    id_caso  ... duplicado motivo_duplicado
[2025-02-08T06:32:12.496-0500] {subprocess.py:106} INFO - 0  COLOMBIANA DE COMERCIO S.A.  RF1863674  ...
[2025-02-08T06:32:12.496-0500] {subprocess.py:106} INFO - 1  COLOMBIANA DE COMERCIO S.A.  RF1863673  ...
[2025-02-08T06:32:12.497-0500] {subprocess.py:106} INFO - 2  COLOMBIANA DE COMERCIO S.A.  RF1863672  ...
[2025-02-08T06:32:12.497-0500] {subprocess.py:106} INFO - 3  COLOMBIANA DE COMERCIO S.A.  RF1863671  ...
[2025-02-08T06:32:12.498-0500] {subprocess.py:106} INFO - 4  COLOMBIANA DE COMERCIO S.A.  RF1863670  ...
[2025-02-08T06:32:12.498-0500] {subprocess.py:106} INFO - 5  COLOMBIANA DE COMERCIO S.A.  RF1863669  ...
[2025-02-08T06:32:12.499-0500] {subprocess.py:106} INFO - 6  COLOMBIANA DE COMERCIO S.A.  RF1863664  ...
[2025-02-08T06:32:12.499-0500] {subprocess.py:106} INFO - 7  COLOMBIANA DE COMERCIO S.A.  RF1863675  ...
[2025-02-08T06:32:12.500-0500] {subprocess.py:106} INFO - 8  COLOMBIANA DE COMERCIO S.A.  RF1863677  ...
[2025-02-08T06:32:12.500-0500] {subprocess.py:106} INFO - 9  COLOMBIANA DE COMERCIO S.A.  RF1863676  ...
[2025-02-08T06:32:12.501-0500] {subprocess.py:106} INFO - 
[2025-02-08T06:32:12.501-0500] {subprocess.py:106} INFO - [10 rows x 59 columns]
[2025-02-08T06:32:12.502-0500] {subprocess.py:106} INFO - 0 10 0
[2025-02-08T06:32:12.502-0500] {subprocess.py:106} INFO - Requerimientos Cargados:  10
[2025-02-08T06:32:12.503-0500] {subprocess.py:106} INFO - Ejecucion Exitosa
[2025-02-08T06:32:12.657-0500] {subprocess.py:110} INFO - Command exited with return code 0
[2025-02-08T06:32:12.684-0500] {taskinstance.py:340} INFO - ::group::Post task execution logs
[2025-02-08T06:32:12.684-0500] {taskinstance.py:352} INFO - Marking task as SUCCESS. dag_id=etl_reporte_como_vamos, task_id=etl_cdc, run_id=scheduled__2025-02-07T11:30:00+00:00, execution_date=20250207T113000, start_date=20250208T113207, end_date=20250208T113212
[2025-02-08T06:32:12.732-0500] {local_task_job_runner.py:266} INFO - Task exited with return code 0
[2025-02-08T06:32:12.752-0500] {taskinstance.py:3895} INFO - 0 downstream tasks scheduled from follow-on schedule check
[2025-02-08T06:32:12.756-0500] {local_task_job_runner.py:245} INFO - ::endgroup::
