[2025-01-31T05:12:23.161+0000] {local_task_job_runner.py:123} INFO - ::group::Pre task execution logs
[2025-01-31T05:12:23.248+0000] {taskinstance.py:2613} INFO - Dependencies all met for dep_context=non-requeueable deps ti=<TaskInstance: etl_reporte_como_vamos.etl_ex_bbva manual__2025-01-31T05:12:17.667797+00:00 [queued]>
[2025-01-31T05:12:23.291+0000] {taskinstance.py:2613} INFO - Dependencies all met for dep_context=requeueable deps ti=<TaskInstance: etl_reporte_como_vamos.etl_ex_bbva manual__2025-01-31T05:12:17.667797+00:00 [queued]>
[2025-01-31T05:12:23.293+0000] {taskinstance.py:2866} INFO - Starting attempt 1 of 1
[2025-01-31T05:12:23.346+0000] {taskinstance.py:2889} INFO - Executing <Task(BashOperator): etl_ex_bbva> on 2025-01-31 05:12:17.667797+00:00
[2025-01-31T05:12:23.364+0000] {warnings.py:112} WARNING - /home/***/.local/lib/python3.12/site-packages/***/task/task_runner/standard_task_runner.py:70: DeprecationWarning: This process (pid=2841) is multi-threaded, use of fork() may lead to deadlocks in the child.
  pid = os.fork()

[2025-01-31T05:12:23.372+0000] {standard_task_runner.py:72} INFO - Started process 2842 to run task
[2025-01-31T05:12:23.371+0000] {standard_task_runner.py:104} INFO - Running: ['***', 'tasks', 'run', 'etl_reporte_como_vamos', 'etl_ex_bbva', 'manual__2025-01-31T05:12:17.667797+00:00', '--job-id', '51', '--raw', '--subdir', 'DAGS_FOLDER/etl_como_vamos_dag.py', '--cfg-path', '/tmp/tmpz04dh5gy']
[2025-01-31T05:12:23.375+0000] {standard_task_runner.py:105} INFO - Job 51: Subtask etl_ex_bbva
[2025-01-31T05:12:23.563+0000] {task_command.py:467} INFO - Running <TaskInstance: etl_reporte_como_vamos.etl_ex_bbva manual__2025-01-31T05:12:17.667797+00:00 [running]> on host 09b63ee6c6d0
[2025-01-31T05:12:23.973+0000] {taskinstance.py:3132} INFO - Exporting env vars: AIRFLOW_CTX_DAG_OWNER='***' AIRFLOW_CTX_DAG_ID='etl_reporte_como_vamos' AIRFLOW_CTX_TASK_ID='etl_ex_bbva' AIRFLOW_CTX_EXECUTION_DATE='2025-01-31T05:12:17.667797+00:00' AIRFLOW_CTX_TRY_NUMBER='1' AIRFLOW_CTX_DAG_RUN_ID='manual__2025-01-31T05:12:17.667797+00:00'
[2025-01-31T05:12:23.976+0000] {taskinstance.py:731} INFO - ::endgroup::
[2025-01-31T05:12:24.045+0000] {subprocess.py:78} INFO - Tmp dir root location: /tmp
[2025-01-31T05:12:24.049+0000] {subprocess.py:88} INFO - Running command: ['/usr/bin/bash', '-c', 'python /opt/***/scripts/etl_ex_bbva.py']
[2025-01-31T05:12:24.079+0000] {subprocess.py:99} INFO - Output:
[2025-01-31T05:12:32.312+0000] {subprocess.py:106} INFO - ic| params: {'database': 'calidad_etl',
[2025-01-31T05:12:32.314+0000] {subprocess.py:106} INFO -              'host': '172.29.33.204',
[2025-01-31T05:12:32.315+0000] {subprocess.py:106} INFO -              'password': 'calidad2021*',
[2025-01-31T05:12:32.317+0000] {subprocess.py:106} INFO -              'port': '3306',
[2025-01-31T05:12:32.318+0000] {subprocess.py:106} INFO -              'user': 'calidad_etl'}
[2025-01-31T05:12:32.394+0000] {subprocess.py:106} INFO - ic| params: {'database': 'calidad_etl',
[2025-01-31T05:12:32.396+0000] {subprocess.py:106} INFO -              'host': '172.29.33.204',
[2025-01-31T05:12:32.397+0000] {subprocess.py:106} INFO -              'password': 'calidad2021*',
[2025-01-31T05:12:32.399+0000] {subprocess.py:106} INFO -              'port': '3306',
[2025-01-31T05:12:32.400+0000] {subprocess.py:106} INFO -              'user': 'calidad_etl'}
[2025-01-31T05:12:32.745+0000] {subprocess.py:106} INFO - 2025-01-31 05:12:32,744 - assets - INFO - Engine para base de datos: calidad_etl creado exitosamente
[2025-01-31T05:12:32.753+0000] {subprocess.py:106} INFO - ic| fecha_inicio: datetime.date(2025, 1, 1)
[2025-01-31T05:12:32.755+0000] {subprocess.py:106} INFO -     fecha_fin: datetime.date(2025, 1, 31)
[2025-01-31T05:12:32.761+0000] {subprocess.py:106} INFO - ic| query: '
[2025-01-31T05:12:32.763+0000] {subprocess.py:106} INFO -             SELECT * FROM calidad_etl.fact_sm_cerrado
[2025-01-31T05:12:32.764+0000] {subprocess.py:106} INFO -                 WHERE "INSERTAR_DT" >= %s;
[2025-01-31T05:12:32.765+0000] {subprocess.py:106} INFO -             '
[2025-01-31T05:12:52.840+0000] {subprocess.py:106} INFO - 2025-01-31 05:12:52,840 - assets - INFO - SQL query succesfully executed
[2025-01-31T05:12:52.927+0000] {subprocess.py:106} INFO - 2025-01-31 05:12:52,927 - etl_ex_bbva - INFO - Start ETL Exito Tuya BBVA
[2025-01-31T05:15:59.413+0000] {subprocess.py:106} INFO - 2025-01-31 05:15:59,412 - etl_ex_bbva - INFO - Reporte como_vamos.xlsx successfully load
[2025-01-31T05:15:59.733+0000] {subprocess.py:106} INFO - 2025-01-31 05:15:59,733 - etl_ex_bbva - ERROR - Execution error etl_ex_bbva.py: "['incrementador'] not found in axis"
[2025-01-31T05:15:59.736+0000] {subprocess.py:106} INFO - Conexión exitosa a la base de datos: calidad_etl
[2025-01-31T05:16:00.758+0000] {subprocess.py:110} INFO - Command exited with return code 0
[2025-01-31T05:16:00.837+0000] {taskinstance.py:340} INFO - ::group::Post task execution logs
[2025-01-31T05:16:00.839+0000] {taskinstance.py:352} INFO - Marking task as SUCCESS. dag_id=etl_reporte_como_vamos, task_id=etl_ex_bbva, run_id=manual__2025-01-31T05:12:17.667797+00:00, execution_date=20250131T051217, start_date=20250131T051223, end_date=20250131T051600
[2025-01-31T05:16:00.904+0000] {local_task_job_runner.py:266} INFO - Task exited with return code 0
[2025-01-31T05:16:00.945+0000] {taskinstance.py:3895} INFO - 0 downstream tasks scheduled from follow-on schedule check
[2025-01-31T05:16:00.949+0000] {local_task_job_runner.py:245} INFO - ::endgroup::
