[2025-01-27T23:09:43.254+0000] {local_task_job_runner.py:123} INFO - ::group::Pre task execution logs
[2025-01-27T23:09:43.307+0000] {taskinstance.py:2613} INFO - Dependencies all met for dep_context=non-requeueable deps ti=<TaskInstance: etl_reporte_como_vamos.etl_cdc manual__2025-01-27T22:53:03.749692+00:00 [queued]>
[2025-01-27T23:09:43.337+0000] {taskinstance.py:2613} INFO - Dependencies all met for dep_context=requeueable deps ti=<TaskInstance: etl_reporte_como_vamos.etl_cdc manual__2025-01-27T22:53:03.749692+00:00 [queued]>
[2025-01-27T23:09:43.339+0000] {taskinstance.py:2866} INFO - Starting attempt 1 of 2
[2025-01-27T23:09:43.385+0000] {taskinstance.py:2889} INFO - Executing <Task(BashOperator): etl_cdc> on 2025-01-27 22:53:03.749692+00:00
[2025-01-27T23:09:43.408+0000] {standard_task_runner.py:104} INFO - Running: ['***', 'tasks', 'run', 'etl_reporte_como_vamos', 'etl_cdc', 'manual__2025-01-27T22:53:03.749692+00:00', '--job-id', '6', '--raw', '--subdir', 'DAGS_FOLDER/etl_como_vamos_dag.py', '--cfg-path', '/tmp/tmpwhf_4agp']
[2025-01-27T23:09:43.421+0000] {standard_task_runner.py:105} INFO - Job 6: Subtask etl_cdc
[2025-01-27T23:09:43.433+0000] {logging_mixin.py:190} WARNING - /home/***/.local/lib/python3.12/site-packages/***/task/task_runner/standard_task_runner.py:70 DeprecationWarning: This process (pid=212) is multi-threaded, use of fork() may lead to deadlocks in the child.
[2025-01-27T23:09:43.437+0000] {standard_task_runner.py:72} INFO - Started process 213 to run task
[2025-01-27T23:09:43.676+0000] {task_command.py:467} INFO - Running <TaskInstance: etl_reporte_como_vamos.etl_cdc manual__2025-01-27T22:53:03.749692+00:00 [running]> on host 4bc3fbeb4580
[2025-01-27T23:09:44.386+0000] {taskinstance.py:3132} INFO - Exporting env vars: AIRFLOW_CTX_DAG_OWNER='***' AIRFLOW_CTX_DAG_ID='etl_reporte_como_vamos' AIRFLOW_CTX_TASK_ID='etl_cdc' AIRFLOW_CTX_EXECUTION_DATE='2025-01-27T22:53:03.749692+00:00' AIRFLOW_CTX_TRY_NUMBER='1' AIRFLOW_CTX_DAG_RUN_ID='manual__2025-01-27T22:53:03.749692+00:00'
[2025-01-27T23:09:44.390+0000] {taskinstance.py:731} INFO - ::endgroup::
[2025-01-27T23:09:44.471+0000] {subprocess.py:78} INFO - Tmp dir root location: /tmp
[2025-01-27T23:09:44.476+0000] {subprocess.py:88} INFO - Running command: ['/usr/bin/bash', '-c', 'python /opt/***/scripts/etl_cdc.py']
[2025-01-27T23:09:44.510+0000] {subprocess.py:99} INFO - Output:
[2025-01-27T23:09:57.448+0000] {subprocess.py:106} INFO - Ejecucion Erronea
[2025-01-27T23:09:57.960+0000] {subprocess.py:110} INFO - Command exited with return code 0
[2025-01-27T23:09:58.035+0000] {taskinstance.py:340} INFO - ::group::Post task execution logs
[2025-01-27T23:09:58.042+0000] {taskinstance.py:352} INFO - Marking task as SUCCESS. dag_id=etl_reporte_como_vamos, task_id=etl_cdc, run_id=manual__2025-01-27T22:53:03.749692+00:00, execution_date=20250127T225303, start_date=20250127T230943, end_date=20250127T230958
[2025-01-27T23:09:58.106+0000] {local_task_job_runner.py:266} INFO - Task exited with return code 0
[2025-01-27T23:09:58.167+0000] {taskinstance.py:3895} INFO - 0 downstream tasks scheduled from follow-on schedule check
[2025-01-27T23:09:58.173+0000] {local_task_job_runner.py:245} INFO - ::endgroup::
