[2025-01-30T04:24:26.254+0000] {local_task_job_runner.py:123} INFO - ::group::Pre task execution logs
[2025-01-30T04:24:26.300+0000] {taskinstance.py:2613} INFO - Dependencies all met for dep_context=non-requeueable deps ti=<TaskInstance: etl_reporte_como_vamos.task_bot_como_vamos manual__2025-01-30T04:24:23.344730+00:00 [queued]>
[2025-01-30T04:24:26.325+0000] {taskinstance.py:2613} INFO - Dependencies all met for dep_context=requeueable deps ti=<TaskInstance: etl_reporte_como_vamos.task_bot_como_vamos manual__2025-01-30T04:24:23.344730+00:00 [queued]>
[2025-01-30T04:24:26.327+0000] {taskinstance.py:2866} INFO - Starting attempt 1 of 1
[2025-01-30T04:24:26.363+0000] {taskinstance.py:2889} INFO - Executing <Task(BashOperator): task_bot_como_vamos> on 2025-01-30 04:24:23.344730+00:00
[2025-01-30T04:24:26.378+0000] {warnings.py:112} WARNING - /home/***/.local/lib/python3.12/site-packages/***/task/task_runner/standard_task_runner.py:70: DeprecationWarning: This process (pid=3129) is multi-threaded, use of fork() may lead to deadlocks in the child.
  pid = os.fork()

[2025-01-30T04:24:26.386+0000] {standard_task_runner.py:72} INFO - Started process 3130 to run task
[2025-01-30T04:24:26.384+0000] {standard_task_runner.py:104} INFO - Running: ['***', 'tasks', 'run', 'etl_reporte_como_vamos', 'task_bot_como_vamos', 'manual__2025-01-30T04:24:23.344730+00:00', '--job-id', '33', '--raw', '--subdir', 'DAGS_FOLDER/etl_como_vamos_dag.py', '--cfg-path', '/tmp/tmpb8y9ezfr']
[2025-01-30T04:24:26.388+0000] {standard_task_runner.py:105} INFO - Job 33: Subtask task_bot_como_vamos
[2025-01-30T04:24:26.542+0000] {task_command.py:467} INFO - Running <TaskInstance: etl_reporte_como_vamos.task_bot_como_vamos manual__2025-01-30T04:24:23.344730+00:00 [running]> on host 438c87da0b60
[2025-01-30T04:24:26.799+0000] {taskinstance.py:3132} INFO - Exporting env vars: AIRFLOW_CTX_DAG_OWNER='***' AIRFLOW_CTX_DAG_ID='etl_reporte_como_vamos' AIRFLOW_CTX_TASK_ID='task_bot_como_vamos' AIRFLOW_CTX_EXECUTION_DATE='2025-01-30T04:24:23.344730+00:00' AIRFLOW_CTX_TRY_NUMBER='1' AIRFLOW_CTX_DAG_RUN_ID='manual__2025-01-30T04:24:23.344730+00:00'
[2025-01-30T04:24:26.801+0000] {taskinstance.py:731} INFO - ::endgroup::
[2025-01-30T04:24:26.849+0000] {subprocess.py:78} INFO - Tmp dir root location: /tmp
[2025-01-30T04:24:26.852+0000] {subprocess.py:88} INFO - Running command: ['/usr/bin/bash', '-c', 'python /opt/***/scripts/bot_reporte_como_vamos.py']
[2025-01-30T04:24:26.872+0000] {subprocess.py:99} INFO - Output:
[2025-01-30T04:24:32.009+0000] {subprocess.py:106} INFO - ic| start_date: '01/01/2025', end_date: '30/01/2025'
[2025-01-30T04:24:32.011+0000] {subprocess.py:106} INFO - 2025-01-30 04:24:32,009 - bot_como_vamos - INFO - Starting script bot_como_vamos.py
[2025-01-30T04:24:33.261+0000] {subprocess.py:106} INFO - 2025-01-30 04:24:33,261 - bot_como_vamos - INFO - Conexión al Selenium Hub establecida correctamente
[2025-01-30T04:25:05.996+0000] {subprocess.py:106} INFO - ic| login_success: <selenium.webdriver.remote.webelement.WebElement (session="dbbbf2a469c73e05d68a20fb9c8e2d24", element="f.23C516DA97B520419D7433C18E4B5ACA.d.C7CE07A09BF9047F194D77761B92B8FA.e.76")>
[2025-01-30T04:25:05.996+0000] {subprocess.py:106} INFO - 2025-01-30 04:25:05,996 - bot_como_vamos - INFO - Loging success
[2025-01-30T04:25:16.230+0000] {subprocess.py:106} INFO - 2025-01-30 04:25:16,230 - bot_como_vamos - INFO - Click in menu button successfully
[2025-01-30T04:25:26.432+0000] {subprocess.py:106} INFO - 2025-01-30 04:25:26,431 - bot_como_vamos - INFO - Input dates successfully
[2025-01-30T04:25:36.673+0000] {subprocess.py:106} INFO - 2025-01-30 04:25:36,673 - bot_como_vamos - INFO - Click in 'Empresas Y Negocios' successfully
[2025-01-30T04:25:46.726+0000] {subprocess.py:106} INFO - 2025-01-30 04:25:46,726 - bot_como_vamos - ERROR - Execution error bot_reporte_como_vamos.py:
[2025-01-30T04:25:46.727+0000] {subprocess.py:106} INFO - ***Error type:*** ElementNotInteractableException
[2025-01-30T04:25:46.727+0000] {subprocess.py:106} INFO - ***Error message:*** Message: element not interactable
[2025-01-30T04:25:46.728+0000] {subprocess.py:106} INFO -   (Session info: chrome=132.0.6834.110)
[2025-01-30T04:25:46.729+0000] {subprocess.py:106} INFO - Stacktrace:
[2025-01-30T04:25:46.729+0000] {subprocess.py:106} INFO - #0 0x55b991260dca <unknown>
[2025-01-30T04:25:46.730+0000] {subprocess.py:106} INFO - #1 0x55b990d5724d <unknown>
[2025-01-30T04:25:46.730+0000] {subprocess.py:106} INFO - #2 0x55b990da82d9 <unknown>
[2025-01-30T04:25:46.731+0000] {subprocess.py:106} INFO - #3 0x55b990d9b2bd <unknown>
[2025-01-30T04:25:46.731+0000] {subprocess.py:106} INFO - #4 0x55b990dcba92 <unknown>
[2025-01-30T04:25:46.732+0000] {subprocess.py:106} INFO - #5 0x55b990d9ac48 <unknown>
[2025-01-30T04:25:46.732+0000] {subprocess.py:106} INFO - #6 0x55b990dcbc5e <unknown>
[2025-01-30T04:25:46.733+0000] {subprocess.py:106} INFO - #7 0x55b990dea4b3 <unknown>
[2025-01-30T04:25:46.734+0000] {subprocess.py:106} INFO - #8 0x55b990dcb833 <unknown>
[2025-01-30T04:25:46.734+0000] {subprocess.py:106} INFO - #9 0x55b990d985a0 <unknown>
[2025-01-30T04:25:46.735+0000] {subprocess.py:106} INFO - #10 0x55b990d99ece <unknown>
[2025-01-30T04:25:46.736+0000] {subprocess.py:106} INFO - #11 0x55b99122abdb <unknown>
[2025-01-30T04:25:46.737+0000] {subprocess.py:106} INFO - #12 0x55b99122eb67 <unknown>
[2025-01-30T04:25:46.737+0000] {subprocess.py:106} INFO - #13 0x55b9912163bc <unknown>
[2025-01-30T04:25:46.738+0000] {subprocess.py:106} INFO - #14 0x55b99122f727 <unknown>
[2025-01-30T04:25:46.739+0000] {subprocess.py:106} INFO - #15 0x55b9911fa74f <unknown>
[2025-01-30T04:25:46.739+0000] {subprocess.py:106} INFO - #16 0x55b99124f938 <unknown>
[2025-01-30T04:25:46.740+0000] {subprocess.py:106} INFO - #17 0x55b99124fb00 <unknown>
[2025-01-30T04:25:46.740+0000] {subprocess.py:106} INFO - #18 0x55b99125fc46 <unknown>
[2025-01-30T04:25:46.741+0000] {subprocess.py:106} INFO - #19 0x7f6b70815a94 <unknown>
[2025-01-30T04:25:46.741+0000] {subprocess.py:106} INFO - #20 0x7f6b708a2c3c <unknown>
[2025-01-30T04:25:46.742+0000] {subprocess.py:106} INFO - 
[2025-01-30T04:25:46.742+0000] {subprocess.py:106} INFO - ***Full Traceback:*** Traceback (most recent call last):
[2025-01-30T04:25:46.742+0000] {subprocess.py:106} INFO -   File "/opt/***/scripts/bot_reporte_como_vamos.py", line 137, in main
[2025-01-30T04:25:46.743+0000] {subprocess.py:106} INFO -     reporte_como_vamos.click()
[2025-01-30T04:25:46.743+0000] {subprocess.py:106} INFO -   File "/home/***/.local/lib/python3.12/site-packages/selenium/webdriver/remote/webelement.py", line 119, in click
[2025-01-30T04:25:46.744+0000] {subprocess.py:106} INFO -     self._execute(Command.CLICK_ELEMENT)
[2025-01-30T04:25:46.745+0000] {subprocess.py:106} INFO -   File "/home/***/.local/lib/python3.12/site-packages/selenium/webdriver/remote/webelement.py", line 570, in _execute
[2025-01-30T04:25:46.745+0000] {subprocess.py:106} INFO -     return self._parent.execute(command, params)
[2025-01-30T04:25:46.746+0000] {subprocess.py:106} INFO -            ^^^^^^^^^^^^^^^^^^^^^^^^^^^^^^^^^^^^^
[2025-01-30T04:25:46.746+0000] {subprocess.py:106} INFO -   File "/home/***/.local/lib/python3.12/site-packages/selenium/webdriver/remote/webdriver.py", line 429, in execute
[2025-01-30T04:25:46.746+0000] {subprocess.py:106} INFO -     self.error_handler.check_response(response)
[2025-01-30T04:25:46.747+0000] {subprocess.py:106} INFO -   File "/home/***/.local/lib/python3.12/site-packages/selenium/webdriver/remote/errorhandler.py", line 232, in check_response
[2025-01-30T04:25:46.748+0000] {subprocess.py:106} INFO -     raise exception_class(message, screen, stacktrace)
[2025-01-30T04:25:46.748+0000] {subprocess.py:106} INFO - selenium.common.exceptions.ElementNotInteractableException: Message: element not interactable
[2025-01-30T04:25:46.748+0000] {subprocess.py:106} INFO -   (Session info: chrome=132.0.6834.110)
[2025-01-30T04:25:46.749+0000] {subprocess.py:106} INFO - Stacktrace:
[2025-01-30T04:25:46.750+0000] {subprocess.py:106} INFO - #0 0x55b991260dca <unknown>
[2025-01-30T04:25:46.750+0000] {subprocess.py:106} INFO - #1 0x55b990d5724d <unknown>
[2025-01-30T04:25:46.751+0000] {subprocess.py:106} INFO - #2 0x55b990da82d9 <unknown>
[2025-01-30T04:25:46.752+0000] {subprocess.py:106} INFO - #3 0x55b990d9b2bd <unknown>
[2025-01-30T04:25:46.752+0000] {subprocess.py:106} INFO - #4 0x55b990dcba92 <unknown>
[2025-01-30T04:25:46.753+0000] {subprocess.py:106} INFO - #5 0x55b990d9ac48 <unknown>
[2025-01-30T04:25:46.753+0000] {subprocess.py:106} INFO - #6 0x55b990dcbc5e <unknown>
[2025-01-30T04:25:46.754+0000] {subprocess.py:106} INFO - #7 0x55b990dea4b3 <unknown>
[2025-01-30T04:25:46.754+0000] {subprocess.py:106} INFO - #8 0x55b990dcb833 <unknown>
[2025-01-30T04:25:46.755+0000] {subprocess.py:106} INFO - #9 0x55b990d985a0 <unknown>
[2025-01-30T04:25:46.755+0000] {subprocess.py:106} INFO - #10 0x55b990d99ece <unknown>
[2025-01-30T04:25:46.756+0000] {subprocess.py:106} INFO - #11 0x55b99122abdb <unknown>
[2025-01-30T04:25:46.756+0000] {subprocess.py:106} INFO - #12 0x55b99122eb67 <unknown>
[2025-01-30T04:25:46.757+0000] {subprocess.py:106} INFO - #13 0x55b9912163bc <unknown>
[2025-01-30T04:25:46.757+0000] {subprocess.py:106} INFO - #14 0x55b99122f727 <unknown>
[2025-01-30T04:25:46.758+0000] {subprocess.py:106} INFO - #15 0x55b9911fa74f <unknown>
[2025-01-30T04:25:46.759+0000] {subprocess.py:106} INFO - #16 0x55b99124f938 <unknown>
[2025-01-30T04:25:46.759+0000] {subprocess.py:106} INFO - #17 0x55b99124fb00 <unknown>
[2025-01-30T04:25:46.760+0000] {subprocess.py:106} INFO - #18 0x55b99125fc46 <unknown>
[2025-01-30T04:25:46.760+0000] {subprocess.py:106} INFO - #19 0x7f6b70815a94 <unknown>
[2025-01-30T04:25:46.761+0000] {subprocess.py:106} INFO - #20 0x7f6b708a2c3c <unknown>
[2025-01-30T04:25:46.761+0000] {subprocess.py:106} INFO - 
[2025-01-30T04:25:46.762+0000] {subprocess.py:106} INFO - 
[2025-01-30T04:25:46.762+0000] {subprocess.py:106} INFO - Traceback (most recent call last):
[2025-01-30T04:25:46.763+0000] {subprocess.py:106} INFO -   File "/opt/***/scripts/bot_reporte_como_vamos.py", line 173, in <module>
[2025-01-30T04:25:46.764+0000] {subprocess.py:106} INFO -     main()
[2025-01-30T04:25:46.764+0000] {subprocess.py:106} INFO -   File "/opt/***/scripts/bot_reporte_como_vamos.py", line 137, in main
[2025-01-30T04:25:46.765+0000] {subprocess.py:106} INFO -     reporte_como_vamos.click()
[2025-01-30T04:25:46.765+0000] {subprocess.py:106} INFO -   File "/home/***/.local/lib/python3.12/site-packages/selenium/webdriver/remote/webelement.py", line 119, in click
[2025-01-30T04:25:46.766+0000] {subprocess.py:106} INFO -     self._execute(Command.CLICK_ELEMENT)
[2025-01-30T04:25:46.766+0000] {subprocess.py:106} INFO -   File "/home/***/.local/lib/python3.12/site-packages/selenium/webdriver/remote/webelement.py", line 570, in _execute
[2025-01-30T04:25:46.767+0000] {subprocess.py:106} INFO -     return self._parent.execute(command, params)
[2025-01-30T04:25:46.767+0000] {subprocess.py:106} INFO -            ^^^^^^^^^^^^^^^^^^^^^^^^^^^^^^^^^^^^^
[2025-01-30T04:25:46.768+0000] {subprocess.py:106} INFO -   File "/home/***/.local/lib/python3.12/site-packages/selenium/webdriver/remote/webdriver.py", line 429, in execute
[2025-01-30T04:25:46.769+0000] {subprocess.py:106} INFO -     self.error_handler.check_response(response)
[2025-01-30T04:25:46.769+0000] {subprocess.py:106} INFO -   File "/home/***/.local/lib/python3.12/site-packages/selenium/webdriver/remote/errorhandler.py", line 232, in check_response
[2025-01-30T04:25:46.770+0000] {subprocess.py:106} INFO -     raise exception_class(message, screen, stacktrace)
[2025-01-30T04:25:46.770+0000] {subprocess.py:106} INFO - selenium.common.exceptions.ElementNotInteractableException: Message: element not interactable
[2025-01-30T04:25:46.771+0000] {subprocess.py:106} INFO -   (Session info: chrome=132.0.6834.110)
[2025-01-30T04:25:46.771+0000] {subprocess.py:106} INFO - Stacktrace:
[2025-01-30T04:25:46.772+0000] {subprocess.py:106} INFO - #0 0x55b991260dca <unknown>
[2025-01-30T04:25:46.772+0000] {subprocess.py:106} INFO - #1 0x55b990d5724d <unknown>
[2025-01-30T04:25:46.773+0000] {subprocess.py:106} INFO - #2 0x55b990da82d9 <unknown>
[2025-01-30T04:25:46.773+0000] {subprocess.py:106} INFO - #3 0x55b990d9b2bd <unknown>
[2025-01-30T04:25:46.774+0000] {subprocess.py:106} INFO - #4 0x55b990dcba92 <unknown>
[2025-01-30T04:25:46.775+0000] {subprocess.py:106} INFO - #5 0x55b990d9ac48 <unknown>
[2025-01-30T04:25:46.775+0000] {subprocess.py:106} INFO - #6 0x55b990dcbc5e <unknown>
[2025-01-30T04:25:46.776+0000] {subprocess.py:106} INFO - #7 0x55b990dea4b3 <unknown>
[2025-01-30T04:25:46.776+0000] {subprocess.py:106} INFO - #8 0x55b990dcb833 <unknown>
[2025-01-30T04:25:46.777+0000] {subprocess.py:106} INFO - #9 0x55b990d985a0 <unknown>
[2025-01-30T04:25:46.778+0000] {subprocess.py:106} INFO - #10 0x55b990d99ece <unknown>
[2025-01-30T04:25:46.778+0000] {subprocess.py:106} INFO - #11 0x55b99122abdb <unknown>
[2025-01-30T04:25:46.779+0000] {subprocess.py:106} INFO - #12 0x55b99122eb67 <unknown>
[2025-01-30T04:25:46.779+0000] {subprocess.py:106} INFO - #13 0x55b9912163bc <unknown>
[2025-01-30T04:25:46.780+0000] {subprocess.py:106} INFO - #14 0x55b99122f727 <unknown>
[2025-01-30T04:25:46.780+0000] {subprocess.py:106} INFO - #15 0x55b9911fa74f <unknown>
[2025-01-30T04:25:46.781+0000] {subprocess.py:106} INFO - #16 0x55b99124f938 <unknown>
[2025-01-30T04:25:46.782+0000] {subprocess.py:106} INFO - #17 0x55b99124fb00 <unknown>
[2025-01-30T04:25:46.782+0000] {subprocess.py:106} INFO - #18 0x55b99125fc46 <unknown>
[2025-01-30T04:25:46.783+0000] {subprocess.py:106} INFO - #19 0x7f6b70815a94 <unknown>
[2025-01-30T04:25:46.783+0000] {subprocess.py:106} INFO - #20 0x7f6b708a2c3c <unknown>
[2025-01-30T04:25:46.784+0000] {subprocess.py:106} INFO - 
[2025-01-30T04:25:46.890+0000] {subprocess.py:110} INFO - Command exited with return code 1
[2025-01-30T04:25:46.903+0000] {taskinstance.py:3311} ERROR - Task failed with exception
Traceback (most recent call last):
  File "/home/airflow/.local/lib/python3.12/site-packages/airflow/models/taskinstance.py", line 767, in _execute_task
    result = _execute_callable(context=context, **execute_callable_kwargs)
             ^^^^^^^^^^^^^^^^^^^^^^^^^^^^^^^^^^^^^^^^^^^^^^^^^^^^^^^^^^^^^
  File "/home/airflow/.local/lib/python3.12/site-packages/airflow/models/taskinstance.py", line 733, in _execute_callable
    return ExecutionCallableRunner(
           ^^^^^^^^^^^^^^^^^^^^^^^^
  File "/home/airflow/.local/lib/python3.12/site-packages/airflow/utils/operator_helpers.py", line 252, in run
    return self.func(*args, **kwargs)
           ^^^^^^^^^^^^^^^^^^^^^^^^^^
  File "/home/airflow/.local/lib/python3.12/site-packages/airflow/models/baseoperator.py", line 422, in wrapper
    return func(self, *args, **kwargs)
           ^^^^^^^^^^^^^^^^^^^^^^^^^^^
  File "/home/airflow/.local/lib/python3.12/site-packages/airflow/operators/bash.py", line 276, in execute
    raise AirflowException(
airflow.exceptions.AirflowException: Bash command failed. The command returned a non-zero exit code 1.
[2025-01-30T04:25:46.910+0000] {taskinstance.py:1225} INFO - Marking task as FAILED. dag_id=etl_reporte_como_vamos, task_id=task_bot_como_vamos, run_id=manual__2025-01-30T04:24:23.344730+00:00, execution_date=20250130T042423, start_date=20250130T042426, end_date=20250130T042546
[2025-01-30T04:25:46.928+0000] {taskinstance.py:340} INFO - ::group::Post task execution logs
[2025-01-30T04:25:46.929+0000] {standard_task_runner.py:124} ERROR - Failed to execute job 33 for task task_bot_como_vamos (Bash command failed. The command returned a non-zero exit code 1.; 3130)
Traceback (most recent call last):
  File "/home/airflow/.local/lib/python3.12/site-packages/airflow/task/task_runner/standard_task_runner.py", line 117, in _start_by_fork
    ret = args.func(args, dag=self.dag)
          ^^^^^^^^^^^^^^^^^^^^^^^^^^^^^
  File "/home/airflow/.local/lib/python3.12/site-packages/airflow/cli/cli_config.py", line 49, in command
    return func(*args, **kwargs)
           ^^^^^^^^^^^^^^^^^^^^^
  File "/home/airflow/.local/lib/python3.12/site-packages/airflow/utils/cli.py", line 116, in wrapper
    return f(*args, **kwargs)
           ^^^^^^^^^^^^^^^^^^
  File "/home/airflow/.local/lib/python3.12/site-packages/airflow/cli/commands/task_command.py", line 483, in task_run
    task_return_code = _run_task_by_selected_method(args, _dag, ti)
                       ^^^^^^^^^^^^^^^^^^^^^^^^^^^^^^^^^^^^^^^^^^^^
  File "/home/airflow/.local/lib/python3.12/site-packages/airflow/cli/commands/task_command.py", line 256, in _run_task_by_selected_method
    return _run_raw_task(args, ti)
           ^^^^^^^^^^^^^^^^^^^^^^^
  File "/home/airflow/.local/lib/python3.12/site-packages/airflow/cli/commands/task_command.py", line 341, in _run_raw_task
    return ti._run_raw_task(
           ^^^^^^^^^^^^^^^^^
  File "/home/airflow/.local/lib/python3.12/site-packages/airflow/utils/session.py", line 97, in wrapper
    return func(*args, session=session, **kwargs)
           ^^^^^^^^^^^^^^^^^^^^^^^^^^^^^^^^^^^^^^
  File "/home/airflow/.local/lib/python3.12/site-packages/airflow/models/taskinstance.py", line 3005, in _run_raw_task
    return _run_raw_task(
           ^^^^^^^^^^^^^^
  File "/home/airflow/.local/lib/python3.12/site-packages/airflow/models/taskinstance.py", line 273, in _run_raw_task
    TaskInstance._execute_task_with_callbacks(
  File "/home/airflow/.local/lib/python3.12/site-packages/airflow/models/taskinstance.py", line 3159, in _execute_task_with_callbacks
    result = self._execute_task(context, task_orig)
             ^^^^^^^^^^^^^^^^^^^^^^^^^^^^^^^^^^^^^^
  File "/home/airflow/.local/lib/python3.12/site-packages/airflow/models/taskinstance.py", line 3183, in _execute_task
    return _execute_task(self, context, task_orig)
           ^^^^^^^^^^^^^^^^^^^^^^^^^^^^^^^^^^^^^^^
  File "/home/airflow/.local/lib/python3.12/site-packages/airflow/models/taskinstance.py", line 767, in _execute_task
    result = _execute_callable(context=context, **execute_callable_kwargs)
             ^^^^^^^^^^^^^^^^^^^^^^^^^^^^^^^^^^^^^^^^^^^^^^^^^^^^^^^^^^^^^
  File "/home/airflow/.local/lib/python3.12/site-packages/airflow/models/taskinstance.py", line 733, in _execute_callable
    return ExecutionCallableRunner(
           ^^^^^^^^^^^^^^^^^^^^^^^^
  File "/home/airflow/.local/lib/python3.12/site-packages/airflow/utils/operator_helpers.py", line 252, in run
    return self.func(*args, **kwargs)
           ^^^^^^^^^^^^^^^^^^^^^^^^^^
  File "/home/airflow/.local/lib/python3.12/site-packages/airflow/models/baseoperator.py", line 422, in wrapper
    return func(self, *args, **kwargs)
           ^^^^^^^^^^^^^^^^^^^^^^^^^^^
  File "/home/airflow/.local/lib/python3.12/site-packages/airflow/operators/bash.py", line 276, in execute
    raise AirflowException(
airflow.exceptions.AirflowException: Bash command failed. The command returned a non-zero exit code 1.
[2025-01-30T04:25:46.949+0000] {local_task_job_runner.py:266} INFO - Task exited with return code 1
[2025-01-30T04:25:46.972+0000] {taskinstance.py:3895} INFO - 0 downstream tasks scheduled from follow-on schedule check
[2025-01-30T04:25:46.978+0000] {local_task_job_runner.py:245} INFO - ::endgroup::
