[2025-01-30T06:09:54.875+0000] {local_task_job_runner.py:123} INFO - ::group::Pre task execution logs
[2025-01-30T06:09:54.977+0000] {taskinstance.py:2613} INFO - Dependencies all met for dep_context=non-requeueable deps ti=<TaskInstance: etl_reporte_como_vamos.task_bot_como_vamos manual__2025-01-30T06:09:46.595836+00:00 [queued]>
[2025-01-30T06:09:55.007+0000] {taskinstance.py:2613} INFO - Dependencies all met for dep_context=requeueable deps ti=<TaskInstance: etl_reporte_como_vamos.task_bot_como_vamos manual__2025-01-30T06:09:46.595836+00:00 [queued]>
[2025-01-30T06:09:55.009+0000] {taskinstance.py:2866} INFO - Starting attempt 1 of 1
[2025-01-30T06:09:55.057+0000] {taskinstance.py:2889} INFO - Executing <Task(BashOperator): task_bot_como_vamos> on 2025-01-30 06:09:46.595836+00:00
[2025-01-30T06:09:55.070+0000] {warnings.py:112} WARNING - /home/***/.local/lib/python3.12/site-packages/***/task/task_runner/standard_task_runner.py:70: DeprecationWarning: This process (pid=94) is multi-threaded, use of fork() may lead to deadlocks in the child.
  pid = os.fork()

[2025-01-30T06:09:55.076+0000] {standard_task_runner.py:72} INFO - Started process 95 to run task
[2025-01-30T06:09:55.078+0000] {standard_task_runner.py:104} INFO - Running: ['***', 'tasks', 'run', 'etl_reporte_como_vamos', 'task_bot_como_vamos', 'manual__2025-01-30T06:09:46.595836+00:00', '--job-id', '2', '--raw', '--subdir', 'DAGS_FOLDER/etl_como_vamos_dag.py', '--cfg-path', '/tmp/tmpvbiva5p8']
[2025-01-30T06:09:55.090+0000] {standard_task_runner.py:105} INFO - Job 2: Subtask task_bot_como_vamos
[2025-01-30T06:09:55.254+0000] {task_command.py:467} INFO - Running <TaskInstance: etl_reporte_como_vamos.task_bot_como_vamos manual__2025-01-30T06:09:46.595836+00:00 [running]> on host 8ac7d1d94d35
[2025-01-30T06:09:55.440+0000] {taskinstance.py:3132} INFO - Exporting env vars: AIRFLOW_CTX_DAG_OWNER='***' AIRFLOW_CTX_DAG_ID='etl_reporte_como_vamos' AIRFLOW_CTX_TASK_ID='task_bot_como_vamos' AIRFLOW_CTX_EXECUTION_DATE='2025-01-30T06:09:46.595836+00:00' AIRFLOW_CTX_TRY_NUMBER='1' AIRFLOW_CTX_DAG_RUN_ID='manual__2025-01-30T06:09:46.595836+00:00'
[2025-01-30T06:09:55.442+0000] {taskinstance.py:731} INFO - ::endgroup::
[2025-01-30T06:09:55.510+0000] {subprocess.py:78} INFO - Tmp dir root location: /tmp
[2025-01-30T06:09:55.512+0000] {subprocess.py:88} INFO - Running command: ['/usr/bin/bash', '-c', 'python /opt/***/scripts/bot_reporte_como_vamos.py']
[2025-01-30T06:09:55.529+0000] {subprocess.py:99} INFO - Output:
[2025-01-30T06:10:02.177+0000] {subprocess.py:106} INFO - ic| start_date: '01/01/2025', end_date: '30/01/2025'
[2025-01-30T06:10:02.178+0000] {subprocess.py:106} INFO - 2025-01-30 06:10:02,177 - bot_como_vamos - INFO - Starting script bot_como_vamos.py
[2025-01-30T06:10:03.657+0000] {subprocess.py:106} INFO - 2025-01-30 06:10:03,657 - bot_como_vamos - INFO - Conexión al Selenium Hub establecida correctamente
[2025-01-30T06:10:35.576+0000] {subprocess.py:106} INFO - ic| login_success: <selenium.webdriver.remote.webelement.WebElement (session="581c67a889bc049f2201cc99906fe509", element="f.E8DA4F547A9079A8D2BCA525644FEEC9.d.EDD7E0D16D757A3828BEAD7DFDF41A16.e.76")>
[2025-01-30T06:10:35.576+0000] {subprocess.py:106} INFO - 2025-01-30 06:10:35,575 - bot_como_vamos - INFO - Loging success
[2025-01-30T06:10:45.707+0000] {subprocess.py:106} INFO - 2025-01-30 06:10:45,707 - bot_como_vamos - INFO - Click in menu button successfully
[2025-01-30T06:10:56.012+0000] {subprocess.py:106} INFO - 2025-01-30 06:10:56,011 - bot_como_vamos - INFO - Input dates successfully
[2025-01-30T06:11:07.022+0000] {subprocess.py:106} INFO - 2025-01-30 06:11:07,022 - bot_como_vamos - INFO - Click in 'Empresas Y Negocios' successfully
[2025-01-30T06:11:17.323+0000] {subprocess.py:106} INFO - 2025-01-30 06:11:17,317 - bot_como_vamos - ERROR - Execution error bot_reporte_como_vamos.py:
[2025-01-30T06:11:17.326+0000] {subprocess.py:106} INFO - ***Error type:*** ElementNotInteractableException
[2025-01-30T06:11:17.338+0000] {subprocess.py:106} INFO - ***Error message:*** Message: element not interactable
[2025-01-30T06:11:17.340+0000] {subprocess.py:106} INFO -   (Session info: chrome=132.0.6834.110)
[2025-01-30T06:11:17.349+0000] {subprocess.py:106} INFO - Stacktrace:
[2025-01-30T06:11:17.354+0000] {subprocess.py:106} INFO - #0 0x559601afedca <unknown>
[2025-01-30T06:11:17.364+0000] {subprocess.py:106} INFO - #1 0x5596015f524d <unknown>
[2025-01-30T06:11:17.369+0000] {subprocess.py:106} INFO - #2 0x5596016462d9 <unknown>
[2025-01-30T06:11:17.382+0000] {subprocess.py:106} INFO - #3 0x5596016392bd <unknown>
[2025-01-30T06:11:17.394+0000] {subprocess.py:106} INFO - #4 0x559601669a92 <unknown>
[2025-01-30T06:11:17.409+0000] {subprocess.py:106} INFO - #5 0x559601638c48 <unknown>
[2025-01-30T06:11:17.417+0000] {subprocess.py:106} INFO - #6 0x559601669c5e <unknown>
[2025-01-30T06:11:17.424+0000] {subprocess.py:106} INFO - #7 0x5596016884b3 <unknown>
[2025-01-30T06:11:17.430+0000] {subprocess.py:106} INFO - #8 0x559601669833 <unknown>
[2025-01-30T06:11:17.436+0000] {subprocess.py:106} INFO - #9 0x5596016365a0 <unknown>
[2025-01-30T06:11:17.449+0000] {subprocess.py:106} INFO - #10 0x559601637ece <unknown>
[2025-01-30T06:11:17.465+0000] {subprocess.py:106} INFO - #11 0x559601ac8bdb <unknown>
[2025-01-30T06:11:17.473+0000] {subprocess.py:106} INFO - #12 0x559601accb67 <unknown>
[2025-01-30T06:11:17.483+0000] {subprocess.py:106} INFO - #13 0x559601ab43bc <unknown>
[2025-01-30T06:11:17.489+0000] {subprocess.py:106} INFO - #14 0x559601acd727 <unknown>
[2025-01-30T06:11:17.492+0000] {subprocess.py:106} INFO - #15 0x559601a9874f <unknown>
[2025-01-30T06:11:17.494+0000] {subprocess.py:106} INFO - #16 0x559601aed938 <unknown>
[2025-01-30T06:11:17.501+0000] {subprocess.py:106} INFO - #17 0x559601aedb00 <unknown>
[2025-01-30T06:11:17.505+0000] {subprocess.py:106} INFO - #18 0x559601afdc46 <unknown>
[2025-01-30T06:11:17.507+0000] {subprocess.py:106} INFO - #19 0x7f3406f7ea94 <unknown>
[2025-01-30T06:11:17.512+0000] {subprocess.py:106} INFO - #20 0x7f340700bc3c <unknown>
[2025-01-30T06:11:17.521+0000] {subprocess.py:106} INFO - 
[2025-01-30T06:11:17.526+0000] {subprocess.py:106} INFO - ***Full Traceback:*** Traceback (most recent call last):
[2025-01-30T06:11:17.533+0000] {subprocess.py:106} INFO -   File "/opt/***/scripts/bot_reporte_como_vamos.py", line 137, in main
[2025-01-30T06:11:17.542+0000] {subprocess.py:106} INFO -     reporte_como_vamos.click()
[2025-01-30T06:11:17.545+0000] {subprocess.py:106} INFO -   File "/home/***/.local/lib/python3.12/site-packages/selenium/webdriver/remote/webelement.py", line 119, in click
[2025-01-30T06:11:17.549+0000] {subprocess.py:106} INFO -     self._execute(Command.CLICK_ELEMENT)
[2025-01-30T06:11:17.552+0000] {subprocess.py:106} INFO -   File "/home/***/.local/lib/python3.12/site-packages/selenium/webdriver/remote/webelement.py", line 570, in _execute
[2025-01-30T06:11:17.554+0000] {subprocess.py:106} INFO -     return self._parent.execute(command, params)
[2025-01-30T06:11:17.558+0000] {subprocess.py:106} INFO -            ^^^^^^^^^^^^^^^^^^^^^^^^^^^^^^^^^^^^^
[2025-01-30T06:11:17.563+0000] {subprocess.py:106} INFO -   File "/home/***/.local/lib/python3.12/site-packages/selenium/webdriver/remote/webdriver.py", line 429, in execute
[2025-01-30T06:11:17.573+0000] {subprocess.py:106} INFO -     self.error_handler.check_response(response)
[2025-01-30T06:11:17.578+0000] {subprocess.py:106} INFO -   File "/home/***/.local/lib/python3.12/site-packages/selenium/webdriver/remote/errorhandler.py", line 232, in check_response
[2025-01-30T06:11:17.581+0000] {subprocess.py:106} INFO -     raise exception_class(message, screen, stacktrace)
[2025-01-30T06:11:17.587+0000] {subprocess.py:106} INFO - selenium.common.exceptions.ElementNotInteractableException: Message: element not interactable
[2025-01-30T06:11:17.589+0000] {subprocess.py:106} INFO -   (Session info: chrome=132.0.6834.110)
[2025-01-30T06:11:17.591+0000] {subprocess.py:106} INFO - Stacktrace:
[2025-01-30T06:11:17.593+0000] {subprocess.py:106} INFO - #0 0x559601afedca <unknown>
[2025-01-30T06:11:17.596+0000] {subprocess.py:106} INFO - #1 0x5596015f524d <unknown>
[2025-01-30T06:11:17.599+0000] {subprocess.py:106} INFO - #2 0x5596016462d9 <unknown>
[2025-01-30T06:11:17.601+0000] {subprocess.py:106} INFO - #3 0x5596016392bd <unknown>
[2025-01-30T06:11:17.603+0000] {subprocess.py:106} INFO - #4 0x559601669a92 <unknown>
[2025-01-30T06:11:17.605+0000] {subprocess.py:106} INFO - #5 0x559601638c48 <unknown>
[2025-01-30T06:11:17.618+0000] {subprocess.py:106} INFO - #6 0x559601669c5e <unknown>
[2025-01-30T06:11:17.620+0000] {subprocess.py:106} INFO - #7 0x5596016884b3 <unknown>
[2025-01-30T06:11:17.632+0000] {subprocess.py:106} INFO - #8 0x559601669833 <unknown>
[2025-01-30T06:11:17.636+0000] {subprocess.py:106} INFO - #9 0x5596016365a0 <unknown>
[2025-01-30T06:11:17.638+0000] {subprocess.py:106} INFO - #10 0x559601637ece <unknown>
[2025-01-30T06:11:17.642+0000] {subprocess.py:106} INFO - #11 0x559601ac8bdb <unknown>
[2025-01-30T06:11:17.644+0000] {subprocess.py:106} INFO - #12 0x559601accb67 <unknown>
[2025-01-30T06:11:17.646+0000] {subprocess.py:106} INFO - #13 0x559601ab43bc <unknown>
[2025-01-30T06:11:17.652+0000] {subprocess.py:106} INFO - #14 0x559601acd727 <unknown>
[2025-01-30T06:11:17.654+0000] {subprocess.py:106} INFO - #15 0x559601a9874f <unknown>
[2025-01-30T06:11:17.656+0000] {subprocess.py:106} INFO - #16 0x559601aed938 <unknown>
[2025-01-30T06:11:17.657+0000] {subprocess.py:106} INFO - #17 0x559601aedb00 <unknown>
[2025-01-30T06:11:17.660+0000] {subprocess.py:106} INFO - #18 0x559601afdc46 <unknown>
[2025-01-30T06:11:17.671+0000] {subprocess.py:106} INFO - #19 0x7f3406f7ea94 <unknown>
[2025-01-30T06:11:17.675+0000] {subprocess.py:106} INFO - #20 0x7f340700bc3c <unknown>
[2025-01-30T06:11:17.677+0000] {subprocess.py:106} INFO - 
[2025-01-30T06:11:17.689+0000] {subprocess.py:106} INFO - 
[2025-01-30T06:11:17.715+0000] {subprocess.py:106} INFO - Traceback (most recent call last):
[2025-01-30T06:11:17.729+0000] {subprocess.py:106} INFO -   File "/opt/***/scripts/bot_reporte_como_vamos.py", line 173, in <module>
[2025-01-30T06:11:17.756+0000] {subprocess.py:106} INFO -     main()
[2025-01-30T06:11:17.759+0000] {subprocess.py:106} INFO -   File "/opt/***/scripts/bot_reporte_como_vamos.py", line 137, in main
[2025-01-30T06:11:17.761+0000] {subprocess.py:106} INFO -     reporte_como_vamos.click()
[2025-01-30T06:11:17.763+0000] {subprocess.py:106} INFO -   File "/home/***/.local/lib/python3.12/site-packages/selenium/webdriver/remote/webelement.py", line 119, in click
[2025-01-30T06:11:17.765+0000] {subprocess.py:106} INFO -     self._execute(Command.CLICK_ELEMENT)
[2025-01-30T06:11:17.768+0000] {subprocess.py:106} INFO -   File "/home/***/.local/lib/python3.12/site-packages/selenium/webdriver/remote/webelement.py", line 570, in _execute
[2025-01-30T06:11:17.770+0000] {subprocess.py:106} INFO -     return self._parent.execute(command, params)
[2025-01-30T06:11:17.773+0000] {subprocess.py:106} INFO -            ^^^^^^^^^^^^^^^^^^^^^^^^^^^^^^^^^^^^^
[2025-01-30T06:11:17.774+0000] {subprocess.py:106} INFO -   File "/home/***/.local/lib/python3.12/site-packages/selenium/webdriver/remote/webdriver.py", line 429, in execute
[2025-01-30T06:11:17.783+0000] {subprocess.py:106} INFO -     self.error_handler.check_response(response)
[2025-01-30T06:11:17.784+0000] {subprocess.py:106} INFO -   File "/home/***/.local/lib/python3.12/site-packages/selenium/webdriver/remote/errorhandler.py", line 232, in check_response
[2025-01-30T06:11:17.786+0000] {subprocess.py:106} INFO -     raise exception_class(message, screen, stacktrace)
[2025-01-30T06:11:17.798+0000] {subprocess.py:106} INFO - selenium.common.exceptions.ElementNotInteractableException: Message: element not interactable
[2025-01-30T06:11:17.801+0000] {subprocess.py:106} INFO -   (Session info: chrome=132.0.6834.110)
[2025-01-30T06:11:17.813+0000] {subprocess.py:106} INFO - Stacktrace:
[2025-01-30T06:11:17.817+0000] {subprocess.py:106} INFO - #0 0x559601afedca <unknown>
[2025-01-30T06:11:17.834+0000] {subprocess.py:106} INFO - #1 0x5596015f524d <unknown>
[2025-01-30T06:11:17.845+0000] {subprocess.py:106} INFO - #2 0x5596016462d9 <unknown>
[2025-01-30T06:11:17.849+0000] {subprocess.py:106} INFO - #3 0x5596016392bd <unknown>
[2025-01-30T06:11:17.853+0000] {subprocess.py:106} INFO - #4 0x559601669a92 <unknown>
[2025-01-30T06:11:17.860+0000] {subprocess.py:106} INFO - #5 0x559601638c48 <unknown>
[2025-01-30T06:11:17.865+0000] {subprocess.py:106} INFO - #6 0x559601669c5e <unknown>
[2025-01-30T06:11:17.867+0000] {subprocess.py:106} INFO - #7 0x5596016884b3 <unknown>
[2025-01-30T06:11:17.871+0000] {subprocess.py:106} INFO - #8 0x559601669833 <unknown>
[2025-01-30T06:11:17.885+0000] {subprocess.py:106} INFO - #9 0x5596016365a0 <unknown>
[2025-01-30T06:11:17.888+0000] {subprocess.py:106} INFO - #10 0x559601637ece <unknown>
[2025-01-30T06:11:17.911+0000] {subprocess.py:106} INFO - #11 0x559601ac8bdb <unknown>
[2025-01-30T06:11:17.918+0000] {subprocess.py:106} INFO - #12 0x559601accb67 <unknown>
[2025-01-30T06:11:17.925+0000] {subprocess.py:106} INFO - #13 0x559601ab43bc <unknown>
[2025-01-30T06:11:17.931+0000] {subprocess.py:106} INFO - #14 0x559601acd727 <unknown>
[2025-01-30T06:11:17.936+0000] {subprocess.py:106} INFO - #15 0x559601a9874f <unknown>
[2025-01-30T06:11:17.942+0000] {subprocess.py:106} INFO - #16 0x559601aed938 <unknown>
[2025-01-30T06:11:17.944+0000] {subprocess.py:106} INFO - #17 0x559601aedb00 <unknown>
[2025-01-30T06:11:17.948+0000] {subprocess.py:106} INFO - #18 0x559601afdc46 <unknown>
[2025-01-30T06:11:17.951+0000] {subprocess.py:106} INFO - #19 0x7f3406f7ea94 <unknown>
[2025-01-30T06:11:17.959+0000] {subprocess.py:106} INFO - #20 0x7f340700bc3c <unknown>
[2025-01-30T06:11:17.965+0000] {subprocess.py:106} INFO - 
[2025-01-30T06:11:19.008+0000] {subprocess.py:110} INFO - Command exited with return code 1
[2025-01-30T06:11:19.115+0000] {taskinstance.py:3311} ERROR - Task failed with exception
Traceback (most recent call last):
  File "/home/airflow/.local/lib/python3.12/site-packages/airflow/models/taskinstance.py", line 767, in _execute_task
    result = _execute_callable(context=context, **execute_callable_kwargs)
             ^^^^^^^^^^^^^^^^^^^^^^^^^^^^^^^^^^^^^^^^^^^^^^^^^^^^^^^^^^^^^
  File "/home/airflow/.local/lib/python3.12/site-packages/airflow/models/taskinstance.py", line 733, in _execute_callable
    return ExecutionCallableRunner(
           ^^^^^^^^^^^^^^^^^^^^^^^^
  File "/home/airflow/.local/lib/python3.12/site-packages/airflow/utils/operator_helpers.py", line 252, in run
    return self.func(*args, **kwargs)
           ^^^^^^^^^^^^^^^^^^^^^^^^^^
  File "/home/airflow/.local/lib/python3.12/site-packages/airflow/models/baseoperator.py", line 422, in wrapper
    return func(self, *args, **kwargs)
           ^^^^^^^^^^^^^^^^^^^^^^^^^^^
  File "/home/airflow/.local/lib/python3.12/site-packages/airflow/operators/bash.py", line 276, in execute
    raise AirflowException(
airflow.exceptions.AirflowException: Bash command failed. The command returned a non-zero exit code 1.
[2025-01-30T06:11:19.209+0000] {taskinstance.py:1225} INFO - Marking task as FAILED. dag_id=etl_reporte_como_vamos, task_id=task_bot_como_vamos, run_id=manual__2025-01-30T06:09:46.595836+00:00, execution_date=20250130T060946, start_date=20250130T060954, end_date=20250130T061119
[2025-01-30T06:11:19.320+0000] {taskinstance.py:340} INFO - ::group::Post task execution logs
[2025-01-30T06:11:19.326+0000] {standard_task_runner.py:124} ERROR - Failed to execute job 2 for task task_bot_como_vamos (Bash command failed. The command returned a non-zero exit code 1.; 95)
Traceback (most recent call last):
  File "/home/airflow/.local/lib/python3.12/site-packages/airflow/task/task_runner/standard_task_runner.py", line 117, in _start_by_fork
    ret = args.func(args, dag=self.dag)
          ^^^^^^^^^^^^^^^^^^^^^^^^^^^^^
  File "/home/airflow/.local/lib/python3.12/site-packages/airflow/cli/cli_config.py", line 49, in command
    return func(*args, **kwargs)
           ^^^^^^^^^^^^^^^^^^^^^
  File "/home/airflow/.local/lib/python3.12/site-packages/airflow/utils/cli.py", line 116, in wrapper
    return f(*args, **kwargs)
           ^^^^^^^^^^^^^^^^^^
  File "/home/airflow/.local/lib/python3.12/site-packages/airflow/cli/commands/task_command.py", line 483, in task_run
    task_return_code = _run_task_by_selected_method(args, _dag, ti)
                       ^^^^^^^^^^^^^^^^^^^^^^^^^^^^^^^^^^^^^^^^^^^^
  File "/home/airflow/.local/lib/python3.12/site-packages/airflow/cli/commands/task_command.py", line 256, in _run_task_by_selected_method
    return _run_raw_task(args, ti)
           ^^^^^^^^^^^^^^^^^^^^^^^
  File "/home/airflow/.local/lib/python3.12/site-packages/airflow/cli/commands/task_command.py", line 341, in _run_raw_task
    return ti._run_raw_task(
           ^^^^^^^^^^^^^^^^^
  File "/home/airflow/.local/lib/python3.12/site-packages/airflow/utils/session.py", line 97, in wrapper
    return func(*args, session=session, **kwargs)
           ^^^^^^^^^^^^^^^^^^^^^^^^^^^^^^^^^^^^^^
  File "/home/airflow/.local/lib/python3.12/site-packages/airflow/models/taskinstance.py", line 3005, in _run_raw_task
    return _run_raw_task(
           ^^^^^^^^^^^^^^
  File "/home/airflow/.local/lib/python3.12/site-packages/airflow/models/taskinstance.py", line 273, in _run_raw_task
    TaskInstance._execute_task_with_callbacks(
  File "/home/airflow/.local/lib/python3.12/site-packages/airflow/models/taskinstance.py", line 3159, in _execute_task_with_callbacks
    result = self._execute_task(context, task_orig)
             ^^^^^^^^^^^^^^^^^^^^^^^^^^^^^^^^^^^^^^
  File "/home/airflow/.local/lib/python3.12/site-packages/airflow/models/taskinstance.py", line 3183, in _execute_task
    return _execute_task(self, context, task_orig)
           ^^^^^^^^^^^^^^^^^^^^^^^^^^^^^^^^^^^^^^^
  File "/home/airflow/.local/lib/python3.12/site-packages/airflow/models/taskinstance.py", line 767, in _execute_task
    result = _execute_callable(context=context, **execute_callable_kwargs)
             ^^^^^^^^^^^^^^^^^^^^^^^^^^^^^^^^^^^^^^^^^^^^^^^^^^^^^^^^^^^^^
  File "/home/airflow/.local/lib/python3.12/site-packages/airflow/models/taskinstance.py", line 733, in _execute_callable
    return ExecutionCallableRunner(
           ^^^^^^^^^^^^^^^^^^^^^^^^
  File "/home/airflow/.local/lib/python3.12/site-packages/airflow/utils/operator_helpers.py", line 252, in run
    return self.func(*args, **kwargs)
           ^^^^^^^^^^^^^^^^^^^^^^^^^^
  File "/home/airflow/.local/lib/python3.12/site-packages/airflow/models/baseoperator.py", line 422, in wrapper
    return func(self, *args, **kwargs)
           ^^^^^^^^^^^^^^^^^^^^^^^^^^^
  File "/home/airflow/.local/lib/python3.12/site-packages/airflow/operators/bash.py", line 276, in execute
    raise AirflowException(
airflow.exceptions.AirflowException: Bash command failed. The command returned a non-zero exit code 1.
[2025-01-30T06:11:19.424+0000] {local_task_job_runner.py:266} INFO - Task exited with return code 1
[2025-01-30T06:11:19.618+0000] {taskinstance.py:3895} INFO - 0 downstream tasks scheduled from follow-on schedule check
[2025-01-30T06:11:19.671+0000] {local_task_job_runner.py:245} INFO - ::endgroup::
