[2025-02-11T06:32:13.465-0500] {local_task_job_runner.py:123} INFO - ::group::Pre task execution logs
[2025-02-11T06:32:13.489-0500] {taskinstance.py:2613} INFO - Dependencies all met for dep_context=non-requeueable deps ti=<TaskInstance: etl_reporte_como_vamos.etl_cdc scheduled__2025-02-10T11:30:00+00:00 [queued]>
[2025-02-11T06:32:13.499-0500] {taskinstance.py:2613} INFO - Dependencies all met for dep_context=requeueable deps ti=<TaskInstance: etl_reporte_como_vamos.etl_cdc scheduled__2025-02-10T11:30:00+00:00 [queued]>
[2025-02-11T06:32:13.501-0500] {taskinstance.py:2866} INFO - Starting attempt 1 of 4
[2025-02-11T06:32:13.519-0500] {taskinstance.py:2889} INFO - Executing <Task(BashOperator): etl_cdc> on 2025-02-10 11:30:00+00:00
[2025-02-11T06:32:13.525-0500] {warnings.py:112} WARNING - /home/***/.local/lib/python3.12/site-packages/***/task/task_runner/standard_task_runner.py:70: DeprecationWarning: This process (pid=7682) is multi-threaded, use of fork() may lead to deadlocks in the child.
  pid = os.fork()

[2025-02-11T06:32:13.527-0500] {standard_task_runner.py:72} INFO - Started process 7684 to run task
[2025-02-11T06:32:13.528-0500] {standard_task_runner.py:104} INFO - Running: ['***', 'tasks', 'run', 'etl_reporte_como_vamos', 'etl_cdc', 'scheduled__2025-02-10T11:30:00+00:00', '--job-id', '95', '--raw', '--subdir', 'DAGS_FOLDER/etl_como_vamos_dag.py', '--cfg-path', '/tmp/tmpcw_fvvwz']
[2025-02-11T06:32:13.530-0500] {standard_task_runner.py:105} INFO - Job 95: Subtask etl_cdc
[2025-02-11T06:32:13.580-0500] {task_command.py:467} INFO - Running <TaskInstance: etl_reporte_como_vamos.etl_cdc scheduled__2025-02-10T11:30:00+00:00 [running]> on host 21f1c1b48730
[2025-02-11T06:32:13.688-0500] {taskinstance.py:3132} INFO - Exporting env vars: AIRFLOW_CTX_DAG_OWNER='***' AIRFLOW_CTX_DAG_ID='etl_reporte_como_vamos' AIRFLOW_CTX_TASK_ID='etl_cdc' AIRFLOW_CTX_EXECUTION_DATE='2025-02-10T11:30:00+00:00' AIRFLOW_CTX_TRY_NUMBER='1' AIRFLOW_CTX_DAG_RUN_ID='scheduled__2025-02-10T11:30:00+00:00'
[2025-02-11T06:32:13.690-0500] {taskinstance.py:731} INFO - ::endgroup::
[2025-02-11T06:32:13.719-0500] {subprocess.py:78} INFO - Tmp dir root location: /tmp
[2025-02-11T06:32:13.720-0500] {subprocess.py:88} INFO - Running command: ['/usr/bin/bash', '-c', 'python /opt/***/scripts/etl_cdc.py']
[2025-02-11T06:32:13.733-0500] {subprocess.py:99} INFO - Output:
[2025-02-11T06:32:22.809-0500] {subprocess.py:106} INFO -      incrementador               nombre_cliente  ... duplicado motivo_duplicado
[2025-02-11T06:32:22.812-0500] {subprocess.py:106} INFO - 0            11214  COLOMBIANA DE COMERCIO S.A.  ...
[2025-02-11T06:32:22.813-0500] {subprocess.py:106} INFO - 1            11115  COLOMBIANA DE COMERCIO S.A.  ...
[2025-02-11T06:32:22.814-0500] {subprocess.py:106} INFO - 2            11116  COLOMBIANA DE COMERCIO S.A.  ...
[2025-02-11T06:32:22.814-0500] {subprocess.py:106} INFO - 3            11117  COLOMBIANA DE COMERCIO S.A.  ...
[2025-02-11T06:32:22.815-0500] {subprocess.py:106} INFO - 4            11118  COLOMBIANA DE COMERCIO S.A.  ...
[2025-02-11T06:32:22.815-0500] {subprocess.py:106} INFO - ..             ...                          ...  ...       ...              ...
[2025-02-11T06:32:22.816-0500] {subprocess.py:106} INFO - 265          11406  COLOMBIANA DE COMERCIO S.A.  ...
[2025-02-11T06:32:22.817-0500] {subprocess.py:106} INFO - 266          11407  COLOMBIANA DE COMERCIO S.A.  ...
[2025-02-11T06:32:22.817-0500] {subprocess.py:106} INFO - 267          11408  COLOMBIANA DE COMERCIO S.A.  ...
[2025-02-11T06:32:22.818-0500] {subprocess.py:106} INFO - 268          11409  COLOMBIANA DE COMERCIO S.A.  ...
[2025-02-11T06:32:22.818-0500] {subprocess.py:106} INFO - 269          11410  COLOMBIANA DE COMERCIO S.A.  ...
[2025-02-11T06:32:22.819-0500] {subprocess.py:106} INFO - 
[2025-02-11T06:32:22.819-0500] {subprocess.py:106} INFO - [270 rows x 60 columns]
[2025-02-11T06:32:22.820-0500] {subprocess.py:106} INFO -                  nombre_cliente    id_caso  ... duplicado motivo_duplicado
[2025-02-11T06:32:22.820-0500] {subprocess.py:106} INFO - 0   COLOMBIANA DE COMERCIO S.A.  IM3055757  ...
[2025-02-11T06:32:22.821-0500] {subprocess.py:106} INFO - 1   COLOMBIANA DE COMERCIO S.A.  IM3055214  ...
[2025-02-11T06:32:22.822-0500] {subprocess.py:106} INFO - 2   COLOMBIANA DE COMERCIO S.A.  IM3057493  ...
[2025-02-11T06:32:22.822-0500] {subprocess.py:106} INFO - 3   COLOMBIANA DE COMERCIO S.A.  RF1865104  ...
[2025-02-11T06:32:22.823-0500] {subprocess.py:106} INFO - 4   COLOMBIANA DE COMERCIO S.A.  RF1865094  ...
[2025-02-11T06:32:22.823-0500] {subprocess.py:106} INFO - 5   COLOMBIANA DE COMERCIO S.A.  RF1865089  ...
[2025-02-11T06:32:22.824-0500] {subprocess.py:106} INFO - 6   COLOMBIANA DE COMERCIO S.A.  RF1865080  ...
[2025-02-11T06:32:22.824-0500] {subprocess.py:106} INFO - 7   COLOMBIANA DE COMERCIO S.A.  RF1865101  ...
[2025-02-11T06:32:22.825-0500] {subprocess.py:106} INFO - 8   COLOMBIANA DE COMERCIO S.A.  RF1865105  ...
[2025-02-11T06:32:22.825-0500] {subprocess.py:106} INFO - 9   COLOMBIANA DE COMERCIO S.A.  IM3055581  ...
[2025-02-11T06:32:22.826-0500] {subprocess.py:106} INFO - 10  COLOMBIANA DE COMERCIO S.A.  RF1865120  ...
[2025-02-11T06:32:22.827-0500] {subprocess.py:106} INFO - 11  COLOMBIANA DE COMERCIO S.A.  RF1865060  ...
[2025-02-11T06:32:22.827-0500] {subprocess.py:106} INFO - 12  COLOMBIANA DE COMERCIO S.A.  RF1865050  ...
[2025-02-11T06:32:22.828-0500] {subprocess.py:106} INFO - 13  COLOMBIANA DE COMERCIO S.A.  RF1865045  ...
[2025-02-11T06:32:22.828-0500] {subprocess.py:106} INFO - 14  COLOMBIANA DE COMERCIO S.A.  RF1865036  ...
[2025-02-11T06:32:22.829-0500] {subprocess.py:106} INFO - 15  COLOMBIANA DE COMERCIO S.A.  RF1865006  ...
[2025-02-11T06:32:22.830-0500] {subprocess.py:106} INFO - 16  COLOMBIANA DE COMERCIO S.A.  RF1862250  ...
[2025-02-11T06:32:22.830-0500] {subprocess.py:106} INFO - 17  COLOMBIANA DE COMERCIO S.A.  RF1862231  ...
[2025-02-11T06:32:22.831-0500] {subprocess.py:106} INFO - 18  COLOMBIANA DE COMERCIO S.A.  RF1865064  ...
[2025-02-11T06:32:22.831-0500] {subprocess.py:106} INFO - 19  COLOMBIANA DE COMERCIO S.A.  RF1865072  ...
[2025-02-11T06:32:22.832-0500] {subprocess.py:106} INFO - 20  COLOMBIANA DE COMERCIO S.A.  RF1865115  ...
[2025-02-11T06:32:22.832-0500] {subprocess.py:106} INFO - 21  COLOMBIANA DE COMERCIO S.A.  RF1865110  ...
[2025-02-11T06:32:22.833-0500] {subprocess.py:106} INFO - 22  COLOMBIANA DE COMERCIO S.A.  RF1864745  ...
[2025-02-11T06:32:22.833-0500] {subprocess.py:106} INFO - 23  COLOMBIANA DE COMERCIO S.A.  RF1864692  ...
[2025-02-11T06:32:22.834-0500] {subprocess.py:106} INFO - 24  COLOMBIANA DE COMERCIO S.A.  IM3056913  ...
[2025-02-11T06:32:22.834-0500] {subprocess.py:106} INFO - 25  COLOMBIANA DE COMERCIO S.A.  RF1864753  ...
[2025-02-11T06:32:22.835-0500] {subprocess.py:106} INFO - 26  COLOMBIANA DE COMERCIO S.A.  RF1864836  ...
[2025-02-11T06:32:22.836-0500] {subprocess.py:106} INFO - 27  COLOMBIANA DE COMERCIO S.A.  RF1864536  ...
[2025-02-11T06:32:22.836-0500] {subprocess.py:106} INFO - 28  COLOMBIANA DE COMERCIO S.A.  RF1864522  ...
[2025-02-11T06:32:22.837-0500] {subprocess.py:106} INFO - 29  COLOMBIANA DE COMERCIO S.A.  RF1864520  ...
[2025-02-11T06:32:22.837-0500] {subprocess.py:106} INFO - 30  COLOMBIANA DE COMERCIO S.A.  RF1864545  ...
[2025-02-11T06:32:22.838-0500] {subprocess.py:106} INFO - 31  COLOMBIANA DE COMERCIO S.A.  RF1864515  ...
[2025-02-11T06:32:22.838-0500] {subprocess.py:106} INFO - 32  COLOMBIANA DE COMERCIO S.A.  RF1864514  ...
[2025-02-11T06:32:22.839-0500] {subprocess.py:106} INFO - 33  COLOMBIANA DE COMERCIO S.A.  RF1864513  ...
[2025-02-11T06:32:22.839-0500] {subprocess.py:106} INFO - 34  COLOMBIANA DE COMERCIO S.A.  RF1864512  ...
[2025-02-11T06:32:22.839-0500] {subprocess.py:106} INFO - 35  COLOMBIANA DE COMERCIO S.A.  RF1864521  ...
[2025-02-11T06:32:22.840-0500] {subprocess.py:106} INFO - 36  COLOMBIANA DE COMERCIO S.A.  RF1863195  ...
[2025-02-11T06:32:22.840-0500] {subprocess.py:106} INFO - 37  COLOMBIANA DE COMERCIO S.A.  RF1865264  ...
[2025-02-11T06:32:22.841-0500] {subprocess.py:106} INFO - 38  COLOMBIANA DE COMERCIO S.A.  RF1865263  ...
[2025-02-11T06:32:22.841-0500] {subprocess.py:106} INFO - 39  COLOMBIANA DE COMERCIO S.A.  RF1865259  ...
[2025-02-11T06:32:22.842-0500] {subprocess.py:106} INFO - 40  COLOMBIANA DE COMERCIO S.A.  RF1865266  ...
[2025-02-11T06:32:22.843-0500] {subprocess.py:106} INFO - 41  COLOMBIANA DE COMERCIO S.A.  RF1865122  ...
[2025-02-11T06:32:22.843-0500] {subprocess.py:106} INFO - 42  COLOMBIANA DE COMERCIO S.A.  RF1864783  ...
[2025-02-11T06:32:22.844-0500] {subprocess.py:106} INFO - 43  COLOMBIANA DE COMERCIO S.A.  RF1864767  ...
[2025-02-11T06:32:22.845-0500] {subprocess.py:106} INFO - 44  COLOMBIANA DE COMERCIO S.A.  RF1864809  ...
[2025-02-11T06:32:22.846-0500] {subprocess.py:106} INFO - 45  COLOMBIANA DE COMERCIO S.A.  IM3055757  ...
[2025-02-11T06:32:22.847-0500] {subprocess.py:106} INFO - 
[2025-02-11T06:32:22.848-0500] {subprocess.py:106} INFO - [46 rows x 59 columns]
[2025-02-11T06:32:22.849-0500] {subprocess.py:106} INFO - 6 40 0
[2025-02-11T06:32:22.849-0500] {subprocess.py:106} INFO - Incidentes Cargados:  6
[2025-02-11T06:32:22.850-0500] {subprocess.py:106} INFO - Requerimientos Cargados:  40
[2025-02-11T06:32:22.851-0500] {subprocess.py:106} INFO - Ejecucion Exitosa
[2025-02-11T06:32:22.985-0500] {subprocess.py:110} INFO - Command exited with return code 0
[2025-02-11T06:32:23.024-0500] {taskinstance.py:340} INFO - ::group::Post task execution logs
[2025-02-11T06:32:23.025-0500] {taskinstance.py:352} INFO - Marking task as SUCCESS. dag_id=etl_reporte_como_vamos, task_id=etl_cdc, run_id=scheduled__2025-02-10T11:30:00+00:00, execution_date=20250210T113000, start_date=20250211T113213, end_date=20250211T113223
[2025-02-11T06:32:23.085-0500] {local_task_job_runner.py:266} INFO - Task exited with return code 0
[2025-02-11T06:32:23.112-0500] {taskinstance.py:3895} INFO - 0 downstream tasks scheduled from follow-on schedule check
[2025-02-11T06:32:23.115-0500] {local_task_job_runner.py:245} INFO - ::endgroup::
