[2025-01-31T01:40:50.853+0000] {local_task_job_runner.py:123} INFO - ::group::Pre task execution logs
[2025-01-31T01:40:50.896+0000] {taskinstance.py:2613} INFO - Dependencies all met for dep_context=non-requeueable deps ti=<TaskInstance: etl_reporte_como_vamos.etl_ex_bbva manual__2025-01-31T01:40:48.135595+00:00 [queued]>
[2025-01-31T01:40:50.920+0000] {taskinstance.py:2613} INFO - Dependencies all met for dep_context=requeueable deps ti=<TaskInstance: etl_reporte_como_vamos.etl_ex_bbva manual__2025-01-31T01:40:48.135595+00:00 [queued]>
[2025-01-31T01:40:50.922+0000] {taskinstance.py:2866} INFO - Starting attempt 1 of 1
[2025-01-31T01:40:50.960+0000] {taskinstance.py:2889} INFO - Executing <Task(BashOperator): etl_ex_bbva> on 2025-01-31 01:40:48.135595+00:00
[2025-01-31T01:40:50.974+0000] {warnings.py:112} WARNING - /home/***/.local/lib/python3.12/site-packages/***/task/task_runner/standard_task_runner.py:70: DeprecationWarning: This process (pid=318) is multi-threaded, use of fork() may lead to deadlocks in the child.
  pid = os.fork()

[2025-01-31T01:40:50.981+0000] {standard_task_runner.py:72} INFO - Started process 319 to run task
[2025-01-31T01:40:50.980+0000] {standard_task_runner.py:104} INFO - Running: ['***', 'tasks', 'run', 'etl_reporte_como_vamos', 'etl_ex_bbva', 'manual__2025-01-31T01:40:48.135595+00:00', '--job-id', '38', '--raw', '--subdir', 'DAGS_FOLDER/etl_como_vamos_dag.py', '--cfg-path', '/tmp/tmpctp5fcs6']
[2025-01-31T01:40:50.983+0000] {standard_task_runner.py:105} INFO - Job 38: Subtask etl_ex_bbva
[2025-01-31T01:40:51.137+0000] {task_command.py:467} INFO - Running <TaskInstance: etl_reporte_como_vamos.etl_ex_bbva manual__2025-01-31T01:40:48.135595+00:00 [running]> on host 09b63ee6c6d0
[2025-01-31T01:40:51.403+0000] {taskinstance.py:3132} INFO - Exporting env vars: AIRFLOW_CTX_DAG_OWNER='***' AIRFLOW_CTX_DAG_ID='etl_reporte_como_vamos' AIRFLOW_CTX_TASK_ID='etl_ex_bbva' AIRFLOW_CTX_EXECUTION_DATE='2025-01-31T01:40:48.135595+00:00' AIRFLOW_CTX_TRY_NUMBER='1' AIRFLOW_CTX_DAG_RUN_ID='manual__2025-01-31T01:40:48.135595+00:00'
[2025-01-31T01:40:51.406+0000] {taskinstance.py:731} INFO - ::endgroup::
[2025-01-31T01:40:51.450+0000] {subprocess.py:78} INFO - Tmp dir root location: /tmp
[2025-01-31T01:40:51.453+0000] {subprocess.py:88} INFO - Running command: ['/usr/bin/bash', '-c', 'python /opt/***/scripts/etl_ex_bbva.py']
[2025-01-31T01:40:51.474+0000] {subprocess.py:99} INFO - Output:
[2025-01-31T01:40:58.864+0000] {subprocess.py:106} INFO - ic| params: {'database': 'calidad_etl',
[2025-01-31T01:40:58.866+0000] {subprocess.py:106} INFO -              'host': '172.29.33.204',
[2025-01-31T01:40:58.867+0000] {subprocess.py:106} INFO -              'password': 'calidad2021*',
[2025-01-31T01:40:58.868+0000] {subprocess.py:106} INFO -              'port': '3306',
[2025-01-31T01:40:58.870+0000] {subprocess.py:106} INFO -              'user': 'calidad_etl'}
[2025-01-31T01:40:58.920+0000] {subprocess.py:106} INFO - ic| params: {'database': 'calidad_etl',
[2025-01-31T01:40:58.922+0000] {subprocess.py:106} INFO -              'host': '172.29.33.204',
[2025-01-31T01:40:58.923+0000] {subprocess.py:106} INFO -              'password': 'calidad2021*',
[2025-01-31T01:40:58.924+0000] {subprocess.py:106} INFO -              'port': '3306',
[2025-01-31T01:40:58.925+0000] {subprocess.py:106} INFO -              'user': 'calidad_etl'}
[2025-01-31T01:40:59.162+0000] {subprocess.py:106} INFO - 2025-01-31 01:40:59,162 - assets - INFO - Engine para base de datos: calidad_etl creado exitosamente
[2025-01-31T01:40:59.169+0000] {subprocess.py:106} INFO - ic| fecha_inicio: datetime.date(2025, 1, 1)
[2025-01-31T01:40:59.171+0000] {subprocess.py:106} INFO -     fecha_fin: datetime.date(2025, 1, 31)
[2025-01-31T01:41:19.328+0000] {subprocess.py:106} INFO - 2025-01-31 01:41:19,326 - assets - INFO - SQL query succesfully executed
[2025-01-31T01:44:11.527+0000] {subprocess.py:106} INFO - 2025-01-31 01:44:11,526 - etl_ex_bbva - INFO - Reporte como_vamos.xlsx successfully load
[2025-01-31T01:44:11.733+0000] {subprocess.py:106} INFO - ic| df.columns: Index(['NIT', 'ID_CLIENTE_ONYX', 'NOMBRE_CLIENTE', 'ID_ATENCION_ONYX',
[2025-01-31T01:44:11.734+0000] {subprocess.py:106} INFO -                        'ATENCION', 'PRIORIDAD_ATENCION', 'ESTADO_ATENCION', 'ORIGEN_ATENCION',
[2025-01-31T01:44:11.736+0000] {subprocess.py:106} INFO -                        'DESCRIPCION', 'RESUMEN', 'RESOLUCION_1', 'RESOLUCION_2',
[2025-01-31T01:44:11.737+0000] {subprocess.py:106} INFO -                        'RESOLUCION_3', 'RESOLUCION_4', 'USUARIO_INSERTADO', 'GRUPO_INSERTADO',
[2025-01-31T01:44:11.738+0000] {subprocess.py:106} INFO -                        'USUARIO_ASIGNADO', 'GRUPO_ASIGNADO', 'USUARIO_SOLUCION',
[2025-01-31T01:44:11.739+0000] {subprocess.py:106} INFO -                        'GRUPO_SOLUCION', 'USUARIO_CERRADO', 'GRUPO_CERRADO', 'ID_ENLACE',
[2025-01-31T01:44:11.740+0000] {subprocess.py:106} INFO -                        'SERVICIO', 'PRODUCTO', 'FAMILIA', 'FECHA_CREACION',
[2025-01-31T01:44:11.741+0000] {subprocess.py:106} INFO -                        'FECHA_INGRESO_ESTADO', 'DT_AJUSTADO', 'MAYOR_INCIDENT',
[2025-01-31T01:44:11.742+0000] {subprocess.py:106} INFO -                        'GRUPO_OBJETIVO', 'SEGMENTO', 'CIUDAD', 'PALABRA_CLAVE',
[2025-01-31T01:44:11.743+0000] {subprocess.py:106} INFO -                        'NIT_SIN_COD_Calc', 'SISTEMA_Calc', 'Consecutivo_Calc',
[2025-01-31T01:44:11.744+0000] {subprocess.py:106} INFO -                        'Clasif_Por_Servicio_Calc', 'Clasif_Por_Cliente_Calc', 'SLA_Calc',
[2025-01-31T01:44:11.745+0000] {subprocess.py:106} INFO -                        'Reclasificacion_atencion_Calc', 'Tiempo_Horas_SLA_Calc',
[2025-01-31T01:44:11.747+0000] {subprocess.py:106} INFO -                        'Cumplimiento_Calc', 'Nueva_Prioridad_Calc', 'Meta_Individual_Calc',
[2025-01-31T01:44:11.748+0000] {subprocess.py:106} INFO -                        'Meta_Presidencia_Calc', 'Meta_IFI_Calc', '3G_Calc', 'TMX_Minutos_Calc',
[2025-01-31T01:44:11.749+0000] {subprocess.py:106} INFO -                        'TMX_Calc', 'Reincidencia_Calc', 'Recurrencia_Calc', 'RESPONSABILIDAD',
[2025-01-31T01:44:11.750+0000] {subprocess.py:106} INFO -                        'LLAVE_GENERAL_Calc', 'LLAVE_Reincidencia_Calc',
[2025-01-31T01:44:11.751+0000] {subprocess.py:106} INFO -                        'Reclasificacion_Reinc_Calc', 'FCR', 'Cluster_Actual_Calc',
[2025-01-31T01:44:11.753+0000] {subprocess.py:106} INFO -                        'Celula_Comercial_Calc', 'Clasif_Por_IVR_Calc', 'TIPO TICKET',
[2025-01-31T01:44:11.754+0000] {subprocess.py:106} INFO -                        'DT_CONCILIADO', 'CONTACTO DESTINO', 'TICKET_CARRIER', 'ALIAS ENLACE',
[2025-01-31T01:44:11.755+0000] {subprocess.py:106} INFO -                        'FECHA_SOLUCION', 'TIEMPO INCIDENTE', 'RANGO HORA', 'TICKET_MAXIMO',
[2025-01-31T01:44:11.756+0000] {subprocess.py:106} INFO -                        'REGIONAL', 'DIRECTOR', 'PN', 'G_SEGMENTO', 'G_Clasif_Por_IVR_Calc',
[2025-01-31T01:44:11.757+0000] {subprocess.py:106} INFO -                        'NODO', 'Agrupacion_Especiales', 'Interno / Externo', 'VENDOR',
[2025-01-31T01:44:11.759+0000] {subprocess.py:106} INFO -                        'Numero_CUN', 'TIPOSERVICIO', 'SUBTIPO', 'CASO RELACION', 'RELACION',
[2025-01-31T01:44:11.760+0000] {subprocess.py:106} INFO -                        'INICIO INTERRUPCION', 'FIN INTERRUPCION', 'DOWNTIME_VENDOR',
[2025-01-31T01:44:11.761+0000] {subprocess.py:106} INFO -                        'Autogestión', 'RESUELTO_SWAT', 'eyn_ofensor', 'eyn_problema',
[2025-01-31T01:44:11.762+0000] {subprocess.py:106} INFO -                        'eyn_causa'],
[2025-01-31T01:44:11.763+0000] {subprocess.py:106} INFO -                       dtype='object')
[2025-01-31T01:44:11.829+0000] {subprocess.py:106} INFO - ic| dataset.ID_ATENCION_ONYX: 0    RF1855899
[2025-01-31T01:44:11.830+0000] {subprocess.py:106} INFO -                               1    RF1854799
[2025-01-31T01:44:11.832+0000] {subprocess.py:106} INFO -                               2    RF1854782
[2025-01-31T01:44:11.833+0000] {subprocess.py:106} INFO -                               3    RF1854700
[2025-01-31T01:44:11.835+0000] {subprocess.py:106} INFO -                               4    RF1854764
[2025-01-31T01:44:11.836+0000] {subprocess.py:106} INFO -                               5    RF1854778
[2025-01-31T01:44:11.838+0000] {subprocess.py:106} INFO -                               6    IM2997975
[2025-01-31T01:44:11.839+0000] {subprocess.py:106} INFO -                               7    RF1854818
[2025-01-31T01:44:11.840+0000] {subprocess.py:106} INFO -                               8    RF1854839
[2025-01-31T01:44:11.842+0000] {subprocess.py:106} INFO -                               9    IM3009381
[2025-01-31T01:44:11.843+0000] {subprocess.py:106} INFO -                               Name: ID_ATENCION_ONYX, dtype: object
[2025-01-31T01:44:11.844+0000] {subprocess.py:106} INFO - 2025-01-31 01:44:11,829 - etl_ex_bbva - INFO - etl_ex_bbva.py success execution
[2025-01-31T01:44:11.845+0000] {subprocess.py:106} INFO - Conexión exitosa a la base de datos: calidad_etl
[2025-01-31T01:44:12.513+0000] {subprocess.py:110} INFO - Command exited with return code 0
[2025-01-31T01:44:12.555+0000] {taskinstance.py:340} INFO - ::group::Post task execution logs
[2025-01-31T01:44:12.556+0000] {taskinstance.py:352} INFO - Marking task as SUCCESS. dag_id=etl_reporte_como_vamos, task_id=etl_ex_bbva, run_id=manual__2025-01-31T01:40:48.135595+00:00, execution_date=20250131T014048, start_date=20250131T014050, end_date=20250131T014412
[2025-01-31T01:44:12.590+0000] {local_task_job_runner.py:266} INFO - Task exited with return code 0
[2025-01-31T01:44:12.616+0000] {taskinstance.py:3895} INFO - 0 downstream tasks scheduled from follow-on schedule check
[2025-01-31T01:44:12.621+0000] {local_task_job_runner.py:245} INFO - ::endgroup::
