[2025-02-01T01:29:23.621+0000] {local_task_job_runner.py:123} INFO - ::group::Pre task execution logs
[2025-02-01T01:29:23.660+0000] {taskinstance.py:2613} INFO - Dependencies all met for dep_context=non-requeueable deps ti=<TaskInstance: etl_reporte_como_vamos.bot_ex_bbva manual__2025-02-01T01:29:20.455839+00:00 [queued]>
[2025-02-01T01:29:23.683+0000] {taskinstance.py:2613} INFO - Dependencies all met for dep_context=requeueable deps ti=<TaskInstance: etl_reporte_como_vamos.bot_ex_bbva manual__2025-02-01T01:29:20.455839+00:00 [queued]>
[2025-02-01T01:29:23.685+0000] {taskinstance.py:2866} INFO - Starting attempt 1 of 1
[2025-02-01T01:29:23.721+0000] {taskinstance.py:2889} INFO - Executing <Task(BashOperator): bot_ex_bbva> on 2025-02-01 01:29:20.455839+00:00
[2025-02-01T01:29:23.735+0000] {warnings.py:112} WARNING - /home/***/.local/lib/python3.12/site-packages/***/task/task_runner/standard_task_runner.py:70: DeprecationWarning: This process (pid=520) is multi-threaded, use of fork() may lead to deadlocks in the child.
  pid = os.fork()

[2025-02-01T01:29:23.741+0000] {standard_task_runner.py:72} INFO - Started process 521 to run task
[2025-02-01T01:29:23.741+0000] {standard_task_runner.py:104} INFO - Running: ['***', 'tasks', 'run', 'etl_reporte_como_vamos', 'bot_ex_bbva', 'manual__2025-02-01T01:29:20.455839+00:00', '--job-id', '62', '--raw', '--subdir', 'DAGS_FOLDER/etl_como_vamos_dag.py', '--cfg-path', '/tmp/tmpk0az7917']
[2025-02-01T01:29:23.744+0000] {standard_task_runner.py:105} INFO - Job 62: Subtask bot_ex_bbva
[2025-02-01T01:29:23.877+0000] {task_command.py:467} INFO - Running <TaskInstance: etl_reporte_como_vamos.bot_ex_bbva manual__2025-02-01T01:29:20.455839+00:00 [running]> on host 56024cb05cfe
[2025-02-01T01:29:24.286+0000] {taskinstance.py:3132} INFO - Exporting env vars: AIRFLOW_CTX_DAG_OWNER='***' AIRFLOW_CTX_DAG_ID='etl_reporte_como_vamos' AIRFLOW_CTX_TASK_ID='bot_ex_bbva' AIRFLOW_CTX_EXECUTION_DATE='2025-02-01T01:29:20.455839+00:00' AIRFLOW_CTX_TRY_NUMBER='1' AIRFLOW_CTX_DAG_RUN_ID='manual__2025-02-01T01:29:20.455839+00:00'
[2025-02-01T01:29:24.303+0000] {taskinstance.py:731} INFO - ::endgroup::
[2025-02-01T01:29:24.367+0000] {subprocess.py:78} INFO - Tmp dir root location: /tmp
[2025-02-01T01:29:24.371+0000] {subprocess.py:88} INFO - Running command: ['/usr/bin/bash', '-c', 'python /opt/***/scripts/bot_etl_ex_bbva.py']
[2025-02-01T01:29:24.422+0000] {subprocess.py:99} INFO - Output:
[2025-02-01T01:29:26.926+0000] {subprocess.py:106} INFO - 2025-02-01 01:29:26,925 - bot_etl_ex_bbva - ERROR - Error Loading Cerrados.xlsx to ETL:
[2025-02-01T01:29:26.930+0000] {subprocess.py:106} INFO - ***Error type:*** AttributeError
[2025-02-01T01:29:26.932+0000] {subprocess.py:106} INFO - ***Error message:*** 'Logger' object has no attribute 'inf'
[2025-02-01T01:29:26.934+0000] {subprocess.py:106} INFO - ***Full Traceback:*** Traceback (most recent call last):
[2025-02-01T01:29:26.937+0000] {subprocess.py:106} INFO -   File "/opt/***/scripts/bot_etl_ex_bbva.py", line 50, in main
[2025-02-01T01:29:26.940+0000] {subprocess.py:106} INFO -     logger.inf("Bot ETL Exito-BBVA started")
[2025-02-01T01:29:26.942+0000] {subprocess.py:106} INFO -     ^^^^^^^^^^
[2025-02-01T01:29:26.944+0000] {subprocess.py:106} INFO - AttributeError: 'Logger' object has no attribute 'inf'. Did you mean: 'info'?
[2025-02-01T01:29:26.946+0000] {subprocess.py:106} INFO - 
[2025-02-01T01:29:26.948+0000] {subprocess.py:106} INFO - 2025-02-01 01:29:26,926 - bot_etl_ex_bbva - INFO - bot_etl_ex_bbva finish execution
[2025-02-01T01:29:27.064+0000] {subprocess.py:110} INFO - Command exited with return code 0
[2025-02-01T01:29:27.140+0000] {taskinstance.py:340} INFO - ::group::Post task execution logs
[2025-02-01T01:29:27.143+0000] {taskinstance.py:352} INFO - Marking task as SUCCESS. dag_id=etl_reporte_como_vamos, task_id=bot_ex_bbva, run_id=manual__2025-02-01T01:29:20.455839+00:00, execution_date=20250201T012920, start_date=20250201T012923, end_date=20250201T012927
[2025-02-01T01:29:27.231+0000] {local_task_job_runner.py:266} INFO - Task exited with return code 0
[2025-02-01T01:29:27.278+0000] {taskinstance.py:3895} INFO - 0 downstream tasks scheduled from follow-on schedule check
[2025-02-01T01:29:27.283+0000] {local_task_job_runner.py:245} INFO - ::endgroup::
