[2025-02-02T21:33:54.539-0500] {local_task_job_runner.py:123} INFO - ::group::Pre task execution logs
[2025-02-02T21:33:54.563-0500] {taskinstance.py:2613} INFO - Dependencies all met for dep_context=non-requeueable deps ti=<TaskInstance: etl_reporte_como_vamos.task_bot_como_vamos scheduled__2025-02-02T06:33:00+00:00 [queued]>
[2025-02-02T21:33:54.574-0500] {taskinstance.py:2613} INFO - Dependencies all met for dep_context=requeueable deps ti=<TaskInstance: etl_reporte_como_vamos.task_bot_como_vamos scheduled__2025-02-02T06:33:00+00:00 [queued]>
[2025-02-02T21:33:54.575-0500] {taskinstance.py:2866} INFO - Starting attempt 1 of 4
[2025-02-02T21:33:54.592-0500] {taskinstance.py:2889} INFO - Executing <Task(BashOperator): task_bot_como_vamos> on 2025-02-02 06:33:00+00:00
[2025-02-02T21:33:54.600-0500] {warnings.py:112} WARNING - /home/***/.local/lib/python3.12/site-packages/***/task/task_runner/standard_task_runner.py:70: DeprecationWarning: This process (pid=211) is multi-threaded, use of fork() may lead to deadlocks in the child.
  pid = os.fork()

[2025-02-02T21:33:54.602-0500] {standard_task_runner.py:72} INFO - Started process 212 to run task
[2025-02-02T21:33:54.602-0500] {standard_task_runner.py:104} INFO - Running: ['***', 'tasks', 'run', 'etl_reporte_como_vamos', 'task_bot_como_vamos', 'scheduled__2025-02-02T06:33:00+00:00', '--job-id', '2', '--raw', '--subdir', 'DAGS_FOLDER/etl_como_vamos_dag.py', '--cfg-path', '/tmp/tmpqxeem463']
[2025-02-02T21:33:54.603-0500] {standard_task_runner.py:105} INFO - Job 2: Subtask task_bot_como_vamos
[2025-02-02T21:33:54.665-0500] {task_command.py:467} INFO - Running <TaskInstance: etl_reporte_como_vamos.task_bot_como_vamos scheduled__2025-02-02T06:33:00+00:00 [running]> on host 21f1c1b48730
[2025-02-02T21:33:54.765-0500] {taskinstance.py:3132} INFO - Exporting env vars: AIRFLOW_CTX_DAG_OWNER='***' AIRFLOW_CTX_DAG_ID='etl_reporte_como_vamos' AIRFLOW_CTX_TASK_ID='task_bot_como_vamos' AIRFLOW_CTX_EXECUTION_DATE='2025-02-02T06:33:00+00:00' AIRFLOW_CTX_TRY_NUMBER='1' AIRFLOW_CTX_DAG_RUN_ID='scheduled__2025-02-02T06:33:00+00:00'
[2025-02-02T21:33:54.767-0500] {taskinstance.py:731} INFO - ::endgroup::
[2025-02-02T21:33:54.822-0500] {subprocess.py:78} INFO - Tmp dir root location: /tmp
[2025-02-02T21:33:54.823-0500] {subprocess.py:88} INFO - Running command: ['/usr/bin/bash', '-c', 'python /opt/***/scripts/bot_reporte_como_vamos.py']
[2025-02-02T21:33:54.837-0500] {subprocess.py:99} INFO - Output:
[2025-02-02T21:34:00.264-0500] {subprocess.py:106} INFO - ic| hoy: datetime.date(2025, 2, 2)
[2025-02-02T21:34:00.268-0500] {subprocess.py:106} INFO -     fecha_inicio: datetime.date(2025, 2, 1)
[2025-02-02T21:34:00.297-0500] {subprocess.py:106} INFO - ic| start_date: '01/02/2025', end_date: '02/02/2025'
[2025-02-02T21:34:00.298-0500] {subprocess.py:106} INFO - 2025-02-02 21:34:00,297 - bot_como_vamos - INFO - Starting script bot_como_vamos.py
[2025-02-02T21:34:01.755-0500] {subprocess.py:106} INFO - 2025-02-02 21:34:01,755 - bot_como_vamos - INFO - Conexión al Selenium Hub establecida correctamente
[2025-02-02T21:34:59.852-0500] {subprocess.py:106} INFO - ic| login_success: <selenium.webdriver.remote.webelement.WebElement (session="ff3f12c304850bfe39f37424a2847576", element="f.6EAC693882CD902D6AE39D32B1FDF2EA.d.9B911525341568F2920B4E214E69F56D.e.77")>
[2025-02-02T21:34:59.854-0500] {subprocess.py:106} INFO - 2025-02-02 21:34:59,852 - bot_como_vamos - INFO - Loging success
[2025-02-02T21:35:10.023-0500] {subprocess.py:106} INFO - 2025-02-02 21:35:10,023 - bot_como_vamos - INFO - Click in menu button successfully
[2025-02-02T21:35:20.227-0500] {subprocess.py:106} INFO - 2025-02-02 21:35:20,227 - bot_como_vamos - INFO - Input dates successfully
[2025-02-02T21:35:30.341-0500] {subprocess.py:106} INFO - 2025-02-02 21:35:30,341 - bot_como_vamos - INFO - Click in 'Empresas Y Negocios' successfully
[2025-02-02T21:35:56.258-0500] {subprocess.py:106} INFO - 2025-02-02 21:35:56,254 - assets - INFO - Waiting for download file...............
[2025-02-02T21:35:56.281-0500] {subprocess.py:106} INFO - ic| file: '.com.google.Chrome.SZw6vr'
[2025-02-02T21:36:01.286-0500] {subprocess.py:106} INFO - ic| file: 'Reporte como_vamos.xlsx'
[2025-02-02T21:36:01.288-0500] {subprocess.py:106} INFO - 2025-02-02 21:36:01,286 - bot_como_vamos - INFO - Download Reporte como_vamos succesfully
[2025-02-02T21:36:02.212-0500] {subprocess.py:110} INFO - Command exited with return code 0
[2025-02-02T21:36:02.311-0500] {taskinstance.py:340} INFO - ::group::Post task execution logs
[2025-02-02T21:36:02.314-0500] {taskinstance.py:352} INFO - Marking task as SUCCESS. dag_id=etl_reporte_como_vamos, task_id=task_bot_como_vamos, run_id=scheduled__2025-02-02T06:33:00+00:00, execution_date=20250202T063300, start_date=20250203T023354, end_date=20250203T023602
[2025-02-02T21:36:02.383-0500] {local_task_job_runner.py:266} INFO - Task exited with return code 0
[2025-02-02T21:36:02.432-0500] {taskinstance.py:3895} INFO - 2 downstream tasks scheduled from follow-on schedule check
[2025-02-02T21:36:02.435-0500] {local_task_job_runner.py:245} INFO - ::endgroup::
