[2025-01-30T06:45:06.333+0000] {local_task_job_runner.py:123} INFO - ::group::Pre task execution logs
[2025-01-30T06:45:06.365+0000] {taskinstance.py:2613} INFO - Dependencies all met for dep_context=non-requeueable deps ti=<TaskInstance: etl_reporte_como_vamos.etl_cdc manual__2025-01-30T06:32:36.087286+00:00 [queued]>
[2025-01-30T06:45:06.382+0000] {taskinstance.py:2613} INFO - Dependencies all met for dep_context=requeueable deps ti=<TaskInstance: etl_reporte_como_vamos.etl_cdc manual__2025-01-30T06:32:36.087286+00:00 [queued]>
[2025-01-30T06:45:06.383+0000] {taskinstance.py:2866} INFO - Starting attempt 1 of 1
[2025-01-30T06:45:06.411+0000] {taskinstance.py:2889} INFO - Executing <Task(BashOperator): etl_cdc> on 2025-01-30 06:32:36.087286+00:00
[2025-01-30T06:45:06.421+0000] {warnings.py:112} WARNING - /home/***/.local/lib/python3.12/site-packages/***/task/task_runner/standard_task_runner.py:70: DeprecationWarning: This process (pid=371) is multi-threaded, use of fork() may lead to deadlocks in the child.
  pid = os.fork()

[2025-01-30T06:45:06.425+0000] {standard_task_runner.py:72} INFO - Started process 372 to run task
[2025-01-30T06:45:06.425+0000] {standard_task_runner.py:104} INFO - Running: ['***', 'tasks', 'run', 'etl_reporte_como_vamos', 'etl_cdc', 'manual__2025-01-30T06:32:36.087286+00:00', '--job-id', '8', '--raw', '--subdir', 'DAGS_FOLDER/etl_como_vamos_dag.py', '--cfg-path', '/tmp/tmpicsw0qwd']
[2025-01-30T06:45:06.427+0000] {standard_task_runner.py:105} INFO - Job 8: Subtask etl_cdc
[2025-01-30T06:45:06.517+0000] {task_command.py:467} INFO - Running <TaskInstance: etl_reporte_como_vamos.etl_cdc manual__2025-01-30T06:32:36.087286+00:00 [running]> on host c218223649a1
[2025-01-30T06:45:06.685+0000] {taskinstance.py:3132} INFO - Exporting env vars: AIRFLOW_CTX_DAG_OWNER='***' AIRFLOW_CTX_DAG_ID='etl_reporte_como_vamos' AIRFLOW_CTX_TASK_ID='etl_cdc' AIRFLOW_CTX_EXECUTION_DATE='2025-01-30T06:32:36.087286+00:00' AIRFLOW_CTX_TRY_NUMBER='1' AIRFLOW_CTX_DAG_RUN_ID='manual__2025-01-30T06:32:36.087286+00:00'
[2025-01-30T06:45:06.687+0000] {taskinstance.py:731} INFO - ::endgroup::
[2025-01-30T06:45:06.714+0000] {subprocess.py:78} INFO - Tmp dir root location: /tmp
[2025-01-30T06:45:06.716+0000] {subprocess.py:88} INFO - Running command: ['/usr/bin/bash', '-c', 'python /opt/***/scripts/etl_cdc.py']
[2025-01-30T06:45:06.733+0000] {subprocess.py:99} INFO - Output:
[2025-01-30T06:45:11.043+0000] {subprocess.py:106} INFO - Ejecucion Erronea
[2025-01-30T06:45:11.270+0000] {subprocess.py:110} INFO - Command exited with return code 0
[2025-01-30T06:45:11.331+0000] {taskinstance.py:340} INFO - ::group::Post task execution logs
[2025-01-30T06:45:11.333+0000] {taskinstance.py:352} INFO - Marking task as SUCCESS. dag_id=etl_reporte_como_vamos, task_id=etl_cdc, run_id=manual__2025-01-30T06:32:36.087286+00:00, execution_date=20250130T063236, start_date=20250130T064506, end_date=20250130T064511
[2025-01-30T06:45:11.395+0000] {local_task_job_runner.py:266} INFO - Task exited with return code 0
[2025-01-30T06:45:11.430+0000] {standard_task_runner.py:217} INFO - Process not found (most likely exited), stop collecting metrics
[2025-01-30T06:45:11.437+0000] {taskinstance.py:3895} INFO - 0 downstream tasks scheduled from follow-on schedule check
[2025-01-30T06:45:11.443+0000] {local_task_job_runner.py:245} INFO - ::endgroup::
