[2025-02-07T09:53:27.549-0500] {local_task_job_runner.py:123} INFO - ::group::Pre task execution logs
[2025-02-07T09:53:27.571-0500] {taskinstance.py:2613} INFO - Dependencies all met for dep_context=non-requeueable deps ti=<TaskInstance: etl_reporte_como_vamos.bot_ex_bbva manual__2025-02-07T14:50:55.036502+00:00 [queued]>
[2025-02-07T09:53:27.582-0500] {taskinstance.py:2613} INFO - Dependencies all met for dep_context=requeueable deps ti=<TaskInstance: etl_reporte_como_vamos.bot_ex_bbva manual__2025-02-07T14:50:55.036502+00:00 [queued]>
[2025-02-07T09:53:27.583-0500] {taskinstance.py:2866} INFO - Starting attempt 1 of 4
[2025-02-07T09:53:27.600-0500] {taskinstance.py:2889} INFO - Executing <Task(BashOperator): bot_ex_bbva> on 2025-02-07 14:50:55.036502+00:00
[2025-02-07T09:53:27.608-0500] {warnings.py:112} WARNING - /home/***/.local/lib/python3.12/site-packages/***/task/task_runner/standard_task_runner.py:70: DeprecationWarning: This process (pid=38424) is multi-threaded, use of fork() may lead to deadlocks in the child.
  pid = os.fork()

[2025-02-07T09:53:27.611-0500] {standard_task_runner.py:72} INFO - Started process 38425 to run task
[2025-02-07T09:53:27.612-0500] {standard_task_runner.py:104} INFO - Running: ['***', 'tasks', 'run', 'etl_reporte_como_vamos', 'bot_ex_bbva', 'manual__2025-02-07T14:50:55.036502+00:00', '--job-id', '75', '--raw', '--subdir', 'DAGS_FOLDER/etl_como_vamos_dag.py', '--cfg-path', '/tmp/tmp0wp2cfr5']
[2025-02-07T09:53:27.614-0500] {standard_task_runner.py:105} INFO - Job 75: Subtask bot_ex_bbva
[2025-02-07T09:53:27.674-0500] {task_command.py:467} INFO - Running <TaskInstance: etl_reporte_como_vamos.bot_ex_bbva manual__2025-02-07T14:50:55.036502+00:00 [running]> on host 21f1c1b48730
[2025-02-07T09:53:27.768-0500] {taskinstance.py:3132} INFO - Exporting env vars: AIRFLOW_CTX_DAG_OWNER='***' AIRFLOW_CTX_DAG_ID='etl_reporte_como_vamos' AIRFLOW_CTX_TASK_ID='bot_ex_bbva' AIRFLOW_CTX_EXECUTION_DATE='2025-02-07T14:50:55.036502+00:00' AIRFLOW_CTX_TRY_NUMBER='1' AIRFLOW_CTX_DAG_RUN_ID='manual__2025-02-07T14:50:55.036502+00:00'
[2025-02-07T09:53:27.770-0500] {taskinstance.py:731} INFO - ::endgroup::
[2025-02-07T09:53:27.789-0500] {subprocess.py:78} INFO - Tmp dir root location: /tmp
[2025-02-07T09:53:27.790-0500] {subprocess.py:88} INFO - Running command: ['/usr/bin/bash', '-c', 'python /opt/***/scripts/bot_etl_ex_bbva.py']
[2025-02-07T09:53:27.802-0500] {subprocess.py:99} INFO - Output:
[2025-02-07T09:53:28.785-0500] {subprocess.py:106} INFO - 2025-02-07 09:53:28,784 - bot_etl_ex_bbva - INFO - Bot ETL Exito-BBVA started
[2025-02-07T09:53:29.339-0500] {subprocess.py:106} INFO - 2025-02-07 09:53:29,339 - bot_etl_ex_bbva - INFO - Conexión al Selenium Hub establecida correctamente
[2025-02-07T09:53:30.233-0500] {subprocess.py:106} INFO - 2025-02-07 09:53:30,233 - bot_etl_ex_bbva - INFO - Credentials input success
[2025-02-07T09:53:31.463-0500] {subprocess.py:106} INFO - 2025-02-07 09:53:31,463 - bot_etl_ex_bbva - INFO - Click in login button
[2025-02-07T09:53:41.505-0500] {subprocess.py:106} INFO - 2025-02-07 09:53:41,504 - bot_etl_ex_bbva - INFO - Loging success
[2025-02-07T09:53:42.691-0500] {subprocess.py:106} INFO - 2025-02-07 09:53:42,690 - bot_etl_ex_bbva - INFO - Input file succes
[2025-02-07T09:53:52.867-0500] {subprocess.py:106} INFO - 2025-02-07 09:53:52,867 - bot_etl_ex_bbva - INFO - Click in Cargar
[2025-02-07T09:53:58.508-0500] {subprocess.py:106} INFO - 2025-02-07 09:53:58,508 - bot_etl_ex_bbva - INFO - bot_etl_ex_bbva finish execution
[2025-02-07T09:53:58.668-0500] {subprocess.py:110} INFO - Command exited with return code 0
[2025-02-07T09:53:58.712-0500] {taskinstance.py:340} INFO - ::group::Post task execution logs
[2025-02-07T09:53:58.713-0500] {taskinstance.py:352} INFO - Marking task as SUCCESS. dag_id=etl_reporte_como_vamos, task_id=bot_ex_bbva, run_id=manual__2025-02-07T14:50:55.036502+00:00, execution_date=20250207T145055, start_date=20250207T145327, end_date=20250207T145358
[2025-02-07T09:53:58.758-0500] {local_task_job_runner.py:266} INFO - Task exited with return code 0
[2025-02-07T09:53:58.791-0500] {taskinstance.py:3895} INFO - 1 downstream tasks scheduled from follow-on schedule check
[2025-02-07T09:53:58.795-0500] {local_task_job_runner.py:245} INFO - ::endgroup::
