[2025-02-14T14:59:28.760-0500] {local_task_job_runner.py:123} INFO - ::group::Pre task execution logs
[2025-02-14T14:59:28.783-0500] {taskinstance.py:2613} INFO - Dependencies all met for dep_context=non-requeueable deps ti=<TaskInstance: etl_reporte_como_vamos.task_bot_como_vamos manual__2025-02-14T19:59:27.336193+00:00 [queued]>
[2025-02-14T14:59:28.793-0500] {taskinstance.py:2613} INFO - Dependencies all met for dep_context=requeueable deps ti=<TaskInstance: etl_reporte_como_vamos.task_bot_como_vamos manual__2025-02-14T19:59:27.336193+00:00 [queued]>
[2025-02-14T14:59:28.795-0500] {taskinstance.py:2866} INFO - Starting attempt 1 of 4
[2025-02-14T14:59:28.810-0500] {taskinstance.py:2889} INFO - Executing <Task(BashOperator): task_bot_como_vamos> on 2025-02-14 19:59:27.336193+00:00
[2025-02-14T14:59:28.817-0500] {warnings.py:112} WARNING - /home/***/.local/lib/python3.12/site-packages/***/task/task_runner/standard_task_runner.py:70: DeprecationWarning: This process (pid=67884) is multi-threaded, use of fork() may lead to deadlocks in the child.
  pid = os.fork()

[2025-02-14T14:59:28.819-0500] {standard_task_runner.py:72} INFO - Started process 67885 to run task
[2025-02-14T14:59:28.819-0500] {standard_task_runner.py:104} INFO - Running: ['***', 'tasks', 'run', 'etl_reporte_como_vamos', 'task_bot_como_vamos', 'manual__2025-02-14T19:59:27.336193+00:00', '--job-id', '133', '--raw', '--subdir', 'DAGS_FOLDER/etl_como_vamos_dag.py', '--cfg-path', '/tmp/tmphn2qh7p1']
[2025-02-14T14:59:28.821-0500] {standard_task_runner.py:105} INFO - Job 133: Subtask task_bot_como_vamos
[2025-02-14T14:59:28.887-0500] {task_command.py:467} INFO - Running <TaskInstance: etl_reporte_como_vamos.task_bot_como_vamos manual__2025-02-14T19:59:27.336193+00:00 [running]> on host 21f1c1b48730
[2025-02-14T14:59:29.022-0500] {taskinstance.py:3132} INFO - Exporting env vars: AIRFLOW_CTX_DAG_OWNER='***' AIRFLOW_CTX_DAG_ID='etl_reporte_como_vamos' AIRFLOW_CTX_TASK_ID='task_bot_como_vamos' AIRFLOW_CTX_EXECUTION_DATE='2025-02-14T19:59:27.336193+00:00' AIRFLOW_CTX_TRY_NUMBER='1' AIRFLOW_CTX_DAG_RUN_ID='manual__2025-02-14T19:59:27.336193+00:00'
[2025-02-14T14:59:29.024-0500] {taskinstance.py:731} INFO - ::endgroup::
[2025-02-14T14:59:29.053-0500] {subprocess.py:78} INFO - Tmp dir root location: /tmp
[2025-02-14T14:59:29.056-0500] {subprocess.py:88} INFO - Running command: ['/usr/bin/bash', '-c', 'python /opt/***/scripts/bot_reporte_como_vamos.py']
[2025-02-14T14:59:29.071-0500] {subprocess.py:99} INFO - Output:
[2025-02-14T14:59:32.026-0500] {subprocess.py:106} INFO - ic| hoy: datetime.date(2025, 2, 14)
[2025-02-14T14:59:32.027-0500] {subprocess.py:106} INFO -     fecha_inicio: datetime.date(2025, 2, 1)
[2025-02-14T14:59:32.062-0500] {subprocess.py:106} INFO - ic| first_date: '01/02/2025'
[2025-02-14T14:59:32.063-0500] {subprocess.py:106} INFO - 2025-02-14 14:59:32,062 - bot_como_vamos - INFO - Starting script bot_como_vamos.py
[2025-02-14T14:59:32.632-0500] {subprocess.py:106} INFO - 2025-02-14 14:59:32,632 - bot_como_vamos - INFO - Conexión al Selenium Hub establecida correctamente
[2025-02-14T15:00:05.331-0500] {subprocess.py:106} INFO - ic| login_success: <selenium.webdriver.remote.webelement.WebElement (session="0d8c7e3a6d488c65351b04c44a607ee4", element="f.8718CEEE4CD0FA0434AB4B44F1F77E70.d.7FE48C023CACDA001C09870DE64B2D72.e.80")>
[2025-02-14T15:00:05.332-0500] {subprocess.py:106} INFO - 2025-02-14 15:00:05,331 - bot_como_vamos - INFO - Loging success
[2025-02-14T15:00:15.456-0500] {subprocess.py:106} INFO - 2025-02-14 15:00:15,456 - bot_como_vamos - INFO - Click in menu button successfully
[2025-02-14T15:00:25.628-0500] {subprocess.py:106} INFO - 2025-02-14 15:00:25,628 - bot_como_vamos - INFO - Input dates successfully
[2025-02-14T15:00:35.742-0500] {subprocess.py:106} INFO - 2025-02-14 15:00:35,742 - bot_como_vamos - INFO - Click in 'Empresas Y Negocios' successfully
[2025-02-14T15:02:57.862-0500] {subprocess.py:106} INFO - 2025-02-14 15:02:57,862 - assets - INFO - Waiting for download file...............
[2025-02-14T15:02:57.873-0500] {subprocess.py:106} INFO - ic| file: '.com.google.Chrome.7jxTI5'
[2025-02-14T15:02:57.875-0500] {subprocess.py:106} INFO - ic| file: 'Unconfirmed 418016.crdownload'
[2025-02-14T15:03:02.879-0500] {subprocess.py:106} INFO - ic| file: 'Reporte como_vamos.xlsx'
[2025-02-14T15:03:02.880-0500] {subprocess.py:106} INFO - 2025-02-14 15:03:02,879 - bot_como_vamos - INFO - Download Reporte como_vamos succesfully
[2025-02-14T15:03:03.226-0500] {subprocess.py:110} INFO - Command exited with return code 0
[2025-02-14T15:03:03.255-0500] {taskinstance.py:340} INFO - ::group::Post task execution logs
[2025-02-14T15:03:03.256-0500] {taskinstance.py:352} INFO - Marking task as SUCCESS. dag_id=etl_reporte_como_vamos, task_id=task_bot_como_vamos, run_id=manual__2025-02-14T19:59:27.336193+00:00, execution_date=20250214T195927, start_date=20250214T195928, end_date=20250214T200303
[2025-02-14T15:03:03.281-0500] {local_task_job_runner.py:266} INFO - Task exited with return code 0
[2025-02-14T15:03:03.309-0500] {taskinstance.py:3895} INFO - 2 downstream tasks scheduled from follow-on schedule check
[2025-02-14T15:03:03.312-0500] {local_task_job_runner.py:245} INFO - ::endgroup::
