[2025-01-31T01:29:49.236+0000] {local_task_job_runner.py:123} INFO - ::group::Pre task execution logs
[2025-01-31T01:29:49.370+0000] {taskinstance.py:2613} INFO - Dependencies all met for dep_context=non-requeueable deps ti=<TaskInstance: etl_reporte_como_vamos.etl_ex_bbva manual__2025-01-31T01:29:43.431630+00:00 [queued]>
[2025-01-31T01:29:49.430+0000] {taskinstance.py:2613} INFO - Dependencies all met for dep_context=requeueable deps ti=<TaskInstance: etl_reporte_como_vamos.etl_ex_bbva manual__2025-01-31T01:29:43.431630+00:00 [queued]>
[2025-01-31T01:29:49.432+0000] {taskinstance.py:2866} INFO - Starting attempt 1 of 1
[2025-01-31T01:29:49.565+0000] {taskinstance.py:2889} INFO - Executing <Task(BashOperator): etl_ex_bbva> on 2025-01-31 01:29:43.431630+00:00
[2025-01-31T01:29:49.609+0000] {warnings.py:112} WARNING - /home/***/.local/lib/python3.12/site-packages/***/task/task_runner/standard_task_runner.py:70: DeprecationWarning: This process (pid=176) is multi-threaded, use of fork() may lead to deadlocks in the child.
  pid = os.fork()

[2025-01-31T01:29:49.635+0000] {standard_task_runner.py:72} INFO - Started process 177 to run task
[2025-01-31T01:29:49.635+0000] {standard_task_runner.py:104} INFO - Running: ['***', 'tasks', 'run', 'etl_reporte_como_vamos', 'etl_ex_bbva', 'manual__2025-01-31T01:29:43.431630+00:00', '--job-id', '36', '--raw', '--subdir', 'DAGS_FOLDER/etl_como_vamos_dag.py', '--cfg-path', '/tmp/tmpej21u4vm']
[2025-01-31T01:29:49.651+0000] {standard_task_runner.py:105} INFO - Job 36: Subtask etl_ex_bbva
[2025-01-31T01:29:50.035+0000] {task_command.py:467} INFO - Running <TaskInstance: etl_reporte_como_vamos.etl_ex_bbva manual__2025-01-31T01:29:43.431630+00:00 [running]> on host 09b63ee6c6d0
[2025-01-31T01:29:50.660+0000] {taskinstance.py:3132} INFO - Exporting env vars: AIRFLOW_CTX_DAG_OWNER='***' AIRFLOW_CTX_DAG_ID='etl_reporte_como_vamos' AIRFLOW_CTX_TASK_ID='etl_ex_bbva' AIRFLOW_CTX_EXECUTION_DATE='2025-01-31T01:29:43.431630+00:00' AIRFLOW_CTX_TRY_NUMBER='1' AIRFLOW_CTX_DAG_RUN_ID='manual__2025-01-31T01:29:43.431630+00:00'
[2025-01-31T01:29:50.673+0000] {taskinstance.py:731} INFO - ::endgroup::
[2025-01-31T01:29:50.747+0000] {subprocess.py:78} INFO - Tmp dir root location: /tmp
[2025-01-31T01:29:50.750+0000] {subprocess.py:88} INFO - Running command: ['/usr/bin/bash', '-c', 'python /opt/***/scripts/etl_ex_bbva.py']
[2025-01-31T01:29:50.777+0000] {subprocess.py:99} INFO - Output:
[2025-01-31T01:29:59.348+0000] {subprocess.py:106} INFO - ic| params: {'database': 'calidad_etl',
[2025-01-31T01:29:59.349+0000] {subprocess.py:106} INFO -              'host': '172.29.33.204',
[2025-01-31T01:29:59.350+0000] {subprocess.py:106} INFO -              'password': 'calidad2021*',
[2025-01-31T01:29:59.352+0000] {subprocess.py:106} INFO -              'port': '3306',
[2025-01-31T01:29:59.353+0000] {subprocess.py:106} INFO -              'user': 'calidad_etl'}
[2025-01-31T01:29:59.416+0000] {subprocess.py:106} INFO - ic| params: {'database': 'calidad_etl',
[2025-01-31T01:29:59.418+0000] {subprocess.py:106} INFO -              'host': '172.29.33.204',
[2025-01-31T01:29:59.419+0000] {subprocess.py:106} INFO -              'password': 'calidad2021*',
[2025-01-31T01:29:59.421+0000] {subprocess.py:106} INFO -              'port': '3306',
[2025-01-31T01:29:59.422+0000] {subprocess.py:106} INFO -              'user': 'calidad_etl'}
[2025-01-31T01:29:59.788+0000] {subprocess.py:106} INFO - 2025-01-31 01:29:59,788 - assets - INFO - Engine para base de datos: calidad_etl creado exitosamente
[2025-01-31T01:29:59.798+0000] {subprocess.py:106} INFO - ic| fecha_inicio: datetime.date(2025, 1, 1)
[2025-01-31T01:29:59.799+0000] {subprocess.py:106} INFO -     fecha_fin: datetime.date(2025, 1, 31)
[2025-01-31T01:33:35.899+0000] {subprocess.py:106} INFO - /opt/***/scripts/etl_ex_bbva.py:96: RuntimeWarning: Failed to access the underlying source code for analysis. Was ic() invoked in a REPL (e.g. from the command line), a frozen application (e.g. packaged with PyInstaller), or did the underlying source code change during execution?
[2025-01-31T01:33:35.902+0000] {subprocess.py:106} INFO -   df.rename(columns=titulos, inplace = True)
[2025-01-31T01:33:35.906+0000] {subprocess.py:106} INFO - ic| Index(['NIT', 'ID_CLIENTE_ONYX', 'NOMBRE_CLIENTE', 'ID_ATENCION_ONYX',
[2025-01-31T01:33:35.907+0000] {subprocess.py:106} INFO -            'ATENCION', 'PRIORIDAD_ATENCION', 'ESTADO_ATENCION', 'ORIGEN_ATENCION',
[2025-01-31T01:33:35.909+0000] {subprocess.py:106} INFO -            'DESCRIPCION', 'RESUMEN', 'RESOLUCION_1', 'RESOLUCION_2',
[2025-01-31T01:33:35.910+0000] {subprocess.py:106} INFO -            'RESOLUCION_3', 'RESOLUCION_4', 'USUARIO_INSERTADO', 'GRUPO_INSERTADO',
[2025-01-31T01:33:35.911+0000] {subprocess.py:106} INFO -            'USUARIO_ASIGNADO', 'GRUPO_ASIGNADO', 'USUARIO_SOLUCION',
[2025-01-31T01:33:35.912+0000] {subprocess.py:106} INFO -            'GRUPO_SOLUCION', 'USUARIO_CERRADO', 'GRUPO_CERRADO', 'ID_ENLACE',
[2025-01-31T01:33:35.913+0000] {subprocess.py:106} INFO -            'SERVICIO', 'PRODUCTO', 'FAMILIA', 'FECHA_CREACION',
[2025-01-31T01:33:35.914+0000] {subprocess.py:106} INFO -            'FECHA_INGRESO_ESTADO', 'DT_AJUSTADO', 'MAYOR_INCIDENT',
[2025-01-31T01:33:35.915+0000] {subprocess.py:106} INFO -            'GRUPO_OBJETIVO', 'SEGMENTO', 'CIUDAD', 'PALABRA_CLAVE',
[2025-01-31T01:33:35.916+0000] {subprocess.py:106} INFO -            'NIT_SIN_COD_Calc', 'SISTEMA_Calc', 'Consecutivo_Calc',
[2025-01-31T01:33:35.917+0000] {subprocess.py:106} INFO -            'Clasif_Por_Servicio_Calc', 'Clasif_Por_Cliente_Calc', 'SLA_Calc',
[2025-01-31T01:33:35.918+0000] {subprocess.py:106} INFO -            'Reclasificacion_atencion_Calc', 'Tiempo_Horas_SLA_Calc',
[2025-01-31T01:33:35.920+0000] {subprocess.py:106} INFO -            'Cumplimiento_Calc', 'Nueva_Prioridad_Calc', 'Meta_Individual_Calc',
[2025-01-31T01:33:35.921+0000] {subprocess.py:106} INFO -            'Meta_Presidencia_Calc', 'Meta_IFI_Calc', '3G_Calc', 'TMX_Minutos_Calc',
[2025-01-31T01:33:35.922+0000] {subprocess.py:106} INFO -            'TMX_Calc', 'Reincidencia_Calc', 'Recurrencia_Calc', 'RESPONSABILIDAD',
[2025-01-31T01:33:35.923+0000] {subprocess.py:106} INFO -            'LLAVE_GENERAL_Calc', 'LLAVE_Reincidencia_Calc',
[2025-01-31T01:33:35.924+0000] {subprocess.py:106} INFO -            'Reclasificacion_Reinc_Calc', 'FCR', 'Cluster_Actual_Calc',
[2025-01-31T01:33:35.926+0000] {subprocess.py:106} INFO -            'Celula_Comercial_Calc', 'Clasif_Por_IVR_Calc', 'TIPO TICKET',
[2025-01-31T01:33:35.927+0000] {subprocess.py:106} INFO -            'DT_CONCILIADO', 'CONTACTO DESTINO', 'TICKET_CARRIER', 'ALIAS ENLACE',
[2025-01-31T01:33:35.928+0000] {subprocess.py:106} INFO -            'FECHA_SOLUCION', 'TIEMPO INCIDENTE', 'RANGO HORA', 'TICKET_MAXIMO',
[2025-01-31T01:33:35.930+0000] {subprocess.py:106} INFO -            'REGIONAL', 'DIRECTOR', 'PN', 'G_SEGMENTO', 'G_Clasif_Por_IVR_Calc',
[2025-01-31T01:33:35.931+0000] {subprocess.py:106} INFO -            'NODO', 'Agrupacion_Especiales', 'Interno / Externo', 'VENDOR',
[2025-01-31T01:33:35.933+0000] {subprocess.py:106} INFO -            'Numero_CUN', 'TIPOSERVICIO', 'SUBTIPO', 'CASO RELACION', 'RELACION',
[2025-01-31T01:33:35.934+0000] {subprocess.py:106} INFO -            'INICIO INTERRUPCION', 'FIN INTERRUPCION', 'DOWNTIME_VENDOR',
[2025-01-31T01:33:35.936+0000] {subprocess.py:106} INFO -            'Autogestión', 'RESUELTO_SWAT', 'eyn_ofensor', 'eyn_problema',
[2025-01-31T01:33:35.937+0000] {subprocess.py:106} INFO -            'eyn_causa'],
[2025-01-31T01:33:35.938+0000] {subprocess.py:106} INFO -           dtype='object')
[2025-01-31T01:33:36.026+0000] {subprocess.py:106} INFO - /opt/***/scripts/etl_ex_bbva.py:129: RuntimeWarning: Failed to access the underlying source code for analysis. Was ic() invoked in a REPL (e.g. from the command line), a frozen application (e.g. packaged with PyInstaller), or did the underlying source code change during execution?
[2025-01-31T01:33:36.027+0000] {subprocess.py:106} INFO -   #exportar resultado a excel
[2025-01-31T01:33:36.131+0000] {subprocess.py:106} INFO - ic|                NIT  ... check
[2025-01-31T01:33:36.132+0000] {subprocess.py:106} INFO -     159    860003020-1  ...  True
[2025-01-31T01:33:36.133+0000] {subprocess.py:106} INFO -     169    890900608-9  ...  True
[2025-01-31T01:33:36.134+0000] {subprocess.py:106} INFO -     277    890900608-9  ...  True
[2025-01-31T01:33:36.135+0000] {subprocess.py:106} INFO -     286    860003020-1  ...  True
[2025-01-31T01:33:36.136+0000] {subprocess.py:106} INFO -     311    890900608-9  ...  True
[2025-01-31T01:33:36.137+0000] {subprocess.py:106} INFO -     ...            ...  ...   ...
[2025-01-31T01:33:36.138+0000] {subprocess.py:106} INFO -     50674  860003020-1  ...  True
[2025-01-31T01:33:36.139+0000] {subprocess.py:106} INFO -     50688  860003020-1  ...  True
[2025-01-31T01:33:36.140+0000] {subprocess.py:106} INFO -     50694  860003020-1  ...  True
[2025-01-31T01:33:36.141+0000] {subprocess.py:106} INFO -     50817  860003020-1  ...  True
[2025-01-31T01:33:36.142+0000] {subprocess.py:106} INFO -     50884  890900608-9  ...  True
[2025-01-31T01:33:36.143+0000] {subprocess.py:106} INFO - 
[2025-01-31T01:33:36.144+0000] {subprocess.py:106} INFO -     [2229 rows x 92 columns]
[2025-01-31T01:33:36.145+0000] {subprocess.py:106} INFO - 2025-01-31 01:33:36,131 - etl_ex_bbva - INFO - etl_ex_bbva.py success execution
[2025-01-31T01:33:36.154+0000] {subprocess.py:106} INFO - Conexión exitosa a la base de datos: calidad_etl
[2025-01-31T01:33:36.741+0000] {subprocess.py:110} INFO - Command exited with return code 0
[2025-01-31T01:33:36.804+0000] {taskinstance.py:340} INFO - ::group::Post task execution logs
[2025-01-31T01:33:36.806+0000] {taskinstance.py:352} INFO - Marking task as SUCCESS. dag_id=etl_reporte_como_vamos, task_id=etl_ex_bbva, run_id=manual__2025-01-31T01:29:43.431630+00:00, execution_date=20250131T012943, start_date=20250131T012949, end_date=20250131T013336
[2025-01-31T01:33:36.863+0000] {local_task_job_runner.py:266} INFO - Task exited with return code 0
[2025-01-31T01:33:36.895+0000] {taskinstance.py:3895} INFO - 0 downstream tasks scheduled from follow-on schedule check
[2025-01-31T01:33:36.900+0000] {local_task_job_runner.py:245} INFO - ::endgroup::
