[2025-01-31T01:35:29.216+0000] {local_task_job_runner.py:123} INFO - ::group::Pre task execution logs
[2025-01-31T01:35:29.284+0000] {taskinstance.py:2613} INFO - Dependencies all met for dep_context=non-requeueable deps ti=<TaskInstance: etl_reporte_como_vamos.etl_ex_bbva manual__2025-01-31T01:35:25.184034+00:00 [queued]>
[2025-01-31T01:35:29.316+0000] {taskinstance.py:2613} INFO - Dependencies all met for dep_context=requeueable deps ti=<TaskInstance: etl_reporte_como_vamos.etl_ex_bbva manual__2025-01-31T01:35:25.184034+00:00 [queued]>
[2025-01-31T01:35:29.318+0000] {taskinstance.py:2866} INFO - Starting attempt 1 of 1
[2025-01-31T01:35:29.377+0000] {taskinstance.py:2889} INFO - Executing <Task(BashOperator): etl_ex_bbva> on 2025-01-31 01:35:25.184034+00:00
[2025-01-31T01:35:29.399+0000] {warnings.py:112} WARNING - /home/***/.local/lib/python3.12/site-packages/***/task/task_runner/standard_task_runner.py:70: DeprecationWarning: This process (pid=249) is multi-threaded, use of fork() may lead to deadlocks in the child.
  pid = os.fork()

[2025-01-31T01:35:29.410+0000] {standard_task_runner.py:72} INFO - Started process 250 to run task
[2025-01-31T01:35:29.410+0000] {standard_task_runner.py:104} INFO - Running: ['***', 'tasks', 'run', 'etl_reporte_como_vamos', 'etl_ex_bbva', 'manual__2025-01-31T01:35:25.184034+00:00', '--job-id', '37', '--raw', '--subdir', 'DAGS_FOLDER/etl_como_vamos_dag.py', '--cfg-path', '/tmp/tmpl16ejppe']
[2025-01-31T01:35:29.415+0000] {standard_task_runner.py:105} INFO - Job 37: Subtask etl_ex_bbva
[2025-01-31T01:35:29.616+0000] {task_command.py:467} INFO - Running <TaskInstance: etl_reporte_como_vamos.etl_ex_bbva manual__2025-01-31T01:35:25.184034+00:00 [running]> on host 09b63ee6c6d0
[2025-01-31T01:35:30.010+0000] {taskinstance.py:3132} INFO - Exporting env vars: AIRFLOW_CTX_DAG_OWNER='***' AIRFLOW_CTX_DAG_ID='etl_reporte_como_vamos' AIRFLOW_CTX_TASK_ID='etl_ex_bbva' AIRFLOW_CTX_EXECUTION_DATE='2025-01-31T01:35:25.184034+00:00' AIRFLOW_CTX_TRY_NUMBER='1' AIRFLOW_CTX_DAG_RUN_ID='manual__2025-01-31T01:35:25.184034+00:00'
[2025-01-31T01:35:30.021+0000] {taskinstance.py:731} INFO - ::endgroup::
[2025-01-31T01:35:30.147+0000] {subprocess.py:78} INFO - Tmp dir root location: /tmp
[2025-01-31T01:35:30.157+0000] {subprocess.py:88} INFO - Running command: ['/usr/bin/bash', '-c', 'python /opt/***/scripts/etl_ex_bbva.py']
[2025-01-31T01:35:30.225+0000] {subprocess.py:99} INFO - Output:
[2025-01-31T01:35:41.357+0000] {subprocess.py:106} INFO - ic| params: {'database': 'calidad_etl',
[2025-01-31T01:35:41.360+0000] {subprocess.py:106} INFO -              'host': '172.29.33.204',
[2025-01-31T01:35:41.362+0000] {subprocess.py:106} INFO -              'password': 'calidad2021*',
[2025-01-31T01:35:41.363+0000] {subprocess.py:106} INFO -              'port': '3306',
[2025-01-31T01:35:41.365+0000] {subprocess.py:106} INFO -              'user': 'calidad_etl'}
[2025-01-31T01:35:41.464+0000] {subprocess.py:106} INFO - ic| params: {'database': 'calidad_etl',
[2025-01-31T01:35:41.466+0000] {subprocess.py:106} INFO -              'host': '172.29.33.204',
[2025-01-31T01:35:41.468+0000] {subprocess.py:106} INFO -              'password': 'calidad2021*',
[2025-01-31T01:35:41.469+0000] {subprocess.py:106} INFO -              'port': '3306',
[2025-01-31T01:35:41.472+0000] {subprocess.py:106} INFO -              'user': 'calidad_etl'}
[2025-01-31T01:35:41.766+0000] {subprocess.py:106} INFO - 2025-01-31 01:35:41,765 - assets - INFO - Engine para base de datos: calidad_etl creado exitosamente
[2025-01-31T01:35:41.778+0000] {subprocess.py:106} INFO - ic| fecha_inicio: datetime.date(2025, 1, 1)
[2025-01-31T01:35:41.780+0000] {subprocess.py:106} INFO -     fecha_fin: datetime.date(2025, 1, 31)
[2025-01-31T01:35:58.720+0000] {subprocess.py:106} INFO - 2025-01-31 01:35:58,719 - assets - INFO - SQL query succesfully executed
[2025-01-31T01:39:18.448+0000] {subprocess.py:106} INFO - 2025-01-31 01:39:18,447 - etl_ex_bbva - INFO - Reporte como_vamos.xlsx successfully load
[2025-01-31T01:39:18.788+0000] {subprocess.py:106} INFO - ic| df.columns: Index(['NIT', 'ID_CLIENTE_ONYX', 'NOMBRE_CLIENTE', 'ID_ATENCION_ONYX',
[2025-01-31T01:39:18.789+0000] {subprocess.py:106} INFO -                        'ATENCION', 'PRIORIDAD_ATENCION', 'ESTADO_ATENCION', 'ORIGEN_ATENCION',
[2025-01-31T01:39:18.791+0000] {subprocess.py:106} INFO -                        'DESCRIPCION', 'RESUMEN', 'RESOLUCION_1', 'RESOLUCION_2',
[2025-01-31T01:39:18.792+0000] {subprocess.py:106} INFO -                        'RESOLUCION_3', 'RESOLUCION_4', 'USUARIO_INSERTADO', 'GRUPO_INSERTADO',
[2025-01-31T01:39:18.794+0000] {subprocess.py:106} INFO -                        'USUARIO_ASIGNADO', 'GRUPO_ASIGNADO', 'USUARIO_SOLUCION',
[2025-01-31T01:39:18.795+0000] {subprocess.py:106} INFO -                        'GRUPO_SOLUCION', 'USUARIO_CERRADO', 'GRUPO_CERRADO', 'ID_ENLACE',
[2025-01-31T01:39:18.797+0000] {subprocess.py:106} INFO -                        'SERVICIO', 'PRODUCTO', 'FAMILIA', 'FECHA_CREACION',
[2025-01-31T01:39:18.799+0000] {subprocess.py:106} INFO -                        'FECHA_INGRESO_ESTADO', 'DT_AJUSTADO', 'MAYOR_INCIDENT',
[2025-01-31T01:39:18.801+0000] {subprocess.py:106} INFO -                        'GRUPO_OBJETIVO', 'SEGMENTO', 'CIUDAD', 'PALABRA_CLAVE',
[2025-01-31T01:39:18.802+0000] {subprocess.py:106} INFO -                        'NIT_SIN_COD_Calc', 'SISTEMA_Calc', 'Consecutivo_Calc',
[2025-01-31T01:39:18.804+0000] {subprocess.py:106} INFO -                        'Clasif_Por_Servicio_Calc', 'Clasif_Por_Cliente_Calc', 'SLA_Calc',
[2025-01-31T01:39:18.806+0000] {subprocess.py:106} INFO -                        'Reclasificacion_atencion_Calc', 'Tiempo_Horas_SLA_Calc',
[2025-01-31T01:39:18.807+0000] {subprocess.py:106} INFO -                        'Cumplimiento_Calc', 'Nueva_Prioridad_Calc', 'Meta_Individual_Calc',
[2025-01-31T01:39:18.809+0000] {subprocess.py:106} INFO -                        'Meta_Presidencia_Calc', 'Meta_IFI_Calc', '3G_Calc', 'TMX_Minutos_Calc',
[2025-01-31T01:39:18.810+0000] {subprocess.py:106} INFO -                        'TMX_Calc', 'Reincidencia_Calc', 'Recurrencia_Calc', 'RESPONSABILIDAD',
[2025-01-31T01:39:18.812+0000] {subprocess.py:106} INFO -                        'LLAVE_GENERAL_Calc', 'LLAVE_Reincidencia_Calc',
[2025-01-31T01:39:18.813+0000] {subprocess.py:106} INFO -                        'Reclasificacion_Reinc_Calc', 'FCR', 'Cluster_Actual_Calc',
[2025-01-31T01:39:18.816+0000] {subprocess.py:106} INFO -                        'Celula_Comercial_Calc', 'Clasif_Por_IVR_Calc', 'TIPO TICKET',
[2025-01-31T01:39:18.817+0000] {subprocess.py:106} INFO -                        'DT_CONCILIADO', 'CONTACTO DESTINO', 'TICKET_CARRIER', 'ALIAS ENLACE',
[2025-01-31T01:39:18.819+0000] {subprocess.py:106} INFO -                        'FECHA_SOLUCION', 'TIEMPO INCIDENTE', 'RANGO HORA', 'TICKET_MAXIMO',
[2025-01-31T01:39:18.820+0000] {subprocess.py:106} INFO -                        'REGIONAL', 'DIRECTOR', 'PN', 'G_SEGMENTO', 'G_Clasif_Por_IVR_Calc',
[2025-01-31T01:39:18.822+0000] {subprocess.py:106} INFO -                        'NODO', 'Agrupacion_Especiales', 'Interno / Externo', 'VENDOR',
[2025-01-31T01:39:18.823+0000] {subprocess.py:106} INFO -                        'Numero_CUN', 'TIPOSERVICIO', 'SUBTIPO', 'CASO RELACION', 'RELACION',
[2025-01-31T01:39:18.824+0000] {subprocess.py:106} INFO -                        'INICIO INTERRUPCION', 'FIN INTERRUPCION', 'DOWNTIME_VENDOR',
[2025-01-31T01:39:18.826+0000] {subprocess.py:106} INFO -                        'Autogesti贸n', 'RESUELTO_SWAT', 'eyn_ofensor', 'eyn_problema',
[2025-01-31T01:39:18.828+0000] {subprocess.py:106} INFO -                        'eyn_causa'],
[2025-01-31T01:39:18.831+0000] {subprocess.py:106} INFO -                       dtype='object')
[2025-01-31T01:39:19.147+0000] {subprocess.py:106} INFO - ic| dataset:            NIT ID_CLIENTE_ONYX  ... eyn_problema                   eyn_causa
[2025-01-31T01:39:19.148+0000] {subprocess.py:106} INFO -              0  800242106-2          127236  ...          NaN                         NaN
[2025-01-31T01:39:19.150+0000] {subprocess.py:106} INFO -              1  860032330-3        11231651  ...          NaN                         NaN
[2025-01-31T01:39:19.151+0000] {subprocess.py:106} INFO -              2  860032330-3        11231651  ...          NaN                         NaN
[2025-01-31T01:39:19.152+0000] {subprocess.py:106} INFO -              3  860032330-3        11231651  ...          NaN                         NaN
[2025-01-31T01:39:19.153+0000] {subprocess.py:106} INFO -              4  860032330-3        11231651  ...          NaN                         NaN
[2025-01-31T01:39:19.154+0000] {subprocess.py:106} INFO -              5  890900608-9           33057  ...          NaN                         NaN
[2025-01-31T01:39:19.155+0000] {subprocess.py:106} INFO -              6  800242106-2          127236  ...     Software       Configuraci贸n err贸nea
[2025-01-31T01:39:19.156+0000] {subprocess.py:106} INFO -              7  860032330-3        11231651  ...          NaN                         NaN
[2025-01-31T01:39:19.157+0000] {subprocess.py:106} INFO -              8  860032330-3        11231651  ...          NaN                         NaN
[2025-01-31T01:39:19.158+0000] {subprocess.py:106} INFO -              9  860032330-3        11231651  ...     Hardware  Desconectado/mal conectado
[2025-01-31T01:39:19.159+0000] {subprocess.py:106} INFO - 
[2025-01-31T01:39:19.160+0000] {subprocess.py:106} INFO -              [10 rows x 91 columns]
[2025-01-31T01:39:19.161+0000] {subprocess.py:106} INFO - 2025-01-31 01:39:19,148 - etl_ex_bbva - INFO - etl_ex_bbva.py success execution
[2025-01-31T01:39:19.187+0000] {subprocess.py:106} INFO - Conexi贸n exitosa a la base de datos: calidad_etl
[2025-01-31T01:39:20.271+0000] {subprocess.py:110} INFO - Command exited with return code 0
[2025-01-31T01:39:20.344+0000] {taskinstance.py:340} INFO - ::group::Post task execution logs
[2025-01-31T01:39:20.346+0000] {taskinstance.py:352} INFO - Marking task as SUCCESS. dag_id=etl_reporte_como_vamos, task_id=etl_ex_bbva, run_id=manual__2025-01-31T01:35:25.184034+00:00, execution_date=20250131T013525, start_date=20250131T013529, end_date=20250131T013920
[2025-01-31T01:39:20.419+0000] {local_task_job_runner.py:266} INFO - Task exited with return code 0
[2025-01-31T01:39:20.467+0000] {taskinstance.py:3895} INFO - 0 downstream tasks scheduled from follow-on schedule check
[2025-01-31T01:39:20.472+0000] {local_task_job_runner.py:245} INFO - ::endgroup::
