[2025-02-14T13:12:38.557-0500] {local_task_job_runner.py:123} INFO - ::group::Pre task execution logs
[2025-02-14T13:12:38.585-0500] {taskinstance.py:2613} INFO - Dependencies all met for dep_context=non-requeueable deps ti=<TaskInstance: etl_reporte_como_vamos.task_bot_como_vamos manual__2025-02-14T18:12:36.794274+00:00 [queued]>
[2025-02-14T13:12:38.597-0500] {taskinstance.py:2613} INFO - Dependencies all met for dep_context=requeueable deps ti=<TaskInstance: etl_reporte_como_vamos.task_bot_como_vamos manual__2025-02-14T18:12:36.794274+00:00 [queued]>
[2025-02-14T13:12:38.598-0500] {taskinstance.py:2866} INFO - Starting attempt 1 of 4
[2025-02-14T13:12:38.617-0500] {taskinstance.py:2889} INFO - Executing <Task(BashOperator): task_bot_como_vamos> on 2025-02-14 18:12:36.794274+00:00
[2025-02-14T13:12:38.625-0500] {warnings.py:112} WARNING - /home/***/.local/lib/python3.12/site-packages/***/task/task_runner/standard_task_runner.py:70: DeprecationWarning: This process (pid=66433) is multi-threaded, use of fork() may lead to deadlocks in the child.
  pid = os.fork()

[2025-02-14T13:12:38.629-0500] {standard_task_runner.py:72} INFO - Started process 66434 to run task
[2025-02-14T13:12:38.631-0500] {standard_task_runner.py:104} INFO - Running: ['***', 'tasks', 'run', 'etl_reporte_como_vamos', 'task_bot_como_vamos', 'manual__2025-02-14T18:12:36.794274+00:00', '--job-id', '127', '--raw', '--subdir', 'DAGS_FOLDER/etl_como_vamos_dag.py', '--cfg-path', '/tmp/tmpb2xai2uc']
[2025-02-14T13:12:38.632-0500] {standard_task_runner.py:105} INFO - Job 127: Subtask task_bot_como_vamos
[2025-02-14T13:12:38.716-0500] {task_command.py:467} INFO - Running <TaskInstance: etl_reporte_como_vamos.task_bot_como_vamos manual__2025-02-14T18:12:36.794274+00:00 [running]> on host 21f1c1b48730
[2025-02-14T13:12:38.869-0500] {taskinstance.py:3132} INFO - Exporting env vars: AIRFLOW_CTX_DAG_OWNER='***' AIRFLOW_CTX_DAG_ID='etl_reporte_como_vamos' AIRFLOW_CTX_TASK_ID='task_bot_como_vamos' AIRFLOW_CTX_EXECUTION_DATE='2025-02-14T18:12:36.794274+00:00' AIRFLOW_CTX_TRY_NUMBER='1' AIRFLOW_CTX_DAG_RUN_ID='manual__2025-02-14T18:12:36.794274+00:00'
[2025-02-14T13:12:38.871-0500] {taskinstance.py:731} INFO - ::endgroup::
[2025-02-14T13:12:38.904-0500] {subprocess.py:78} INFO - Tmp dir root location: /tmp
[2025-02-14T13:12:38.906-0500] {subprocess.py:88} INFO - Running command: ['/usr/bin/bash', '-c', 'python /opt/***/scripts/bot_reporte_como_vamos.py']
[2025-02-14T13:12:38.918-0500] {subprocess.py:99} INFO - Output:
[2025-02-14T13:12:42.143-0500] {subprocess.py:106} INFO - ic| report_date: '13/02/2025'
[2025-02-14T13:12:42.144-0500] {subprocess.py:106} INFO - 2025-02-14 13:12:42,143 - bot_como_vamos - INFO - Starting script bot_como_vamos.py
[2025-02-14T13:12:42.828-0500] {subprocess.py:106} INFO - 2025-02-14 13:12:42,827 - bot_como_vamos - INFO - Conexión al Selenium Hub establecida correctamente
[2025-02-14T13:13:39.947-0500] {subprocess.py:106} INFO - ic| login_success: <selenium.webdriver.remote.webelement.WebElement (session="9ec975c686c14064409784b1cf875824", element="f.A512054CB0301D0CBC1AED66F6713D5D.d.DBCA0685F3CC85943E7B4B531BE09848.e.83")>
[2025-02-14T13:13:39.948-0500] {subprocess.py:106} INFO - 2025-02-14 13:13:39,947 - bot_como_vamos - INFO - Loging success
[2025-02-14T13:13:50.072-0500] {subprocess.py:106} INFO - 2025-02-14 13:13:50,072 - bot_como_vamos - INFO - Click in menu button successfully
[2025-02-14T13:14:00.289-0500] {subprocess.py:106} INFO - 2025-02-14 13:14:00,289 - bot_como_vamos - INFO - Input dates successfully
[2025-02-14T13:14:10.424-0500] {subprocess.py:106} INFO - 2025-02-14 13:14:10,424 - bot_como_vamos - INFO - Click in 'Empresas Y Negocios' successfully
[2025-02-14T13:14:45.057-0500] {subprocess.py:106} INFO - 2025-02-14 13:14:45,057 - assets - INFO - Waiting for download file...............
[2025-02-14T13:14:45.120-0500] {subprocess.py:106} INFO - ic| file: '.com.google.Chrome.ha8oJg'
[2025-02-14T13:14:45.123-0500] {subprocess.py:106} INFO - ic| file: 'Unconfirmed 418016.crdownload'
[2025-02-14T13:14:50.128-0500] {subprocess.py:106} INFO - ic| file: 'Unconfirmed 418016.crdownload'
[2025-02-14T13:14:50.131-0500] {subprocess.py:106} INFO - ic| file: 'Unconfirmed 972102.crdownload'
[2025-02-14T13:14:55.136-0500] {subprocess.py:106} INFO - ic| file: 'Reporte como_vamos.xlsx'
[2025-02-14T13:14:55.137-0500] {subprocess.py:106} INFO - 2025-02-14 13:14:55,136 - bot_como_vamos - INFO - Download Reporte como_vamos succesfully
[2025-02-14T13:14:55.493-0500] {subprocess.py:110} INFO - Command exited with return code 0
[2025-02-14T13:14:55.524-0500] {taskinstance.py:340} INFO - ::group::Post task execution logs
[2025-02-14T13:14:55.525-0500] {taskinstance.py:352} INFO - Marking task as SUCCESS. dag_id=etl_reporte_como_vamos, task_id=task_bot_como_vamos, run_id=manual__2025-02-14T18:12:36.794274+00:00, execution_date=20250214T181236, start_date=20250214T181238, end_date=20250214T181455
[2025-02-14T13:14:55.560-0500] {local_task_job_runner.py:266} INFO - Task exited with return code 0
[2025-02-14T13:14:55.590-0500] {taskinstance.py:3895} INFO - 2 downstream tasks scheduled from follow-on schedule check
[2025-02-14T13:14:55.597-0500] {local_task_job_runner.py:245} INFO - ::endgroup::
