[2025-02-03T07:31:25.582-0500] {local_task_job_runner.py:123} INFO - ::group::Pre task execution logs
[2025-02-03T07:31:25.621-0500] {taskinstance.py:2613} INFO - Dependencies all met for dep_context=non-requeueable deps ti=<TaskInstance: etl_reporte_como_vamos.task_bot_como_vamos manual__2025-02-03T12:31:23.965304+00:00 [queued]>
[2025-02-03T07:31:25.638-0500] {taskinstance.py:2613} INFO - Dependencies all met for dep_context=requeueable deps ti=<TaskInstance: etl_reporte_como_vamos.task_bot_como_vamos manual__2025-02-03T12:31:23.965304+00:00 [queued]>
[2025-02-03T07:31:25.640-0500] {taskinstance.py:2866} INFO - Starting attempt 1 of 4
[2025-02-03T07:31:25.671-0500] {taskinstance.py:2889} INFO - Executing <Task(BashOperator): task_bot_como_vamos> on 2025-02-03 12:31:23.965304+00:00
[2025-02-03T07:31:25.681-0500] {warnings.py:112} WARNING - /home/***/.local/lib/python3.12/site-packages/***/task/task_runner/standard_task_runner.py:70: DeprecationWarning: This process (pid=8218) is multi-threaded, use of fork() may lead to deadlocks in the child.
  pid = os.fork()

[2025-02-03T07:31:25.684-0500] {standard_task_runner.py:72} INFO - Started process 8219 to run task
[2025-02-03T07:31:25.685-0500] {standard_task_runner.py:104} INFO - Running: ['***', 'tasks', 'run', 'etl_reporte_como_vamos', 'task_bot_como_vamos', 'manual__2025-02-03T12:31:23.965304+00:00', '--job-id', '26', '--raw', '--subdir', 'DAGS_FOLDER/etl_como_vamos_dag.py', '--cfg-path', '/tmp/tmphq3lys1d']
[2025-02-03T07:31:25.686-0500] {standard_task_runner.py:105} INFO - Job 26: Subtask task_bot_como_vamos
[2025-02-03T07:31:25.762-0500] {task_command.py:467} INFO - Running <TaskInstance: etl_reporte_como_vamos.task_bot_como_vamos manual__2025-02-03T12:31:23.965304+00:00 [running]> on host 21f1c1b48730
[2025-02-03T07:31:25.893-0500] {taskinstance.py:3132} INFO - Exporting env vars: AIRFLOW_CTX_DAG_OWNER='***' AIRFLOW_CTX_DAG_ID='etl_reporte_como_vamos' AIRFLOW_CTX_TASK_ID='task_bot_como_vamos' AIRFLOW_CTX_EXECUTION_DATE='2025-02-03T12:31:23.965304+00:00' AIRFLOW_CTX_TRY_NUMBER='1' AIRFLOW_CTX_DAG_RUN_ID='manual__2025-02-03T12:31:23.965304+00:00'
[2025-02-03T07:31:25.895-0500] {taskinstance.py:731} INFO - ::endgroup::
[2025-02-03T07:31:25.924-0500] {subprocess.py:78} INFO - Tmp dir root location: /tmp
[2025-02-03T07:31:25.926-0500] {subprocess.py:88} INFO - Running command: ['/usr/bin/bash', '-c', 'python /opt/***/scripts/bot_reporte_como_vamos.py']
[2025-02-03T07:31:25.939-0500] {subprocess.py:99} INFO - Output:
[2025-02-03T07:31:29.978-0500] {subprocess.py:106} INFO - ic| report_date: '02/02/2025'
[2025-02-03T07:31:29.986-0500] {subprocess.py:106} INFO - 2025-02-03 07:31:29,976 - bot_como_vamos - INFO - Starting script bot_como_vamos.py
[2025-02-03T07:31:31.094-0500] {subprocess.py:106} INFO - 2025-02-03 07:31:31,094 - bot_como_vamos - INFO - Conexión al Selenium Hub establecida correctamente
[2025-02-03T07:32:05.077-0500] {subprocess.py:106} INFO - ic| login_success: <selenium.webdriver.remote.webelement.WebElement (session="30485a1c393cbd6a5e38571bdc1dfcf0", element="f.8ABD3DCE2BC1E6CEC4FB9D8AF22E5012.d.6D458136E51DA63C5980930B6504A8E7.e.77")>
[2025-02-03T07:32:05.085-0500] {subprocess.py:106} INFO - 2025-02-03 07:32:05,075 - bot_como_vamos - INFO - Loging success
[2025-02-03T07:32:15.243-0500] {subprocess.py:106} INFO - 2025-02-03 07:32:15,243 - bot_como_vamos - INFO - Click in menu button successfully
[2025-02-03T07:32:25.434-0500] {subprocess.py:106} INFO - 2025-02-03 07:32:25,434 - bot_como_vamos - INFO - Input dates successfully
[2025-02-03T07:32:35.788-0500] {subprocess.py:106} INFO - 2025-02-03 07:32:35,783 - bot_como_vamos - INFO - Click in 'Empresas Y Negocios' successfully
[2025-02-03T07:32:51.529-0500] {subprocess.py:106} INFO - 2025-02-03 07:32:51,529 - assets - INFO - Waiting for download file...............
[2025-02-03T07:32:51.602-0500] {subprocess.py:106} INFO - ic| file: '.com.google.Chrome.d20stv'
[2025-02-03T07:32:56.609-0500] {subprocess.py:106} INFO - ic| file: 'Reporte como_vamos.xlsx'
[2025-02-03T07:32:56.610-0500] {subprocess.py:106} INFO - 2025-02-03 07:32:56,609 - bot_como_vamos - INFO - Download Reporte como_vamos succesfully
[2025-02-03T07:32:57.424-0500] {subprocess.py:110} INFO - Command exited with return code 0
[2025-02-03T07:32:57.558-0500] {taskinstance.py:340} INFO - ::group::Post task execution logs
[2025-02-03T07:32:57.560-0500] {taskinstance.py:352} INFO - Marking task as SUCCESS. dag_id=etl_reporte_como_vamos, task_id=task_bot_como_vamos, run_id=manual__2025-02-03T12:31:23.965304+00:00, execution_date=20250203T123123, start_date=20250203T123125, end_date=20250203T123257
[2025-02-03T07:32:57.625-0500] {local_task_job_runner.py:266} INFO - Task exited with return code 0
[2025-02-03T07:32:57.704-0500] {taskinstance.py:3895} INFO - 2 downstream tasks scheduled from follow-on schedule check
[2025-02-03T07:32:57.708-0500] {local_task_job_runner.py:245} INFO - ::endgroup::
