[2025-02-01T00:23:19.311-0500] {local_task_job_runner.py:123} INFO - ::group::Pre task execution logs
[2025-02-01T00:23:19.362-0500] {taskinstance.py:2613} INFO - Dependencies all met for dep_context=non-requeueable deps ti=<TaskInstance: etl_reporte_como_vamos.bot_ex_bbva manual__2025-02-01T05:11:44.390818+00:00 [queued]>
[2025-02-01T00:23:19.386-0500] {taskinstance.py:2613} INFO - Dependencies all met for dep_context=requeueable deps ti=<TaskInstance: etl_reporte_como_vamos.bot_ex_bbva manual__2025-02-01T05:11:44.390818+00:00 [queued]>
[2025-02-01T00:23:19.388-0500] {taskinstance.py:2866} INFO - Starting attempt 1 of 1
[2025-02-01T00:23:19.430-0500] {taskinstance.py:2889} INFO - Executing <Task(BashOperator): bot_ex_bbva> on 2025-02-01 05:11:44.390818+00:00
[2025-02-01T00:23:19.442-0500] {warnings.py:112} WARNING - /home/***/.local/lib/python3.12/site-packages/***/task/task_runner/standard_task_runner.py:70: DeprecationWarning: This process (pid=470) is multi-threaded, use of fork() may lead to deadlocks in the child.
  pid = os.fork()

[2025-02-01T00:23:19.445-0500] {standard_task_runner.py:72} INFO - Started process 471 to run task
[2025-02-01T00:23:19.446-0500] {standard_task_runner.py:104} INFO - Running: ['***', 'tasks', 'run', 'etl_reporte_como_vamos', 'bot_ex_bbva', 'manual__2025-02-01T05:11:44.390818+00:00', '--job-id', '86', '--raw', '--subdir', 'DAGS_FOLDER/etl_como_vamos_dag.py', '--cfg-path', '/tmp/tmpnc8gz15b']
[2025-02-01T00:23:19.450-0500] {standard_task_runner.py:105} INFO - Job 86: Subtask bot_ex_bbva
[2025-02-01T00:23:19.565-0500] {task_command.py:467} INFO - Running <TaskInstance: etl_reporte_como_vamos.bot_ex_bbva manual__2025-02-01T05:11:44.390818+00:00 [running]> on host d596638090b4
[2025-02-01T00:23:19.760-0500] {taskinstance.py:3132} INFO - Exporting env vars: AIRFLOW_CTX_DAG_OWNER='***' AIRFLOW_CTX_DAG_ID='etl_reporte_como_vamos' AIRFLOW_CTX_TASK_ID='bot_ex_bbva' AIRFLOW_CTX_EXECUTION_DATE='2025-02-01T05:11:44.390818+00:00' AIRFLOW_CTX_TRY_NUMBER='1' AIRFLOW_CTX_DAG_RUN_ID='manual__2025-02-01T05:11:44.390818+00:00'
[2025-02-01T00:23:19.762-0500] {taskinstance.py:731} INFO - ::endgroup::
[2025-02-01T00:23:19.795-0500] {subprocess.py:78} INFO - Tmp dir root location: /tmp
[2025-02-01T00:23:19.798-0500] {subprocess.py:88} INFO - Running command: ['/usr/bin/bash', '-c', 'python /opt/***/scripts/bot_etl_ex_bbva.py']
[2025-02-01T00:23:19.820-0500] {subprocess.py:99} INFO - Output:
[2025-02-01T00:23:21.872-0500] {subprocess.py:106} INFO - 2025-02-01 00:23:21,872 - bot_etl_ex_bbva - INFO - Bot ETL Exito-BBVA started
[2025-02-01T00:23:22.067-0500] {subprocess.py:106} INFO - 2025-02-01 00:23:22,067 - bot_etl_ex_bbva - INFO - Conexión al Selenium Hub establecida correctamente
[2025-02-01T00:23:24.010-0500] {subprocess.py:106} INFO - 2025-02-01 00:23:24,010 - bot_etl_ex_bbva - INFO - Credentials input success
[2025-02-01T00:23:24.876-0500] {subprocess.py:106} INFO - 2025-02-01 00:23:24,876 - bot_etl_ex_bbva - INFO - Click in login button
[2025-02-01T00:23:34.965-0500] {subprocess.py:106} INFO - 2025-02-01 00:23:34,965 - bot_etl_ex_bbva - INFO - Loging success
[2025-02-01T00:23:38.052-0500] {subprocess.py:106} INFO - 2025-02-01 00:23:38,052 - bot_etl_ex_bbva - INFO - Input file succes
[2025-02-01T00:24:17.508-0500] {subprocess.py:106} INFO - 2025-02-01 00:24:17,508 - bot_etl_ex_bbva - INFO - Click in Cargar
[2025-02-01T00:24:23.274-0500] {subprocess.py:106} INFO - 2025-02-01 00:24:23,274 - bot_etl_ex_bbva - INFO - bot_etl_ex_bbva finish execution
[2025-02-01T00:24:23.470-0500] {subprocess.py:110} INFO - Command exited with return code 0
[2025-02-01T00:24:23.524-0500] {taskinstance.py:340} INFO - ::group::Post task execution logs
[2025-02-01T00:24:23.525-0500] {taskinstance.py:352} INFO - Marking task as SUCCESS. dag_id=etl_reporte_como_vamos, task_id=bot_ex_bbva, run_id=manual__2025-02-01T05:11:44.390818+00:00, execution_date=20250201T051144, start_date=20250201T052319, end_date=20250201T052423
[2025-02-01T00:24:23.581-0500] {local_task_job_runner.py:266} INFO - Task exited with return code 0
[2025-02-01T00:24:23.616-0500] {taskinstance.py:3895} INFO - 1 downstream tasks scheduled from follow-on schedule check
[2025-02-01T00:24:23.620-0500] {local_task_job_runner.py:245} INFO - ::endgroup::
