[2025-01-31T02:22:44.432+0000] {local_task_job_runner.py:123} INFO - ::group::Pre task execution logs
[2025-01-31T02:22:44.469+0000] {taskinstance.py:2613} INFO - Dependencies all met for dep_context=non-requeueable deps ti=<TaskInstance: etl_reporte_como_vamos.etl_ex_bbva manual__2025-01-31T02:22:42.240857+00:00 [queued]>
[2025-01-31T02:22:44.491+0000] {taskinstance.py:2613} INFO - Dependencies all met for dep_context=requeueable deps ti=<TaskInstance: etl_reporte_como_vamos.etl_ex_bbva manual__2025-01-31T02:22:42.240857+00:00 [queued]>
[2025-01-31T02:22:44.494+0000] {taskinstance.py:2866} INFO - Starting attempt 1 of 1
[2025-01-31T02:22:44.538+0000] {taskinstance.py:2889} INFO - Executing <Task(BashOperator): etl_ex_bbva> on 2025-01-31 02:22:42.240857+00:00
[2025-01-31T02:22:44.554+0000] {warnings.py:112} WARNING - /home/***/.local/lib/python3.12/site-packages/***/task/task_runner/standard_task_runner.py:70: DeprecationWarning: This process (pid=804) is multi-threaded, use of fork() may lead to deadlocks in the child.
  pid = os.fork()

[2025-01-31T02:22:44.558+0000] {standard_task_runner.py:72} INFO - Started process 805 to run task
[2025-01-31T02:22:44.564+0000] {standard_task_runner.py:104} INFO - Running: ['***', 'tasks', 'run', 'etl_reporte_como_vamos', 'etl_ex_bbva', 'manual__2025-01-31T02:22:42.240857+00:00', '--job-id', '41', '--raw', '--subdir', 'DAGS_FOLDER/etl_como_vamos_dag.py', '--cfg-path', '/tmp/tmpzchlv8t8']
[2025-01-31T02:22:44.568+0000] {standard_task_runner.py:105} INFO - Job 41: Subtask etl_ex_bbva
[2025-01-31T02:22:44.721+0000] {task_command.py:467} INFO - Running <TaskInstance: etl_reporte_como_vamos.etl_ex_bbva manual__2025-01-31T02:22:42.240857+00:00 [running]> on host 09b63ee6c6d0
[2025-01-31T02:22:44.959+0000] {taskinstance.py:3132} INFO - Exporting env vars: AIRFLOW_CTX_DAG_OWNER='***' AIRFLOW_CTX_DAG_ID='etl_reporte_como_vamos' AIRFLOW_CTX_TASK_ID='etl_ex_bbva' AIRFLOW_CTX_EXECUTION_DATE='2025-01-31T02:22:42.240857+00:00' AIRFLOW_CTX_TRY_NUMBER='1' AIRFLOW_CTX_DAG_RUN_ID='manual__2025-01-31T02:22:42.240857+00:00'
[2025-01-31T02:22:44.962+0000] {taskinstance.py:731} INFO - ::endgroup::
[2025-01-31T02:22:45.000+0000] {subprocess.py:78} INFO - Tmp dir root location: /tmp
[2025-01-31T02:22:45.002+0000] {subprocess.py:88} INFO - Running command: ['/usr/bin/bash', '-c', 'python /opt/***/scripts/etl_ex_bbva.py']
[2025-01-31T02:22:45.028+0000] {subprocess.py:99} INFO - Output:
[2025-01-31T02:22:50.525+0000] {subprocess.py:106} INFO - ic| params: {'database': 'calidad_etl',
[2025-01-31T02:22:50.526+0000] {subprocess.py:106} INFO -              'host': '172.29.33.204',
[2025-01-31T02:22:50.527+0000] {subprocess.py:106} INFO -              'password': 'calidad2021*',
[2025-01-31T02:22:50.529+0000] {subprocess.py:106} INFO -              'port': '3306',
[2025-01-31T02:22:50.530+0000] {subprocess.py:106} INFO -              'user': 'calidad_etl'}
[2025-01-31T02:22:50.581+0000] {subprocess.py:106} INFO - ic| params: {'database': 'calidad_etl',
[2025-01-31T02:22:50.583+0000] {subprocess.py:106} INFO -              'host': '172.29.33.204',
[2025-01-31T02:22:50.584+0000] {subprocess.py:106} INFO -              'password': 'calidad2021*',
[2025-01-31T02:22:50.585+0000] {subprocess.py:106} INFO -              'port': '3306',
[2025-01-31T02:22:50.586+0000] {subprocess.py:106} INFO -              'user': 'calidad_etl'}
[2025-01-31T02:22:50.850+0000] {subprocess.py:106} INFO - 2025-01-31 02:22:50,849 - assets - INFO - Engine para base de datos: calidad_etl creado exitosamente
[2025-01-31T02:22:50.858+0000] {subprocess.py:106} INFO - ic| fecha_inicio: datetime.date(2025, 1, 1)
[2025-01-31T02:22:50.859+0000] {subprocess.py:106} INFO -     fecha_fin: datetime.date(2025, 1, 31)
[2025-01-31T02:23:16.726+0000] {subprocess.py:106} INFO - 2025-01-31 02:23:16,725 - assets - INFO - SQL query succesfully executed
[2025-01-31T02:26:52.222+0000] {subprocess.py:106} INFO - 2025-01-31 02:26:52,221 - etl_ex_bbva - INFO - Reporte como_vamos.xlsx successfully load
[2025-01-31T02:26:52.458+0000] {subprocess.py:106} INFO - ic| df.columns: Index(['NIT', 'ID_CLIENTE_ONYX', 'NOMBRE_CLIENTE', 'ID_ATENCION_ONYX',
[2025-01-31T02:26:52.459+0000] {subprocess.py:106} INFO -                        'ATENCION', 'PRIORIDAD_ATENCION', 'ESTADO_ATENCION', 'ORIGEN_ATENCION',
[2025-01-31T02:26:52.461+0000] {subprocess.py:106} INFO -                        'DESCRIPCION', 'RESUMEN', 'RESOLUCION_1', 'RESOLUCION_2',
[2025-01-31T02:26:52.462+0000] {subprocess.py:106} INFO -                        'RESOLUCION_3', 'RESOLUCION_4', 'USUARIO_INSERTADO', 'GRUPO_INSERTADO',
[2025-01-31T02:26:52.464+0000] {subprocess.py:106} INFO -                        'USUARIO_ASIGNADO', 'GRUPO_ASIGNADO', 'USUARIO_SOLUCION',
[2025-01-31T02:26:52.465+0000] {subprocess.py:106} INFO -                        'GRUPO_SOLUCION', 'USUARIO_CERRADO', 'GRUPO_CERRADO', 'ID_ENLACE',
[2025-01-31T02:26:52.467+0000] {subprocess.py:106} INFO -                        'SERVICIO', 'PRODUCTO', 'FAMILIA', 'FECHA_CREACION',
[2025-01-31T02:26:52.468+0000] {subprocess.py:106} INFO -                        'FECHA_INGRESO_ESTADO', 'DT_AJUSTADO', 'MAYOR_INCIDENT',
[2025-01-31T02:26:52.470+0000] {subprocess.py:106} INFO -                        'GRUPO_OBJETIVO', 'SEGMENTO', 'CIUDAD', 'PALABRA_CLAVE',
[2025-01-31T02:26:52.471+0000] {subprocess.py:106} INFO -                        'NIT_SIN_COD_Calc', 'SISTEMA_Calc', 'Consecutivo_Calc',
[2025-01-31T02:26:52.473+0000] {subprocess.py:106} INFO -                        'Clasif_Por_Servicio_Calc', 'Clasif_Por_Cliente_Calc', 'SLA_Calc',
[2025-01-31T02:26:52.474+0000] {subprocess.py:106} INFO -                        'Reclasificacion_atencion_Calc', 'Tiempo_Horas_SLA_Calc',
[2025-01-31T02:26:52.475+0000] {subprocess.py:106} INFO -                        'Cumplimiento_Calc', 'Nueva_Prioridad_Calc', 'Meta_Individual_Calc',
[2025-01-31T02:26:52.477+0000] {subprocess.py:106} INFO -                        'Meta_Presidencia_Calc', 'Meta_IFI_Calc', '3G_Calc', 'TMX_Minutos_Calc',
[2025-01-31T02:26:52.479+0000] {subprocess.py:106} INFO -                        'TMX_Calc', 'Reincidencia_Calc', 'Recurrencia_Calc', 'RESPONSABILIDAD',
[2025-01-31T02:26:52.480+0000] {subprocess.py:106} INFO -                        'LLAVE_GENERAL_Calc', 'LLAVE_Reincidencia_Calc',
[2025-01-31T02:26:52.481+0000] {subprocess.py:106} INFO -                        'Reclasificacion_Reinc_Calc', 'FCR', 'Cluster_Actual_Calc',
[2025-01-31T02:26:52.483+0000] {subprocess.py:106} INFO -                        'Celula_Comercial_Calc', 'Clasif_Por_IVR_Calc', 'TIPO TICKET',
[2025-01-31T02:26:52.485+0000] {subprocess.py:106} INFO -                        'DT_CONCILIADO', 'CONTACTO DESTINO', 'TICKET_CARRIER', 'ALIAS ENLACE',
[2025-01-31T02:26:52.486+0000] {subprocess.py:106} INFO -                        'FECHA_SOLUCION', 'TIEMPO INCIDENTE', 'RANGO HORA', 'TICKET_MAXIMO',
[2025-01-31T02:26:52.488+0000] {subprocess.py:106} INFO -                        'REGIONAL', 'DIRECTOR', 'PN', 'G_SEGMENTO', 'G_Clasif_Por_IVR_Calc',
[2025-01-31T02:26:52.489+0000] {subprocess.py:106} INFO -                        'NODO', 'Agrupacion_Especiales', 'Interno / Externo', 'VENDOR',
[2025-01-31T02:26:52.490+0000] {subprocess.py:106} INFO -                        'Numero_CUN', 'TIPOSERVICIO', 'SUBTIPO', 'CASO RELACION', 'RELACION',
[2025-01-31T02:26:52.492+0000] {subprocess.py:106} INFO -                        'INICIO INTERRUPCION', 'FIN INTERRUPCION', 'DOWNTIME_VENDOR',
[2025-01-31T02:26:52.493+0000] {subprocess.py:106} INFO -                        'Autogestión', 'RESUELTO_SWAT', 'eyn_ofensor', 'eyn_problema',
[2025-01-31T02:26:52.495+0000] {subprocess.py:106} INFO -                        'eyn_causa'],
[2025-01-31T02:26:52.496+0000] {subprocess.py:106} INFO -                       dtype='object')
[2025-01-31T02:26:52.569+0000] {subprocess.py:106} INFO - 2025-01-31 02:26:52,568 - etl_ex_bbva - ERROR - Execution error etl_ex_bbva.py: argument of type 'int' is not iterable
[2025-01-31T02:26:52.599+0000] {subprocess.py:106} INFO - Conexión exitosa a la base de datos: calidad_etl
[2025-01-31T02:26:53.284+0000] {subprocess.py:110} INFO - Command exited with return code 0
[2025-01-31T02:26:53.345+0000] {taskinstance.py:340} INFO - ::group::Post task execution logs
[2025-01-31T02:26:53.347+0000] {taskinstance.py:352} INFO - Marking task as SUCCESS. dag_id=etl_reporte_como_vamos, task_id=etl_ex_bbva, run_id=manual__2025-01-31T02:22:42.240857+00:00, execution_date=20250131T022242, start_date=20250131T022244, end_date=20250131T022653
[2025-01-31T02:26:53.426+0000] {local_task_job_runner.py:266} INFO - Task exited with return code 0
[2025-01-31T02:26:53.456+0000] {taskinstance.py:3895} INFO - 0 downstream tasks scheduled from follow-on schedule check
[2025-01-31T02:26:53.464+0000] {local_task_job_runner.py:245} INFO - ::endgroup::
