[2025-01-28T06:14:36.437+0000] {local_task_job_runner.py:123} INFO - ::group::Pre task execution logs
[2025-01-28T06:14:36.489+0000] {taskinstance.py:2613} INFO - Dependencies all met for dep_context=non-requeueable deps ti=<TaskInstance: etl_reporte_como_vamos.task_bot_como_vamos manual__2025-01-28T06:14:33.971206+00:00 [queued]>
[2025-01-28T06:14:36.517+0000] {taskinstance.py:2613} INFO - Dependencies all met for dep_context=requeueable deps ti=<TaskInstance: etl_reporte_como_vamos.task_bot_como_vamos manual__2025-01-28T06:14:33.971206+00:00 [queued]>
[2025-01-28T06:14:36.519+0000] {taskinstance.py:2866} INFO - Starting attempt 1 of 2
[2025-01-28T06:14:36.566+0000] {taskinstance.py:2889} INFO - Executing <Task(BashOperator): task_bot_como_vamos> on 2025-01-28 06:14:33.971206+00:00
[2025-01-28T06:14:36.581+0000] {standard_task_runner.py:104} INFO - Running: ['***', 'tasks', 'run', 'etl_reporte_como_vamos', 'task_bot_como_vamos', 'manual__2025-01-28T06:14:33.971206+00:00', '--job-id', '45', '--raw', '--subdir', 'DAGS_FOLDER/etl_como_vamos_dag.py', '--cfg-path', '/tmp/tmpca1w2wsw']
[2025-01-28T06:14:36.586+0000] {standard_task_runner.py:105} INFO - Job 45: Subtask task_bot_como_vamos
[2025-01-28T06:14:36.595+0000] {logging_mixin.py:190} WARNING - /home/***/.local/lib/python3.12/site-packages/***/task/task_runner/standard_task_runner.py:70 DeprecationWarning: This process (pid=1247) is multi-threaded, use of fork() may lead to deadlocks in the child.
[2025-01-28T06:14:36.598+0000] {standard_task_runner.py:72} INFO - Started process 1248 to run task
[2025-01-28T06:14:36.724+0000] {task_command.py:467} INFO - Running <TaskInstance: etl_reporte_como_vamos.task_bot_como_vamos manual__2025-01-28T06:14:33.971206+00:00 [running]> on host afb55d3219bf
[2025-01-28T06:14:37.859+0000] {taskinstance.py:3132} INFO - Exporting env vars: AIRFLOW_CTX_DAG_OWNER='***' AIRFLOW_CTX_DAG_ID='etl_reporte_como_vamos' AIRFLOW_CTX_TASK_ID='task_bot_como_vamos' AIRFLOW_CTX_EXECUTION_DATE='2025-01-28T06:14:33.971206+00:00' AIRFLOW_CTX_TRY_NUMBER='1' AIRFLOW_CTX_DAG_RUN_ID='manual__2025-01-28T06:14:33.971206+00:00'
[2025-01-28T06:14:37.861+0000] {taskinstance.py:731} INFO - ::endgroup::
[2025-01-28T06:14:37.911+0000] {subprocess.py:78} INFO - Tmp dir root location: /tmp
[2025-01-28T06:14:37.913+0000] {subprocess.py:88} INFO - Running command: ['/usr/bin/bash', '-c', 'python /opt/***/scripts/bot_reporte_como_vamos.py']
[2025-01-28T06:14:37.937+0000] {subprocess.py:99} INFO - Output:
[2025-01-28T06:14:42.070+0000] {subprocess.py:106} INFO - ic| start_date: '01/01/2025', end_date: '28/01/2025'
[2025-01-28T06:14:42.071+0000] {subprocess.py:106} INFO - 2025-01-28 06:14:42,070 - bot_como_vamos - INFO - Starting script bot_como_vamos.py
[2025-01-28T06:15:26.124+0000] {job.py:229} INFO - Heartbeat recovered after 16.43 seconds
[2025-01-28T06:16:00.855+0000] {job.py:229} INFO - Heartbeat recovered after 36.62 seconds
[2025-01-28T06:17:12.212+0000] {subprocess.py:106} INFO - 2025-01-28 06:17:12,211 - root - ERROR - Execution error: Message: unknown error: session deleted because of page crash
[2025-01-28T06:17:12.237+0000] {subprocess.py:106} INFO - from unknown error: cannot determine loading status
[2025-01-28T06:17:12.240+0000] {subprocess.py:106} INFO - from tab crashed
[2025-01-28T06:17:12.242+0000] {subprocess.py:106} INFO -   (Session info: chrome=132.0.6834.110)
[2025-01-28T06:17:12.245+0000] {subprocess.py:106} INFO - Stacktrace:
[2025-01-28T06:17:12.248+0000] {subprocess.py:106} INFO - #0 0x561dba948dca <unknown>
[2025-01-28T06:17:12.250+0000] {subprocess.py:106} INFO - #1 0x561dba43f24d <unknown>
[2025-01-28T06:17:12.252+0000] {subprocess.py:106} INFO - #2 0x561dba428b4e <unknown>
[2025-01-28T06:17:12.254+0000] {subprocess.py:106} INFO - #3 0x561dba427d4e <unknown>
[2025-01-28T06:17:12.257+0000] {subprocess.py:106} INFO - #4 0x561dba4276dc <unknown>
[2025-01-28T06:17:12.259+0000] {subprocess.py:106} INFO - #5 0x561dba4273b9 <unknown>
[2025-01-28T06:17:12.266+0000] {subprocess.py:106} INFO - #6 0x561dba425346 <unknown>
[2025-01-28T06:17:12.268+0000] {subprocess.py:106} INFO - #7 0x561dba425b2f <unknown>
[2025-01-28T06:17:12.273+0000] {subprocess.py:106} INFO - #8 0x561dba435447 <unknown>
[2025-01-28T06:17:12.278+0000] {subprocess.py:106} INFO - #9 0x561dba44c6b4 <unknown>
[2025-01-28T06:17:12.280+0000] {subprocess.py:106} INFO - #10 0x561dba4525ab <unknown>
[2025-01-28T06:17:12.283+0000] {subprocess.py:106} INFO - #11 0x561dba426237 <unknown>
[2025-01-28T06:17:12.286+0000] {subprocess.py:106} INFO - #12 0x561dba44c18d <unknown>
[2025-01-28T06:17:12.293+0000] {subprocess.py:106} INFO - #13 0x561dba4d2849 <unknown>
[2025-01-28T06:17:12.297+0000] {subprocess.py:106} INFO - #14 0x561dba4b3833 <unknown>
[2025-01-28T06:17:12.300+0000] {subprocess.py:106} INFO - #15 0x561dba4805a0 <unknown>
[2025-01-28T06:17:12.302+0000] {subprocess.py:106} INFO - #16 0x561dba481ece <unknown>
[2025-01-28T06:17:12.305+0000] {subprocess.py:106} INFO - #17 0x561dba912bdb <unknown>
[2025-01-28T06:17:12.309+0000] {subprocess.py:106} INFO - #18 0x561dba916b67 <unknown>
[2025-01-28T06:17:12.311+0000] {subprocess.py:106} INFO - #19 0x561dba8fe3bc <unknown>
[2025-01-28T06:17:12.313+0000] {subprocess.py:106} INFO - #20 0x561dba917727 <unknown>
[2025-01-28T06:17:12.315+0000] {subprocess.py:106} INFO - #21 0x561dba8e274f <unknown>
[2025-01-28T06:17:12.318+0000] {subprocess.py:106} INFO - #22 0x561dba937938 <unknown>
[2025-01-28T06:17:12.320+0000] {subprocess.py:106} INFO - #23 0x561dba937b00 <unknown>
[2025-01-28T06:17:12.322+0000] {subprocess.py:106} INFO - #24 0x561dba947c46 <unknown>
[2025-01-28T06:17:12.324+0000] {subprocess.py:106} INFO - #25 0x7effea89ca94 <unknown>
[2025-01-28T06:17:12.326+0000] {subprocess.py:106} INFO - #26 0x7effea929c3c <unknown>
[2025-01-28T06:17:12.328+0000] {subprocess.py:106} INFO - 
[2025-01-28T06:17:12.398+0000] {subprocess.py:106} INFO - ic| file: '***tmpv6n3z5_h'
[2025-01-28T06:17:12.400+0000] {subprocess.py:106} INFO - ic| file: 'pymp-qmczygfr'
[2025-01-28T06:17:12.403+0000] {subprocess.py:106} INFO - ic| file: 'hsperfdata_root'
[2025-01-28T06:17:15.042+0000] {job.py:229} INFO - Heartbeat recovered after 59.16 seconds
[2025-01-28T06:17:17.401+0000] {subprocess.py:106} INFO - ic| file: '***tmpv6n3z5_h'
[2025-01-28T06:17:17.403+0000] {subprocess.py:106} INFO - ic| file: 'pymp-qmczygfr'
[2025-01-28T06:17:17.405+0000] {subprocess.py:106} INFO - ic| file: 'hsperfdata_root'
[2025-01-28T06:17:22.408+0000] {subprocess.py:106} INFO - ic| file: '***tmpv6n3z5_h'
[2025-01-28T06:17:22.409+0000] {subprocess.py:106} INFO - ic| file: 'pymp-qmczygfr'
[2025-01-28T06:17:22.411+0000] {subprocess.py:106} INFO - ic| file: 'hsperfdata_root'
[2025-01-28T06:17:27.411+0000] {subprocess.py:106} INFO - ic| file: '***tmpv6n3z5_h'
[2025-01-28T06:17:27.413+0000] {subprocess.py:106} INFO - ic| file: 'pymp-qmczygfr'
[2025-01-28T06:17:27.415+0000] {subprocess.py:106} INFO - ic| file: 'hsperfdata_root'
[2025-01-28T06:17:32.414+0000] {subprocess.py:106} INFO - ic| file: '***tmpv6n3z5_h'
[2025-01-28T06:17:32.417+0000] {subprocess.py:106} INFO - ic| file: 'pymp-qmczygfr'
[2025-01-28T06:17:32.418+0000] {subprocess.py:106} INFO - ic| file: 'hsperfdata_root'
[2025-01-28T06:17:37.417+0000] {subprocess.py:106} INFO - ic| file: '***tmpv6n3z5_h'
[2025-01-28T06:17:37.419+0000] {subprocess.py:106} INFO - ic| file: 'pymp-qmczygfr'
[2025-01-28T06:17:37.420+0000] {subprocess.py:106} INFO - ic| file: 'hsperfdata_root'
[2025-01-28T06:17:42.487+0000] {subprocess.py:106} INFO - ic| file: '***tmpv6n3z5_h'
[2025-01-28T06:17:42.489+0000] {subprocess.py:106} INFO - ic| file: 'pymp-qmczygfr'
[2025-01-28T06:17:42.491+0000] {subprocess.py:106} INFO - ic| file: 'hsperfdata_root'
[2025-01-28T06:17:47.490+0000] {subprocess.py:106} INFO - ic| file: '***tmpv6n3z5_h'
[2025-01-28T06:17:47.492+0000] {subprocess.py:106} INFO - ic| file: 'pymp-qmczygfr'
[2025-01-28T06:17:47.494+0000] {subprocess.py:106} INFO - ic| file: 'hsperfdata_root'
[2025-01-28T06:17:52.492+0000] {subprocess.py:106} INFO - ic| file: '***tmpv6n3z5_h'
[2025-01-28T06:17:52.493+0000] {subprocess.py:106} INFO - ic| file: 'pymp-qmczygfr'
[2025-01-28T06:17:52.495+0000] {subprocess.py:106} INFO - ic| file: 'hsperfdata_root'
[2025-01-28T06:17:57.495+0000] {subprocess.py:106} INFO - ic| file: '***tmpv6n3z5_h'
[2025-01-28T06:17:57.497+0000] {subprocess.py:106} INFO - ic| file: 'pymp-qmczygfr'
[2025-01-28T06:17:57.498+0000] {subprocess.py:106} INFO - ic| file: 'hsperfdata_root'
[2025-01-28T06:18:02.497+0000] {subprocess.py:106} INFO - ic| file: '***tmpv6n3z5_h'
[2025-01-28T06:18:02.499+0000] {subprocess.py:106} INFO - ic| file: 'pymp-qmczygfr'
[2025-01-28T06:18:02.501+0000] {subprocess.py:106} INFO - ic| file: 'hsperfdata_root'
[2025-01-28T06:18:07.500+0000] {subprocess.py:106} INFO - ic| file: '***tmpv6n3z5_h'
[2025-01-28T06:18:07.501+0000] {subprocess.py:106} INFO - ic| file: 'pymp-qmczygfr'
[2025-01-28T06:18:07.503+0000] {subprocess.py:106} INFO - ic| file: 'hsperfdata_root'
[2025-01-28T06:18:12.502+0000] {subprocess.py:106} INFO - ic| file: '***tmpv6n3z5_h'
[2025-01-28T06:18:12.504+0000] {subprocess.py:106} INFO - ic| file: 'pymp-qmczygfr'
[2025-01-28T06:18:12.504+0000] {subprocess.py:106} INFO - ic| file: 'hsperfdata_root'
[2025-01-28T06:18:17.504+0000] {subprocess.py:106} INFO - ic| file: '***tmpv6n3z5_h'
[2025-01-28T06:18:17.506+0000] {subprocess.py:106} INFO - ic| file: 'pymp-qmczygfr'
[2025-01-28T06:18:17.507+0000] {subprocess.py:106} INFO - ic| file: 'hsperfdata_root'
[2025-01-28T06:18:22.506+0000] {subprocess.py:106} INFO - ic| file: '***tmpv6n3z5_h'
[2025-01-28T06:18:22.508+0000] {subprocess.py:106} INFO - ic| file: 'pymp-qmczygfr'
[2025-01-28T06:18:22.509+0000] {subprocess.py:106} INFO - ic| file: 'hsperfdata_root'
[2025-01-28T06:18:27.509+0000] {subprocess.py:106} INFO - ic| file: '***tmpv6n3z5_h'
[2025-01-28T06:18:27.511+0000] {subprocess.py:106} INFO - ic| file: 'pymp-qmczygfr'
[2025-01-28T06:18:27.513+0000] {subprocess.py:106} INFO - ic| file: 'hsperfdata_root'
[2025-01-28T06:18:32.512+0000] {subprocess.py:106} INFO - ic| file: '***tmpv6n3z5_h'
[2025-01-28T06:18:32.514+0000] {subprocess.py:106} INFO - ic| file: 'pymp-qmczygfr'
[2025-01-28T06:18:32.515+0000] {subprocess.py:106} INFO - ic| file: 'hsperfdata_root'
[2025-01-28T06:18:37.514+0000] {subprocess.py:106} INFO - ic| file: '***tmpv6n3z5_h'
[2025-01-28T06:18:37.516+0000] {subprocess.py:106} INFO - ic| file: 'pymp-qmczygfr'
[2025-01-28T06:18:37.518+0000] {subprocess.py:106} INFO - ic| file: 'hsperfdata_root'
[2025-01-28T06:18:42.517+0000] {subprocess.py:106} INFO - ic| file: '***tmpv6n3z5_h'
[2025-01-28T06:18:42.519+0000] {subprocess.py:106} INFO - ic| file: 'pymp-qmczygfr'
[2025-01-28T06:18:42.521+0000] {subprocess.py:106} INFO - ic| file: 'hsperfdata_root'
[2025-01-28T06:18:47.520+0000] {subprocess.py:106} INFO - ic| file: '***tmpv6n3z5_h'
[2025-01-28T06:18:47.521+0000] {subprocess.py:106} INFO - ic| file: 'pymp-qmczygfr'
[2025-01-28T06:18:47.523+0000] {subprocess.py:106} INFO - ic| file: 'hsperfdata_root'
[2025-01-28T06:18:52.522+0000] {subprocess.py:106} INFO - ic| file: '***tmpv6n3z5_h'
[2025-01-28T06:18:52.523+0000] {subprocess.py:106} INFO - ic| file: 'pymp-qmczygfr'
[2025-01-28T06:18:52.524+0000] {subprocess.py:106} INFO - ic| file: 'hsperfdata_root'
[2025-01-28T06:18:57.524+0000] {subprocess.py:106} INFO - ic| file: '***tmpv6n3z5_h'
[2025-01-28T06:18:57.526+0000] {subprocess.py:106} INFO - ic| file: 'pymp-qmczygfr'
[2025-01-28T06:18:57.528+0000] {subprocess.py:106} INFO - ic| file: 'hsperfdata_root'
[2025-01-28T06:19:02.525+0000] {subprocess.py:106} INFO - ic| file: '***tmpv6n3z5_h'
[2025-01-28T06:19:02.527+0000] {subprocess.py:106} INFO - ic| file: 'pymp-qmczygfr'
[2025-01-28T06:19:02.528+0000] {subprocess.py:106} INFO - ic| file: 'hsperfdata_root'
[2025-01-28T06:19:07.528+0000] {subprocess.py:106} INFO - ic| file: '***tmpv6n3z5_h'
[2025-01-28T06:19:07.530+0000] {subprocess.py:106} INFO - ic| file: 'pymp-qmczygfr'
[2025-01-28T06:19:07.532+0000] {subprocess.py:106} INFO - ic| file: 'hsperfdata_root'
[2025-01-28T06:19:12.532+0000] {subprocess.py:106} INFO - ic| file: '***tmpv6n3z5_h'
[2025-01-28T06:19:12.533+0000] {subprocess.py:106} INFO - ic| file: 'pymp-qmczygfr'
[2025-01-28T06:19:12.534+0000] {subprocess.py:106} INFO - ic| file: 'hsperfdata_root'
[2025-01-28T06:19:17.534+0000] {subprocess.py:106} INFO - ic| file: '***tmpv6n3z5_h'
[2025-01-28T06:19:17.536+0000] {subprocess.py:106} INFO - ic| file: 'pymp-qmczygfr'
[2025-01-28T06:19:17.538+0000] {subprocess.py:106} INFO - ic| file: 'hsperfdata_root'
[2025-01-28T06:19:22.537+0000] {subprocess.py:106} INFO - ic| file: '***tmpv6n3z5_h'
[2025-01-28T06:19:22.539+0000] {subprocess.py:106} INFO - ic| file: 'pymp-qmczygfr'
[2025-01-28T06:19:22.541+0000] {subprocess.py:106} INFO - ic| file: 'hsperfdata_root'
[2025-01-28T06:19:27.539+0000] {subprocess.py:106} INFO - ic| file: '***tmpv6n3z5_h'
[2025-01-28T06:19:27.541+0000] {subprocess.py:106} INFO - ic| file: 'pymp-qmczygfr'
[2025-01-28T06:19:27.542+0000] {subprocess.py:106} INFO - ic| file: 'hsperfdata_root'
[2025-01-28T06:19:32.542+0000] {subprocess.py:106} INFO - ic| file: '***tmpv6n3z5_h'
[2025-01-28T06:19:32.544+0000] {subprocess.py:106} INFO - ic| file: 'pymp-qmczygfr'
[2025-01-28T06:19:32.546+0000] {subprocess.py:106} INFO - ic| file: 'hsperfdata_root'
[2025-01-28T06:19:37.545+0000] {subprocess.py:106} INFO - ic| file: '***tmpv6n3z5_h'
[2025-01-28T06:19:37.547+0000] {subprocess.py:106} INFO - ic| file: 'pymp-qmczygfr'
[2025-01-28T06:19:37.548+0000] {subprocess.py:106} INFO - ic| file: 'hsperfdata_root'
[2025-01-28T06:19:42.548+0000] {subprocess.py:106} INFO - ic| file: '***tmpv6n3z5_h'
[2025-01-28T06:19:42.550+0000] {subprocess.py:106} INFO - ic| file: 'pymp-qmczygfr'
[2025-01-28T06:19:42.552+0000] {subprocess.py:106} INFO - ic| file: 'hsperfdata_root'
[2025-01-28T06:19:47.552+0000] {subprocess.py:106} INFO - ic| file: '***tmpv6n3z5_h'
[2025-01-28T06:19:47.554+0000] {subprocess.py:106} INFO - ic| file: 'pymp-qmczygfr'
[2025-01-28T06:19:47.556+0000] {subprocess.py:106} INFO - ic| file: 'hsperfdata_root'
[2025-01-28T06:19:52.555+0000] {subprocess.py:106} INFO - ic| file: '***tmpv6n3z5_h'
[2025-01-28T06:19:52.557+0000] {subprocess.py:106} INFO - ic| file: 'pymp-qmczygfr'
[2025-01-28T06:19:52.559+0000] {subprocess.py:106} INFO - ic| file: 'hsperfdata_root'
[2025-01-28T06:19:57.559+0000] {subprocess.py:106} INFO - ic| file: '***tmpv6n3z5_h'
[2025-01-28T06:19:57.561+0000] {subprocess.py:106} INFO - ic| file: 'pymp-qmczygfr'
[2025-01-28T06:19:57.562+0000] {subprocess.py:106} INFO - ic| file: 'hsperfdata_root'
[2025-01-28T06:20:02.562+0000] {subprocess.py:106} INFO - ic| file: '***tmpv6n3z5_h'
[2025-01-28T06:20:02.565+0000] {subprocess.py:106} INFO - ic| file: 'pymp-qmczygfr'
[2025-01-28T06:20:02.566+0000] {subprocess.py:106} INFO - ic| file: 'hsperfdata_root'
[2025-01-28T06:20:07.566+0000] {subprocess.py:106} INFO - ic| file: '***tmpv6n3z5_h'
[2025-01-28T06:20:07.569+0000] {subprocess.py:106} INFO - ic| file: 'pymp-qmczygfr'
[2025-01-28T06:20:07.570+0000] {subprocess.py:106} INFO - ic| file: 'hsperfdata_root'
[2025-01-28T06:20:12.571+0000] {subprocess.py:106} INFO - ic| file: '***tmpv6n3z5_h'
[2025-01-28T06:20:12.573+0000] {subprocess.py:106} INFO - ic| file: 'pymp-qmczygfr'
[2025-01-28T06:20:12.575+0000] {subprocess.py:106} INFO - ic| file: 'hsperfdata_root'
[2025-01-28T06:20:17.574+0000] {subprocess.py:106} INFO - ic| file: '***tmpv6n3z5_h'
[2025-01-28T06:20:17.576+0000] {subprocess.py:106} INFO - ic| file: 'pymp-qmczygfr'
[2025-01-28T06:20:17.578+0000] {subprocess.py:106} INFO - ic| file: 'hsperfdata_root'
[2025-01-28T06:20:22.577+0000] {subprocess.py:106} INFO - ic| file: '***tmpv6n3z5_h'
[2025-01-28T06:20:22.579+0000] {subprocess.py:106} INFO - ic| file: 'pymp-qmczygfr'
[2025-01-28T06:20:22.582+0000] {subprocess.py:106} INFO - ic| file: 'hsperfdata_root'
[2025-01-28T06:20:27.579+0000] {subprocess.py:106} INFO - ic| file: '***tmpv6n3z5_h'
[2025-01-28T06:20:27.581+0000] {subprocess.py:106} INFO - ic| file: 'pymp-qmczygfr'
[2025-01-28T06:20:27.582+0000] {subprocess.py:106} INFO - ic| file: 'hsperfdata_root'
[2025-01-28T06:20:32.581+0000] {subprocess.py:106} INFO - ic| file: '***tmpv6n3z5_h'
[2025-01-28T06:20:32.582+0000] {subprocess.py:106} INFO - ic| file: 'pymp-qmczygfr'
[2025-01-28T06:20:32.582+0000] {subprocess.py:106} INFO - ic| file: 'hsperfdata_root'
[2025-01-28T06:20:37.582+0000] {subprocess.py:106} INFO - ic| file: '***tmpv6n3z5_h'
[2025-01-28T06:20:37.584+0000] {subprocess.py:106} INFO - ic| file: 'pymp-qmczygfr'
[2025-01-28T06:20:37.584+0000] {subprocess.py:106} INFO - ic| file: 'hsperfdata_root'
[2025-01-28T06:20:42.586+0000] {subprocess.py:106} INFO - ic| file: '***tmpv6n3z5_h'
[2025-01-28T06:20:42.587+0000] {subprocess.py:106} INFO - ic| file: 'pymp-qmczygfr'
[2025-01-28T06:20:42.588+0000] {subprocess.py:106} INFO - ic| file: 'hsperfdata_root'
[2025-01-28T06:20:47.588+0000] {subprocess.py:106} INFO - ic| file: '***tmpv6n3z5_h'
[2025-01-28T06:20:47.589+0000] {subprocess.py:106} INFO - ic| file: 'pymp-qmczygfr'
[2025-01-28T06:20:47.592+0000] {subprocess.py:106} INFO - ic| file: 'hsperfdata_root'
[2025-01-28T06:20:52.590+0000] {subprocess.py:106} INFO - ic| file: '***tmpv6n3z5_h'
[2025-01-28T06:20:52.592+0000] {subprocess.py:106} INFO - ic| file: 'pymp-qmczygfr'
[2025-01-28T06:20:52.593+0000] {subprocess.py:106} INFO - ic| file: 'hsperfdata_root'
[2025-01-28T06:20:57.594+0000] {subprocess.py:106} INFO - ic| file: '***tmpv6n3z5_h'
[2025-01-28T06:20:57.596+0000] {subprocess.py:106} INFO - ic| file: 'pymp-qmczygfr'
[2025-01-28T06:20:57.598+0000] {subprocess.py:106} INFO - ic| file: 'hsperfdata_root'
[2025-01-28T06:21:02.597+0000] {subprocess.py:106} INFO - ic| file: '***tmpv6n3z5_h'
[2025-01-28T06:21:02.599+0000] {subprocess.py:106} INFO - ic| file: 'pymp-qmczygfr'
[2025-01-28T06:21:02.601+0000] {subprocess.py:106} INFO - ic| file: 'hsperfdata_root'
[2025-01-28T06:21:07.599+0000] {subprocess.py:106} INFO - ic| file: '***tmpv6n3z5_h'
[2025-01-28T06:21:07.601+0000] {subprocess.py:106} INFO - ic| file: 'pymp-qmczygfr'
[2025-01-28T06:21:07.602+0000] {subprocess.py:106} INFO - ic| file: 'hsperfdata_root'
[2025-01-28T06:21:12.602+0000] {subprocess.py:106} INFO - ic| file: '***tmpv6n3z5_h'
[2025-01-28T06:21:12.604+0000] {subprocess.py:106} INFO - ic| file: 'pymp-qmczygfr'
[2025-01-28T06:21:12.606+0000] {subprocess.py:106} INFO - ic| file: 'hsperfdata_root'
[2025-01-28T06:21:17.605+0000] {subprocess.py:106} INFO - ic| file: '***tmpv6n3z5_h'
[2025-01-28T06:21:17.606+0000] {subprocess.py:106} INFO - ic| file: 'pymp-qmczygfr'
[2025-01-28T06:21:17.607+0000] {subprocess.py:106} INFO - ic| file: 'hsperfdata_root'
[2025-01-28T06:21:22.607+0000] {subprocess.py:106} INFO - ic| file: '***tmpv6n3z5_h'
[2025-01-28T06:21:22.609+0000] {subprocess.py:106} INFO - ic| file: 'pymp-qmczygfr'
[2025-01-28T06:21:22.610+0000] {subprocess.py:106} INFO - ic| file: 'hsperfdata_root'
[2025-01-28T06:21:27.610+0000] {subprocess.py:106} INFO - ic| file: '***tmpv6n3z5_h'
[2025-01-28T06:21:27.612+0000] {subprocess.py:106} INFO - ic| file: 'pymp-qmczygfr'
[2025-01-28T06:21:27.614+0000] {subprocess.py:106} INFO - ic| file: 'hsperfdata_root'
[2025-01-28T06:21:32.612+0000] {subprocess.py:106} INFO - ic| file: '***tmpv6n3z5_h'
[2025-01-28T06:21:32.613+0000] {subprocess.py:106} INFO - ic| file: 'pymp-qmczygfr'
[2025-01-28T06:21:32.614+0000] {subprocess.py:106} INFO - ic| file: 'hsperfdata_root'
[2025-01-28T06:21:37.614+0000] {subprocess.py:106} INFO - ic| file: '***tmpv6n3z5_h'
[2025-01-28T06:21:37.616+0000] {subprocess.py:106} INFO - ic| file: 'pymp-qmczygfr'
[2025-01-28T06:21:37.619+0000] {subprocess.py:106} INFO - ic| file: 'hsperfdata_root'
[2025-01-28T06:21:42.619+0000] {subprocess.py:106} INFO - ic| file: '***tmpv6n3z5_h'
[2025-01-28T06:21:42.621+0000] {subprocess.py:106} INFO - ic| file: 'pymp-qmczygfr'
[2025-01-28T06:21:42.623+0000] {subprocess.py:106} INFO - ic| file: 'hsperfdata_root'
[2025-01-28T06:21:47.623+0000] {subprocess.py:106} INFO - ic| file: '***tmpv6n3z5_h'
[2025-01-28T06:21:47.627+0000] {subprocess.py:106} INFO - ic| file: 'pymp-qmczygfr'
[2025-01-28T06:21:47.629+0000] {subprocess.py:106} INFO - ic| file: 'hsperfdata_root'
[2025-01-28T06:21:52.627+0000] {subprocess.py:106} INFO - ic| file: '***tmpv6n3z5_h'
[2025-01-28T06:21:52.630+0000] {subprocess.py:106} INFO - ic| file: 'pymp-qmczygfr'
[2025-01-28T06:21:52.632+0000] {subprocess.py:106} INFO - ic| file: 'hsperfdata_root'
[2025-01-28T06:21:57.631+0000] {subprocess.py:106} INFO - ic| file: '***tmpv6n3z5_h'
[2025-01-28T06:21:57.633+0000] {subprocess.py:106} INFO - ic| file: 'pymp-qmczygfr'
[2025-01-28T06:21:57.637+0000] {subprocess.py:106} INFO - ic| file: 'hsperfdata_root'
[2025-01-28T06:22:02.634+0000] {subprocess.py:106} INFO - ic| file: '***tmpv6n3z5_h'
[2025-01-28T06:22:02.635+0000] {subprocess.py:106} INFO - ic| file: 'pymp-qmczygfr'
[2025-01-28T06:22:02.637+0000] {subprocess.py:106} INFO - ic| file: 'hsperfdata_root'
[2025-01-28T06:22:07.637+0000] {subprocess.py:106} INFO - ic| file: '***tmpv6n3z5_h'
[2025-01-28T06:22:07.638+0000] {subprocess.py:106} INFO - ic| file: 'pymp-qmczygfr'
[2025-01-28T06:22:07.640+0000] {subprocess.py:106} INFO - ic| file: 'hsperfdata_root'
[2025-01-28T06:22:12.664+0000] {subprocess.py:106} INFO - ic| file: '***tmpv6n3z5_h'
[2025-01-28T06:22:12.666+0000] {subprocess.py:106} INFO - ic| file: 'pymp-qmczygfr'
[2025-01-28T06:22:12.667+0000] {subprocess.py:106} INFO - ic| file: 'hsperfdata_root'
[2025-01-28T06:22:17.668+0000] {subprocess.py:106} INFO - ic| file: '***tmpv6n3z5_h'
[2025-01-28T06:22:17.669+0000] {subprocess.py:106} INFO - ic| file: 'pymp-qmczygfr'
[2025-01-28T06:22:17.671+0000] {subprocess.py:106} INFO - ic| file: 'hsperfdata_root'
[2025-01-28T06:22:22.679+0000] {subprocess.py:106} INFO - ic| file: '***tmpv6n3z5_h'
[2025-01-28T06:22:22.682+0000] {subprocess.py:106} INFO - ic| file: 'pymp-qmczygfr'
[2025-01-28T06:22:22.684+0000] {subprocess.py:106} INFO - ic| file: 'hsperfdata_root'
[2025-01-28T06:22:27.681+0000] {subprocess.py:106} INFO - ic| file: '***tmpv6n3z5_h'
[2025-01-28T06:22:27.683+0000] {subprocess.py:106} INFO - ic| file: 'pymp-qmczygfr'
[2025-01-28T06:22:27.685+0000] {subprocess.py:106} INFO - ic| file: 'hsperfdata_root'
[2025-01-28T06:22:32.687+0000] {subprocess.py:106} INFO - ic| file: '***tmpv6n3z5_h'
[2025-01-28T06:22:32.690+0000] {subprocess.py:106} INFO - ic| file: 'pymp-qmczygfr'
[2025-01-28T06:22:32.691+0000] {subprocess.py:106} INFO - ic| file: 'hsperfdata_root'
[2025-01-28T06:22:37.690+0000] {subprocess.py:106} INFO - ic| file: '***tmpv6n3z5_h'
[2025-01-28T06:22:37.691+0000] {subprocess.py:106} INFO - ic| file: 'pymp-qmczygfr'
[2025-01-28T06:22:37.692+0000] {subprocess.py:106} INFO - ic| file: 'hsperfdata_root'
[2025-01-28T06:22:42.706+0000] {subprocess.py:106} INFO - ic| file: '***tmpv6n3z5_h'
[2025-01-28T06:22:42.707+0000] {subprocess.py:106} INFO - ic| file: 'pymp-qmczygfr'
[2025-01-28T06:22:42.708+0000] {subprocess.py:106} INFO - ic| file: 'hsperfdata_root'
[2025-01-28T06:22:47.707+0000] {subprocess.py:106} INFO - ic| file: '***tmpv6n3z5_h'
[2025-01-28T06:22:47.714+0000] {subprocess.py:106} INFO - ic| file: 'pymp-qmczygfr'
[2025-01-28T06:22:47.715+0000] {subprocess.py:106} INFO - ic| file: 'hsperfdata_root'
[2025-01-28T06:22:52.710+0000] {subprocess.py:106} INFO - ic| file: '***tmpv6n3z5_h'
[2025-01-28T06:22:52.711+0000] {subprocess.py:106} INFO - ic| file: 'pymp-qmczygfr'
[2025-01-28T06:22:52.712+0000] {subprocess.py:106} INFO - ic| file: 'hsperfdata_root'
[2025-01-28T06:22:57.713+0000] {subprocess.py:106} INFO - ic| file: '***tmpv6n3z5_h'
[2025-01-28T06:22:57.715+0000] {subprocess.py:106} INFO - ic| file: 'pymp-qmczygfr'
[2025-01-28T06:22:57.716+0000] {subprocess.py:106} INFO - ic| file: 'hsperfdata_root'
[2025-01-28T06:23:02.715+0000] {subprocess.py:106} INFO - ic| file: '***tmpv6n3z5_h'
[2025-01-28T06:23:02.718+0000] {subprocess.py:106} INFO - ic| file: 'pymp-qmczygfr'
[2025-01-28T06:23:02.719+0000] {subprocess.py:106} INFO - ic| file: 'hsperfdata_root'
[2025-01-28T06:23:07.718+0000] {subprocess.py:106} INFO - ic| file: '***tmpv6n3z5_h'
[2025-01-28T06:23:07.719+0000] {subprocess.py:106} INFO - ic| file: 'pymp-qmczygfr'
[2025-01-28T06:23:07.720+0000] {subprocess.py:106} INFO - ic| file: 'hsperfdata_root'
[2025-01-28T06:23:12.748+0000] {subprocess.py:106} INFO - ic| file: '***tmpv6n3z5_h'
[2025-01-28T06:23:12.749+0000] {subprocess.py:106} INFO - ic| file: 'pymp-qmczygfr'
[2025-01-28T06:23:12.750+0000] {subprocess.py:106} INFO - ic| file: 'hsperfdata_root'
[2025-01-28T06:23:17.750+0000] {subprocess.py:106} INFO - ic| file: '***tmpv6n3z5_h'
[2025-01-28T06:23:17.755+0000] {subprocess.py:106} INFO - ic| file: 'pymp-qmczygfr'
[2025-01-28T06:23:17.756+0000] {subprocess.py:106} INFO - ic| file: 'hsperfdata_root'
[2025-01-28T06:23:22.752+0000] {subprocess.py:106} INFO - ic| file: '***tmpv6n3z5_h'
[2025-01-28T06:23:22.753+0000] {subprocess.py:106} INFO - ic| file: 'pymp-qmczygfr'
[2025-01-28T06:23:22.755+0000] {subprocess.py:106} INFO - ic| file: 'hsperfdata_root'
[2025-01-28T06:23:27.771+0000] {subprocess.py:106} INFO - ic| file: '***tmpv6n3z5_h'
[2025-01-28T06:23:27.773+0000] {subprocess.py:106} INFO - ic| file: 'pymp-qmczygfr'
[2025-01-28T06:23:27.774+0000] {subprocess.py:106} INFO - ic| file: 'hsperfdata_root'
[2025-01-28T06:23:32.774+0000] {subprocess.py:106} INFO - ic| file: '***tmpv6n3z5_h'
[2025-01-28T06:23:32.776+0000] {subprocess.py:106} INFO - ic| file: 'pymp-qmczygfr'
[2025-01-28T06:23:32.778+0000] {subprocess.py:106} INFO - ic| file: 'hsperfdata_root'
[2025-01-28T06:23:37.777+0000] {subprocess.py:106} INFO - ic| file: '***tmpv6n3z5_h'
[2025-01-28T06:23:37.778+0000] {subprocess.py:106} INFO - ic| file: 'pymp-qmczygfr'
[2025-01-28T06:23:37.779+0000] {subprocess.py:106} INFO - ic| file: 'hsperfdata_root'
[2025-01-28T06:23:42.793+0000] {subprocess.py:106} INFO - ic| file: '***tmpv6n3z5_h'
[2025-01-28T06:23:42.797+0000] {subprocess.py:106} INFO - ic| file: 'pymp-qmczygfr'
[2025-01-28T06:23:42.798+0000] {subprocess.py:106} INFO - ic| file: 'hsperfdata_root'
[2025-01-28T06:23:47.809+0000] {subprocess.py:106} INFO - ic| file: '***tmpv6n3z5_h'
[2025-01-28T06:23:47.810+0000] {subprocess.py:106} INFO - ic| file: 'pymp-qmczygfr'
[2025-01-28T06:23:47.811+0000] {subprocess.py:106} INFO - ic| file: 'hsperfdata_root'
[2025-01-28T06:23:52.810+0000] {subprocess.py:106} INFO - ic| file: '***tmpv6n3z5_h'
[2025-01-28T06:23:52.812+0000] {subprocess.py:106} INFO - ic| file: 'pymp-qmczygfr'
[2025-01-28T06:23:52.813+0000] {subprocess.py:106} INFO - ic| file: 'hsperfdata_root'
[2025-01-28T06:23:57.812+0000] {subprocess.py:106} INFO - ic| file: '***tmpv6n3z5_h'
[2025-01-28T06:23:57.814+0000] {subprocess.py:106} INFO - ic| file: 'pymp-qmczygfr'
[2025-01-28T06:23:57.816+0000] {subprocess.py:106} INFO - ic| file: 'hsperfdata_root'
[2025-01-28T06:24:02.815+0000] {subprocess.py:106} INFO - ic| file: '***tmpv6n3z5_h'
[2025-01-28T06:24:02.818+0000] {subprocess.py:106} INFO - ic| file: 'pymp-qmczygfr'
[2025-01-28T06:24:02.819+0000] {subprocess.py:106} INFO - ic| file: 'hsperfdata_root'
[2025-01-28T06:24:07.818+0000] {subprocess.py:106} INFO - ic| file: '***tmpv6n3z5_h'
[2025-01-28T06:24:07.819+0000] {subprocess.py:106} INFO - ic| file: 'pymp-qmczygfr'
[2025-01-28T06:24:07.821+0000] {subprocess.py:106} INFO - ic| file: 'hsperfdata_root'
[2025-01-28T06:24:12.830+0000] {subprocess.py:106} INFO - ic| file: '***tmpv6n3z5_h'
[2025-01-28T06:24:12.831+0000] {subprocess.py:106} INFO - ic| file: 'pymp-qmczygfr'
[2025-01-28T06:24:12.832+0000] {subprocess.py:106} INFO - ic| file: 'hsperfdata_root'
[2025-01-28T06:24:17.832+0000] {subprocess.py:106} INFO - ic| file: '***tmpv6n3z5_h'
[2025-01-28T06:24:17.843+0000] {subprocess.py:106} INFO - ic| file: 'pymp-qmczygfr'
[2025-01-28T06:24:17.846+0000] {subprocess.py:106} INFO - ic| file: 'hsperfdata_root'
[2025-01-28T06:24:22.834+0000] {subprocess.py:106} INFO - ic| file: '***tmpv6n3z5_h'
[2025-01-28T06:24:22.836+0000] {subprocess.py:106} INFO - ic| file: 'pymp-qmczygfr'
[2025-01-28T06:24:22.837+0000] {subprocess.py:106} INFO - ic| file: 'hsperfdata_root'
[2025-01-28T06:24:27.854+0000] {subprocess.py:106} INFO - ic| file: '***tmpv6n3z5_h'
[2025-01-28T06:24:27.855+0000] {subprocess.py:106} INFO - ic| file: 'pymp-qmczygfr'
[2025-01-28T06:24:27.858+0000] {subprocess.py:106} INFO - ic| file: 'hsperfdata_root'
[2025-01-28T06:24:32.857+0000] {subprocess.py:106} INFO - ic| file: '***tmpv6n3z5_h'
[2025-01-28T06:24:32.859+0000] {subprocess.py:106} INFO - ic| file: 'pymp-qmczygfr'
[2025-01-28T06:24:32.860+0000] {subprocess.py:106} INFO - ic| file: 'hsperfdata_root'
[2025-01-28T06:24:37.871+0000] {subprocess.py:106} INFO - ic| file: '***tmpv6n3z5_h'
[2025-01-28T06:24:37.872+0000] {subprocess.py:106} INFO - ic| file: 'pymp-qmczygfr'
[2025-01-28T06:24:37.873+0000] {subprocess.py:106} INFO - ic| file: 'hsperfdata_root'
[2025-01-28T06:24:42.884+0000] {subprocess.py:106} INFO - ic| file: '***tmpv6n3z5_h'
[2025-01-28T06:24:42.886+0000] {subprocess.py:106} INFO - ic| file: 'pymp-qmczygfr'
[2025-01-28T06:24:42.887+0000] {subprocess.py:106} INFO - ic| file: 'hsperfdata_root'
[2025-01-28T06:24:47.886+0000] {subprocess.py:106} INFO - ic| file: '***tmpv6n3z5_h'
[2025-01-28T06:24:47.887+0000] {subprocess.py:106} INFO - ic| file: 'pymp-qmczygfr'
[2025-01-28T06:24:47.888+0000] {subprocess.py:106} INFO - ic| file: 'hsperfdata_root'
[2025-01-28T06:24:52.888+0000] {subprocess.py:106} INFO - ic| file: '***tmpv6n3z5_h'
[2025-01-28T06:24:52.889+0000] {subprocess.py:106} INFO - ic| file: 'pymp-qmczygfr'
[2025-01-28T06:24:52.890+0000] {subprocess.py:106} INFO - ic| file: 'hsperfdata_root'
[2025-01-28T06:24:57.905+0000] {subprocess.py:106} INFO - ic| file: '***tmpv6n3z5_h'
[2025-01-28T06:24:57.906+0000] {subprocess.py:106} INFO - ic| file: 'pymp-qmczygfr'
[2025-01-28T06:24:57.907+0000] {subprocess.py:106} INFO - ic| file: 'hsperfdata_root'
[2025-01-28T06:25:02.908+0000] {subprocess.py:106} INFO - ic| file: '***tmpv6n3z5_h'
[2025-01-28T06:25:02.909+0000] {subprocess.py:106} INFO - ic| file: 'pymp-qmczygfr'
[2025-01-28T06:25:02.910+0000] {subprocess.py:106} INFO - ic| file: 'hsperfdata_root'
[2025-01-28T06:25:04.098+0000] {local_task_job_runner.py:346} WARNING - State of this instance has been externally set to failed. Terminating instance.
[2025-01-28T06:25:04.099+0000] {local_task_job_runner.py:245} INFO - ::endgroup::
[2025-01-28T06:25:04.104+0000] {process_utils.py:132} INFO - Sending 15 to group 1248. PIDs of all processes in the group: [1250, 1248]
[2025-01-28T06:25:04.105+0000] {process_utils.py:87} INFO - Sending the signal 15 to group 1248
[2025-01-28T06:25:04.105+0000] {taskinstance.py:3093} ERROR - Received SIGTERM. Terminating subprocesses.
[2025-01-28T06:25:04.106+0000] {subprocess.py:117} INFO - Sending SIGTERM signal to process group
[2025-01-28T06:25:04.127+0000] {taskinstance.py:340} INFO - ::group::Post task execution logs
[2025-01-28T06:25:04.161+0000] {process_utils.py:80} INFO - Process psutil.Process(pid=1248, status='terminated', exitcode=0, started='06:14:36') (1248) terminated with exit code 0
[2025-01-28T06:25:04.163+0000] {process_utils.py:80} INFO - Process psutil.Process(pid=1250, status='terminated', started='06:14:37') (1250) terminated with exit code None
