[2025-01-31T03:46:26.566+0000] {local_task_job_runner.py:123} INFO - ::group::Pre task execution logs
[2025-01-31T03:46:26.642+0000] {taskinstance.py:2613} INFO - Dependencies all met for dep_context=non-requeueable deps ti=<TaskInstance: etl_reporte_como_vamos.etl_ex_bbva manual__2025-01-31T03:46:22.399344+00:00 [queued]>
[2025-01-31T03:46:26.670+0000] {taskinstance.py:2613} INFO - Dependencies all met for dep_context=requeueable deps ti=<TaskInstance: etl_reporte_como_vamos.etl_ex_bbva manual__2025-01-31T03:46:22.399344+00:00 [queued]>
[2025-01-31T03:46:26.675+0000] {taskinstance.py:2866} INFO - Starting attempt 1 of 1
[2025-01-31T03:46:26.721+0000] {taskinstance.py:2889} INFO - Executing <Task(BashOperator): etl_ex_bbva> on 2025-01-31 03:46:22.399344+00:00
[2025-01-31T03:46:26.750+0000] {warnings.py:112} WARNING - /home/***/.local/lib/python3.12/site-packages/***/task/task_runner/standard_task_runner.py:70: DeprecationWarning: This process (pid=1812) is multi-threaded, use of fork() may lead to deadlocks in the child.
  pid = os.fork()

[2025-01-31T03:46:26.762+0000] {standard_task_runner.py:72} INFO - Started process 1813 to run task
[2025-01-31T03:46:26.769+0000] {standard_task_runner.py:104} INFO - Running: ['***', 'tasks', 'run', 'etl_reporte_como_vamos', 'etl_ex_bbva', 'manual__2025-01-31T03:46:22.399344+00:00', '--job-id', '46', '--raw', '--subdir', 'DAGS_FOLDER/etl_como_vamos_dag.py', '--cfg-path', '/tmp/tmpdf0b1jqj']
[2025-01-31T03:46:26.776+0000] {standard_task_runner.py:105} INFO - Job 46: Subtask etl_ex_bbva
[2025-01-31T03:46:27.032+0000] {task_command.py:467} INFO - Running <TaskInstance: etl_reporte_como_vamos.etl_ex_bbva manual__2025-01-31T03:46:22.399344+00:00 [running]> on host 09b63ee6c6d0
[2025-01-31T03:46:27.393+0000] {taskinstance.py:3132} INFO - Exporting env vars: AIRFLOW_CTX_DAG_OWNER='***' AIRFLOW_CTX_DAG_ID='etl_reporte_como_vamos' AIRFLOW_CTX_TASK_ID='etl_ex_bbva' AIRFLOW_CTX_EXECUTION_DATE='2025-01-31T03:46:22.399344+00:00' AIRFLOW_CTX_TRY_NUMBER='1' AIRFLOW_CTX_DAG_RUN_ID='manual__2025-01-31T03:46:22.399344+00:00'
[2025-01-31T03:46:27.396+0000] {taskinstance.py:731} INFO - ::endgroup::
[2025-01-31T03:46:27.460+0000] {subprocess.py:78} INFO - Tmp dir root location: /tmp
[2025-01-31T03:46:27.469+0000] {subprocess.py:88} INFO - Running command: ['/usr/bin/bash', '-c', 'python /opt/***/scripts/etl_ex_bbva.py']
[2025-01-31T03:46:27.508+0000] {subprocess.py:99} INFO - Output:
[2025-01-31T03:46:34.167+0000] {subprocess.py:106} INFO - ic| params: {'database': 'calidad_etl',
[2025-01-31T03:46:34.169+0000] {subprocess.py:106} INFO -              'host': '172.29.33.204',
[2025-01-31T03:46:34.170+0000] {subprocess.py:106} INFO -              'password': 'calidad2021*',
[2025-01-31T03:46:34.171+0000] {subprocess.py:106} INFO -              'port': '3306',
[2025-01-31T03:46:34.172+0000] {subprocess.py:106} INFO -              'user': 'calidad_etl'}
[2025-01-31T03:46:34.229+0000] {subprocess.py:106} INFO - ic| params: {'database': 'calidad_etl',
[2025-01-31T03:46:34.231+0000] {subprocess.py:106} INFO -              'host': '172.29.33.204',
[2025-01-31T03:46:34.232+0000] {subprocess.py:106} INFO -              'password': 'calidad2021*',
[2025-01-31T03:46:34.233+0000] {subprocess.py:106} INFO -              'port': '3306',
[2025-01-31T03:46:34.234+0000] {subprocess.py:106} INFO -              'user': 'calidad_etl'}
[2025-01-31T03:46:34.519+0000] {subprocess.py:106} INFO - 2025-01-31 03:46:34,519 - assets - INFO - Engine para base de datos: calidad_etl creado exitosamente
[2025-01-31T03:46:34.529+0000] {subprocess.py:106} INFO - ic| fecha_inicio: datetime.date(2025, 1, 1)
[2025-01-31T03:46:34.530+0000] {subprocess.py:106} INFO -     fecha_fin: datetime.date(2025, 1, 31)
[2025-01-31T03:46:34.536+0000] {subprocess.py:106} INFO - ic| query: '
[2025-01-31T03:46:34.538+0000] {subprocess.py:106} INFO -             SELECT * FROM calidad_etl.sm_cerrado
[2025-01-31T03:46:34.540+0000] {subprocess.py:106} INFO -                 WHERE "INSERTAR_DT" >= %s;
[2025-01-31T03:46:34.541+0000] {subprocess.py:106} INFO -             '
[2025-01-31T03:46:35.073+0000] {subprocess.py:106} INFO - 2025-01-31 03:46:35,072 - assets - INFO - SQL query succesfully executed
[2025-01-31T03:46:35.075+0000] {subprocess.py:106} INFO - 2025-01-31 03:46:35,075 - etl_ex_bbva - INFO - Start ETL Exito Tuya BBVA
[2025-01-31T03:49:44.003+0000] {subprocess.py:106} INFO - 2025-01-31 03:49:44,002 - etl_ex_bbva - INFO - Reporte como_vamos.xlsx successfully load
[2025-01-31T03:49:44.386+0000] {subprocess.py:106} INFO - ic| dataset.ID_ATENCION_ONYX: 0    RF1855899
[2025-01-31T03:49:44.388+0000] {subprocess.py:106} INFO -                               1    RF1854799
[2025-01-31T03:49:44.390+0000] {subprocess.py:106} INFO -                               2    RF1854782
[2025-01-31T03:49:44.392+0000] {subprocess.py:106} INFO -                               3    RF1854700
[2025-01-31T03:49:44.394+0000] {subprocess.py:106} INFO -                               4    RF1854764
[2025-01-31T03:49:44.396+0000] {subprocess.py:106} INFO -                               5    RF1854778
[2025-01-31T03:49:44.398+0000] {subprocess.py:106} INFO -                               6    IM2997975
[2025-01-31T03:49:44.400+0000] {subprocess.py:106} INFO -                               7    RF1854818
[2025-01-31T03:49:44.402+0000] {subprocess.py:106} INFO -                               8    RF1854839
[2025-01-31T03:49:44.404+0000] {subprocess.py:106} INFO -                               9    IM3009381
[2025-01-31T03:49:44.406+0000] {subprocess.py:106} INFO -                               Name: ID_ATENCION_ONYX, dtype: object
[2025-01-31T03:49:44.408+0000] {subprocess.py:106} INFO - ic| dataset.ID_ATENCION_ONYX: 9    IM3009381
[2025-01-31T03:49:44.410+0000] {subprocess.py:106} INFO -                               Name: ID_ATENCION_ONYX, dtype: object
[2025-01-31T03:49:44.412+0000] {subprocess.py:106} INFO - 2025-01-31 03:49:44,399 - etl_ex_bbva - INFO - etl_ex_bbva.py success execution
[2025-01-31T03:49:44.439+0000] {subprocess.py:106} INFO - Conexión exitosa a la base de datos: calidad_etl
[2025-01-31T03:49:45.043+0000] {subprocess.py:110} INFO - Command exited with return code 0
[2025-01-31T03:49:45.127+0000] {taskinstance.py:340} INFO - ::group::Post task execution logs
[2025-01-31T03:49:45.130+0000] {taskinstance.py:352} INFO - Marking task as SUCCESS. dag_id=etl_reporte_como_vamos, task_id=etl_ex_bbva, run_id=manual__2025-01-31T03:46:22.399344+00:00, execution_date=20250131T034622, start_date=20250131T034626, end_date=20250131T034945
[2025-01-31T03:49:45.250+0000] {local_task_job_runner.py:266} INFO - Task exited with return code 0
[2025-01-31T03:49:45.290+0000] {taskinstance.py:3895} INFO - 0 downstream tasks scheduled from follow-on schedule check
[2025-01-31T03:49:45.298+0000] {local_task_job_runner.py:245} INFO - ::endgroup::
