[2025-02-01T01:40:56.328+0000] {local_task_job_runner.py:123} INFO - ::group::Pre task execution logs
[2025-02-01T01:40:56.368+0000] {taskinstance.py:2613} INFO - Dependencies all met for dep_context=non-requeueable deps ti=<TaskInstance: etl_reporte_como_vamos.bot_ex_bbva manual__2025-02-01T01:40:54.320367+00:00 [queued]>
[2025-02-01T01:40:56.395+0000] {taskinstance.py:2613} INFO - Dependencies all met for dep_context=requeueable deps ti=<TaskInstance: etl_reporte_como_vamos.bot_ex_bbva manual__2025-02-01T01:40:54.320367+00:00 [queued]>
[2025-02-01T01:40:56.397+0000] {taskinstance.py:2866} INFO - Starting attempt 1 of 1
[2025-02-01T01:40:56.432+0000] {taskinstance.py:2889} INFO - Executing <Task(BashOperator): bot_ex_bbva> on 2025-02-01 01:40:54.320367+00:00
[2025-02-01T01:40:56.444+0000] {warnings.py:112} WARNING - /home/***/.local/lib/python3.12/site-packages/***/task/task_runner/standard_task_runner.py:70: DeprecationWarning: This process (pid=657) is multi-threaded, use of fork() may lead to deadlocks in the child.
  pid = os.fork()

[2025-02-01T01:40:56.447+0000] {standard_task_runner.py:72} INFO - Started process 658 to run task
[2025-02-01T01:40:56.448+0000] {standard_task_runner.py:104} INFO - Running: ['***', 'tasks', 'run', 'etl_reporte_como_vamos', 'bot_ex_bbva', 'manual__2025-02-01T01:40:54.320367+00:00', '--job-id', '65', '--raw', '--subdir', 'DAGS_FOLDER/etl_como_vamos_dag.py', '--cfg-path', '/tmp/tmpbbls1091']
[2025-02-01T01:40:56.450+0000] {standard_task_runner.py:105} INFO - Job 65: Subtask bot_ex_bbva
[2025-02-01T01:40:56.538+0000] {task_command.py:467} INFO - Running <TaskInstance: etl_reporte_como_vamos.bot_ex_bbva manual__2025-02-01T01:40:54.320367+00:00 [running]> on host 56024cb05cfe
[2025-02-01T01:40:56.728+0000] {taskinstance.py:3132} INFO - Exporting env vars: AIRFLOW_CTX_DAG_OWNER='***' AIRFLOW_CTX_DAG_ID='etl_reporte_como_vamos' AIRFLOW_CTX_TASK_ID='bot_ex_bbva' AIRFLOW_CTX_EXECUTION_DATE='2025-02-01T01:40:54.320367+00:00' AIRFLOW_CTX_TRY_NUMBER='1' AIRFLOW_CTX_DAG_RUN_ID='manual__2025-02-01T01:40:54.320367+00:00'
[2025-02-01T01:40:56.730+0000] {taskinstance.py:731} INFO - ::endgroup::
[2025-02-01T01:40:56.769+0000] {subprocess.py:78} INFO - Tmp dir root location: /tmp
[2025-02-01T01:40:56.771+0000] {subprocess.py:88} INFO - Running command: ['/usr/bin/bash', '-c', 'python /opt/***/scripts/bot_etl_ex_bbva.py']
[2025-02-01T01:40:56.789+0000] {subprocess.py:99} INFO - Output:
[2025-02-01T01:40:59.020+0000] {subprocess.py:106} INFO - 2025-02-01 01:40:59,020 - bot_etl_ex_bbva - INFO - Bot ETL Exito-BBVA started
[2025-02-01T01:41:00.033+0000] {subprocess.py:106} INFO - 2025-02-01 01:41:00,032 - bot_etl_ex_bbva - INFO - Conexión al Selenium Hub establecida correctamente
[2025-02-01T01:41:40.465+0000] {subprocess.py:106} INFO - 2025-02-01 01:41:40,464 - bot_etl_ex_bbva - INFO - bot_etl_ex_bbva finish execution
[2025-02-01T01:41:40.511+0000] {subprocess.py:110} INFO - Command exited with return code 0
[2025-02-01T01:41:40.554+0000] {taskinstance.py:340} INFO - ::group::Post task execution logs
[2025-02-01T01:41:40.555+0000] {taskinstance.py:352} INFO - Marking task as SUCCESS. dag_id=etl_reporte_como_vamos, task_id=bot_ex_bbva, run_id=manual__2025-02-01T01:40:54.320367+00:00, execution_date=20250201T014054, start_date=20250201T014056, end_date=20250201T014140
[2025-02-01T01:41:40.593+0000] {local_task_job_runner.py:266} INFO - Task exited with return code 0
[2025-02-01T01:41:40.614+0000] {taskinstance.py:3895} INFO - 0 downstream tasks scheduled from follow-on schedule check
[2025-02-01T01:41:40.618+0000] {local_task_job_runner.py:245} INFO - ::endgroup::
