[2025-01-31T23:58:56.129-0500] {local_task_job_runner.py:123} INFO - ::group::Pre task execution logs
[2025-01-31T23:58:56.207-0500] {taskinstance.py:2613} INFO - Dependencies all met for dep_context=non-requeueable deps ti=<TaskInstance: etl_reporte_como_vamos.etl_ex_bbva manual__2025-02-01T04:53:35.210808+00:00 [queued]>
[2025-01-31T23:58:56.240-0500] {taskinstance.py:2613} INFO - Dependencies all met for dep_context=requeueable deps ti=<TaskInstance: etl_reporte_como_vamos.etl_ex_bbva manual__2025-02-01T04:53:35.210808+00:00 [queued]>
[2025-01-31T23:58:56.242-0500] {taskinstance.py:2866} INFO - Starting attempt 1 of 1
[2025-01-31T23:58:56.325-0500] {taskinstance.py:2889} INFO - Executing <Task(BashOperator): etl_ex_bbva> on 2025-02-01 04:53:35.210808+00:00
[2025-01-31T23:58:56.356-0500] {warnings.py:112} WARNING - /home/***/.local/lib/python3.12/site-packages/***/task/task_runner/standard_task_runner.py:70: DeprecationWarning: This process (pid=149) is multi-threaded, use of fork() may lead to deadlocks in the child.
  pid = os.fork()

[2025-01-31T23:58:56.369-0500] {standard_task_runner.py:72} INFO - Started process 152 to run task
[2025-01-31T23:58:56.368-0500] {standard_task_runner.py:104} INFO - Running: ['***', 'tasks', 'run', 'etl_reporte_como_vamos', 'etl_ex_bbva', 'manual__2025-02-01T04:53:35.210808+00:00', '--job-id', '81', '--raw', '--subdir', 'DAGS_FOLDER/etl_como_vamos_dag.py', '--cfg-path', '/tmp/tmpte4gh4kg']
[2025-01-31T23:58:56.373-0500] {standard_task_runner.py:105} INFO - Job 81: Subtask etl_ex_bbva
[2025-01-31T23:58:56.627-0500] {task_command.py:467} INFO - Running <TaskInstance: etl_reporte_como_vamos.etl_ex_bbva manual__2025-02-01T04:53:35.210808+00:00 [running]> on host d596638090b4
[2025-01-31T23:58:57.014-0500] {taskinstance.py:3132} INFO - Exporting env vars: AIRFLOW_CTX_DAG_OWNER='***' AIRFLOW_CTX_DAG_ID='etl_reporte_como_vamos' AIRFLOW_CTX_TASK_ID='etl_ex_bbva' AIRFLOW_CTX_EXECUTION_DATE='2025-02-01T04:53:35.210808+00:00' AIRFLOW_CTX_TRY_NUMBER='1' AIRFLOW_CTX_DAG_RUN_ID='manual__2025-02-01T04:53:35.210808+00:00'
[2025-01-31T23:58:57.020-0500] {taskinstance.py:731} INFO - ::endgroup::
[2025-01-31T23:58:57.112-0500] {subprocess.py:78} INFO - Tmp dir root location: /tmp
[2025-01-31T23:58:57.115-0500] {subprocess.py:88} INFO - Running command: ['/usr/bin/bash', '-c', 'python /opt/***/scripts/etl_ex_bbva.py']
[2025-01-31T23:58:57.165-0500] {subprocess.py:99} INFO - Output:
[2025-01-31T23:59:06.390-0500] {subprocess.py:106} INFO - ic| params: {'database': 'calidad_etl',
[2025-01-31T23:59:06.393-0500] {subprocess.py:106} INFO -              'host': '172.29.33.204',
[2025-01-31T23:59:06.396-0500] {subprocess.py:106} INFO -              'password': 'calidad2021*',
[2025-01-31T23:59:06.398-0500] {subprocess.py:106} INFO -              'port': '3306',
[2025-01-31T23:59:06.403-0500] {subprocess.py:106} INFO -              'user': 'calidad_etl'}
[2025-01-31T23:59:06.557-0500] {subprocess.py:106} INFO - ic| params: {'database': 'calidad_etl',
[2025-01-31T23:59:06.562-0500] {subprocess.py:106} INFO -              'host': '172.29.33.204',
[2025-01-31T23:59:06.565-0500] {subprocess.py:106} INFO -              'password': 'calidad2021*',
[2025-01-31T23:59:06.567-0500] {subprocess.py:106} INFO -              'port': '3306',
[2025-01-31T23:59:06.569-0500] {subprocess.py:106} INFO -              'user': 'calidad_etl'}
[2025-01-31T23:59:07.007-0500] {subprocess.py:106} INFO - 2025-01-31 23:59:07,006 - assets - INFO - Engine para base de datos: calidad_etl creado exitosamente
[2025-01-31T23:59:07.019-0500] {subprocess.py:106} INFO - ic| hoy: datetime.date(2025, 1, 31)
[2025-01-31T23:59:07.021-0500] {subprocess.py:106} INFO -     fecha_inicio: datetime.date(2025, 1, 1)
[2025-01-31T23:59:07.035-0500] {subprocess.py:106} INFO - ic| fecha_inicio: datetime.date(2025, 1, 1)
[2025-01-31T23:59:07.037-0500] {subprocess.py:106} INFO -     fecha_fin: datetime.date(2025, 1, 31)
[2025-01-31T23:59:07.045-0500] {subprocess.py:106} INFO - ic| query: '
[2025-01-31T23:59:07.047-0500] {subprocess.py:106} INFO -             SELECT * FROM calidad_etl.sm_cerrado
[2025-01-31T23:59:07.049-0500] {subprocess.py:106} INFO -                 WHERE "INSERTAR_DT" >= %s;
[2025-01-31T23:59:07.050-0500] {subprocess.py:106} INFO -             '
[2025-01-31T23:59:08.180-0500] {subprocess.py:106} INFO - 2025-01-31 23:59:08,179 - assets - INFO - SQL query succesfully executed
[2025-01-31T23:59:08.184-0500] {subprocess.py:106} INFO - 2025-01-31 23:59:08,183 - etl_ex_bbva - INFO - Start ETL Exito Tuya BBVA
[2025-02-01T00:03:46.645-0500] {subprocess.py:106} INFO - 2025-02-01 00:03:46,644 - etl_ex_bbva - INFO - Reporte como_vamos.xlsx successfully load
[2025-02-01T00:04:00.768-0500] {subprocess.py:106} INFO - 2025-02-01 00:04:00,767 - etl_ex_bbva - INFO - etl_ex_bbva.py success execution
[2025-02-01T00:04:00.776-0500] {subprocess.py:106} INFO - Conexión exitosa a la base de datos: calidad_etl
[2025-02-01T00:04:02.519-0500] {subprocess.py:110} INFO - Command exited with return code 0
[2025-02-01T00:04:02.669-0500] {taskinstance.py:340} INFO - ::group::Post task execution logs
[2025-02-01T00:04:02.671-0500] {taskinstance.py:352} INFO - Marking task as SUCCESS. dag_id=etl_reporte_como_vamos, task_id=etl_ex_bbva, run_id=manual__2025-02-01T04:53:35.210808+00:00, execution_date=20250201T045335, start_date=20250201T045856, end_date=20250201T050402
[2025-02-01T00:04:02.748-0500] {local_task_job_runner.py:266} INFO - Task exited with return code 0
[2025-02-01T00:04:02.849-0500] {taskinstance.py:3895} INFO - 0 downstream tasks scheduled from follow-on schedule check
[2025-02-01T00:04:02.854-0500] {local_task_job_runner.py:245} INFO - ::endgroup::
