[2025-01-28T07:35:35.870+0000] {local_task_job_runner.py:123} INFO - ::group::Pre task execution logs
[2025-01-28T07:35:35.890+0000] {taskinstance.py:2613} INFO - Dependencies all met for dep_context=non-requeueable deps ti=<TaskInstance: etl_reporte_como_vamos.task_bot_como_vamos manual__2025-01-28T07:25:05.634891+00:00 [queued]>
[2025-01-28T07:35:35.899+0000] {taskinstance.py:2613} INFO - Dependencies all met for dep_context=requeueable deps ti=<TaskInstance: etl_reporte_como_vamos.task_bot_como_vamos manual__2025-01-28T07:25:05.634891+00:00 [queued]>
[2025-01-28T07:35:35.901+0000] {taskinstance.py:2866} INFO - Starting attempt 2 of 2
[2025-01-28T07:35:35.915+0000] {taskinstance.py:2889} INFO - Executing <Task(BashOperator): task_bot_como_vamos> on 2025-01-28 07:25:05.634891+00:00
[2025-01-28T07:35:35.921+0000] {standard_task_runner.py:104} INFO - Running: ['***', 'tasks', 'run', 'etl_reporte_como_vamos', 'task_bot_como_vamos', 'manual__2025-01-28T07:25:05.634891+00:00', '--job-id', '61', '--raw', '--subdir', 'DAGS_FOLDER/etl_como_vamos_dag.py', '--cfg-path', '/tmp/tmpgbl3w078']
[2025-01-28T07:35:35.925+0000] {standard_task_runner.py:105} INFO - Job 61: Subtask task_bot_como_vamos
[2025-01-28T07:35:35.927+0000] {logging_mixin.py:190} WARNING - /home/***/.local/lib/python3.12/site-packages/***/task/task_runner/standard_task_runner.py:70 DeprecationWarning: This process (pid=1823) is multi-threaded, use of fork() may lead to deadlocks in the child.
[2025-01-28T07:35:35.929+0000] {standard_task_runner.py:72} INFO - Started process 1824 to run task
[2025-01-28T07:35:35.981+0000] {task_command.py:467} INFO - Running <TaskInstance: etl_reporte_como_vamos.task_bot_como_vamos manual__2025-01-28T07:25:05.634891+00:00 [running]> on host ad82932cee5b
[2025-01-28T07:35:36.351+0000] {taskinstance.py:3132} INFO - Exporting env vars: AIRFLOW_CTX_DAG_OWNER='***' AIRFLOW_CTX_DAG_ID='etl_reporte_como_vamos' AIRFLOW_CTX_TASK_ID='task_bot_como_vamos' AIRFLOW_CTX_EXECUTION_DATE='2025-01-28T07:25:05.634891+00:00' AIRFLOW_CTX_TRY_NUMBER='2' AIRFLOW_CTX_DAG_RUN_ID='manual__2025-01-28T07:25:05.634891+00:00'
[2025-01-28T07:35:36.352+0000] {taskinstance.py:731} INFO - ::endgroup::
[2025-01-28T07:35:36.381+0000] {subprocess.py:78} INFO - Tmp dir root location: /tmp
[2025-01-28T07:35:36.384+0000] {subprocess.py:88} INFO - Running command: ['/usr/bin/bash', '-c', 'python /opt/***/scripts/bot_reporte_como_vamos.py']
[2025-01-28T07:35:36.394+0000] {subprocess.py:99} INFO - Output:
[2025-01-28T07:36:28.827+0000] {job.py:229} INFO - Heartbeat recovered after 41.09 seconds
[2025-01-28T07:36:30.833+0000] {subprocess.py:106} INFO - ic| start_date: '01/01/2025', end_date: '28/01/2025'
[2025-01-28T07:36:30.848+0000] {subprocess.py:106} INFO - 2025-01-28 07:36:30,833 - bot_como_vamos - INFO - Starting script bot_como_vamos.py
[2025-01-28T07:38:33.715+0000] {job.py:229} INFO - Heartbeat recovered after 85.32 seconds
[2025-01-28T07:38:40.282+0000] {job.py:229} INFO - Heartbeat recovered after 37.07 seconds
[2025-01-28T07:40:03.412+0000] {local_task_job_runner.py:127} ERROR - Received SIGTERM. Terminating subprocesses
[2025-01-28T07:40:03.425+0000] {process_utils.py:132} INFO - Sending 15 to group 1824. PIDs of all processes in the group: [1826, 1824]
[2025-01-28T07:40:03.427+0000] {process_utils.py:87} INFO - Sending the signal 15 to group 1824
[2025-01-28T07:40:03.430+0000] {taskinstance.py:3093} ERROR - Received SIGTERM. Terminating subprocesses.
[2025-01-28T07:40:03.433+0000] {subprocess.py:117} INFO - Sending SIGTERM signal to process group
[2025-01-28T07:40:03.498+0000] {taskinstance.py:3311} ERROR - Task failed with exception
Traceback (most recent call last):
  File "/home/airflow/.local/lib/python3.12/site-packages/airflow/models/taskinstance.py", line 767, in _execute_task
    result = _execute_callable(context=context, **execute_callable_kwargs)
             ^^^^^^^^^^^^^^^^^^^^^^^^^^^^^^^^^^^^^^^^^^^^^^^^^^^^^^^^^^^^^
  File "/home/airflow/.local/lib/python3.12/site-packages/airflow/models/taskinstance.py", line 733, in _execute_callable
    return ExecutionCallableRunner(
           ^^^^^^^^^^^^^^^^^^^^^^^^
  File "/home/airflow/.local/lib/python3.12/site-packages/airflow/utils/operator_helpers.py", line 252, in run
    return self.func(*args, **kwargs)
           ^^^^^^^^^^^^^^^^^^^^^^^^^^
  File "/home/airflow/.local/lib/python3.12/site-packages/airflow/models/baseoperator.py", line 422, in wrapper
    return func(self, *args, **kwargs)
           ^^^^^^^^^^^^^^^^^^^^^^^^^^^
  File "/home/airflow/.local/lib/python3.12/site-packages/airflow/operators/bash.py", line 257, in execute
    result = self._run_inline_command(bash_path=bash_path, env=env)
             ^^^^^^^^^^^^^^^^^^^^^^^^^^^^^^^^^^^^^^^^^^^^^^^^^^^^^^
  File "/home/airflow/.local/lib/python3.12/site-packages/airflow/operators/bash.py", line 284, in _run_inline_command
    return self.subprocess_hook.run_command(
           ^^^^^^^^^^^^^^^^^^^^^^^^^^^^^^^^^
  File "/home/airflow/.local/lib/python3.12/site-packages/airflow/hooks/subprocess.py", line 104, in run_command
    for raw_line in iter(self.sub_process.stdout.readline, b""):
                    ^^^^^^^^^^^^^^^^^^^^^^^^^^^^^^^^^^^^^^^^^^^
  File "/home/airflow/.local/lib/python3.12/site-packages/airflow/models/taskinstance.py", line 3095, in signal_handler
    raise AirflowTaskTerminated("Task received SIGTERM signal")
airflow.exceptions.AirflowTaskTerminated: Task received SIGTERM signal
[2025-01-28T07:40:03.543+0000] {taskinstance.py:1225} INFO - Marking task as FAILED. dag_id=etl_reporte_como_vamos, task_id=task_bot_como_vamos, run_id=manual__2025-01-28T07:25:05.634891+00:00, execution_date=20250128T072505, start_date=20250128T073535, end_date=20250128T074003
[2025-01-28T07:40:03.639+0000] {taskinstance.py:340} INFO - ::group::Post task execution logs
[2025-01-28T07:40:03.782+0000] {process_utils.py:80} INFO - Process psutil.Process(pid=1826, status='terminated', started='07:35:36') (1826) terminated with exit code None
[2025-01-28T07:40:03.784+0000] {process_utils.py:80} INFO - Process psutil.Process(pid=1824, status='terminated', exitcode=2, started='07:35:35') (1824) terminated with exit code 2
[2025-01-28T07:40:03.786+0000] {local_task_job_runner.py:266} INFO - Task exited with return code 143
[2025-01-28T07:40:03.821+0000] {taskinstance.py:3895} INFO - 0 downstream tasks scheduled from follow-on schedule check
[2025-01-28T07:40:06.783+0000] {standard_task_runner.py:217} INFO - Process not found (most likely exited), stop collecting metrics
[2025-01-28T07:40:06.841+0000] {local_task_job_runner.py:245} INFO - ::endgroup::
