[2025-01-28T07:25:07.330+0000] {local_task_job_runner.py:123} INFO - ::group::Pre task execution logs
[2025-01-28T07:25:07.367+0000] {taskinstance.py:2613} INFO - Dependencies all met for dep_context=non-requeueable deps ti=<TaskInstance: etl_reporte_como_vamos.task_bot_como_vamos manual__2025-01-28T07:25:05.634891+00:00 [queued]>
[2025-01-28T07:25:07.385+0000] {taskinstance.py:2613} INFO - Dependencies all met for dep_context=requeueable deps ti=<TaskInstance: etl_reporte_como_vamos.task_bot_como_vamos manual__2025-01-28T07:25:05.634891+00:00 [queued]>
[2025-01-28T07:25:07.387+0000] {taskinstance.py:2866} INFO - Starting attempt 1 of 2
[2025-01-28T07:25:07.422+0000] {taskinstance.py:2889} INFO - Executing <Task(BashOperator): task_bot_como_vamos> on 2025-01-28 07:25:05.634891+00:00
[2025-01-28T07:25:07.437+0000] {standard_task_runner.py:104} INFO - Running: ['***', 'tasks', 'run', 'etl_reporte_como_vamos', 'task_bot_como_vamos', 'manual__2025-01-28T07:25:05.634891+00:00', '--job-id', '59', '--raw', '--subdir', 'DAGS_FOLDER/etl_como_vamos_dag.py', '--cfg-path', '/tmp/tmpfrh1ds0a']
[2025-01-28T07:25:07.445+0000] {standard_task_runner.py:105} INFO - Job 59: Subtask task_bot_como_vamos
[2025-01-28T07:25:07.448+0000] {logging_mixin.py:190} WARNING - /home/***/.local/lib/python3.12/site-packages/***/task/task_runner/standard_task_runner.py:70 DeprecationWarning: This process (pid=1368) is multi-threaded, use of fork() may lead to deadlocks in the child.
[2025-01-28T07:25:07.452+0000] {standard_task_runner.py:72} INFO - Started process 1369 to run task
[2025-01-28T07:25:07.581+0000] {task_command.py:467} INFO - Running <TaskInstance: etl_reporte_como_vamos.task_bot_como_vamos manual__2025-01-28T07:25:05.634891+00:00 [running]> on host ad82932cee5b
[2025-01-28T07:25:08.692+0000] {taskinstance.py:3132} INFO - Exporting env vars: AIRFLOW_CTX_DAG_OWNER='***' AIRFLOW_CTX_DAG_ID='etl_reporte_como_vamos' AIRFLOW_CTX_TASK_ID='task_bot_como_vamos' AIRFLOW_CTX_EXECUTION_DATE='2025-01-28T07:25:05.634891+00:00' AIRFLOW_CTX_TRY_NUMBER='1' AIRFLOW_CTX_DAG_RUN_ID='manual__2025-01-28T07:25:05.634891+00:00'
[2025-01-28T07:25:08.695+0000] {taskinstance.py:731} INFO - ::endgroup::
[2025-01-28T07:25:08.801+0000] {subprocess.py:78} INFO - Tmp dir root location: /tmp
[2025-01-28T07:25:08.803+0000] {subprocess.py:88} INFO - Running command: ['/usr/bin/bash', '-c', 'python /opt/***/scripts/bot_reporte_como_vamos.py']
[2025-01-28T07:25:08.830+0000] {subprocess.py:99} INFO - Output:
[2025-01-28T07:25:13.767+0000] {subprocess.py:106} INFO - ic| start_date: '01/01/2025', end_date: '28/01/2025'
[2025-01-28T07:25:13.770+0000] {subprocess.py:106} INFO - 2025-01-28 07:25:13,767 - bot_como_vamos - INFO - Starting script bot_como_vamos.py
[2025-01-28T07:30:13.830+0000] {subprocess.py:106} INFO - 2025-01-28 07:30:13,830 - root - ERROR - Execution error: Message: Could not start a new session. New session request timed out
[2025-01-28T07:30:13.831+0000] {subprocess.py:106} INFO - Host info: host: '9207319de6fb', ip: '172.18.0.2'
[2025-01-28T07:30:13.834+0000] {subprocess.py:106} INFO - Build info: version: '4.28.1', revision: '73f5ad48a2'
[2025-01-28T07:30:13.836+0000] {subprocess.py:106} INFO - System info: os.name: 'Linux', os.arch: 'amd64', os.version: '6.10.4-linuxkit', java.version: '17.0.13'
[2025-01-28T07:30:13.837+0000] {subprocess.py:106} INFO - Driver info: driver.version: unknown
[2025-01-28T07:30:13.838+0000] {subprocess.py:106} INFO - Stacktrace:
[2025-01-28T07:30:13.841+0000] {subprocess.py:106} INFO -     at org.openqa.selenium.grid.sessionqueue.local.LocalNewSessionQueue.addToQueue (LocalNewSessionQueue.java:224)
[2025-01-28T07:30:13.842+0000] {subprocess.py:106} INFO -     at org.openqa.selenium.grid.sessionqueue.NewSessionQueue.lambda$new$0 (NewSessionQueue.java:68)
[2025-01-28T07:30:13.844+0000] {subprocess.py:106} INFO -     at org.openqa.selenium.remote.http.Route$TemplatizedRoute.handle (Route.java:192)
[2025-01-28T07:30:13.845+0000] {subprocess.py:106} INFO -     at org.openqa.selenium.remote.http.Route.execute (Route.java:69)
[2025-01-28T07:30:13.846+0000] {subprocess.py:106} INFO -     at org.openqa.selenium.remote.http.Route$CombinedRoute.handle (Route.java:360)
[2025-01-28T07:30:13.847+0000] {subprocess.py:106} INFO -     at org.openqa.selenium.remote.http.Route.execute (Route.java:69)
[2025-01-28T07:30:13.848+0000] {subprocess.py:106} INFO -     at org.openqa.selenium.grid.sessionqueue.NewSessionQueue.execute (NewSessionQueue.java:128)
[2025-01-28T07:30:13.849+0000] {subprocess.py:106} INFO -     at org.openqa.selenium.remote.tracing.SpanWrappedHttpHandler.execute (SpanWrappedHttpHandler.java:87)
[2025-01-28T07:30:13.850+0000] {subprocess.py:106} INFO -     at org.openqa.selenium.remote.http.Filter$1.execute (Filter.java:63)
[2025-01-28T07:30:13.851+0000] {subprocess.py:106} INFO -     at org.openqa.selenium.remote.http.Route$CombinedRoute.handle (Route.java:360)
[2025-01-28T07:30:13.852+0000] {subprocess.py:106} INFO -     at org.openqa.selenium.remote.http.Route.execute (Route.java:69)
[2025-01-28T07:30:13.853+0000] {subprocess.py:106} INFO -     at org.openqa.selenium.grid.router.Router.execute (Router.java:89)
[2025-01-28T07:30:13.854+0000] {subprocess.py:106} INFO -     at org.openqa.selenium.grid.web.EnsureSpecCompliantResponseHeaders.lambda$apply$0 (EnsureSpecCompliantResponseHeaders.java:34)
[2025-01-28T07:30:13.856+0000] {subprocess.py:106} INFO -     at org.openqa.selenium.remote.http.Filter$1.execute (Filter.java:63)
[2025-01-28T07:30:13.857+0000] {subprocess.py:106} INFO -     at org.openqa.selenium.remote.http.Route$CombinedRoute.handle (Route.java:360)
[2025-01-28T07:30:13.857+0000] {subprocess.py:106} INFO -     at org.openqa.selenium.remote.http.Route.execute (Route.java:69)
[2025-01-28T07:30:13.858+0000] {subprocess.py:106} INFO -     at org.openqa.selenium.remote.http.Route$NestedRoute.handle (Route.java:270)
[2025-01-28T07:30:13.859+0000] {subprocess.py:106} INFO -     at org.openqa.selenium.remote.http.Route.execute (Route.java:69)
[2025-01-28T07:30:13.860+0000] {subprocess.py:106} INFO -     at org.openqa.selenium.remote.http.Route$CombinedRoute.handle (Route.java:360)
[2025-01-28T07:30:13.860+0000] {subprocess.py:106} INFO -     at org.openqa.selenium.remote.http.Route.execute (Route.java:69)
[2025-01-28T07:30:13.861+0000] {subprocess.py:106} INFO -     at org.openqa.selenium.remote.AddWebDriverSpecHeaders.lambda$apply$0 (AddWebDriverSpecHeaders.java:35)
[2025-01-28T07:30:13.861+0000] {subprocess.py:106} INFO -     at org.openqa.selenium.remote.ErrorFilter.lambda$apply$0 (ErrorFilter.java:44)
[2025-01-28T07:30:13.862+0000] {subprocess.py:106} INFO -     at org.openqa.selenium.remote.http.Filter$1.execute (Filter.java:63)
[2025-01-28T07:30:13.863+0000] {subprocess.py:106} INFO -     at org.openqa.selenium.remote.ErrorFilter.lambda$apply$0 (ErrorFilter.java:44)
[2025-01-28T07:30:13.864+0000] {subprocess.py:106} INFO -     at org.openqa.selenium.remote.http.Filter$1.execute (Filter.java:63)
[2025-01-28T07:30:13.864+0000] {subprocess.py:106} INFO -     at org.openqa.selenium.netty.server.SeleniumHandler.lambda$channelRead0$0 (SeleniumHandler.java:49)
[2025-01-28T07:30:13.865+0000] {subprocess.py:106} INFO -     at java.util.concurrent.Executors$RunnableAdapter.call (Executors.java:539)
[2025-01-28T07:30:13.866+0000] {subprocess.py:106} INFO -     at java.util.concurrent.FutureTask.run (FutureTask.java:264)
[2025-01-28T07:30:13.867+0000] {subprocess.py:106} INFO -     at java.util.concurrent.ThreadPoolExecutor.runWorker (ThreadPoolExecutor.java:1136)
[2025-01-28T07:30:13.868+0000] {subprocess.py:106} INFO -     at java.util.concurrent.ThreadPoolExecutor$Worker.run (ThreadPoolExecutor.java:635)
[2025-01-28T07:30:13.869+0000] {subprocess.py:106} INFO -     at java.lang.Thread.run (Thread.java:840)
[2025-01-28T07:30:13.870+0000] {subprocess.py:106} INFO - ic| file: '***tmpgyjef0xc'
[2025-01-28T07:30:13.871+0000] {subprocess.py:106} INFO - ic| file: 'pymp-riqv01al'
[2025-01-28T07:30:13.872+0000] {subprocess.py:106} INFO - ic| file: 'hsperfdata_root'
[2025-01-28T07:30:18.871+0000] {subprocess.py:106} INFO - ic| file: '***tmpgyjef0xc'
[2025-01-28T07:30:18.873+0000] {subprocess.py:106} INFO - ic| file: 'pymp-riqv01al'
[2025-01-28T07:30:18.875+0000] {subprocess.py:106} INFO - ic| file: 'hsperfdata_root'
[2025-01-28T07:30:23.873+0000] {subprocess.py:106} INFO - ic| file: '***tmpgyjef0xc'
[2025-01-28T07:30:23.875+0000] {subprocess.py:106} INFO - ic| file: 'pymp-riqv01al'
[2025-01-28T07:30:23.876+0000] {subprocess.py:106} INFO - ic| file: 'hsperfdata_root'
[2025-01-28T07:30:28.875+0000] {subprocess.py:106} INFO - ic| file: '***tmpgyjef0xc'
[2025-01-28T07:30:28.878+0000] {subprocess.py:106} INFO - ic| file: 'pymp-riqv01al'
[2025-01-28T07:30:28.880+0000] {subprocess.py:106} INFO - ic| file: 'hsperfdata_root'
[2025-01-28T07:30:33.877+0000] {subprocess.py:106} INFO - ic| file: '***tmpgyjef0xc'
[2025-01-28T07:30:33.879+0000] {subprocess.py:106} INFO - ic| file: 'pymp-riqv01al'
[2025-01-28T07:30:33.880+0000] {subprocess.py:106} INFO - ic| file: 'hsperfdata_root'
[2025-01-28T07:30:35.175+0000] {local_task_job_runner.py:346} WARNING - State of this instance has been externally set to restarting. Terminating instance.
[2025-01-28T07:30:35.177+0000] {local_task_job_runner.py:245} INFO - ::endgroup::
[2025-01-28T07:30:35.180+0000] {process_utils.py:132} INFO - Sending 15 to group 1369. PIDs of all processes in the group: [1371, 1369]
[2025-01-28T07:30:35.181+0000] {process_utils.py:87} INFO - Sending the signal 15 to group 1369
[2025-01-28T07:30:35.182+0000] {taskinstance.py:3093} ERROR - Received SIGTERM. Terminating subprocesses.
[2025-01-28T07:30:35.184+0000] {subprocess.py:117} INFO - Sending SIGTERM signal to process group
[2025-01-28T07:30:35.194+0000] {taskinstance.py:3311} ERROR - Task failed with exception
Traceback (most recent call last):
  File "/home/airflow/.local/lib/python3.12/site-packages/airflow/models/taskinstance.py", line 767, in _execute_task
    result = _execute_callable(context=context, **execute_callable_kwargs)
             ^^^^^^^^^^^^^^^^^^^^^^^^^^^^^^^^^^^^^^^^^^^^^^^^^^^^^^^^^^^^^
  File "/home/airflow/.local/lib/python3.12/site-packages/airflow/models/taskinstance.py", line 733, in _execute_callable
    return ExecutionCallableRunner(
           ^^^^^^^^^^^^^^^^^^^^^^^^
  File "/home/airflow/.local/lib/python3.12/site-packages/airflow/utils/operator_helpers.py", line 252, in run
    return self.func(*args, **kwargs)
           ^^^^^^^^^^^^^^^^^^^^^^^^^^
  File "/home/airflow/.local/lib/python3.12/site-packages/airflow/models/baseoperator.py", line 422, in wrapper
    return func(self, *args, **kwargs)
           ^^^^^^^^^^^^^^^^^^^^^^^^^^^
  File "/home/airflow/.local/lib/python3.12/site-packages/airflow/operators/bash.py", line 257, in execute
    result = self._run_inline_command(bash_path=bash_path, env=env)
             ^^^^^^^^^^^^^^^^^^^^^^^^^^^^^^^^^^^^^^^^^^^^^^^^^^^^^^
  File "/home/airflow/.local/lib/python3.12/site-packages/airflow/operators/bash.py", line 284, in _run_inline_command
    return self.subprocess_hook.run_command(
           ^^^^^^^^^^^^^^^^^^^^^^^^^^^^^^^^^
  File "/home/airflow/.local/lib/python3.12/site-packages/airflow/hooks/subprocess.py", line 104, in run_command
    for raw_line in iter(self.sub_process.stdout.readline, b""):
                    ^^^^^^^^^^^^^^^^^^^^^^^^^^^^^^^^^^^^^^^^^^^
  File "/home/airflow/.local/lib/python3.12/site-packages/airflow/models/taskinstance.py", line 3095, in signal_handler
    raise AirflowTaskTerminated("Task received SIGTERM signal")
airflow.exceptions.AirflowTaskTerminated: Task received SIGTERM signal
[2025-01-28T07:30:35.201+0000] {taskinstance.py:1225} INFO - Marking task as UP_FOR_RETRY. dag_id=etl_reporte_como_vamos, task_id=task_bot_como_vamos, run_id=manual__2025-01-28T07:25:05.634891+00:00, execution_date=20250128T072505, start_date=20250128T072507, end_date=20250128T073035
[2025-01-28T07:30:35.215+0000] {taskinstance.py:340} INFO - ::group::Post task execution logs
[2025-01-28T07:30:35.238+0000] {process_utils.py:80} INFO - Process psutil.Process(pid=1371, status='terminated', started='07:25:08') (1371) terminated with exit code None
[2025-01-28T07:30:35.240+0000] {process_utils.py:80} INFO - Process psutil.Process(pid=1369, status='terminated', exitcode=2, started='07:25:07') (1369) terminated with exit code 2
