[2025-02-04T01:32:02.652-0500] {local_task_job_runner.py:123} INFO - ::group::Pre task execution logs
[2025-02-04T01:32:02.673-0500] {taskinstance.py:2613} INFO - Dependencies all met for dep_context=non-requeueable deps ti=<TaskInstance: etl_reporte_como_vamos.etl_ex_bbva scheduled__2025-02-03T06:30:00+00:00 [queued]>
[2025-02-04T01:32:02.684-0500] {taskinstance.py:2613} INFO - Dependencies all met for dep_context=requeueable deps ti=<TaskInstance: etl_reporte_como_vamos.etl_ex_bbva scheduled__2025-02-03T06:30:00+00:00 [queued]>
[2025-02-04T01:32:02.685-0500] {taskinstance.py:2866} INFO - Starting attempt 1 of 4
[2025-02-04T01:32:02.703-0500] {taskinstance.py:2889} INFO - Executing <Task(BashOperator): etl_ex_bbva> on 2025-02-03 06:30:00+00:00
[2025-02-04T01:32:02.712-0500] {warnings.py:112} WARNING - /home/***/.local/lib/python3.12/site-packages/***/task/task_runner/standard_task_runner.py:70: DeprecationWarning: This process (pid=21750) is multi-threaded, use of fork() may lead to deadlocks in the child.
  pid = os.fork()

[2025-02-04T01:32:02.715-0500] {standard_task_runner.py:72} INFO - Started process 21753 to run task
[2025-02-04T01:32:02.715-0500] {standard_task_runner.py:104} INFO - Running: ['***', 'tasks', 'run', 'etl_reporte_como_vamos', 'etl_ex_bbva', 'scheduled__2025-02-03T06:30:00+00:00', '--job-id', '33', '--raw', '--subdir', 'DAGS_FOLDER/etl_como_vamos_dag.py', '--cfg-path', '/tmp/tmp5_vel62x']
[2025-02-04T01:32:02.716-0500] {standard_task_runner.py:105} INFO - Job 33: Subtask etl_ex_bbva
[2025-02-04T01:32:02.768-0500] {task_command.py:467} INFO - Running <TaskInstance: etl_reporte_como_vamos.etl_ex_bbva scheduled__2025-02-03T06:30:00+00:00 [running]> on host 21f1c1b48730
[2025-02-04T01:32:02.868-0500] {taskinstance.py:3132} INFO - Exporting env vars: AIRFLOW_CTX_DAG_OWNER='***' AIRFLOW_CTX_DAG_ID='etl_reporte_como_vamos' AIRFLOW_CTX_TASK_ID='etl_ex_bbva' AIRFLOW_CTX_EXECUTION_DATE='2025-02-03T06:30:00+00:00' AIRFLOW_CTX_TRY_NUMBER='1' AIRFLOW_CTX_DAG_RUN_ID='scheduled__2025-02-03T06:30:00+00:00'
[2025-02-04T01:32:02.869-0500] {taskinstance.py:731} INFO - ::endgroup::
[2025-02-04T01:32:02.890-0500] {subprocess.py:78} INFO - Tmp dir root location: /tmp
[2025-02-04T01:32:02.892-0500] {subprocess.py:88} INFO - Running command: ['/usr/bin/bash', '-c', 'python /opt/***/scripts/etl_ex_bbva.py']
[2025-02-04T01:32:02.905-0500] {subprocess.py:99} INFO - Output:
[2025-02-04T01:32:05.560-0500] {subprocess.py:106} INFO - ic| params: {'database': 'calidad_etl',
[2025-02-04T01:32:05.561-0500] {subprocess.py:106} INFO -              'host': '172.29.33.204',
[2025-02-04T01:32:05.562-0500] {subprocess.py:106} INFO -              'password': 'calidad2021*',
[2025-02-04T01:32:05.563-0500] {subprocess.py:106} INFO -              'port': '3306',
[2025-02-04T01:32:05.563-0500] {subprocess.py:106} INFO -              'user': 'calidad_etl'}
[2025-02-04T01:32:05.595-0500] {subprocess.py:106} INFO - ic| params: {'database': 'calidad_etl',
[2025-02-04T01:32:05.597-0500] {subprocess.py:106} INFO -              'host': '172.29.33.204',
[2025-02-04T01:32:05.598-0500] {subprocess.py:106} INFO -              'password': 'calidad2021*',
[2025-02-04T01:32:05.598-0500] {subprocess.py:106} INFO -              'port': '3306',
[2025-02-04T01:32:05.599-0500] {subprocess.py:106} INFO -              'user': 'calidad_etl'}
[2025-02-04T01:32:06.266-0500] {subprocess.py:106} INFO - 2025-02-04 01:32:06,266 - assets - INFO - Engine para base de datos: calidad_etl creado exitosamente
[2025-02-04T01:32:06.271-0500] {subprocess.py:106} INFO - ic| hoy: datetime.date(2025, 2, 4)
[2025-02-04T01:32:06.272-0500] {subprocess.py:106} INFO -     fecha_inicio: datetime.date(2025, 2, 1)
[2025-02-04T01:32:06.276-0500] {subprocess.py:106} INFO - ic| fecha_inicio: datetime.date(2025, 2, 1)
[2025-02-04T01:32:06.276-0500] {subprocess.py:106} INFO -     fecha_fin: datetime.date(2025, 2, 4)
[2025-02-04T01:32:06.280-0500] {subprocess.py:106} INFO - ic| query: '
[2025-02-04T01:32:06.281-0500] {subprocess.py:106} INFO -             SELECT * FROM calidad_etl.sm_cerrado
[2025-02-04T01:32:06.281-0500] {subprocess.py:106} INFO -                 WHERE "INSERTAR_DT" >= %s;
[2025-02-04T01:32:06.282-0500] {subprocess.py:106} INFO -             '
[2025-02-04T01:32:06.591-0500] {subprocess.py:106} INFO - 2025-02-04 01:32:06,591 - assets - INFO - SQL query succesfully executed
[2025-02-04T01:32:06.593-0500] {subprocess.py:106} INFO - 2025-02-04 01:32:06,591 - etl_ex_bbva - INFO - Start ETL Exito Tuya BBVA
[2025-02-04T01:32:06.925-0500] {subprocess.py:106} INFO - 2025-02-04 01:32:06,925 - etl_ex_bbva - INFO - Reporte como_vamos.xlsx successfully load
[2025-02-04T01:32:07.000-0500] {subprocess.py:106} INFO - 2025-02-04 01:32:07,000 - etl_ex_bbva - INFO - etl_ex_bbva.py success execution
[2025-02-04T01:32:07.001-0500] {subprocess.py:106} INFO - Conexión exitosa a la base de datos: calidad_etl
[2025-02-04T01:32:07.373-0500] {subprocess.py:110} INFO - Command exited with return code 0
[2025-02-04T01:32:07.408-0500] {taskinstance.py:340} INFO - ::group::Post task execution logs
[2025-02-04T01:32:07.409-0500] {taskinstance.py:352} INFO - Marking task as SUCCESS. dag_id=etl_reporte_como_vamos, task_id=etl_ex_bbva, run_id=scheduled__2025-02-03T06:30:00+00:00, execution_date=20250203T063000, start_date=20250204T063202, end_date=20250204T063207
[2025-02-04T01:32:07.474-0500] {local_task_job_runner.py:266} INFO - Task exited with return code 0
[2025-02-04T01:32:07.503-0500] {taskinstance.py:3895} INFO - 1 downstream tasks scheduled from follow-on schedule check
[2025-02-04T01:32:07.506-0500] {local_task_job_runner.py:245} INFO - ::endgroup::
