[2025-01-30T17:11:16.292+0000] {local_task_job_runner.py:123} INFO - ::group::Pre task execution logs
[2025-01-30T17:11:16.333+0000] {taskinstance.py:2613} INFO - Dependencies all met for dep_context=non-requeueable deps ti=<TaskInstance: etl_reporte_como_vamos.task_bot_como_vamos manual__2025-01-30T17:11:14.176335+00:00 [queued]>
[2025-01-30T17:11:16.365+0000] {taskinstance.py:2613} INFO - Dependencies all met for dep_context=requeueable deps ti=<TaskInstance: etl_reporte_como_vamos.task_bot_como_vamos manual__2025-01-30T17:11:14.176335+00:00 [queued]>
[2025-01-30T17:11:16.367+0000] {taskinstance.py:2866} INFO - Starting attempt 1 of 1
[2025-01-30T17:11:16.405+0000] {taskinstance.py:2889} INFO - Executing <Task(BashOperator): task_bot_como_vamos> on 2025-01-30 17:11:14.176335+00:00
[2025-01-30T17:11:16.420+0000] {warnings.py:112} WARNING - /home/***/.local/lib/python3.12/site-packages/***/task/task_runner/standard_task_runner.py:70: DeprecationWarning: This process (pid=889) is multi-threaded, use of fork() may lead to deadlocks in the child.
  pid = os.fork()

[2025-01-30T17:11:16.424+0000] {standard_task_runner.py:72} INFO - Started process 890 to run task
[2025-01-30T17:11:16.427+0000] {standard_task_runner.py:104} INFO - Running: ['***', 'tasks', 'run', 'etl_reporte_como_vamos', 'task_bot_como_vamos', 'manual__2025-01-30T17:11:14.176335+00:00', '--job-id', '24', '--raw', '--subdir', 'DAGS_FOLDER/etl_como_vamos_dag.py', '--cfg-path', '/tmp/tmptuwa4scq']
[2025-01-30T17:11:16.438+0000] {standard_task_runner.py:105} INFO - Job 24: Subtask task_bot_como_vamos
[2025-01-30T17:11:16.568+0000] {task_command.py:467} INFO - Running <TaskInstance: etl_reporte_como_vamos.task_bot_como_vamos manual__2025-01-30T17:11:14.176335+00:00 [running]> on host f34597614f96
[2025-01-30T17:11:16.885+0000] {taskinstance.py:3132} INFO - Exporting env vars: AIRFLOW_CTX_DAG_OWNER='***' AIRFLOW_CTX_DAG_ID='etl_reporte_como_vamos' AIRFLOW_CTX_TASK_ID='task_bot_como_vamos' AIRFLOW_CTX_EXECUTION_DATE='2025-01-30T17:11:14.176335+00:00' AIRFLOW_CTX_TRY_NUMBER='1' AIRFLOW_CTX_DAG_RUN_ID='manual__2025-01-30T17:11:14.176335+00:00'
[2025-01-30T17:11:16.891+0000] {taskinstance.py:731} INFO - ::endgroup::
[2025-01-30T17:11:16.935+0000] {subprocess.py:78} INFO - Tmp dir root location: /tmp
[2025-01-30T17:11:16.940+0000] {subprocess.py:88} INFO - Running command: ['/usr/bin/bash', '-c', 'python /opt/***/scripts/bot_reporte_como_vamos.py']
[2025-01-30T17:11:16.964+0000] {subprocess.py:99} INFO - Output:
[2025-01-30T17:11:21.680+0000] {subprocess.py:106} INFO - ic| start_date: '01/01/2025', end_date: '30/01/2025'
[2025-01-30T17:11:21.683+0000] {subprocess.py:106} INFO - 2025-01-30 17:11:21,680 - bot_como_vamos - INFO - Starting script bot_como_vamos.py
[2025-01-30T17:11:23.173+0000] {subprocess.py:106} INFO - 2025-01-30 17:11:23,171 - bot_como_vamos - INFO - Conexión al Selenium Hub establecida correctamente
[2025-01-30T17:12:18.334+0000] {subprocess.py:106} INFO - ic| login_success: <selenium.webdriver.remote.webelement.WebElement (session="f62c84b246d6c713c891857eafcdb462", element="f.840EAACD3C8407943D0AB40A17FA4613.d.87C796D9EEDEA6BC968286E8394FD54A.e.77")>
[2025-01-30T17:12:18.336+0000] {subprocess.py:106} INFO - 2025-01-30 17:12:18,334 - bot_como_vamos - INFO - Loging success
[2025-01-30T17:12:28.485+0000] {subprocess.py:106} INFO - 2025-01-30 17:12:28,485 - bot_como_vamos - INFO - Click in menu button successfully
[2025-01-30T17:12:38.864+0000] {subprocess.py:106} INFO - 2025-01-30 17:12:38,863 - bot_como_vamos - INFO - Input dates successfully
[2025-01-30T17:12:49.008+0000] {subprocess.py:106} INFO - 2025-01-30 17:12:49,008 - bot_como_vamos - INFO - Click in 'Empresas Y Negocios' successfully
[2025-01-30T17:20:15.640+0000] {subprocess.py:106} INFO - 2025-01-30 17:20:15,639 - bot_como_vamos - INFO - Click in 'Como Vamos' successfully
[2025-01-30T17:20:15.641+0000] {subprocess.py:106} INFO - 2025-01-30 17:20:15,639 - assets - INFO - Waiting for download file...............
[2025-01-30T17:20:15.748+0000] {subprocess.py:106} INFO - ic| file: 'Reporte como_vamos.xlsx'
[2025-01-30T17:20:15.750+0000] {subprocess.py:106} INFO - 2025-01-30 17:20:15,748 - assets - INFO - File download success
[2025-01-30T17:20:15.754+0000] {subprocess.py:106} INFO - ic| downloaded_file: True
[2025-01-30T17:20:18.215+0000] {job.py:229} INFO - Heartbeat recovered after 324.46 seconds
[2025-01-30T17:20:53.901+0000] {local_task_job_runner.py:346} WARNING - State of this instance has been externally set to failed. Terminating instance.
[2025-01-30T17:20:53.905+0000] {local_task_job_runner.py:245} INFO - ::endgroup::
[2025-01-30T17:20:53.923+0000] {process_utils.py:132} INFO - Sending 15 to group 890. PIDs of all processes in the group: [892, 890]
[2025-01-30T17:20:53.925+0000] {process_utils.py:87} INFO - Sending the signal 15 to group 890
[2025-01-30T17:20:53.929+0000] {taskinstance.py:3093} ERROR - Received SIGTERM. Terminating subprocesses.
[2025-01-30T17:20:53.933+0000] {subprocess.py:117} INFO - Sending SIGTERM signal to process group
[2025-01-30T17:20:54.056+0000] {taskinstance.py:340} INFO - ::group::Post task execution logs
[2025-01-30T17:20:54.106+0000] {process_utils.py:80} INFO - Process psutil.Process(pid=890, status='terminated', exitcode=0, started='17:11:16') (890) terminated with exit code 0
[2025-01-30T17:20:54.112+0000] {process_utils.py:80} INFO - Process psutil.Process(pid=892, status='terminated', started='17:11:16') (892) terminated with exit code None
