[2025-02-03T01:30:01.530-0500] {local_task_job_runner.py:123} INFO - ::group::Pre task execution logs
[2025-02-03T01:30:01.561-0500] {taskinstance.py:2613} INFO - Dependencies all met for dep_context=non-requeueable deps ti=<TaskInstance: etl_reporte_como_vamos.task_bot_como_vamos scheduled__2025-02-02T06:30:00+00:00 [queued]>
[2025-02-03T01:30:01.574-0500] {taskinstance.py:2613} INFO - Dependencies all met for dep_context=requeueable deps ti=<TaskInstance: etl_reporte_como_vamos.task_bot_como_vamos scheduled__2025-02-02T06:30:00+00:00 [queued]>
[2025-02-03T01:30:01.577-0500] {taskinstance.py:2866} INFO - Starting attempt 1 of 4
[2025-02-03T01:30:01.597-0500] {taskinstance.py:2889} INFO - Executing <Task(BashOperator): task_bot_como_vamos> on 2025-02-02 06:30:00+00:00
[2025-02-03T01:30:01.612-0500] {standard_task_runner.py:104} INFO - Running: ['***', 'tasks', 'run', 'etl_reporte_como_vamos', 'task_bot_como_vamos', 'scheduled__2025-02-02T06:30:00+00:00', '--job-id', '21', '--raw', '--subdir', 'DAGS_FOLDER/etl_como_vamos_dag.py', '--cfg-path', '/tmp/tmpzgfx2oz_']
[2025-02-03T01:30:01.610-0500] {warnings.py:112} WARNING - /home/***/.local/lib/python3.12/site-packages/***/task/task_runner/standard_task_runner.py:70: DeprecationWarning: This process (pid=3632) is multi-threaded, use of fork() may lead to deadlocks in the child.
  pid = os.fork()

[2025-02-03T01:30:01.615-0500] {standard_task_runner.py:105} INFO - Job 21: Subtask task_bot_como_vamos
[2025-02-03T01:30:01.616-0500] {standard_task_runner.py:72} INFO - Started process 3633 to run task
[2025-02-03T01:30:01.687-0500] {task_command.py:467} INFO - Running <TaskInstance: etl_reporte_como_vamos.task_bot_como_vamos scheduled__2025-02-02T06:30:00+00:00 [running]> on host 21f1c1b48730
[2025-02-03T01:30:01.801-0500] {taskinstance.py:3132} INFO - Exporting env vars: AIRFLOW_CTX_DAG_OWNER='***' AIRFLOW_CTX_DAG_ID='etl_reporte_como_vamos' AIRFLOW_CTX_TASK_ID='task_bot_como_vamos' AIRFLOW_CTX_EXECUTION_DATE='2025-02-02T06:30:00+00:00' AIRFLOW_CTX_TRY_NUMBER='1' AIRFLOW_CTX_DAG_RUN_ID='scheduled__2025-02-02T06:30:00+00:00'
[2025-02-03T01:30:01.802-0500] {taskinstance.py:731} INFO - ::endgroup::
[2025-02-03T01:30:01.833-0500] {subprocess.py:78} INFO - Tmp dir root location: /tmp
[2025-02-03T01:30:01.835-0500] {subprocess.py:88} INFO - Running command: ['/usr/bin/bash', '-c', 'python /opt/***/scripts/bot_reporte_como_vamos.py']
[2025-02-03T01:30:01.851-0500] {subprocess.py:99} INFO - Output:
[2025-02-03T01:30:05.337-0500] {subprocess.py:106} INFO - ic| report_date: '02/02/2025'
[2025-02-03T01:30:05.339-0500] {subprocess.py:106} INFO - 2025-02-03 01:30:05,337 - bot_como_vamos - INFO - Starting script bot_como_vamos.py
[2025-02-03T01:30:06.289-0500] {subprocess.py:106} INFO - 2025-02-03 01:30:06,289 - bot_como_vamos - INFO - Conexión al Selenium Hub establecida correctamente
[2025-02-03T01:30:37.840-0500] {subprocess.py:106} INFO - ic| login_success: <selenium.webdriver.remote.webelement.WebElement (session="7ab244dae1d3390233adb5a2b7a7b850", element="f.10C26E5845479506815D3AE6717ECD97.d.B038C0833A072C22F4F861779A0FF0CF.e.76")>
[2025-02-03T01:30:37.842-0500] {subprocess.py:106} INFO - 2025-02-03 01:30:37,840 - bot_como_vamos - INFO - Loging success
[2025-02-03T01:30:47.969-0500] {subprocess.py:106} INFO - 2025-02-03 01:30:47,968 - bot_como_vamos - INFO - Click in menu button successfully
[2025-02-03T01:30:58.139-0500] {subprocess.py:106} INFO - 2025-02-03 01:30:58,139 - bot_como_vamos - INFO - Input dates successfully
[2025-02-03T01:31:08.321-0500] {subprocess.py:106} INFO - 2025-02-03 01:31:08,321 - bot_como_vamos - INFO - Click in 'Empresas Y Negocios' successfully
[2025-02-03T01:31:20.416-0500] {subprocess.py:106} INFO - 2025-02-03 01:31:20,416 - assets - INFO - Waiting for download file...............
[2025-02-03T01:31:20.462-0500] {subprocess.py:106} INFO - ic| file: '.com.google.Chrome.GBXSK9'
[2025-02-03T01:31:25.467-0500] {subprocess.py:106} INFO - ic| file: 'Reporte como_vamos.xlsx'
[2025-02-03T01:31:25.468-0500] {subprocess.py:106} INFO - 2025-02-03 01:31:25,467 - bot_como_vamos - INFO - Download Reporte como_vamos succesfully
[2025-02-03T01:31:25.923-0500] {subprocess.py:110} INFO - Command exited with return code 0
[2025-02-03T01:31:25.961-0500] {taskinstance.py:340} INFO - ::group::Post task execution logs
[2025-02-03T01:31:25.962-0500] {taskinstance.py:352} INFO - Marking task as SUCCESS. dag_id=etl_reporte_como_vamos, task_id=task_bot_como_vamos, run_id=scheduled__2025-02-02T06:30:00+00:00, execution_date=20250202T063000, start_date=20250203T063001, end_date=20250203T063125
[2025-02-03T01:31:26.017-0500] {local_task_job_runner.py:266} INFO - Task exited with return code 0
[2025-02-03T01:31:26.051-0500] {taskinstance.py:3895} INFO - 2 downstream tasks scheduled from follow-on schedule check
[2025-02-03T01:31:26.056-0500] {local_task_job_runner.py:245} INFO - ::endgroup::
