[2025-02-02T21:36:04.332-0500] {local_task_job_runner.py:123} INFO - ::group::Pre task execution logs
[2025-02-02T21:36:04.390-0500] {taskinstance.py:2613} INFO - Dependencies all met for dep_context=non-requeueable deps ti=<TaskInstance: etl_reporte_como_vamos.etl_ex_bbva scheduled__2025-02-02T06:33:00+00:00 [queued]>
[2025-02-02T21:36:04.406-0500] {taskinstance.py:2613} INFO - Dependencies all met for dep_context=requeueable deps ti=<TaskInstance: etl_reporte_como_vamos.etl_ex_bbva scheduled__2025-02-02T06:33:00+00:00 [queued]>
[2025-02-02T21:36:04.408-0500] {taskinstance.py:2866} INFO - Starting attempt 1 of 4
[2025-02-02T21:36:04.434-0500] {taskinstance.py:2889} INFO - Executing <Task(BashOperator): etl_ex_bbva> on 2025-02-02 06:33:00+00:00
[2025-02-02T21:36:04.450-0500] {warnings.py:112} WARNING - /home/***/.local/lib/python3.12/site-packages/***/task/task_runner/standard_task_runner.py:70: DeprecationWarning: This process (pid=276) is multi-threaded, use of fork() may lead to deadlocks in the child.
  pid = os.fork()

[2025-02-02T21:36:04.456-0500] {standard_task_runner.py:104} INFO - Running: ['***', 'tasks', 'run', 'etl_reporte_como_vamos', 'etl_ex_bbva', 'scheduled__2025-02-02T06:33:00+00:00', '--job-id', '3', '--raw', '--subdir', 'DAGS_FOLDER/etl_como_vamos_dag.py', '--cfg-path', '/tmp/tmpur27td45']
[2025-02-02T21:36:04.458-0500] {standard_task_runner.py:72} INFO - Started process 278 to run task
[2025-02-02T21:36:04.459-0500] {standard_task_runner.py:105} INFO - Job 3: Subtask etl_ex_bbva
[2025-02-02T21:36:04.574-0500] {task_command.py:467} INFO - Running <TaskInstance: etl_reporte_como_vamos.etl_ex_bbva scheduled__2025-02-02T06:33:00+00:00 [running]> on host 21f1c1b48730
[2025-02-02T21:36:04.713-0500] {taskinstance.py:3132} INFO - Exporting env vars: AIRFLOW_CTX_DAG_OWNER='***' AIRFLOW_CTX_DAG_ID='etl_reporte_como_vamos' AIRFLOW_CTX_TASK_ID='etl_ex_bbva' AIRFLOW_CTX_EXECUTION_DATE='2025-02-02T06:33:00+00:00' AIRFLOW_CTX_TRY_NUMBER='1' AIRFLOW_CTX_DAG_RUN_ID='scheduled__2025-02-02T06:33:00+00:00'
[2025-02-02T21:36:04.715-0500] {taskinstance.py:731} INFO - ::endgroup::
[2025-02-02T21:36:04.744-0500] {subprocess.py:78} INFO - Tmp dir root location: /tmp
[2025-02-02T21:36:04.746-0500] {subprocess.py:88} INFO - Running command: ['/usr/bin/bash', '-c', 'python /opt/***/scripts/etl_ex_bbva.py']
[2025-02-02T21:36:04.757-0500] {subprocess.py:99} INFO - Output:
[2025-02-02T21:36:08.190-0500] {subprocess.py:106} INFO - ic| params: {'database': 'calidad_etl',
[2025-02-02T21:36:08.191-0500] {subprocess.py:106} INFO -              'host': '172.29.33.204',
[2025-02-02T21:36:08.192-0500] {subprocess.py:106} INFO -              'password': 'calidad2021*',
[2025-02-02T21:36:08.193-0500] {subprocess.py:106} INFO -              'port': '3306',
[2025-02-02T21:36:08.193-0500] {subprocess.py:106} INFO -              'user': 'calidad_etl'}
[2025-02-02T21:36:08.225-0500] {subprocess.py:106} INFO - ic| params: {'database': 'calidad_etl',
[2025-02-02T21:36:08.226-0500] {subprocess.py:106} INFO -              'host': '172.29.33.204',
[2025-02-02T21:36:08.226-0500] {subprocess.py:106} INFO -              'password': 'calidad2021*',
[2025-02-02T21:36:08.227-0500] {subprocess.py:106} INFO -              'port': '3306',
[2025-02-02T21:36:08.228-0500] {subprocess.py:106} INFO -              'user': 'calidad_etl'}
[2025-02-02T21:36:08.945-0500] {subprocess.py:106} INFO - 2025-02-02 21:36:08,944 - assets - INFO - Engine para base de datos: calidad_etl creado exitosamente
[2025-02-02T21:36:08.950-0500] {subprocess.py:106} INFO - ic| hoy: datetime.date(2025, 2, 2)
[2025-02-02T21:36:08.951-0500] {subprocess.py:106} INFO -     fecha_inicio: datetime.date(2025, 2, 1)
[2025-02-02T21:36:08.955-0500] {subprocess.py:106} INFO - ic| fecha_inicio: datetime.date(2025, 2, 1)
[2025-02-02T21:36:08.956-0500] {subprocess.py:106} INFO -     fecha_fin: datetime.date(2025, 2, 2)
[2025-02-02T21:36:08.959-0500] {subprocess.py:106} INFO - ic| query: '
[2025-02-02T21:36:08.960-0500] {subprocess.py:106} INFO -             SELECT * FROM calidad_etl.sm_cerrado
[2025-02-02T21:36:08.961-0500] {subprocess.py:106} INFO -                 WHERE "INSERTAR_DT" >= %s;
[2025-02-02T21:36:08.962-0500] {subprocess.py:106} INFO -             '
[2025-02-02T21:36:10.555-0500] {subprocess.py:106} INFO - 2025-02-02 21:36:10,555 - assets - INFO - SQL query succesfully executed
[2025-02-02T21:36:10.557-0500] {subprocess.py:106} INFO - 2025-02-02 21:36:10,557 - etl_ex_bbva - INFO - Start ETL Exito Tuya BBVA
[2025-02-02T21:36:12.374-0500] {subprocess.py:106} INFO - 2025-02-02 21:36:12,374 - etl_ex_bbva - INFO - Reporte como_vamos.xlsx successfully load
[2025-02-02T21:36:12.532-0500] {subprocess.py:106} INFO - 2025-02-02 21:36:12,532 - etl_ex_bbva - INFO - etl_ex_bbva.py success execution
[2025-02-02T21:36:12.533-0500] {subprocess.py:106} INFO - Conexión exitosa a la base de datos: calidad_etl
[2025-02-02T21:36:12.882-0500] {subprocess.py:110} INFO - Command exited with return code 0
[2025-02-02T21:36:12.913-0500] {taskinstance.py:340} INFO - ::group::Post task execution logs
[2025-02-02T21:36:12.914-0500] {taskinstance.py:352} INFO - Marking task as SUCCESS. dag_id=etl_reporte_como_vamos, task_id=etl_ex_bbva, run_id=scheduled__2025-02-02T06:33:00+00:00, execution_date=20250202T063300, start_date=20250203T023604, end_date=20250203T023612
[2025-02-02T21:36:12.956-0500] {local_task_job_runner.py:266} INFO - Task exited with return code 0
[2025-02-02T21:36:12.989-0500] {taskinstance.py:3895} INFO - 1 downstream tasks scheduled from follow-on schedule check
[2025-02-02T21:36:12.993-0500] {local_task_job_runner.py:245} INFO - ::endgroup::
