[2025-02-06T06:30:01.017-0500] {local_task_job_runner.py:123} INFO - ::group::Pre task execution logs
[2025-02-06T06:30:01.041-0500] {taskinstance.py:2613} INFO - Dependencies all met for dep_context=non-requeueable deps ti=<TaskInstance: etl_reporte_como_vamos.task_bot_como_vamos scheduled__2025-02-05T11:30:00+00:00 [queued]>
[2025-02-06T06:30:01.061-0500] {taskinstance.py:2613} INFO - Dependencies all met for dep_context=requeueable deps ti=<TaskInstance: etl_reporte_como_vamos.task_bot_como_vamos scheduled__2025-02-05T11:30:00+00:00 [queued]>
[2025-02-06T06:30:01.066-0500] {taskinstance.py:2866} INFO - Starting attempt 1 of 4
[2025-02-06T06:30:01.086-0500] {taskinstance.py:2889} INFO - Executing <Task(BashOperator): task_bot_como_vamos> on 2025-02-05 11:30:00+00:00
[2025-02-06T06:30:01.093-0500] {warnings.py:112} WARNING - /home/***/.local/lib/python3.12/site-packages/***/task/task_runner/standard_task_runner.py:70: DeprecationWarning: This process (pid=17730) is multi-threaded, use of fork() may lead to deadlocks in the child.
  pid = os.fork()

[2025-02-06T06:30:01.095-0500] {standard_task_runner.py:104} INFO - Running: ['***', 'tasks', 'run', 'etl_reporte_como_vamos', 'task_bot_como_vamos', 'scheduled__2025-02-05T11:30:00+00:00', '--job-id', '61', '--raw', '--subdir', 'DAGS_FOLDER/etl_como_vamos_dag.py', '--cfg-path', '/tmp/tmpomx25hqm']
[2025-02-06T06:30:01.101-0500] {standard_task_runner.py:72} INFO - Started process 17731 to run task
[2025-02-06T06:30:01.101-0500] {standard_task_runner.py:105} INFO - Job 61: Subtask task_bot_como_vamos
[2025-02-06T06:30:01.151-0500] {task_command.py:467} INFO - Running <TaskInstance: etl_reporte_como_vamos.task_bot_como_vamos scheduled__2025-02-05T11:30:00+00:00 [running]> on host 21f1c1b48730
[2025-02-06T06:30:01.250-0500] {taskinstance.py:3132} INFO - Exporting env vars: AIRFLOW_CTX_DAG_OWNER='***' AIRFLOW_CTX_DAG_ID='etl_reporte_como_vamos' AIRFLOW_CTX_TASK_ID='task_bot_como_vamos' AIRFLOW_CTX_EXECUTION_DATE='2025-02-05T11:30:00+00:00' AIRFLOW_CTX_TRY_NUMBER='1' AIRFLOW_CTX_DAG_RUN_ID='scheduled__2025-02-05T11:30:00+00:00'
[2025-02-06T06:30:01.252-0500] {taskinstance.py:731} INFO - ::endgroup::
[2025-02-06T06:30:01.274-0500] {subprocess.py:78} INFO - Tmp dir root location: /tmp
[2025-02-06T06:30:01.276-0500] {subprocess.py:88} INFO - Running command: ['/usr/bin/bash', '-c', 'python /opt/***/scripts/bot_reporte_como_vamos.py']
[2025-02-06T06:30:01.287-0500] {subprocess.py:99} INFO - Output:
[2025-02-06T06:30:04.210-0500] {subprocess.py:106} INFO - ic| report_date: '05/02/2025'
[2025-02-06T06:30:04.211-0500] {subprocess.py:106} INFO - 2025-02-06 06:30:04,210 - bot_como_vamos - INFO - Starting script bot_como_vamos.py
[2025-02-06T06:30:04.888-0500] {subprocess.py:106} INFO - 2025-02-06 06:30:04,888 - bot_como_vamos - INFO - Conexión al Selenium Hub establecida correctamente
[2025-02-06T06:31:00.041-0500] {subprocess.py:106} INFO - ic| login_success: <selenium.webdriver.remote.webelement.WebElement (session="5c10a5b3031c3261d6ccb5e5ca335883", element="f.569B054D34E3E002F1034BDC27786279.d.2CF61F19BE5F3E32ED785F3454F15ED8.e.77")>
[2025-02-06T06:31:00.046-0500] {subprocess.py:106} INFO - 2025-02-06 06:31:00,040 - bot_como_vamos - INFO - Loging success
[2025-02-06T06:31:10.237-0500] {subprocess.py:106} INFO - 2025-02-06 06:31:10,236 - bot_como_vamos - INFO - Click in menu button successfully
[2025-02-06T06:31:20.429-0500] {subprocess.py:106} INFO - 2025-02-06 06:31:20,429 - bot_como_vamos - INFO - Input dates successfully
[2025-02-06T06:31:30.563-0500] {subprocess.py:106} INFO - 2025-02-06 06:31:30,563 - bot_como_vamos - INFO - Click in 'Empresas Y Negocios' successfully
[2025-02-06T06:32:04.213-0500] {subprocess.py:106} INFO - 2025-02-06 06:32:04,213 - assets - INFO - Waiting for download file...............
[2025-02-06T06:32:04.270-0500] {subprocess.py:106} INFO - ic| file: '.com.google.Chrome.V6Ok7D'
[2025-02-06T06:32:09.277-0500] {subprocess.py:106} INFO - ic| file: 'Unconfirmed 796865.crdownload'
[2025-02-06T06:32:14.281-0500] {subprocess.py:106} INFO - ic| file: 'Reporte como_vamos.xlsx'
[2025-02-06T06:32:14.282-0500] {subprocess.py:106} INFO - 2025-02-06 06:32:14,281 - bot_como_vamos - INFO - Download Reporte como_vamos succesfully
[2025-02-06T06:32:14.876-0500] {subprocess.py:110} INFO - Command exited with return code 0
[2025-02-06T06:32:14.937-0500] {taskinstance.py:340} INFO - ::group::Post task execution logs
[2025-02-06T06:32:14.939-0500] {taskinstance.py:352} INFO - Marking task as SUCCESS. dag_id=etl_reporte_como_vamos, task_id=task_bot_como_vamos, run_id=scheduled__2025-02-05T11:30:00+00:00, execution_date=20250205T113000, start_date=20250206T113001, end_date=20250206T113214
[2025-02-06T06:32:14.980-0500] {local_task_job_runner.py:266} INFO - Task exited with return code 0
[2025-02-06T06:32:15.022-0500] {taskinstance.py:3895} INFO - 2 downstream tasks scheduled from follow-on schedule check
[2025-02-06T06:32:15.025-0500] {local_task_job_runner.py:245} INFO - ::endgroup::
