[2025-01-28T02:23:25.268+0000] {local_task_job_runner.py:123} INFO - ::group::Pre task execution logs
[2025-01-28T02:23:25.285+0000] {taskinstance.py:2613} INFO - Dependencies all met for dep_context=non-requeueable deps ti=<TaskInstance: etl_reporte_como_vamos.etl_cdc manual__2025-01-28T02:23:21.568536+00:00 [queued]>
[2025-01-28T02:23:25.295+0000] {taskinstance.py:2613} INFO - Dependencies all met for dep_context=requeueable deps ti=<TaskInstance: etl_reporte_como_vamos.etl_cdc manual__2025-01-28T02:23:21.568536+00:00 [queued]>
[2025-01-28T02:23:25.296+0000] {taskinstance.py:2866} INFO - Starting attempt 1 of 2
[2025-01-28T02:23:25.311+0000] {taskinstance.py:2889} INFO - Executing <Task(BashOperator): etl_cdc> on 2025-01-28 02:23:21.568536+00:00
[2025-01-28T02:23:25.317+0000] {standard_task_runner.py:104} INFO - Running: ['***', 'tasks', 'run', 'etl_reporte_como_vamos', 'etl_cdc', 'manual__2025-01-28T02:23:21.568536+00:00', '--job-id', '35', '--raw', '--subdir', 'DAGS_FOLDER/etl_como_vamos_dag.py', '--cfg-path', '/tmp/tmp3os0qukk']
[2025-01-28T02:23:25.320+0000] {standard_task_runner.py:105} INFO - Job 35: Subtask etl_cdc
[2025-01-28T02:23:25.321+0000] {logging_mixin.py:190} WARNING - /home/***/.local/lib/python3.12/site-packages/***/task/task_runner/standard_task_runner.py:70 DeprecationWarning: This process (pid=496) is multi-threaded, use of fork() may lead to deadlocks in the child.
[2025-01-28T02:23:25.322+0000] {standard_task_runner.py:72} INFO - Started process 497 to run task
[2025-01-28T02:23:25.398+0000] {task_command.py:467} INFO - Running <TaskInstance: etl_reporte_como_vamos.etl_cdc manual__2025-01-28T02:23:21.568536+00:00 [running]> on host f224e78ab39c
[2025-01-28T02:23:25.681+0000] {taskinstance.py:3132} INFO - Exporting env vars: AIRFLOW_CTX_DAG_OWNER='***' AIRFLOW_CTX_DAG_ID='etl_reporte_como_vamos' AIRFLOW_CTX_TASK_ID='etl_cdc' AIRFLOW_CTX_EXECUTION_DATE='2025-01-28T02:23:21.568536+00:00' AIRFLOW_CTX_TRY_NUMBER='1' AIRFLOW_CTX_DAG_RUN_ID='manual__2025-01-28T02:23:21.568536+00:00'
[2025-01-28T02:23:25.683+0000] {taskinstance.py:731} INFO - ::endgroup::
[2025-01-28T02:23:25.724+0000] {subprocess.py:78} INFO - Tmp dir root location: /tmp
[2025-01-28T02:23:25.727+0000] {subprocess.py:88} INFO - Running command: ['/usr/bin/bash', '-c', 'python /opt/***/scripts/etl_cdc.py']
[2025-01-28T02:23:25.742+0000] {subprocess.py:99} INFO - Output:
[2025-01-28T02:23:41.102+0000] {subprocess.py:106} INFO - Ejecucion Erronea
[2025-01-28T02:23:42.436+0000] {subprocess.py:110} INFO - Command exited with return code 0
[2025-01-28T02:23:42.598+0000] {taskinstance.py:340} INFO - ::group::Post task execution logs
[2025-01-28T02:23:42.603+0000] {taskinstance.py:352} INFO - Marking task as SUCCESS. dag_id=etl_reporte_como_vamos, task_id=etl_cdc, run_id=manual__2025-01-28T02:23:21.568536+00:00, execution_date=20250128T022321, start_date=20250128T022325, end_date=20250128T022342
[2025-01-28T02:23:42.702+0000] {local_task_job_runner.py:266} INFO - Task exited with return code 0
[2025-01-28T02:23:42.741+0000] {taskinstance.py:3895} INFO - 0 downstream tasks scheduled from follow-on schedule check
[2025-01-28T02:23:42.748+0000] {local_task_job_runner.py:245} INFO - ::endgroup::
