[2025-02-13T09:14:04.470-0500] {local_task_job_runner.py:123} INFO - ::group::Pre task execution logs
[2025-02-13T09:14:04.489-0500] {taskinstance.py:2613} INFO - Dependencies all met for dep_context=non-requeueable deps ti=<TaskInstance: etl_reporte_como_vamos.etl_ex_bbva manual__2025-02-13T14:12:29.602225+00:00 [queued]>
[2025-02-13T09:14:04.499-0500] {taskinstance.py:2613} INFO - Dependencies all met for dep_context=requeueable deps ti=<TaskInstance: etl_reporte_como_vamos.etl_ex_bbva manual__2025-02-13T14:12:29.602225+00:00 [queued]>
[2025-02-13T09:14:04.515-0500] {taskinstance.py:2866} INFO - Starting attempt 1 of 4
[2025-02-13T09:14:04.545-0500] {taskinstance.py:2889} INFO - Executing <Task(BashOperator): etl_ex_bbva> on 2025-02-13 14:12:29.602225+00:00
[2025-02-13T09:14:04.551-0500] {warnings.py:112} WARNING - /home/***/.local/lib/python3.12/site-packages/***/task/task_runner/standard_task_runner.py:70: DeprecationWarning: This process (pid=45306) is multi-threaded, use of fork() may lead to deadlocks in the child.
  pid = os.fork()

[2025-02-13T09:14:04.553-0500] {standard_task_runner.py:72} INFO - Started process 45308 to run task
[2025-02-13T09:14:04.554-0500] {standard_task_runner.py:104} INFO - Running: ['***', 'tasks', 'run', 'etl_reporte_como_vamos', 'etl_ex_bbva', 'manual__2025-02-13T14:12:29.602225+00:00', '--job-id', '112', '--raw', '--subdir', 'DAGS_FOLDER/etl_como_vamos_dag.py', '--cfg-path', '/tmp/tmpsn_5i2oj']
[2025-02-13T09:14:04.555-0500] {standard_task_runner.py:105} INFO - Job 112: Subtask etl_ex_bbva
[2025-02-13T09:14:04.629-0500] {task_command.py:467} INFO - Running <TaskInstance: etl_reporte_como_vamos.etl_ex_bbva manual__2025-02-13T14:12:29.602225+00:00 [running]> on host 21f1c1b48730
[2025-02-13T09:14:04.744-0500] {taskinstance.py:3132} INFO - Exporting env vars: AIRFLOW_CTX_DAG_OWNER='***' AIRFLOW_CTX_DAG_ID='etl_reporte_como_vamos' AIRFLOW_CTX_TASK_ID='etl_ex_bbva' AIRFLOW_CTX_EXECUTION_DATE='2025-02-13T14:12:29.602225+00:00' AIRFLOW_CTX_TRY_NUMBER='1' AIRFLOW_CTX_DAG_RUN_ID='manual__2025-02-13T14:12:29.602225+00:00'
[2025-02-13T09:14:04.746-0500] {taskinstance.py:731} INFO - ::endgroup::
[2025-02-13T09:14:04.763-0500] {subprocess.py:78} INFO - Tmp dir root location: /tmp
[2025-02-13T09:14:04.764-0500] {subprocess.py:88} INFO - Running command: ['/usr/bin/bash', '-c', 'python /opt/***/scripts/etl_ex_bbva.py']
[2025-02-13T09:14:04.777-0500] {subprocess.py:99} INFO - Output:
[2025-02-13T09:14:07.513-0500] {subprocess.py:106} INFO - ic| params: {'database': 'calidad_etl',
[2025-02-13T09:14:07.514-0500] {subprocess.py:106} INFO -              'host': '172.29.33.204',
[2025-02-13T09:14:07.515-0500] {subprocess.py:106} INFO -              'password': 'calidad2021*',
[2025-02-13T09:14:07.516-0500] {subprocess.py:106} INFO -              'port': '3306',
[2025-02-13T09:14:07.517-0500] {subprocess.py:106} INFO -              'user': 'calidad_etl'}
[2025-02-13T09:14:07.563-0500] {subprocess.py:106} INFO - ic| params: {'database': 'calidad_etl',
[2025-02-13T09:14:07.564-0500] {subprocess.py:106} INFO -              'host': '172.29.33.204',
[2025-02-13T09:14:07.565-0500] {subprocess.py:106} INFO -              'password': 'calidad2021*',
[2025-02-13T09:14:07.565-0500] {subprocess.py:106} INFO -              'port': '3306',
[2025-02-13T09:14:07.566-0500] {subprocess.py:106} INFO -              'user': 'calidad_etl'}
[2025-02-13T09:14:08.231-0500] {subprocess.py:106} INFO - 2025-02-13 09:14:08,231 - assets - INFO - Engine para base de datos: calidad_etl creado exitosamente
[2025-02-13T09:14:08.236-0500] {subprocess.py:106} INFO - ic| hoy: datetime.date(2025, 2, 13)
[2025-02-13T09:14:08.237-0500] {subprocess.py:106} INFO -     fecha_inicio: datetime.date(2025, 2, 1)
[2025-02-13T09:14:08.240-0500] {subprocess.py:106} INFO - ic| fecha_inicio: datetime.date(2025, 2, 1)
[2025-02-13T09:14:08.241-0500] {subprocess.py:106} INFO -     fecha_fin: datetime.date(2025, 2, 13)
[2025-02-13T09:14:08.244-0500] {subprocess.py:106} INFO - ic| query: '
[2025-02-13T09:14:08.245-0500] {subprocess.py:106} INFO -             SELECT * FROM calidad_etl.sm_cerrado
[2025-02-13T09:14:08.245-0500] {subprocess.py:106} INFO -                 WHERE "INSERTAR_DT" >= %s;
[2025-02-13T09:14:08.246-0500] {subprocess.py:106} INFO -             '
[2025-02-13T09:14:08.904-0500] {subprocess.py:106} INFO - 2025-02-13 09:14:08,903 - assets - INFO - SQL query succesfully executed
[2025-02-13T09:14:08.905-0500] {subprocess.py:106} INFO - 2025-02-13 09:14:08,904 - etl_ex_bbva - INFO - Start ETL Exito Tuya BBVA
[2025-02-13T09:14:10.616-0500] {subprocess.py:106} INFO - 2025-02-13 09:14:10,616 - etl_ex_bbva - INFO - Reporte como_vamos.xlsx successfully load
[2025-02-13T09:14:10.668-0500] {subprocess.py:106} INFO - 2025-02-13 09:14:10,668 - etl_ex_bbva - INFO - etl_ex_bbva.py success execution
[2025-02-13T09:14:10.669-0500] {subprocess.py:106} INFO - Conexión exitosa a la base de datos: calidad_etl
[2025-02-13T09:14:10.884-0500] {subprocess.py:110} INFO - Command exited with return code 0
[2025-02-13T09:14:10.911-0500] {taskinstance.py:340} INFO - ::group::Post task execution logs
[2025-02-13T09:14:10.912-0500] {taskinstance.py:352} INFO - Marking task as SUCCESS. dag_id=etl_reporte_como_vamos, task_id=etl_ex_bbva, run_id=manual__2025-02-13T14:12:29.602225+00:00, execution_date=20250213T141229, start_date=20250213T141404, end_date=20250213T141410
[2025-02-13T09:14:10.952-0500] {local_task_job_runner.py:266} INFO - Task exited with return code 0
[2025-02-13T09:14:10.981-0500] {taskinstance.py:3895} INFO - 1 downstream tasks scheduled from follow-on schedule check
[2025-02-13T09:14:10.984-0500] {local_task_job_runner.py:245} INFO - ::endgroup::
