[2025-02-12T06:32:16.949-0500] {local_task_job_runner.py:123} INFO - ::group::Pre task execution logs
[2025-02-12T06:32:16.973-0500] {taskinstance.py:2613} INFO - Dependencies all met for dep_context=non-requeueable deps ti=<TaskInstance: etl_reporte_como_vamos.etl_cdc scheduled__2025-02-11T11:30:00+00:00 [queued]>
[2025-02-12T06:32:16.985-0500] {taskinstance.py:2613} INFO - Dependencies all met for dep_context=requeueable deps ti=<TaskInstance: etl_reporte_como_vamos.etl_cdc scheduled__2025-02-11T11:30:00+00:00 [queued]>
[2025-02-12T06:32:16.986-0500] {taskinstance.py:2866} INFO - Starting attempt 1 of 4
[2025-02-12T06:32:17.003-0500] {taskinstance.py:2889} INFO - Executing <Task(BashOperator): etl_cdc> on 2025-02-11 11:30:00+00:00
[2025-02-12T06:32:17.012-0500] {warnings.py:112} WARNING - /home/***/.local/lib/python3.12/site-packages/***/task/task_runner/standard_task_runner.py:70: DeprecationWarning: This process (pid=25370) is multi-threaded, use of fork() may lead to deadlocks in the child.
  pid = os.fork()

[2025-02-12T06:32:17.014-0500] {standard_task_runner.py:72} INFO - Started process 25373 to run task
[2025-02-12T06:32:17.015-0500] {standard_task_runner.py:104} INFO - Running: ['***', 'tasks', 'run', 'etl_reporte_como_vamos', 'etl_cdc', 'scheduled__2025-02-11T11:30:00+00:00', '--job-id', '101', '--raw', '--subdir', 'DAGS_FOLDER/etl_como_vamos_dag.py', '--cfg-path', '/tmp/tmp80fy77jq']
[2025-02-12T06:32:17.017-0500] {standard_task_runner.py:105} INFO - Job 101: Subtask etl_cdc
[2025-02-12T06:32:17.082-0500] {task_command.py:467} INFO - Running <TaskInstance: etl_reporte_como_vamos.etl_cdc scheduled__2025-02-11T11:30:00+00:00 [running]> on host 21f1c1b48730
[2025-02-12T06:32:17.226-0500] {taskinstance.py:3132} INFO - Exporting env vars: AIRFLOW_CTX_DAG_OWNER='***' AIRFLOW_CTX_DAG_ID='etl_reporte_como_vamos' AIRFLOW_CTX_TASK_ID='etl_cdc' AIRFLOW_CTX_EXECUTION_DATE='2025-02-11T11:30:00+00:00' AIRFLOW_CTX_TRY_NUMBER='1' AIRFLOW_CTX_DAG_RUN_ID='scheduled__2025-02-11T11:30:00+00:00'
[2025-02-12T06:32:17.227-0500] {taskinstance.py:731} INFO - ::endgroup::
[2025-02-12T06:32:17.246-0500] {subprocess.py:78} INFO - Tmp dir root location: /tmp
[2025-02-12T06:32:17.248-0500] {subprocess.py:88} INFO - Running command: ['/usr/bin/bash', '-c', 'python /opt/***/scripts/etl_cdc.py']
[2025-02-12T06:32:17.261-0500] {subprocess.py:99} INFO - Output:
[2025-02-12T06:32:26.694-0500] {subprocess.py:106} INFO -      incrementador               nombre_cliente  ... duplicado motivo_duplicado
[2025-02-12T06:32:26.695-0500] {subprocess.py:106} INFO - 0            11214  COLOMBIANA DE COMERCIO S.A.  ...
[2025-02-12T06:32:26.696-0500] {subprocess.py:106} INFO - 1            11115  COLOMBIANA DE COMERCIO S.A.  ...
[2025-02-12T06:32:26.697-0500] {subprocess.py:106} INFO - 2            11116  COLOMBIANA DE COMERCIO S.A.  ...
[2025-02-12T06:32:26.697-0500] {subprocess.py:106} INFO - 3            11117  COLOMBIANA DE COMERCIO S.A.  ...
[2025-02-12T06:32:26.698-0500] {subprocess.py:106} INFO - 4            11118  COLOMBIANA DE COMERCIO S.A.  ...
[2025-02-12T06:32:26.698-0500] {subprocess.py:106} INFO - ..             ...                          ...  ...       ...              ...
[2025-02-12T06:32:26.699-0500] {subprocess.py:106} INFO - 271          11412  COLOMBIANA DE COMERCIO S.A.  ...
[2025-02-12T06:32:26.699-0500] {subprocess.py:106} INFO - 272          11413  COLOMBIANA DE COMERCIO S.A.  ...
[2025-02-12T06:32:26.700-0500] {subprocess.py:106} INFO - 273          11414  COLOMBIANA DE COMERCIO S.A.  ...
[2025-02-12T06:32:26.701-0500] {subprocess.py:106} INFO - 274          11415  COLOMBIANA DE COMERCIO S.A.  ...
[2025-02-12T06:32:26.701-0500] {subprocess.py:106} INFO - 275          11416  COLOMBIANA DE COMERCIO S.A.  ...
[2025-02-12T06:32:26.702-0500] {subprocess.py:106} INFO - 
[2025-02-12T06:32:26.703-0500] {subprocess.py:106} INFO - [276 rows x 60 columns]
[2025-02-12T06:32:26.703-0500] {subprocess.py:106} INFO -                  nombre_cliente    id_caso  ... duplicado motivo_duplicado
[2025-02-12T06:32:26.704-0500] {subprocess.py:106} INFO - 0   COLOMBIANA DE COMERCIO S.A.  RF1865281  ...
[2025-02-12T06:32:26.704-0500] {subprocess.py:106} INFO - 1   COLOMBIANA DE COMERCIO S.A.  RF1865282  ...
[2025-02-12T06:32:26.705-0500] {subprocess.py:106} INFO - 2   COLOMBIANA DE COMERCIO S.A.  RF1865283  ...
[2025-02-12T06:32:26.705-0500] {subprocess.py:106} INFO - 3   COLOMBIANA DE COMERCIO S.A.  RF1865296  ...
[2025-02-12T06:32:26.706-0500] {subprocess.py:106} INFO - 4   COLOMBIANA DE COMERCIO S.A.  RF1865295  ...
[2025-02-12T06:32:26.707-0500] {subprocess.py:106} INFO - 5   COLOMBIANA DE COMERCIO S.A.  RF1865294  ...
[2025-02-12T06:32:26.707-0500] {subprocess.py:106} INFO - 6   COLOMBIANA DE COMERCIO S.A.  RF1865677  ...
[2025-02-12T06:32:26.707-0500] {subprocess.py:106} INFO - 7   COLOMBIANA DE COMERCIO S.A.  RF1865655  ...
[2025-02-12T06:32:26.708-0500] {subprocess.py:106} INFO - 8   COLOMBIANA DE COMERCIO S.A.  RF1865405  ...
[2025-02-12T06:32:26.708-0500] {subprocess.py:106} INFO - 9   COLOMBIANA DE COMERCIO S.A.  RF1865362  ...
[2025-02-12T06:32:26.709-0500] {subprocess.py:106} INFO - 10  COLOMBIANA DE COMERCIO S.A.  RF1865668  ...
[2025-02-12T06:32:26.710-0500] {subprocess.py:106} INFO - 11  COLOMBIANA DE COMERCIO S.A.  RF1865429  ...
[2025-02-12T06:32:26.711-0500] {subprocess.py:106} INFO - 12  COLOMBIANA DE COMERCIO S.A.  IM3057116  ...
[2025-02-12T06:32:26.712-0500] {subprocess.py:106} INFO - 13  COLOMBIANA DE COMERCIO S.A.  IM3057653  ...
[2025-02-12T06:32:26.712-0500] {subprocess.py:106} INFO - 14  COLOMBIANA DE COMERCIO S.A.  RF1865592  ...
[2025-02-12T06:32:26.713-0500] {subprocess.py:106} INFO - 15  COLOMBIANA DE COMERCIO S.A.  RF1863860  ...
[2025-02-12T06:32:26.713-0500] {subprocess.py:106} INFO - 16  COLOMBIANA DE COMERCIO S.A.  RF1864623  ...
[2025-02-12T06:32:26.714-0500] {subprocess.py:106} INFO - 17  COLOMBIANA DE COMERCIO S.A.  IM3057653  ...
[2025-02-12T06:32:26.714-0500] {subprocess.py:106} INFO - 18  COLOMBIANA DE COMERCIO S.A.  IM3057497  ...
[2025-02-12T06:32:26.715-0500] {subprocess.py:106} INFO - 19  COLOMBIANA DE COMERCIO S.A.  IM3057497  ...
[2025-02-12T06:32:26.715-0500] {subprocess.py:106} INFO - 20  COLOMBIANA DE COMERCIO S.A.  RF1865280  ...
[2025-02-12T06:32:26.715-0500] {subprocess.py:106} INFO - 21  COLOMBIANA DE COMERCIO S.A.  RF1865293  ...
[2025-02-12T06:32:26.716-0500] {subprocess.py:106} INFO - 22  COLOMBIANA DE COMERCIO S.A.  RF1865289  ...
[2025-02-12T06:32:26.717-0500] {subprocess.py:106} INFO - 23  COLOMBIANA DE COMERCIO S.A.  RF1865288  ...
[2025-02-12T06:32:26.717-0500] {subprocess.py:106} INFO - 24  COLOMBIANA DE COMERCIO S.A.  RF1865287  ...
[2025-02-12T06:32:26.718-0500] {subprocess.py:106} INFO - 25  COLOMBIANA DE COMERCIO S.A.  RF1865285  ...
[2025-02-12T06:32:26.718-0500] {subprocess.py:106} INFO - 26  COLOMBIANA DE COMERCIO S.A.  RF1865284  ...
[2025-02-12T06:32:26.719-0500] {subprocess.py:106} INFO - 27  COLOMBIANA DE COMERCIO S.A.  RF1865279  ...
[2025-02-12T06:32:26.719-0500] {subprocess.py:106} INFO - 28  COLOMBIANA DE COMERCIO S.A.  RF1865278  ...
[2025-02-12T06:32:26.719-0500] {subprocess.py:106} INFO - 29  COLOMBIANA DE COMERCIO S.A.  RF1865277  ...
[2025-02-12T06:32:26.720-0500] {subprocess.py:106} INFO - 30  COLOMBIANA DE COMERCIO S.A.  RF1865276  ...
[2025-02-12T06:32:26.720-0500] {subprocess.py:106} INFO - 31  COLOMBIANA DE COMERCIO S.A.  RF1865275  ...
[2025-02-12T06:32:26.721-0500] {subprocess.py:106} INFO - 32  COLOMBIANA DE COMERCIO S.A.  RF1865274  ...
[2025-02-12T06:32:26.721-0500] {subprocess.py:106} INFO - 33  COLOMBIANA DE COMERCIO S.A.  RF1865267  ...
[2025-02-12T06:32:26.722-0500] {subprocess.py:106} INFO - 34  COLOMBIANA DE COMERCIO S.A.  RF1865291  ...
[2025-02-12T06:32:26.722-0500] {subprocess.py:106} INFO - 35  COLOMBIANA DE COMERCIO S.A.  RF1865674  ...
[2025-02-12T06:32:26.723-0500] {subprocess.py:106} INFO - 36  COLOMBIANA DE COMERCIO S.A.  RF1865344  ...
[2025-02-12T06:32:26.723-0500] {subprocess.py:106} INFO - 37  COLOMBIANA DE COMERCIO S.A.  RF1865384  ...
[2025-02-12T06:32:26.724-0500] {subprocess.py:106} INFO - 38  COLOMBIANA DE COMERCIO S.A.  IM3055907  ...
[2025-02-12T06:32:26.724-0500] {subprocess.py:106} INFO - 39  COLOMBIANA DE COMERCIO S.A.  IM3055659  ...
[2025-02-12T06:32:26.725-0500] {subprocess.py:106} INFO - 40  COLOMBIANA DE COMERCIO S.A.  IM3057271  ...
[2025-02-12T06:32:26.725-0500] {subprocess.py:106} INFO - 
[2025-02-12T06:32:26.726-0500] {subprocess.py:106} INFO - [41 rows x 59 columns]
[2025-02-12T06:32:26.726-0500] {subprocess.py:106} INFO - 8 33 0
[2025-02-12T06:32:26.727-0500] {subprocess.py:106} INFO - Incidentes Cargados:  8
[2025-02-12T06:32:26.727-0500] {subprocess.py:106} INFO - Requerimientos Cargados:  33
[2025-02-12T06:32:26.728-0500] {subprocess.py:106} INFO - Ejecucion Exitosa
[2025-02-12T06:32:26.923-0500] {subprocess.py:110} INFO - Command exited with return code 0
[2025-02-12T06:32:26.951-0500] {taskinstance.py:340} INFO - ::group::Post task execution logs
[2025-02-12T06:32:26.953-0500] {taskinstance.py:352} INFO - Marking task as SUCCESS. dag_id=etl_reporte_como_vamos, task_id=etl_cdc, run_id=scheduled__2025-02-11T11:30:00+00:00, execution_date=20250211T113000, start_date=20250212T113216, end_date=20250212T113226
[2025-02-12T06:32:26.987-0500] {local_task_job_runner.py:266} INFO - Task exited with return code 0
[2025-02-12T06:32:27.016-0500] {standard_task_runner.py:217} INFO - Process not found (most likely exited), stop collecting metrics
[2025-02-12T06:32:27.017-0500] {taskinstance.py:3895} INFO - 1 downstream tasks scheduled from follow-on schedule check
[2025-02-12T06:32:27.021-0500] {local_task_job_runner.py:245} INFO - ::endgroup::
