[2025-02-07T06:32:00.492-0500] {local_task_job_runner.py:123} INFO - ::group::Pre task execution logs
[2025-02-07T06:32:00.513-0500] {taskinstance.py:2613} INFO - Dependencies all met for dep_context=non-requeueable deps ti=<TaskInstance: etl_reporte_como_vamos.etl_cdc scheduled__2025-02-06T11:30:00+00:00 [queued]>
[2025-02-07T06:32:00.523-0500] {taskinstance.py:2613} INFO - Dependencies all met for dep_context=requeueable deps ti=<TaskInstance: etl_reporte_como_vamos.etl_cdc scheduled__2025-02-06T11:30:00+00:00 [queued]>
[2025-02-07T06:32:00.524-0500] {taskinstance.py:2866} INFO - Starting attempt 1 of 4
[2025-02-07T06:32:00.547-0500] {taskinstance.py:2889} INFO - Executing <Task(BashOperator): etl_cdc> on 2025-02-06 11:30:00+00:00
[2025-02-07T06:32:00.555-0500] {warnings.py:112} WARNING - /home/***/.local/lib/python3.12/site-packages/***/task/task_runner/standard_task_runner.py:70: DeprecationWarning: This process (pid=35740) is multi-threaded, use of fork() may lead to deadlocks in the child.
  pid = os.fork()

[2025-02-07T06:32:00.557-0500] {standard_task_runner.py:72} INFO - Started process 35742 to run task
[2025-02-07T06:32:00.558-0500] {standard_task_runner.py:104} INFO - Running: ['***', 'tasks', 'run', 'etl_reporte_como_vamos', 'etl_cdc', 'scheduled__2025-02-06T11:30:00+00:00', '--job-id', '67', '--raw', '--subdir', 'DAGS_FOLDER/etl_como_vamos_dag.py', '--cfg-path', '/tmp/tmpdyyi641b']
[2025-02-07T06:32:00.560-0500] {standard_task_runner.py:105} INFO - Job 67: Subtask etl_cdc
[2025-02-07T06:32:00.623-0500] {task_command.py:467} INFO - Running <TaskInstance: etl_reporte_como_vamos.etl_cdc scheduled__2025-02-06T11:30:00+00:00 [running]> on host 21f1c1b48730
[2025-02-07T06:32:00.736-0500] {taskinstance.py:3132} INFO - Exporting env vars: AIRFLOW_CTX_DAG_OWNER='***' AIRFLOW_CTX_DAG_ID='etl_reporte_como_vamos' AIRFLOW_CTX_TASK_ID='etl_cdc' AIRFLOW_CTX_EXECUTION_DATE='2025-02-06T11:30:00+00:00' AIRFLOW_CTX_TRY_NUMBER='1' AIRFLOW_CTX_DAG_RUN_ID='scheduled__2025-02-06T11:30:00+00:00'
[2025-02-07T06:32:00.737-0500] {taskinstance.py:731} INFO - ::endgroup::
[2025-02-07T06:32:00.768-0500] {subprocess.py:78} INFO - Tmp dir root location: /tmp
[2025-02-07T06:32:00.770-0500] {subprocess.py:88} INFO - Running command: ['/usr/bin/bash', '-c', 'python /opt/***/scripts/etl_cdc.py']
[2025-02-07T06:32:00.781-0500] {subprocess.py:99} INFO - Output:
[2025-02-07T06:32:04.643-0500] {subprocess.py:106} INFO -      incrementador               nombre_cliente  ... duplicado motivo_duplicado
[2025-02-07T06:32:04.645-0500] {subprocess.py:106} INFO - 0            11214  COLOMBIANA DE COMERCIO S.A.  ...
[2025-02-07T06:32:04.645-0500] {subprocess.py:106} INFO - 1            11115  COLOMBIANA DE COMERCIO S.A.  ...
[2025-02-07T06:32:04.646-0500] {subprocess.py:106} INFO - 2            11116  COLOMBIANA DE COMERCIO S.A.  ...
[2025-02-07T06:32:04.647-0500] {subprocess.py:106} INFO - 3            11117  COLOMBIANA DE COMERCIO S.A.  ...
[2025-02-07T06:32:04.647-0500] {subprocess.py:106} INFO - 4            11118  COLOMBIANA DE COMERCIO S.A.  ...
[2025-02-07T06:32:04.648-0500] {subprocess.py:106} INFO - ..             ...                          ...  ...       ...              ...
[2025-02-07T06:32:04.648-0500] {subprocess.py:106} INFO - 240          11381  COLOMBIANA DE COMERCIO S.A.  ...
[2025-02-07T06:32:04.649-0500] {subprocess.py:106} INFO - 241          11382  COLOMBIANA DE COMERCIO S.A.  ...
[2025-02-07T06:32:04.649-0500] {subprocess.py:106} INFO - 242          11383  COLOMBIANA DE COMERCIO S.A.  ...
[2025-02-07T06:32:04.650-0500] {subprocess.py:106} INFO - 243          11384  COLOMBIANA DE COMERCIO S.A.  ...
[2025-02-07T06:32:04.651-0500] {subprocess.py:106} INFO - 244          11385  COLOMBIANA DE COMERCIO S.A.  ...
[2025-02-07T06:32:04.651-0500] {subprocess.py:106} INFO - 
[2025-02-07T06:32:04.652-0500] {subprocess.py:106} INFO - [245 rows x 60 columns]
[2025-02-07T06:32:04.652-0500] {subprocess.py:106} INFO -                 nombre_cliente    id_caso  ... duplicado motivo_duplicado
[2025-02-07T06:32:04.653-0500] {subprocess.py:106} INFO - 0  COLOMBIANA DE COMERCIO S.A.  RF1862967  ...
[2025-02-07T06:32:04.653-0500] {subprocess.py:106} INFO - 1  COLOMBIANA DE COMERCIO S.A.  RF1862966  ...
[2025-02-07T06:32:04.654-0500] {subprocess.py:106} INFO - 2  COLOMBIANA DE COMERCIO S.A.  RF1862963  ...
[2025-02-07T06:32:04.654-0500] {subprocess.py:106} INFO - 3  COLOMBIANA DE COMERCIO S.A.  RF1862962  ...
[2025-02-07T06:32:04.655-0500] {subprocess.py:106} INFO - 4  COLOMBIANA DE COMERCIO S.A.  RF1862968  ...
[2025-02-07T06:32:04.655-0500] {subprocess.py:106} INFO - 5  COLOMBIANA DE COMERCIO S.A.  RF1862970  ...
[2025-02-07T06:32:04.656-0500] {subprocess.py:106} INFO - 6  COLOMBIANA DE COMERCIO S.A.  RF1862969  ...
[2025-02-07T06:32:04.656-0500] {subprocess.py:106} INFO - 7  COLOMBIANA DE COMERCIO S.A.  RF1862960  ...
[2025-02-07T06:32:04.657-0500] {subprocess.py:106} INFO - 
[2025-02-07T06:32:04.657-0500] {subprocess.py:106} INFO - [8 rows x 59 columns]
[2025-02-07T06:32:04.658-0500] {subprocess.py:106} INFO - 0 8 0
[2025-02-07T06:32:04.658-0500] {subprocess.py:106} INFO - Requerimientos Cargados:  8
[2025-02-07T06:32:04.659-0500] {subprocess.py:106} INFO - Ejecucion Exitosa
[2025-02-07T06:32:04.802-0500] {subprocess.py:110} INFO - Command exited with return code 0
[2025-02-07T06:32:04.841-0500] {taskinstance.py:340} INFO - ::group::Post task execution logs
[2025-02-07T06:32:04.842-0500] {taskinstance.py:352} INFO - Marking task as SUCCESS. dag_id=etl_reporte_como_vamos, task_id=etl_cdc, run_id=scheduled__2025-02-06T11:30:00+00:00, execution_date=20250206T113000, start_date=20250207T113200, end_date=20250207T113204
[2025-02-07T06:32:04.882-0500] {local_task_job_runner.py:266} INFO - Task exited with return code 0
[2025-02-07T06:32:04.915-0500] {taskinstance.py:3895} INFO - 0 downstream tasks scheduled from follow-on schedule check
[2025-02-07T06:32:04.918-0500] {local_task_job_runner.py:245} INFO - ::endgroup::
