[2025-02-13T06:30:01.300-0500] {local_task_job_runner.py:123} INFO - ::group::Pre task execution logs
[2025-02-13T06:30:01.328-0500] {taskinstance.py:2613} INFO - Dependencies all met for dep_context=non-requeueable deps ti=<TaskInstance: etl_reporte_como_vamos.task_bot_como_vamos scheduled__2025-02-12T11:30:00+00:00 [queued]>
[2025-02-13T06:30:01.344-0500] {taskinstance.py:2613} INFO - Dependencies all met for dep_context=requeueable deps ti=<TaskInstance: etl_reporte_como_vamos.task_bot_como_vamos scheduled__2025-02-12T11:30:00+00:00 [queued]>
[2025-02-13T06:30:01.346-0500] {taskinstance.py:2866} INFO - Starting attempt 1 of 4
[2025-02-13T06:30:01.366-0500] {taskinstance.py:2889} INFO - Executing <Task(BashOperator): task_bot_como_vamos> on 2025-02-12 11:30:00+00:00
[2025-02-13T06:30:01.374-0500] {warnings.py:112} WARNING - /home/***/.local/lib/python3.12/site-packages/***/task/task_runner/standard_task_runner.py:70: DeprecationWarning: This process (pid=43111) is multi-threaded, use of fork() may lead to deadlocks in the child.
  pid = os.fork()

[2025-02-13T06:30:01.382-0500] {standard_task_runner.py:72} INFO - Started process 43112 to run task
[2025-02-13T06:30:01.382-0500] {standard_task_runner.py:104} INFO - Running: ['***', 'tasks', 'run', 'etl_reporte_como_vamos', 'task_bot_como_vamos', 'scheduled__2025-02-12T11:30:00+00:00', '--job-id', '104', '--raw', '--subdir', 'DAGS_FOLDER/etl_como_vamos_dag.py', '--cfg-path', '/tmp/tmplp7e58k2']
[2025-02-13T06:30:01.388-0500] {standard_task_runner.py:105} INFO - Job 104: Subtask task_bot_como_vamos
[2025-02-13T06:30:01.491-0500] {task_command.py:467} INFO - Running <TaskInstance: etl_reporte_como_vamos.task_bot_como_vamos scheduled__2025-02-12T11:30:00+00:00 [running]> on host 21f1c1b48730
[2025-02-13T06:30:01.663-0500] {taskinstance.py:3132} INFO - Exporting env vars: AIRFLOW_CTX_DAG_OWNER='***' AIRFLOW_CTX_DAG_ID='etl_reporte_como_vamos' AIRFLOW_CTX_TASK_ID='task_bot_como_vamos' AIRFLOW_CTX_EXECUTION_DATE='2025-02-12T11:30:00+00:00' AIRFLOW_CTX_TRY_NUMBER='1' AIRFLOW_CTX_DAG_RUN_ID='scheduled__2025-02-12T11:30:00+00:00'
[2025-02-13T06:30:01.667-0500] {taskinstance.py:731} INFO - ::endgroup::
[2025-02-13T06:30:01.695-0500] {subprocess.py:78} INFO - Tmp dir root location: /tmp
[2025-02-13T06:30:01.698-0500] {subprocess.py:88} INFO - Running command: ['/usr/bin/bash', '-c', 'python /opt/***/scripts/bot_reporte_como_vamos.py']
[2025-02-13T06:30:01.714-0500] {subprocess.py:99} INFO - Output:
[2025-02-13T06:30:04.652-0500] {subprocess.py:106} INFO - ic| report_date: '12/02/2025'
[2025-02-13T06:30:04.653-0500] {subprocess.py:106} INFO - 2025-02-13 06:30:04,652 - bot_como_vamos - INFO - Starting script bot_como_vamos.py
[2025-02-13T06:30:05.483-0500] {subprocess.py:106} INFO - 2025-02-13 06:30:05,483 - bot_como_vamos - INFO - Conexión al Selenium Hub establecida correctamente
[2025-02-13T06:30:37.552-0500] {subprocess.py:106} INFO - ic| login_success: <selenium.webdriver.remote.webelement.WebElement (session="bd842e2b593332ed4f50ca31c3b44c8f", element="f.F0C2F2E19032A7767372690F2C327892.d.B32EBDF9D48B3C35CC1C4F10065D5EAB.e.81")>
[2025-02-13T06:30:37.553-0500] {subprocess.py:106} INFO - 2025-02-13 06:30:37,552 - bot_como_vamos - INFO - Loging success
[2025-02-13T06:30:47.674-0500] {subprocess.py:106} INFO - 2025-02-13 06:30:47,673 - bot_como_vamos - INFO - Click in menu button successfully
[2025-02-13T06:30:57.864-0500] {subprocess.py:106} INFO - 2025-02-13 06:30:57,864 - bot_como_vamos - INFO - Input dates successfully
[2025-02-13T06:31:07.991-0500] {subprocess.py:106} INFO - 2025-02-13 06:31:07,991 - bot_como_vamos - INFO - Click in 'Empresas Y Negocios' successfully
[2025-02-13T06:31:24.818-0500] {subprocess.py:106} INFO - 2025-02-13 06:31:24,812 - assets - INFO - Waiting for download file...............
[2025-02-13T06:31:24.895-0500] {subprocess.py:106} INFO - ic| file: '.com.google.Chrome.5IgA58'
[2025-02-13T06:31:24.899-0500] {subprocess.py:106} INFO - ic| file: 'Unconfirmed 932646.crdownload'
[2025-02-13T06:31:29.906-0500] {subprocess.py:106} INFO - ic| file: 'Reporte como_vamos.xlsx'
[2025-02-13T06:31:29.907-0500] {subprocess.py:106} INFO - 2025-02-13 06:31:29,906 - bot_como_vamos - INFO - Download Reporte como_vamos succesfully
[2025-02-13T06:31:30.485-0500] {subprocess.py:110} INFO - Command exited with return code 0
[2025-02-13T06:31:30.644-0500] {taskinstance.py:340} INFO - ::group::Post task execution logs
[2025-02-13T06:31:30.646-0500] {taskinstance.py:352} INFO - Marking task as SUCCESS. dag_id=etl_reporte_como_vamos, task_id=task_bot_como_vamos, run_id=scheduled__2025-02-12T11:30:00+00:00, execution_date=20250212T113000, start_date=20250213T113001, end_date=20250213T113130
[2025-02-13T06:31:30.729-0500] {local_task_job_runner.py:266} INFO - Task exited with return code 0
[2025-02-13T06:31:30.779-0500] {taskinstance.py:3895} INFO - 2 downstream tasks scheduled from follow-on schedule check
[2025-02-13T06:31:30.785-0500] {local_task_job_runner.py:245} INFO - ::endgroup::
