[2025-02-02T22:21:00.587-0500] {local_task_job_runner.py:123} INFO - ::group::Pre task execution logs
[2025-02-02T22:21:00.614-0500] {taskinstance.py:2613} INFO - Dependencies all met for dep_context=non-requeueable deps ti=<TaskInstance: etl_reporte_como_vamos.bot_ex_bbva scheduled__2025-02-02T06:22:00+00:00 [queued]>
[2025-02-02T22:21:00.626-0500] {taskinstance.py:2613} INFO - Dependencies all met for dep_context=requeueable deps ti=<TaskInstance: etl_reporte_como_vamos.bot_ex_bbva scheduled__2025-02-02T06:22:00+00:00 [queued]>
[2025-02-02T22:21:00.628-0500] {taskinstance.py:2866} INFO - Starting attempt 1 of 4
[2025-02-02T22:21:00.647-0500] {taskinstance.py:2889} INFO - Executing <Task(BashOperator): bot_ex_bbva> on 2025-02-02 06:22:00+00:00
[2025-02-02T22:21:00.654-0500] {warnings.py:112} WARNING - /home/***/.local/lib/python3.12/site-packages/***/task/task_runner/standard_task_runner.py:70: DeprecationWarning: This process (pid=1284) is multi-threaded, use of fork() may lead to deadlocks in the child.
  pid = os.fork()

[2025-02-02T22:21:00.656-0500] {standard_task_runner.py:72} INFO - Started process 1285 to run task
[2025-02-02T22:21:00.657-0500] {standard_task_runner.py:104} INFO - Running: ['***', 'tasks', 'run', 'etl_reporte_como_vamos', 'bot_ex_bbva', 'scheduled__2025-02-02T06:22:00+00:00', '--job-id', '19', '--raw', '--subdir', 'DAGS_FOLDER/etl_como_vamos_dag.py', '--cfg-path', '/tmp/tmp8y15rbeb']
[2025-02-02T22:21:00.658-0500] {standard_task_runner.py:105} INFO - Job 19: Subtask bot_ex_bbva
[2025-02-02T22:21:00.715-0500] {task_command.py:467} INFO - Running <TaskInstance: etl_reporte_como_vamos.bot_ex_bbva scheduled__2025-02-02T06:22:00+00:00 [running]> on host 21f1c1b48730
[2025-02-02T22:21:00.808-0500] {taskinstance.py:3132} INFO - Exporting env vars: AIRFLOW_CTX_DAG_OWNER='***' AIRFLOW_CTX_DAG_ID='etl_reporte_como_vamos' AIRFLOW_CTX_TASK_ID='bot_ex_bbva' AIRFLOW_CTX_EXECUTION_DATE='2025-02-02T06:22:00+00:00' AIRFLOW_CTX_TRY_NUMBER='1' AIRFLOW_CTX_DAG_RUN_ID='scheduled__2025-02-02T06:22:00+00:00'
[2025-02-02T22:21:00.809-0500] {taskinstance.py:731} INFO - ::endgroup::
[2025-02-02T22:21:00.825-0500] {subprocess.py:78} INFO - Tmp dir root location: /tmp
[2025-02-02T22:21:00.826-0500] {subprocess.py:88} INFO - Running command: ['/usr/bin/bash', '-c', 'python /opt/***/scripts/bot_etl_ex_bbva.py']
[2025-02-02T22:21:00.837-0500] {subprocess.py:99} INFO - Output:
[2025-02-02T22:21:01.827-0500] {subprocess.py:106} INFO - 2025-02-02 22:21:01,826 - bot_etl_ex_bbva - INFO - Bot ETL Exito-BBVA started
[2025-02-02T22:21:02.245-0500] {subprocess.py:106} INFO - 2025-02-02 22:21:02,245 - bot_etl_ex_bbva - INFO - Conexión al Selenium Hub establecida correctamente
[2025-02-02T22:21:03.164-0500] {subprocess.py:106} INFO - 2025-02-02 22:21:03,164 - bot_etl_ex_bbva - INFO - Credentials input success
[2025-02-02T22:21:04.284-0500] {subprocess.py:106} INFO - 2025-02-02 22:21:04,284 - bot_etl_ex_bbva - INFO - Click in login button
[2025-02-02T22:21:14.340-0500] {subprocess.py:106} INFO - 2025-02-02 22:21:14,340 - bot_etl_ex_bbva - INFO - Loging success
[2025-02-02T22:21:15.600-0500] {subprocess.py:106} INFO - 2025-02-02 22:21:15,599 - bot_etl_ex_bbva - INFO - Input file succes
[2025-02-02T22:21:24.911-0500] {subprocess.py:106} INFO - 2025-02-02 22:21:24,911 - bot_etl_ex_bbva - INFO - Click in Cargar
[2025-02-02T22:21:30.573-0500] {subprocess.py:106} INFO - 2025-02-02 22:21:30,571 - bot_etl_ex_bbva - INFO - bot_etl_ex_bbva finish execution
[2025-02-02T22:21:30.782-0500] {subprocess.py:110} INFO - Command exited with return code 0
[2025-02-02T22:21:30.826-0500] {taskinstance.py:340} INFO - ::group::Post task execution logs
[2025-02-02T22:21:30.828-0500] {taskinstance.py:352} INFO - Marking task as SUCCESS. dag_id=etl_reporte_como_vamos, task_id=bot_ex_bbva, run_id=scheduled__2025-02-02T06:22:00+00:00, execution_date=20250202T062200, start_date=20250203T032100, end_date=20250203T032130
[2025-02-02T22:21:30.875-0500] {local_task_job_runner.py:266} INFO - Task exited with return code 0
[2025-02-02T22:21:30.906-0500] {taskinstance.py:3895} INFO - 1 downstream tasks scheduled from follow-on schedule check
[2025-02-02T22:21:30.909-0500] {local_task_job_runner.py:245} INFO - ::endgroup::
