[2025-01-31T02:03:49.036+0000] {local_task_job_runner.py:123} INFO - ::group::Pre task execution logs
[2025-01-31T02:03:49.081+0000] {taskinstance.py:2613} INFO - Dependencies all met for dep_context=non-requeueable deps ti=<TaskInstance: etl_reporte_como_vamos.etl_ex_bbva manual__2025-01-31T02:03:44.996952+00:00 [queued]>
[2025-01-31T02:03:49.108+0000] {taskinstance.py:2613} INFO - Dependencies all met for dep_context=requeueable deps ti=<TaskInstance: etl_reporte_como_vamos.etl_ex_bbva manual__2025-01-31T02:03:44.996952+00:00 [queued]>
[2025-01-31T02:03:49.110+0000] {taskinstance.py:2866} INFO - Starting attempt 1 of 1
[2025-01-31T02:03:49.150+0000] {taskinstance.py:2889} INFO - Executing <Task(BashOperator): etl_ex_bbva> on 2025-01-31 02:03:44.996952+00:00
[2025-01-31T02:03:49.163+0000] {warnings.py:112} WARNING - /home/***/.local/lib/python3.12/site-packages/***/task/task_runner/standard_task_runner.py:70: DeprecationWarning: This process (pid=578) is multi-threaded, use of fork() may lead to deadlocks in the child.
  pid = os.fork()

[2025-01-31T02:03:49.167+0000] {standard_task_runner.py:72} INFO - Started process 579 to run task
[2025-01-31T02:03:49.168+0000] {standard_task_runner.py:104} INFO - Running: ['***', 'tasks', 'run', 'etl_reporte_como_vamos', 'etl_ex_bbva', 'manual__2025-01-31T02:03:44.996952+00:00', '--job-id', '40', '--raw', '--subdir', 'DAGS_FOLDER/etl_como_vamos_dag.py', '--cfg-path', '/tmp/tmpy2o4j_9x']
[2025-01-31T02:03:49.171+0000] {standard_task_runner.py:105} INFO - Job 40: Subtask etl_ex_bbva
[2025-01-31T02:03:49.313+0000] {task_command.py:467} INFO - Running <TaskInstance: etl_reporte_como_vamos.etl_ex_bbva manual__2025-01-31T02:03:44.996952+00:00 [running]> on host 09b63ee6c6d0
[2025-01-31T02:03:49.817+0000] {taskinstance.py:3132} INFO - Exporting env vars: AIRFLOW_CTX_DAG_OWNER='***' AIRFLOW_CTX_DAG_ID='etl_reporte_como_vamos' AIRFLOW_CTX_TASK_ID='etl_ex_bbva' AIRFLOW_CTX_EXECUTION_DATE='2025-01-31T02:03:44.996952+00:00' AIRFLOW_CTX_TRY_NUMBER='1' AIRFLOW_CTX_DAG_RUN_ID='manual__2025-01-31T02:03:44.996952+00:00'
[2025-01-31T02:03:49.820+0000] {taskinstance.py:731} INFO - ::endgroup::
[2025-01-31T02:03:49.933+0000] {subprocess.py:78} INFO - Tmp dir root location: /tmp
[2025-01-31T02:03:49.941+0000] {subprocess.py:88} INFO - Running command: ['/usr/bin/bash', '-c', 'python /opt/***/scripts/etl_ex_bbva.py']
[2025-01-31T02:03:49.992+0000] {subprocess.py:99} INFO - Output:
[2025-01-31T02:03:56.788+0000] {subprocess.py:106} INFO - ic| params: {'database': 'calidad_etl',
[2025-01-31T02:03:56.791+0000] {subprocess.py:106} INFO -              'host': '172.29.33.204',
[2025-01-31T02:03:56.792+0000] {subprocess.py:106} INFO -              'password': 'calidad2021*',
[2025-01-31T02:03:56.794+0000] {subprocess.py:106} INFO -              'port': '3306',
[2025-01-31T02:03:56.795+0000] {subprocess.py:106} INFO -              'user': 'calidad_etl'}
[2025-01-31T02:03:56.878+0000] {subprocess.py:106} INFO - ic| params: {'database': 'calidad_etl',
[2025-01-31T02:03:56.879+0000] {subprocess.py:106} INFO -              'host': '172.29.33.204',
[2025-01-31T02:03:56.881+0000] {subprocess.py:106} INFO -              'password': 'calidad2021*',
[2025-01-31T02:03:56.883+0000] {subprocess.py:106} INFO -              'port': '3306',
[2025-01-31T02:03:56.884+0000] {subprocess.py:106} INFO -              'user': 'calidad_etl'}
[2025-01-31T02:03:57.272+0000] {subprocess.py:106} INFO - 2025-01-31 02:03:57,272 - assets - INFO - Engine para base de datos: calidad_etl creado exitosamente
[2025-01-31T02:03:57.283+0000] {subprocess.py:106} INFO - ic| fecha_inicio: datetime.date(2025, 1, 1)
[2025-01-31T02:03:57.285+0000] {subprocess.py:106} INFO -     fecha_fin: datetime.date(2025, 1, 31)
[2025-01-31T02:04:20.452+0000] {subprocess.py:106} INFO - 2025-01-31 02:04:20,451 - assets - INFO - SQL query succesfully executed
[2025-01-31T02:08:47.297+0000] {subprocess.py:106} INFO - 2025-01-31 02:08:47,296 - etl_ex_bbva - INFO - Reporte como_vamos.xlsx successfully load
[2025-01-31T02:08:47.744+0000] {subprocess.py:106} INFO - ic| df.columns: Index(['NIT', 'ID_CLIENTE_ONYX', 'NOMBRE_CLIENTE', 'ID_ATENCION_ONYX',
[2025-01-31T02:08:47.746+0000] {subprocess.py:106} INFO -                        'ATENCION', 'PRIORIDAD_ATENCION', 'ESTADO_ATENCION', 'ORIGEN_ATENCION',
[2025-01-31T02:08:47.749+0000] {subprocess.py:106} INFO -                        'DESCRIPCION', 'RESUMEN', 'RESOLUCION_1', 'RESOLUCION_2',
[2025-01-31T02:08:47.751+0000] {subprocess.py:106} INFO -                        'RESOLUCION_3', 'RESOLUCION_4', 'USUARIO_INSERTADO', 'GRUPO_INSERTADO',
[2025-01-31T02:08:47.752+0000] {subprocess.py:106} INFO -                        'USUARIO_ASIGNADO', 'GRUPO_ASIGNADO', 'USUARIO_SOLUCION',
[2025-01-31T02:08:47.754+0000] {subprocess.py:106} INFO -                        'GRUPO_SOLUCION', 'USUARIO_CERRADO', 'GRUPO_CERRADO', 'ID_ENLACE',
[2025-01-31T02:08:47.757+0000] {subprocess.py:106} INFO -                        'SERVICIO', 'PRODUCTO', 'FAMILIA', 'FECHA_CREACION',
[2025-01-31T02:08:47.762+0000] {subprocess.py:106} INFO -                        'FECHA_INGRESO_ESTADO', 'DT_AJUSTADO', 'MAYOR_INCIDENT',
[2025-01-31T02:08:47.764+0000] {subprocess.py:106} INFO -                        'GRUPO_OBJETIVO', 'SEGMENTO', 'CIUDAD', 'PALABRA_CLAVE',
[2025-01-31T02:08:47.766+0000] {subprocess.py:106} INFO -                        'NIT_SIN_COD_Calc', 'SISTEMA_Calc', 'Consecutivo_Calc',
[2025-01-31T02:08:47.768+0000] {subprocess.py:106} INFO -                        'Clasif_Por_Servicio_Calc', 'Clasif_Por_Cliente_Calc', 'SLA_Calc',
[2025-01-31T02:08:47.769+0000] {subprocess.py:106} INFO -                        'Reclasificacion_atencion_Calc', 'Tiempo_Horas_SLA_Calc',
[2025-01-31T02:08:47.770+0000] {subprocess.py:106} INFO -                        'Cumplimiento_Calc', 'Nueva_Prioridad_Calc', 'Meta_Individual_Calc',
[2025-01-31T02:08:47.771+0000] {subprocess.py:106} INFO -                        'Meta_Presidencia_Calc', 'Meta_IFI_Calc', '3G_Calc', 'TMX_Minutos_Calc',
[2025-01-31T02:08:47.773+0000] {subprocess.py:106} INFO -                        'TMX_Calc', 'Reincidencia_Calc', 'Recurrencia_Calc', 'RESPONSABILIDAD',
[2025-01-31T02:08:47.774+0000] {subprocess.py:106} INFO -                        'LLAVE_GENERAL_Calc', 'LLAVE_Reincidencia_Calc',
[2025-01-31T02:08:47.775+0000] {subprocess.py:106} INFO -                        'Reclasificacion_Reinc_Calc', 'FCR', 'Cluster_Actual_Calc',
[2025-01-31T02:08:47.776+0000] {subprocess.py:106} INFO -                        'Celula_Comercial_Calc', 'Clasif_Por_IVR_Calc', 'TIPO TICKET',
[2025-01-31T02:08:47.778+0000] {subprocess.py:106} INFO -                        'DT_CONCILIADO', 'CONTACTO DESTINO', 'TICKET_CARRIER', 'ALIAS ENLACE',
[2025-01-31T02:08:47.779+0000] {subprocess.py:106} INFO -                        'FECHA_SOLUCION', 'TIEMPO INCIDENTE', 'RANGO HORA', 'TICKET_MAXIMO',
[2025-01-31T02:08:47.781+0000] {subprocess.py:106} INFO -                        'REGIONAL', 'DIRECTOR', 'PN', 'G_SEGMENTO', 'G_Clasif_Por_IVR_Calc',
[2025-01-31T02:08:47.783+0000] {subprocess.py:106} INFO -                        'NODO', 'Agrupacion_Especiales', 'Interno / Externo', 'VENDOR',
[2025-01-31T02:08:47.785+0000] {subprocess.py:106} INFO -                        'Numero_CUN', 'TIPOSERVICIO', 'SUBTIPO', 'CASO RELACION', 'RELACION',
[2025-01-31T02:08:47.787+0000] {subprocess.py:106} INFO -                        'INICIO INTERRUPCION', 'FIN INTERRUPCION', 'DOWNTIME_VENDOR',
[2025-01-31T02:08:47.789+0000] {subprocess.py:106} INFO -                        'Autogestión', 'RESUELTO_SWAT', 'eyn_ofensor', 'eyn_problema',
[2025-01-31T02:08:47.790+0000] {subprocess.py:106} INFO -                        'eyn_causa'],
[2025-01-31T02:08:47.791+0000] {subprocess.py:106} INFO -                       dtype='object')
[2025-01-31T02:08:48.206+0000] {subprocess.py:106} INFO - 2025-01-31 02:08:48,206 - etl_ex_bbva - ERROR - Execution error etl_ex_bbva.py: cannot assign without a target object
[2025-01-31T02:08:48.243+0000] {subprocess.py:106} INFO - Conexión exitosa a la base de datos: calidad_etl
[2025-01-31T02:08:49.117+0000] {subprocess.py:110} INFO - Command exited with return code 0
[2025-01-31T02:08:49.176+0000] {taskinstance.py:340} INFO - ::group::Post task execution logs
[2025-01-31T02:08:49.178+0000] {taskinstance.py:352} INFO - Marking task as SUCCESS. dag_id=etl_reporte_como_vamos, task_id=etl_ex_bbva, run_id=manual__2025-01-31T02:03:44.996952+00:00, execution_date=20250131T020344, start_date=20250131T020349, end_date=20250131T020849
[2025-01-31T02:08:49.222+0000] {local_task_job_runner.py:266} INFO - Task exited with return code 0
[2025-01-31T02:08:49.230+0000] {standard_task_runner.py:217} INFO - Process not found (most likely exited), stop collecting metrics
[2025-01-31T02:08:49.254+0000] {taskinstance.py:3895} INFO - 0 downstream tasks scheduled from follow-on schedule check
[2025-01-31T02:08:49.260+0000] {local_task_job_runner.py:245} INFO - ::endgroup::
