[2025-02-02T21:36:04.470-0500] {local_task_job_runner.py:123} INFO - ::group::Pre task execution logs
[2025-02-02T21:36:04.518-0500] {taskinstance.py:2613} INFO - Dependencies all met for dep_context=non-requeueable deps ti=<TaskInstance: etl_reporte_como_vamos.etl_cdc scheduled__2025-02-02T06:33:00+00:00 [queued]>
[2025-02-02T21:36:04.532-0500] {taskinstance.py:2613} INFO - Dependencies all met for dep_context=requeueable deps ti=<TaskInstance: etl_reporte_como_vamos.etl_cdc scheduled__2025-02-02T06:33:00+00:00 [queued]>
[2025-02-02T21:36:04.533-0500] {taskinstance.py:2866} INFO - Starting attempt 1 of 4
[2025-02-02T21:36:04.556-0500] {taskinstance.py:2889} INFO - Executing <Task(BashOperator): etl_cdc> on 2025-02-02 06:33:00+00:00
[2025-02-02T21:36:04.565-0500] {warnings.py:112} WARNING - /home/***/.local/lib/python3.12/site-packages/***/task/task_runner/standard_task_runner.py:70: DeprecationWarning: This process (pid=277) is multi-threaded, use of fork() may lead to deadlocks in the child.
  pid = os.fork()

[2025-02-02T21:36:04.569-0500] {standard_task_runner.py:72} INFO - Started process 280 to run task
[2025-02-02T21:36:04.570-0500] {standard_task_runner.py:104} INFO - Running: ['***', 'tasks', 'run', 'etl_reporte_como_vamos', 'etl_cdc', 'scheduled__2025-02-02T06:33:00+00:00', '--job-id', '4', '--raw', '--subdir', 'DAGS_FOLDER/etl_como_vamos_dag.py', '--cfg-path', '/tmp/tmp96cg3xfa']
[2025-02-02T21:36:04.573-0500] {standard_task_runner.py:105} INFO - Job 4: Subtask etl_cdc
[2025-02-02T21:36:04.674-0500] {task_command.py:467} INFO - Running <TaskInstance: etl_reporte_como_vamos.etl_cdc scheduled__2025-02-02T06:33:00+00:00 [running]> on host 21f1c1b48730
[2025-02-02T21:36:04.818-0500] {taskinstance.py:3132} INFO - Exporting env vars: AIRFLOW_CTX_DAG_OWNER='***' AIRFLOW_CTX_DAG_ID='etl_reporte_como_vamos' AIRFLOW_CTX_TASK_ID='etl_cdc' AIRFLOW_CTX_EXECUTION_DATE='2025-02-02T06:33:00+00:00' AIRFLOW_CTX_TRY_NUMBER='1' AIRFLOW_CTX_DAG_RUN_ID='scheduled__2025-02-02T06:33:00+00:00'
[2025-02-02T21:36:04.820-0500] {taskinstance.py:731} INFO - ::endgroup::
[2025-02-02T21:36:04.851-0500] {subprocess.py:78} INFO - Tmp dir root location: /tmp
[2025-02-02T21:36:04.854-0500] {subprocess.py:88} INFO - Running command: ['/usr/bin/bash', '-c', 'python /opt/***/scripts/etl_cdc.py']
[2025-02-02T21:36:04.868-0500] {subprocess.py:99} INFO - Output:
[2025-02-02T21:36:10.949-0500] {subprocess.py:106} INFO -      incrementador               nombre_cliente  ... duplicado motivo_duplicado
[2025-02-02T21:36:10.950-0500] {subprocess.py:106} INFO - 0            11214  COLOMBIANA DE COMERCIO S.A.  ...
[2025-02-02T21:36:10.951-0500] {subprocess.py:106} INFO - 1            11115  COLOMBIANA DE COMERCIO S.A.  ...
[2025-02-02T21:36:10.952-0500] {subprocess.py:106} INFO - 2            11116  COLOMBIANA DE COMERCIO S.A.  ...
[2025-02-02T21:36:10.952-0500] {subprocess.py:106} INFO - 3            11117  COLOMBIANA DE COMERCIO S.A.  ...
[2025-02-02T21:36:10.953-0500] {subprocess.py:106} INFO - 4            11118  COLOMBIANA DE COMERCIO S.A.  ...
[2025-02-02T21:36:10.954-0500] {subprocess.py:106} INFO - ..             ...                          ...  ...       ...              ...
[2025-02-02T21:36:10.954-0500] {subprocess.py:106} INFO - 179          11320  COLOMBIANA DE COMERCIO S.A.  ...
[2025-02-02T21:36:10.955-0500] {subprocess.py:106} INFO - 180          11321  COLOMBIANA DE COMERCIO S.A.  ...
[2025-02-02T21:36:10.956-0500] {subprocess.py:106} INFO - 181          11322  COLOMBIANA DE COMERCIO S.A.  ...
[2025-02-02T21:36:10.956-0500] {subprocess.py:106} INFO - 182          11323  COLOMBIANA DE COMERCIO S.A.  ...
[2025-02-02T21:36:10.957-0500] {subprocess.py:106} INFO - 183          11324  COLOMBIANA DE COMERCIO S.A.  ...
[2025-02-02T21:36:10.957-0500] {subprocess.py:106} INFO - 
[2025-02-02T21:36:10.958-0500] {subprocess.py:106} INFO - [184 rows x 60 columns]
[2025-02-02T21:36:10.959-0500] {subprocess.py:106} INFO -                  nombre_cliente    id_caso  ... duplicado motivo_duplicado
[2025-02-02T21:36:10.959-0500] {subprocess.py:106} INFO - 0   COLOMBIANA DE COMERCIO S.A.  IM3038362  ...
[2025-02-02T21:36:10.960-0500] {subprocess.py:106} INFO - 1   COLOMBIANA DE COMERCIO S.A.  RF1860589  ...
[2025-02-02T21:36:10.960-0500] {subprocess.py:106} INFO - 2   COLOMBIANA DE COMERCIO S.A.  RF1860591  ...
[2025-02-02T21:36:10.961-0500] {subprocess.py:106} INFO - 3   COLOMBIANA DE COMERCIO S.A.  RF1860586  ...
[2025-02-02T21:36:10.961-0500] {subprocess.py:106} INFO - 4   COLOMBIANA DE COMERCIO S.A.  IM3038551  ...
[2025-02-02T21:36:10.962-0500] {subprocess.py:106} INFO - 5   COLOMBIANA DE COMERCIO S.A.  RF1860601  ...
[2025-02-02T21:36:10.962-0500] {subprocess.py:106} INFO - 6   COLOMBIANA DE COMERCIO S.A.  RF1860604  ...
[2025-02-02T21:36:10.963-0500] {subprocess.py:106} INFO - 7   COLOMBIANA DE COMERCIO S.A.  RF1860608  ...
[2025-02-02T21:36:10.964-0500] {subprocess.py:106} INFO - 8   COLOMBIANA DE COMERCIO S.A.  RF1860598  ...
[2025-02-02T21:36:10.964-0500] {subprocess.py:106} INFO - 9   COLOMBIANA DE COMERCIO S.A.  RF1860596  ...
[2025-02-02T21:36:10.965-0500] {subprocess.py:106} INFO - 10  COLOMBIANA DE COMERCIO S.A.  RF1860677  ...
[2025-02-02T21:36:10.965-0500] {subprocess.py:106} INFO - 11  COLOMBIANA DE COMERCIO S.A.  RF1860674  ...
[2025-02-02T21:36:10.966-0500] {subprocess.py:106} INFO - 12  COLOMBIANA DE COMERCIO S.A.  RF1860613  ...
[2025-02-02T21:36:10.966-0500] {subprocess.py:106} INFO - 13  COLOMBIANA DE COMERCIO S.A.  RF1860612  ...
[2025-02-02T21:36:10.967-0500] {subprocess.py:106} INFO - 14  COLOMBIANA DE COMERCIO S.A.  RF1860609  ...
[2025-02-02T21:36:10.967-0500] {subprocess.py:106} INFO - 15  COLOMBIANA DE COMERCIO S.A.  RF1860611  ...
[2025-02-02T21:36:10.968-0500] {subprocess.py:106} INFO - 16  COLOMBIANA DE COMERCIO S.A.  IM3038847  ...
[2025-02-02T21:36:10.968-0500] {subprocess.py:106} INFO - 17  COLOMBIANA DE COMERCIO S.A.  RF1860642  ...
[2025-02-02T21:36:10.969-0500] {subprocess.py:106} INFO - 18  COLOMBIANA DE COMERCIO S.A.  RF1860644  ...
[2025-02-02T21:36:10.969-0500] {subprocess.py:106} INFO - 19  COLOMBIANA DE COMERCIO S.A.  RF1860659  ...
[2025-02-02T21:36:10.970-0500] {subprocess.py:106} INFO - 20  COLOMBIANA DE COMERCIO S.A.  RF1860639  ...
[2025-02-02T21:36:10.970-0500] {subprocess.py:106} INFO - 21  COLOMBIANA DE COMERCIO S.A.  RF1860636  ...
[2025-02-02T21:36:10.971-0500] {subprocess.py:106} INFO - 22  COLOMBIANA DE COMERCIO S.A.  IM3038496  ...
[2025-02-02T21:36:10.971-0500] {subprocess.py:106} INFO - 23  COLOMBIANA DE COMERCIO S.A.  IM3039529  ...
[2025-02-02T21:36:10.972-0500] {subprocess.py:106} INFO - 24  COLOMBIANA DE COMERCIO S.A.  IM3038496  ...
[2025-02-02T21:36:10.973-0500] {subprocess.py:106} INFO - 25  COLOMBIANA DE COMERCIO S.A.  IM3039529  ...
[2025-02-02T21:36:10.973-0500] {subprocess.py:106} INFO - 26  COLOMBIANA DE COMERCIO S.A.  IM3040112  ...
[2025-02-02T21:36:10.974-0500] {subprocess.py:106} INFO - 27  COLOMBIANA DE COMERCIO S.A.  RF1860585  ...
[2025-02-02T21:36:10.974-0500] {subprocess.py:106} INFO - 28  COLOMBIANA DE COMERCIO S.A.  RF1860670  ...
[2025-02-02T21:36:10.975-0500] {subprocess.py:106} INFO - 29  COLOMBIANA DE COMERCIO S.A.  RF1860672  ...
[2025-02-02T21:36:10.975-0500] {subprocess.py:106} INFO - 30  COLOMBIANA DE COMERCIO S.A.  RF1860671  ...
[2025-02-02T21:36:10.976-0500] {subprocess.py:106} INFO - 31  COLOMBIANA DE COMERCIO S.A.  IM3040091  ...
[2025-02-02T21:36:10.976-0500] {subprocess.py:106} INFO - 32  COLOMBIANA DE COMERCIO S.A.  RF1860663  ...
[2025-02-02T21:36:10.977-0500] {subprocess.py:106} INFO - 33  COLOMBIANA DE COMERCIO S.A.  RF1860666  ...
[2025-02-02T21:36:10.977-0500] {subprocess.py:106} INFO - 34  COLOMBIANA DE COMERCIO S.A.  RF1860665  ...
[2025-02-02T21:36:10.978-0500] {subprocess.py:106} INFO - 35  COLOMBIANA DE COMERCIO S.A.  RF1860688  ...
[2025-02-02T21:36:10.978-0500] {subprocess.py:106} INFO - 36  COLOMBIANA DE COMERCIO S.A.  RF1860681  ...
[2025-02-02T21:36:10.979-0500] {subprocess.py:106} INFO - 37  COLOMBIANA DE COMERCIO S.A.  RF1860679  ...
[2025-02-02T21:36:10.979-0500] {subprocess.py:106} INFO - 38  COLOMBIANA DE COMERCIO S.A.  RF1860673  ...
[2025-02-02T21:36:10.980-0500] {subprocess.py:106} INFO - 39  COLOMBIANA DE COMERCIO S.A.  IM3040112  ...
[2025-02-02T21:36:10.981-0500] {subprocess.py:106} INFO - 40  COLOMBIANA DE COMERCIO S.A.  IM3040147  ...
[2025-02-02T21:36:10.982-0500] {subprocess.py:106} INFO - 41  COLOMBIANA DE COMERCIO S.A.  RF1860643  ...
[2025-02-02T21:36:10.983-0500] {subprocess.py:106} INFO - 
[2025-02-02T21:36:10.984-0500] {subprocess.py:106} INFO - [42 rows x 59 columns]
[2025-02-02T21:36:10.984-0500] {subprocess.py:106} INFO - 11 31 0
[2025-02-02T21:36:10.985-0500] {subprocess.py:106} INFO - Ejecucion Erronea
[2025-02-02T21:36:11.175-0500] {subprocess.py:110} INFO - Command exited with return code 0
[2025-02-02T21:36:11.210-0500] {taskinstance.py:340} INFO - ::group::Post task execution logs
[2025-02-02T21:36:11.211-0500] {taskinstance.py:352} INFO - Marking task as SUCCESS. dag_id=etl_reporte_como_vamos, task_id=etl_cdc, run_id=scheduled__2025-02-02T06:33:00+00:00, execution_date=20250202T063300, start_date=20250203T023604, end_date=20250203T023611
[2025-02-02T21:36:11.261-0500] {local_task_job_runner.py:266} INFO - Task exited with return code 0
[2025-02-02T21:36:11.285-0500] {taskinstance.py:3895} INFO - 0 downstream tasks scheduled from follow-on schedule check
[2025-02-02T21:36:11.289-0500] {local_task_job_runner.py:245} INFO - ::endgroup::
