[2025-02-05T18:00:01.533-0500] {local_task_job_runner.py:123} INFO - ::group::Pre task execution logs
[2025-02-05T18:00:01.559-0500] {taskinstance.py:2613} INFO - Dependencies all met for dep_context=non-requeueable deps ti=<TaskInstance: etl_reporte_como_vamos.task_bot_como_vamos scheduled__2025-02-05T11:00:00+00:00 [queued]>
[2025-02-05T18:00:01.571-0500] {taskinstance.py:2613} INFO - Dependencies all met for dep_context=requeueable deps ti=<TaskInstance: etl_reporte_como_vamos.task_bot_como_vamos scheduled__2025-02-05T11:00:00+00:00 [queued]>
[2025-02-05T18:00:01.573-0500] {taskinstance.py:2866} INFO - Starting attempt 1 of 4
[2025-02-05T18:00:01.593-0500] {taskinstance.py:2889} INFO - Executing <Task(BashOperator): task_bot_como_vamos> on 2025-02-05 11:00:00+00:00
[2025-02-05T18:00:01.601-0500] {warnings.py:112} WARNING - /home/***/.local/lib/python3.12/site-packages/***/task/task_runner/standard_task_runner.py:70: DeprecationWarning: This process (pid=8299) is multi-threaded, use of fork() may lead to deadlocks in the child.
  pid = os.fork()

[2025-02-05T18:00:01.603-0500] {standard_task_runner.py:104} INFO - Running: ['***', 'tasks', 'run', 'etl_reporte_como_vamos', 'task_bot_como_vamos', 'scheduled__2025-02-05T11:00:00+00:00', '--job-id', '56', '--raw', '--subdir', 'DAGS_FOLDER/etl_como_vamos_dag.py', '--cfg-path', '/tmp/tmpk9ldhvgl']
[2025-02-05T18:00:01.604-0500] {standard_task_runner.py:72} INFO - Started process 8300 to run task
[2025-02-05T18:00:01.605-0500] {standard_task_runner.py:105} INFO - Job 56: Subtask task_bot_como_vamos
[2025-02-05T18:00:01.667-0500] {task_command.py:467} INFO - Running <TaskInstance: etl_reporte_como_vamos.task_bot_como_vamos scheduled__2025-02-05T11:00:00+00:00 [running]> on host 21f1c1b48730
[2025-02-05T18:00:01.776-0500] {taskinstance.py:3132} INFO - Exporting env vars: AIRFLOW_CTX_DAG_OWNER='***' AIRFLOW_CTX_DAG_ID='etl_reporte_como_vamos' AIRFLOW_CTX_TASK_ID='task_bot_como_vamos' AIRFLOW_CTX_EXECUTION_DATE='2025-02-05T11:00:00+00:00' AIRFLOW_CTX_TRY_NUMBER='1' AIRFLOW_CTX_DAG_RUN_ID='scheduled__2025-02-05T11:00:00+00:00'
[2025-02-05T18:00:01.778-0500] {taskinstance.py:731} INFO - ::endgroup::
[2025-02-05T18:00:01.809-0500] {subprocess.py:78} INFO - Tmp dir root location: /tmp
[2025-02-05T18:00:01.814-0500] {subprocess.py:88} INFO - Running command: ['/usr/bin/bash', '-c', 'python /opt/***/scripts/bot_reporte_como_vamos.py']
[2025-02-05T18:00:01.830-0500] {subprocess.py:99} INFO - Output:
[2025-02-05T18:00:04.971-0500] {subprocess.py:106} INFO - ic| report_date: '04/02/2025'
[2025-02-05T18:00:04.974-0500] {subprocess.py:106} INFO - 2025-02-05 18:00:04,971 - bot_como_vamos - INFO - Starting script bot_como_vamos.py
[2025-02-05T18:00:05.830-0500] {subprocess.py:106} INFO - 2025-02-05 18:00:05,827 - bot_como_vamos - INFO - Conexión al Selenium Hub establecida correctamente
[2025-02-05T18:01:01.703-0500] {subprocess.py:106} INFO - ic| login_success: <selenium.webdriver.remote.webelement.WebElement (session="07c03f963e89c9fcc84865973a32955c", element="f.F62F6A9936B1C12D31016C41DC12BF6B.d.D2721AB4F32491A88BE42DE7304C4B54.e.76")>
[2025-02-05T18:01:01.717-0500] {subprocess.py:106} INFO - 2025-02-05 18:01:01,701 - bot_como_vamos - INFO - Loging success
[2025-02-05T18:01:11.848-0500] {subprocess.py:106} INFO - 2025-02-05 18:01:11,848 - bot_como_vamos - INFO - Click in menu button successfully
[2025-02-05T18:01:22.159-0500] {subprocess.py:106} INFO - 2025-02-05 18:01:22,157 - bot_como_vamos - INFO - Input dates successfully
[2025-02-05T18:01:32.308-0500] {subprocess.py:106} INFO - 2025-02-05 18:01:32,308 - bot_como_vamos - INFO - Click in 'Empresas Y Negocios' successfully
[2025-02-05T18:02:05.997-0500] {subprocess.py:106} INFO - 2025-02-05 18:02:05,995 - assets - INFO - Waiting for download file...............
[2025-02-05T18:02:06.067-0500] {subprocess.py:106} INFO - ic| file: '.com.google.Chrome.5sR8jp'
[2025-02-05T18:02:06.070-0500] {subprocess.py:106} INFO - ic| file: 'Unconfirmed 768864.crdownload'
[2025-02-05T18:02:11.077-0500] {subprocess.py:106} INFO - ic| file: 'Reporte como_vamos.xlsx'
[2025-02-05T18:02:11.078-0500] {subprocess.py:106} INFO - 2025-02-05 18:02:11,077 - bot_como_vamos - INFO - Download Reporte como_vamos succesfully
[2025-02-05T18:02:11.645-0500] {subprocess.py:110} INFO - Command exited with return code 0
[2025-02-05T18:02:11.736-0500] {taskinstance.py:340} INFO - ::group::Post task execution logs
[2025-02-05T18:02:11.739-0500] {taskinstance.py:352} INFO - Marking task as SUCCESS. dag_id=etl_reporte_como_vamos, task_id=task_bot_como_vamos, run_id=scheduled__2025-02-05T11:00:00+00:00, execution_date=20250205T110000, start_date=20250205T230001, end_date=20250205T230211
[2025-02-05T18:02:11.799-0500] {local_task_job_runner.py:266} INFO - Task exited with return code 0
[2025-02-05T18:02:11.852-0500] {taskinstance.py:3895} INFO - 2 downstream tasks scheduled from follow-on schedule check
[2025-02-05T18:02:11.856-0500] {local_task_job_runner.py:245} INFO - ::endgroup::
