[2025-02-01T01:30:44.047+0000] {local_task_job_runner.py:123} INFO - ::group::Pre task execution logs
[2025-02-01T01:30:44.087+0000] {taskinstance.py:2613} INFO - Dependencies all met for dep_context=non-requeueable deps ti=<TaskInstance: etl_reporte_como_vamos.bot_ex_bbva manual__2025-02-01T01:30:42.254126+00:00 [queued]>
[2025-02-01T01:30:44.109+0000] {taskinstance.py:2613} INFO - Dependencies all met for dep_context=requeueable deps ti=<TaskInstance: etl_reporte_como_vamos.bot_ex_bbva manual__2025-02-01T01:30:42.254126+00:00 [queued]>
[2025-02-01T01:30:44.110+0000] {taskinstance.py:2866} INFO - Starting attempt 1 of 1
[2025-02-01T01:30:44.156+0000] {taskinstance.py:2889} INFO - Executing <Task(BashOperator): bot_ex_bbva> on 2025-02-01 01:30:42.254126+00:00
[2025-02-01T01:30:44.173+0000] {warnings.py:112} WARNING - /home/***/.local/lib/python3.12/site-packages/***/task/task_runner/standard_task_runner.py:70: DeprecationWarning: This process (pid=539) is multi-threaded, use of fork() may lead to deadlocks in the child.
  pid = os.fork()

[2025-02-01T01:30:44.178+0000] {standard_task_runner.py:72} INFO - Started process 540 to run task
[2025-02-01T01:30:44.178+0000] {standard_task_runner.py:104} INFO - Running: ['***', 'tasks', 'run', 'etl_reporte_como_vamos', 'bot_ex_bbva', 'manual__2025-02-01T01:30:42.254126+00:00', '--job-id', '63', '--raw', '--subdir', 'DAGS_FOLDER/etl_como_vamos_dag.py', '--cfg-path', '/tmp/tmpc1xx89w0']
[2025-02-01T01:30:44.181+0000] {standard_task_runner.py:105} INFO - Job 63: Subtask bot_ex_bbva
[2025-02-01T01:30:44.350+0000] {task_command.py:467} INFO - Running <TaskInstance: etl_reporte_como_vamos.bot_ex_bbva manual__2025-02-01T01:30:42.254126+00:00 [running]> on host 56024cb05cfe
[2025-02-01T01:30:44.570+0000] {taskinstance.py:3132} INFO - Exporting env vars: AIRFLOW_CTX_DAG_OWNER='***' AIRFLOW_CTX_DAG_ID='etl_reporte_como_vamos' AIRFLOW_CTX_TASK_ID='bot_ex_bbva' AIRFLOW_CTX_EXECUTION_DATE='2025-02-01T01:30:42.254126+00:00' AIRFLOW_CTX_TRY_NUMBER='1' AIRFLOW_CTX_DAG_RUN_ID='manual__2025-02-01T01:30:42.254126+00:00'
[2025-02-01T01:30:44.573+0000] {taskinstance.py:731} INFO - ::endgroup::
[2025-02-01T01:30:44.627+0000] {subprocess.py:78} INFO - Tmp dir root location: /tmp
[2025-02-01T01:30:44.630+0000] {subprocess.py:88} INFO - Running command: ['/usr/bin/bash', '-c', 'python /opt/***/scripts/bot_etl_ex_bbva.py']
[2025-02-01T01:30:44.657+0000] {subprocess.py:99} INFO - Output:
[2025-02-01T01:30:46.311+0000] {subprocess.py:106} INFO - 2025-02-01 01:30:46,311 - bot_etl_ex_bbva - ERROR - Error Loading Cerrados.xlsx to ETL:
[2025-02-01T01:30:46.313+0000] {subprocess.py:106} INFO - ***Error type:*** AttributeError
[2025-02-01T01:30:46.314+0000] {subprocess.py:106} INFO - ***Error message:*** 'Logger' object has no attribute 'inf'
[2025-02-01T01:30:46.315+0000] {subprocess.py:106} INFO - ***Full Traceback:*** Traceback (most recent call last):
[2025-02-01T01:30:46.316+0000] {subprocess.py:106} INFO -   File "/opt/***/scripts/bot_etl_ex_bbva.py", line 50, in main
[2025-02-01T01:30:46.317+0000] {subprocess.py:106} INFO -     logger.inf("Bot ETL Exito-BBVA started")
[2025-02-01T01:30:46.319+0000] {subprocess.py:106} INFO -     ^^^^^^^^^^
[2025-02-01T01:30:46.320+0000] {subprocess.py:106} INFO - AttributeError: 'Logger' object has no attribute 'inf'. Did you mean: 'info'?
[2025-02-01T01:30:46.321+0000] {subprocess.py:106} INFO - 
[2025-02-01T01:30:46.322+0000] {subprocess.py:106} INFO - 2025-02-01 01:30:46,311 - bot_etl_ex_bbva - INFO - bot_etl_ex_bbva finish execution
[2025-02-01T01:30:46.370+0000] {subprocess.py:110} INFO - Command exited with return code 0
[2025-02-01T01:30:46.416+0000] {taskinstance.py:340} INFO - ::group::Post task execution logs
[2025-02-01T01:30:46.418+0000] {taskinstance.py:352} INFO - Marking task as SUCCESS. dag_id=etl_reporte_como_vamos, task_id=bot_ex_bbva, run_id=manual__2025-02-01T01:30:42.254126+00:00, execution_date=20250201T013042, start_date=20250201T013044, end_date=20250201T013046
[2025-02-01T01:30:46.450+0000] {local_task_job_runner.py:266} INFO - Task exited with return code 0
[2025-02-01T01:30:46.477+0000] {taskinstance.py:3895} INFO - 0 downstream tasks scheduled from follow-on schedule check
[2025-02-01T01:30:46.483+0000] {local_task_job_runner.py:245} INFO - ::endgroup::
