[2025-01-28T02:23:23.387+0000] {local_task_job_runner.py:123} INFO - ::group::Pre task execution logs
[2025-01-28T02:23:23.408+0000] {taskinstance.py:2613} INFO - Dependencies all met for dep_context=non-requeueable deps ti=<TaskInstance: etl_reporte_como_vamos.task_bot_como_vamos manual__2025-01-28T02:23:21.568536+00:00 [queued]>
[2025-01-28T02:23:23.417+0000] {taskinstance.py:2613} INFO - Dependencies all met for dep_context=requeueable deps ti=<TaskInstance: etl_reporte_como_vamos.task_bot_como_vamos manual__2025-01-28T02:23:21.568536+00:00 [queued]>
[2025-01-28T02:23:23.419+0000] {taskinstance.py:2866} INFO - Starting attempt 1 of 2
[2025-01-28T02:23:23.434+0000] {taskinstance.py:2889} INFO - Executing <Task(BashOperator): task_bot_como_vamos> on 2025-01-28 02:23:21.568536+00:00
[2025-01-28T02:23:23.441+0000] {standard_task_runner.py:104} INFO - Running: ['***', 'tasks', 'run', 'etl_reporte_como_vamos', 'task_bot_como_vamos', 'manual__2025-01-28T02:23:21.568536+00:00', '--job-id', '34', '--raw', '--subdir', 'DAGS_FOLDER/etl_como_vamos_dag.py', '--cfg-path', '/tmp/tmpp7iofjx2']
[2025-01-28T02:23:23.443+0000] {standard_task_runner.py:105} INFO - Job 34: Subtask task_bot_como_vamos
[2025-01-28T02:23:23.464+0000] {logging_mixin.py:190} WARNING - /home/***/.local/lib/python3.12/site-packages/***/task/task_runner/standard_task_runner.py:70 DeprecationWarning: This process (pid=492) is multi-threaded, use of fork() may lead to deadlocks in the child.
[2025-01-28T02:23:23.466+0000] {standard_task_runner.py:72} INFO - Started process 493 to run task
[2025-01-28T02:23:23.501+0000] {task_command.py:467} INFO - Running <TaskInstance: etl_reporte_como_vamos.task_bot_como_vamos manual__2025-01-28T02:23:21.568536+00:00 [running]> on host f224e78ab39c
[2025-01-28T02:23:24.014+0000] {taskinstance.py:3132} INFO - Exporting env vars: AIRFLOW_CTX_DAG_OWNER='***' AIRFLOW_CTX_DAG_ID='etl_reporte_como_vamos' AIRFLOW_CTX_TASK_ID='task_bot_como_vamos' AIRFLOW_CTX_EXECUTION_DATE='2025-01-28T02:23:21.568536+00:00' AIRFLOW_CTX_TRY_NUMBER='1' AIRFLOW_CTX_DAG_RUN_ID='manual__2025-01-28T02:23:21.568536+00:00'
[2025-01-28T02:23:24.016+0000] {taskinstance.py:731} INFO - ::endgroup::
[2025-01-28T02:23:24.038+0000] {subprocess.py:78} INFO - Tmp dir root location: /tmp
[2025-01-28T02:23:24.040+0000] {subprocess.py:88} INFO - Running command: ['/usr/bin/bash', '-c', 'python /opt/***/scripts/prueba.py']
[2025-01-28T02:23:24.050+0000] {subprocess.py:99} INFO - Output:
[2025-01-28T02:23:24.140+0000] {subprocess.py:106} INFO - PRUEBA DE SCRIPTS
[2025-01-28T02:23:24.141+0000] {subprocess.py:106} INFO - PRUEBA DE SCRIPTS
[2025-01-28T02:23:24.142+0000] {subprocess.py:106} INFO - PRUEBA DE SCRIPTS
[2025-01-28T02:23:24.143+0000] {subprocess.py:106} INFO - PRUEBA DE SCRIPTS
[2025-01-28T02:23:24.144+0000] {subprocess.py:106} INFO - PRUEBA DE SCRIPTS
[2025-01-28T02:23:24.144+0000] {subprocess.py:106} INFO - PRUEBA DE SCRIPTS
[2025-01-28T02:23:24.144+0000] {subprocess.py:106} INFO - PRUEBA DE SCRIPTS
[2025-01-28T02:23:24.145+0000] {subprocess.py:106} INFO - PRUEBA DE SCRIPTS
[2025-01-28T02:23:24.145+0000] {subprocess.py:106} INFO - PRUEBA DE SCRIPTS
[2025-01-28T02:23:24.146+0000] {subprocess.py:106} INFO - PRUEBA DE SCRIPTS
[2025-01-28T02:23:24.146+0000] {subprocess.py:106} INFO - PRUEBA DE SCRIPTS
[2025-01-28T02:23:24.147+0000] {subprocess.py:106} INFO - PRUEBA DE SCRIPTS
[2025-01-28T02:23:24.147+0000] {subprocess.py:106} INFO - PRUEBA DE SCRIPTS
[2025-01-28T02:23:24.147+0000] {subprocess.py:106} INFO - PRUEBA DE SCRIPTS
[2025-01-28T02:23:24.148+0000] {subprocess.py:106} INFO - PRUEBA DE SCRIPTS
[2025-01-28T02:23:24.148+0000] {subprocess.py:106} INFO - PRUEBA DE SCRIPTS
[2025-01-28T02:23:24.149+0000] {subprocess.py:106} INFO - PRUEBA DE SCRIPTS
[2025-01-28T02:23:24.149+0000] {subprocess.py:106} INFO - PRUEBA DE SCRIPTS
[2025-01-28T02:23:24.150+0000] {subprocess.py:106} INFO - PRUEBA DE SCRIPTS
[2025-01-28T02:23:24.150+0000] {subprocess.py:106} INFO - PRUEBA DE SCRIPTS
[2025-01-28T02:23:24.151+0000] {subprocess.py:106} INFO - PRUEBA DE SCRIPTS
[2025-01-28T02:23:24.151+0000] {subprocess.py:106} INFO - PRUEBA DE SCRIPTS
[2025-01-28T02:23:24.152+0000] {subprocess.py:106} INFO - PRUEBA DE SCRIPTS
[2025-01-28T02:23:24.154+0000] {subprocess.py:106} INFO - PRUEBA DE SCRIPTS
[2025-01-28T02:23:24.155+0000] {subprocess.py:106} INFO - PRUEBA DE SCRIPTS
[2025-01-28T02:23:24.155+0000] {subprocess.py:106} INFO - PRUEBA DE SCRIPTS
[2025-01-28T02:23:24.156+0000] {subprocess.py:106} INFO - PRUEBA DE SCRIPTS
[2025-01-28T02:23:24.157+0000] {subprocess.py:106} INFO - PRUEBA DE SCRIPTS
[2025-01-28T02:23:24.157+0000] {subprocess.py:106} INFO - PRUEBA DE SCRIPTS
[2025-01-28T02:23:24.158+0000] {subprocess.py:106} INFO - PRUEBA DE SCRIPTS
[2025-01-28T02:23:24.158+0000] {subprocess.py:106} INFO - PRUEBA DE SCRIPTS
[2025-01-28T02:23:24.159+0000] {subprocess.py:106} INFO - PRUEBA DE SCRIPTS
[2025-01-28T02:23:24.159+0000] {subprocess.py:106} INFO - PRUEBA DE SCRIPTS
[2025-01-28T02:23:24.160+0000] {subprocess.py:106} INFO - PRUEBA DE SCRIPTS
[2025-01-28T02:23:24.161+0000] {subprocess.py:106} INFO - PRUEBA DE SCRIPTS
[2025-01-28T02:23:24.161+0000] {subprocess.py:106} INFO - PRUEBA DE SCRIPTS
[2025-01-28T02:23:24.162+0000] {subprocess.py:106} INFO - PRUEBA DE SCRIPTS
[2025-01-28T02:23:24.162+0000] {subprocess.py:106} INFO - PRUEBA DE SCRIPTS
[2025-01-28T02:23:24.163+0000] {subprocess.py:106} INFO - PRUEBA DE SCRIPTS
[2025-01-28T02:23:24.163+0000] {subprocess.py:106} INFO - PRUEBA DE SCRIPTS
[2025-01-28T02:23:24.164+0000] {subprocess.py:106} INFO - PRUEBA DE SCRIPTS
[2025-01-28T02:23:24.165+0000] {subprocess.py:106} INFO - PRUEBA DE SCRIPTS
[2025-01-28T02:23:24.165+0000] {subprocess.py:106} INFO - PRUEBA DE SCRIPTS
[2025-01-28T02:23:24.166+0000] {subprocess.py:106} INFO - PRUEBA DE SCRIPTS
[2025-01-28T02:23:24.167+0000] {subprocess.py:106} INFO - PRUEBA DE SCRIPTS
[2025-01-28T02:23:24.168+0000] {subprocess.py:106} INFO - PRUEBA DE SCRIPTS
[2025-01-28T02:23:24.169+0000] {subprocess.py:106} INFO - PRUEBA DE SCRIPTS
[2025-01-28T02:23:24.170+0000] {subprocess.py:106} INFO - PRUEBA DE SCRIPTS
[2025-01-28T02:23:24.171+0000] {subprocess.py:106} INFO - PRUEBA DE SCRIPTS
[2025-01-28T02:23:24.172+0000] {subprocess.py:106} INFO - PRUEBA DE SCRIPTS
[2025-01-28T02:23:24.173+0000] {subprocess.py:106} INFO - PRUEBA DE SCRIPTS
[2025-01-28T02:23:24.173+0000] {subprocess.py:106} INFO - PRUEBA DE SCRIPTS
[2025-01-28T02:23:24.174+0000] {subprocess.py:106} INFO - PRUEBA DE SCRIPTS
[2025-01-28T02:23:24.174+0000] {subprocess.py:106} INFO - PRUEBA DE SCRIPTS
[2025-01-28T02:23:24.175+0000] {subprocess.py:106} INFO - PRUEBA DE SCRIPTS
[2025-01-28T02:23:24.176+0000] {subprocess.py:106} INFO - PRUEBA DE SCRIPTS
[2025-01-28T02:23:24.176+0000] {subprocess.py:106} INFO - PRUEBA DE SCRIPTS
[2025-01-28T02:23:24.177+0000] {subprocess.py:106} INFO - PRUEBA DE SCRIPTS
[2025-01-28T02:23:24.177+0000] {subprocess.py:106} INFO - PRUEBA DE SCRIPTS
[2025-01-28T02:23:24.178+0000] {subprocess.py:106} INFO - PRUEBA DE SCRIPTS
[2025-01-28T02:23:24.179+0000] {subprocess.py:106} INFO - PRUEBA DE SCRIPTS
[2025-01-28T02:23:24.179+0000] {subprocess.py:106} INFO - PRUEBA DE SCRIPTS
[2025-01-28T02:23:24.180+0000] {subprocess.py:106} INFO - PRUEBA DE SCRIPTS
[2025-01-28T02:23:24.181+0000] {subprocess.py:106} INFO - PRUEBA DE SCRIPTS
[2025-01-28T02:23:24.182+0000] {subprocess.py:106} INFO - PRUEBA DE SCRIPTS
[2025-01-28T02:23:24.183+0000] {subprocess.py:106} INFO - PRUEBA DE SCRIPTS
[2025-01-28T02:23:24.183+0000] {subprocess.py:106} INFO - PRUEBA DE SCRIPTS
[2025-01-28T02:23:24.184+0000] {subprocess.py:106} INFO - PRUEBA DE SCRIPTS
[2025-01-28T02:23:24.184+0000] {subprocess.py:106} INFO - PRUEBA DE SCRIPTS
[2025-01-28T02:23:24.185+0000] {subprocess.py:106} INFO - PRUEBA DE SCRIPTS
[2025-01-28T02:23:24.186+0000] {subprocess.py:106} INFO - PRUEBA DE SCRIPTS
[2025-01-28T02:23:24.187+0000] {subprocess.py:106} INFO - PRUEBA DE SCRIPTS
[2025-01-28T02:23:24.187+0000] {subprocess.py:106} INFO - PRUEBA DE SCRIPTS
[2025-01-28T02:23:24.188+0000] {subprocess.py:106} INFO - PRUEBA DE SCRIPTS
[2025-01-28T02:23:24.188+0000] {subprocess.py:106} INFO - PRUEBA DE SCRIPTS
[2025-01-28T02:23:24.189+0000] {subprocess.py:106} INFO - PRUEBA DE SCRIPTS
[2025-01-28T02:23:24.190+0000] {subprocess.py:106} INFO - PRUEBA DE SCRIPTS
[2025-01-28T02:23:24.190+0000] {subprocess.py:106} INFO - PRUEBA DE SCRIPTS
[2025-01-28T02:23:24.191+0000] {subprocess.py:106} INFO - PRUEBA DE SCRIPTS
[2025-01-28T02:23:24.192+0000] {subprocess.py:106} INFO - PRUEBA DE SCRIPTS
[2025-01-28T02:23:24.192+0000] {subprocess.py:106} INFO - PRUEBA DE SCRIPTS
[2025-01-28T02:23:24.193+0000] {subprocess.py:106} INFO - PRUEBA DE SCRIPTS
[2025-01-28T02:23:24.194+0000] {subprocess.py:106} INFO - PRUEBA DE SCRIPTS
[2025-01-28T02:23:24.195+0000] {subprocess.py:106} INFO - PRUEBA DE SCRIPTS
[2025-01-28T02:23:24.196+0000] {subprocess.py:106} INFO - PRUEBA DE SCRIPTS
[2025-01-28T02:23:24.197+0000] {subprocess.py:106} INFO - PRUEBA DE SCRIPTS
[2025-01-28T02:23:24.198+0000] {subprocess.py:106} INFO - PRUEBA DE SCRIPTS
[2025-01-28T02:23:24.199+0000] {subprocess.py:106} INFO - PRUEBA DE SCRIPTS
[2025-01-28T02:23:24.200+0000] {subprocess.py:106} INFO - PRUEBA DE SCRIPTS
[2025-01-28T02:23:24.201+0000] {subprocess.py:106} INFO - PRUEBA DE SCRIPTS
[2025-01-28T02:23:24.202+0000] {subprocess.py:106} INFO - PRUEBA DE SCRIPTS
[2025-01-28T02:23:24.203+0000] {subprocess.py:106} INFO - PRUEBA DE SCRIPTS
[2025-01-28T02:23:24.205+0000] {subprocess.py:106} INFO - PRUEBA DE SCRIPTS
[2025-01-28T02:23:24.206+0000] {subprocess.py:106} INFO - PRUEBA DE SCRIPTS
[2025-01-28T02:23:24.208+0000] {subprocess.py:106} INFO - PRUEBA DE SCRIPTS
[2025-01-28T02:23:24.209+0000] {subprocess.py:106} INFO - PRUEBA DE SCRIPTS
[2025-01-28T02:23:24.211+0000] {subprocess.py:106} INFO - PRUEBA DE SCRIPTS
[2025-01-28T02:23:24.212+0000] {subprocess.py:106} INFO - PRUEBA DE SCRIPTS
[2025-01-28T02:23:24.214+0000] {subprocess.py:106} INFO - PRUEBA DE SCRIPTS
[2025-01-28T02:23:24.215+0000] {subprocess.py:106} INFO - PRUEBA DE SCRIPTS
[2025-01-28T02:23:24.216+0000] {subprocess.py:106} INFO - PRUEBA DE SCRIPTS
[2025-01-28T02:23:24.218+0000] {subprocess.py:106} INFO - PRUEBA DE SCRIPTS
[2025-01-28T02:23:24.220+0000] {subprocess.py:106} INFO - PRUEBA DE SCRIPTS
[2025-01-28T02:23:24.221+0000] {subprocess.py:106} INFO - PRUEBA DE SCRIPTS
[2025-01-28T02:23:24.222+0000] {subprocess.py:106} INFO - PRUEBA DE SCRIPTS
[2025-01-28T02:23:24.223+0000] {subprocess.py:106} INFO - PRUEBA DE SCRIPTS
[2025-01-28T02:23:24.224+0000] {subprocess.py:106} INFO - PRUEBA DE SCRIPTS
[2025-01-28T02:23:24.225+0000] {subprocess.py:106} INFO - PRUEBA DE SCRIPTS
[2025-01-28T02:23:24.226+0000] {subprocess.py:106} INFO - PRUEBA DE SCRIPTS
[2025-01-28T02:23:24.227+0000] {subprocess.py:106} INFO - PRUEBA DE SCRIPTS
[2025-01-28T02:23:24.228+0000] {subprocess.py:106} INFO - PRUEBA DE SCRIPTS
[2025-01-28T02:23:24.229+0000] {subprocess.py:106} INFO - PRUEBA DE SCRIPTS
[2025-01-28T02:23:24.231+0000] {subprocess.py:106} INFO - PRUEBA DE SCRIPTS
[2025-01-28T02:23:24.232+0000] {subprocess.py:106} INFO - PRUEBA DE SCRIPTS
[2025-01-28T02:23:24.234+0000] {subprocess.py:106} INFO - PRUEBA DE SCRIPTS
[2025-01-28T02:23:24.235+0000] {subprocess.py:106} INFO - PRUEBA DE SCRIPTS
[2025-01-28T02:23:24.236+0000] {subprocess.py:106} INFO - PRUEBA DE SCRIPTS
[2025-01-28T02:23:24.238+0000] {subprocess.py:106} INFO - PRUEBA DE SCRIPTS
[2025-01-28T02:23:24.239+0000] {subprocess.py:106} INFO - PRUEBA DE SCRIPTS
[2025-01-28T02:23:24.241+0000] {subprocess.py:106} INFO - PRUEBA DE SCRIPTS
[2025-01-28T02:23:24.244+0000] {subprocess.py:106} INFO - PRUEBA DE SCRIPTS
[2025-01-28T02:23:24.245+0000] {subprocess.py:106} INFO - PRUEBA DE SCRIPTS
[2025-01-28T02:23:24.246+0000] {subprocess.py:106} INFO - PRUEBA DE SCRIPTS
[2025-01-28T02:23:24.247+0000] {subprocess.py:106} INFO - PRUEBA DE SCRIPTS
[2025-01-28T02:23:24.248+0000] {subprocess.py:106} INFO - PRUEBA DE SCRIPTS
[2025-01-28T02:23:24.249+0000] {subprocess.py:106} INFO - PRUEBA DE SCRIPTS
[2025-01-28T02:23:24.251+0000] {subprocess.py:106} INFO - PRUEBA DE SCRIPTS
[2025-01-28T02:23:24.253+0000] {subprocess.py:106} INFO - PRUEBA DE SCRIPTS
[2025-01-28T02:23:24.254+0000] {subprocess.py:106} INFO - PRUEBA DE SCRIPTS
[2025-01-28T02:23:24.256+0000] {subprocess.py:106} INFO - PRUEBA DE SCRIPTS
[2025-01-28T02:23:24.259+0000] {subprocess.py:106} INFO - PRUEBA DE SCRIPTS
[2025-01-28T02:23:24.261+0000] {subprocess.py:106} INFO - PRUEBA DE SCRIPTS
[2025-01-28T02:23:24.262+0000] {subprocess.py:106} INFO - PRUEBA DE SCRIPTS
[2025-01-28T02:23:24.264+0000] {subprocess.py:106} INFO - PRUEBA DE SCRIPTS
[2025-01-28T02:23:24.266+0000] {subprocess.py:106} INFO - PRUEBA DE SCRIPTS
[2025-01-28T02:23:24.269+0000] {subprocess.py:106} INFO - PRUEBA DE SCRIPTS
[2025-01-28T02:23:24.274+0000] {subprocess.py:106} INFO - PRUEBA DE SCRIPTS
[2025-01-28T02:23:24.276+0000] {subprocess.py:106} INFO - PRUEBA DE SCRIPTS
[2025-01-28T02:23:24.278+0000] {subprocess.py:106} INFO - PRUEBA DE SCRIPTS
[2025-01-28T02:23:24.280+0000] {subprocess.py:106} INFO - PRUEBA DE SCRIPTS
[2025-01-28T02:23:24.282+0000] {subprocess.py:106} INFO - PRUEBA DE SCRIPTS
[2025-01-28T02:23:24.285+0000] {subprocess.py:106} INFO - PRUEBA DE SCRIPTS
[2025-01-28T02:23:24.291+0000] {subprocess.py:106} INFO - PRUEBA DE SCRIPTS
[2025-01-28T02:23:24.295+0000] {subprocess.py:106} INFO - PRUEBA DE SCRIPTS
[2025-01-28T02:23:24.297+0000] {subprocess.py:106} INFO - PRUEBA DE SCRIPTS
[2025-01-28T02:23:24.299+0000] {subprocess.py:106} INFO - PRUEBA DE SCRIPTS
[2025-01-28T02:23:24.300+0000] {subprocess.py:106} INFO - PRUEBA DE SCRIPTS
[2025-01-28T02:23:24.301+0000] {subprocess.py:106} INFO - PRUEBA DE SCRIPTS
[2025-01-28T02:23:24.303+0000] {subprocess.py:106} INFO - PRUEBA DE SCRIPTS
[2025-01-28T02:23:24.306+0000] {subprocess.py:106} INFO - PRUEBA DE SCRIPTS
[2025-01-28T02:23:24.308+0000] {subprocess.py:106} INFO - PRUEBA DE SCRIPTS
[2025-01-28T02:23:24.311+0000] {subprocess.py:106} INFO - PRUEBA DE SCRIPTS
[2025-01-28T02:23:24.313+0000] {subprocess.py:106} INFO - PRUEBA DE SCRIPTS
[2025-01-28T02:23:24.314+0000] {subprocess.py:106} INFO - PRUEBA DE SCRIPTS
[2025-01-28T02:23:24.316+0000] {subprocess.py:106} INFO - PRUEBA DE SCRIPTS
[2025-01-28T02:23:24.320+0000] {subprocess.py:106} INFO - PRUEBA DE SCRIPTS
[2025-01-28T02:23:24.322+0000] {subprocess.py:106} INFO - PRUEBA DE SCRIPTS
[2025-01-28T02:23:24.325+0000] {subprocess.py:106} INFO - PRUEBA DE SCRIPTS
[2025-01-28T02:23:24.326+0000] {subprocess.py:106} INFO - PRUEBA DE SCRIPTS
[2025-01-28T02:23:24.329+0000] {subprocess.py:106} INFO - PRUEBA DE SCRIPTS
[2025-01-28T02:23:24.332+0000] {subprocess.py:106} INFO - PRUEBA DE SCRIPTS
[2025-01-28T02:23:24.334+0000] {subprocess.py:106} INFO - PRUEBA DE SCRIPTS
[2025-01-28T02:23:24.337+0000] {subprocess.py:106} INFO - PRUEBA DE SCRIPTS
[2025-01-28T02:23:24.339+0000] {subprocess.py:106} INFO - PRUEBA DE SCRIPTS
[2025-01-28T02:23:24.340+0000] {subprocess.py:106} INFO - PRUEBA DE SCRIPTS
[2025-01-28T02:23:24.341+0000] {subprocess.py:106} INFO - PRUEBA DE SCRIPTS
[2025-01-28T02:23:24.343+0000] {subprocess.py:106} INFO - PRUEBA DE SCRIPTS
[2025-01-28T02:23:24.344+0000] {subprocess.py:106} INFO - PRUEBA DE SCRIPTS
[2025-01-28T02:23:24.345+0000] {subprocess.py:106} INFO - PRUEBA DE SCRIPTS
[2025-01-28T02:23:24.347+0000] {subprocess.py:106} INFO - PRUEBA DE SCRIPTS
[2025-01-28T02:23:24.348+0000] {subprocess.py:106} INFO - PRUEBA DE SCRIPTS
[2025-01-28T02:23:24.349+0000] {subprocess.py:106} INFO - PRUEBA DE SCRIPTS
[2025-01-28T02:23:24.352+0000] {subprocess.py:106} INFO - PRUEBA DE SCRIPTS
[2025-01-28T02:23:24.358+0000] {subprocess.py:106} INFO - PRUEBA DE SCRIPTS
[2025-01-28T02:23:24.360+0000] {subprocess.py:106} INFO - PRUEBA DE SCRIPTS
[2025-01-28T02:23:24.362+0000] {subprocess.py:106} INFO - PRUEBA DE SCRIPTS
[2025-01-28T02:23:24.364+0000] {subprocess.py:106} INFO - PRUEBA DE SCRIPTS
[2025-01-28T02:23:24.367+0000] {subprocess.py:106} INFO - PRUEBA DE SCRIPTS
[2025-01-28T02:23:24.368+0000] {subprocess.py:106} INFO - PRUEBA DE SCRIPTS
[2025-01-28T02:23:24.370+0000] {subprocess.py:106} INFO - PRUEBA DE SCRIPTS
[2025-01-28T02:23:24.373+0000] {subprocess.py:106} INFO - PRUEBA DE SCRIPTS
[2025-01-28T02:23:24.374+0000] {subprocess.py:106} INFO - PRUEBA DE SCRIPTS
[2025-01-28T02:23:24.375+0000] {subprocess.py:106} INFO - PRUEBA DE SCRIPTS
[2025-01-28T02:23:24.376+0000] {subprocess.py:106} INFO - PRUEBA DE SCRIPTS
[2025-01-28T02:23:24.377+0000] {subprocess.py:106} INFO - PRUEBA DE SCRIPTS
[2025-01-28T02:23:24.378+0000] {subprocess.py:106} INFO - PRUEBA DE SCRIPTS
[2025-01-28T02:23:24.378+0000] {subprocess.py:106} INFO - PRUEBA DE SCRIPTS
[2025-01-28T02:23:24.379+0000] {subprocess.py:106} INFO - PRUEBA DE SCRIPTS
[2025-01-28T02:23:24.380+0000] {subprocess.py:106} INFO - PRUEBA DE SCRIPTS
[2025-01-28T02:23:24.381+0000] {subprocess.py:106} INFO - PRUEBA DE SCRIPTS
[2025-01-28T02:23:24.382+0000] {subprocess.py:106} INFO - PRUEBA DE SCRIPTS
[2025-01-28T02:23:24.383+0000] {subprocess.py:106} INFO - PRUEBA DE SCRIPTS
[2025-01-28T02:23:24.384+0000] {subprocess.py:106} INFO - PRUEBA DE SCRIPTS
[2025-01-28T02:23:24.386+0000] {subprocess.py:106} INFO - PRUEBA DE SCRIPTS
[2025-01-28T02:23:24.388+0000] {subprocess.py:106} INFO - PRUEBA DE SCRIPTS
[2025-01-28T02:23:24.389+0000] {subprocess.py:106} INFO - PRUEBA DE SCRIPTS
[2025-01-28T02:23:24.390+0000] {subprocess.py:106} INFO - PRUEBA DE SCRIPTS
[2025-01-28T02:23:24.391+0000] {subprocess.py:106} INFO - PRUEBA DE SCRIPTS
[2025-01-28T02:23:24.392+0000] {subprocess.py:106} INFO - PRUEBA DE SCRIPTS
[2025-01-28T02:23:24.393+0000] {subprocess.py:106} INFO - PRUEBA DE SCRIPTS
[2025-01-28T02:23:24.394+0000] {subprocess.py:110} INFO - Command exited with return code 0
[2025-01-28T02:23:24.429+0000] {taskinstance.py:340} INFO - ::group::Post task execution logs
[2025-01-28T02:23:24.430+0000] {taskinstance.py:352} INFO - Marking task as SUCCESS. dag_id=etl_reporte_como_vamos, task_id=task_bot_como_vamos, run_id=manual__2025-01-28T02:23:21.568536+00:00, execution_date=20250128T022321, start_date=20250128T022323, end_date=20250128T022324
[2025-01-28T02:23:24.479+0000] {local_task_job_runner.py:266} INFO - Task exited with return code 0
[2025-01-28T02:23:24.523+0000] {taskinstance.py:3895} INFO - 1 downstream tasks scheduled from follow-on schedule check
[2025-01-28T02:23:24.530+0000] {local_task_job_runner.py:245} INFO - ::endgroup::
