[2025-01-31T05:18:01.268+0000] {local_task_job_runner.py:123} INFO - ::group::Pre task execution logs
[2025-01-31T05:18:01.311+0000] {taskinstance.py:2613} INFO - Dependencies all met for dep_context=non-requeueable deps ti=<TaskInstance: etl_reporte_como_vamos.etl_ex_bbva manual__2025-01-31T05:17:58.509602+00:00 [queued]>
[2025-01-31T05:18:01.333+0000] {taskinstance.py:2613} INFO - Dependencies all met for dep_context=requeueable deps ti=<TaskInstance: etl_reporte_como_vamos.etl_ex_bbva manual__2025-01-31T05:17:58.509602+00:00 [queued]>
[2025-01-31T05:18:01.335+0000] {taskinstance.py:2866} INFO - Starting attempt 1 of 1
[2025-01-31T05:18:01.368+0000] {taskinstance.py:2889} INFO - Executing <Task(BashOperator): etl_ex_bbva> on 2025-01-31 05:17:58.509602+00:00
[2025-01-31T05:18:01.381+0000] {warnings.py:112} WARNING - /home/***/.local/lib/python3.12/site-packages/***/task/task_runner/standard_task_runner.py:70: DeprecationWarning: This process (pid=2917) is multi-threaded, use of fork() may lead to deadlocks in the child.
  pid = os.fork()

[2025-01-31T05:18:01.386+0000] {standard_task_runner.py:72} INFO - Started process 2918 to run task
[2025-01-31T05:18:01.389+0000] {standard_task_runner.py:104} INFO - Running: ['***', 'tasks', 'run', 'etl_reporte_como_vamos', 'etl_ex_bbva', 'manual__2025-01-31T05:17:58.509602+00:00', '--job-id', '52', '--raw', '--subdir', 'DAGS_FOLDER/etl_como_vamos_dag.py', '--cfg-path', '/tmp/tmpazzv9_l5']
[2025-01-31T05:18:01.392+0000] {standard_task_runner.py:105} INFO - Job 52: Subtask etl_ex_bbva
[2025-01-31T05:18:01.499+0000] {task_command.py:467} INFO - Running <TaskInstance: etl_reporte_como_vamos.etl_ex_bbva manual__2025-01-31T05:17:58.509602+00:00 [running]> on host 09b63ee6c6d0
[2025-01-31T05:18:01.696+0000] {taskinstance.py:3132} INFO - Exporting env vars: AIRFLOW_CTX_DAG_OWNER='***' AIRFLOW_CTX_DAG_ID='etl_reporte_como_vamos' AIRFLOW_CTX_TASK_ID='etl_ex_bbva' AIRFLOW_CTX_EXECUTION_DATE='2025-01-31T05:17:58.509602+00:00' AIRFLOW_CTX_TRY_NUMBER='1' AIRFLOW_CTX_DAG_RUN_ID='manual__2025-01-31T05:17:58.509602+00:00'
[2025-01-31T05:18:01.698+0000] {taskinstance.py:731} INFO - ::endgroup::
[2025-01-31T05:18:01.731+0000] {subprocess.py:78} INFO - Tmp dir root location: /tmp
[2025-01-31T05:18:01.735+0000] {subprocess.py:88} INFO - Running command: ['/usr/bin/bash', '-c', 'python /opt/***/scripts/etl_ex_bbva.py']
[2025-01-31T05:18:01.754+0000] {subprocess.py:99} INFO - Output:
[2025-01-31T05:18:07.636+0000] {subprocess.py:106} INFO - ic| params: {'database': 'calidad_etl',
[2025-01-31T05:18:07.638+0000] {subprocess.py:106} INFO -              'host': '172.29.33.204',
[2025-01-31T05:18:07.640+0000] {subprocess.py:106} INFO -              'password': 'calidad2021*',
[2025-01-31T05:18:07.642+0000] {subprocess.py:106} INFO -              'port': '3306',
[2025-01-31T05:18:07.643+0000] {subprocess.py:106} INFO -              'user': 'calidad_etl'}
[2025-01-31T05:18:07.712+0000] {subprocess.py:106} INFO - ic| params: {'database': 'calidad_etl',
[2025-01-31T05:18:07.714+0000] {subprocess.py:106} INFO -              'host': '172.29.33.204',
[2025-01-31T05:18:07.715+0000] {subprocess.py:106} INFO -              'password': 'calidad2021*',
[2025-01-31T05:18:07.717+0000] {subprocess.py:106} INFO -              'port': '3306',
[2025-01-31T05:18:07.718+0000] {subprocess.py:106} INFO -              'user': 'calidad_etl'}
[2025-01-31T05:18:08.034+0000] {subprocess.py:106} INFO - 2025-01-31 05:18:08,034 - assets - INFO - Engine para base de datos: calidad_etl creado exitosamente
[2025-01-31T05:18:08.047+0000] {subprocess.py:106} INFO - ic| fecha_inicio: datetime.date(2025, 1, 1)
[2025-01-31T05:18:08.048+0000] {subprocess.py:106} INFO -     fecha_fin: datetime.date(2025, 1, 31)
[2025-01-31T05:18:08.059+0000] {subprocess.py:106} INFO - ic| query: '
[2025-01-31T05:18:08.061+0000] {subprocess.py:106} INFO -             SELECT * FROM calidad_etl.fact_sm_cerrado
[2025-01-31T05:18:08.063+0000] {subprocess.py:106} INFO -                 WHERE "INSERTAR_DT" >= %s;
[2025-01-31T05:18:08.064+0000] {subprocess.py:106} INFO -             '
[2025-01-31T05:18:29.952+0000] {subprocess.py:106} INFO - 2025-01-31 05:18:29,951 - assets - INFO - SQL query succesfully executed
[2025-01-31T05:18:30.049+0000] {subprocess.py:106} INFO - 2025-01-31 05:18:30,049 - etl_ex_bbva - INFO - Start ETL Exito Tuya BBVA
[2025-01-31T05:21:42.347+0000] {subprocess.py:106} INFO - 2025-01-31 05:21:42,346 - etl_ex_bbva - INFO - Reporte como_vamos.xlsx successfully load
[2025-01-31T05:21:43.198+0000] {subprocess.py:106} INFO - ic| columnas_no_coincidentes: ['FECHA_INGRESO_ESTADO_CORTA',
[2025-01-31T05:21:43.200+0000] {subprocess.py:106} INFO -                                'ATENCION',
[2025-01-31T05:21:43.201+0000] {subprocess.py:106} INFO -                                'TICKETS_MAYORES_4_HORAS',
[2025-01-31T05:21:43.202+0000] {subprocess.py:106} INFO -                                'id_dim_usuario_sm',
[2025-01-31T05:21:43.204+0000] {subprocess.py:106} INFO -                                'id_dim_atencion',
[2025-01-31T05:21:43.205+0000] {subprocess.py:106} INFO -                                'Autogestion',
[2025-01-31T05:21:43.206+0000] {subprocess.py:106} INFO -                                'id_dim_cliente',
[2025-01-31T05:21:43.208+0000] {subprocess.py:106} INFO -                                'SERVICIO',
[2025-01-31T05:21:43.209+0000] {subprocess.py:106} INFO -                                'USUARIO_SOLUCION',
[2025-01-31T05:21:43.211+0000] {subprocess.py:106} INFO -                                'EXCLUYENTE_PROACTIVO',
[2025-01-31T05:21:43.213+0000] {subprocess.py:106} INFO -                                'ID_COMPANIA',
[2025-01-31T05:21:43.214+0000] {subprocess.py:106} INFO -                                'USUARIO_CERRADO',
[2025-01-31T05:21:43.215+0000] {subprocess.py:106} INFO -                                'Nueva_Prioridad_Calc',
[2025-01-31T05:21:43.216+0000] {subprocess.py:106} INFO -                                'GRUPO_ASIGNADO',
[2025-01-31T05:21:43.217+0000] {subprocess.py:106} INFO -                                'PRIORIDAD_ATENCION',
[2025-01-31T05:21:43.219+0000] {subprocess.py:106} INFO -                                'Autogestión',
[2025-01-31T05:21:43.220+0000] {subprocess.py:106} INFO -                                'RANGOS',
[2025-01-31T05:21:43.221+0000] {subprocess.py:106} INFO -                                'id_dim_categoria',
[2025-01-31T05:21:43.223+0000] {subprocess.py:106} INFO -                                'USUARIO_INSERTADO',
[2025-01-31T05:21:43.224+0000] {subprocess.py:106} INFO -                                'id_dim_servicio',
[2025-01-31T05:21:43.225+0000] {subprocess.py:106} INFO -                                'Reclasificacion_atencion_Calc',
[2025-01-31T05:21:43.227+0000] {subprocess.py:106} INFO -                                'TECNOLOGIA',
[2025-01-31T05:21:43.229+0000] {subprocess.py:106} INFO -                                'USUARIO_ASIGNADO',
[2025-01-31T05:21:43.232+0000] {subprocess.py:106} INFO -                                'id_dim_grupo_sm']
[2025-01-31T05:21:43.234+0000] {subprocess.py:106} INFO - 2025-01-31 05:21:43,199 - etl_ex_bbva - INFO - etl_ex_bbva.py success execution
[2025-01-31T05:21:43.249+0000] {subprocess.py:106} INFO - Conexión exitosa a la base de datos: calidad_etl
[2025-01-31T05:21:44.045+0000] {subprocess.py:110} INFO - Command exited with return code 0
[2025-01-31T05:21:44.110+0000] {taskinstance.py:340} INFO - ::group::Post task execution logs
[2025-01-31T05:21:44.112+0000] {taskinstance.py:352} INFO - Marking task as SUCCESS. dag_id=etl_reporte_como_vamos, task_id=etl_ex_bbva, run_id=manual__2025-01-31T05:17:58.509602+00:00, execution_date=20250131T051758, start_date=20250131T051801, end_date=20250131T052144
[2025-01-31T05:21:44.182+0000] {local_task_job_runner.py:266} INFO - Task exited with return code 0
[2025-01-31T05:21:44.224+0000] {taskinstance.py:3895} INFO - 0 downstream tasks scheduled from follow-on schedule check
[2025-01-31T05:21:44.232+0000] {local_task_job_runner.py:245} INFO - ::endgroup::
