[2025-02-10T06:32:07.279-0500] {local_task_job_runner.py:123} INFO - ::group::Pre task execution logs
[2025-02-10T06:32:07.307-0500] {taskinstance.py:2613} INFO - Dependencies all met for dep_context=non-requeueable deps ti=<TaskInstance: etl_reporte_como_vamos.etl_cdc scheduled__2025-02-09T11:30:00+00:00 [queued]>
[2025-02-10T06:32:07.318-0500] {taskinstance.py:2613} INFO - Dependencies all met for dep_context=requeueable deps ti=<TaskInstance: etl_reporte_como_vamos.etl_cdc scheduled__2025-02-09T11:30:00+00:00 [queued]>
[2025-02-10T06:32:07.320-0500] {taskinstance.py:2866} INFO - Starting attempt 1 of 4
[2025-02-10T06:32:07.343-0500] {taskinstance.py:2889} INFO - Executing <Task(BashOperator): etl_cdc> on 2025-02-09 11:30:00+00:00
[2025-02-10T06:32:07.352-0500] {warnings.py:112} WARNING - /home/***/.local/lib/python3.12/site-packages/***/task/task_runner/standard_task_runner.py:70: DeprecationWarning: This process (pid=89560) is multi-threaded, use of fork() may lead to deadlocks in the child.
  pid = os.fork()

[2025-02-10T06:32:07.354-0500] {standard_task_runner.py:72} INFO - Started process 89564 to run task
[2025-02-10T06:32:07.355-0500] {standard_task_runner.py:104} INFO - Running: ['***', 'tasks', 'run', 'etl_reporte_como_vamos', 'etl_cdc', 'scheduled__2025-02-09T11:30:00+00:00', '--job-id', '91', '--raw', '--subdir', 'DAGS_FOLDER/etl_como_vamos_dag.py', '--cfg-path', '/tmp/tmpluzynck4']
[2025-02-10T06:32:07.356-0500] {standard_task_runner.py:105} INFO - Job 91: Subtask etl_cdc
[2025-02-10T06:32:07.435-0500] {task_command.py:467} INFO - Running <TaskInstance: etl_reporte_como_vamos.etl_cdc scheduled__2025-02-09T11:30:00+00:00 [running]> on host 21f1c1b48730
[2025-02-10T06:32:07.551-0500] {taskinstance.py:3132} INFO - Exporting env vars: AIRFLOW_CTX_DAG_OWNER='***' AIRFLOW_CTX_DAG_ID='etl_reporte_como_vamos' AIRFLOW_CTX_TASK_ID='etl_cdc' AIRFLOW_CTX_EXECUTION_DATE='2025-02-09T11:30:00+00:00' AIRFLOW_CTX_TRY_NUMBER='1' AIRFLOW_CTX_DAG_RUN_ID='scheduled__2025-02-09T11:30:00+00:00'
[2025-02-10T06:32:07.552-0500] {taskinstance.py:731} INFO - ::endgroup::
[2025-02-10T06:32:07.575-0500] {subprocess.py:78} INFO - Tmp dir root location: /tmp
[2025-02-10T06:32:07.576-0500] {subprocess.py:88} INFO - Running command: ['/usr/bin/bash', '-c', 'python /opt/***/scripts/etl_cdc.py']
[2025-02-10T06:32:07.589-0500] {subprocess.py:99} INFO - Output:
[2025-02-10T06:32:13.562-0500] {subprocess.py:106} INFO -      incrementador               nombre_cliente  ... duplicado motivo_duplicado
[2025-02-10T06:32:13.563-0500] {subprocess.py:106} INFO - 0            11214  COLOMBIANA DE COMERCIO S.A.  ...
[2025-02-10T06:32:13.564-0500] {subprocess.py:106} INFO - 1            11115  COLOMBIANA DE COMERCIO S.A.  ...
[2025-02-10T06:32:13.565-0500] {subprocess.py:106} INFO - 2            11116  COLOMBIANA DE COMERCIO S.A.  ...
[2025-02-10T06:32:13.565-0500] {subprocess.py:106} INFO - 3            11117  COLOMBIANA DE COMERCIO S.A.  ...
[2025-02-10T06:32:13.566-0500] {subprocess.py:106} INFO - 4            11118  COLOMBIANA DE COMERCIO S.A.  ...
[2025-02-10T06:32:13.566-0500] {subprocess.py:106} INFO - ..             ...                          ...  ...       ...              ...
[2025-02-10T06:32:13.567-0500] {subprocess.py:106} INFO - 257          11398  COLOMBIANA DE COMERCIO S.A.  ...
[2025-02-10T06:32:13.567-0500] {subprocess.py:106} INFO - 258          11399  COLOMBIANA DE COMERCIO S.A.  ...
[2025-02-10T06:32:13.567-0500] {subprocess.py:106} INFO - 259          11400  COLOMBIANA DE COMERCIO S.A.  ...
[2025-02-10T06:32:13.568-0500] {subprocess.py:106} INFO - 260          11401  COLOMBIANA DE COMERCIO S.A.  ...
[2025-02-10T06:32:13.568-0500] {subprocess.py:106} INFO - 261          11402  COLOMBIANA DE COMERCIO S.A.  ...
[2025-02-10T06:32:13.569-0500] {subprocess.py:106} INFO - 
[2025-02-10T06:32:13.570-0500] {subprocess.py:106} INFO - [262 rows x 60 columns]
[2025-02-10T06:32:13.570-0500] {subprocess.py:106} INFO -                  nombre_cliente    id_caso  ... duplicado motivo_duplicado
[2025-02-10T06:32:13.571-0500] {subprocess.py:106} INFO - 0   COLOMBIANA DE COMERCIO S.A.  IM3053434  ...
[2025-02-10T06:32:13.571-0500] {subprocess.py:106} INFO - 1   COLOMBIANA DE COMERCIO S.A.  IM3054863  ...
[2025-02-10T06:32:13.572-0500] {subprocess.py:106} INFO - 2   COLOMBIANA DE COMERCIO S.A.  IM3054644  ...
[2025-02-10T06:32:13.572-0500] {subprocess.py:106} INFO - 3   COLOMBIANA DE COMERCIO S.A.  RF1864422  ...
[2025-02-10T06:32:13.574-0500] {subprocess.py:106} INFO - 4   COLOMBIANA DE COMERCIO S.A.  RF1864410  ...
[2025-02-10T06:32:13.575-0500] {subprocess.py:106} INFO - 5   COLOMBIANA DE COMERCIO S.A.  IM3054644  ...
[2025-02-10T06:32:13.575-0500] {subprocess.py:106} INFO - 6   COLOMBIANA DE COMERCIO S.A.  IM3053771  ...
[2025-02-10T06:32:13.576-0500] {subprocess.py:106} INFO - 7   COLOMBIANA DE COMERCIO S.A.  IM3053434  ...
[2025-02-10T06:32:13.576-0500] {subprocess.py:106} INFO - 8   COLOMBIANA DE COMERCIO S.A.  RF1864427  ...
[2025-02-10T06:32:13.577-0500] {subprocess.py:106} INFO - 9   COLOMBIANA DE COMERCIO S.A.  RF1864459  ...
[2025-02-10T06:32:13.578-0500] {subprocess.py:106} INFO - 10  COLOMBIANA DE COMERCIO S.A.  RF1864428  ...
[2025-02-10T06:32:13.578-0500] {subprocess.py:106} INFO - 11  COLOMBIANA DE COMERCIO S.A.  RF1864468  ...
[2025-02-10T06:32:13.579-0500] {subprocess.py:106} INFO - 12  COLOMBIANA DE COMERCIO S.A.  RF1864466  ...
[2025-02-10T06:32:13.579-0500] {subprocess.py:106} INFO - 13  COLOMBIANA DE COMERCIO S.A.  RF1864464  ...
[2025-02-10T06:32:13.580-0500] {subprocess.py:106} INFO - 14  COLOMBIANA DE COMERCIO S.A.  RF1864463  ...
[2025-02-10T06:32:13.580-0500] {subprocess.py:106} INFO - 15  COLOMBIANA DE COMERCIO S.A.  RF1864462  ...
[2025-02-10T06:32:13.581-0500] {subprocess.py:106} INFO - 16  COLOMBIANA DE COMERCIO S.A.  RF1864461  ...
[2025-02-10T06:32:13.581-0500] {subprocess.py:106} INFO - 17  COLOMBIANA DE COMERCIO S.A.  RF1864426  ...
[2025-02-10T06:32:13.582-0500] {subprocess.py:106} INFO - 18  COLOMBIANA DE COMERCIO S.A.  RF1864423  ...
[2025-02-10T06:32:13.582-0500] {subprocess.py:106} INFO - 19  COLOMBIANA DE COMERCIO S.A.  RF1863901  ...
[2025-02-10T06:32:13.583-0500] {subprocess.py:106} INFO - 20  COLOMBIANA DE COMERCIO S.A.  RF1864045  ...
[2025-02-10T06:32:13.583-0500] {subprocess.py:106} INFO - 21  COLOMBIANA DE COMERCIO S.A.  RF1862932  ...
[2025-02-10T06:32:13.584-0500] {subprocess.py:106} INFO - 22  COLOMBIANA DE COMERCIO S.A.  IM3035019  ...
[2025-02-10T06:32:13.584-0500] {subprocess.py:106} INFO - 23  COLOMBIANA DE COMERCIO S.A.  IM3054863  ...
[2025-02-10T06:32:13.585-0500] {subprocess.py:106} INFO - 24  COLOMBIANA DE COMERCIO S.A.  RF1864457  ...
[2025-02-10T06:32:13.585-0500] {subprocess.py:106} INFO - 25  COLOMBIANA DE COMERCIO S.A.  RF1864447  ...
[2025-02-10T06:32:13.586-0500] {subprocess.py:106} INFO - 26  COLOMBIANA DE COMERCIO S.A.  RF1863254  ...
[2025-02-10T06:32:13.587-0500] {subprocess.py:106} INFO - 27  COLOMBIANA DE COMERCIO S.A.  RF1864445  ...
[2025-02-10T06:32:13.587-0500] {subprocess.py:106} INFO - 28  COLOMBIANA DE COMERCIO S.A.  RF1864444  ...
[2025-02-10T06:32:13.588-0500] {subprocess.py:106} INFO - 29  COLOMBIANA DE COMERCIO S.A.  RF1864446  ...
[2025-02-10T06:32:13.588-0500] {subprocess.py:106} INFO - 30  COLOMBIANA DE COMERCIO S.A.  RF1864443  ...
[2025-02-10T06:32:13.589-0500] {subprocess.py:106} INFO - 31  COLOMBIANA DE COMERCIO S.A.  RF1864442  ...
[2025-02-10T06:32:13.589-0500] {subprocess.py:106} INFO - 32  COLOMBIANA DE COMERCIO S.A.  RF1864430  ...
[2025-02-10T06:32:13.590-0500] {subprocess.py:106} INFO - 33  COLOMBIANA DE COMERCIO S.A.  RF1864429  ...
[2025-02-10T06:32:13.590-0500] {subprocess.py:106} INFO - 34  COLOMBIANA DE COMERCIO S.A.  RF1863757  ...
[2025-02-10T06:32:13.591-0500] {subprocess.py:106} INFO - 
[2025-02-10T06:32:13.592-0500] {subprocess.py:106} INFO - [35 rows x 59 columns]
[2025-02-10T06:32:13.592-0500] {subprocess.py:106} INFO - 8 27 0
[2025-02-10T06:32:13.593-0500] {subprocess.py:106} INFO - Incidentes Cargados:  8
[2025-02-10T06:32:13.593-0500] {subprocess.py:106} INFO - Requerimientos Cargados:  27
[2025-02-10T06:32:13.594-0500] {subprocess.py:106} INFO - Ejecucion Exitosa
[2025-02-10T06:32:13.743-0500] {subprocess.py:110} INFO - Command exited with return code 0
[2025-02-10T06:32:13.771-0500] {taskinstance.py:340} INFO - ::group::Post task execution logs
[2025-02-10T06:32:13.772-0500] {taskinstance.py:352} INFO - Marking task as SUCCESS. dag_id=etl_reporte_como_vamos, task_id=etl_cdc, run_id=scheduled__2025-02-09T11:30:00+00:00, execution_date=20250209T113000, start_date=20250210T113207, end_date=20250210T113213
[2025-02-10T06:32:13.806-0500] {local_task_job_runner.py:266} INFO - Task exited with return code 0
[2025-02-10T06:32:13.836-0500] {taskinstance.py:3895} INFO - 0 downstream tasks scheduled from follow-on schedule check
[2025-02-10T06:32:13.839-0500] {local_task_job_runner.py:245} INFO - ::endgroup::
