[2025-01-28T02:18:53.720+0000] {local_task_job_runner.py:123} INFO - ::group::Pre task execution logs
[2025-01-28T02:18:53.773+0000] {taskinstance.py:2613} INFO - Dependencies all met for dep_context=non-requeueable deps ti=<TaskInstance: etl_reporte_como_vamos.execute_bot_como_vamos manual__2025-01-28T02:18:50.682138+00:00 [queued]>
[2025-01-28T02:18:53.799+0000] {taskinstance.py:2613} INFO - Dependencies all met for dep_context=requeueable deps ti=<TaskInstance: etl_reporte_como_vamos.execute_bot_como_vamos manual__2025-01-28T02:18:50.682138+00:00 [queued]>
[2025-01-28T02:18:53.801+0000] {taskinstance.py:2866} INFO - Starting attempt 1 of 2
[2025-01-28T02:18:53.836+0000] {taskinstance.py:2889} INFO - Executing <Task(PythonOperator): execute_bot_como_vamos> on 2025-01-28 02:18:50.682138+00:00
[2025-01-28T02:18:53.848+0000] {standard_task_runner.py:104} INFO - Running: ['***', 'tasks', 'run', 'etl_reporte_como_vamos', 'execute_bot_como_vamos', 'manual__2025-01-28T02:18:50.682138+00:00', '--job-id', '33', '--raw', '--subdir', 'DAGS_FOLDER/etl_como_vamos_dag.py', '--cfg-path', '/tmp/tmpvy9dkpqi']
[2025-01-28T02:18:53.853+0000] {standard_task_runner.py:105} INFO - Job 33: Subtask execute_bot_como_vamos
[2025-01-28T02:18:53.858+0000] {logging_mixin.py:190} WARNING - /home/***/.local/lib/python3.12/site-packages/***/task/task_runner/standard_task_runner.py:70 DeprecationWarning: This process (pid=296) is multi-threaded, use of fork() may lead to deadlocks in the child.
[2025-01-28T02:18:53.861+0000] {standard_task_runner.py:72} INFO - Started process 297 to run task
[2025-01-28T02:18:53.987+0000] {task_command.py:467} INFO - Running <TaskInstance: etl_reporte_como_vamos.execute_bot_como_vamos manual__2025-01-28T02:18:50.682138+00:00 [running]> on host f224e78ab39c
[2025-01-28T02:18:56.369+0000] {taskinstance.py:3132} INFO - Exporting env vars: AIRFLOW_CTX_DAG_OWNER='***' AIRFLOW_CTX_DAG_ID='etl_reporte_como_vamos' AIRFLOW_CTX_TASK_ID='execute_bot_como_vamos' AIRFLOW_CTX_EXECUTION_DATE='2025-01-28T02:18:50.682138+00:00' AIRFLOW_CTX_TRY_NUMBER='1' AIRFLOW_CTX_DAG_RUN_ID='manual__2025-01-28T02:18:50.682138+00:00'
[2025-01-28T02:18:56.372+0000] {taskinstance.py:731} INFO - ::endgroup::
[2025-01-28T02:19:34.417+0000] {logging_mixin.py:190} INFO - 

Script failed:
ic| start_date: '01/01/2025', end_date: '28/01/2025'
{"asctime": "2025-01-28 02:19:06,887", "name": "bot_como_vamos", "levelname": "INFO", "message": "Starting script bot_como_vamos.py"}
Traceback (most recent call last):
  File "/opt/***/scripts/bot_reporte_como_vamos.py", line 135, in <module>
    main()
  File "/opt/***/scripts/bot_reporte_como_vamos.py", line 64, in main
    username_field = wait.until(EC.presence_of_element_located((By.ID, "usuario")))
                     ^^^^^^^^^^^^^^^^^^^^^^^^^^^^^^^^^^^^^^^^^^^^^^^^^^^^^^^^^^^^^^
  File "/home/***/.local/lib/python3.12/site-packages/selenium/webdriver/support/wait.py", line 146, in until
    raise TimeoutException(message, screen, stacktrace)
selenium.common.exceptions.TimeoutException: Message: 
Stacktrace:
#0 0x56241b14ddca <unknown>
#1 0x56241ac443f0 <unknown>
#2 0x56241ac9410c <unknown>
#3 0x56241ac94331 <unknown>
#4 0x56241acda154 <unknown>
#5 0x56241acb8abd <unknown>
#6 0x56241acd74b3 <unknown>
#7 0x56241acb8833 <unknown>
#8 0x56241ac855a0 <unknown>
#9 0x56241ac86ece <unknown>
#10 0x56241b117bdb <unknown>
#11 0x56241b11bb67 <unknown>
#12 0x56241b1033bc <unknown>
#13 0x56241b11c727 <unknown>
#14 0x56241b0e774f <unknown>
#15 0x56241b13c938 <unknown>
#16 0x56241b13cb00 <unknown>
#17 0x56241b14cc46 <unknown>
#18 0x7fdf1849ca94 <unknown>
#19 0x7fdf18529c3c <unknown>
[2025-01-28T02:19:34.419+0000] {taskinstance.py:3311} ERROR - Task failed with exception
Traceback (most recent call last):
  File "/home/airflow/.local/lib/python3.12/site-packages/airflow/models/taskinstance.py", line 767, in _execute_task
    result = _execute_callable(context=context, **execute_callable_kwargs)
             ^^^^^^^^^^^^^^^^^^^^^^^^^^^^^^^^^^^^^^^^^^^^^^^^^^^^^^^^^^^^^
  File "/home/airflow/.local/lib/python3.12/site-packages/airflow/models/taskinstance.py", line 733, in _execute_callable
    return ExecutionCallableRunner(
           ^^^^^^^^^^^^^^^^^^^^^^^^
  File "/home/airflow/.local/lib/python3.12/site-packages/airflow/utils/operator_helpers.py", line 252, in run
    return self.func(*args, **kwargs)
           ^^^^^^^^^^^^^^^^^^^^^^^^^^
  File "/home/airflow/.local/lib/python3.12/site-packages/airflow/models/baseoperator.py", line 422, in wrapper
    return func(self, *args, **kwargs)
           ^^^^^^^^^^^^^^^^^^^^^^^^^^^
  File "/home/airflow/.local/lib/python3.12/site-packages/airflow/operators/python.py", line 238, in execute
    return_value = self.execute_callable()
                   ^^^^^^^^^^^^^^^^^^^^^^^
  File "/home/airflow/.local/lib/python3.12/site-packages/airflow/operators/python.py", line 256, in execute_callable
    return runner.run(*self.op_args, **self.op_kwargs)
           ^^^^^^^^^^^^^^^^^^^^^^^^^^^^^^^^^^^^^^^^^^^
  File "/home/airflow/.local/lib/python3.12/site-packages/airflow/utils/operator_helpers.py", line 252, in run
    return self.func(*args, **kwargs)
           ^^^^^^^^^^^^^^^^^^^^^^^^^^
  File "/opt/airflow/dags/etl_como_vamos_dag.py", line 14, in run_bot_como_vamos
    result = subprocess.run(
             ^^^^^^^^^^^^^^^
  File "/usr/local/lib/python3.12/subprocess.py", line 571, in run
    raise CalledProcessError(retcode, process.args,
subprocess.CalledProcessError: Command '['python', '/opt/airflow/scripts/bot_reporte_como_vamos.py']' returned non-zero exit status 1.
[2025-01-28T02:19:34.467+0000] {taskinstance.py:1225} INFO - Marking task as UP_FOR_RETRY. dag_id=etl_reporte_como_vamos, task_id=execute_bot_como_vamos, run_id=manual__2025-01-28T02:18:50.682138+00:00, execution_date=20250128T021850, start_date=20250128T021853, end_date=20250128T021934
[2025-01-28T02:19:34.490+0000] {taskinstance.py:340} INFO - ::group::Post task execution logs
[2025-01-28T02:19:34.491+0000] {standard_task_runner.py:124} ERROR - Failed to execute job 33 for task execute_bot_como_vamos (Command '['python', '/opt/airflow/scripts/bot_reporte_como_vamos.py']' returned non-zero exit status 1.; 297)
Traceback (most recent call last):
  File "/home/airflow/.local/lib/python3.12/site-packages/airflow/task/task_runner/standard_task_runner.py", line 117, in _start_by_fork
    ret = args.func(args, dag=self.dag)
          ^^^^^^^^^^^^^^^^^^^^^^^^^^^^^
  File "/home/airflow/.local/lib/python3.12/site-packages/airflow/cli/cli_config.py", line 49, in command
    return func(*args, **kwargs)
           ^^^^^^^^^^^^^^^^^^^^^
  File "/home/airflow/.local/lib/python3.12/site-packages/airflow/utils/cli.py", line 116, in wrapper
    return f(*args, **kwargs)
           ^^^^^^^^^^^^^^^^^^
  File "/home/airflow/.local/lib/python3.12/site-packages/airflow/cli/commands/task_command.py", line 483, in task_run
    task_return_code = _run_task_by_selected_method(args, _dag, ti)
                       ^^^^^^^^^^^^^^^^^^^^^^^^^^^^^^^^^^^^^^^^^^^^
  File "/home/airflow/.local/lib/python3.12/site-packages/airflow/cli/commands/task_command.py", line 256, in _run_task_by_selected_method
    return _run_raw_task(args, ti)
           ^^^^^^^^^^^^^^^^^^^^^^^
  File "/home/airflow/.local/lib/python3.12/site-packages/airflow/cli/commands/task_command.py", line 341, in _run_raw_task
    return ti._run_raw_task(
           ^^^^^^^^^^^^^^^^^
  File "/home/airflow/.local/lib/python3.12/site-packages/airflow/utils/session.py", line 97, in wrapper
    return func(*args, session=session, **kwargs)
           ^^^^^^^^^^^^^^^^^^^^^^^^^^^^^^^^^^^^^^
  File "/home/airflow/.local/lib/python3.12/site-packages/airflow/models/taskinstance.py", line 3005, in _run_raw_task
    return _run_raw_task(
           ^^^^^^^^^^^^^^
  File "/home/airflow/.local/lib/python3.12/site-packages/airflow/models/taskinstance.py", line 273, in _run_raw_task
    TaskInstance._execute_task_with_callbacks(
  File "/home/airflow/.local/lib/python3.12/site-packages/airflow/models/taskinstance.py", line 3159, in _execute_task_with_callbacks
    result = self._execute_task(context, task_orig)
             ^^^^^^^^^^^^^^^^^^^^^^^^^^^^^^^^^^^^^^
  File "/home/airflow/.local/lib/python3.12/site-packages/airflow/models/taskinstance.py", line 3183, in _execute_task
    return _execute_task(self, context, task_orig)
           ^^^^^^^^^^^^^^^^^^^^^^^^^^^^^^^^^^^^^^^
  File "/home/airflow/.local/lib/python3.12/site-packages/airflow/models/taskinstance.py", line 767, in _execute_task
    result = _execute_callable(context=context, **execute_callable_kwargs)
             ^^^^^^^^^^^^^^^^^^^^^^^^^^^^^^^^^^^^^^^^^^^^^^^^^^^^^^^^^^^^^
  File "/home/airflow/.local/lib/python3.12/site-packages/airflow/models/taskinstance.py", line 733, in _execute_callable
    return ExecutionCallableRunner(
           ^^^^^^^^^^^^^^^^^^^^^^^^
  File "/home/airflow/.local/lib/python3.12/site-packages/airflow/utils/operator_helpers.py", line 252, in run
    return self.func(*args, **kwargs)
           ^^^^^^^^^^^^^^^^^^^^^^^^^^
  File "/home/airflow/.local/lib/python3.12/site-packages/airflow/models/baseoperator.py", line 422, in wrapper
    return func(self, *args, **kwargs)
           ^^^^^^^^^^^^^^^^^^^^^^^^^^^
  File "/home/airflow/.local/lib/python3.12/site-packages/airflow/operators/python.py", line 238, in execute
    return_value = self.execute_callable()
                   ^^^^^^^^^^^^^^^^^^^^^^^
  File "/home/airflow/.local/lib/python3.12/site-packages/airflow/operators/python.py", line 256, in execute_callable
    return runner.run(*self.op_args, **self.op_kwargs)
           ^^^^^^^^^^^^^^^^^^^^^^^^^^^^^^^^^^^^^^^^^^^
  File "/home/airflow/.local/lib/python3.12/site-packages/airflow/utils/operator_helpers.py", line 252, in run
    return self.func(*args, **kwargs)
           ^^^^^^^^^^^^^^^^^^^^^^^^^^
  File "/opt/airflow/dags/etl_como_vamos_dag.py", line 14, in run_bot_como_vamos
    result = subprocess.run(
             ^^^^^^^^^^^^^^^
  File "/usr/local/lib/python3.12/subprocess.py", line 571, in run
    raise CalledProcessError(retcode, process.args,
subprocess.CalledProcessError: Command '['python', '/opt/airflow/scripts/bot_reporte_como_vamos.py']' returned non-zero exit status 1.
[2025-01-28T02:19:34.536+0000] {local_task_job_runner.py:266} INFO - Task exited with return code 1
[2025-01-28T02:19:34.571+0000] {taskinstance.py:3895} INFO - 0 downstream tasks scheduled from follow-on schedule check
[2025-01-28T02:19:34.574+0000] {local_task_job_runner.py:245} INFO - ::endgroup::
