[2025-01-30T03:31:55.851+0000] {local_task_job_runner.py:123} INFO - ::group::Pre task execution logs
[2025-01-30T03:31:55.909+0000] {taskinstance.py:2613} INFO - Dependencies all met for dep_context=non-requeueable deps ti=<TaskInstance: etl_reporte_como_vamos.task_bot_como_vamos manual__2025-01-30T03:31:53.096376+00:00 [queued]>
[2025-01-30T03:31:55.933+0000] {taskinstance.py:2613} INFO - Dependencies all met for dep_context=requeueable deps ti=<TaskInstance: etl_reporte_como_vamos.task_bot_como_vamos manual__2025-01-30T03:31:53.096376+00:00 [queued]>
[2025-01-30T03:31:55.935+0000] {taskinstance.py:2866} INFO - Starting attempt 1 of 1
[2025-01-30T03:31:55.969+0000] {taskinstance.py:2889} INFO - Executing <Task(BashOperator): task_bot_como_vamos> on 2025-01-30 03:31:53.096376+00:00
[2025-01-30T03:31:55.981+0000] {warnings.py:112} WARNING - /home/***/.local/lib/python3.12/site-packages/***/task/task_runner/standard_task_runner.py:70: DeprecationWarning: This process (pid=2426) is multi-threaded, use of fork() may lead to deadlocks in the child.
  pid = os.fork()

[2025-01-30T03:31:55.985+0000] {standard_task_runner.py:72} INFO - Started process 2427 to run task
[2025-01-30T03:31:55.986+0000] {standard_task_runner.py:104} INFO - Running: ['***', 'tasks', 'run', 'etl_reporte_como_vamos', 'task_bot_como_vamos', 'manual__2025-01-30T03:31:53.096376+00:00', '--job-id', '25', '--raw', '--subdir', 'DAGS_FOLDER/etl_como_vamos_dag.py', '--cfg-path', '/tmp/tmpp1w_sgdl']
[2025-01-30T03:31:55.989+0000] {standard_task_runner.py:105} INFO - Job 25: Subtask task_bot_como_vamos
[2025-01-30T03:31:56.400+0000] {task_command.py:467} INFO - Running <TaskInstance: etl_reporte_como_vamos.task_bot_como_vamos manual__2025-01-30T03:31:53.096376+00:00 [running]> on host 438c87da0b60
[2025-01-30T03:31:56.792+0000] {taskinstance.py:3132} INFO - Exporting env vars: AIRFLOW_CTX_DAG_OWNER='***' AIRFLOW_CTX_DAG_ID='etl_reporte_como_vamos' AIRFLOW_CTX_TASK_ID='task_bot_como_vamos' AIRFLOW_CTX_EXECUTION_DATE='2025-01-30T03:31:53.096376+00:00' AIRFLOW_CTX_TRY_NUMBER='1' AIRFLOW_CTX_DAG_RUN_ID='manual__2025-01-30T03:31:53.096376+00:00'
[2025-01-30T03:31:56.795+0000] {taskinstance.py:731} INFO - ::endgroup::
[2025-01-30T03:31:56.855+0000] {subprocess.py:78} INFO - Tmp dir root location: /tmp
[2025-01-30T03:31:56.859+0000] {subprocess.py:88} INFO - Running command: ['/usr/bin/bash', '-c', 'python /opt/***/scripts/bot_reporte_como_vamos.py']
[2025-01-30T03:31:56.895+0000] {subprocess.py:99} INFO - Output:
[2025-01-30T03:32:01.674+0000] {subprocess.py:106} INFO - ic| start_date: '01/01/2025', end_date: '30/01/2025'
[2025-01-30T03:32:01.676+0000] {subprocess.py:106} INFO - 2025-01-30 03:32:01,674 - bot_como_vamos - INFO - Starting script bot_como_vamos.py
[2025-01-30T03:32:01.784+0000] {subprocess.py:106} INFO - 2025-01-30 03:32:01,784 - bot_como_vamos - INFO - Conexión al Selenium Hub establecida correctamente
[2025-01-30T03:32:35.666+0000] {subprocess.py:106} INFO - ic| login_success: <selenium.webdriver.remote.webelement.WebElement (session="f2c74211b1ead9caef5b86e818f0b5a4", element="f.AABD56F783482DE905D8E792ED56CF44.d.276EF79F895B09B33B352DA82C9B5D37.e.76")>
[2025-01-30T03:32:35.667+0000] {subprocess.py:106} INFO - 2025-01-30 03:32:35,666 - bot_como_vamos - INFO - Loging success
[2025-01-30T03:32:45.766+0000] {subprocess.py:106} INFO - 2025-01-30 03:32:45,766 - bot_como_vamos - INFO - Click in menu button successfully
[2025-01-30T03:32:56.306+0000] {subprocess.py:106} INFO - 2025-01-30 03:32:56,305 - bot_como_vamos - INFO - Input dates successfully
[2025-01-30T03:33:06.563+0000] {subprocess.py:106} INFO - 2025-01-30 03:33:06,563 - bot_como_vamos - INFO - Click in 'Empresas Y Negocios' successfully
[2025-01-30T03:33:16.631+0000] {subprocess.py:106} INFO - 2025-01-30 03:33:16,631 - bot_como_vamos - ERROR - Execution error bot_reporte_como_vamos.py:
[2025-01-30T03:33:16.632+0000] {subprocess.py:106} INFO -  Error type: ElementNotInteractableException
[2025-01-30T03:33:16.633+0000] {subprocess.py:106} INFO - Error message: Message: element not interactable
[2025-01-30T03:33:16.634+0000] {subprocess.py:106} INFO -   (Session info: chrome=132.0.6834.110)
[2025-01-30T03:33:16.635+0000] {subprocess.py:106} INFO - Stacktrace:
[2025-01-30T03:33:16.636+0000] {subprocess.py:106} INFO - #0 0x5619d1a4edca <unknown>
[2025-01-30T03:33:16.636+0000] {subprocess.py:106} INFO - #1 0x5619d154524d <unknown>
[2025-01-30T03:33:16.637+0000] {subprocess.py:106} INFO - #2 0x5619d15962d9 <unknown>
[2025-01-30T03:33:16.637+0000] {subprocess.py:106} INFO - #3 0x5619d15892bd <unknown>
[2025-01-30T03:33:16.638+0000] {subprocess.py:106} INFO - #4 0x5619d15b9a92 <unknown>
[2025-01-30T03:33:16.639+0000] {subprocess.py:106} INFO - #5 0x5619d1588c48 <unknown>
[2025-01-30T03:33:16.639+0000] {subprocess.py:106} INFO - #6 0x5619d15b9c5e <unknown>
[2025-01-30T03:33:16.640+0000] {subprocess.py:106} INFO - #7 0x5619d15d84b3 <unknown>
[2025-01-30T03:33:16.640+0000] {subprocess.py:106} INFO - #8 0x5619d15b9833 <unknown>
[2025-01-30T03:33:16.641+0000] {subprocess.py:106} INFO - #9 0x5619d15865a0 <unknown>
[2025-01-30T03:33:16.642+0000] {subprocess.py:106} INFO - #10 0x5619d1587ece <unknown>
[2025-01-30T03:33:16.643+0000] {subprocess.py:106} INFO - #11 0x5619d1a18bdb <unknown>
[2025-01-30T03:33:16.644+0000] {subprocess.py:106} INFO - #12 0x5619d1a1cb67 <unknown>
[2025-01-30T03:33:16.645+0000] {subprocess.py:106} INFO - #13 0x5619d1a043bc <unknown>
[2025-01-30T03:33:16.645+0000] {subprocess.py:106} INFO - #14 0x5619d1a1d727 <unknown>
[2025-01-30T03:33:16.646+0000] {subprocess.py:106} INFO - #15 0x5619d19e874f <unknown>
[2025-01-30T03:33:16.646+0000] {subprocess.py:106} INFO - #16 0x5619d1a3d938 <unknown>
[2025-01-30T03:33:16.647+0000] {subprocess.py:106} INFO - #17 0x5619d1a3db00 <unknown>
[2025-01-30T03:33:16.647+0000] {subprocess.py:106} INFO - #18 0x5619d1a4dc46 <unknown>
[2025-01-30T03:33:16.648+0000] {subprocess.py:106} INFO - #19 0x7f4e5f9b5a94 <unknown>
[2025-01-30T03:33:16.648+0000] {subprocess.py:106} INFO - #20 0x7f4e5fa42c3c <unknown>
[2025-01-30T03:33:16.649+0000] {subprocess.py:106} INFO - 
[2025-01-30T03:33:16.650+0000] {subprocess.py:106} INFO - Full Traceback: Traceback (most recent call last):
[2025-01-30T03:33:16.650+0000] {subprocess.py:106} INFO -   File "/opt/***/scripts/bot_reporte_como_vamos.py", line 137, in main
[2025-01-30T03:33:16.651+0000] {subprocess.py:106} INFO -     reporte_como_vamos.click()
[2025-01-30T03:33:16.652+0000] {subprocess.py:106} INFO -   File "/home/***/.local/lib/python3.12/site-packages/selenium/webdriver/remote/webelement.py", line 119, in click
[2025-01-30T03:33:16.653+0000] {subprocess.py:106} INFO -     self._execute(Command.CLICK_ELEMENT)
[2025-01-30T03:33:16.653+0000] {subprocess.py:106} INFO -   File "/home/***/.local/lib/python3.12/site-packages/selenium/webdriver/remote/webelement.py", line 570, in _execute
[2025-01-30T03:33:16.654+0000] {subprocess.py:106} INFO -     return self._parent.execute(command, params)
[2025-01-30T03:33:16.654+0000] {subprocess.py:106} INFO -            ^^^^^^^^^^^^^^^^^^^^^^^^^^^^^^^^^^^^^
[2025-01-30T03:33:16.655+0000] {subprocess.py:106} INFO -   File "/home/***/.local/lib/python3.12/site-packages/selenium/webdriver/remote/webdriver.py", line 429, in execute
[2025-01-30T03:33:16.656+0000] {subprocess.py:106} INFO -     self.error_handler.check_response(response)
[2025-01-30T03:33:16.656+0000] {subprocess.py:106} INFO -   File "/home/***/.local/lib/python3.12/site-packages/selenium/webdriver/remote/errorhandler.py", line 232, in check_response
[2025-01-30T03:33:16.657+0000] {subprocess.py:106} INFO -     raise exception_class(message, screen, stacktrace)
[2025-01-30T03:33:16.658+0000] {subprocess.py:106} INFO - selenium.common.exceptions.ElementNotInteractableException: Message: element not interactable
[2025-01-30T03:33:16.659+0000] {subprocess.py:106} INFO -   (Session info: chrome=132.0.6834.110)
[2025-01-30T03:33:16.660+0000] {subprocess.py:106} INFO - Stacktrace:
[2025-01-30T03:33:16.661+0000] {subprocess.py:106} INFO - #0 0x5619d1a4edca <unknown>
[2025-01-30T03:33:16.661+0000] {subprocess.py:106} INFO - #1 0x5619d154524d <unknown>
[2025-01-30T03:33:16.662+0000] {subprocess.py:106} INFO - #2 0x5619d15962d9 <unknown>
[2025-01-30T03:33:16.663+0000] {subprocess.py:106} INFO - #3 0x5619d15892bd <unknown>
[2025-01-30T03:33:16.664+0000] {subprocess.py:106} INFO - #4 0x5619d15b9a92 <unknown>
[2025-01-30T03:33:16.665+0000] {subprocess.py:106} INFO - #5 0x5619d1588c48 <unknown>
[2025-01-30T03:33:16.667+0000] {subprocess.py:106} INFO - #6 0x5619d15b9c5e <unknown>
[2025-01-30T03:33:16.667+0000] {subprocess.py:106} INFO - #7 0x5619d15d84b3 <unknown>
[2025-01-30T03:33:16.668+0000] {subprocess.py:106} INFO - #8 0x5619d15b9833 <unknown>
[2025-01-30T03:33:16.669+0000] {subprocess.py:106} INFO - #9 0x5619d15865a0 <unknown>
[2025-01-30T03:33:16.670+0000] {subprocess.py:106} INFO - #10 0x5619d1587ece <unknown>
[2025-01-30T03:33:16.670+0000] {subprocess.py:106} INFO - #11 0x5619d1a18bdb <unknown>
[2025-01-30T03:33:16.671+0000] {subprocess.py:106} INFO - #12 0x5619d1a1cb67 <unknown>
[2025-01-30T03:33:16.672+0000] {subprocess.py:106} INFO - #13 0x5619d1a043bc <unknown>
[2025-01-30T03:33:16.673+0000] {subprocess.py:106} INFO - #14 0x5619d1a1d727 <unknown>
[2025-01-30T03:33:16.674+0000] {subprocess.py:106} INFO - #15 0x5619d19e874f <unknown>
[2025-01-30T03:33:16.675+0000] {subprocess.py:106} INFO - #16 0x5619d1a3d938 <unknown>
[2025-01-30T03:33:16.676+0000] {subprocess.py:106} INFO - #17 0x5619d1a3db00 <unknown>
[2025-01-30T03:33:16.676+0000] {subprocess.py:106} INFO - #18 0x5619d1a4dc46 <unknown>
[2025-01-30T03:33:16.677+0000] {subprocess.py:106} INFO - #19 0x7f4e5f9b5a94 <unknown>
[2025-01-30T03:33:16.678+0000] {subprocess.py:106} INFO - #20 0x7f4e5fa42c3c <unknown>
[2025-01-30T03:33:16.679+0000] {subprocess.py:106} INFO - 
[2025-01-30T03:33:16.679+0000] {subprocess.py:106} INFO - 
[2025-01-30T03:33:16.680+0000] {subprocess.py:106} INFO - Traceback (most recent call last):
[2025-01-30T03:33:16.681+0000] {subprocess.py:106} INFO -   File "/opt/***/scripts/bot_reporte_como_vamos.py", line 173, in <module>
[2025-01-30T03:33:16.682+0000] {subprocess.py:106} INFO -     main()
[2025-01-30T03:33:16.683+0000] {subprocess.py:106} INFO -   File "/opt/***/scripts/bot_reporte_como_vamos.py", line 137, in main
[2025-01-30T03:33:16.684+0000] {subprocess.py:106} INFO -     reporte_como_vamos.click()
[2025-01-30T03:33:16.685+0000] {subprocess.py:106} INFO -   File "/home/***/.local/lib/python3.12/site-packages/selenium/webdriver/remote/webelement.py", line 119, in click
[2025-01-30T03:33:16.686+0000] {subprocess.py:106} INFO -     self._execute(Command.CLICK_ELEMENT)
[2025-01-30T03:33:16.687+0000] {subprocess.py:106} INFO -   File "/home/***/.local/lib/python3.12/site-packages/selenium/webdriver/remote/webelement.py", line 570, in _execute
[2025-01-30T03:33:16.688+0000] {subprocess.py:106} INFO -     return self._parent.execute(command, params)
[2025-01-30T03:33:16.689+0000] {subprocess.py:106} INFO -            ^^^^^^^^^^^^^^^^^^^^^^^^^^^^^^^^^^^^^
[2025-01-30T03:33:16.690+0000] {subprocess.py:106} INFO -   File "/home/***/.local/lib/python3.12/site-packages/selenium/webdriver/remote/webdriver.py", line 429, in execute
[2025-01-30T03:33:16.691+0000] {subprocess.py:106} INFO -     self.error_handler.check_response(response)
[2025-01-30T03:33:16.691+0000] {subprocess.py:106} INFO -   File "/home/***/.local/lib/python3.12/site-packages/selenium/webdriver/remote/errorhandler.py", line 232, in check_response
[2025-01-30T03:33:16.693+0000] {subprocess.py:106} INFO -     raise exception_class(message, screen, stacktrace)
[2025-01-30T03:33:16.693+0000] {subprocess.py:106} INFO - selenium.common.exceptions.ElementNotInteractableException: Message: element not interactable
[2025-01-30T03:33:16.695+0000] {subprocess.py:106} INFO -   (Session info: chrome=132.0.6834.110)
[2025-01-30T03:33:16.695+0000] {subprocess.py:106} INFO - Stacktrace:
[2025-01-30T03:33:16.696+0000] {subprocess.py:106} INFO - #0 0x5619d1a4edca <unknown>
[2025-01-30T03:33:16.698+0000] {subprocess.py:106} INFO - #1 0x5619d154524d <unknown>
[2025-01-30T03:33:16.699+0000] {subprocess.py:106} INFO - #2 0x5619d15962d9 <unknown>
[2025-01-30T03:33:16.700+0000] {subprocess.py:106} INFO - #3 0x5619d15892bd <unknown>
[2025-01-30T03:33:16.700+0000] {subprocess.py:106} INFO - #4 0x5619d15b9a92 <unknown>
[2025-01-30T03:33:16.701+0000] {subprocess.py:106} INFO - #5 0x5619d1588c48 <unknown>
[2025-01-30T03:33:16.702+0000] {subprocess.py:106} INFO - #6 0x5619d15b9c5e <unknown>
[2025-01-30T03:33:16.703+0000] {subprocess.py:106} INFO - #7 0x5619d15d84b3 <unknown>
[2025-01-30T03:33:16.703+0000] {subprocess.py:106} INFO - #8 0x5619d15b9833 <unknown>
[2025-01-30T03:33:16.704+0000] {subprocess.py:106} INFO - #9 0x5619d15865a0 <unknown>
[2025-01-30T03:33:16.705+0000] {subprocess.py:106} INFO - #10 0x5619d1587ece <unknown>
[2025-01-30T03:33:16.706+0000] {subprocess.py:106} INFO - #11 0x5619d1a18bdb <unknown>
[2025-01-30T03:33:16.707+0000] {subprocess.py:106} INFO - #12 0x5619d1a1cb67 <unknown>
[2025-01-30T03:33:16.708+0000] {subprocess.py:106} INFO - #13 0x5619d1a043bc <unknown>
[2025-01-30T03:33:16.709+0000] {subprocess.py:106} INFO - #14 0x5619d1a1d727 <unknown>
[2025-01-30T03:33:16.709+0000] {subprocess.py:106} INFO - #15 0x5619d19e874f <unknown>
[2025-01-30T03:33:16.710+0000] {subprocess.py:106} INFO - #16 0x5619d1a3d938 <unknown>
[2025-01-30T03:33:16.711+0000] {subprocess.py:106} INFO - #17 0x5619d1a3db00 <unknown>
[2025-01-30T03:33:16.712+0000] {subprocess.py:106} INFO - #18 0x5619d1a4dc46 <unknown>
[2025-01-30T03:33:16.713+0000] {subprocess.py:106} INFO - #19 0x7f4e5f9b5a94 <unknown>
[2025-01-30T03:33:16.714+0000] {subprocess.py:106} INFO - #20 0x7f4e5fa42c3c <unknown>
[2025-01-30T03:33:16.715+0000] {subprocess.py:106} INFO - 
[2025-01-30T03:33:16.812+0000] {subprocess.py:110} INFO - Command exited with return code 1
[2025-01-30T03:33:16.829+0000] {taskinstance.py:3311} ERROR - Task failed with exception
Traceback (most recent call last):
  File "/home/airflow/.local/lib/python3.12/site-packages/airflow/models/taskinstance.py", line 767, in _execute_task
    result = _execute_callable(context=context, **execute_callable_kwargs)
             ^^^^^^^^^^^^^^^^^^^^^^^^^^^^^^^^^^^^^^^^^^^^^^^^^^^^^^^^^^^^^
  File "/home/airflow/.local/lib/python3.12/site-packages/airflow/models/taskinstance.py", line 733, in _execute_callable
    return ExecutionCallableRunner(
           ^^^^^^^^^^^^^^^^^^^^^^^^
  File "/home/airflow/.local/lib/python3.12/site-packages/airflow/utils/operator_helpers.py", line 252, in run
    return self.func(*args, **kwargs)
           ^^^^^^^^^^^^^^^^^^^^^^^^^^
  File "/home/airflow/.local/lib/python3.12/site-packages/airflow/models/baseoperator.py", line 422, in wrapper
    return func(self, *args, **kwargs)
           ^^^^^^^^^^^^^^^^^^^^^^^^^^^
  File "/home/airflow/.local/lib/python3.12/site-packages/airflow/operators/bash.py", line 276, in execute
    raise AirflowException(
airflow.exceptions.AirflowException: Bash command failed. The command returned a non-zero exit code 1.
[2025-01-30T03:33:16.836+0000] {taskinstance.py:1225} INFO - Marking task as FAILED. dag_id=etl_reporte_como_vamos, task_id=task_bot_como_vamos, run_id=manual__2025-01-30T03:31:53.096376+00:00, execution_date=20250130T033153, start_date=20250130T033155, end_date=20250130T033316
[2025-01-30T03:33:16.857+0000] {taskinstance.py:340} INFO - ::group::Post task execution logs
[2025-01-30T03:33:16.859+0000] {standard_task_runner.py:124} ERROR - Failed to execute job 25 for task task_bot_como_vamos (Bash command failed. The command returned a non-zero exit code 1.; 2427)
Traceback (most recent call last):
  File "/home/airflow/.local/lib/python3.12/site-packages/airflow/task/task_runner/standard_task_runner.py", line 117, in _start_by_fork
    ret = args.func(args, dag=self.dag)
          ^^^^^^^^^^^^^^^^^^^^^^^^^^^^^
  File "/home/airflow/.local/lib/python3.12/site-packages/airflow/cli/cli_config.py", line 49, in command
    return func(*args, **kwargs)
           ^^^^^^^^^^^^^^^^^^^^^
  File "/home/airflow/.local/lib/python3.12/site-packages/airflow/utils/cli.py", line 116, in wrapper
    return f(*args, **kwargs)
           ^^^^^^^^^^^^^^^^^^
  File "/home/airflow/.local/lib/python3.12/site-packages/airflow/cli/commands/task_command.py", line 483, in task_run
    task_return_code = _run_task_by_selected_method(args, _dag, ti)
                       ^^^^^^^^^^^^^^^^^^^^^^^^^^^^^^^^^^^^^^^^^^^^
  File "/home/airflow/.local/lib/python3.12/site-packages/airflow/cli/commands/task_command.py", line 256, in _run_task_by_selected_method
    return _run_raw_task(args, ti)
           ^^^^^^^^^^^^^^^^^^^^^^^
  File "/home/airflow/.local/lib/python3.12/site-packages/airflow/cli/commands/task_command.py", line 341, in _run_raw_task
    return ti._run_raw_task(
           ^^^^^^^^^^^^^^^^^
  File "/home/airflow/.local/lib/python3.12/site-packages/airflow/utils/session.py", line 97, in wrapper
    return func(*args, session=session, **kwargs)
           ^^^^^^^^^^^^^^^^^^^^^^^^^^^^^^^^^^^^^^
  File "/home/airflow/.local/lib/python3.12/site-packages/airflow/models/taskinstance.py", line 3005, in _run_raw_task
    return _run_raw_task(
           ^^^^^^^^^^^^^^
  File "/home/airflow/.local/lib/python3.12/site-packages/airflow/models/taskinstance.py", line 273, in _run_raw_task
    TaskInstance._execute_task_with_callbacks(
  File "/home/airflow/.local/lib/python3.12/site-packages/airflow/models/taskinstance.py", line 3159, in _execute_task_with_callbacks
    result = self._execute_task(context, task_orig)
             ^^^^^^^^^^^^^^^^^^^^^^^^^^^^^^^^^^^^^^
  File "/home/airflow/.local/lib/python3.12/site-packages/airflow/models/taskinstance.py", line 3183, in _execute_task
    return _execute_task(self, context, task_orig)
           ^^^^^^^^^^^^^^^^^^^^^^^^^^^^^^^^^^^^^^^
  File "/home/airflow/.local/lib/python3.12/site-packages/airflow/models/taskinstance.py", line 767, in _execute_task
    result = _execute_callable(context=context, **execute_callable_kwargs)
             ^^^^^^^^^^^^^^^^^^^^^^^^^^^^^^^^^^^^^^^^^^^^^^^^^^^^^^^^^^^^^
  File "/home/airflow/.local/lib/python3.12/site-packages/airflow/models/taskinstance.py", line 733, in _execute_callable
    return ExecutionCallableRunner(
           ^^^^^^^^^^^^^^^^^^^^^^^^
  File "/home/airflow/.local/lib/python3.12/site-packages/airflow/utils/operator_helpers.py", line 252, in run
    return self.func(*args, **kwargs)
           ^^^^^^^^^^^^^^^^^^^^^^^^^^
  File "/home/airflow/.local/lib/python3.12/site-packages/airflow/models/baseoperator.py", line 422, in wrapper
    return func(self, *args, **kwargs)
           ^^^^^^^^^^^^^^^^^^^^^^^^^^^
  File "/home/airflow/.local/lib/python3.12/site-packages/airflow/operators/bash.py", line 276, in execute
    raise AirflowException(
airflow.exceptions.AirflowException: Bash command failed. The command returned a non-zero exit code 1.
[2025-01-30T03:33:16.909+0000] {local_task_job_runner.py:266} INFO - Task exited with return code 1
[2025-01-30T03:33:16.922+0000] {local_task_job_runner.py:245} INFO - ::endgroup::
