[2025-02-01T04:16:44.450+0000] {local_task_job_runner.py:123} INFO - ::group::Pre task execution logs
[2025-02-01T04:16:44.529+0000] {taskinstance.py:2613} INFO - Dependencies all met for dep_context=non-requeueable deps ti=<TaskInstance: etl_reporte_como_vamos.etl_ex_bbva manual__2025-02-01T04:05:12.461876+00:00 [queued]>
[2025-02-01T04:16:44.559+0000] {taskinstance.py:2613} INFO - Dependencies all met for dep_context=requeueable deps ti=<TaskInstance: etl_reporte_como_vamos.etl_ex_bbva manual__2025-02-01T04:05:12.461876+00:00 [queued]>
[2025-02-01T04:16:44.560+0000] {taskinstance.py:2866} INFO - Starting attempt 1 of 1
[2025-02-01T04:16:44.600+0000] {taskinstance.py:2889} INFO - Executing <Task(BashOperator): etl_ex_bbva> on 2025-02-01 04:05:12.461876+00:00
[2025-02-01T04:16:44.622+0000] {warnings.py:112} WARNING - /home/***/.local/lib/python3.12/site-packages/***/task/task_runner/standard_task_runner.py:70: DeprecationWarning: This process (pid=2441) is multi-threaded, use of fork() may lead to deadlocks in the child.
  pid = os.fork()

[2025-02-01T04:16:44.623+0000] {standard_task_runner.py:104} INFO - Running: ['***', 'tasks', 'run', 'etl_reporte_como_vamos', 'etl_ex_bbva', 'manual__2025-02-01T04:05:12.461876+00:00', '--job-id', '72', '--raw', '--subdir', 'DAGS_FOLDER/etl_como_vamos_dag.py', '--cfg-path', '/tmp/tmprf3bn6ap']
[2025-02-01T04:16:44.628+0000] {standard_task_runner.py:72} INFO - Started process 2452 to run task
[2025-02-01T04:16:44.629+0000] {standard_task_runner.py:105} INFO - Job 72: Subtask etl_ex_bbva
[2025-02-01T04:16:44.794+0000] {task_command.py:467} INFO - Running <TaskInstance: etl_reporte_como_vamos.etl_ex_bbva manual__2025-02-01T04:05:12.461876+00:00 [running]> on host 56024cb05cfe
[2025-02-01T04:16:45.089+0000] {taskinstance.py:3132} INFO - Exporting env vars: AIRFLOW_CTX_DAG_OWNER='***' AIRFLOW_CTX_DAG_ID='etl_reporte_como_vamos' AIRFLOW_CTX_TASK_ID='etl_ex_bbva' AIRFLOW_CTX_EXECUTION_DATE='2025-02-01T04:05:12.461876+00:00' AIRFLOW_CTX_TRY_NUMBER='1' AIRFLOW_CTX_DAG_RUN_ID='manual__2025-02-01T04:05:12.461876+00:00'
[2025-02-01T04:16:45.094+0000] {taskinstance.py:731} INFO - ::endgroup::
[2025-02-01T04:16:45.169+0000] {subprocess.py:78} INFO - Tmp dir root location: /tmp
[2025-02-01T04:16:45.179+0000] {subprocess.py:88} INFO - Running command: ['/usr/bin/bash', '-c', 'python /opt/***/scripts/etl_ex_bbva.py']
[2025-02-01T04:16:45.213+0000] {subprocess.py:99} INFO - Output:
[2025-02-01T04:16:50.960+0000] {subprocess.py:106} INFO - ic| params: {'database': 'calidad_etl',
[2025-02-01T04:16:50.962+0000] {subprocess.py:106} INFO -              'host': '172.29.33.204',
[2025-02-01T04:16:50.963+0000] {subprocess.py:106} INFO -              'password': 'calidad2021*',
[2025-02-01T04:16:50.963+0000] {subprocess.py:106} INFO -              'port': '3306',
[2025-02-01T04:16:50.964+0000] {subprocess.py:106} INFO -              'user': 'calidad_etl'}
[2025-02-01T04:16:51.040+0000] {subprocess.py:106} INFO - ic| params: {'database': 'calidad_etl',
[2025-02-01T04:16:51.042+0000] {subprocess.py:106} INFO -              'host': '172.29.33.204',
[2025-02-01T04:16:51.044+0000] {subprocess.py:106} INFO -              'password': 'calidad2021*',
[2025-02-01T04:16:51.046+0000] {subprocess.py:106} INFO -              'port': '3306',
[2025-02-01T04:16:51.048+0000] {subprocess.py:106} INFO -              'user': 'calidad_etl'}
[2025-02-01T04:16:51.396+0000] {subprocess.py:106} INFO - 2025-02-01 04:16:51,396 - assets - INFO - Engine para base de datos: calidad_etl creado exitosamente
[2025-02-01T04:16:51.419+0000] {subprocess.py:106} INFO - ic| fecha_inicio: datetime.date(2025, 2, 1)
[2025-02-01T04:16:51.421+0000] {subprocess.py:106} INFO -     fecha_fin: datetime.date(2025, 2, 1)
[2025-02-01T04:16:51.427+0000] {subprocess.py:106} INFO - ic| query: '
[2025-02-01T04:16:51.429+0000] {subprocess.py:106} INFO -             SELECT * FROM calidad_etl.sm_cerrado
[2025-02-01T04:16:51.430+0000] {subprocess.py:106} INFO -                 WHERE "INSERTAR_DT" >= %s;
[2025-02-01T04:16:51.431+0000] {subprocess.py:106} INFO -             '
[2025-02-01T04:16:52.201+0000] {subprocess.py:106} INFO - 2025-02-01 04:16:52,200 - assets - INFO - SQL query succesfully executed
[2025-02-01T04:16:52.203+0000] {subprocess.py:106} INFO - 2025-02-01 04:16:52,202 - etl_ex_bbva - INFO - Start ETL Exito Tuya BBVA
[2025-02-01T04:16:52.204+0000] {subprocess.py:106} INFO - 2025-02-01 04:16:52,204 - etl_ex_bbva - ERROR - Error reading Reporte como_vamos.xlsx: [Errno 2] No such file or directory: '/opt/***/downloads/Reporte como_vamos.xlsx'
[2025-02-01T04:16:52.206+0000] {subprocess.py:106} INFO - 2025-02-01 04:16:52,205 - etl_ex_bbva - ERROR - Execution error etl_ex_bbva.py: cannot access local variable 'df' where it is not associated with a value
[2025-02-01T04:16:52.207+0000] {subprocess.py:106} INFO - Conexión exitosa a la base de datos: calidad_etl
[2025-02-01T04:16:52.546+0000] {subprocess.py:110} INFO - Command exited with return code 0
[2025-02-01T04:16:52.598+0000] {taskinstance.py:340} INFO - ::group::Post task execution logs
[2025-02-01T04:16:52.599+0000] {taskinstance.py:352} INFO - Marking task as SUCCESS. dag_id=etl_reporte_como_vamos, task_id=etl_ex_bbva, run_id=manual__2025-02-01T04:05:12.461876+00:00, execution_date=20250201T040512, start_date=20250201T041644, end_date=20250201T041652
[2025-02-01T04:16:52.660+0000] {local_task_job_runner.py:266} INFO - Task exited with return code 0
[2025-02-01T04:16:52.711+0000] {taskinstance.py:3895} INFO - 1 downstream tasks scheduled from follow-on schedule check
[2025-02-01T04:16:52.716+0000] {local_task_job_runner.py:245} INFO - ::endgroup::
