[2025-02-02T21:40:30.803-0500] {local_task_job_runner.py:123} INFO - ::group::Pre task execution logs
[2025-02-02T21:40:30.832-0500] {taskinstance.py:2613} INFO - Dependencies all met for dep_context=non-requeueable deps ti=<TaskInstance: etl_reporte_como_vamos.task_bot_como_vamos scheduled__2025-02-02T06:40:00+00:00 [queued]>
[2025-02-02T21:40:30.843-0500] {taskinstance.py:2613} INFO - Dependencies all met for dep_context=requeueable deps ti=<TaskInstance: etl_reporte_como_vamos.task_bot_como_vamos scheduled__2025-02-02T06:40:00+00:00 [queued]>
[2025-02-02T21:40:30.845-0500] {taskinstance.py:2866} INFO - Starting attempt 1 of 4
[2025-02-02T21:40:30.864-0500] {taskinstance.py:2889} INFO - Executing <Task(BashOperator): task_bot_como_vamos> on 2025-02-02 06:40:00+00:00
[2025-02-02T21:40:30.871-0500] {warnings.py:112} WARNING - /home/***/.local/lib/python3.12/site-packages/***/task/task_runner/standard_task_runner.py:70: DeprecationWarning: This process (pid=412) is multi-threaded, use of fork() may lead to deadlocks in the child.
  pid = os.fork()

[2025-02-02T21:40:30.874-0500] {standard_task_runner.py:72} INFO - Started process 413 to run task
[2025-02-02T21:40:30.874-0500] {standard_task_runner.py:104} INFO - Running: ['***', 'tasks', 'run', 'etl_reporte_como_vamos', 'task_bot_como_vamos', 'scheduled__2025-02-02T06:40:00+00:00', '--job-id', '7', '--raw', '--subdir', 'DAGS_FOLDER/etl_como_vamos_dag.py', '--cfg-path', '/tmp/tmpwi7l3e76']
[2025-02-02T21:40:30.876-0500] {standard_task_runner.py:105} INFO - Job 7: Subtask task_bot_como_vamos
[2025-02-02T21:40:30.936-0500] {task_command.py:467} INFO - Running <TaskInstance: etl_reporte_como_vamos.task_bot_como_vamos scheduled__2025-02-02T06:40:00+00:00 [running]> on host 21f1c1b48730
[2025-02-02T21:40:31.039-0500] {taskinstance.py:3132} INFO - Exporting env vars: AIRFLOW_CTX_DAG_OWNER='***' AIRFLOW_CTX_DAG_ID='etl_reporte_como_vamos' AIRFLOW_CTX_TASK_ID='task_bot_como_vamos' AIRFLOW_CTX_EXECUTION_DATE='2025-02-02T06:40:00+00:00' AIRFLOW_CTX_TRY_NUMBER='1' AIRFLOW_CTX_DAG_RUN_ID='scheduled__2025-02-02T06:40:00+00:00'
[2025-02-02T21:40:31.040-0500] {taskinstance.py:731} INFO - ::endgroup::
[2025-02-02T21:40:31.060-0500] {subprocess.py:78} INFO - Tmp dir root location: /tmp
[2025-02-02T21:40:31.062-0500] {subprocess.py:88} INFO - Running command: ['/usr/bin/bash', '-c', 'python /opt/***/scripts/bot_reporte_como_vamos.py']
[2025-02-02T21:40:31.073-0500] {subprocess.py:99} INFO - Output:
[2025-02-02T21:40:34.092-0500] {subprocess.py:106} INFO - ic| hoy: datetime.date(2025, 2, 2)
[2025-02-02T21:40:34.093-0500] {subprocess.py:106} INFO -     fecha_inicio: datetime.date(2025, 2, 1)
[2025-02-02T21:40:34.139-0500] {subprocess.py:106} INFO - ic| start_date: '01/02/2025', end_date: '02/02/2025'
[2025-02-02T21:40:34.140-0500] {subprocess.py:106} INFO - 2025-02-02 21:40:34,139 - bot_como_vamos - INFO - Starting script bot_como_vamos.py
[2025-02-02T21:40:34.998-0500] {subprocess.py:106} INFO - 2025-02-02 21:40:34,998 - bot_como_vamos - INFO - Conexión al Selenium Hub establecida correctamente
[2025-02-02T21:41:33.558-0500] {subprocess.py:106} INFO - ic| login_success: <selenium.webdriver.remote.webelement.WebElement (session="82b6ed0bf0b387cabd5defac33ad4451", element="f.726B8F38A3CD0ECB2D3922ABA7F1960A.d.9DBE3B9F6AB2DFF1312EF71F3E1C2C45.e.76")>
[2025-02-02T21:41:33.561-0500] {subprocess.py:106} INFO - 2025-02-02 21:41:33,558 - bot_como_vamos - INFO - Loging success
[2025-02-02T21:41:43.703-0500] {subprocess.py:106} INFO - 2025-02-02 21:41:43,703 - bot_como_vamos - INFO - Click in menu button successfully
[2025-02-02T21:41:53.902-0500] {subprocess.py:106} INFO - 2025-02-02 21:41:53,902 - bot_como_vamos - INFO - Input dates successfully
[2025-02-02T21:42:04.056-0500] {subprocess.py:106} INFO - 2025-02-02 21:42:04,056 - bot_como_vamos - INFO - Click in 'Empresas Y Negocios' successfully
[2025-02-02T21:42:30.170-0500] {subprocess.py:106} INFO - 2025-02-02 21:42:30,170 - assets - INFO - Waiting for download file...............
[2025-02-02T21:42:30.185-0500] {subprocess.py:106} INFO - ic| file: '.com.google.Chrome.6WnMjC'
[2025-02-02T21:42:35.193-0500] {subprocess.py:106} INFO - ic| file: 'Reporte como_vamos.xlsx'
[2025-02-02T21:42:35.196-0500] {subprocess.py:106} INFO - 2025-02-02 21:42:35,194 - bot_como_vamos - INFO - Download Reporte como_vamos succesfully
[2025-02-02T21:42:35.725-0500] {subprocess.py:110} INFO - Command exited with return code 0
[2025-02-02T21:42:35.785-0500] {taskinstance.py:340} INFO - ::group::Post task execution logs
[2025-02-02T21:42:35.786-0500] {taskinstance.py:352} INFO - Marking task as SUCCESS. dag_id=etl_reporte_como_vamos, task_id=task_bot_como_vamos, run_id=scheduled__2025-02-02T06:40:00+00:00, execution_date=20250202T064000, start_date=20250203T024030, end_date=20250203T024235
[2025-02-02T21:42:35.826-0500] {local_task_job_runner.py:266} INFO - Task exited with return code 0
[2025-02-02T21:42:35.863-0500] {taskinstance.py:3895} INFO - 2 downstream tasks scheduled from follow-on schedule check
[2025-02-02T21:42:35.866-0500] {local_task_job_runner.py:245} INFO - ::endgroup::
[2025-02-02T21:45:03.743-0500] {local_task_job_runner.py:123} INFO - ::group::Pre task execution logs
[2025-02-02T21:45:03.775-0500] {taskinstance.py:2613} INFO - Dependencies all met for dep_context=non-requeueable deps ti=<TaskInstance: etl_reporte_como_vamos.task_bot_como_vamos scheduled__2025-02-02T06:40:00+00:00 [queued]>
[2025-02-02T21:45:03.790-0500] {taskinstance.py:2613} INFO - Dependencies all met for dep_context=requeueable deps ti=<TaskInstance: etl_reporte_como_vamos.task_bot_como_vamos scheduled__2025-02-02T06:40:00+00:00 [queued]>
[2025-02-02T21:45:03.792-0500] {taskinstance.py:2866} INFO - Starting attempt 1 of 4
[2025-02-02T21:45:03.826-0500] {taskinstance.py:2889} INFO - Executing <Task(BashOperator): task_bot_como_vamos> on 2025-02-02 06:40:00+00:00
[2025-02-02T21:45:03.836-0500] {warnings.py:112} WARNING - /home/***/.local/lib/python3.12/site-packages/***/task/task_runner/standard_task_runner.py:70: DeprecationWarning: This process (pid=585) is multi-threaded, use of fork() may lead to deadlocks in the child.
  pid = os.fork()

[2025-02-02T21:45:03.839-0500] {standard_task_runner.py:72} INFO - Started process 586 to run task
[2025-02-02T21:45:03.840-0500] {standard_task_runner.py:104} INFO - Running: ['***', 'tasks', 'run', 'etl_reporte_como_vamos', 'task_bot_como_vamos', 'scheduled__2025-02-02T06:40:00+00:00', '--job-id', '12', '--raw', '--subdir', 'DAGS_FOLDER/etl_como_vamos_dag.py', '--cfg-path', '/tmp/tmpywd4_t0q']
[2025-02-02T21:45:03.841-0500] {standard_task_runner.py:105} INFO - Job 12: Subtask task_bot_como_vamos
[2025-02-02T21:45:03.934-0500] {task_command.py:467} INFO - Running <TaskInstance: etl_reporte_como_vamos.task_bot_como_vamos scheduled__2025-02-02T06:40:00+00:00 [running]> on host 21f1c1b48730
[2025-02-02T21:45:04.081-0500] {taskinstance.py:3132} INFO - Exporting env vars: AIRFLOW_CTX_DAG_OWNER='***' AIRFLOW_CTX_DAG_ID='etl_reporte_como_vamos' AIRFLOW_CTX_TASK_ID='task_bot_como_vamos' AIRFLOW_CTX_EXECUTION_DATE='2025-02-02T06:40:00+00:00' AIRFLOW_CTX_TRY_NUMBER='1' AIRFLOW_CTX_DAG_RUN_ID='scheduled__2025-02-02T06:40:00+00:00'
[2025-02-02T21:45:04.084-0500] {taskinstance.py:731} INFO - ::endgroup::
[2025-02-02T21:45:04.120-0500] {subprocess.py:78} INFO - Tmp dir root location: /tmp
[2025-02-02T21:45:04.124-0500] {subprocess.py:88} INFO - Running command: ['/usr/bin/bash', '-c', 'python /opt/***/scripts/bot_reporte_como_vamos.py']
[2025-02-02T21:45:04.155-0500] {subprocess.py:99} INFO - Output:
[2025-02-02T21:45:07.177-0500] {subprocess.py:106} INFO - ic| hoy: datetime.date(2025, 2, 2)
[2025-02-02T21:45:07.180-0500] {subprocess.py:106} INFO -     fecha_inicio: datetime.date(2025, 2, 1)
[2025-02-02T21:45:07.212-0500] {subprocess.py:106} INFO - ic| start_date: '01/02/2025', end_date: '02/02/2025'
[2025-02-02T21:45:07.213-0500] {subprocess.py:106} INFO - 2025-02-02 21:45:07,212 - bot_como_vamos - INFO - Starting script bot_como_vamos.py
[2025-02-02T21:45:07.755-0500] {subprocess.py:106} INFO - 2025-02-02 21:45:07,755 - bot_como_vamos - INFO - Conexión al Selenium Hub establecida correctamente
[2025-02-02T21:46:09.749-0500] {local_task_job_runner.py:346} WARNING - State of this instance has been externally set to None. Terminating instance.
[2025-02-02T21:46:09.761-0500] {local_task_job_runner.py:245} INFO - ::endgroup::
[2025-02-02T21:46:09.763-0500] {process_utils.py:132} INFO - Sending 15 to group 586. PIDs of all processes in the group: [588, 586]
[2025-02-02T21:46:09.764-0500] {process_utils.py:87} INFO - Sending the signal 15 to group 586
[2025-02-02T21:46:09.767-0500] {taskinstance.py:3093} ERROR - Received SIGTERM. Terminating subprocesses.
[2025-02-02T21:46:09.774-0500] {subprocess.py:117} INFO - Sending SIGTERM signal to process group
[2025-02-02T21:46:09.828-0500] {taskinstance.py:3311} ERROR - Task failed with exception
Traceback (most recent call last):
  File "/home/airflow/.local/lib/python3.12/site-packages/airflow/models/taskinstance.py", line 767, in _execute_task
    result = _execute_callable(context=context, **execute_callable_kwargs)
             ^^^^^^^^^^^^^^^^^^^^^^^^^^^^^^^^^^^^^^^^^^^^^^^^^^^^^^^^^^^^^
  File "/home/airflow/.local/lib/python3.12/site-packages/airflow/models/taskinstance.py", line 733, in _execute_callable
    return ExecutionCallableRunner(
           ^^^^^^^^^^^^^^^^^^^^^^^^
  File "/home/airflow/.local/lib/python3.12/site-packages/airflow/utils/operator_helpers.py", line 252, in run
    return self.func(*args, **kwargs)
           ^^^^^^^^^^^^^^^^^^^^^^^^^^
  File "/home/airflow/.local/lib/python3.12/site-packages/airflow/models/baseoperator.py", line 422, in wrapper
    return func(self, *args, **kwargs)
           ^^^^^^^^^^^^^^^^^^^^^^^^^^^
  File "/home/airflow/.local/lib/python3.12/site-packages/airflow/operators/bash.py", line 257, in execute
    result = self._run_inline_command(bash_path=bash_path, env=env)
             ^^^^^^^^^^^^^^^^^^^^^^^^^^^^^^^^^^^^^^^^^^^^^^^^^^^^^^
  File "/home/airflow/.local/lib/python3.12/site-packages/airflow/operators/bash.py", line 284, in _run_inline_command
    return self.subprocess_hook.run_command(
           ^^^^^^^^^^^^^^^^^^^^^^^^^^^^^^^^^
  File "/home/airflow/.local/lib/python3.12/site-packages/airflow/hooks/subprocess.py", line 104, in run_command
    for raw_line in iter(self.sub_process.stdout.readline, b""):
                    ^^^^^^^^^^^^^^^^^^^^^^^^^^^^^^^^^^^^^^^^^^^
  File "/home/airflow/.local/lib/python3.12/site-packages/airflow/models/taskinstance.py", line 3095, in signal_handler
    raise AirflowTaskTerminated("Task received SIGTERM signal")
airflow.exceptions.AirflowTaskTerminated: Task received SIGTERM signal
[2025-02-02T21:46:09.843-0500] {taskinstance.py:1225} INFO - Marking task as UP_FOR_RETRY. dag_id=etl_reporte_como_vamos, task_id=task_bot_como_vamos, run_id=scheduled__2025-02-02T06:40:00+00:00, execution_date=20250202T064000, start_date=20250203T024503, end_date=20250203T024609
[2025-02-02T21:46:09.878-0500] {taskinstance.py:340} INFO - ::group::Post task execution logs
[2025-02-02T21:46:09.880-0500] {standard_task_runner.py:124} ERROR - Failed to execute job 12 for task task_bot_como_vamos ((psycopg2.errors.ForeignKeyViolation) insert or update on table "task_fail" violates foreign key constraint "task_fail_ti_fkey"
DETAIL:  Key (dag_id, task_id, run_id, map_index)=(etl_reporte_como_vamos, task_bot_como_vamos, scheduled__2025-02-02T06:40:00+00:00, -1) is not present in table "task_instance".

[SQL: INSERT INTO task_fail (task_id, dag_id, run_id, map_index, start_date, end_date, duration) VALUES (%(task_id)s, %(dag_id)s, %(run_id)s, %(map_index)s, %(start_date)s, %(end_date)s, %(duration)s) RETURNING task_fail.id]
[parameters: {'task_id': 'task_bot_como_vamos', 'dag_id': 'etl_reporte_como_vamos', 'run_id': 'scheduled__2025-02-02T06:40:00+00:00', 'map_index': -1, 'start_date': datetime.datetime(2025, 2, 3, 2, 45, 3, 776961, tzinfo=Timezone('UTC')), 'end_date': datetime.datetime(2025, 2, 3, 2, 46, 9, 838869, tzinfo=Timezone('UTC')), 'duration': 66}]
(Background on this error at: https://sqlalche.me/e/14/gkpj); 586)
Traceback (most recent call last):
  File "/home/airflow/.local/lib/python3.12/site-packages/airflow/models/taskinstance.py", line 273, in _run_raw_task
    TaskInstance._execute_task_with_callbacks(
  File "/home/airflow/.local/lib/python3.12/site-packages/airflow/models/taskinstance.py", line 3159, in _execute_task_with_callbacks
    result = self._execute_task(context, task_orig)
             ^^^^^^^^^^^^^^^^^^^^^^^^^^^^^^^^^^^^^^
  File "/home/airflow/.local/lib/python3.12/site-packages/airflow/models/taskinstance.py", line 3183, in _execute_task
    return _execute_task(self, context, task_orig)
           ^^^^^^^^^^^^^^^^^^^^^^^^^^^^^^^^^^^^^^^
  File "/home/airflow/.local/lib/python3.12/site-packages/airflow/models/taskinstance.py", line 767, in _execute_task
    result = _execute_callable(context=context, **execute_callable_kwargs)
             ^^^^^^^^^^^^^^^^^^^^^^^^^^^^^^^^^^^^^^^^^^^^^^^^^^^^^^^^^^^^^
  File "/home/airflow/.local/lib/python3.12/site-packages/airflow/models/taskinstance.py", line 733, in _execute_callable
    return ExecutionCallableRunner(
           ^^^^^^^^^^^^^^^^^^^^^^^^
  File "/home/airflow/.local/lib/python3.12/site-packages/airflow/utils/operator_helpers.py", line 252, in run
    return self.func(*args, **kwargs)
           ^^^^^^^^^^^^^^^^^^^^^^^^^^
  File "/home/airflow/.local/lib/python3.12/site-packages/airflow/models/baseoperator.py", line 422, in wrapper
    return func(self, *args, **kwargs)
           ^^^^^^^^^^^^^^^^^^^^^^^^^^^
  File "/home/airflow/.local/lib/python3.12/site-packages/airflow/operators/bash.py", line 257, in execute
    result = self._run_inline_command(bash_path=bash_path, env=env)
             ^^^^^^^^^^^^^^^^^^^^^^^^^^^^^^^^^^^^^^^^^^^^^^^^^^^^^^
  File "/home/airflow/.local/lib/python3.12/site-packages/airflow/operators/bash.py", line 284, in _run_inline_command
    return self.subprocess_hook.run_command(
           ^^^^^^^^^^^^^^^^^^^^^^^^^^^^^^^^^
  File "/home/airflow/.local/lib/python3.12/site-packages/airflow/hooks/subprocess.py", line 104, in run_command
    for raw_line in iter(self.sub_process.stdout.readline, b""):
                    ^^^^^^^^^^^^^^^^^^^^^^^^^^^^^^^^^^^^^^^^^^^
  File "/home/airflow/.local/lib/python3.12/site-packages/airflow/models/taskinstance.py", line 3095, in signal_handler
    raise AirflowTaskTerminated("Task received SIGTERM signal")
airflow.exceptions.AirflowTaskTerminated: Task received SIGTERM signal

During handling of the above exception, another exception occurred:

Traceback (most recent call last):
  File "/home/airflow/.local/lib/python3.12/site-packages/sqlalchemy/engine/base.py", line 1910, in _execute_context
    self.dialect.do_execute(
  File "/home/airflow/.local/lib/python3.12/site-packages/sqlalchemy/engine/default.py", line 736, in do_execute
    cursor.execute(statement, parameters)
psycopg2.errors.ForeignKeyViolation: insert or update on table "task_fail" violates foreign key constraint "task_fail_ti_fkey"
DETAIL:  Key (dag_id, task_id, run_id, map_index)=(etl_reporte_como_vamos, task_bot_como_vamos, scheduled__2025-02-02T06:40:00+00:00, -1) is not present in table "task_instance".


The above exception was the direct cause of the following exception:

Traceback (most recent call last):
  File "/home/airflow/.local/lib/python3.12/site-packages/airflow/task/task_runner/standard_task_runner.py", line 117, in _start_by_fork
    ret = args.func(args, dag=self.dag)
          ^^^^^^^^^^^^^^^^^^^^^^^^^^^^^
  File "/home/airflow/.local/lib/python3.12/site-packages/airflow/cli/cli_config.py", line 49, in command
    return func(*args, **kwargs)
           ^^^^^^^^^^^^^^^^^^^^^
  File "/home/airflow/.local/lib/python3.12/site-packages/airflow/utils/cli.py", line 116, in wrapper
    return f(*args, **kwargs)
           ^^^^^^^^^^^^^^^^^^
  File "/home/airflow/.local/lib/python3.12/site-packages/airflow/cli/commands/task_command.py", line 483, in task_run
    task_return_code = _run_task_by_selected_method(args, _dag, ti)
                       ^^^^^^^^^^^^^^^^^^^^^^^^^^^^^^^^^^^^^^^^^^^^
  File "/home/airflow/.local/lib/python3.12/site-packages/airflow/cli/commands/task_command.py", line 256, in _run_task_by_selected_method
    return _run_raw_task(args, ti)
           ^^^^^^^^^^^^^^^^^^^^^^^
  File "/home/airflow/.local/lib/python3.12/site-packages/airflow/cli/commands/task_command.py", line 341, in _run_raw_task
    return ti._run_raw_task(
           ^^^^^^^^^^^^^^^^^
  File "/home/airflow/.local/lib/python3.12/site-packages/airflow/utils/session.py", line 97, in wrapper
    return func(*args, session=session, **kwargs)
           ^^^^^^^^^^^^^^^^^^^^^^^^^^^^^^^^^^^^^^
  File "/home/airflow/.local/lib/python3.12/site-packages/airflow/models/taskinstance.py", line 3005, in _run_raw_task
    return _run_raw_task(
           ^^^^^^^^^^^^^^
  File "/home/airflow/.local/lib/python3.12/site-packages/airflow/models/taskinstance.py", line 327, in _run_raw_task
    ti.handle_failure(e, test_mode, context, session=session)
  File "/home/airflow/.local/lib/python3.12/site-packages/airflow/utils/session.py", line 94, in wrapper
    return func(*args, **kwargs)
           ^^^^^^^^^^^^^^^^^^^^^
  File "/home/airflow/.local/lib/python3.12/site-packages/airflow/models/taskinstance.py", line 3428, in handle_failure
    _handle_failure(
  File "/home/airflow/.local/lib/python3.12/site-packages/airflow/utils/session.py", line 94, in wrapper
    return func(*args, **kwargs)
           ^^^^^^^^^^^^^^^^^^^^^
  File "/home/airflow/.local/lib/python3.12/site-packages/airflow/api_internal/internal_api_call.py", line 166, in wrapper
    return func(*args, **kwargs)
           ^^^^^^^^^^^^^^^^^^^^^
  File "/home/airflow/.local/lib/python3.12/site-packages/airflow/models/taskinstance.py", line 1243, in _handle_failure
    TaskInstance.save_to_db(failure_context["ti"], session)
  File "/home/airflow/.local/lib/python3.12/site-packages/airflow/api_internal/internal_api_call.py", line 166, in wrapper
    return func(*args, **kwargs)
           ^^^^^^^^^^^^^^^^^^^^^
  File "/home/airflow/.local/lib/python3.12/site-packages/airflow/utils/session.py", line 94, in wrapper
    return func(*args, **kwargs)
           ^^^^^^^^^^^^^^^^^^^^^
  File "/home/airflow/.local/lib/python3.12/site-packages/airflow/models/taskinstance.py", line 3400, in save_to_db
    session.flush()
  File "/home/airflow/.local/lib/python3.12/site-packages/sqlalchemy/orm/session.py", line 3449, in flush
    self._flush(objects)
  File "/home/airflow/.local/lib/python3.12/site-packages/sqlalchemy/orm/session.py", line 3588, in _flush
    with util.safe_reraise():
         ^^^^^^^^^^^^^^^^^^^
  File "/home/airflow/.local/lib/python3.12/site-packages/sqlalchemy/util/langhelpers.py", line 70, in __exit__
    compat.raise_(
  File "/home/airflow/.local/lib/python3.12/site-packages/sqlalchemy/util/compat.py", line 211, in raise_
    raise exception
  File "/home/airflow/.local/lib/python3.12/site-packages/sqlalchemy/orm/session.py", line 3549, in _flush
    flush_context.execute()
  File "/home/airflow/.local/lib/python3.12/site-packages/sqlalchemy/orm/unitofwork.py", line 456, in execute
    rec.execute(self)
  File "/home/airflow/.local/lib/python3.12/site-packages/sqlalchemy/orm/unitofwork.py", line 630, in execute
    util.preloaded.orm_persistence.save_obj(
  File "/home/airflow/.local/lib/python3.12/site-packages/sqlalchemy/orm/persistence.py", line 245, in save_obj
    _emit_insert_statements(
  File "/home/airflow/.local/lib/python3.12/site-packages/sqlalchemy/orm/persistence.py", line 1238, in _emit_insert_statements
    result = connection._execute_20(
             ^^^^^^^^^^^^^^^^^^^^^^^
  File "/home/airflow/.local/lib/python3.12/site-packages/sqlalchemy/engine/base.py", line 1710, in _execute_20
    return meth(self, args_10style, kwargs_10style, execution_options)
           ^^^^^^^^^^^^^^^^^^^^^^^^^^^^^^^^^^^^^^^^^^^^^^^^^^^^^^^^^^^
  File "/home/airflow/.local/lib/python3.12/site-packages/sqlalchemy/sql/elements.py", line 334, in _execute_on_connection
    return connection._execute_clauseelement(
           ^^^^^^^^^^^^^^^^^^^^^^^^^^^^^^^^^^
  File "/home/airflow/.local/lib/python3.12/site-packages/sqlalchemy/engine/base.py", line 1577, in _execute_clauseelement
    ret = self._execute_context(
          ^^^^^^^^^^^^^^^^^^^^^^
  File "/home/airflow/.local/lib/python3.12/site-packages/sqlalchemy/engine/base.py", line 1953, in _execute_context
    self._handle_dbapi_exception(
  File "/home/airflow/.local/lib/python3.12/site-packages/sqlalchemy/engine/base.py", line 2134, in _handle_dbapi_exception
    util.raise_(
  File "/home/airflow/.local/lib/python3.12/site-packages/sqlalchemy/util/compat.py", line 211, in raise_
    raise exception
  File "/home/airflow/.local/lib/python3.12/site-packages/sqlalchemy/engine/base.py", line 1910, in _execute_context
    self.dialect.do_execute(
  File "/home/airflow/.local/lib/python3.12/site-packages/sqlalchemy/engine/default.py", line 736, in do_execute
    cursor.execute(statement, parameters)
sqlalchemy.exc.IntegrityError: (psycopg2.errors.ForeignKeyViolation) insert or update on table "task_fail" violates foreign key constraint "task_fail_ti_fkey"
DETAIL:  Key (dag_id, task_id, run_id, map_index)=(etl_reporte_como_vamos, task_bot_como_vamos, scheduled__2025-02-02T06:40:00+00:00, -1) is not present in table "task_instance".

[SQL: INSERT INTO task_fail (task_id, dag_id, run_id, map_index, start_date, end_date, duration) VALUES (%(task_id)s, %(dag_id)s, %(run_id)s, %(map_index)s, %(start_date)s, %(end_date)s, %(duration)s) RETURNING task_fail.id]
[parameters: {'task_id': 'task_bot_como_vamos', 'dag_id': 'etl_reporte_como_vamos', 'run_id': 'scheduled__2025-02-02T06:40:00+00:00', 'map_index': -1, 'start_date': datetime.datetime(2025, 2, 3, 2, 45, 3, 776961, tzinfo=Timezone('UTC')), 'end_date': datetime.datetime(2025, 2, 3, 2, 46, 9, 838869, tzinfo=Timezone('UTC')), 'duration': 66}]
(Background on this error at: https://sqlalche.me/e/14/gkpj)
[2025-02-02T21:46:09.938-0500] {process_utils.py:80} INFO - Process psutil.Process(pid=588, status='terminated', started='21:45:03') (588) terminated with exit code None
[2025-02-02T21:46:09.940-0500] {process_utils.py:80} INFO - Process psutil.Process(pid=586, status='terminated', exitcode=1, started='21:45:03') (586) terminated with exit code 1
