[2025-02-03T07:32:59.495-0500] {local_task_job_runner.py:123} INFO - ::group::Pre task execution logs
[2025-02-03T07:32:59.539-0500] {taskinstance.py:2613} INFO - Dependencies all met for dep_context=non-requeueable deps ti=<TaskInstance: etl_reporte_como_vamos.etl_cdc manual__2025-02-03T12:31:23.965304+00:00 [queued]>
[2025-02-03T07:32:59.562-0500] {taskinstance.py:2613} INFO - Dependencies all met for dep_context=requeueable deps ti=<TaskInstance: etl_reporte_como_vamos.etl_cdc manual__2025-02-03T12:31:23.965304+00:00 [queued]>
[2025-02-03T07:32:59.564-0500] {taskinstance.py:2866} INFO - Starting attempt 1 of 4
[2025-02-03T07:32:59.593-0500] {taskinstance.py:2889} INFO - Executing <Task(BashOperator): etl_cdc> on 2025-02-03 12:31:23.965304+00:00
[2025-02-03T07:32:59.602-0500] {warnings.py:112} WARNING - /home/***/.local/lib/python3.12/site-packages/***/task/task_runner/standard_task_runner.py:70: DeprecationWarning: This process (pid=8277) is multi-threaded, use of fork() may lead to deadlocks in the child.
  pid = os.fork()

[2025-02-03T07:32:59.607-0500] {standard_task_runner.py:72} INFO - Started process 8280 to run task
[2025-02-03T07:32:59.607-0500] {standard_task_runner.py:104} INFO - Running: ['***', 'tasks', 'run', 'etl_reporte_como_vamos', 'etl_cdc', 'manual__2025-02-03T12:31:23.965304+00:00', '--job-id', '28', '--raw', '--subdir', 'DAGS_FOLDER/etl_como_vamos_dag.py', '--cfg-path', '/tmp/tmpuc6bidce']
[2025-02-03T07:32:59.609-0500] {standard_task_runner.py:105} INFO - Job 28: Subtask etl_cdc
[2025-02-03T07:32:59.683-0500] {task_command.py:467} INFO - Running <TaskInstance: etl_reporte_como_vamos.etl_cdc manual__2025-02-03T12:31:23.965304+00:00 [running]> on host 21f1c1b48730
[2025-02-03T07:32:59.811-0500] {taskinstance.py:3132} INFO - Exporting env vars: AIRFLOW_CTX_DAG_OWNER='***' AIRFLOW_CTX_DAG_ID='etl_reporte_como_vamos' AIRFLOW_CTX_TASK_ID='etl_cdc' AIRFLOW_CTX_EXECUTION_DATE='2025-02-03T12:31:23.965304+00:00' AIRFLOW_CTX_TRY_NUMBER='1' AIRFLOW_CTX_DAG_RUN_ID='manual__2025-02-03T12:31:23.965304+00:00'
[2025-02-03T07:32:59.813-0500] {taskinstance.py:731} INFO - ::endgroup::
[2025-02-03T07:32:59.832-0500] {subprocess.py:78} INFO - Tmp dir root location: /tmp
[2025-02-03T07:32:59.834-0500] {subprocess.py:88} INFO - Running command: ['/usr/bin/bash', '-c', 'python /opt/***/scripts/etl_cdc.py']
[2025-02-03T07:32:59.846-0500] {subprocess.py:99} INFO - Output:
[2025-02-03T07:33:04.626-0500] {subprocess.py:106} INFO -      incrementador               nombre_cliente  ... duplicado motivo_duplicado
[2025-02-03T07:33:04.627-0500] {subprocess.py:106} INFO - 0            11214  COLOMBIANA DE COMERCIO S.A.  ...
[2025-02-03T07:33:04.627-0500] {subprocess.py:106} INFO - 1            11115  COLOMBIANA DE COMERCIO S.A.  ...
[2025-02-03T07:33:04.628-0500] {subprocess.py:106} INFO - 2            11116  COLOMBIANA DE COMERCIO S.A.  ...
[2025-02-03T07:33:04.628-0500] {subprocess.py:106} INFO - 3            11117  COLOMBIANA DE COMERCIO S.A.  ...
[2025-02-03T07:33:04.629-0500] {subprocess.py:106} INFO - 4            11118  COLOMBIANA DE COMERCIO S.A.  ...
[2025-02-03T07:33:04.629-0500] {subprocess.py:106} INFO - ..             ...                          ...  ...       ...              ...
[2025-02-03T07:33:04.630-0500] {subprocess.py:106} INFO - 190          11331  COLOMBIANA DE COMERCIO S.A.  ...
[2025-02-03T07:33:04.631-0500] {subprocess.py:106} INFO - 191          11332  COLOMBIANA DE COMERCIO S.A.  ...
[2025-02-03T07:33:04.631-0500] {subprocess.py:106} INFO - 192          11333  COLOMBIANA DE COMERCIO S.A.  ...
[2025-02-03T07:33:04.632-0500] {subprocess.py:106} INFO - 193          11334  COLOMBIANA DE COMERCIO S.A.  ...
[2025-02-03T07:33:04.632-0500] {subprocess.py:106} INFO - 194          11335  COLOMBIANA DE COMERCIO S.A.  ...
[2025-02-03T07:33:04.633-0500] {subprocess.py:106} INFO - 
[2025-02-03T07:33:04.634-0500] {subprocess.py:106} INFO - [195 rows x 60 columns]
[2025-02-03T07:33:04.635-0500] {subprocess.py:106} INFO -                  nombre_cliente    id_caso  ... duplicado motivo_duplicado
[2025-02-03T07:33:04.636-0500] {subprocess.py:106} INFO - 0   COLOMBIANA DE COMERCIO S.A.  IM3041591  ...
[2025-02-03T07:33:04.637-0500] {subprocess.py:106} INFO - 1   COLOMBIANA DE COMERCIO S.A.  IM3040967  ...
[2025-02-03T07:33:04.638-0500] {subprocess.py:106} INFO - 2   COLOMBIANA DE COMERCIO S.A.  IM3041743  ...
[2025-02-03T07:33:04.638-0500] {subprocess.py:106} INFO - 3   COLOMBIANA DE COMERCIO S.A.  RF1860778  ...
[2025-02-03T07:33:04.639-0500] {subprocess.py:106} INFO - 4   COLOMBIANA DE COMERCIO S.A.  RF1860729  ...
[2025-02-03T07:33:04.640-0500] {subprocess.py:106} INFO - 5   COLOMBIANA DE COMERCIO S.A.  RF1860777  ...
[2025-02-03T07:33:04.640-0500] {subprocess.py:106} INFO - 6   COLOMBIANA DE COMERCIO S.A.  RF1860739  ...
[2025-02-03T07:33:04.641-0500] {subprocess.py:106} INFO - 7   COLOMBIANA DE COMERCIO S.A.  RF1860733  ...
[2025-02-03T07:33:04.641-0500] {subprocess.py:106} INFO - 8   COLOMBIANA DE COMERCIO S.A.  RF1860735  ...
[2025-02-03T07:33:04.642-0500] {subprocess.py:106} INFO - 9   COLOMBIANA DE COMERCIO S.A.  RF1860731  ...
[2025-02-03T07:33:04.642-0500] {subprocess.py:106} INFO - 10  COLOMBIANA DE COMERCIO S.A.  RF1860740  ...
[2025-02-03T07:33:04.643-0500] {subprocess.py:106} INFO - 11  COLOMBIANA DE COMERCIO S.A.  RF1860726  ...
[2025-02-03T07:33:04.643-0500] {subprocess.py:106} INFO - 12  COLOMBIANA DE COMERCIO S.A.  RF1860718  ...
[2025-02-03T07:33:04.644-0500] {subprocess.py:106} INFO - 13  COLOMBIANA DE COMERCIO S.A.  RF1860717  ...
[2025-02-03T07:33:04.644-0500] {subprocess.py:106} INFO - 14  COLOMBIANA DE COMERCIO S.A.  RF1860716  ...
[2025-02-03T07:33:04.645-0500] {subprocess.py:106} INFO - 15  COLOMBIANA DE COMERCIO S.A.  RF1860715  ...
[2025-02-03T07:33:04.645-0500] {subprocess.py:106} INFO - 16  COLOMBIANA DE COMERCIO S.A.  RF1860707  ...
[2025-02-03T07:33:04.646-0500] {subprocess.py:106} INFO - 17  COLOMBIANA DE COMERCIO S.A.  RF1860714  ...
[2025-02-03T07:33:04.646-0500] {subprocess.py:106} INFO - 18  COLOMBIANA DE COMERCIO S.A.  RF1860728  ...
[2025-02-03T07:33:04.647-0500] {subprocess.py:106} INFO - 19  COLOMBIANA DE COMERCIO S.A.  RF1860780  ...
[2025-02-03T07:33:04.647-0500] {subprocess.py:106} INFO - 20  COLOMBIANA DE COMERCIO S.A.  RF1860779  ...
[2025-02-03T07:33:04.648-0500] {subprocess.py:106} INFO - 21  COLOMBIANA DE COMERCIO S.A.  IM3041743  ...
[2025-02-03T07:33:04.648-0500] {subprocess.py:106} INFO - 22  COLOMBIANA DE COMERCIO S.A.  IM3040967  ...
[2025-02-03T07:33:04.649-0500] {subprocess.py:106} INFO - 23  COLOMBIANA DE COMERCIO S.A.  RF1860794  ...
[2025-02-03T07:33:04.649-0500] {subprocess.py:106} INFO - 24  COLOMBIANA DE COMERCIO S.A.  RF1860784  ...
[2025-02-03T07:33:04.650-0500] {subprocess.py:106} INFO - 25  COLOMBIANA DE COMERCIO S.A.  IM3041591  ...
[2025-02-03T07:33:04.650-0500] {subprocess.py:106} INFO - 26  COLOMBIANA DE COMERCIO S.A.  IM3041591  ...
[2025-02-03T07:33:04.650-0500] {subprocess.py:106} INFO - 27  COLOMBIANA DE COMERCIO S.A.  IM3041591  ...
[2025-02-03T07:33:04.651-0500] {subprocess.py:106} INFO - 28  COLOMBIANA DE COMERCIO S.A.  IM3041591  ...
[2025-02-03T07:33:04.652-0500] {subprocess.py:106} INFO - 29  COLOMBIANA DE COMERCIO S.A.  IM3041591  ...
[2025-02-03T07:33:04.652-0500] {subprocess.py:106} INFO - 30  COLOMBIANA DE COMERCIO S.A.  IM3041591  ...
[2025-02-03T07:33:04.653-0500] {subprocess.py:106} INFO - 31  COLOMBIANA DE COMERCIO S.A.  IM3041591  ...
[2025-02-03T07:33:04.653-0500] {subprocess.py:106} INFO - 32  COLOMBIANA DE COMERCIO S.A.  RF1860667  ...
[2025-02-03T07:33:04.653-0500] {subprocess.py:106} INFO - 33  COLOMBIANA DE COMERCIO S.A.  RF1860782  ...
[2025-02-03T07:33:04.654-0500] {subprocess.py:106} INFO - 34  COLOMBIANA DE COMERCIO S.A.  RF1860783  ...
[2025-02-03T07:33:04.654-0500] {subprocess.py:106} INFO - 35  COLOMBIANA DE COMERCIO S.A.  RF1860795  ...
[2025-02-03T07:33:04.655-0500] {subprocess.py:106} INFO - 36  COLOMBIANA DE COMERCIO S.A.  RF1860793  ...
[2025-02-03T07:33:04.655-0500] {subprocess.py:106} INFO - 37  COLOMBIANA DE COMERCIO S.A.  RF1860791  ...
[2025-02-03T07:33:04.656-0500] {subprocess.py:106} INFO - 38  COLOMBIANA DE COMERCIO S.A.  RF1860788  ...
[2025-02-03T07:33:04.656-0500] {subprocess.py:106} INFO - 39  COLOMBIANA DE COMERCIO S.A.  RF1860787  ...
[2025-02-03T07:33:04.657-0500] {subprocess.py:106} INFO - 40  COLOMBIANA DE COMERCIO S.A.  RF1860786  ...
[2025-02-03T07:33:04.657-0500] {subprocess.py:106} INFO - 41  COLOMBIANA DE COMERCIO S.A.  IM3041474  ...
[2025-02-03T07:33:04.658-0500] {subprocess.py:106} INFO - 
[2025-02-03T07:33:04.658-0500] {subprocess.py:106} INFO - [42 rows x 59 columns]
[2025-02-03T07:33:04.659-0500] {subprocess.py:106} INFO - 13 29 0
[2025-02-03T07:33:04.659-0500] {subprocess.py:106} INFO - Ejecucion Erronea
[2025-02-03T07:33:04.838-0500] {subprocess.py:110} INFO - Command exited with return code 0
[2025-02-03T07:33:04.868-0500] {taskinstance.py:340} INFO - ::group::Post task execution logs
[2025-02-03T07:33:04.869-0500] {taskinstance.py:352} INFO - Marking task as SUCCESS. dag_id=etl_reporte_como_vamos, task_id=etl_cdc, run_id=manual__2025-02-03T12:31:23.965304+00:00, execution_date=20250203T123123, start_date=20250203T123259, end_date=20250203T123304
[2025-02-03T07:33:04.930-0500] {local_task_job_runner.py:266} INFO - Task exited with return code 0
[2025-02-03T07:33:04.962-0500] {taskinstance.py:3895} INFO - 0 downstream tasks scheduled from follow-on schedule check
[2025-02-03T07:33:04.967-0500] {local_task_job_runner.py:245} INFO - ::endgroup::
