[2025-02-08T06:42:47.034-0500] {local_task_job_runner.py:123} INFO - ::group::Pre task execution logs
[2025-02-08T06:42:47.063-0500] {taskinstance.py:2613} INFO - Dependencies all met for dep_context=non-requeueable deps ti=<TaskInstance: etl_reporte_como_vamos.bot_ex_bbva scheduled__2025-02-07T11:30:00+00:00 [queued]>
[2025-02-08T06:42:47.077-0500] {taskinstance.py:2613} INFO - Dependencies all met for dep_context=requeueable deps ti=<TaskInstance: etl_reporte_como_vamos.bot_ex_bbva scheduled__2025-02-07T11:30:00+00:00 [queued]>
[2025-02-08T06:42:47.079-0500] {taskinstance.py:2866} INFO - Starting attempt 3 of 4
[2025-02-08T06:42:47.102-0500] {taskinstance.py:2889} INFO - Executing <Task(BashOperator): bot_ex_bbva> on 2025-02-07 11:30:00+00:00
[2025-02-08T06:42:47.112-0500] {warnings.py:112} WARNING - /home/***/.local/lib/python3.12/site-packages/***/task/task_runner/standard_task_runner.py:70: DeprecationWarning: This process (pid=53970) is multi-threaded, use of fork() may lead to deadlocks in the child.
  pid = os.fork()

[2025-02-08T06:42:47.117-0500] {standard_task_runner.py:72} INFO - Started process 53971 to run task
[2025-02-08T06:42:47.120-0500] {standard_task_runner.py:104} INFO - Running: ['***', 'tasks', 'run', 'etl_reporte_como_vamos', 'bot_ex_bbva', 'scheduled__2025-02-07T11:30:00+00:00', '--job-id', '82', '--raw', '--subdir', 'DAGS_FOLDER/etl_como_vamos_dag.py', '--cfg-path', '/tmp/tmpazxg4a2k']
[2025-02-08T06:42:47.125-0500] {standard_task_runner.py:105} INFO - Job 82: Subtask bot_ex_bbva
[2025-02-08T06:42:47.220-0500] {task_command.py:467} INFO - Running <TaskInstance: etl_reporte_como_vamos.bot_ex_bbva scheduled__2025-02-07T11:30:00+00:00 [running]> on host 21f1c1b48730
[2025-02-08T06:42:47.331-0500] {taskinstance.py:3132} INFO - Exporting env vars: AIRFLOW_CTX_DAG_OWNER='***' AIRFLOW_CTX_DAG_ID='etl_reporte_como_vamos' AIRFLOW_CTX_TASK_ID='bot_ex_bbva' AIRFLOW_CTX_EXECUTION_DATE='2025-02-07T11:30:00+00:00' AIRFLOW_CTX_TRY_NUMBER='3' AIRFLOW_CTX_DAG_RUN_ID='scheduled__2025-02-07T11:30:00+00:00'
[2025-02-08T06:42:47.333-0500] {taskinstance.py:731} INFO - ::endgroup::
[2025-02-08T06:42:47.362-0500] {subprocess.py:78} INFO - Tmp dir root location: /tmp
[2025-02-08T06:42:47.364-0500] {subprocess.py:88} INFO - Running command: ['/usr/bin/bash', '-c', 'python /opt/***/scripts/bot_etl_ex_bbva.py']
[2025-02-08T06:42:47.379-0500] {subprocess.py:99} INFO - Output:
[2025-02-08T06:42:48.723-0500] {subprocess.py:106} INFO - 2025-02-08 06:42:48,723 - bot_etl_ex_bbva - INFO - Bot ETL Exito-BBVA started
[2025-02-08T06:42:49.321-0500] {subprocess.py:106} INFO - 2025-02-08 06:42:49,320 - bot_etl_ex_bbva - INFO - Conexión al Selenium Hub establecida correctamente
[2025-02-08T06:42:50.265-0500] {subprocess.py:106} INFO - 2025-02-08 06:42:50,265 - bot_etl_ex_bbva - INFO - Credentials input success
[2025-02-08T06:42:51.448-0500] {subprocess.py:106} INFO - 2025-02-08 06:42:51,447 - bot_etl_ex_bbva - INFO - Click in login button
[2025-02-08T06:43:01.480-0500] {subprocess.py:106} INFO - 2025-02-08 06:43:01,480 - bot_etl_ex_bbva - INFO - Loging success
[2025-02-08T06:43:02.894-0500] {subprocess.py:106} INFO - 2025-02-08 06:43:02,894 - bot_etl_ex_bbva - INFO - Input file succes
[2025-02-08T06:43:10.250-0500] {subprocess.py:106} INFO - 2025-02-08 06:43:10,250 - bot_etl_ex_bbva - INFO - Click in Cargar
[2025-02-08T06:43:15.971-0500] {subprocess.py:106} INFO - 2025-02-08 06:43:15,970 - bot_etl_ex_bbva - INFO - bot_etl_ex_bbva finish execution
[2025-02-08T06:43:16.127-0500] {subprocess.py:110} INFO - Command exited with return code 0
[2025-02-08T06:43:16.163-0500] {taskinstance.py:340} INFO - ::group::Post task execution logs
[2025-02-08T06:43:16.165-0500] {taskinstance.py:352} INFO - Marking task as SUCCESS. dag_id=etl_reporte_como_vamos, task_id=bot_ex_bbva, run_id=scheduled__2025-02-07T11:30:00+00:00, execution_date=20250207T113000, start_date=20250208T114247, end_date=20250208T114316
[2025-02-08T06:43:16.190-0500] {local_task_job_runner.py:266} INFO - Task exited with return code 0
[2025-02-08T06:43:16.212-0500] {taskinstance.py:3895} INFO - 1 downstream tasks scheduled from follow-on schedule check
[2025-02-08T06:43:16.216-0500] {local_task_job_runner.py:245} INFO - ::endgroup::
