[2025-01-30T17:36:51.715+0000] {local_task_job_runner.py:123} INFO - ::group::Pre task execution logs
[2025-01-30T17:36:51.753+0000] {taskinstance.py:2613} INFO - Dependencies all met for dep_context=non-requeueable deps ti=<TaskInstance: etl_reporte_como_vamos.etl_cdc manual__2025-01-30T17:32:22.389834+00:00 [queued]>
[2025-01-30T17:36:51.775+0000] {taskinstance.py:2613} INFO - Dependencies all met for dep_context=requeueable deps ti=<TaskInstance: etl_reporte_como_vamos.etl_cdc manual__2025-01-30T17:32:22.389834+00:00 [queued]>
[2025-01-30T17:36:51.776+0000] {taskinstance.py:2866} INFO - Starting attempt 1 of 1
[2025-01-30T17:36:51.811+0000] {taskinstance.py:2889} INFO - Executing <Task(BashOperator): etl_cdc> on 2025-01-30 17:32:22.389834+00:00
[2025-01-30T17:36:51.823+0000] {warnings.py:112} WARNING - /home/***/.local/lib/python3.12/site-packages/***/task/task_runner/standard_task_runner.py:70: DeprecationWarning: This process (pid=1134) is multi-threaded, use of fork() may lead to deadlocks in the child.
  pid = os.fork()

[2025-01-30T17:36:51.829+0000] {standard_task_runner.py:104} INFO - Running: ['***', 'tasks', 'run', 'etl_reporte_como_vamos', 'etl_cdc', 'manual__2025-01-30T17:32:22.389834+00:00', '--job-id', '26', '--raw', '--subdir', 'DAGS_FOLDER/etl_como_vamos_dag.py', '--cfg-path', '/tmp/tmpraw7m1yf']
[2025-01-30T17:36:51.831+0000] {standard_task_runner.py:72} INFO - Started process 1135 to run task
[2025-01-30T17:36:51.832+0000] {standard_task_runner.py:105} INFO - Job 26: Subtask etl_cdc
[2025-01-30T17:36:51.939+0000] {task_command.py:467} INFO - Running <TaskInstance: etl_reporte_como_vamos.etl_cdc manual__2025-01-30T17:32:22.389834+00:00 [running]> on host f34597614f96
[2025-01-30T17:36:52.125+0000] {taskinstance.py:3132} INFO - Exporting env vars: AIRFLOW_CTX_DAG_OWNER='***' AIRFLOW_CTX_DAG_ID='etl_reporte_como_vamos' AIRFLOW_CTX_TASK_ID='etl_cdc' AIRFLOW_CTX_EXECUTION_DATE='2025-01-30T17:32:22.389834+00:00' AIRFLOW_CTX_TRY_NUMBER='1' AIRFLOW_CTX_DAG_RUN_ID='manual__2025-01-30T17:32:22.389834+00:00'
[2025-01-30T17:36:52.127+0000] {taskinstance.py:731} INFO - ::endgroup::
[2025-01-30T17:36:52.159+0000] {subprocess.py:78} INFO - Tmp dir root location: /tmp
[2025-01-30T17:36:52.162+0000] {subprocess.py:88} INFO - Running command: ['/usr/bin/bash', '-c', 'python /opt/***/scripts/etl_cdc.py']
[2025-01-30T17:36:52.178+0000] {subprocess.py:99} INFO - Output:
[2025-01-30T17:40:41.913+0000] {subprocess.py:106} INFO -      incrementador               nombre_cliente  ... duplicado motivo_duplicado
[2025-01-30T17:40:41.915+0000] {subprocess.py:106} INFO - 0            11214  COLOMBIANA DE COMERCIO S.A.  ...
[2025-01-30T17:40:41.916+0000] {subprocess.py:106} INFO - 1            10952  COLOMBIANA DE COMERCIO S.A.  ...
[2025-01-30T17:40:41.917+0000] {subprocess.py:106} INFO - 2            10953  COLOMBIANA DE COMERCIO S.A.  ...
[2025-01-30T17:40:41.918+0000] {subprocess.py:106} INFO - 3            10954  COLOMBIANA DE COMERCIO S.A.  ...
[2025-01-30T17:40:41.919+0000] {subprocess.py:106} INFO - 4            10955  COLOMBIANA DE COMERCIO S.A.  ...
[2025-01-30T17:40:41.920+0000] {subprocess.py:106} INFO - ..             ...                          ...  ...       ...              ...
[2025-01-30T17:40:41.921+0000] {subprocess.py:106} INFO - 341          11315  COLOMBIANA DE COMERCIO S.A.  ...
[2025-01-30T17:40:41.922+0000] {subprocess.py:106} INFO - 342          11316  COLOMBIANA DE COMERCIO S.A.  ...
[2025-01-30T17:40:41.923+0000] {subprocess.py:106} INFO - 343          11317  COLOMBIANA DE COMERCIO S.A.  ...
[2025-01-30T17:40:41.924+0000] {subprocess.py:106} INFO - 344          11318  COLOMBIANA DE COMERCIO S.A.  ...
[2025-01-30T17:40:41.925+0000] {subprocess.py:106} INFO - 345          11319  COLOMBIANA DE COMERCIO S.A.  ...
[2025-01-30T17:40:41.926+0000] {subprocess.py:106} INFO - 
[2025-01-30T17:40:41.928+0000] {subprocess.py:106} INFO - [346 rows x 60 columns]
[2025-01-30T17:40:41.929+0000] {subprocess.py:106} INFO -                   nombre_cliente    id_caso  ... duplicado motivo_duplicado
[2025-01-30T17:40:41.930+0000] {subprocess.py:106} INFO - 0    COLOMBIANA DE COMERCIO S.A.  RF1851996  ...
[2025-01-30T17:40:41.931+0000] {subprocess.py:106} INFO - 1    COLOMBIANA DE COMERCIO S.A.  RF1851178  ...
[2025-01-30T17:40:41.932+0000] {subprocess.py:106} INFO - 2    COLOMBIANA DE COMERCIO S.A.  RF1851541  ...
[2025-01-30T17:40:41.933+0000] {subprocess.py:106} INFO - 3    COLOMBIANA DE COMERCIO S.A.  RF1849243  ...
[2025-01-30T17:40:41.933+0000] {subprocess.py:106} INFO - 4    COLOMBIANA DE COMERCIO S.A.  IM3001832  ...
[2025-01-30T17:40:41.934+0000] {subprocess.py:106} INFO - ..                           ...        ...  ...       ...              ...
[2025-01-30T17:40:41.936+0000] {subprocess.py:106} INFO - 664  COLOMBIANA DE COMERCIO S.A.  IM3008506  ...
[2025-01-30T17:40:41.937+0000] {subprocess.py:106} INFO - 665  COLOMBIANA DE COMERCIO S.A.  IM3001995  ...
[2025-01-30T17:40:41.938+0000] {subprocess.py:106} INFO - 666  COLOMBIANA DE COMERCIO S.A.  IM3002181  ...
[2025-01-30T17:40:41.939+0000] {subprocess.py:106} INFO - 667  COLOMBIANA DE COMERCIO S.A.  IM3000221  ...
[2025-01-30T17:40:41.940+0000] {subprocess.py:106} INFO - 668  COLOMBIANA DE COMERCIO S.A.  IM3010685  ...
[2025-01-30T17:40:41.940+0000] {subprocess.py:106} INFO - 
[2025-01-30T17:40:41.942+0000] {subprocess.py:106} INFO - [669 rows x 59 columns]
[2025-01-30T17:40:41.943+0000] {subprocess.py:106} INFO - 0 0 0
[2025-01-30T17:40:41.944+0000] {subprocess.py:106} INFO - Ejecucion Exitosa
[2025-01-30T17:40:42.092+0000] {subprocess.py:110} INFO - Command exited with return code 0
[2025-01-30T17:40:42.131+0000] {taskinstance.py:340} INFO - ::group::Post task execution logs
[2025-01-30T17:40:42.132+0000] {taskinstance.py:352} INFO - Marking task as SUCCESS. dag_id=etl_reporte_como_vamos, task_id=etl_cdc, run_id=manual__2025-01-30T17:32:22.389834+00:00, execution_date=20250130T173222, start_date=20250130T173651, end_date=20250130T174042
[2025-01-30T17:40:42.187+0000] {local_task_job_runner.py:266} INFO - Task exited with return code 0
[2025-01-30T17:40:42.207+0000] {taskinstance.py:3895} INFO - 0 downstream tasks scheduled from follow-on schedule check
[2025-01-30T17:40:42.214+0000] {local_task_job_runner.py:245} INFO - ::endgroup::
