[2025-01-29T17:22:50.992+0000] {processor.py:186} INFO - Started process (PID=134) to work on /opt/bitnami/airflow/venv/lib/python3.12/site-packages/airflow/example_dags/example_branch_operator_decorator.py
[2025-01-29T17:22:51.009+0000] {processor.py:914} INFO - Processing file /opt/bitnami/airflow/venv/lib/python3.12/site-packages/airflow/example_dags/example_branch_operator_decorator.py for tasks to queue
[2025-01-29T17:22:51.057+0000] {logging_mixin.py:190} INFO - [2025-01-29T17:22:51.055+0000] {dagbag.py:588} INFO - Filling up the DagBag from /opt/bitnami/airflow/venv/lib/python3.12/site-packages/airflow/example_dags/example_branch_operator_decorator.py
[2025-01-29T17:22:51.787+0000] {processor.py:925} INFO - DAG(s) 'example_branch_python_operator_decorator' retrieved from /opt/bitnami/airflow/venv/lib/python3.12/site-packages/airflow/example_dags/example_branch_operator_decorator.py
[2025-01-29T17:22:52.635+0000] {logging_mixin.py:190} INFO - [2025-01-29T17:22:52.633+0000] {override.py:1911} INFO - Created Permission View: can read on DAG:example_branch_python_operator_decorator
[2025-01-29T17:22:52.693+0000] {logging_mixin.py:190} INFO - [2025-01-29T17:22:52.692+0000] {override.py:1911} INFO - Created Permission View: can delete on DAG:example_branch_python_operator_decorator
[2025-01-29T17:22:52.726+0000] {logging_mixin.py:190} INFO - [2025-01-29T17:22:52.724+0000] {override.py:1911} INFO - Created Permission View: can edit on DAG:example_branch_python_operator_decorator
[2025-01-29T17:22:52.767+0000] {logging_mixin.py:190} INFO - [2025-01-29T17:22:52.766+0000] {override.py:1911} INFO - Created Permission View: menu access on DAG Run:example_branch_python_operator_decorator
[2025-01-29T17:22:52.806+0000] {logging_mixin.py:190} INFO - [2025-01-29T17:22:52.805+0000] {override.py:1911} INFO - Created Permission View: can read on DAG Run:example_branch_python_operator_decorator
[2025-01-29T17:22:52.855+0000] {logging_mixin.py:190} INFO - [2025-01-29T17:22:52.854+0000] {override.py:1911} INFO - Created Permission View: can create on DAG Run:example_branch_python_operator_decorator
[2025-01-29T17:22:52.882+0000] {logging_mixin.py:190} INFO - [2025-01-29T17:22:52.880+0000] {override.py:1911} INFO - Created Permission View: can delete on DAG Run:example_branch_python_operator_decorator
[2025-01-29T17:22:52.886+0000] {logging_mixin.py:190} INFO - [2025-01-29T17:22:52.885+0000] {dag.py:3239} INFO - Sync 1 DAGs
[2025-01-29T17:22:53.000+0000] {logging_mixin.py:190} INFO - [2025-01-29T17:22:52.998+0000] {dag.py:3262} INFO - Creating ORM DAG for example_branch_python_operator_decorator
[2025-01-29T17:22:53.111+0000] {logging_mixin.py:190} INFO - [2025-01-29T17:22:53.110+0000] {dag.py:4180} INFO - Setting next_dagrun for example_branch_python_operator_decorator to 2025-01-28 00:00:00+00:00, run_after=2025-01-29 00:00:00+00:00
[2025-01-29T17:22:53.295+0000] {processor.py:208} INFO - Processing /opt/bitnami/airflow/venv/lib/python3.12/site-packages/airflow/example_dags/example_branch_operator_decorator.py took 2.376 seconds
[2025-01-29T17:25:12.661+0000] {processor.py:186} INFO - Started process (PID=192) to work on /opt/bitnami/airflow/venv/lib/python3.12/site-packages/airflow/example_dags/example_branch_operator_decorator.py
[2025-01-29T17:25:12.671+0000] {processor.py:914} INFO - Processing file /opt/bitnami/airflow/venv/lib/python3.12/site-packages/airflow/example_dags/example_branch_operator_decorator.py for tasks to queue
[2025-01-29T17:25:12.686+0000] {logging_mixin.py:190} INFO - [2025-01-29T17:25:12.683+0000] {dagbag.py:588} INFO - Filling up the DagBag from /opt/bitnami/airflow/venv/lib/python3.12/site-packages/airflow/example_dags/example_branch_operator_decorator.py
[2025-01-29T17:25:12.796+0000] {processor.py:925} INFO - DAG(s) 'example_branch_python_operator_decorator' retrieved from /opt/bitnami/airflow/venv/lib/python3.12/site-packages/airflow/example_dags/example_branch_operator_decorator.py
[2025-01-29T17:25:12.904+0000] {logging_mixin.py:190} INFO - [2025-01-29T17:25:12.903+0000] {dag.py:3239} INFO - Sync 1 DAGs
[2025-01-29T17:25:12.989+0000] {logging_mixin.py:190} INFO - [2025-01-29T17:25:12.989+0000] {dag.py:4180} INFO - Setting next_dagrun for example_branch_python_operator_decorator to 2025-01-28 00:00:00+00:00, run_after=2025-01-29 00:00:00+00:00
[2025-01-29T17:25:13.064+0000] {processor.py:208} INFO - Processing /opt/bitnami/airflow/venv/lib/python3.12/site-packages/airflow/example_dags/example_branch_operator_decorator.py took 0.431 seconds
[2025-01-29T17:54:22.188+0000] {processor.py:186} INFO - Started process (PID=75) to work on /home/airflow/.local/lib/python3.12/site-packages/airflow/example_dags/example_branch_operator_decorator.py
[2025-01-29T17:54:22.388+0000] {processor.py:914} INFO - Processing file /home/airflow/.local/lib/python3.12/site-packages/airflow/example_dags/example_branch_operator_decorator.py for tasks to queue
[2025-01-29T17:54:22.735+0000] {logging_mixin.py:190} INFO - [2025-01-29T17:54:22.617+0000] {dagbag.py:588} INFO - Filling up the DagBag from /home/airflow/.local/lib/python3.12/site-packages/airflow/example_dags/example_branch_operator_decorator.py
[2025-01-29T17:54:23.680+0000] {processor.py:925} INFO - DAG(s) 'example_branch_python_operator_decorator' retrieved from /home/airflow/.local/lib/python3.12/site-packages/airflow/example_dags/example_branch_operator_decorator.py
[2025-01-29T17:55:08.433+0000] {logging_mixin.py:190} INFO - [2025-01-29T17:55:08.428+0000] {override.py:1911} INFO - Created Permission View: can delete on DAG:example_branch_python_operator_decorator
[2025-01-29T17:55:09.189+0000] {logging_mixin.py:190} INFO - [2025-01-29T17:55:09.147+0000] {override.py:1911} INFO - Created Permission View: can read on DAG:example_branch_python_operator_decorator
[2025-01-29T17:55:09.726+0000] {logging_mixin.py:190} INFO - [2025-01-29T17:55:09.661+0000] {override.py:1911} INFO - Created Permission View: can edit on DAG:example_branch_python_operator_decorator
[2025-01-29T17:55:10.902+0000] {logging_mixin.py:190} INFO - [2025-01-29T17:55:10.888+0000] {override.py:1911} INFO - Created Permission View: can delete on DAG Run:example_branch_python_operator_decorator
[2025-01-29T17:55:10.967+0000] {logging_mixin.py:190} INFO - [2025-01-29T17:55:10.963+0000] {override.py:1911} INFO - Created Permission View: can create on DAG Run:example_branch_python_operator_decorator
[2025-01-29T17:55:11.024+0000] {logging_mixin.py:190} INFO - [2025-01-29T17:55:11.022+0000] {override.py:1911} INFO - Created Permission View: menu access on DAG Run:example_branch_python_operator_decorator
[2025-01-29T17:55:11.064+0000] {logging_mixin.py:190} INFO - [2025-01-29T17:55:11.062+0000] {override.py:1911} INFO - Created Permission View: can read on DAG Run:example_branch_python_operator_decorator
[2025-01-29T17:55:11.087+0000] {logging_mixin.py:190} INFO - [2025-01-29T17:55:11.084+0000] {dag.py:3239} INFO - Sync 1 DAGs
[2025-01-29T17:55:11.258+0000] {logging_mixin.py:190} INFO - [2025-01-29T17:55:11.256+0000] {dag.py:3262} INFO - Creating ORM DAG for example_branch_python_operator_decorator
[2025-01-29T17:55:11.434+0000] {logging_mixin.py:190} INFO - [2025-01-29T17:55:11.433+0000] {dag.py:4180} INFO - Setting next_dagrun for example_branch_python_operator_decorator to 2025-01-28 00:00:00+00:00, run_after=2025-01-29 00:00:00+00:00
[2025-01-29T17:55:11.639+0000] {processor.py:208} INFO - Processing /home/airflow/.local/lib/python3.12/site-packages/airflow/example_dags/example_branch_operator_decorator.py took 49.768 seconds
