[2025-01-29T17:22:53.683+0000] {processor.py:186} INFO - Started process (PID=136) to work on /opt/bitnami/airflow/venv/lib/python3.12/site-packages/airflow/example_dags/example_workday_timetable.py
[2025-01-29T17:22:53.694+0000] {processor.py:914} INFO - Processing file /opt/bitnami/airflow/venv/lib/python3.12/site-packages/airflow/example_dags/example_workday_timetable.py for tasks to queue
[2025-01-29T17:22:53.728+0000] {logging_mixin.py:190} INFO - [2025-01-29T17:22:53.721+0000] {dagbag.py:588} INFO - Filling up the DagBag from /opt/bitnami/airflow/venv/lib/python3.12/site-packages/airflow/example_dags/example_workday_timetable.py
[2025-01-29T17:22:53.819+0000] {processor.py:925} INFO - DAG(s) 'example_workday_timetable' retrieved from /opt/bitnami/airflow/venv/lib/python3.12/site-packages/airflow/example_dags/example_workday_timetable.py
[2025-01-29T17:22:54.539+0000] {logging_mixin.py:190} INFO - [2025-01-29T17:22:54.530+0000] {override.py:1911} INFO - Created Permission View: can read on DAG:example_workday_timetable
[2025-01-29T17:22:54.619+0000] {logging_mixin.py:190} INFO - [2025-01-29T17:22:54.618+0000] {override.py:1911} INFO - Created Permission View: can delete on DAG:example_workday_timetable
[2025-01-29T17:22:54.650+0000] {logging_mixin.py:190} INFO - [2025-01-29T17:22:54.649+0000] {override.py:1911} INFO - Created Permission View: can edit on DAG:example_workday_timetable
[2025-01-29T17:22:54.681+0000] {logging_mixin.py:190} INFO - [2025-01-29T17:22:54.680+0000] {override.py:1911} INFO - Created Permission View: menu access on DAG Run:example_workday_timetable
[2025-01-29T17:22:54.707+0000] {logging_mixin.py:190} INFO - [2025-01-29T17:22:54.706+0000] {override.py:1911} INFO - Created Permission View: can read on DAG Run:example_workday_timetable
[2025-01-29T17:22:54.739+0000] {logging_mixin.py:190} INFO - [2025-01-29T17:22:54.738+0000] {override.py:1911} INFO - Created Permission View: can create on DAG Run:example_workday_timetable
[2025-01-29T17:22:54.773+0000] {logging_mixin.py:190} INFO - [2025-01-29T17:22:54.770+0000] {override.py:1911} INFO - Created Permission View: can delete on DAG Run:example_workday_timetable
[2025-01-29T17:22:54.780+0000] {logging_mixin.py:190} INFO - [2025-01-29T17:22:54.777+0000] {dag.py:3239} INFO - Sync 1 DAGs
[2025-01-29T17:22:54.934+0000] {logging_mixin.py:190} INFO - [2025-01-29T17:22:54.925+0000] {dag.py:3262} INFO - Creating ORM DAG for example_workday_timetable
[2025-01-29T17:22:55.701+0000] {logging_mixin.py:190} INFO - [2025-01-29T17:22:55.697+0000] {dag.py:4180} INFO - Setting next_dagrun for example_workday_timetable to 2021-01-04 00:00:00+00:00, run_after=2021-01-05 00:00:00+00:00
[2025-01-29T17:22:55.799+0000] {processor.py:208} INFO - Processing /opt/bitnami/airflow/venv/lib/python3.12/site-packages/airflow/example_dags/example_workday_timetable.py took 2.177 seconds
[2025-01-29T17:25:13.196+0000] {processor.py:186} INFO - Started process (PID=194) to work on /opt/bitnami/airflow/venv/lib/python3.12/site-packages/airflow/example_dags/example_workday_timetable.py
[2025-01-29T17:25:13.199+0000] {processor.py:914} INFO - Processing file /opt/bitnami/airflow/venv/lib/python3.12/site-packages/airflow/example_dags/example_workday_timetable.py for tasks to queue
[2025-01-29T17:25:13.210+0000] {logging_mixin.py:190} INFO - [2025-01-29T17:25:13.209+0000] {dagbag.py:588} INFO - Filling up the DagBag from /opt/bitnami/airflow/venv/lib/python3.12/site-packages/airflow/example_dags/example_workday_timetable.py
[2025-01-29T17:25:13.223+0000] {processor.py:925} INFO - DAG(s) 'example_workday_timetable' retrieved from /opt/bitnami/airflow/venv/lib/python3.12/site-packages/airflow/example_dags/example_workday_timetable.py
[2025-01-29T17:25:13.293+0000] {logging_mixin.py:190} INFO - [2025-01-29T17:25:13.292+0000] {dag.py:3239} INFO - Sync 1 DAGs
[2025-01-29T17:25:13.531+0000] {logging_mixin.py:190} INFO - [2025-01-29T17:25:13.530+0000] {dag.py:4180} INFO - Setting next_dagrun for example_workday_timetable to 2021-01-04 00:00:00+00:00, run_after=2021-01-05 00:00:00+00:00
[2025-01-29T17:25:13.582+0000] {processor.py:208} INFO - Processing /opt/bitnami/airflow/venv/lib/python3.12/site-packages/airflow/example_dags/example_workday_timetable.py took 0.409 seconds
[2025-01-29T17:55:11.801+0000] {processor.py:186} INFO - Started process (PID=82) to work on /home/airflow/.local/lib/python3.12/site-packages/airflow/example_dags/example_workday_timetable.py
[2025-01-29T17:55:11.805+0000] {processor.py:914} INFO - Processing file /home/airflow/.local/lib/python3.12/site-packages/airflow/example_dags/example_workday_timetable.py for tasks to queue
[2025-01-29T17:55:11.813+0000] {logging_mixin.py:190} INFO - [2025-01-29T17:55:11.812+0000] {dagbag.py:588} INFO - Filling up the DagBag from /home/airflow/.local/lib/python3.12/site-packages/airflow/example_dags/example_workday_timetable.py
[2025-01-29T17:55:11.848+0000] {processor.py:925} INFO - DAG(s) 'example_workday_timetable' retrieved from /home/airflow/.local/lib/python3.12/site-packages/airflow/example_dags/example_workday_timetable.py
[2025-01-29T17:55:12.222+0000] {logging_mixin.py:190} INFO - [2025-01-29T17:55:12.220+0000] {override.py:1911} INFO - Created Permission View: can delete on DAG:example_workday_timetable
[2025-01-29T17:55:12.277+0000] {logging_mixin.py:190} INFO - [2025-01-29T17:55:12.276+0000] {override.py:1911} INFO - Created Permission View: can read on DAG:example_workday_timetable
[2025-01-29T17:55:12.310+0000] {logging_mixin.py:190} INFO - [2025-01-29T17:55:12.309+0000] {override.py:1911} INFO - Created Permission View: can edit on DAG:example_workday_timetable
[2025-01-29T17:55:12.336+0000] {logging_mixin.py:190} INFO - [2025-01-29T17:55:12.336+0000] {override.py:1911} INFO - Created Permission View: can delete on DAG Run:example_workday_timetable
[2025-01-29T17:55:12.364+0000] {logging_mixin.py:190} INFO - [2025-01-29T17:55:12.363+0000] {override.py:1911} INFO - Created Permission View: can create on DAG Run:example_workday_timetable
[2025-01-29T17:55:12.390+0000] {logging_mixin.py:190} INFO - [2025-01-29T17:55:12.389+0000] {override.py:1911} INFO - Created Permission View: menu access on DAG Run:example_workday_timetable
[2025-01-29T17:55:12.413+0000] {logging_mixin.py:190} INFO - [2025-01-29T17:55:12.413+0000] {override.py:1911} INFO - Created Permission View: can read on DAG Run:example_workday_timetable
[2025-01-29T17:55:12.416+0000] {logging_mixin.py:190} INFO - [2025-01-29T17:55:12.415+0000] {dag.py:3239} INFO - Sync 1 DAGs
[2025-01-29T17:55:12.464+0000] {logging_mixin.py:190} INFO - [2025-01-29T17:55:12.463+0000] {dag.py:3262} INFO - Creating ORM DAG for example_workday_timetable
[2025-01-29T17:55:12.949+0000] {logging_mixin.py:190} INFO - [2025-01-29T17:55:12.949+0000] {dag.py:4180} INFO - Setting next_dagrun for example_workday_timetable to 2021-01-04 00:00:00+00:00, run_after=2021-01-05 00:00:00+00:00
[2025-01-29T17:55:13.012+0000] {processor.py:208} INFO - Processing /home/airflow/.local/lib/python3.12/site-packages/airflow/example_dags/example_workday_timetable.py took 1.228 seconds
