[2025-01-29T17:23:02.229+0000] {processor.py:186} INFO - Started process (PID=143) to work on /opt/bitnami/airflow/venv/lib/python3.12/site-packages/airflow/example_dags/example_xcomargs.py
[2025-01-29T17:23:02.234+0000] {processor.py:914} INFO - Processing file /opt/bitnami/airflow/venv/lib/python3.12/site-packages/airflow/example_dags/example_xcomargs.py for tasks to queue
[2025-01-29T17:23:02.245+0000] {logging_mixin.py:190} INFO - [2025-01-29T17:23:02.244+0000] {dagbag.py:588} INFO - Filling up the DagBag from /opt/bitnami/airflow/venv/lib/python3.12/site-packages/airflow/example_dags/example_xcomargs.py
[2025-01-29T17:23:02.298+0000] {processor.py:925} INFO - DAG(s) 'example_xcom_args_with_operators', 'example_xcom_args' retrieved from /opt/bitnami/airflow/venv/lib/python3.12/site-packages/airflow/example_dags/example_xcomargs.py
[2025-01-29T17:23:02.922+0000] {logging_mixin.py:190} INFO - [2025-01-29T17:23:02.915+0000] {override.py:1911} INFO - Created Permission View: can read on DAG:example_xcom_args_with_operators
[2025-01-29T17:23:03.009+0000] {logging_mixin.py:190} INFO - [2025-01-29T17:23:03.007+0000] {override.py:1911} INFO - Created Permission View: can delete on DAG:example_xcom_args_with_operators
[2025-01-29T17:23:03.060+0000] {logging_mixin.py:190} INFO - [2025-01-29T17:23:03.052+0000] {override.py:1911} INFO - Created Permission View: can edit on DAG:example_xcom_args_with_operators
[2025-01-29T17:23:03.111+0000] {logging_mixin.py:190} INFO - [2025-01-29T17:23:03.110+0000] {override.py:1911} INFO - Created Permission View: menu access on DAG Run:example_xcom_args_with_operators
[2025-01-29T17:23:03.167+0000] {logging_mixin.py:190} INFO - [2025-01-29T17:23:03.166+0000] {override.py:1911} INFO - Created Permission View: can read on DAG Run:example_xcom_args_with_operators
[2025-01-29T17:23:03.225+0000] {logging_mixin.py:190} INFO - [2025-01-29T17:23:03.220+0000] {override.py:1911} INFO - Created Permission View: can create on DAG Run:example_xcom_args_with_operators
[2025-01-29T17:23:03.305+0000] {logging_mixin.py:190} INFO - [2025-01-29T17:23:03.304+0000] {override.py:1911} INFO - Created Permission View: can delete on DAG Run:example_xcom_args_with_operators
[2025-01-29T17:23:03.377+0000] {logging_mixin.py:190} INFO - [2025-01-29T17:23:03.376+0000] {override.py:1911} INFO - Created Permission View: can read on DAG:example_xcom_args
[2025-01-29T17:23:03.401+0000] {logging_mixin.py:190} INFO - [2025-01-29T17:23:03.400+0000] {override.py:1911} INFO - Created Permission View: can delete on DAG:example_xcom_args
[2025-01-29T17:23:03.441+0000] {logging_mixin.py:190} INFO - [2025-01-29T17:23:03.440+0000] {override.py:1911} INFO - Created Permission View: can edit on DAG:example_xcom_args
[2025-01-29T17:23:03.470+0000] {logging_mixin.py:190} INFO - [2025-01-29T17:23:03.469+0000] {override.py:1911} INFO - Created Permission View: menu access on DAG Run:example_xcom_args
[2025-01-29T17:23:03.512+0000] {logging_mixin.py:190} INFO - [2025-01-29T17:23:03.509+0000] {override.py:1911} INFO - Created Permission View: can read on DAG Run:example_xcom_args
[2025-01-29T17:23:03.542+0000] {logging_mixin.py:190} INFO - [2025-01-29T17:23:03.541+0000] {override.py:1911} INFO - Created Permission View: can create on DAG Run:example_xcom_args
[2025-01-29T17:23:03.565+0000] {logging_mixin.py:190} INFO - [2025-01-29T17:23:03.564+0000] {override.py:1911} INFO - Created Permission View: can delete on DAG Run:example_xcom_args
[2025-01-29T17:23:03.569+0000] {logging_mixin.py:190} INFO - [2025-01-29T17:23:03.568+0000] {dag.py:3239} INFO - Sync 2 DAGs
[2025-01-29T17:23:03.627+0000] {logging_mixin.py:190} INFO - [2025-01-29T17:23:03.626+0000] {dag.py:3262} INFO - Creating ORM DAG for example_xcom_args_with_operators
[2025-01-29T17:23:03.641+0000] {logging_mixin.py:190} INFO - [2025-01-29T17:23:03.640+0000] {dag.py:3262} INFO - Creating ORM DAG for example_xcom_args
[2025-01-29T17:23:03.647+0000] {logging_mixin.py:190} INFO - [2025-01-29T17:23:03.646+0000] {dag.py:4180} INFO - Setting next_dagrun for example_xcom_args to None, run_after=None
[2025-01-29T17:23:03.656+0000] {logging_mixin.py:190} INFO - [2025-01-29T17:23:03.656+0000] {dag.py:4180} INFO - Setting next_dagrun for example_xcom_args_with_operators to None, run_after=None
[2025-01-29T17:23:03.974+0000] {processor.py:208} INFO - Processing /opt/bitnami/airflow/venv/lib/python3.12/site-packages/airflow/example_dags/example_xcomargs.py took 1.766 seconds
[2025-01-29T17:25:14.598+0000] {processor.py:186} INFO - Started process (PID=201) to work on /opt/bitnami/airflow/venv/lib/python3.12/site-packages/airflow/example_dags/example_xcomargs.py
[2025-01-29T17:25:14.600+0000] {processor.py:914} INFO - Processing file /opt/bitnami/airflow/venv/lib/python3.12/site-packages/airflow/example_dags/example_xcomargs.py for tasks to queue
[2025-01-29T17:25:14.608+0000] {logging_mixin.py:190} INFO - [2025-01-29T17:25:14.607+0000] {dagbag.py:588} INFO - Filling up the DagBag from /opt/bitnami/airflow/venv/lib/python3.12/site-packages/airflow/example_dags/example_xcomargs.py
[2025-01-29T17:25:14.629+0000] {processor.py:925} INFO - DAG(s) 'example_xcom_args', 'example_xcom_args_with_operators' retrieved from /opt/bitnami/airflow/venv/lib/python3.12/site-packages/airflow/example_dags/example_xcomargs.py
[2025-01-29T17:25:14.689+0000] {logging_mixin.py:190} INFO - [2025-01-29T17:25:14.689+0000] {dag.py:3239} INFO - Sync 2 DAGs
[2025-01-29T17:25:14.721+0000] {logging_mixin.py:190} INFO - [2025-01-29T17:25:14.720+0000] {dag.py:4180} INFO - Setting next_dagrun for example_xcom_args to None, run_after=None
[2025-01-29T17:25:14.732+0000] {logging_mixin.py:190} INFO - [2025-01-29T17:25:14.732+0000] {dag.py:4180} INFO - Setting next_dagrun for example_xcom_args_with_operators to None, run_after=None
[2025-01-29T17:25:14.768+0000] {processor.py:208} INFO - Processing /opt/bitnami/airflow/venv/lib/python3.12/site-packages/airflow/example_dags/example_xcomargs.py took 0.180 seconds
[2025-01-29T17:55:15.845+0000] {processor.py:186} INFO - Started process (PID=89) to work on /home/airflow/.local/lib/python3.12/site-packages/airflow/example_dags/example_xcomargs.py
[2025-01-29T17:55:15.849+0000] {processor.py:914} INFO - Processing file /home/airflow/.local/lib/python3.12/site-packages/airflow/example_dags/example_xcomargs.py for tasks to queue
[2025-01-29T17:55:15.858+0000] {logging_mixin.py:190} INFO - [2025-01-29T17:55:15.857+0000] {dagbag.py:588} INFO - Filling up the DagBag from /home/airflow/.local/lib/python3.12/site-packages/airflow/example_dags/example_xcomargs.py
[2025-01-29T17:55:15.900+0000] {processor.py:925} INFO - DAG(s) 'example_xcom_args', 'example_xcom_args_with_operators' retrieved from /home/airflow/.local/lib/python3.12/site-packages/airflow/example_dags/example_xcomargs.py
[2025-01-29T17:55:16.915+0000] {logging_mixin.py:190} INFO - [2025-01-29T17:55:16.905+0000] {override.py:1911} INFO - Created Permission View: can delete on DAG:example_xcom_args
[2025-01-29T17:55:18.152+0000] {logging_mixin.py:190} INFO - [2025-01-29T17:55:18.138+0000] {override.py:1911} INFO - Created Permission View: can read on DAG:example_xcom_args
[2025-01-29T17:55:18.918+0000] {logging_mixin.py:190} INFO - [2025-01-29T17:55:18.883+0000] {override.py:1911} INFO - Created Permission View: can edit on DAG:example_xcom_args
[2025-01-29T17:55:28.294+0000] {logging_mixin.py:190} INFO - [2025-01-29T17:55:28.190+0000] {override.py:1911} INFO - Created Permission View: can delete on DAG Run:example_xcom_args
[2025-01-29T17:55:35.635+0000] {logging_mixin.py:190} INFO - [2025-01-29T17:55:35.547+0000] {override.py:1911} INFO - Created Permission View: can create on DAG Run:example_xcom_args
[2025-01-29T17:57:15.512+0000] {logging_mixin.py:190} INFO - [2025-01-29T17:57:15.494+0000] {override.py:1911} INFO - Created Permission View: menu access on DAG Run:example_xcom_args
