[2025-01-29T00:30:50.169+0000] {processor.py:186} INFO - Started process (PID=80) to work on /home/airflow/.local/lib/python3.12/site-packages/airflow/example_dags/example_skip_dag.py
[2025-01-29T00:30:54.433+0000] {processor.py:914} INFO - Processing file /home/airflow/.local/lib/python3.12/site-packages/airflow/example_dags/example_skip_dag.py for tasks to queue
[2025-01-29T00:31:04.442+0000] {logging_mixin.py:190} INFO - [2025-01-29T00:31:00.630+0000] {dagbag.py:588} INFO - Filling up the DagBag from /home/airflow/.local/lib/python3.12/site-packages/airflow/example_dags/example_skip_dag.py
[2025-01-29T17:22:49.973+0000] {processor.py:186} INFO - Started process (PID=133) to work on /opt/bitnami/airflow/venv/lib/python3.12/site-packages/airflow/example_dags/example_skip_dag.py
[2025-01-29T17:22:49.979+0000] {processor.py:914} INFO - Processing file /opt/bitnami/airflow/venv/lib/python3.12/site-packages/airflow/example_dags/example_skip_dag.py for tasks to queue
[2025-01-29T17:22:50.002+0000] {logging_mixin.py:190} INFO - [2025-01-29T17:22:49.999+0000] {dagbag.py:588} INFO - Filling up the DagBag from /opt/bitnami/airflow/venv/lib/python3.12/site-packages/airflow/example_dags/example_skip_dag.py
[2025-01-29T17:22:50.089+0000] {processor.py:925} INFO - DAG(s) 'example_skip_dag' retrieved from /opt/bitnami/airflow/venv/lib/python3.12/site-packages/airflow/example_dags/example_skip_dag.py
[2025-01-29T17:22:51.263+0000] {logging_mixin.py:190} INFO - [2025-01-29T17:22:51.259+0000] {override.py:1911} INFO - Created Permission View: can read on DAG:example_skip_dag
[2025-01-29T17:22:51.358+0000] {logging_mixin.py:190} INFO - [2025-01-29T17:22:51.358+0000] {override.py:1911} INFO - Created Permission View: can delete on DAG:example_skip_dag
[2025-01-29T17:22:51.389+0000] {logging_mixin.py:190} INFO - [2025-01-29T17:22:51.388+0000] {override.py:1911} INFO - Created Permission View: can edit on DAG:example_skip_dag
[2025-01-29T17:22:51.416+0000] {logging_mixin.py:190} INFO - [2025-01-29T17:22:51.414+0000] {override.py:1911} INFO - Created Permission View: menu access on DAG Run:example_skip_dag
[2025-01-29T17:22:51.450+0000] {logging_mixin.py:190} INFO - [2025-01-29T17:22:51.449+0000] {override.py:1911} INFO - Created Permission View: can read on DAG Run:example_skip_dag
[2025-01-29T17:22:51.486+0000] {logging_mixin.py:190} INFO - [2025-01-29T17:22:51.484+0000] {override.py:1911} INFO - Created Permission View: can create on DAG Run:example_skip_dag
[2025-01-29T17:22:51.523+0000] {logging_mixin.py:190} INFO - [2025-01-29T17:22:51.520+0000] {override.py:1911} INFO - Created Permission View: can delete on DAG Run:example_skip_dag
[2025-01-29T17:22:51.531+0000] {logging_mixin.py:190} INFO - [2025-01-29T17:22:51.530+0000] {dag.py:3239} INFO - Sync 1 DAGs
[2025-01-29T17:22:51.617+0000] {logging_mixin.py:190} INFO - [2025-01-29T17:22:51.616+0000] {dag.py:3262} INFO - Creating ORM DAG for example_skip_dag
[2025-01-29T17:22:51.796+0000] {logging_mixin.py:190} INFO - [2025-01-29T17:22:51.793+0000] {dag.py:4180} INFO - Setting next_dagrun for example_skip_dag to 2025-01-28 00:00:00+00:00, run_after=2025-01-29 00:00:00+00:00
[2025-01-29T17:22:51.987+0000] {processor.py:208} INFO - Processing /opt/bitnami/airflow/venv/lib/python3.12/site-packages/airflow/example_dags/example_skip_dag.py took 2.058 seconds
[2025-01-29T17:25:12.339+0000] {processor.py:186} INFO - Started process (PID=191) to work on /opt/bitnami/airflow/venv/lib/python3.12/site-packages/airflow/example_dags/example_skip_dag.py
[2025-01-29T17:25:12.342+0000] {processor.py:914} INFO - Processing file /opt/bitnami/airflow/venv/lib/python3.12/site-packages/airflow/example_dags/example_skip_dag.py for tasks to queue
[2025-01-29T17:25:12.350+0000] {logging_mixin.py:190} INFO - [2025-01-29T17:25:12.349+0000] {dagbag.py:588} INFO - Filling up the DagBag from /opt/bitnami/airflow/venv/lib/python3.12/site-packages/airflow/example_dags/example_skip_dag.py
[2025-01-29T17:25:12.381+0000] {processor.py:925} INFO - DAG(s) 'example_skip_dag' retrieved from /opt/bitnami/airflow/venv/lib/python3.12/site-packages/airflow/example_dags/example_skip_dag.py
[2025-01-29T17:25:12.487+0000] {logging_mixin.py:190} INFO - [2025-01-29T17:25:12.483+0000] {dag.py:3239} INFO - Sync 1 DAGs
[2025-01-29T17:25:12.615+0000] {logging_mixin.py:190} INFO - [2025-01-29T17:25:12.614+0000] {dag.py:4180} INFO - Setting next_dagrun for example_skip_dag to 2025-01-28 00:00:00+00:00, run_after=2025-01-29 00:00:00+00:00
[2025-01-29T17:25:12.733+0000] {processor.py:208} INFO - Processing /opt/bitnami/airflow/venv/lib/python3.12/site-packages/airflow/example_dags/example_skip_dag.py took 0.409 seconds
[2025-01-29T17:54:17.190+0000] {processor.py:186} INFO - Started process (PID=74) to work on /home/airflow/.local/lib/python3.12/site-packages/airflow/example_dags/example_skip_dag.py
[2025-01-29T17:54:17.193+0000] {processor.py:914} INFO - Processing file /home/airflow/.local/lib/python3.12/site-packages/airflow/example_dags/example_skip_dag.py for tasks to queue
[2025-01-29T17:54:17.205+0000] {logging_mixin.py:190} INFO - [2025-01-29T17:54:17.204+0000] {dagbag.py:588} INFO - Filling up the DagBag from /home/airflow/.local/lib/python3.12/site-packages/airflow/example_dags/example_skip_dag.py
[2025-01-29T17:54:17.255+0000] {processor.py:925} INFO - DAG(s) 'example_skip_dag' retrieved from /home/airflow/.local/lib/python3.12/site-packages/airflow/example_dags/example_skip_dag.py
[2025-01-29T17:54:18.405+0000] {logging_mixin.py:190} INFO - [2025-01-29T17:54:18.398+0000] {override.py:1911} INFO - Created Permission View: can delete on DAG:example_skip_dag
[2025-01-29T17:54:18.700+0000] {logging_mixin.py:190} INFO - [2025-01-29T17:54:18.675+0000] {override.py:1911} INFO - Created Permission View: can read on DAG:example_skip_dag
[2025-01-29T17:54:19.596+0000] {logging_mixin.py:190} INFO - [2025-01-29T17:54:19.572+0000] {override.py:1911} INFO - Created Permission View: can edit on DAG:example_skip_dag
