[2025-01-29T00:27:32.115+0000] {processor.py:186} INFO - Started process (PID=78) to work on /home/airflow/.local/lib/python3.12/site-packages/airflow/example_dags/example_short_circuit_operator.py
[2025-01-29T00:27:32.184+0000] {processor.py:914} INFO - Processing file /home/airflow/.local/lib/python3.12/site-packages/airflow/example_dags/example_short_circuit_operator.py for tasks to queue
[2025-01-29T00:27:32.281+0000] {logging_mixin.py:190} INFO - [2025-01-29T00:27:32.262+0000] {dagbag.py:588} INFO - Filling up the DagBag from /home/airflow/.local/lib/python3.12/site-packages/airflow/example_dags/example_short_circuit_operator.py
[2025-01-29T00:27:32.747+0000] {processor.py:925} INFO - DAG(s) 'example_short_circuit_operator' retrieved from /home/airflow/.local/lib/python3.12/site-packages/airflow/example_dags/example_short_circuit_operator.py
[2025-01-29T17:22:47.989+0000] {processor.py:186} INFO - Started process (PID=131) to work on /opt/bitnami/airflow/venv/lib/python3.12/site-packages/airflow/example_dags/example_short_circuit_operator.py
[2025-01-29T17:22:47.997+0000] {processor.py:914} INFO - Processing file /opt/bitnami/airflow/venv/lib/python3.12/site-packages/airflow/example_dags/example_short_circuit_operator.py for tasks to queue
[2025-01-29T17:22:48.019+0000] {logging_mixin.py:190} INFO - [2025-01-29T17:22:48.017+0000] {dagbag.py:588} INFO - Filling up the DagBag from /opt/bitnami/airflow/venv/lib/python3.12/site-packages/airflow/example_dags/example_short_circuit_operator.py
[2025-01-29T17:22:48.079+0000] {processor.py:925} INFO - DAG(s) 'example_short_circuit_operator' retrieved from /opt/bitnami/airflow/venv/lib/python3.12/site-packages/airflow/example_dags/example_short_circuit_operator.py
[2025-01-29T17:22:48.875+0000] {logging_mixin.py:190} INFO - [2025-01-29T17:22:48.871+0000] {override.py:1911} INFO - Created Permission View: can read on DAG:example_short_circuit_operator
[2025-01-29T17:22:48.959+0000] {logging_mixin.py:190} INFO - [2025-01-29T17:22:48.957+0000] {override.py:1911} INFO - Created Permission View: can delete on DAG:example_short_circuit_operator
[2025-01-29T17:22:49.000+0000] {logging_mixin.py:190} INFO - [2025-01-29T17:22:48.999+0000] {override.py:1911} INFO - Created Permission View: can edit on DAG:example_short_circuit_operator
[2025-01-29T17:22:49.055+0000] {logging_mixin.py:190} INFO - [2025-01-29T17:22:49.053+0000] {override.py:1911} INFO - Created Permission View: menu access on DAG Run:example_short_circuit_operator
[2025-01-29T17:22:49.094+0000] {logging_mixin.py:190} INFO - [2025-01-29T17:22:49.093+0000] {override.py:1911} INFO - Created Permission View: can read on DAG Run:example_short_circuit_operator
[2025-01-29T17:22:49.169+0000] {logging_mixin.py:190} INFO - [2025-01-29T17:22:49.168+0000] {override.py:1911} INFO - Created Permission View: can create on DAG Run:example_short_circuit_operator
[2025-01-29T17:22:49.224+0000] {logging_mixin.py:190} INFO - [2025-01-29T17:22:49.222+0000] {override.py:1911} INFO - Created Permission View: can delete on DAG Run:example_short_circuit_operator
[2025-01-29T17:22:49.239+0000] {logging_mixin.py:190} INFO - [2025-01-29T17:22:49.237+0000] {dag.py:3239} INFO - Sync 1 DAGs
[2025-01-29T17:22:49.487+0000] {logging_mixin.py:190} INFO - [2025-01-29T17:22:49.485+0000] {dag.py:3262} INFO - Creating ORM DAG for example_short_circuit_operator
[2025-01-29T17:22:49.497+0000] {logging_mixin.py:190} INFO - [2025-01-29T17:22:49.496+0000] {dag.py:4180} INFO - Setting next_dagrun for example_short_circuit_operator to None, run_after=None
[2025-01-29T17:22:49.685+0000] {processor.py:208} INFO - Processing /opt/bitnami/airflow/venv/lib/python3.12/site-packages/airflow/example_dags/example_short_circuit_operator.py took 1.730 seconds
[2025-01-29T17:25:12.046+0000] {processor.py:186} INFO - Started process (PID=189) to work on /opt/bitnami/airflow/venv/lib/python3.12/site-packages/airflow/example_dags/example_short_circuit_operator.py
[2025-01-29T17:25:12.049+0000] {processor.py:914} INFO - Processing file /opt/bitnami/airflow/venv/lib/python3.12/site-packages/airflow/example_dags/example_short_circuit_operator.py for tasks to queue
[2025-01-29T17:25:12.057+0000] {logging_mixin.py:190} INFO - [2025-01-29T17:25:12.056+0000] {dagbag.py:588} INFO - Filling up the DagBag from /opt/bitnami/airflow/venv/lib/python3.12/site-packages/airflow/example_dags/example_short_circuit_operator.py
[2025-01-29T17:25:12.074+0000] {processor.py:925} INFO - DAG(s) 'example_short_circuit_operator' retrieved from /opt/bitnami/airflow/venv/lib/python3.12/site-packages/airflow/example_dags/example_short_circuit_operator.py
[2025-01-29T17:25:12.136+0000] {logging_mixin.py:190} INFO - [2025-01-29T17:25:12.135+0000] {dag.py:3239} INFO - Sync 1 DAGs
[2025-01-29T17:25:12.173+0000] {logging_mixin.py:190} INFO - [2025-01-29T17:25:12.172+0000] {dag.py:4180} INFO - Setting next_dagrun for example_short_circuit_operator to None, run_after=None
[2025-01-29T17:25:12.219+0000] {processor.py:208} INFO - Processing /opt/bitnami/airflow/venv/lib/python3.12/site-packages/airflow/example_dags/example_short_circuit_operator.py took 0.183 seconds
[2025-01-29T17:54:10.465+0000] {processor.py:186} INFO - Started process (PID=67) to work on /home/airflow/.local/lib/python3.12/site-packages/airflow/example_dags/example_short_circuit_operator.py
[2025-01-29T17:54:10.470+0000] {processor.py:914} INFO - Processing file /home/airflow/.local/lib/python3.12/site-packages/airflow/example_dags/example_short_circuit_operator.py for tasks to queue
[2025-01-29T17:54:10.478+0000] {logging_mixin.py:190} INFO - [2025-01-29T17:54:10.477+0000] {dagbag.py:588} INFO - Filling up the DagBag from /home/airflow/.local/lib/python3.12/site-packages/airflow/example_dags/example_short_circuit_operator.py
[2025-01-29T17:54:10.660+0000] {processor.py:925} INFO - DAG(s) 'example_short_circuit_operator' retrieved from /home/airflow/.local/lib/python3.12/site-packages/airflow/example_dags/example_short_circuit_operator.py
[2025-01-29T17:54:14.210+0000] {logging_mixin.py:190} INFO - [2025-01-29T17:54:14.195+0000] {override.py:1911} INFO - Created Permission View: can delete on DAG:example_short_circuit_operator
[2025-01-29T17:54:14.416+0000] {logging_mixin.py:190} INFO - [2025-01-29T17:54:14.400+0000] {override.py:1911} INFO - Created Permission View: can read on DAG:example_short_circuit_operator
[2025-01-29T17:54:14.736+0000] {logging_mixin.py:190} INFO - [2025-01-29T17:54:14.726+0000] {override.py:1911} INFO - Created Permission View: can edit on DAG:example_short_circuit_operator
[2025-01-29T17:54:14.982+0000] {logging_mixin.py:190} INFO - [2025-01-29T17:54:14.971+0000] {override.py:1911} INFO - Created Permission View: can delete on DAG Run:example_short_circuit_operator
[2025-01-29T17:54:15.483+0000] {logging_mixin.py:190} INFO - [2025-01-29T17:54:15.470+0000] {override.py:1911} INFO - Created Permission View: can create on DAG Run:example_short_circuit_operator
[2025-01-29T17:54:16.422+0000] {logging_mixin.py:190} INFO - [2025-01-29T17:54:16.400+0000] {override.py:1911} INFO - Created Permission View: menu access on DAG Run:example_short_circuit_operator
[2025-01-29T17:54:16.531+0000] {logging_mixin.py:190} INFO - [2025-01-29T17:54:16.529+0000] {override.py:1911} INFO - Created Permission View: can read on DAG Run:example_short_circuit_operator
[2025-01-29T17:54:16.557+0000] {logging_mixin.py:190} INFO - [2025-01-29T17:54:16.556+0000] {dag.py:3239} INFO - Sync 1 DAGs
[2025-01-29T17:54:16.643+0000] {logging_mixin.py:190} INFO - [2025-01-29T17:54:16.642+0000] {dag.py:3262} INFO - Creating ORM DAG for example_short_circuit_operator
[2025-01-29T17:54:16.649+0000] {logging_mixin.py:190} INFO - [2025-01-29T17:54:16.648+0000] {dag.py:4180} INFO - Setting next_dagrun for example_short_circuit_operator to None, run_after=None
[2025-01-29T17:54:16.803+0000] {processor.py:208} INFO - Processing /home/airflow/.local/lib/python3.12/site-packages/airflow/example_dags/example_short_circuit_operator.py took 6.350 seconds
