[2025-01-29T17:24:50.241+0000] {processor.py:186} INFO - Started process (PID=156) to work on /opt/bitnami/airflow/venv/lib/python3.12/site-packages/airflow/example_dags/example_inlet_event_extra.py
[2025-01-29T17:24:50.244+0000] {processor.py:914} INFO - Processing file /opt/bitnami/airflow/venv/lib/python3.12/site-packages/airflow/example_dags/example_inlet_event_extra.py for tasks to queue
[2025-01-29T17:24:50.251+0000] {logging_mixin.py:190} INFO - [2025-01-29T17:24:50.250+0000] {dagbag.py:588} INFO - Filling up the DagBag from /opt/bitnami/airflow/venv/lib/python3.12/site-packages/airflow/example_dags/example_inlet_event_extra.py
[2025-01-29T17:24:58.515+0000] {processor.py:925} INFO - DAG(s) 'read_dataset_event', 'read_dataset_event_from_classic' retrieved from /opt/bitnami/airflow/venv/lib/python3.12/site-packages/airflow/example_dags/example_inlet_event_extra.py
[2025-01-29T17:24:58.656+0000] {logging_mixin.py:190} INFO - [2025-01-29T17:24:58.654+0000] {override.py:1911} INFO - Created Permission View: can read on DAG:read_dataset_event
[2025-01-29T17:24:58.683+0000] {logging_mixin.py:190} INFO - [2025-01-29T17:24:58.682+0000] {override.py:1911} INFO - Created Permission View: can delete on DAG:read_dataset_event
[2025-01-29T17:24:58.700+0000] {logging_mixin.py:190} INFO - [2025-01-29T17:24:58.700+0000] {override.py:1911} INFO - Created Permission View: can edit on DAG:read_dataset_event
[2025-01-29T17:24:58.722+0000] {logging_mixin.py:190} INFO - [2025-01-29T17:24:58.721+0000] {override.py:1911} INFO - Created Permission View: menu access on DAG Run:read_dataset_event
[2025-01-29T17:24:58.741+0000] {logging_mixin.py:190} INFO - [2025-01-29T17:24:58.740+0000] {override.py:1911} INFO - Created Permission View: can read on DAG Run:read_dataset_event
[2025-01-29T17:24:58.761+0000] {logging_mixin.py:190} INFO - [2025-01-29T17:24:58.760+0000] {override.py:1911} INFO - Created Permission View: can create on DAG Run:read_dataset_event
[2025-01-29T17:24:58.779+0000] {logging_mixin.py:190} INFO - [2025-01-29T17:24:58.778+0000] {override.py:1911} INFO - Created Permission View: can delete on DAG Run:read_dataset_event
[2025-01-29T17:24:58.816+0000] {logging_mixin.py:190} INFO - [2025-01-29T17:24:58.815+0000] {override.py:1911} INFO - Created Permission View: can read on DAG:read_dataset_event_from_classic
[2025-01-29T17:24:58.837+0000] {logging_mixin.py:190} INFO - [2025-01-29T17:24:58.836+0000] {override.py:1911} INFO - Created Permission View: can delete on DAG:read_dataset_event_from_classic
[2025-01-29T17:24:58.861+0000] {logging_mixin.py:190} INFO - [2025-01-29T17:24:58.861+0000] {override.py:1911} INFO - Created Permission View: can edit on DAG:read_dataset_event_from_classic
[2025-01-29T17:24:58.887+0000] {logging_mixin.py:190} INFO - [2025-01-29T17:24:58.886+0000] {override.py:1911} INFO - Created Permission View: menu access on DAG Run:read_dataset_event_from_classic
[2025-01-29T17:24:58.906+0000] {logging_mixin.py:190} INFO - [2025-01-29T17:24:58.906+0000] {override.py:1911} INFO - Created Permission View: can read on DAG Run:read_dataset_event_from_classic
[2025-01-29T17:24:58.924+0000] {logging_mixin.py:190} INFO - [2025-01-29T17:24:58.924+0000] {override.py:1911} INFO - Created Permission View: can create on DAG Run:read_dataset_event_from_classic
[2025-01-29T17:24:58.943+0000] {logging_mixin.py:190} INFO - [2025-01-29T17:24:58.942+0000] {override.py:1911} INFO - Created Permission View: can delete on DAG Run:read_dataset_event_from_classic
[2025-01-29T17:24:58.945+0000] {logging_mixin.py:190} INFO - [2025-01-29T17:24:58.944+0000] {dag.py:3239} INFO - Sync 2 DAGs
[2025-01-29T17:24:58.974+0000] {logging_mixin.py:190} INFO - [2025-01-29T17:24:58.973+0000] {dag.py:3262} INFO - Creating ORM DAG for read_dataset_event_from_classic
[2025-01-29T17:24:58.977+0000] {logging_mixin.py:190} INFO - [2025-01-29T17:24:58.976+0000] {dag.py:3262} INFO - Creating ORM DAG for read_dataset_event
[2025-01-29T17:24:59.001+0000] {logging_mixin.py:190} INFO - [2025-01-29T17:24:59.001+0000] {dag.py:4180} INFO - Setting next_dagrun for read_dataset_event to 2025-01-28 00:00:00+00:00, run_after=2025-01-29 00:00:00+00:00
[2025-01-29T17:24:59.008+0000] {logging_mixin.py:190} INFO - [2025-01-29T17:24:59.008+0000] {dag.py:4180} INFO - Setting next_dagrun for read_dataset_event_from_classic to 2025-01-28 00:00:00+00:00, run_after=2025-01-29 00:00:00+00:00
[2025-01-29T17:24:59.051+0000] {processor.py:208} INFO - Processing /opt/bitnami/airflow/venv/lib/python3.12/site-packages/airflow/example_dags/example_inlet_event_extra.py took 8.830 seconds
