[2025-01-29T17:22:55.936+0000] {processor.py:186} INFO - Started process (PID=138) to work on /opt/bitnami/airflow/venv/lib/python3.12/site-packages/airflow/example_dags/example_params_trigger_ui.py
[2025-01-29T17:22:55.943+0000] {processor.py:914} INFO - Processing file /opt/bitnami/airflow/venv/lib/python3.12/site-packages/airflow/example_dags/example_params_trigger_ui.py for tasks to queue
[2025-01-29T17:22:55.963+0000] {logging_mixin.py:190} INFO - [2025-01-29T17:22:55.961+0000] {dagbag.py:588} INFO - Filling up the DagBag from /opt/bitnami/airflow/venv/lib/python3.12/site-packages/airflow/example_dags/example_params_trigger_ui.py
[2025-01-29T17:22:56.198+0000] {processor.py:925} INFO - DAG(s) 'example_params_trigger_ui' retrieved from /opt/bitnami/airflow/venv/lib/python3.12/site-packages/airflow/example_dags/example_params_trigger_ui.py
[2025-01-29T17:22:57.832+0000] {logging_mixin.py:190} INFO - [2025-01-29T17:22:57.825+0000] {override.py:1911} INFO - Created Permission View: can read on DAG:example_params_trigger_ui
[2025-01-29T17:22:58.029+0000] {logging_mixin.py:190} INFO - [2025-01-29T17:22:58.017+0000] {override.py:1911} INFO - Created Permission View: can delete on DAG:example_params_trigger_ui
[2025-01-29T17:22:58.109+0000] {logging_mixin.py:190} INFO - [2025-01-29T17:22:58.106+0000] {override.py:1911} INFO - Created Permission View: can edit on DAG:example_params_trigger_ui
[2025-01-29T17:22:58.197+0000] {logging_mixin.py:190} INFO - [2025-01-29T17:22:58.194+0000] {override.py:1911} INFO - Created Permission View: menu access on DAG Run:example_params_trigger_ui
[2025-01-29T17:22:58.241+0000] {logging_mixin.py:190} INFO - [2025-01-29T17:22:58.239+0000] {override.py:1911} INFO - Created Permission View: can read on DAG Run:example_params_trigger_ui
[2025-01-29T17:22:58.350+0000] {logging_mixin.py:190} INFO - [2025-01-29T17:22:58.349+0000] {override.py:1911} INFO - Created Permission View: can create on DAG Run:example_params_trigger_ui
[2025-01-29T17:22:58.410+0000] {logging_mixin.py:190} INFO - [2025-01-29T17:22:58.402+0000] {override.py:1911} INFO - Created Permission View: can delete on DAG Run:example_params_trigger_ui
[2025-01-29T17:22:58.495+0000] {logging_mixin.py:190} INFO - [2025-01-29T17:22:58.483+0000] {dag.py:3239} INFO - Sync 1 DAGs
[2025-01-29T17:22:58.826+0000] {logging_mixin.py:190} INFO - [2025-01-29T17:22:58.817+0000] {dag.py:3262} INFO - Creating ORM DAG for example_params_trigger_ui
[2025-01-29T17:22:58.965+0000] {logging_mixin.py:190} INFO - [2025-01-29T17:22:58.955+0000] {dag.py:4180} INFO - Setting next_dagrun for example_params_trigger_ui to None, run_after=None
[2025-01-29T17:22:59.256+0000] {processor.py:208} INFO - Processing /opt/bitnami/airflow/venv/lib/python3.12/site-packages/airflow/example_dags/example_params_trigger_ui.py took 3.364 seconds
[2025-01-29T17:25:13.653+0000] {processor.py:186} INFO - Started process (PID=196) to work on /opt/bitnami/airflow/venv/lib/python3.12/site-packages/airflow/example_dags/example_params_trigger_ui.py
[2025-01-29T17:25:13.656+0000] {processor.py:914} INFO - Processing file /opt/bitnami/airflow/venv/lib/python3.12/site-packages/airflow/example_dags/example_params_trigger_ui.py for tasks to queue
[2025-01-29T17:25:13.662+0000] {logging_mixin.py:190} INFO - [2025-01-29T17:25:13.661+0000] {dagbag.py:588} INFO - Filling up the DagBag from /opt/bitnami/airflow/venv/lib/python3.12/site-packages/airflow/example_dags/example_params_trigger_ui.py
[2025-01-29T17:25:13.684+0000] {processor.py:925} INFO - DAG(s) 'example_params_trigger_ui' retrieved from /opt/bitnami/airflow/venv/lib/python3.12/site-packages/airflow/example_dags/example_params_trigger_ui.py
[2025-01-29T17:25:13.823+0000] {logging_mixin.py:190} INFO - [2025-01-29T17:25:13.822+0000] {dag.py:3239} INFO - Sync 1 DAGs
[2025-01-29T17:25:13.856+0000] {logging_mixin.py:190} INFO - [2025-01-29T17:25:13.856+0000] {dag.py:4180} INFO - Setting next_dagrun for example_params_trigger_ui to None, run_after=None
[2025-01-29T17:25:13.902+0000] {processor.py:208} INFO - Processing /opt/bitnami/airflow/venv/lib/python3.12/site-packages/airflow/example_dags/example_params_trigger_ui.py took 0.260 seconds
[2025-01-29T17:55:13.165+0000] {processor.py:186} INFO - Started process (PID=84) to work on /home/airflow/.local/lib/python3.12/site-packages/airflow/example_dags/example_params_trigger_ui.py
[2025-01-29T17:55:13.169+0000] {processor.py:914} INFO - Processing file /home/airflow/.local/lib/python3.12/site-packages/airflow/example_dags/example_params_trigger_ui.py for tasks to queue
[2025-01-29T17:55:13.178+0000] {logging_mixin.py:190} INFO - [2025-01-29T17:55:13.177+0000] {dagbag.py:588} INFO - Filling up the DagBag from /home/airflow/.local/lib/python3.12/site-packages/airflow/example_dags/example_params_trigger_ui.py
[2025-01-29T17:55:13.232+0000] {processor.py:925} INFO - DAG(s) 'example_params_trigger_ui' retrieved from /home/airflow/.local/lib/python3.12/site-packages/airflow/example_dags/example_params_trigger_ui.py
[2025-01-29T17:55:13.647+0000] {logging_mixin.py:190} INFO - [2025-01-29T17:55:13.645+0000] {override.py:1911} INFO - Created Permission View: can delete on DAG:example_params_trigger_ui
[2025-01-29T17:55:13.676+0000] {logging_mixin.py:190} INFO - [2025-01-29T17:55:13.675+0000] {override.py:1911} INFO - Created Permission View: can read on DAG:example_params_trigger_ui
[2025-01-29T17:55:13.702+0000] {logging_mixin.py:190} INFO - [2025-01-29T17:55:13.701+0000] {override.py:1911} INFO - Created Permission View: can edit on DAG:example_params_trigger_ui
[2025-01-29T17:55:13.724+0000] {logging_mixin.py:190} INFO - [2025-01-29T17:55:13.723+0000] {override.py:1911} INFO - Created Permission View: can delete on DAG Run:example_params_trigger_ui
[2025-01-29T17:55:13.744+0000] {logging_mixin.py:190} INFO - [2025-01-29T17:55:13.744+0000] {override.py:1911} INFO - Created Permission View: can create on DAG Run:example_params_trigger_ui
[2025-01-29T17:55:13.763+0000] {logging_mixin.py:190} INFO - [2025-01-29T17:55:13.763+0000] {override.py:1911} INFO - Created Permission View: menu access on DAG Run:example_params_trigger_ui
[2025-01-29T17:55:13.783+0000] {logging_mixin.py:190} INFO - [2025-01-29T17:55:13.782+0000] {override.py:1911} INFO - Created Permission View: can read on DAG Run:example_params_trigger_ui
[2025-01-29T17:55:13.786+0000] {logging_mixin.py:190} INFO - [2025-01-29T17:55:13.785+0000] {dag.py:3239} INFO - Sync 1 DAGs
[2025-01-29T17:55:13.822+0000] {logging_mixin.py:190} INFO - [2025-01-29T17:55:13.821+0000] {dag.py:3262} INFO - Creating ORM DAG for example_params_trigger_ui
[2025-01-29T17:55:13.826+0000] {logging_mixin.py:190} INFO - [2025-01-29T17:55:13.825+0000] {dag.py:4180} INFO - Setting next_dagrun for example_params_trigger_ui to None, run_after=None
[2025-01-29T17:55:13.880+0000] {processor.py:208} INFO - Processing /home/airflow/.local/lib/python3.12/site-packages/airflow/example_dags/example_params_trigger_ui.py took 0.731 seconds
