[2025-01-29T17:24:46.980+0000] {processor.py:186} INFO - Started process (PID=149) to work on /opt/bitnami/airflow/venv/lib/python3.12/site-packages/airflow/example_dags/example_branch_python_dop_operator_3.py
[2025-01-29T17:24:46.985+0000] {processor.py:914} INFO - Processing file /opt/bitnami/airflow/venv/lib/python3.12/site-packages/airflow/example_dags/example_branch_python_dop_operator_3.py for tasks to queue
[2025-01-29T17:24:46.999+0000] {logging_mixin.py:190} INFO - [2025-01-29T17:24:46.997+0000] {dagbag.py:588} INFO - Filling up the DagBag from /opt/bitnami/airflow/venv/lib/python3.12/site-packages/airflow/example_dags/example_branch_python_dop_operator_3.py
[2025-01-29T17:24:47.077+0000] {processor.py:925} INFO - DAG(s) 'example_branch_dop_operator_v3' retrieved from /opt/bitnami/airflow/venv/lib/python3.12/site-packages/airflow/example_dags/example_branch_python_dop_operator_3.py
[2025-01-29T17:24:47.551+0000] {logging_mixin.py:190} INFO - [2025-01-29T17:24:47.549+0000] {override.py:1911} INFO - Created Permission View: can read on DAG:example_branch_dop_operator_v3
[2025-01-29T17:24:47.582+0000] {logging_mixin.py:190} INFO - [2025-01-29T17:24:47.581+0000] {override.py:1911} INFO - Created Permission View: can delete on DAG:example_branch_dop_operator_v3
[2025-01-29T17:24:47.611+0000] {logging_mixin.py:190} INFO - [2025-01-29T17:24:47.609+0000] {override.py:1911} INFO - Created Permission View: can edit on DAG:example_branch_dop_operator_v3
[2025-01-29T17:24:47.639+0000] {logging_mixin.py:190} INFO - [2025-01-29T17:24:47.638+0000] {override.py:1911} INFO - Created Permission View: menu access on DAG Run:example_branch_dop_operator_v3
[2025-01-29T17:24:47.662+0000] {logging_mixin.py:190} INFO - [2025-01-29T17:24:47.660+0000] {override.py:1911} INFO - Created Permission View: can read on DAG Run:example_branch_dop_operator_v3
[2025-01-29T17:24:47.697+0000] {logging_mixin.py:190} INFO - [2025-01-29T17:24:47.696+0000] {override.py:1911} INFO - Created Permission View: can create on DAG Run:example_branch_dop_operator_v3
[2025-01-29T17:24:47.755+0000] {logging_mixin.py:190} INFO - [2025-01-29T17:24:47.754+0000] {override.py:1911} INFO - Created Permission View: can delete on DAG Run:example_branch_dop_operator_v3
[2025-01-29T17:24:47.762+0000] {logging_mixin.py:190} INFO - [2025-01-29T17:24:47.762+0000] {dag.py:3239} INFO - Sync 1 DAGs
[2025-01-29T17:24:47.841+0000] {logging_mixin.py:190} INFO - [2025-01-29T17:24:47.840+0000] {dag.py:3262} INFO - Creating ORM DAG for example_branch_dop_operator_v3
[2025-01-29T17:24:47.945+0000] {logging_mixin.py:190} INFO - [2025-01-29T17:24:47.945+0000] {dag.py:4180} INFO - Setting next_dagrun for example_branch_dop_operator_v3 to 2025-01-29 17:23:00+00:00, run_after=2025-01-29 17:24:00+00:00
[2025-01-29T17:24:48.005+0000] {processor.py:208} INFO - Processing /opt/bitnami/airflow/venv/lib/python3.12/site-packages/airflow/example_dags/example_branch_python_dop_operator_3.py took 1.049 seconds
[2025-01-29T18:00:23.570+0000] {processor.py:186} INFO - Started process (PID=95) to work on /home/airflow/.local/lib/python3.12/site-packages/airflow/example_dags/example_branch_python_dop_operator_3.py
[2025-01-29T18:00:23.582+0000] {processor.py:914} INFO - Processing file /home/airflow/.local/lib/python3.12/site-packages/airflow/example_dags/example_branch_python_dop_operator_3.py for tasks to queue
[2025-01-29T18:00:23.692+0000] {logging_mixin.py:190} INFO - [2025-01-29T18:00:23.684+0000] {dagbag.py:588} INFO - Filling up the DagBag from /home/airflow/.local/lib/python3.12/site-packages/airflow/example_dags/example_branch_python_dop_operator_3.py
[2025-01-29T18:00:23.961+0000] {processor.py:925} INFO - DAG(s) 'example_branch_dop_operator_v3' retrieved from /home/airflow/.local/lib/python3.12/site-packages/airflow/example_dags/example_branch_python_dop_operator_3.py
[2025-01-29T18:00:25.955+0000] {logging_mixin.py:190} INFO - [2025-01-29T18:00:25.946+0000] {override.py:1911} INFO - Created Permission View: can delete on DAG:example_branch_dop_operator_v3
[2025-01-29T18:00:26.026+0000] {logging_mixin.py:190} INFO - [2025-01-29T18:00:26.024+0000] {override.py:1911} INFO - Created Permission View: can read on DAG:example_branch_dop_operator_v3
[2025-01-29T18:00:26.068+0000] {logging_mixin.py:190} INFO - [2025-01-29T18:00:26.067+0000] {override.py:1911} INFO - Created Permission View: can edit on DAG:example_branch_dop_operator_v3
[2025-01-29T18:00:29.073+0000] {logging_mixin.py:190} INFO - [2025-01-29T18:00:29.072+0000] {process_utils.py:266} INFO - Waiting up to 5 seconds for processes to exit...
