[2025-01-29T17:24:11.565+0000] {processor.py:186} INFO - Started process (PID=148) to work on /opt/bitnami/airflow/venv/lib/python3.12/site-packages/airflow/example_dags/example_params_ui_tutorial.py
[2025-01-29T17:24:11.754+0000] {processor.py:914} INFO - Processing file /opt/bitnami/airflow/venv/lib/python3.12/site-packages/airflow/example_dags/example_params_ui_tutorial.py for tasks to queue
[2025-01-29T17:24:11.934+0000] {logging_mixin.py:190} INFO - [2025-01-29T17:24:11.911+0000] {dagbag.py:588} INFO - Filling up the DagBag from /opt/bitnami/airflow/venv/lib/python3.12/site-packages/airflow/example_dags/example_params_ui_tutorial.py
[2025-01-29T17:24:12.269+0000] {processor.py:925} INFO - DAG(s) 'example_params_ui_tutorial' retrieved from /opt/bitnami/airflow/venv/lib/python3.12/site-packages/airflow/example_dags/example_params_ui_tutorial.py
[2025-01-29T17:24:39.600+0000] {logging_mixin.py:190} INFO - [2025-01-29T17:24:39.250+0000] {override.py:1911} INFO - Created Permission View: can read on DAG:example_params_ui_tutorial
[2025-01-29T17:24:45.813+0000] {logging_mixin.py:190} INFO - [2025-01-29T17:24:45.812+0000] {override.py:1911} INFO - Created Permission View: can delete on DAG:example_params_ui_tutorial
[2025-01-29T17:24:46.083+0000] {logging_mixin.py:190} INFO - [2025-01-29T17:24:46.082+0000] {override.py:1911} INFO - Created Permission View: can edit on DAG:example_params_ui_tutorial
[2025-01-29T17:24:46.211+0000] {logging_mixin.py:190} INFO - [2025-01-29T17:24:46.210+0000] {override.py:1911} INFO - Created Permission View: menu access on DAG Run:example_params_ui_tutorial
[2025-01-29T17:24:46.282+0000] {logging_mixin.py:190} INFO - [2025-01-29T17:24:46.273+0000] {override.py:1911} INFO - Created Permission View: can read on DAG Run:example_params_ui_tutorial
[2025-01-29T17:24:46.357+0000] {logging_mixin.py:190} INFO - [2025-01-29T17:24:46.355+0000] {override.py:1911} INFO - Created Permission View: can create on DAG Run:example_params_ui_tutorial
[2025-01-29T17:24:46.445+0000] {logging_mixin.py:190} INFO - [2025-01-29T17:24:46.443+0000] {override.py:1911} INFO - Created Permission View: can delete on DAG Run:example_params_ui_tutorial
[2025-01-29T17:24:46.455+0000] {logging_mixin.py:190} INFO - [2025-01-29T17:24:46.454+0000] {dag.py:3239} INFO - Sync 1 DAGs
[2025-01-29T17:24:46.608+0000] {logging_mixin.py:190} INFO - [2025-01-29T17:24:46.607+0000] {dag.py:3262} INFO - Creating ORM DAG for example_params_ui_tutorial
[2025-01-29T17:24:46.622+0000] {logging_mixin.py:190} INFO - [2025-01-29T17:24:46.620+0000] {dag.py:4180} INFO - Setting next_dagrun for example_params_ui_tutorial to None, run_after=None
[2025-01-29T17:24:46.748+0000] {processor.py:208} INFO - Processing /opt/bitnami/airflow/venv/lib/python3.12/site-packages/airflow/example_dags/example_params_ui_tutorial.py took 35.084 seconds
[2025-01-29T18:00:23.565+0000] {processor.py:186} INFO - Started process (PID=94) to work on /home/airflow/.local/lib/python3.12/site-packages/airflow/example_dags/example_params_ui_tutorial.py
[2025-01-29T18:00:23.582+0000] {processor.py:914} INFO - Processing file /home/airflow/.local/lib/python3.12/site-packages/airflow/example_dags/example_params_ui_tutorial.py for tasks to queue
[2025-01-29T18:00:23.691+0000] {logging_mixin.py:190} INFO - [2025-01-29T18:00:23.684+0000] {dagbag.py:588} INFO - Filling up the DagBag from /home/airflow/.local/lib/python3.12/site-packages/airflow/example_dags/example_params_ui_tutorial.py
[2025-01-29T18:00:23.888+0000] {processor.py:925} INFO - DAG(s) 'example_params_ui_tutorial' retrieved from /home/airflow/.local/lib/python3.12/site-packages/airflow/example_dags/example_params_ui_tutorial.py
[2025-01-29T18:00:25.955+0000] {logging_mixin.py:190} INFO - [2025-01-29T18:00:25.942+0000] {override.py:1911} INFO - Created Permission View: can delete on DAG:example_params_ui_tutorial
[2025-01-29T18:00:26.014+0000] {logging_mixin.py:190} INFO - [2025-01-29T18:00:26.013+0000] {override.py:1911} INFO - Created Permission View: can read on DAG:example_params_ui_tutorial
[2025-01-29T18:00:26.058+0000] {logging_mixin.py:190} INFO - [2025-01-29T18:00:26.057+0000] {override.py:1911} INFO - Created Permission View: can edit on DAG:example_params_ui_tutorial
