[2025-01-29T17:24:59.047+0000] {processor.py:186} INFO - Started process (PID=166) to work on /opt/bitnami/airflow/venv/lib/python3.12/site-packages/airflow/example_dags/example_dataset_alias.py
[2025-01-29T17:24:59.050+0000] {processor.py:914} INFO - Processing file /opt/bitnami/airflow/venv/lib/python3.12/site-packages/airflow/example_dags/example_dataset_alias.py for tasks to queue
[2025-01-29T17:24:59.058+0000] {logging_mixin.py:190} INFO - [2025-01-29T17:24:59.057+0000] {dagbag.py:588} INFO - Filling up the DagBag from /opt/bitnami/airflow/venv/lib/python3.12/site-packages/airflow/example_dags/example_dataset_alias.py
[2025-01-29T17:25:02.699+0000] {processor.py:925} INFO - DAG(s) 'dataset_s3_bucket_producer', 'dataset_alias_example_alias_consumer', 'dataset_alias_example_alias_producer', 'dataset_s3_bucket_consumer' retrieved from /opt/bitnami/airflow/venv/lib/python3.12/site-packages/airflow/example_dags/example_dataset_alias.py
[2025-01-29T17:25:03.264+0000] {logging_mixin.py:190} INFO - [2025-01-29T17:25:03.257+0000] {override.py:1911} INFO - Created Permission View: can read on DAG:dataset_s3_bucket_producer
[2025-01-29T17:25:03.351+0000] {logging_mixin.py:190} INFO - [2025-01-29T17:25:03.350+0000] {override.py:1911} INFO - Created Permission View: can delete on DAG:dataset_s3_bucket_producer
[2025-01-29T17:25:03.374+0000] {logging_mixin.py:190} INFO - [2025-01-29T17:25:03.374+0000] {override.py:1911} INFO - Created Permission View: can edit on DAG:dataset_s3_bucket_producer
[2025-01-29T17:25:03.398+0000] {logging_mixin.py:190} INFO - [2025-01-29T17:25:03.397+0000] {override.py:1911} INFO - Created Permission View: menu access on DAG Run:dataset_s3_bucket_producer
[2025-01-29T17:25:03.425+0000] {logging_mixin.py:190} INFO - [2025-01-29T17:25:03.424+0000] {override.py:1911} INFO - Created Permission View: can read on DAG Run:dataset_s3_bucket_producer
[2025-01-29T17:25:03.454+0000] {logging_mixin.py:190} INFO - [2025-01-29T17:25:03.453+0000] {override.py:1911} INFO - Created Permission View: can create on DAG Run:dataset_s3_bucket_producer
[2025-01-29T17:25:03.476+0000] {logging_mixin.py:190} INFO - [2025-01-29T17:25:03.476+0000] {override.py:1911} INFO - Created Permission View: can delete on DAG Run:dataset_s3_bucket_producer
[2025-01-29T17:25:03.539+0000] {logging_mixin.py:190} INFO - [2025-01-29T17:25:03.538+0000] {override.py:1911} INFO - Created Permission View: can read on DAG:dataset_alias_example_alias_consumer
[2025-01-29T17:25:03.561+0000] {logging_mixin.py:190} INFO - [2025-01-29T17:25:03.560+0000] {override.py:1911} INFO - Created Permission View: can delete on DAG:dataset_alias_example_alias_consumer
[2025-01-29T17:25:03.579+0000] {logging_mixin.py:190} INFO - [2025-01-29T17:25:03.579+0000] {override.py:1911} INFO - Created Permission View: can edit on DAG:dataset_alias_example_alias_consumer
[2025-01-29T17:25:03.607+0000] {logging_mixin.py:190} INFO - [2025-01-29T17:25:03.606+0000] {override.py:1911} INFO - Created Permission View: menu access on DAG Run:dataset_alias_example_alias_consumer
[2025-01-29T17:25:03.643+0000] {logging_mixin.py:190} INFO - [2025-01-29T17:25:03.630+0000] {override.py:1911} INFO - Created Permission View: can read on DAG Run:dataset_alias_example_alias_consumer
[2025-01-29T17:25:03.682+0000] {logging_mixin.py:190} INFO - [2025-01-29T17:25:03.681+0000] {override.py:1911} INFO - Created Permission View: can create on DAG Run:dataset_alias_example_alias_consumer
[2025-01-29T17:25:03.704+0000] {logging_mixin.py:190} INFO - [2025-01-29T17:25:03.704+0000] {override.py:1911} INFO - Created Permission View: can delete on DAG Run:dataset_alias_example_alias_consumer
[2025-01-29T17:25:03.886+0000] {logging_mixin.py:190} INFO - [2025-01-29T17:25:03.874+0000] {override.py:1911} INFO - Created Permission View: can read on DAG:dataset_alias_example_alias_producer
[2025-01-29T17:25:03.953+0000] {logging_mixin.py:190} INFO - [2025-01-29T17:25:03.952+0000] {override.py:1911} INFO - Created Permission View: can delete on DAG:dataset_alias_example_alias_producer
[2025-01-29T17:25:03.983+0000] {logging_mixin.py:190} INFO - [2025-01-29T17:25:03.982+0000] {override.py:1911} INFO - Created Permission View: can edit on DAG:dataset_alias_example_alias_producer
[2025-01-29T17:25:04.021+0000] {logging_mixin.py:190} INFO - [2025-01-29T17:25:04.020+0000] {override.py:1911} INFO - Created Permission View: menu access on DAG Run:dataset_alias_example_alias_producer
[2025-01-29T17:25:04.049+0000] {logging_mixin.py:190} INFO - [2025-01-29T17:25:04.048+0000] {override.py:1911} INFO - Created Permission View: can read on DAG Run:dataset_alias_example_alias_producer
[2025-01-29T17:25:04.073+0000] {logging_mixin.py:190} INFO - [2025-01-29T17:25:04.072+0000] {override.py:1911} INFO - Created Permission View: can create on DAG Run:dataset_alias_example_alias_producer
[2025-01-29T17:25:04.095+0000] {logging_mixin.py:190} INFO - [2025-01-29T17:25:04.094+0000] {override.py:1911} INFO - Created Permission View: can delete on DAG Run:dataset_alias_example_alias_producer
[2025-01-29T17:25:04.170+0000] {logging_mixin.py:190} INFO - [2025-01-29T17:25:04.169+0000] {override.py:1911} INFO - Created Permission View: can read on DAG:dataset_s3_bucket_consumer
[2025-01-29T17:25:04.196+0000] {logging_mixin.py:190} INFO - [2025-01-29T17:25:04.195+0000] {override.py:1911} INFO - Created Permission View: can delete on DAG:dataset_s3_bucket_consumer
[2025-01-29T17:25:04.225+0000] {logging_mixin.py:190} INFO - [2025-01-29T17:25:04.224+0000] {override.py:1911} INFO - Created Permission View: can edit on DAG:dataset_s3_bucket_consumer
[2025-01-29T17:25:04.251+0000] {logging_mixin.py:190} INFO - [2025-01-29T17:25:04.250+0000] {override.py:1911} INFO - Created Permission View: menu access on DAG Run:dataset_s3_bucket_consumer
[2025-01-29T17:25:04.282+0000] {logging_mixin.py:190} INFO - [2025-01-29T17:25:04.281+0000] {override.py:1911} INFO - Created Permission View: can read on DAG Run:dataset_s3_bucket_consumer
[2025-01-29T17:25:04.313+0000] {logging_mixin.py:190} INFO - [2025-01-29T17:25:04.311+0000] {override.py:1911} INFO - Created Permission View: can create on DAG Run:dataset_s3_bucket_consumer
[2025-01-29T17:25:04.371+0000] {logging_mixin.py:190} INFO - [2025-01-29T17:25:04.368+0000] {override.py:1911} INFO - Created Permission View: can delete on DAG Run:dataset_s3_bucket_consumer
[2025-01-29T17:25:04.379+0000] {logging_mixin.py:190} INFO - [2025-01-29T17:25:04.378+0000] {dag.py:3239} INFO - Sync 4 DAGs
[2025-01-29T17:25:04.502+0000] {logging_mixin.py:190} INFO - [2025-01-29T17:25:04.491+0000] {dag.py:3262} INFO - Creating ORM DAG for dataset_s3_bucket_consumer
[2025-01-29T17:25:04.523+0000] {logging_mixin.py:190} INFO - [2025-01-29T17:25:04.522+0000] {dag.py:3262} INFO - Creating ORM DAG for dataset_alias_example_alias_producer
[2025-01-29T17:25:04.527+0000] {logging_mixin.py:190} INFO - [2025-01-29T17:25:04.526+0000] {dag.py:3262} INFO - Creating ORM DAG for dataset_alias_example_alias_consumer
[2025-01-29T17:25:04.531+0000] {logging_mixin.py:190} INFO - [2025-01-29T17:25:04.530+0000] {dag.py:3262} INFO - Creating ORM DAG for dataset_s3_bucket_producer
[2025-01-29T17:25:04.582+0000] {logging_mixin.py:190} INFO - [2025-01-29T17:25:04.581+0000] {dag.py:4180} INFO - Setting next_dagrun for dataset_alias_example_alias_consumer to None, run_after=None
[2025-01-29T17:25:04.589+0000] {logging_mixin.py:190} INFO - [2025-01-29T17:25:04.588+0000] {dag.py:4180} INFO - Setting next_dagrun for dataset_alias_example_alias_producer to None, run_after=None
[2025-01-29T17:25:04.594+0000] {logging_mixin.py:190} INFO - [2025-01-29T17:25:04.593+0000] {dag.py:4180} INFO - Setting next_dagrun for dataset_s3_bucket_consumer to None, run_after=None
[2025-01-29T17:25:04.597+0000] {logging_mixin.py:190} INFO - [2025-01-29T17:25:04.596+0000] {dag.py:4180} INFO - Setting next_dagrun for dataset_s3_bucket_producer to None, run_after=None
[2025-01-29T17:25:04.707+0000] {processor.py:208} INFO - Processing /opt/bitnami/airflow/venv/lib/python3.12/site-packages/airflow/example_dags/example_dataset_alias.py took 5.672 seconds
