[2025-01-29T17:22:52.437+0000] {processor.py:186} INFO - Started process (PID=135) to work on /opt/bitnami/airflow/venv/lib/python3.12/site-packages/airflow/example_dags/example_python_decorator.py
[2025-01-29T17:22:52.443+0000] {processor.py:914} INFO - Processing file /opt/bitnami/airflow/venv/lib/python3.12/site-packages/airflow/example_dags/example_python_decorator.py for tasks to queue
[2025-01-29T17:22:52.458+0000] {logging_mixin.py:190} INFO - [2025-01-29T17:22:52.455+0000] {dagbag.py:588} INFO - Filling up the DagBag from /opt/bitnami/airflow/venv/lib/python3.12/site-packages/airflow/example_dags/example_python_decorator.py
[2025-01-29T17:22:52.602+0000] {processor.py:925} INFO - DAG(s) 'example_python_decorator' retrieved from /opt/bitnami/airflow/venv/lib/python3.12/site-packages/airflow/example_dags/example_python_decorator.py
[2025-01-29T17:22:53.030+0000] {logging_mixin.py:190} INFO - [2025-01-29T17:22:53.028+0000] {override.py:1911} INFO - Created Permission View: can read on DAG:example_python_decorator
[2025-01-29T17:22:53.099+0000] {logging_mixin.py:190} INFO - [2025-01-29T17:22:53.097+0000] {override.py:1911} INFO - Created Permission View: can delete on DAG:example_python_decorator
[2025-01-29T17:22:53.136+0000] {logging_mixin.py:190} INFO - [2025-01-29T17:22:53.134+0000] {override.py:1911} INFO - Created Permission View: can edit on DAG:example_python_decorator
[2025-01-29T17:22:53.165+0000] {logging_mixin.py:190} INFO - [2025-01-29T17:22:53.163+0000] {override.py:1911} INFO - Created Permission View: menu access on DAG Run:example_python_decorator
[2025-01-29T17:22:53.193+0000] {logging_mixin.py:190} INFO - [2025-01-29T17:22:53.192+0000] {override.py:1911} INFO - Created Permission View: can read on DAG Run:example_python_decorator
[2025-01-29T17:22:53.223+0000] {logging_mixin.py:190} INFO - [2025-01-29T17:22:53.222+0000] {override.py:1911} INFO - Created Permission View: can create on DAG Run:example_python_decorator
[2025-01-29T17:22:53.252+0000] {logging_mixin.py:190} INFO - [2025-01-29T17:22:53.251+0000] {override.py:1911} INFO - Created Permission View: can delete on DAG Run:example_python_decorator
[2025-01-29T17:22:53.257+0000] {logging_mixin.py:190} INFO - [2025-01-29T17:22:53.256+0000] {dag.py:3239} INFO - Sync 1 DAGs
[2025-01-29T17:22:53.446+0000] {logging_mixin.py:190} INFO - [2025-01-29T17:22:53.439+0000] {dag.py:3262} INFO - Creating ORM DAG for example_python_decorator
[2025-01-29T17:22:53.465+0000] {logging_mixin.py:190} INFO - [2025-01-29T17:22:53.464+0000] {dag.py:4180} INFO - Setting next_dagrun for example_python_decorator to None, run_after=None
[2025-01-29T17:22:53.630+0000] {processor.py:208} INFO - Processing /opt/bitnami/airflow/venv/lib/python3.12/site-packages/airflow/example_dags/example_python_decorator.py took 1.235 seconds
[2025-01-29T17:25:12.909+0000] {processor.py:186} INFO - Started process (PID=193) to work on /opt/bitnami/airflow/venv/lib/python3.12/site-packages/airflow/example_dags/example_python_decorator.py
[2025-01-29T17:25:12.915+0000] {processor.py:914} INFO - Processing file /opt/bitnami/airflow/venv/lib/python3.12/site-packages/airflow/example_dags/example_python_decorator.py for tasks to queue
[2025-01-29T17:25:12.924+0000] {logging_mixin.py:190} INFO - [2025-01-29T17:25:12.923+0000] {dagbag.py:588} INFO - Filling up the DagBag from /opt/bitnami/airflow/venv/lib/python3.12/site-packages/airflow/example_dags/example_python_decorator.py
[2025-01-29T17:25:12.971+0000] {processor.py:925} INFO - DAG(s) 'example_python_decorator' retrieved from /opt/bitnami/airflow/venv/lib/python3.12/site-packages/airflow/example_dags/example_python_decorator.py
[2025-01-29T17:25:13.071+0000] {logging_mixin.py:190} INFO - [2025-01-29T17:25:13.070+0000] {dag.py:3239} INFO - Sync 1 DAGs
[2025-01-29T17:25:13.120+0000] {logging_mixin.py:190} INFO - [2025-01-29T17:25:13.119+0000] {dag.py:4180} INFO - Setting next_dagrun for example_python_decorator to None, run_after=None
[2025-01-29T17:25:13.178+0000] {processor.py:208} INFO - Processing /opt/bitnami/airflow/venv/lib/python3.12/site-packages/airflow/example_dags/example_python_decorator.py took 0.285 seconds
[2025-01-29T17:55:11.041+0000] {processor.py:186} INFO - Started process (PID=76) to work on /home/airflow/.local/lib/python3.12/site-packages/airflow/example_dags/example_python_decorator.py
[2025-01-29T17:55:11.050+0000] {processor.py:914} INFO - Processing file /home/airflow/.local/lib/python3.12/site-packages/airflow/example_dags/example_python_decorator.py for tasks to queue
[2025-01-29T17:55:11.131+0000] {logging_mixin.py:190} INFO - [2025-01-29T17:55:11.127+0000] {dagbag.py:588} INFO - Filling up the DagBag from /home/airflow/.local/lib/python3.12/site-packages/airflow/example_dags/example_python_decorator.py
[2025-01-29T17:55:11.465+0000] {processor.py:925} INFO - DAG(s) 'example_python_decorator' retrieved from /home/airflow/.local/lib/python3.12/site-packages/airflow/example_dags/example_python_decorator.py
[2025-01-29T17:55:12.218+0000] {logging_mixin.py:190} INFO - [2025-01-29T17:55:12.210+0000] {override.py:1911} INFO - Created Permission View: can delete on DAG:example_python_decorator
[2025-01-29T17:55:12.279+0000] {logging_mixin.py:190} INFO - [2025-01-29T17:55:12.277+0000] {override.py:1911} INFO - Created Permission View: can read on DAG:example_python_decorator
[2025-01-29T17:55:12.305+0000] {logging_mixin.py:190} INFO - [2025-01-29T17:55:12.304+0000] {override.py:1911} INFO - Created Permission View: can edit on DAG:example_python_decorator
[2025-01-29T17:55:12.332+0000] {logging_mixin.py:190} INFO - [2025-01-29T17:55:12.330+0000] {override.py:1911} INFO - Created Permission View: can delete on DAG Run:example_python_decorator
[2025-01-29T17:55:12.357+0000] {logging_mixin.py:190} INFO - [2025-01-29T17:55:12.357+0000] {override.py:1911} INFO - Created Permission View: can create on DAG Run:example_python_decorator
[2025-01-29T17:55:12.380+0000] {logging_mixin.py:190} INFO - [2025-01-29T17:55:12.378+0000] {override.py:1911} INFO - Created Permission View: menu access on DAG Run:example_python_decorator
[2025-01-29T17:55:12.403+0000] {logging_mixin.py:190} INFO - [2025-01-29T17:55:12.403+0000] {override.py:1911} INFO - Created Permission View: can read on DAG Run:example_python_decorator
[2025-01-29T17:55:12.407+0000] {logging_mixin.py:190} INFO - [2025-01-29T17:55:12.406+0000] {dag.py:3239} INFO - Sync 1 DAGs
[2025-01-29T17:55:12.449+0000] {logging_mixin.py:190} INFO - [2025-01-29T17:55:12.448+0000] {dag.py:3262} INFO - Creating ORM DAG for example_python_decorator
[2025-01-29T17:55:12.452+0000] {logging_mixin.py:190} INFO - [2025-01-29T17:55:12.452+0000] {dag.py:4180} INFO - Setting next_dagrun for example_python_decorator to None, run_after=None
[2025-01-29T17:55:12.536+0000] {processor.py:208} INFO - Processing /home/airflow/.local/lib/python3.12/site-packages/airflow/example_dags/example_python_decorator.py took 1.657 seconds
