[2025-01-29T17:23:01.990+0000] {processor.py:186} INFO - Started process (PID=142) to work on /opt/bitnami/airflow/venv/lib/python3.12/site-packages/airflow/example_dags/example_kubernetes_executor.py
[2025-01-29T17:23:01.995+0000] {processor.py:914} INFO - Processing file /opt/bitnami/airflow/venv/lib/python3.12/site-packages/airflow/example_dags/example_kubernetes_executor.py for tasks to queue
[2025-01-29T17:23:02.008+0000] {logging_mixin.py:190} INFO - [2025-01-29T17:23:02.006+0000] {dagbag.py:588} INFO - Filling up the DagBag from /opt/bitnami/airflow/venv/lib/python3.12/site-packages/airflow/example_dags/example_kubernetes_executor.py
[2025-01-29T17:23:02.297+0000] {processor.py:925} INFO - DAG(s) 'example_kubernetes_executor' retrieved from /opt/bitnami/airflow/venv/lib/python3.12/site-packages/airflow/example_dags/example_kubernetes_executor.py
[2025-01-29T17:23:02.958+0000] {logging_mixin.py:190} INFO - [2025-01-29T17:23:02.956+0000] {override.py:1911} INFO - Created Permission View: can read on DAG:example_kubernetes_executor
[2025-01-29T17:23:03.018+0000] {logging_mixin.py:190} INFO - [2025-01-29T17:23:03.017+0000] {override.py:1911} INFO - Created Permission View: can delete on DAG:example_kubernetes_executor
[2025-01-29T17:23:03.060+0000] {logging_mixin.py:190} INFO - [2025-01-29T17:23:03.050+0000] {override.py:1911} INFO - Created Permission View: can edit on DAG:example_kubernetes_executor
[2025-01-29T17:23:03.115+0000] {logging_mixin.py:190} INFO - [2025-01-29T17:23:03.112+0000] {override.py:1911} INFO - Created Permission View: menu access on DAG Run:example_kubernetes_executor
[2025-01-29T17:23:03.165+0000] {logging_mixin.py:190} INFO - [2025-01-29T17:23:03.164+0000] {override.py:1911} INFO - Created Permission View: can read on DAG Run:example_kubernetes_executor
[2025-01-29T17:23:03.226+0000] {logging_mixin.py:190} INFO - [2025-01-29T17:23:03.218+0000] {override.py:1911} INFO - Created Permission View: can create on DAG Run:example_kubernetes_executor
[2025-01-29T17:23:03.308+0000] {logging_mixin.py:190} INFO - [2025-01-29T17:23:03.306+0000] {override.py:1911} INFO - Created Permission View: can delete on DAG Run:example_kubernetes_executor
[2025-01-29T17:23:03.310+0000] {logging_mixin.py:190} INFO - [2025-01-29T17:23:03.310+0000] {dag.py:3239} INFO - Sync 1 DAGs
[2025-01-29T17:23:03.367+0000] {logging_mixin.py:190} INFO - [2025-01-29T17:23:03.367+0000] {dag.py:3262} INFO - Creating ORM DAG for example_kubernetes_executor
[2025-01-29T17:23:03.373+0000] {logging_mixin.py:190} INFO - [2025-01-29T17:23:03.372+0000] {dag.py:4180} INFO - Setting next_dagrun for example_kubernetes_executor to None, run_after=None
[2025-01-29T17:23:03.471+0000] {processor.py:208} INFO - Processing /opt/bitnami/airflow/venv/lib/python3.12/site-packages/airflow/example_dags/example_kubernetes_executor.py took 1.504 seconds
[2025-01-29T17:25:14.326+0000] {processor.py:186} INFO - Started process (PID=200) to work on /opt/bitnami/airflow/venv/lib/python3.12/site-packages/airflow/example_dags/example_kubernetes_executor.py
[2025-01-29T17:25:14.331+0000] {processor.py:914} INFO - Processing file /opt/bitnami/airflow/venv/lib/python3.12/site-packages/airflow/example_dags/example_kubernetes_executor.py for tasks to queue
[2025-01-29T17:25:14.337+0000] {logging_mixin.py:190} INFO - [2025-01-29T17:25:14.336+0000] {dagbag.py:588} INFO - Filling up the DagBag from /opt/bitnami/airflow/venv/lib/python3.12/site-packages/airflow/example_dags/example_kubernetes_executor.py
[2025-01-29T17:25:14.361+0000] {processor.py:925} INFO - DAG(s) 'example_kubernetes_executor' retrieved from /opt/bitnami/airflow/venv/lib/python3.12/site-packages/airflow/example_dags/example_kubernetes_executor.py
[2025-01-29T17:25:14.435+0000] {logging_mixin.py:190} INFO - [2025-01-29T17:25:14.434+0000] {dag.py:3239} INFO - Sync 1 DAGs
[2025-01-29T17:25:14.465+0000] {logging_mixin.py:190} INFO - [2025-01-29T17:25:14.465+0000] {dag.py:4180} INFO - Setting next_dagrun for example_kubernetes_executor to None, run_after=None
[2025-01-29T17:25:14.508+0000] {processor.py:208} INFO - Processing /opt/bitnami/airflow/venv/lib/python3.12/site-packages/airflow/example_dags/example_kubernetes_executor.py took 0.198 seconds
[2025-01-29T17:55:15.768+0000] {processor.py:186} INFO - Started process (PID=88) to work on /home/airflow/.local/lib/python3.12/site-packages/airflow/example_dags/example_kubernetes_executor.py
[2025-01-29T17:55:15.772+0000] {processor.py:914} INFO - Processing file /home/airflow/.local/lib/python3.12/site-packages/airflow/example_dags/example_kubernetes_executor.py for tasks to queue
[2025-01-29T17:55:15.780+0000] {logging_mixin.py:190} INFO - [2025-01-29T17:55:15.778+0000] {dagbag.py:588} INFO - Filling up the DagBag from /home/airflow/.local/lib/python3.12/site-packages/airflow/example_dags/example_kubernetes_executor.py
[2025-01-29T17:55:15.866+0000] {processor.py:925} INFO - DAG(s) 'example_kubernetes_executor' retrieved from /home/airflow/.local/lib/python3.12/site-packages/airflow/example_dags/example_kubernetes_executor.py
[2025-01-29T17:55:16.916+0000] {logging_mixin.py:190} INFO - [2025-01-29T17:55:16.903+0000] {override.py:1911} INFO - Created Permission View: can delete on DAG:example_kubernetes_executor
[2025-01-29T17:55:18.151+0000] {logging_mixin.py:190} INFO - [2025-01-29T17:55:18.127+0000] {override.py:1911} INFO - Created Permission View: can read on DAG:example_kubernetes_executor
[2025-01-29T17:55:18.924+0000] {logging_mixin.py:190} INFO - [2025-01-29T17:55:18.881+0000] {override.py:1911} INFO - Created Permission View: can edit on DAG:example_kubernetes_executor
[2025-01-29T17:55:24.230+0000] {logging_mixin.py:190} INFO - [2025-01-29T17:55:23.960+0000] {override.py:1911} INFO - Created Permission View: can delete on DAG Run:example_kubernetes_executor
[2025-01-29T17:55:35.255+0000] {logging_mixin.py:190} INFO - [2025-01-29T17:55:35.152+0000] {override.py:1911} INFO - Created Permission View: can create on DAG Run:example_kubernetes_executor
