[2025-01-29T17:24:59.737+0000] {processor.py:186} INFO - Started process (PID=168) to work on /opt/bitnami/airflow/venv/lib/python3.12/site-packages/airflow/example_dags/example_outlet_event_extra.py
[2025-01-29T17:24:59.741+0000] {processor.py:914} INFO - Processing file /opt/bitnami/airflow/venv/lib/python3.12/site-packages/airflow/example_dags/example_outlet_event_extra.py for tasks to queue
[2025-01-29T17:24:59.748+0000] {logging_mixin.py:190} INFO - [2025-01-29T17:24:59.747+0000] {dagbag.py:588} INFO - Filling up the DagBag from /opt/bitnami/airflow/venv/lib/python3.12/site-packages/airflow/example_dags/example_outlet_event_extra.py
[2025-01-29T17:25:02.322+0000] {processor.py:925} INFO - DAG(s) 'dataset_with_extra_by_yield', 'dataset_with_extra_by_context', 'dataset_with_extra_from_classic_operator' retrieved from /opt/bitnami/airflow/venv/lib/python3.12/site-packages/airflow/example_dags/example_outlet_event_extra.py
[2025-01-29T17:25:03.264+0000] {logging_mixin.py:190} INFO - [2025-01-29T17:25:03.253+0000] {override.py:1911} INFO - Created Permission View: can read on DAG:dataset_with_extra_by_yield
[2025-01-29T17:25:03.350+0000] {logging_mixin.py:190} INFO - [2025-01-29T17:25:03.348+0000] {override.py:1911} INFO - Created Permission View: can delete on DAG:dataset_with_extra_by_yield
[2025-01-29T17:25:03.373+0000] {logging_mixin.py:190} INFO - [2025-01-29T17:25:03.372+0000] {override.py:1911} INFO - Created Permission View: can edit on DAG:dataset_with_extra_by_yield
[2025-01-29T17:25:03.401+0000] {logging_mixin.py:190} INFO - [2025-01-29T17:25:03.400+0000] {override.py:1911} INFO - Created Permission View: menu access on DAG Run:dataset_with_extra_by_yield
[2025-01-29T17:25:03.427+0000] {logging_mixin.py:190} INFO - [2025-01-29T17:25:03.426+0000] {override.py:1911} INFO - Created Permission View: can read on DAG Run:dataset_with_extra_by_yield
[2025-01-29T17:25:03.456+0000] {logging_mixin.py:190} INFO - [2025-01-29T17:25:03.455+0000] {override.py:1911} INFO - Created Permission View: can create on DAG Run:dataset_with_extra_by_yield
[2025-01-29T17:25:03.485+0000] {logging_mixin.py:190} INFO - [2025-01-29T17:25:03.484+0000] {override.py:1911} INFO - Created Permission View: can delete on DAG Run:dataset_with_extra_by_yield
[2025-01-29T17:25:03.537+0000] {logging_mixin.py:190} INFO - [2025-01-29T17:25:03.536+0000] {override.py:1911} INFO - Created Permission View: can read on DAG:dataset_with_extra_by_context
[2025-01-29T17:25:03.559+0000] {logging_mixin.py:190} INFO - [2025-01-29T17:25:03.558+0000] {override.py:1911} INFO - Created Permission View: can delete on DAG:dataset_with_extra_by_context
[2025-01-29T17:25:03.581+0000] {logging_mixin.py:190} INFO - [2025-01-29T17:25:03.580+0000] {override.py:1911} INFO - Created Permission View: can edit on DAG:dataset_with_extra_by_context
[2025-01-29T17:25:03.609+0000] {logging_mixin.py:190} INFO - [2025-01-29T17:25:03.608+0000] {override.py:1911} INFO - Created Permission View: menu access on DAG Run:dataset_with_extra_by_context
[2025-01-29T17:25:03.643+0000] {logging_mixin.py:190} INFO - [2025-01-29T17:25:03.628+0000] {override.py:1911} INFO - Created Permission View: can read on DAG Run:dataset_with_extra_by_context
[2025-01-29T17:25:03.687+0000] {logging_mixin.py:190} INFO - [2025-01-29T17:25:03.686+0000] {override.py:1911} INFO - Created Permission View: can create on DAG Run:dataset_with_extra_by_context
[2025-01-29T17:25:03.709+0000] {logging_mixin.py:190} INFO - [2025-01-29T17:25:03.708+0000] {override.py:1911} INFO - Created Permission View: can delete on DAG Run:dataset_with_extra_by_context
[2025-01-29T17:25:03.886+0000] {logging_mixin.py:190} INFO - [2025-01-29T17:25:03.875+0000] {override.py:1911} INFO - Created Permission View: can read on DAG:dataset_with_extra_from_classic_operator
[2025-01-29T17:25:03.955+0000] {logging_mixin.py:190} INFO - [2025-01-29T17:25:03.954+0000] {override.py:1911} INFO - Created Permission View: can delete on DAG:dataset_with_extra_from_classic_operator
[2025-01-29T17:25:03.983+0000] {logging_mixin.py:190} INFO - [2025-01-29T17:25:03.982+0000] {override.py:1911} INFO - Created Permission View: can edit on DAG:dataset_with_extra_from_classic_operator
[2025-01-29T17:25:04.024+0000] {logging_mixin.py:190} INFO - [2025-01-29T17:25:04.022+0000] {override.py:1911} INFO - Created Permission View: menu access on DAG Run:dataset_with_extra_from_classic_operator
[2025-01-29T17:25:04.051+0000] {logging_mixin.py:190} INFO - [2025-01-29T17:25:04.050+0000] {override.py:1911} INFO - Created Permission View: can read on DAG Run:dataset_with_extra_from_classic_operator
[2025-01-29T17:25:04.076+0000] {logging_mixin.py:190} INFO - [2025-01-29T17:25:04.075+0000] {override.py:1911} INFO - Created Permission View: can create on DAG Run:dataset_with_extra_from_classic_operator
[2025-01-29T17:25:04.101+0000] {logging_mixin.py:190} INFO - [2025-01-29T17:25:04.100+0000] {override.py:1911} INFO - Created Permission View: can delete on DAG Run:dataset_with_extra_from_classic_operator
[2025-01-29T17:25:04.103+0000] {logging_mixin.py:190} INFO - [2025-01-29T17:25:04.103+0000] {dag.py:3239} INFO - Sync 3 DAGs
[2025-01-29T17:25:04.193+0000] {logging_mixin.py:190} INFO - [2025-01-29T17:25:04.191+0000] {dag.py:3262} INFO - Creating ORM DAG for dataset_with_extra_from_classic_operator
[2025-01-29T17:25:04.197+0000] {logging_mixin.py:190} INFO - [2025-01-29T17:25:04.196+0000] {dag.py:3262} INFO - Creating ORM DAG for dataset_with_extra_by_context
[2025-01-29T17:25:04.203+0000] {logging_mixin.py:190} INFO - [2025-01-29T17:25:04.202+0000] {dag.py:3262} INFO - Creating ORM DAG for dataset_with_extra_by_yield
[2025-01-29T17:25:04.250+0000] {logging_mixin.py:190} INFO - [2025-01-29T17:25:04.249+0000] {dag.py:4180} INFO - Setting next_dagrun for dataset_with_extra_by_context to 2025-01-28 00:00:00+00:00, run_after=2025-01-29 00:00:00+00:00
[2025-01-29T17:25:04.260+0000] {logging_mixin.py:190} INFO - [2025-01-29T17:25:04.260+0000] {dag.py:4180} INFO - Setting next_dagrun for dataset_with_extra_by_yield to 2025-01-28 00:00:00+00:00, run_after=2025-01-29 00:00:00+00:00
[2025-01-29T17:25:04.271+0000] {logging_mixin.py:190} INFO - [2025-01-29T17:25:04.270+0000] {dag.py:4180} INFO - Setting next_dagrun for dataset_with_extra_from_classic_operator to 2025-01-28 00:00:00+00:00, run_after=2025-01-29 00:00:00+00:00
[2025-01-29T17:25:04.496+0000] {processor.py:208} INFO - Processing /opt/bitnami/airflow/venv/lib/python3.12/site-packages/airflow/example_dags/example_outlet_event_extra.py took 4.770 seconds
