[2025-01-29T17:25:06.152+0000] {processor.py:186} INFO - Started process (PID=173) to work on /opt/bitnami/airflow/venv/lib/python3.12/site-packages/airflow/example_dags/example_datasets.py
[2025-01-29T17:25:06.154+0000] {processor.py:914} INFO - Processing file /opt/bitnami/airflow/venv/lib/python3.12/site-packages/airflow/example_dags/example_datasets.py for tasks to queue
[2025-01-29T17:25:06.162+0000] {logging_mixin.py:190} INFO - [2025-01-29T17:25:06.160+0000] {dagbag.py:588} INFO - Filling up the DagBag from /opt/bitnami/airflow/venv/lib/python3.12/site-packages/airflow/example_dags/example_datasets.py
[2025-01-29T17:25:08.944+0000] {processor.py:925} INFO - DAG(s) 'conditional_dataset_and_time_based_timetable', 'dataset_produces_1', 'dataset_consumes_unknown_never_scheduled', 'dataset_consumes_1', 'consume_1_or_2_with_dataset_expressions', 'dataset_consumes_1_never_scheduled', 'dataset_consumes_1_and_2', 'consume_1_and_2_with_dataset_expressions', 'dataset_produces_2', 'consume_1_or_both_2_and_3_with_dataset_expressions' retrieved from /opt/bitnami/airflow/venv/lib/python3.12/site-packages/airflow/example_dags/example_datasets.py
[2025-01-29T17:25:09.099+0000] {logging_mixin.py:190} INFO - [2025-01-29T17:25:09.098+0000] {override.py:1911} INFO - Created Permission View: can read on DAG:conditional_dataset_and_time_based_timetable
[2025-01-29T17:25:09.123+0000] {logging_mixin.py:190} INFO - [2025-01-29T17:25:09.122+0000] {override.py:1911} INFO - Created Permission View: can delete on DAG:conditional_dataset_and_time_based_timetable
[2025-01-29T17:25:09.141+0000] {logging_mixin.py:190} INFO - [2025-01-29T17:25:09.140+0000] {override.py:1911} INFO - Created Permission View: can edit on DAG:conditional_dataset_and_time_based_timetable
[2025-01-29T17:25:09.167+0000] {logging_mixin.py:190} INFO - [2025-01-29T17:25:09.167+0000] {override.py:1911} INFO - Created Permission View: menu access on DAG Run:conditional_dataset_and_time_based_timetable
[2025-01-29T17:25:09.183+0000] {logging_mixin.py:190} INFO - [2025-01-29T17:25:09.183+0000] {override.py:1911} INFO - Created Permission View: can read on DAG Run:conditional_dataset_and_time_based_timetable
[2025-01-29T17:25:09.200+0000] {logging_mixin.py:190} INFO - [2025-01-29T17:25:09.200+0000] {override.py:1911} INFO - Created Permission View: can create on DAG Run:conditional_dataset_and_time_based_timetable
[2025-01-29T17:25:09.219+0000] {logging_mixin.py:190} INFO - [2025-01-29T17:25:09.219+0000] {override.py:1911} INFO - Created Permission View: can delete on DAG Run:conditional_dataset_and_time_based_timetable
[2025-01-29T17:25:09.251+0000] {logging_mixin.py:190} INFO - [2025-01-29T17:25:09.250+0000] {override.py:1911} INFO - Created Permission View: can read on DAG:dataset_produces_1
[2025-01-29T17:25:09.271+0000] {logging_mixin.py:190} INFO - [2025-01-29T17:25:09.270+0000] {override.py:1911} INFO - Created Permission View: can delete on DAG:dataset_produces_1
[2025-01-29T17:25:09.291+0000] {logging_mixin.py:190} INFO - [2025-01-29T17:25:09.290+0000] {override.py:1911} INFO - Created Permission View: can edit on DAG:dataset_produces_1
[2025-01-29T17:25:09.313+0000] {logging_mixin.py:190} INFO - [2025-01-29T17:25:09.312+0000] {override.py:1911} INFO - Created Permission View: menu access on DAG Run:dataset_produces_1
[2025-01-29T17:25:09.332+0000] {logging_mixin.py:190} INFO - [2025-01-29T17:25:09.331+0000] {override.py:1911} INFO - Created Permission View: can read on DAG Run:dataset_produces_1
[2025-01-29T17:25:09.354+0000] {logging_mixin.py:190} INFO - [2025-01-29T17:25:09.354+0000] {override.py:1911} INFO - Created Permission View: can create on DAG Run:dataset_produces_1
[2025-01-29T17:25:09.373+0000] {logging_mixin.py:190} INFO - [2025-01-29T17:25:09.372+0000] {override.py:1911} INFO - Created Permission View: can delete on DAG Run:dataset_produces_1
[2025-01-29T17:25:09.410+0000] {logging_mixin.py:190} INFO - [2025-01-29T17:25:09.409+0000] {override.py:1911} INFO - Created Permission View: can read on DAG:dataset_consumes_unknown_never_scheduled
[2025-01-29T17:25:09.433+0000] {logging_mixin.py:190} INFO - [2025-01-29T17:25:09.433+0000] {override.py:1911} INFO - Created Permission View: can delete on DAG:dataset_consumes_unknown_never_scheduled
[2025-01-29T17:25:09.452+0000] {logging_mixin.py:190} INFO - [2025-01-29T17:25:09.451+0000] {override.py:1911} INFO - Created Permission View: can edit on DAG:dataset_consumes_unknown_never_scheduled
[2025-01-29T17:25:09.474+0000] {logging_mixin.py:190} INFO - [2025-01-29T17:25:09.473+0000] {override.py:1911} INFO - Created Permission View: menu access on DAG Run:dataset_consumes_unknown_never_scheduled
[2025-01-29T17:25:09.491+0000] {logging_mixin.py:190} INFO - [2025-01-29T17:25:09.490+0000] {override.py:1911} INFO - Created Permission View: can read on DAG Run:dataset_consumes_unknown_never_scheduled
[2025-01-29T17:25:09.506+0000] {logging_mixin.py:190} INFO - [2025-01-29T17:25:09.506+0000] {override.py:1911} INFO - Created Permission View: can create on DAG Run:dataset_consumes_unknown_never_scheduled
[2025-01-29T17:25:09.522+0000] {logging_mixin.py:190} INFO - [2025-01-29T17:25:09.521+0000] {override.py:1911} INFO - Created Permission View: can delete on DAG Run:dataset_consumes_unknown_never_scheduled
[2025-01-29T17:25:09.548+0000] {logging_mixin.py:190} INFO - [2025-01-29T17:25:09.548+0000] {override.py:1911} INFO - Created Permission View: can read on DAG:dataset_consumes_1
[2025-01-29T17:25:09.564+0000] {logging_mixin.py:190} INFO - [2025-01-29T17:25:09.563+0000] {override.py:1911} INFO - Created Permission View: can delete on DAG:dataset_consumes_1
[2025-01-29T17:25:09.580+0000] {logging_mixin.py:190} INFO - [2025-01-29T17:25:09.580+0000] {override.py:1911} INFO - Created Permission View: can edit on DAG:dataset_consumes_1
[2025-01-29T17:25:09.602+0000] {logging_mixin.py:190} INFO - [2025-01-29T17:25:09.601+0000] {override.py:1911} INFO - Created Permission View: menu access on DAG Run:dataset_consumes_1
[2025-01-29T17:25:09.621+0000] {logging_mixin.py:190} INFO - [2025-01-29T17:25:09.620+0000] {override.py:1911} INFO - Created Permission View: can read on DAG Run:dataset_consumes_1
[2025-01-29T17:25:09.637+0000] {logging_mixin.py:190} INFO - [2025-01-29T17:25:09.636+0000] {override.py:1911} INFO - Created Permission View: can create on DAG Run:dataset_consumes_1
[2025-01-29T17:25:09.653+0000] {logging_mixin.py:190} INFO - [2025-01-29T17:25:09.653+0000] {override.py:1911} INFO - Created Permission View: can delete on DAG Run:dataset_consumes_1
[2025-01-29T17:25:09.685+0000] {logging_mixin.py:190} INFO - [2025-01-29T17:25:09.684+0000] {override.py:1911} INFO - Created Permission View: can read on DAG:consume_1_or_2_with_dataset_expressions
[2025-01-29T17:25:09.704+0000] {logging_mixin.py:190} INFO - [2025-01-29T17:25:09.703+0000] {override.py:1911} INFO - Created Permission View: can delete on DAG:consume_1_or_2_with_dataset_expressions
[2025-01-29T17:25:09.726+0000] {logging_mixin.py:190} INFO - [2025-01-29T17:25:09.725+0000] {override.py:1911} INFO - Created Permission View: can edit on DAG:consume_1_or_2_with_dataset_expressions
[2025-01-29T17:25:09.744+0000] {logging_mixin.py:190} INFO - [2025-01-29T17:25:09.743+0000] {override.py:1911} INFO - Created Permission View: menu access on DAG Run:consume_1_or_2_with_dataset_expressions
[2025-01-29T17:25:09.759+0000] {logging_mixin.py:190} INFO - [2025-01-29T17:25:09.758+0000] {override.py:1911} INFO - Created Permission View: can read on DAG Run:consume_1_or_2_with_dataset_expressions
[2025-01-29T17:25:09.775+0000] {logging_mixin.py:190} INFO - [2025-01-29T17:25:09.774+0000] {override.py:1911} INFO - Created Permission View: can create on DAG Run:consume_1_or_2_with_dataset_expressions
[2025-01-29T17:25:09.794+0000] {logging_mixin.py:190} INFO - [2025-01-29T17:25:09.793+0000] {override.py:1911} INFO - Created Permission View: can delete on DAG Run:consume_1_or_2_with_dataset_expressions
[2025-01-29T17:25:09.827+0000] {logging_mixin.py:190} INFO - [2025-01-29T17:25:09.826+0000] {override.py:1911} INFO - Created Permission View: can read on DAG:dataset_consumes_1_never_scheduled
[2025-01-29T17:25:09.846+0000] {logging_mixin.py:190} INFO - [2025-01-29T17:25:09.845+0000] {override.py:1911} INFO - Created Permission View: can delete on DAG:dataset_consumes_1_never_scheduled
[2025-01-29T17:25:09.866+0000] {logging_mixin.py:190} INFO - [2025-01-29T17:25:09.864+0000] {override.py:1911} INFO - Created Permission View: can edit on DAG:dataset_consumes_1_never_scheduled
[2025-01-29T17:25:09.888+0000] {logging_mixin.py:190} INFO - [2025-01-29T17:25:09.888+0000] {override.py:1911} INFO - Created Permission View: menu access on DAG Run:dataset_consumes_1_never_scheduled
[2025-01-29T17:25:09.909+0000] {logging_mixin.py:190} INFO - [2025-01-29T17:25:09.908+0000] {override.py:1911} INFO - Created Permission View: can read on DAG Run:dataset_consumes_1_never_scheduled
[2025-01-29T17:25:09.930+0000] {logging_mixin.py:190} INFO - [2025-01-29T17:25:09.929+0000] {override.py:1911} INFO - Created Permission View: can create on DAG Run:dataset_consumes_1_never_scheduled
[2025-01-29T17:25:09.948+0000] {logging_mixin.py:190} INFO - [2025-01-29T17:25:09.947+0000] {override.py:1911} INFO - Created Permission View: can delete on DAG Run:dataset_consumes_1_never_scheduled
[2025-01-29T17:25:09.982+0000] {logging_mixin.py:190} INFO - [2025-01-29T17:25:09.982+0000] {override.py:1911} INFO - Created Permission View: can read on DAG:dataset_consumes_1_and_2
[2025-01-29T17:25:09.999+0000] {logging_mixin.py:190} INFO - [2025-01-29T17:25:09.999+0000] {override.py:1911} INFO - Created Permission View: can delete on DAG:dataset_consumes_1_and_2
[2025-01-29T17:25:10.017+0000] {logging_mixin.py:190} INFO - [2025-01-29T17:25:10.016+0000] {override.py:1911} INFO - Created Permission View: can edit on DAG:dataset_consumes_1_and_2
[2025-01-29T17:25:10.035+0000] {logging_mixin.py:190} INFO - [2025-01-29T17:25:10.035+0000] {override.py:1911} INFO - Created Permission View: menu access on DAG Run:dataset_consumes_1_and_2
[2025-01-29T17:25:10.053+0000] {logging_mixin.py:190} INFO - [2025-01-29T17:25:10.052+0000] {override.py:1911} INFO - Created Permission View: can read on DAG Run:dataset_consumes_1_and_2
[2025-01-29T17:25:10.070+0000] {logging_mixin.py:190} INFO - [2025-01-29T17:25:10.069+0000] {override.py:1911} INFO - Created Permission View: can create on DAG Run:dataset_consumes_1_and_2
[2025-01-29T17:25:10.085+0000] {logging_mixin.py:190} INFO - [2025-01-29T17:25:10.085+0000] {override.py:1911} INFO - Created Permission View: can delete on DAG Run:dataset_consumes_1_and_2
[2025-01-29T17:25:10.114+0000] {logging_mixin.py:190} INFO - [2025-01-29T17:25:10.113+0000] {override.py:1911} INFO - Created Permission View: can read on DAG:consume_1_and_2_with_dataset_expressions
[2025-01-29T17:25:10.129+0000] {logging_mixin.py:190} INFO - [2025-01-29T17:25:10.128+0000] {override.py:1911} INFO - Created Permission View: can delete on DAG:consume_1_and_2_with_dataset_expressions
[2025-01-29T17:25:10.144+0000] {logging_mixin.py:190} INFO - [2025-01-29T17:25:10.143+0000] {override.py:1911} INFO - Created Permission View: can edit on DAG:consume_1_and_2_with_dataset_expressions
[2025-01-29T17:25:10.165+0000] {logging_mixin.py:190} INFO - [2025-01-29T17:25:10.165+0000] {override.py:1911} INFO - Created Permission View: menu access on DAG Run:consume_1_and_2_with_dataset_expressions
[2025-01-29T17:25:10.182+0000] {logging_mixin.py:190} INFO - [2025-01-29T17:25:10.181+0000] {override.py:1911} INFO - Created Permission View: can read on DAG Run:consume_1_and_2_with_dataset_expressions
[2025-01-29T17:25:10.198+0000] {logging_mixin.py:190} INFO - [2025-01-29T17:25:10.197+0000] {override.py:1911} INFO - Created Permission View: can create on DAG Run:consume_1_and_2_with_dataset_expressions
[2025-01-29T17:25:10.216+0000] {logging_mixin.py:190} INFO - [2025-01-29T17:25:10.215+0000] {override.py:1911} INFO - Created Permission View: can delete on DAG Run:consume_1_and_2_with_dataset_expressions
[2025-01-29T17:25:10.250+0000] {logging_mixin.py:190} INFO - [2025-01-29T17:25:10.249+0000] {override.py:1911} INFO - Created Permission View: can read on DAG:dataset_produces_2
[2025-01-29T17:25:10.268+0000] {logging_mixin.py:190} INFO - [2025-01-29T17:25:10.267+0000] {override.py:1911} INFO - Created Permission View: can delete on DAG:dataset_produces_2
[2025-01-29T17:25:10.283+0000] {logging_mixin.py:190} INFO - [2025-01-29T17:25:10.283+0000] {override.py:1911} INFO - Created Permission View: can edit on DAG:dataset_produces_2
[2025-01-29T17:25:10.300+0000] {logging_mixin.py:190} INFO - [2025-01-29T17:25:10.299+0000] {override.py:1911} INFO - Created Permission View: menu access on DAG Run:dataset_produces_2
[2025-01-29T17:25:10.314+0000] {logging_mixin.py:190} INFO - [2025-01-29T17:25:10.314+0000] {override.py:1911} INFO - Created Permission View: can read on DAG Run:dataset_produces_2
[2025-01-29T17:25:10.330+0000] {logging_mixin.py:190} INFO - [2025-01-29T17:25:10.329+0000] {override.py:1911} INFO - Created Permission View: can create on DAG Run:dataset_produces_2
[2025-01-29T17:25:10.347+0000] {logging_mixin.py:190} INFO - [2025-01-29T17:25:10.346+0000] {override.py:1911} INFO - Created Permission View: can delete on DAG Run:dataset_produces_2
[2025-01-29T17:25:10.386+0000] {logging_mixin.py:190} INFO - [2025-01-29T17:25:10.385+0000] {override.py:1911} INFO - Created Permission View: can read on DAG:consume_1_or_both_2_and_3_with_dataset_expressions
[2025-01-29T17:25:10.406+0000] {logging_mixin.py:190} INFO - [2025-01-29T17:25:10.405+0000] {override.py:1911} INFO - Created Permission View: can delete on DAG:consume_1_or_both_2_and_3_with_dataset_expressions
[2025-01-29T17:25:10.426+0000] {logging_mixin.py:190} INFO - [2025-01-29T17:25:10.425+0000] {override.py:1911} INFO - Created Permission View: can edit on DAG:consume_1_or_both_2_and_3_with_dataset_expressions
[2025-01-29T17:25:10.446+0000] {logging_mixin.py:190} INFO - [2025-01-29T17:25:10.445+0000] {override.py:1911} INFO - Created Permission View: menu access on DAG Run:consume_1_or_both_2_and_3_with_dataset_expressions
[2025-01-29T17:25:10.467+0000] {logging_mixin.py:190} INFO - [2025-01-29T17:25:10.466+0000] {override.py:1911} INFO - Created Permission View: can read on DAG Run:consume_1_or_both_2_and_3_with_dataset_expressions
[2025-01-29T17:25:10.485+0000] {logging_mixin.py:190} INFO - [2025-01-29T17:25:10.484+0000] {override.py:1911} INFO - Created Permission View: can create on DAG Run:consume_1_or_both_2_and_3_with_dataset_expressions
[2025-01-29T17:25:10.502+0000] {logging_mixin.py:190} INFO - [2025-01-29T17:25:10.502+0000] {override.py:1911} INFO - Created Permission View: can delete on DAG Run:consume_1_or_both_2_and_3_with_dataset_expressions
[2025-01-29T17:25:10.505+0000] {logging_mixin.py:190} INFO - [2025-01-29T17:25:10.505+0000] {dag.py:3239} INFO - Sync 10 DAGs
[2025-01-29T17:25:10.532+0000] {logging_mixin.py:190} INFO - [2025-01-29T17:25:10.531+0000] {dag.py:3262} INFO - Creating ORM DAG for dataset_consumes_1_never_scheduled
[2025-01-29T17:25:10.536+0000] {logging_mixin.py:190} INFO - [2025-01-29T17:25:10.535+0000] {dag.py:3262} INFO - Creating ORM DAG for consume_1_or_both_2_and_3_with_dataset_expressions
[2025-01-29T17:25:10.538+0000] {logging_mixin.py:190} INFO - [2025-01-29T17:25:10.538+0000] {dag.py:3262} INFO - Creating ORM DAG for dataset_consumes_1_and_2
[2025-01-29T17:25:10.541+0000] {logging_mixin.py:190} INFO - [2025-01-29T17:25:10.541+0000] {dag.py:3262} INFO - Creating ORM DAG for dataset_consumes_unknown_never_scheduled
[2025-01-29T17:25:10.544+0000] {logging_mixin.py:190} INFO - [2025-01-29T17:25:10.544+0000] {dag.py:3262} INFO - Creating ORM DAG for dataset_consumes_1
[2025-01-29T17:25:10.547+0000] {logging_mixin.py:190} INFO - [2025-01-29T17:25:10.546+0000] {dag.py:3262} INFO - Creating ORM DAG for dataset_produces_2
[2025-01-29T17:25:10.552+0000] {logging_mixin.py:190} INFO - [2025-01-29T17:25:10.552+0000] {dag.py:3262} INFO - Creating ORM DAG for conditional_dataset_and_time_based_timetable
[2025-01-29T17:25:10.555+0000] {logging_mixin.py:190} INFO - [2025-01-29T17:25:10.554+0000] {dag.py:3262} INFO - Creating ORM DAG for consume_1_and_2_with_dataset_expressions
[2025-01-29T17:25:10.557+0000] {logging_mixin.py:190} INFO - [2025-01-29T17:25:10.557+0000] {dag.py:3262} INFO - Creating ORM DAG for dataset_produces_1
[2025-01-29T17:25:10.561+0000] {logging_mixin.py:190} INFO - [2025-01-29T17:25:10.561+0000] {dag.py:3262} INFO - Creating ORM DAG for consume_1_or_2_with_dataset_expressions
[2025-01-29T17:25:10.588+0000] {logging_mixin.py:190} INFO - [2025-01-29T17:25:10.587+0000] {dag.py:4180} INFO - Setting next_dagrun for conditional_dataset_and_time_based_timetable to 2025-01-29 01:00:00+00:00, run_after=2025-01-29 01:00:00+00:00
[2025-01-29T17:25:10.591+0000] {logging_mixin.py:190} INFO - [2025-01-29T17:25:10.591+0000] {dag.py:4180} INFO - Setting next_dagrun for consume_1_and_2_with_dataset_expressions to None, run_after=None
[2025-01-29T17:25:10.594+0000] {logging_mixin.py:190} INFO - [2025-01-29T17:25:10.593+0000] {dag.py:4180} INFO - Setting next_dagrun for consume_1_or_2_with_dataset_expressions to None, run_after=None
[2025-01-29T17:25:10.596+0000] {logging_mixin.py:190} INFO - [2025-01-29T17:25:10.595+0000] {dag.py:4180} INFO - Setting next_dagrun for consume_1_or_both_2_and_3_with_dataset_expressions to None, run_after=None
[2025-01-29T17:25:10.598+0000] {logging_mixin.py:190} INFO - [2025-01-29T17:25:10.598+0000] {dag.py:4180} INFO - Setting next_dagrun for dataset_consumes_1 to None, run_after=None
[2025-01-29T17:25:10.601+0000] {logging_mixin.py:190} INFO - [2025-01-29T17:25:10.601+0000] {dag.py:4180} INFO - Setting next_dagrun for dataset_consumes_1_and_2 to None, run_after=None
[2025-01-29T17:25:10.603+0000] {logging_mixin.py:190} INFO - [2025-01-29T17:25:10.603+0000] {dag.py:4180} INFO - Setting next_dagrun for dataset_consumes_1_never_scheduled to None, run_after=None
[2025-01-29T17:25:10.606+0000] {logging_mixin.py:190} INFO - [2025-01-29T17:25:10.606+0000] {dag.py:4180} INFO - Setting next_dagrun for dataset_consumes_unknown_never_scheduled to None, run_after=None
[2025-01-29T17:25:10.612+0000] {logging_mixin.py:190} INFO - [2025-01-29T17:25:10.612+0000] {dag.py:4180} INFO - Setting next_dagrun for dataset_produces_1 to 2025-01-28 00:00:00+00:00, run_after=2025-01-29 00:00:00+00:00
[2025-01-29T17:25:10.615+0000] {logging_mixin.py:190} INFO - [2025-01-29T17:25:10.615+0000] {dag.py:4180} INFO - Setting next_dagrun for dataset_produces_2 to None, run_after=None
[2025-01-29T17:25:10.730+0000] {processor.py:208} INFO - Processing /opt/bitnami/airflow/venv/lib/python3.12/site-packages/airflow/example_dags/example_datasets.py took 4.589 seconds
