[2025-01-29T17:22:53.893+0000] {processor.py:186} INFO - Started process (PID=137) to work on /opt/bitnami/airflow/venv/lib/python3.12/site-packages/airflow/example_dags/tutorial_taskflow_templates.py
[2025-01-29T17:22:53.898+0000] {processor.py:914} INFO - Processing file /opt/bitnami/airflow/venv/lib/python3.12/site-packages/airflow/example_dags/tutorial_taskflow_templates.py for tasks to queue
[2025-01-29T17:22:53.913+0000] {logging_mixin.py:190} INFO - [2025-01-29T17:22:53.911+0000] {dagbag.py:588} INFO - Filling up the DagBag from /opt/bitnami/airflow/venv/lib/python3.12/site-packages/airflow/example_dags/tutorial_taskflow_templates.py
[2025-01-29T17:22:54.095+0000] {processor.py:925} INFO - DAG(s) 'tutorial_taskflow_templates' retrieved from /opt/bitnami/airflow/venv/lib/python3.12/site-packages/airflow/example_dags/tutorial_taskflow_templates.py
[2025-01-29T17:22:54.539+0000] {logging_mixin.py:190} INFO - [2025-01-29T17:22:54.532+0000] {override.py:1911} INFO - Created Permission View: can read on DAG:tutorial_taskflow_templates
[2025-01-29T17:22:54.622+0000] {logging_mixin.py:190} INFO - [2025-01-29T17:22:54.620+0000] {override.py:1911} INFO - Created Permission View: can delete on DAG:tutorial_taskflow_templates
[2025-01-29T17:22:54.652+0000] {logging_mixin.py:190} INFO - [2025-01-29T17:22:54.651+0000] {override.py:1911} INFO - Created Permission View: can edit on DAG:tutorial_taskflow_templates
[2025-01-29T17:22:54.683+0000] {logging_mixin.py:190} INFO - [2025-01-29T17:22:54.682+0000] {override.py:1911} INFO - Created Permission View: menu access on DAG Run:tutorial_taskflow_templates
[2025-01-29T17:22:54.708+0000] {logging_mixin.py:190} INFO - [2025-01-29T17:22:54.708+0000] {override.py:1911} INFO - Created Permission View: can read on DAG Run:tutorial_taskflow_templates
[2025-01-29T17:22:54.740+0000] {logging_mixin.py:190} INFO - [2025-01-29T17:22:54.739+0000] {override.py:1911} INFO - Created Permission View: can create on DAG Run:tutorial_taskflow_templates
[2025-01-29T17:22:54.775+0000] {logging_mixin.py:190} INFO - [2025-01-29T17:22:54.774+0000] {override.py:1911} INFO - Created Permission View: can delete on DAG Run:tutorial_taskflow_templates
[2025-01-29T17:22:54.778+0000] {logging_mixin.py:190} INFO - [2025-01-29T17:22:54.778+0000] {dag.py:3239} INFO - Sync 1 DAGs
[2025-01-29T17:22:54.934+0000] {logging_mixin.py:190} INFO - [2025-01-29T17:22:54.926+0000] {dag.py:3262} INFO - Creating ORM DAG for tutorial_taskflow_templates
[2025-01-29T17:22:55.060+0000] {logging_mixin.py:190} INFO - [2025-01-29T17:22:55.057+0000] {dag.py:4180} INFO - Setting next_dagrun for tutorial_taskflow_templates to 2025-01-28 00:00:00+00:00, run_after=2025-01-29 00:00:00+00:00
[2025-01-29T17:22:55.355+0000] {processor.py:208} INFO - Processing /opt/bitnami/airflow/venv/lib/python3.12/site-packages/airflow/example_dags/tutorial_taskflow_templates.py took 1.483 seconds
[2025-01-29T17:25:13.318+0000] {processor.py:186} INFO - Started process (PID=195) to work on /opt/bitnami/airflow/venv/lib/python3.12/site-packages/airflow/example_dags/tutorial_taskflow_templates.py
[2025-01-29T17:25:13.323+0000] {processor.py:914} INFO - Processing file /opt/bitnami/airflow/venv/lib/python3.12/site-packages/airflow/example_dags/tutorial_taskflow_templates.py for tasks to queue
[2025-01-29T17:25:13.329+0000] {logging_mixin.py:190} INFO - [2025-01-29T17:25:13.328+0000] {dagbag.py:588} INFO - Filling up the DagBag from /opt/bitnami/airflow/venv/lib/python3.12/site-packages/airflow/example_dags/tutorial_taskflow_templates.py
[2025-01-29T17:25:13.360+0000] {processor.py:925} INFO - DAG(s) 'tutorial_taskflow_templates' retrieved from /opt/bitnami/airflow/venv/lib/python3.12/site-packages/airflow/example_dags/tutorial_taskflow_templates.py
[2025-01-29T17:25:13.416+0000] {logging_mixin.py:190} INFO - [2025-01-29T17:25:13.416+0000] {dag.py:3239} INFO - Sync 1 DAGs
[2025-01-29T17:25:13.475+0000] {logging_mixin.py:190} INFO - [2025-01-29T17:25:13.474+0000] {dag.py:4180} INFO - Setting next_dagrun for tutorial_taskflow_templates to 2025-01-28 00:00:00+00:00, run_after=2025-01-29 00:00:00+00:00
[2025-01-29T17:25:13.525+0000] {processor.py:208} INFO - Processing /opt/bitnami/airflow/venv/lib/python3.12/site-packages/airflow/example_dags/tutorial_taskflow_templates.py took 0.228 seconds
[2025-01-29T17:55:12.728+0000] {processor.py:186} INFO - Started process (PID=83) to work on /home/airflow/.local/lib/python3.12/site-packages/airflow/example_dags/tutorial_taskflow_templates.py
[2025-01-29T17:55:12.740+0000] {processor.py:914} INFO - Processing file /home/airflow/.local/lib/python3.12/site-packages/airflow/example_dags/tutorial_taskflow_templates.py for tasks to queue
[2025-01-29T17:55:12.753+0000] {logging_mixin.py:190} INFO - [2025-01-29T17:55:12.752+0000] {dagbag.py:588} INFO - Filling up the DagBag from /home/airflow/.local/lib/python3.12/site-packages/airflow/example_dags/tutorial_taskflow_templates.py
[2025-01-29T17:55:12.845+0000] {processor.py:925} INFO - DAG(s) 'tutorial_taskflow_templates' retrieved from /home/airflow/.local/lib/python3.12/site-packages/airflow/example_dags/tutorial_taskflow_templates.py
[2025-01-29T17:55:13.386+0000] {logging_mixin.py:190} INFO - [2025-01-29T17:55:13.384+0000] {override.py:1911} INFO - Created Permission View: can delete on DAG:tutorial_taskflow_templates
[2025-01-29T17:55:13.430+0000] {logging_mixin.py:190} INFO - [2025-01-29T17:55:13.429+0000] {override.py:1911} INFO - Created Permission View: can read on DAG:tutorial_taskflow_templates
[2025-01-29T17:55:13.451+0000] {logging_mixin.py:190} INFO - [2025-01-29T17:55:13.450+0000] {override.py:1911} INFO - Created Permission View: can edit on DAG:tutorial_taskflow_templates
[2025-01-29T17:55:13.475+0000] {logging_mixin.py:190} INFO - [2025-01-29T17:55:13.474+0000] {override.py:1911} INFO - Created Permission View: can delete on DAG Run:tutorial_taskflow_templates
[2025-01-29T17:55:13.494+0000] {logging_mixin.py:190} INFO - [2025-01-29T17:55:13.494+0000] {override.py:1911} INFO - Created Permission View: can create on DAG Run:tutorial_taskflow_templates
[2025-01-29T17:55:13.515+0000] {logging_mixin.py:190} INFO - [2025-01-29T17:55:13.514+0000] {override.py:1911} INFO - Created Permission View: menu access on DAG Run:tutorial_taskflow_templates
[2025-01-29T17:55:13.535+0000] {logging_mixin.py:190} INFO - [2025-01-29T17:55:13.534+0000] {override.py:1911} INFO - Created Permission View: can read on DAG Run:tutorial_taskflow_templates
[2025-01-29T17:55:13.540+0000] {logging_mixin.py:190} INFO - [2025-01-29T17:55:13.539+0000] {dag.py:3239} INFO - Sync 1 DAGs
[2025-01-29T17:55:13.584+0000] {logging_mixin.py:190} INFO - [2025-01-29T17:55:13.584+0000] {dag.py:3262} INFO - Creating ORM DAG for tutorial_taskflow_templates
[2025-01-29T17:55:13.616+0000] {logging_mixin.py:190} INFO - [2025-01-29T17:55:13.615+0000] {dag.py:4180} INFO - Setting next_dagrun for tutorial_taskflow_templates to 2025-01-28 00:00:00+00:00, run_after=2025-01-29 00:00:00+00:00
[2025-01-29T17:55:13.669+0000] {processor.py:208} INFO - Processing /home/airflow/.local/lib/python3.12/site-packages/airflow/example_dags/tutorial_taskflow_templates.py took 0.968 seconds
