[2025-02-09T06:31:37.590-0500] {local_task_job_runner.py:123} INFO - ::group::Pre task execution logs
[2025-02-09T06:31:37.614-0500] {taskinstance.py:2613} INFO - Dependencies all met for dep_context=non-requeueable deps ti=<TaskInstance: etl_reporte_como_vamos.etl_cdc scheduled__2025-02-08T11:30:00+00:00 [queued]>
[2025-02-09T06:31:37.627-0500] {taskinstance.py:2613} INFO - Dependencies all met for dep_context=requeueable deps ti=<TaskInstance: etl_reporte_como_vamos.etl_cdc scheduled__2025-02-08T11:30:00+00:00 [queued]>
[2025-02-09T06:31:37.631-0500] {taskinstance.py:2866} INFO - Starting attempt 1 of 4
[2025-02-09T06:31:37.651-0500] {taskinstance.py:2889} INFO - Executing <Task(BashOperator): etl_cdc> on 2025-02-08 11:30:00+00:00
[2025-02-09T06:31:37.660-0500] {warnings.py:112} WARNING - /home/***/.local/lib/python3.12/site-packages/***/task/task_runner/standard_task_runner.py:70: DeprecationWarning: This process (pid=71695) is multi-threaded, use of fork() may lead to deadlocks in the child.
  pid = os.fork()

[2025-02-09T06:31:37.663-0500] {standard_task_runner.py:72} INFO - Started process 71698 to run task
[2025-02-09T06:31:37.663-0500] {standard_task_runner.py:104} INFO - Running: ['***', 'tasks', 'run', 'etl_reporte_como_vamos', 'etl_cdc', 'scheduled__2025-02-08T11:30:00+00:00', '--job-id', '86', '--raw', '--subdir', 'DAGS_FOLDER/etl_como_vamos_dag.py', '--cfg-path', '/tmp/tmph0gg8gii']
[2025-02-09T06:31:37.666-0500] {standard_task_runner.py:105} INFO - Job 86: Subtask etl_cdc
[2025-02-09T06:31:37.739-0500] {task_command.py:467} INFO - Running <TaskInstance: etl_reporte_como_vamos.etl_cdc scheduled__2025-02-08T11:30:00+00:00 [running]> on host 21f1c1b48730
[2025-02-09T06:31:37.864-0500] {taskinstance.py:3132} INFO - Exporting env vars: AIRFLOW_CTX_DAG_OWNER='***' AIRFLOW_CTX_DAG_ID='etl_reporte_como_vamos' AIRFLOW_CTX_TASK_ID='etl_cdc' AIRFLOW_CTX_EXECUTION_DATE='2025-02-08T11:30:00+00:00' AIRFLOW_CTX_TRY_NUMBER='1' AIRFLOW_CTX_DAG_RUN_ID='scheduled__2025-02-08T11:30:00+00:00'
[2025-02-09T06:31:37.866-0500] {taskinstance.py:731} INFO - ::endgroup::
[2025-02-09T06:31:37.884-0500] {subprocess.py:78} INFO - Tmp dir root location: /tmp
[2025-02-09T06:31:37.885-0500] {subprocess.py:88} INFO - Running command: ['/usr/bin/bash', '-c', 'python /opt/***/scripts/etl_cdc.py']
[2025-02-09T06:31:37.896-0500] {subprocess.py:99} INFO - Output:
[2025-02-09T06:31:44.235-0500] {subprocess.py:106} INFO -      incrementador               nombre_cliente  ... duplicado motivo_duplicado
[2025-02-09T06:31:44.236-0500] {subprocess.py:106} INFO - 0            11214  COLOMBIANA DE COMERCIO S.A.  ...
[2025-02-09T06:31:44.237-0500] {subprocess.py:106} INFO - 1            11115  COLOMBIANA DE COMERCIO S.A.  ...
[2025-02-09T06:31:44.238-0500] {subprocess.py:106} INFO - 2            11116  COLOMBIANA DE COMERCIO S.A.  ...
[2025-02-09T06:31:44.239-0500] {subprocess.py:106} INFO - 3            11117  COLOMBIANA DE COMERCIO S.A.  ...
[2025-02-09T06:31:44.239-0500] {subprocess.py:106} INFO - 4            11118  COLOMBIANA DE COMERCIO S.A.  ...
[2025-02-09T06:31:44.242-0500] {subprocess.py:106} INFO - ..             ...                          ...  ...       ...              ...
[2025-02-09T06:31:44.243-0500] {subprocess.py:106} INFO - 246          11387  COLOMBIANA DE COMERCIO S.A.  ...
[2025-02-09T06:31:44.244-0500] {subprocess.py:106} INFO - 247          11388  COLOMBIANA DE COMERCIO S.A.  ...
[2025-02-09T06:31:44.245-0500] {subprocess.py:106} INFO - 248          11389  COLOMBIANA DE COMERCIO S.A.  ...
[2025-02-09T06:31:44.246-0500] {subprocess.py:106} INFO - 249          11390  COLOMBIANA DE COMERCIO S.A.  ...
[2025-02-09T06:31:44.246-0500] {subprocess.py:106} INFO - 250          11391  COLOMBIANA DE COMERCIO S.A.  ...
[2025-02-09T06:31:44.247-0500] {subprocess.py:106} INFO - 
[2025-02-09T06:31:44.248-0500] {subprocess.py:106} INFO - [251 rows x 60 columns]
[2025-02-09T06:31:44.250-0500] {subprocess.py:106} INFO -                  nombre_cliente    id_caso  ... duplicado motivo_duplicado
[2025-02-09T06:31:44.252-0500] {subprocess.py:106} INFO - 0   COLOMBIANA DE COMERCIO S.A.  RF1864332  ...
[2025-02-09T06:31:44.252-0500] {subprocess.py:106} INFO - 1   COLOMBIANA DE COMERCIO S.A.  RF1864352  ...
[2025-02-09T06:31:44.253-0500] {subprocess.py:106} INFO - 2   COLOMBIANA DE COMERCIO S.A.  IM3053458  ...
[2025-02-09T06:31:44.254-0500] {subprocess.py:106} INFO - 3   COLOMBIANA DE COMERCIO S.A.  IM3053805  ...
[2025-02-09T06:31:44.255-0500] {subprocess.py:106} INFO - 4   COLOMBIANA DE COMERCIO S.A.  RF1864368  ...
[2025-02-09T06:31:44.256-0500] {subprocess.py:106} INFO - 5   COLOMBIANA DE COMERCIO S.A.  RF1864360  ...
[2025-02-09T06:31:44.256-0500] {subprocess.py:106} INFO - 6   COLOMBIANA DE COMERCIO S.A.  RF1864349  ...
[2025-02-09T06:31:44.257-0500] {subprocess.py:106} INFO - 7   COLOMBIANA DE COMERCIO S.A.  IM3052951  ...
[2025-02-09T06:31:44.258-0500] {subprocess.py:106} INFO - 8   COLOMBIANA DE COMERCIO S.A.  IM3053822  ...
[2025-02-09T06:31:44.258-0500] {subprocess.py:106} INFO - 9   COLOMBIANA DE COMERCIO S.A.  IM3052185  ...
[2025-02-09T06:31:44.259-0500] {subprocess.py:106} INFO - 10  COLOMBIANA DE COMERCIO S.A.  IM3051077  ...
[2025-02-09T06:31:44.260-0500] {subprocess.py:106} INFO - 11  COLOMBIANA DE COMERCIO S.A.  RF1864330  ...
[2025-02-09T06:31:44.261-0500] {subprocess.py:106} INFO - 12  COLOMBIANA DE COMERCIO S.A.  RF1864329  ...
[2025-02-09T06:31:44.261-0500] {subprocess.py:106} INFO - 13  COLOMBIANA DE COMERCIO S.A.  RF1864328  ...
[2025-02-09T06:31:44.262-0500] {subprocess.py:106} INFO - 14  COLOMBIANA DE COMERCIO S.A.  RF1864325  ...
[2025-02-09T06:31:44.267-0500] {subprocess.py:106} INFO - 15  COLOMBIANA DE COMERCIO S.A.  RF1864324  ...
[2025-02-09T06:31:44.268-0500] {subprocess.py:106} INFO - 16  COLOMBIANA DE COMERCIO S.A.  IM3052240  ...
[2025-02-09T06:31:44.270-0500] {subprocess.py:106} INFO - 17  COLOMBIANA DE COMERCIO S.A.  IM3052895  ...
[2025-02-09T06:31:44.272-0500] {subprocess.py:106} INFO - 18  COLOMBIANA DE COMERCIO S.A.  IM3052185  ...
[2025-02-09T06:31:44.273-0500] {subprocess.py:106} INFO - 19  COLOMBIANA DE COMERCIO S.A.  IM3052921  ...
[2025-02-09T06:31:44.274-0500] {subprocess.py:106} INFO - 20  COLOMBIANA DE COMERCIO S.A.  IM3052921  ...
[2025-02-09T06:31:44.278-0500] {subprocess.py:106} INFO - 
[2025-02-09T06:31:44.278-0500] {subprocess.py:106} INFO - [21 rows x 59 columns]
[2025-02-09T06:31:44.279-0500] {subprocess.py:106} INFO - 11 10 0
[2025-02-09T06:31:44.280-0500] {subprocess.py:106} INFO - Incidentes Cargados:  11
[2025-02-09T06:31:44.281-0500] {subprocess.py:106} INFO - Requerimientos Cargados:  10
[2025-02-09T06:31:44.281-0500] {subprocess.py:106} INFO - Ejecucion Exitosa
[2025-02-09T06:31:44.429-0500] {subprocess.py:110} INFO - Command exited with return code 0
[2025-02-09T06:31:44.463-0500] {taskinstance.py:340} INFO - ::group::Post task execution logs
[2025-02-09T06:31:44.464-0500] {taskinstance.py:352} INFO - Marking task as SUCCESS. dag_id=etl_reporte_como_vamos, task_id=etl_cdc, run_id=scheduled__2025-02-08T11:30:00+00:00, execution_date=20250208T113000, start_date=20250209T113137, end_date=20250209T113144
[2025-02-09T06:31:44.508-0500] {local_task_job_runner.py:266} INFO - Task exited with return code 0
[2025-02-09T06:31:44.532-0500] {taskinstance.py:3895} INFO - 0 downstream tasks scheduled from follow-on schedule check
[2025-02-09T06:31:44.536-0500] {local_task_job_runner.py:245} INFO - ::endgroup::
