[2025-01-30T00:54:50.080+0000] {local_task_job_runner.py:123} INFO - ::group::Pre task execution logs
[2025-01-30T00:54:50.213+0000] {taskinstance.py:2613} INFO - Dependencies all met for dep_context=non-requeueable deps ti=<TaskInstance: etl_reporte_como_vamos.task_bot_como_vamos manual__2025-01-30T00:54:46.944609+00:00 [queued]>
[2025-01-30T00:54:50.265+0000] {taskinstance.py:2613} INFO - Dependencies all met for dep_context=requeueable deps ti=<TaskInstance: etl_reporte_como_vamos.task_bot_como_vamos manual__2025-01-30T00:54:46.944609+00:00 [queued]>
[2025-01-30T00:54:50.267+0000] {taskinstance.py:2866} INFO - Starting attempt 1 of 2
[2025-01-30T00:54:50.317+0000] {taskinstance.py:2889} INFO - Executing <Task(BashOperator): task_bot_como_vamos> on 2025-01-30 00:54:46.944609+00:00
[2025-01-30T00:54:50.330+0000] {warnings.py:112} WARNING - /home/***/.local/lib/python3.12/site-packages/***/task/task_runner/standard_task_runner.py:70: DeprecationWarning: This process (pid=302) is multi-threaded, use of fork() may lead to deadlocks in the child.
  pid = os.fork()

[2025-01-30T00:54:50.337+0000] {standard_task_runner.py:72} INFO - Started process 303 to run task
[2025-01-30T00:54:50.341+0000] {standard_task_runner.py:104} INFO - Running: ['***', 'tasks', 'run', 'etl_reporte_como_vamos', 'task_bot_como_vamos', 'manual__2025-01-30T00:54:46.944609+00:00', '--job-id', '8', '--raw', '--subdir', 'DAGS_FOLDER/etl_como_vamos_dag.py', '--cfg-path', '/tmp/tmpvyjnq1_g']
[2025-01-30T00:54:50.347+0000] {standard_task_runner.py:105} INFO - Job 8: Subtask task_bot_como_vamos
[2025-01-30T00:54:50.540+0000] {task_command.py:467} INFO - Running <TaskInstance: etl_reporte_como_vamos.task_bot_como_vamos manual__2025-01-30T00:54:46.944609+00:00 [running]> on host 438c87da0b60
[2025-01-30T00:54:50.758+0000] {taskinstance.py:3132} INFO - Exporting env vars: AIRFLOW_CTX_DAG_OWNER='***' AIRFLOW_CTX_DAG_ID='etl_reporte_como_vamos' AIRFLOW_CTX_TASK_ID='task_bot_como_vamos' AIRFLOW_CTX_EXECUTION_DATE='2025-01-30T00:54:46.944609+00:00' AIRFLOW_CTX_TRY_NUMBER='1' AIRFLOW_CTX_DAG_RUN_ID='manual__2025-01-30T00:54:46.944609+00:00'
[2025-01-30T00:54:50.761+0000] {taskinstance.py:731} INFO - ::endgroup::
[2025-01-30T00:54:50.815+0000] {subprocess.py:78} INFO - Tmp dir root location: /tmp
[2025-01-30T00:54:50.818+0000] {subprocess.py:88} INFO - Running command: ['/usr/bin/bash', '-c', 'python /opt/***/scripts/bot_reporte_como_vamos.py']
[2025-01-30T00:54:50.839+0000] {subprocess.py:99} INFO - Output:
[2025-01-30T00:54:56.175+0000] {subprocess.py:106} INFO - ic| start_date: '01/01/2025', end_date: '30/01/2025'
[2025-01-30T00:54:56.176+0000] {subprocess.py:106} INFO - 2025-01-30 00:54:56,175 - bot_como_vamos - INFO - Starting script bot_como_vamos.py
[2025-01-30T00:54:58.206+0000] {subprocess.py:106} INFO - 2025-01-30 00:54:58,206 - bot_como_vamos - INFO - Conexión al Selenium Hub establecida correctamente
[2025-01-30T00:55:50.195+0000] {subprocess.py:106} INFO - Traceback (most recent call last):
[2025-01-30T00:55:50.212+0000] {subprocess.py:106} INFO -   File "/opt/***/scripts/bot_reporte_como_vamos.py", line 165, in <module>
[2025-01-30T00:55:50.226+0000] {subprocess.py:106} INFO -     main()
[2025-01-30T00:55:50.228+0000] {subprocess.py:106} INFO -   File "/opt/***/scripts/bot_reporte_como_vamos.py", line 87, in main
[2025-01-30T00:55:50.247+0000] {subprocess.py:106} INFO -     username_field = wait.until(EC.presence_of_element_located((By.ID, "usuario")))
[2025-01-30T00:55:50.254+0000] {subprocess.py:106} INFO -                      ^^^^^^^^^^^^^^^^^^^^^^^^^^^^^^^^^^^^^^^^^^^^^^^^^^^^^^^^^^^^^^
[2025-01-30T00:55:50.261+0000] {subprocess.py:106} INFO -   File "/home/***/.local/lib/python3.12/site-packages/selenium/webdriver/support/wait.py", line 146, in until
[2025-01-30T00:55:50.268+0000] {subprocess.py:106} INFO -     raise TimeoutException(message, screen, stacktrace)
[2025-01-30T00:55:50.279+0000] {subprocess.py:106} INFO - selenium.common.exceptions.TimeoutException: Message:
[2025-01-30T00:55:50.285+0000] {subprocess.py:106} INFO - Stacktrace:
[2025-01-30T00:55:50.294+0000] {subprocess.py:106} INFO - #0 0x55e7c794bdca <unknown>
[2025-01-30T00:55:50.301+0000] {subprocess.py:106} INFO - #1 0x55e7c74423f0 <unknown>
[2025-01-30T00:55:50.304+0000] {subprocess.py:106} INFO - #2 0x55e7c749210c <unknown>
[2025-01-30T00:55:50.309+0000] {subprocess.py:106} INFO - #3 0x55e7c7492331 <unknown>
[2025-01-30T00:55:50.317+0000] {subprocess.py:106} INFO - #4 0x55e7c74d8154 <unknown>
[2025-01-30T00:55:50.320+0000] {subprocess.py:106} INFO - #5 0x55e7c74b6abd <unknown>
[2025-01-30T00:55:50.322+0000] {subprocess.py:106} INFO - #6 0x55e7c74d54b3 <unknown>
[2025-01-30T00:55:50.335+0000] {subprocess.py:106} INFO - #7 0x55e7c74b6833 <unknown>
[2025-01-30T00:55:50.340+0000] {subprocess.py:106} INFO - #8 0x55e7c74835a0 <unknown>
[2025-01-30T00:55:50.345+0000] {subprocess.py:106} INFO - #9 0x55e7c7484ece <unknown>
[2025-01-30T00:55:50.348+0000] {subprocess.py:106} INFO - #10 0x55e7c7915bdb <unknown>
[2025-01-30T00:55:50.351+0000] {subprocess.py:106} INFO - #11 0x55e7c7919b67 <unknown>
[2025-01-30T00:55:50.353+0000] {subprocess.py:106} INFO - #12 0x55e7c79013bc <unknown>
[2025-01-30T00:55:50.355+0000] {subprocess.py:106} INFO - #13 0x55e7c791a727 <unknown>
[2025-01-30T00:55:50.357+0000] {subprocess.py:106} INFO - #14 0x55e7c78e574f <unknown>
[2025-01-30T00:55:50.365+0000] {subprocess.py:106} INFO - #15 0x55e7c793a938 <unknown>
[2025-01-30T00:55:50.371+0000] {subprocess.py:106} INFO - #16 0x55e7c793ab00 <unknown>
[2025-01-30T00:55:50.377+0000] {subprocess.py:106} INFO - #17 0x55e7c794ac46 <unknown>
[2025-01-30T00:55:50.383+0000] {subprocess.py:106} INFO - #18 0x7f925905aa94 <unknown>
[2025-01-30T00:55:50.395+0000] {subprocess.py:106} INFO - #19 0x7f92590e7c3c <unknown>
[2025-01-30T00:55:50.399+0000] {subprocess.py:106} INFO - 
[2025-01-30T00:55:50.850+0000] {subprocess.py:110} INFO - Command exited with return code 1
[2025-01-30T00:55:50.922+0000] {taskinstance.py:3311} ERROR - Task failed with exception
Traceback (most recent call last):
  File "/home/airflow/.local/lib/python3.12/site-packages/airflow/models/taskinstance.py", line 767, in _execute_task
    result = _execute_callable(context=context, **execute_callable_kwargs)
             ^^^^^^^^^^^^^^^^^^^^^^^^^^^^^^^^^^^^^^^^^^^^^^^^^^^^^^^^^^^^^
  File "/home/airflow/.local/lib/python3.12/site-packages/airflow/models/taskinstance.py", line 733, in _execute_callable
    return ExecutionCallableRunner(
           ^^^^^^^^^^^^^^^^^^^^^^^^
  File "/home/airflow/.local/lib/python3.12/site-packages/airflow/utils/operator_helpers.py", line 252, in run
    return self.func(*args, **kwargs)
           ^^^^^^^^^^^^^^^^^^^^^^^^^^
  File "/home/airflow/.local/lib/python3.12/site-packages/airflow/models/baseoperator.py", line 422, in wrapper
    return func(self, *args, **kwargs)
           ^^^^^^^^^^^^^^^^^^^^^^^^^^^
  File "/home/airflow/.local/lib/python3.12/site-packages/airflow/operators/bash.py", line 276, in execute
    raise AirflowException(
airflow.exceptions.AirflowException: Bash command failed. The command returned a non-zero exit code 1.
[2025-01-30T00:55:50.966+0000] {taskinstance.py:1225} INFO - Marking task as UP_FOR_RETRY. dag_id=etl_reporte_como_vamos, task_id=task_bot_como_vamos, run_id=manual__2025-01-30T00:54:46.944609+00:00, execution_date=20250130T005446, start_date=20250130T005450, end_date=20250130T005550
[2025-01-30T00:55:51.072+0000] {taskinstance.py:340} INFO - ::group::Post task execution logs
[2025-01-30T00:55:51.075+0000] {standard_task_runner.py:124} ERROR - Failed to execute job 8 for task task_bot_como_vamos (Bash command failed. The command returned a non-zero exit code 1.; 303)
Traceback (most recent call last):
  File "/home/airflow/.local/lib/python3.12/site-packages/airflow/task/task_runner/standard_task_runner.py", line 117, in _start_by_fork
    ret = args.func(args, dag=self.dag)
          ^^^^^^^^^^^^^^^^^^^^^^^^^^^^^
  File "/home/airflow/.local/lib/python3.12/site-packages/airflow/cli/cli_config.py", line 49, in command
    return func(*args, **kwargs)
           ^^^^^^^^^^^^^^^^^^^^^
  File "/home/airflow/.local/lib/python3.12/site-packages/airflow/utils/cli.py", line 116, in wrapper
    return f(*args, **kwargs)
           ^^^^^^^^^^^^^^^^^^
  File "/home/airflow/.local/lib/python3.12/site-packages/airflow/cli/commands/task_command.py", line 483, in task_run
    task_return_code = _run_task_by_selected_method(args, _dag, ti)
                       ^^^^^^^^^^^^^^^^^^^^^^^^^^^^^^^^^^^^^^^^^^^^
  File "/home/airflow/.local/lib/python3.12/site-packages/airflow/cli/commands/task_command.py", line 256, in _run_task_by_selected_method
    return _run_raw_task(args, ti)
           ^^^^^^^^^^^^^^^^^^^^^^^
  File "/home/airflow/.local/lib/python3.12/site-packages/airflow/cli/commands/task_command.py", line 341, in _run_raw_task
    return ti._run_raw_task(
           ^^^^^^^^^^^^^^^^^
  File "/home/airflow/.local/lib/python3.12/site-packages/airflow/utils/session.py", line 97, in wrapper
    return func(*args, session=session, **kwargs)
           ^^^^^^^^^^^^^^^^^^^^^^^^^^^^^^^^^^^^^^
  File "/home/airflow/.local/lib/python3.12/site-packages/airflow/models/taskinstance.py", line 3005, in _run_raw_task
    return _run_raw_task(
           ^^^^^^^^^^^^^^
  File "/home/airflow/.local/lib/python3.12/site-packages/airflow/models/taskinstance.py", line 273, in _run_raw_task
    TaskInstance._execute_task_with_callbacks(
  File "/home/airflow/.local/lib/python3.12/site-packages/airflow/models/taskinstance.py", line 3159, in _execute_task_with_callbacks
    result = self._execute_task(context, task_orig)
             ^^^^^^^^^^^^^^^^^^^^^^^^^^^^^^^^^^^^^^
  File "/home/airflow/.local/lib/python3.12/site-packages/airflow/models/taskinstance.py", line 3183, in _execute_task
    return _execute_task(self, context, task_orig)
           ^^^^^^^^^^^^^^^^^^^^^^^^^^^^^^^^^^^^^^^
  File "/home/airflow/.local/lib/python3.12/site-packages/airflow/models/taskinstance.py", line 767, in _execute_task
    result = _execute_callable(context=context, **execute_callable_kwargs)
             ^^^^^^^^^^^^^^^^^^^^^^^^^^^^^^^^^^^^^^^^^^^^^^^^^^^^^^^^^^^^^
  File "/home/airflow/.local/lib/python3.12/site-packages/airflow/models/taskinstance.py", line 733, in _execute_callable
    return ExecutionCallableRunner(
           ^^^^^^^^^^^^^^^^^^^^^^^^
  File "/home/airflow/.local/lib/python3.12/site-packages/airflow/utils/operator_helpers.py", line 252, in run
    return self.func(*args, **kwargs)
           ^^^^^^^^^^^^^^^^^^^^^^^^^^
  File "/home/airflow/.local/lib/python3.12/site-packages/airflow/models/baseoperator.py", line 422, in wrapper
    return func(self, *args, **kwargs)
           ^^^^^^^^^^^^^^^^^^^^^^^^^^^
  File "/home/airflow/.local/lib/python3.12/site-packages/airflow/operators/bash.py", line 276, in execute
    raise AirflowException(
airflow.exceptions.AirflowException: Bash command failed. The command returned a non-zero exit code 1.
[2025-01-30T00:55:51.135+0000] {local_task_job_runner.py:266} INFO - Task exited with return code 1
[2025-01-30T00:55:51.216+0000] {taskinstance.py:3895} INFO - 0 downstream tasks scheduled from follow-on schedule check
[2025-01-30T00:55:51.221+0000] {local_task_job_runner.py:245} INFO - ::endgroup::
