[2025-02-04T07:19:00.704-0500] {local_task_job_runner.py:123} INFO - ::group::Pre task execution logs
[2025-02-04T07:19:00.731-0500] {taskinstance.py:2613} INFO - Dependencies all met for dep_context=non-requeueable deps ti=<TaskInstance: etl_reporte_como_vamos.etl_ex_bbva manual__2025-02-04T12:17:16.570936+00:00 [queued]>
[2025-02-04T07:19:00.745-0500] {taskinstance.py:2613} INFO - Dependencies all met for dep_context=requeueable deps ti=<TaskInstance: etl_reporte_como_vamos.etl_ex_bbva manual__2025-02-04T12:17:16.570936+00:00 [queued]>
[2025-02-04T07:19:00.748-0500] {taskinstance.py:2866} INFO - Starting attempt 1 of 4
[2025-02-04T07:19:00.774-0500] {taskinstance.py:2889} INFO - Executing <Task(BashOperator): etl_ex_bbva> on 2025-02-04 12:17:16.570936+00:00
[2025-02-04T07:19:00.790-0500] {warnings.py:112} WARNING - /home/***/.local/lib/python3.12/site-packages/***/task/task_runner/standard_task_runner.py:70: DeprecationWarning: This process (pid=26171) is multi-threaded, use of fork() may lead to deadlocks in the child.
  pid = os.fork()

[2025-02-04T07:19:00.795-0500] {standard_task_runner.py:72} INFO - Started process 26174 to run task
[2025-02-04T07:19:00.795-0500] {standard_task_runner.py:104} INFO - Running: ['***', 'tasks', 'run', 'etl_reporte_como_vamos', 'etl_ex_bbva', 'manual__2025-02-04T12:17:16.570936+00:00', '--job-id', '38', '--raw', '--subdir', 'DAGS_FOLDER/etl_como_vamos_dag.py', '--cfg-path', '/tmp/tmpix9_mn0i']
[2025-02-04T07:19:00.797-0500] {standard_task_runner.py:105} INFO - Job 38: Subtask etl_ex_bbva
[2025-02-04T07:19:00.869-0500] {task_command.py:467} INFO - Running <TaskInstance: etl_reporte_como_vamos.etl_ex_bbva manual__2025-02-04T12:17:16.570936+00:00 [running]> on host 21f1c1b48730
[2025-02-04T07:19:00.996-0500] {taskinstance.py:3132} INFO - Exporting env vars: AIRFLOW_CTX_DAG_OWNER='***' AIRFLOW_CTX_DAG_ID='etl_reporte_como_vamos' AIRFLOW_CTX_TASK_ID='etl_ex_bbva' AIRFLOW_CTX_EXECUTION_DATE='2025-02-04T12:17:16.570936+00:00' AIRFLOW_CTX_TRY_NUMBER='1' AIRFLOW_CTX_DAG_RUN_ID='manual__2025-02-04T12:17:16.570936+00:00'
[2025-02-04T07:19:00.997-0500] {taskinstance.py:731} INFO - ::endgroup::
[2025-02-04T07:19:01.019-0500] {subprocess.py:78} INFO - Tmp dir root location: /tmp
[2025-02-04T07:19:01.020-0500] {subprocess.py:88} INFO - Running command: ['/usr/bin/bash', '-c', 'python /opt/***/scripts/etl_ex_bbva.py']
[2025-02-04T07:19:01.032-0500] {subprocess.py:99} INFO - Output:
[2025-02-04T07:19:04.107-0500] {subprocess.py:106} INFO - ic| params: {'database': 'calidad_etl',
[2025-02-04T07:19:04.108-0500] {subprocess.py:106} INFO -              'host': '172.29.33.204',
[2025-02-04T07:19:04.109-0500] {subprocess.py:106} INFO -              'password': 'calidad2021*',
[2025-02-04T07:19:04.110-0500] {subprocess.py:106} INFO -              'port': '3306',
[2025-02-04T07:19:04.111-0500] {subprocess.py:106} INFO -              'user': 'calidad_etl'}
[2025-02-04T07:19:04.150-0500] {subprocess.py:106} INFO - ic| params: {'database': 'calidad_etl',
[2025-02-04T07:19:04.151-0500] {subprocess.py:106} INFO -              'host': '172.29.33.204',
[2025-02-04T07:19:04.151-0500] {subprocess.py:106} INFO -              'password': 'calidad2021*',
[2025-02-04T07:19:04.152-0500] {subprocess.py:106} INFO -              'port': '3306',
[2025-02-04T07:19:04.152-0500] {subprocess.py:106} INFO -              'user': 'calidad_etl'}
[2025-02-04T07:19:04.804-0500] {subprocess.py:106} INFO - 2025-02-04 07:19:04,804 - assets - INFO - Engine para base de datos: calidad_etl creado exitosamente
[2025-02-04T07:19:04.809-0500] {subprocess.py:106} INFO - ic| hoy: datetime.date(2025, 2, 4)
[2025-02-04T07:19:04.809-0500] {subprocess.py:106} INFO -     fecha_inicio: datetime.date(2025, 2, 1)
[2025-02-04T07:19:04.812-0500] {subprocess.py:106} INFO - ic| fecha_inicio: datetime.date(2025, 2, 1)
[2025-02-04T07:19:04.813-0500] {subprocess.py:106} INFO -     fecha_fin: datetime.date(2025, 2, 4)
[2025-02-04T07:19:04.815-0500] {subprocess.py:106} INFO - ic| query: '
[2025-02-04T07:19:04.816-0500] {subprocess.py:106} INFO -             SELECT * FROM calidad_etl.sm_cerrado
[2025-02-04T07:19:04.817-0500] {subprocess.py:106} INFO -                 WHERE "INSERTAR_DT" >= %s;
[2025-02-04T07:19:04.817-0500] {subprocess.py:106} INFO -             '
[2025-02-04T07:19:05.115-0500] {subprocess.py:106} INFO - 2025-02-04 07:19:05,115 - assets - INFO - SQL query succesfully executed
[2025-02-04T07:19:05.116-0500] {subprocess.py:106} INFO - 2025-02-04 07:19:05,115 - etl_ex_bbva - INFO - Start ETL Exito Tuya BBVA
[2025-02-04T07:19:09.518-0500] {subprocess.py:106} INFO - 2025-02-04 07:19:09,518 - etl_ex_bbva - INFO - Reporte como_vamos.xlsx successfully load
[2025-02-04T07:19:09.725-0500] {subprocess.py:106} INFO - 2025-02-04 07:19:09,725 - etl_ex_bbva - INFO - etl_ex_bbva.py success execution
[2025-02-04T07:19:09.726-0500] {subprocess.py:106} INFO - Conexión exitosa a la base de datos: calidad_etl
[2025-02-04T07:19:10.014-0500] {subprocess.py:110} INFO - Command exited with return code 0
[2025-02-04T07:19:10.045-0500] {taskinstance.py:340} INFO - ::group::Post task execution logs
[2025-02-04T07:19:10.046-0500] {taskinstance.py:352} INFO - Marking task as SUCCESS. dag_id=etl_reporte_como_vamos, task_id=etl_ex_bbva, run_id=manual__2025-02-04T12:17:16.570936+00:00, execution_date=20250204T121716, start_date=20250204T121900, end_date=20250204T121910
[2025-02-04T07:19:10.094-0500] {local_task_job_runner.py:266} INFO - Task exited with return code 0
[2025-02-04T07:19:10.122-0500] {taskinstance.py:3895} INFO - 1 downstream tasks scheduled from follow-on schedule check
[2025-02-04T07:19:10.125-0500] {local_task_job_runner.py:245} INFO - ::endgroup::
