[2025-01-28T05:15:41.172+0000] {local_task_job_runner.py:123} INFO - ::group::Pre task execution logs
[2025-01-28T05:15:41.208+0000] {taskinstance.py:2613} INFO - Dependencies all met for dep_context=non-requeueable deps ti=<TaskInstance: etl_reporte_como_vamos.task_bot_como_vamos manual__2025-01-28T05:15:39.189300+00:00 [queued]>
[2025-01-28T05:15:41.228+0000] {taskinstance.py:2613} INFO - Dependencies all met for dep_context=requeueable deps ti=<TaskInstance: etl_reporte_como_vamos.task_bot_como_vamos manual__2025-01-28T05:15:39.189300+00:00 [queued]>
[2025-01-28T05:15:41.231+0000] {taskinstance.py:2866} INFO - Starting attempt 1 of 2
[2025-01-28T05:15:41.261+0000] {taskinstance.py:2889} INFO - Executing <Task(BashOperator): task_bot_como_vamos> on 2025-01-28 05:15:39.189300+00:00
[2025-01-28T05:15:41.275+0000] {standard_task_runner.py:104} INFO - Running: ['***', 'tasks', 'run', 'etl_reporte_como_vamos', 'task_bot_como_vamos', 'manual__2025-01-28T05:15:39.189300+00:00', '--job-id', '33', '--raw', '--subdir', 'DAGS_FOLDER/etl_como_vamos_dag.py', '--cfg-path', '/tmp/tmp1dehllqp']
[2025-01-28T05:15:41.280+0000] {standard_task_runner.py:105} INFO - Job 33: Subtask task_bot_como_vamos
[2025-01-28T05:15:41.284+0000] {logging_mixin.py:190} WARNING - /home/***/.local/lib/python3.12/site-packages/***/task/task_runner/standard_task_runner.py:70 DeprecationWarning: This process (pid=1306) is multi-threaded, use of fork() may lead to deadlocks in the child.
[2025-01-28T05:15:41.286+0000] {standard_task_runner.py:72} INFO - Started process 1307 to run task
[2025-01-28T05:15:41.409+0000] {task_command.py:467} INFO - Running <TaskInstance: etl_reporte_como_vamos.task_bot_como_vamos manual__2025-01-28T05:15:39.189300+00:00 [running]> on host a5e394499402
[2025-01-28T05:15:41.815+0000] {taskinstance.py:3132} INFO - Exporting env vars: AIRFLOW_CTX_DAG_OWNER='***' AIRFLOW_CTX_DAG_ID='etl_reporte_como_vamos' AIRFLOW_CTX_TASK_ID='task_bot_como_vamos' AIRFLOW_CTX_EXECUTION_DATE='2025-01-28T05:15:39.189300+00:00' AIRFLOW_CTX_TRY_NUMBER='1' AIRFLOW_CTX_DAG_RUN_ID='manual__2025-01-28T05:15:39.189300+00:00'
[2025-01-28T05:15:41.818+0000] {taskinstance.py:731} INFO - ::endgroup::
[2025-01-28T05:15:41.857+0000] {subprocess.py:78} INFO - Tmp dir root location: /tmp
[2025-01-28T05:15:41.859+0000] {subprocess.py:88} INFO - Running command: ['/usr/bin/bash', '-c', 'python /opt/***/scripts/bot_reporte_como_vamos.py']
[2025-01-28T05:15:41.874+0000] {subprocess.py:99} INFO - Output:
[2025-01-28T05:15:46.277+0000] {subprocess.py:106} INFO - ic| start_date: '01/01/2025', end_date: '28/01/2025'
[2025-01-28T05:15:46.280+0000] {subprocess.py:106} INFO - 2025-01-28 05:15:46,277 - bot_como_vamos - INFO - Starting script bot_como_vamos.py
[2025-01-28T05:17:38.719+0000] {subprocess.py:106} INFO - Starting script bot_como_vamos.py
[2025-01-28T05:17:38.764+0000] {subprocess.py:106} INFO - Traceback (most recent call last):
[2025-01-28T05:17:38.772+0000] {subprocess.py:106} INFO -   File "/opt/***/scripts/bot_reporte_como_vamos.py", line 149, in <module>
[2025-01-28T05:17:38.819+0000] {subprocess.py:106} INFO -     main()
[2025-01-28T05:17:38.822+0000] {subprocess.py:106} INFO -   File "/opt/***/scripts/bot_reporte_como_vamos.py", line 74, in main
[2025-01-28T05:17:38.838+0000] {subprocess.py:106} INFO -     driver.get("https://reportingcenter.claro.net.co/ReportingCenter/index.php?route=login")
[2025-01-28T05:17:38.841+0000] {subprocess.py:106} INFO -   File "/home/***/.local/lib/python3.12/site-packages/selenium/webdriver/remote/webdriver.py", line 454, in get
[2025-01-28T05:17:38.843+0000] {subprocess.py:106} INFO -     self.execute(Command.GET, {"url": url})
[2025-01-28T05:17:38.845+0000] {subprocess.py:106} INFO -   File "/home/***/.local/lib/python3.12/site-packages/selenium/webdriver/remote/webdriver.py", line 429, in execute
[2025-01-28T05:17:38.847+0000] {subprocess.py:106} INFO -     self.error_handler.check_response(response)
[2025-01-28T05:17:38.849+0000] {subprocess.py:106} INFO -   File "/home/***/.local/lib/python3.12/site-packages/selenium/webdriver/remote/errorhandler.py", line 232, in check_response
[2025-01-28T05:17:38.852+0000] {subprocess.py:106} INFO -     raise exception_class(message, screen, stacktrace)
[2025-01-28T05:17:38.854+0000] {subprocess.py:106} INFO - selenium.common.exceptions.WebDriverException: Message: unknown error: session deleted because of page crash
[2025-01-28T05:17:38.856+0000] {subprocess.py:106} INFO - from unknown error: cannot determine loading status
[2025-01-28T05:17:38.858+0000] {subprocess.py:106} INFO - from tab crashed
[2025-01-28T05:17:38.860+0000] {subprocess.py:106} INFO -   (Session info: chrome=132.0.6834.110)
[2025-01-28T05:17:38.861+0000] {subprocess.py:106} INFO - Stacktrace:
[2025-01-28T05:17:38.864+0000] {subprocess.py:106} INFO - #0 0x563093103dca <unknown>
[2025-01-28T05:17:38.866+0000] {subprocess.py:106} INFO - #1 0x563092bfa24d <unknown>
[2025-01-28T05:17:38.867+0000] {subprocess.py:106} INFO - #2 0x563092be3b4e <unknown>
[2025-01-28T05:17:38.869+0000] {subprocess.py:106} INFO - #3 0x563092be2d4e <unknown>
[2025-01-28T05:17:38.872+0000] {subprocess.py:106} INFO - #4 0x563092be26dc <unknown>
[2025-01-28T05:17:38.874+0000] {subprocess.py:106} INFO - #5 0x563092be23b9 <unknown>
[2025-01-28T05:17:38.876+0000] {subprocess.py:106} INFO - #6 0x563092be0346 <unknown>
[2025-01-28T05:17:38.878+0000] {subprocess.py:106} INFO - #7 0x563092be0b2f <unknown>
[2025-01-28T05:17:38.882+0000] {subprocess.py:106} INFO - #8 0x563092bf0447 <unknown>
[2025-01-28T05:17:38.884+0000] {subprocess.py:106} INFO - #9 0x563092c076b4 <unknown>
[2025-01-28T05:17:38.886+0000] {subprocess.py:106} INFO - #10 0x563092c0d5ab <unknown>
[2025-01-28T05:17:38.888+0000] {subprocess.py:106} INFO - #11 0x563092be1237 <unknown>
[2025-01-28T05:17:38.890+0000] {subprocess.py:106} INFO - #12 0x563092c0718d <unknown>
[2025-01-28T05:17:38.892+0000] {subprocess.py:106} INFO - #13 0x563092c8d849 <unknown>
[2025-01-28T05:17:38.894+0000] {subprocess.py:106} INFO - #14 0x563092c6e833 <unknown>
[2025-01-28T05:17:38.897+0000] {subprocess.py:106} INFO - #15 0x563092c3b5a0 <unknown>
[2025-01-28T05:17:38.899+0000] {subprocess.py:106} INFO - #16 0x563092c3cece <unknown>
[2025-01-28T05:17:38.901+0000] {subprocess.py:106} INFO - #17 0x5630930cdbdb <unknown>
[2025-01-28T05:17:38.902+0000] {subprocess.py:106} INFO - #18 0x5630930d1b67 <unknown>
[2025-01-28T05:17:38.904+0000] {subprocess.py:106} INFO - #19 0x5630930b93bc <unknown>
[2025-01-28T05:17:38.906+0000] {subprocess.py:106} INFO - #20 0x5630930d2727 <unknown>
[2025-01-28T05:17:38.908+0000] {subprocess.py:106} INFO - #21 0x56309309d74f <unknown>
[2025-01-28T05:17:38.910+0000] {subprocess.py:106} INFO - #22 0x5630930f2938 <unknown>
[2025-01-28T05:17:38.912+0000] {subprocess.py:106} INFO - #23 0x5630930f2b00 <unknown>
[2025-01-28T05:17:38.914+0000] {subprocess.py:106} INFO - #24 0x563093102c46 <unknown>
[2025-01-28T05:17:38.916+0000] {subprocess.py:106} INFO - #25 0x7fc9f569ca94 <unknown>
[2025-01-28T05:17:38.918+0000] {subprocess.py:106} INFO - #26 0x7fc9f5729c3c <unknown>
[2025-01-28T05:17:38.921+0000] {subprocess.py:106} INFO - 
[2025-01-28T05:17:39.308+0000] {subprocess.py:110} INFO - Command exited with return code 1
[2025-01-28T05:17:39.417+0000] {job.py:229} INFO - Heartbeat recovered after 88.26 seconds
[2025-01-28T05:17:39.433+0000] {taskinstance.py:3311} ERROR - Task failed with exception
Traceback (most recent call last):
  File "/home/airflow/.local/lib/python3.12/site-packages/airflow/models/taskinstance.py", line 767, in _execute_task
    result = _execute_callable(context=context, **execute_callable_kwargs)
             ^^^^^^^^^^^^^^^^^^^^^^^^^^^^^^^^^^^^^^^^^^^^^^^^^^^^^^^^^^^^^
  File "/home/airflow/.local/lib/python3.12/site-packages/airflow/models/taskinstance.py", line 733, in _execute_callable
    return ExecutionCallableRunner(
           ^^^^^^^^^^^^^^^^^^^^^^^^
  File "/home/airflow/.local/lib/python3.12/site-packages/airflow/utils/operator_helpers.py", line 252, in run
    return self.func(*args, **kwargs)
           ^^^^^^^^^^^^^^^^^^^^^^^^^^
  File "/home/airflow/.local/lib/python3.12/site-packages/airflow/models/baseoperator.py", line 422, in wrapper
    return func(self, *args, **kwargs)
           ^^^^^^^^^^^^^^^^^^^^^^^^^^^
  File "/home/airflow/.local/lib/python3.12/site-packages/airflow/operators/bash.py", line 276, in execute
    raise AirflowException(
airflow.exceptions.AirflowException: Bash command failed. The command returned a non-zero exit code 1.
[2025-01-28T05:17:39.491+0000] {taskinstance.py:1225} INFO - Marking task as UP_FOR_RETRY. dag_id=etl_reporte_como_vamos, task_id=task_bot_como_vamos, run_id=manual__2025-01-28T05:15:39.189300+00:00, execution_date=20250128T051539, start_date=20250128T051541, end_date=20250128T051739
[2025-01-28T05:17:39.529+0000] {taskinstance.py:340} INFO - ::group::Post task execution logs
[2025-01-28T05:17:39.532+0000] {standard_task_runner.py:124} ERROR - Failed to execute job 33 for task task_bot_como_vamos (Bash command failed. The command returned a non-zero exit code 1.; 1307)
Traceback (most recent call last):
  File "/home/airflow/.local/lib/python3.12/site-packages/airflow/task/task_runner/standard_task_runner.py", line 117, in _start_by_fork
    ret = args.func(args, dag=self.dag)
          ^^^^^^^^^^^^^^^^^^^^^^^^^^^^^
  File "/home/airflow/.local/lib/python3.12/site-packages/airflow/cli/cli_config.py", line 49, in command
    return func(*args, **kwargs)
           ^^^^^^^^^^^^^^^^^^^^^
  File "/home/airflow/.local/lib/python3.12/site-packages/airflow/utils/cli.py", line 116, in wrapper
    return f(*args, **kwargs)
           ^^^^^^^^^^^^^^^^^^
  File "/home/airflow/.local/lib/python3.12/site-packages/airflow/cli/commands/task_command.py", line 483, in task_run
    task_return_code = _run_task_by_selected_method(args, _dag, ti)
                       ^^^^^^^^^^^^^^^^^^^^^^^^^^^^^^^^^^^^^^^^^^^^
  File "/home/airflow/.local/lib/python3.12/site-packages/airflow/cli/commands/task_command.py", line 256, in _run_task_by_selected_method
    return _run_raw_task(args, ti)
           ^^^^^^^^^^^^^^^^^^^^^^^
  File "/home/airflow/.local/lib/python3.12/site-packages/airflow/cli/commands/task_command.py", line 341, in _run_raw_task
    return ti._run_raw_task(
           ^^^^^^^^^^^^^^^^^
  File "/home/airflow/.local/lib/python3.12/site-packages/airflow/utils/session.py", line 97, in wrapper
    return func(*args, session=session, **kwargs)
           ^^^^^^^^^^^^^^^^^^^^^^^^^^^^^^^^^^^^^^
  File "/home/airflow/.local/lib/python3.12/site-packages/airflow/models/taskinstance.py", line 3005, in _run_raw_task
    return _run_raw_task(
           ^^^^^^^^^^^^^^
  File "/home/airflow/.local/lib/python3.12/site-packages/airflow/models/taskinstance.py", line 273, in _run_raw_task
    TaskInstance._execute_task_with_callbacks(
  File "/home/airflow/.local/lib/python3.12/site-packages/airflow/models/taskinstance.py", line 3159, in _execute_task_with_callbacks
    result = self._execute_task(context, task_orig)
             ^^^^^^^^^^^^^^^^^^^^^^^^^^^^^^^^^^^^^^
  File "/home/airflow/.local/lib/python3.12/site-packages/airflow/models/taskinstance.py", line 3183, in _execute_task
    return _execute_task(self, context, task_orig)
           ^^^^^^^^^^^^^^^^^^^^^^^^^^^^^^^^^^^^^^^
  File "/home/airflow/.local/lib/python3.12/site-packages/airflow/models/taskinstance.py", line 767, in _execute_task
    result = _execute_callable(context=context, **execute_callable_kwargs)
             ^^^^^^^^^^^^^^^^^^^^^^^^^^^^^^^^^^^^^^^^^^^^^^^^^^^^^^^^^^^^^
  File "/home/airflow/.local/lib/python3.12/site-packages/airflow/models/taskinstance.py", line 733, in _execute_callable
    return ExecutionCallableRunner(
           ^^^^^^^^^^^^^^^^^^^^^^^^
  File "/home/airflow/.local/lib/python3.12/site-packages/airflow/utils/operator_helpers.py", line 252, in run
    return self.func(*args, **kwargs)
           ^^^^^^^^^^^^^^^^^^^^^^^^^^
  File "/home/airflow/.local/lib/python3.12/site-packages/airflow/models/baseoperator.py", line 422, in wrapper
    return func(self, *args, **kwargs)
           ^^^^^^^^^^^^^^^^^^^^^^^^^^^
  File "/home/airflow/.local/lib/python3.12/site-packages/airflow/operators/bash.py", line 276, in execute
    raise AirflowException(
airflow.exceptions.AirflowException: Bash command failed. The command returned a non-zero exit code 1.
[2025-01-28T05:17:39.616+0000] {local_task_job_runner.py:266} INFO - Task exited with return code 1
[2025-01-28T05:17:39.679+0000] {taskinstance.py:3895} INFO - 0 downstream tasks scheduled from follow-on schedule check
[2025-01-28T05:17:39.684+0000] {local_task_job_runner.py:245} INFO - ::endgroup::
