[2025-02-13T18:25:51.024-0500] {local_task_job_runner.py:123} INFO - ::group::Pre task execution logs
[2025-02-13T18:25:51.058-0500] {taskinstance.py:2613} INFO - Dependencies all met for dep_context=non-requeueable deps ti=<TaskInstance: etl_reporte_como_vamos.etl_cdc manual__2025-02-13T23:24:05.217618+00:00 [queued]>
[2025-02-13T18:25:51.070-0500] {taskinstance.py:2613} INFO - Dependencies all met for dep_context=requeueable deps ti=<TaskInstance: etl_reporte_como_vamos.etl_cdc manual__2025-02-13T23:24:05.217618+00:00 [queued]>
[2025-02-13T18:25:51.071-0500] {taskinstance.py:2866} INFO - Starting attempt 1 of 4
[2025-02-13T18:25:51.087-0500] {taskinstance.py:2889} INFO - Executing <Task(BashOperator): etl_cdc> on 2025-02-13 23:24:05.217618+00:00
[2025-02-13T18:25:51.094-0500] {warnings.py:112} WARNING - /home/***/.local/lib/python3.12/site-packages/***/task/task_runner/standard_task_runner.py:70: DeprecationWarning: This process (pid=52260) is multi-threaded, use of fork() may lead to deadlocks in the child.
  pid = os.fork()

[2025-02-13T18:25:51.097-0500] {standard_task_runner.py:72} INFO - Started process 52295 to run task
[2025-02-13T18:25:51.097-0500] {standard_task_runner.py:104} INFO - Running: ['***', 'tasks', 'run', 'etl_reporte_como_vamos', 'etl_cdc', 'manual__2025-02-13T23:24:05.217618+00:00', '--job-id', '118', '--raw', '--subdir', 'DAGS_FOLDER/etl_como_vamos_dag.py', '--cfg-path', '/tmp/tmpc905z79n']
[2025-02-13T18:25:51.100-0500] {standard_task_runner.py:105} INFO - Job 118: Subtask etl_cdc
[2025-02-13T18:25:51.158-0500] {task_command.py:467} INFO - Running <TaskInstance: etl_reporte_como_vamos.etl_cdc manual__2025-02-13T23:24:05.217618+00:00 [running]> on host 21f1c1b48730
[2025-02-13T18:25:51.271-0500] {taskinstance.py:3132} INFO - Exporting env vars: AIRFLOW_CTX_DAG_OWNER='***' AIRFLOW_CTX_DAG_ID='etl_reporte_como_vamos' AIRFLOW_CTX_TASK_ID='etl_cdc' AIRFLOW_CTX_EXECUTION_DATE='2025-02-13T23:24:05.217618+00:00' AIRFLOW_CTX_TRY_NUMBER='1' AIRFLOW_CTX_DAG_RUN_ID='manual__2025-02-13T23:24:05.217618+00:00'
[2025-02-13T18:25:51.272-0500] {taskinstance.py:731} INFO - ::endgroup::
[2025-02-13T18:25:51.290-0500] {subprocess.py:78} INFO - Tmp dir root location: /tmp
[2025-02-13T18:25:51.292-0500] {subprocess.py:88} INFO - Running command: ['/usr/bin/bash', '-c', 'python /opt/***/scripts/etl_cdc.py']
[2025-02-13T18:25:51.303-0500] {subprocess.py:99} INFO - Output:
[2025-02-13T18:26:08.900-0500] {subprocess.py:106} INFO -      incrementador               nombre_cliente  ... duplicado motivo_duplicado
[2025-02-13T18:26:08.902-0500] {subprocess.py:106} INFO - 0            11214  COLOMBIANA DE COMERCIO S.A.  ...
[2025-02-13T18:26:08.903-0500] {subprocess.py:106} INFO - 1            11115  COLOMBIANA DE COMERCIO S.A.  ...
[2025-02-13T18:26:08.903-0500] {subprocess.py:106} INFO - 2            11116  COLOMBIANA DE COMERCIO S.A.  ...
[2025-02-13T18:26:08.904-0500] {subprocess.py:106} INFO - 3            11117  COLOMBIANA DE COMERCIO S.A.  ...
[2025-02-13T18:26:08.905-0500] {subprocess.py:106} INFO - 4            11118  COLOMBIANA DE COMERCIO S.A.  ...
[2025-02-13T18:26:08.906-0500] {subprocess.py:106} INFO - ..             ...                          ...  ...       ...              ...
[2025-02-13T18:26:08.907-0500] {subprocess.py:106} INFO - 279          11420  COLOMBIANA DE COMERCIO S.A.  ...
[2025-02-13T18:26:08.908-0500] {subprocess.py:106} INFO - 280          11421  COLOMBIANA DE COMERCIO S.A.  ...
[2025-02-13T18:26:08.908-0500] {subprocess.py:106} INFO - 281          11422  COLOMBIANA DE COMERCIO S.A.  ...
[2025-02-13T18:26:08.909-0500] {subprocess.py:106} INFO - 282          11423  COLOMBIANA DE COMERCIO S.A.  ...
[2025-02-13T18:26:08.910-0500] {subprocess.py:106} INFO - 283          11424  COLOMBIANA DE COMERCIO S.A.  ...
[2025-02-13T18:26:08.911-0500] {subprocess.py:106} INFO - 
[2025-02-13T18:26:08.911-0500] {subprocess.py:106} INFO - [284 rows x 60 columns]
[2025-02-13T18:26:08.912-0500] {subprocess.py:106} INFO -                  nombre_cliente    id_caso  ... duplicado motivo_duplicado
[2025-02-13T18:26:08.912-0500] {subprocess.py:106} INFO - 0   COLOMBIANA DE COMERCIO S.A.  IM3060259  ...
[2025-02-13T18:26:08.913-0500] {subprocess.py:106} INFO - 1   COLOMBIANA DE COMERCIO S.A.  RF1866051  ...
[2025-02-13T18:26:08.914-0500] {subprocess.py:106} INFO - 2   COLOMBIANA DE COMERCIO S.A.  RF1866046  ...
[2025-02-13T18:26:08.914-0500] {subprocess.py:106} INFO - 3   COLOMBIANA DE COMERCIO S.A.  RF1866070  ...
[2025-02-13T18:26:08.915-0500] {subprocess.py:106} INFO - 4   COLOMBIANA DE COMERCIO S.A.  RF1866066  ...
[2025-02-13T18:26:08.916-0500] {subprocess.py:106} INFO - 5   COLOMBIANA DE COMERCIO S.A.  RF1866045  ...
[2025-02-13T18:26:08.916-0500] {subprocess.py:106} INFO - 6   COLOMBIANA DE COMERCIO S.A.  RF1866050  ...
[2025-02-13T18:26:08.917-0500] {subprocess.py:106} INFO - 7   COLOMBIANA DE COMERCIO S.A.  RF1866049  ...
[2025-02-13T18:26:08.918-0500] {subprocess.py:106} INFO - 8   COLOMBIANA DE COMERCIO S.A.  RF1866048  ...
[2025-02-13T18:26:08.918-0500] {subprocess.py:106} INFO - 9   COLOMBIANA DE COMERCIO S.A.  RF1866047  ...
[2025-02-13T18:26:08.919-0500] {subprocess.py:106} INFO - 10  COLOMBIANA DE COMERCIO S.A.  IM3059897  ...
[2025-02-13T18:26:08.920-0500] {subprocess.py:106} INFO - 11  COLOMBIANA DE COMERCIO S.A.  IM3059855  ...
[2025-02-13T18:26:08.920-0500] {subprocess.py:106} INFO - 12  COLOMBIANA DE COMERCIO S.A.  RF1864630  ...
[2025-02-13T18:26:08.921-0500] {subprocess.py:106} INFO - 13  COLOMBIANA DE COMERCIO S.A.  RF1864956  ...
[2025-02-13T18:26:08.922-0500] {subprocess.py:106} INFO - 14  COLOMBIANA DE COMERCIO S.A.  IM3059897  ...
[2025-02-13T18:26:08.922-0500] {subprocess.py:106} INFO - 15  COLOMBIANA DE COMERCIO S.A.  RF1865789  ...
[2025-02-13T18:26:08.923-0500] {subprocess.py:106} INFO - 16  COLOMBIANA DE COMERCIO S.A.  IM3061176  ...
[2025-02-13T18:26:08.924-0500] {subprocess.py:106} INFO - 17  COLOMBIANA DE COMERCIO S.A.  RF1866122  ...
[2025-02-13T18:26:08.925-0500] {subprocess.py:106} INFO - 18  COLOMBIANA DE COMERCIO S.A.  RF1866043  ...
[2025-02-13T18:26:08.925-0500] {subprocess.py:106} INFO - 19  COLOMBIANA DE COMERCIO S.A.  RF1866042  ...
[2025-02-13T18:26:08.926-0500] {subprocess.py:106} INFO - 20  COLOMBIANA DE COMERCIO S.A.  RF1866041  ...
[2025-02-13T18:26:08.927-0500] {subprocess.py:106} INFO - 21  COLOMBIANA DE COMERCIO S.A.  RF1866040  ...
[2025-02-13T18:26:08.927-0500] {subprocess.py:106} INFO - 22  COLOMBIANA DE COMERCIO S.A.  RF1866039  ...
[2025-02-13T18:26:08.928-0500] {subprocess.py:106} INFO - 23  COLOMBIANA DE COMERCIO S.A.  RF1866035  ...
[2025-02-13T18:26:08.928-0500] {subprocess.py:106} INFO - 24  COLOMBIANA DE COMERCIO S.A.  RF1866044  ...
[2025-02-13T18:26:08.929-0500] {subprocess.py:106} INFO - 25  COLOMBIANA DE COMERCIO S.A.  RF1866036  ...
[2025-02-13T18:26:08.930-0500] {subprocess.py:106} INFO - 26  COLOMBIANA DE COMERCIO S.A.  RF1866128  ...
[2025-02-13T18:26:08.930-0500] {subprocess.py:106} INFO - 27  COLOMBIANA DE COMERCIO S.A.  RF1862827  ...
[2025-02-13T18:26:08.931-0500] {subprocess.py:106} INFO - 
[2025-02-13T18:26:08.932-0500] {subprocess.py:106} INFO - [28 rows x 59 columns]
[2025-02-13T18:26:08.932-0500] {subprocess.py:106} INFO - 5 23 0
[2025-02-13T18:26:08.933-0500] {subprocess.py:106} INFO - Incidentes Cargados:  5
[2025-02-13T18:26:08.933-0500] {subprocess.py:106} INFO - Requerimientos Cargados:  23
[2025-02-13T18:26:08.934-0500] {subprocess.py:106} INFO - Ejecucion Exitosa
[2025-02-13T18:26:09.049-0500] {subprocess.py:110} INFO - Command exited with return code 0
[2025-02-13T18:26:09.083-0500] {taskinstance.py:340} INFO - ::group::Post task execution logs
[2025-02-13T18:26:09.084-0500] {taskinstance.py:352} INFO - Marking task as SUCCESS. dag_id=etl_reporte_como_vamos, task_id=etl_cdc, run_id=manual__2025-02-13T23:24:05.217618+00:00, execution_date=20250213T232405, start_date=20250213T232551, end_date=20250213T232609
[2025-02-13T18:26:09.121-0500] {local_task_job_runner.py:266} INFO - Task exited with return code 0
[2025-02-13T18:26:09.151-0500] {taskinstance.py:3895} INFO - 1 downstream tasks scheduled from follow-on schedule check
[2025-02-13T18:26:09.155-0500] {local_task_job_runner.py:245} INFO - ::endgroup::
