[2025-02-13T09:14:12.420-0500] {local_task_job_runner.py:123} INFO - ::group::Pre task execution logs
[2025-02-13T09:14:12.440-0500] {taskinstance.py:2613} INFO - Dependencies all met for dep_context=non-requeueable deps ti=<TaskInstance: etl_reporte_como_vamos.bot_ex_bbva manual__2025-02-13T14:12:29.602225+00:00 [queued]>
[2025-02-13T09:14:12.449-0500] {taskinstance.py:2613} INFO - Dependencies all met for dep_context=requeueable deps ti=<TaskInstance: etl_reporte_como_vamos.bot_ex_bbva manual__2025-02-13T14:12:29.602225+00:00 [queued]>
[2025-02-13T09:14:12.451-0500] {taskinstance.py:2866} INFO - Starting attempt 1 of 4
[2025-02-13T09:14:12.465-0500] {taskinstance.py:2889} INFO - Executing <Task(BashOperator): bot_ex_bbva> on 2025-02-13 14:12:29.602225+00:00
[2025-02-13T09:14:12.471-0500] {warnings.py:112} WARNING - /home/***/.local/lib/python3.12/site-packages/***/task/task_runner/standard_task_runner.py:70: DeprecationWarning: This process (pid=45379) is multi-threaded, use of fork() may lead to deadlocks in the child.
  pid = os.fork()

[2025-02-13T09:14:12.473-0500] {standard_task_runner.py:72} INFO - Started process 45380 to run task
[2025-02-13T09:14:12.474-0500] {standard_task_runner.py:104} INFO - Running: ['***', 'tasks', 'run', 'etl_reporte_como_vamos', 'bot_ex_bbva', 'manual__2025-02-13T14:12:29.602225+00:00', '--job-id', '114', '--raw', '--subdir', 'DAGS_FOLDER/etl_como_vamos_dag.py', '--cfg-path', '/tmp/tmp9lpku8p8']
[2025-02-13T09:14:12.475-0500] {standard_task_runner.py:105} INFO - Job 114: Subtask bot_ex_bbva
[2025-02-13T09:14:12.520-0500] {task_command.py:467} INFO - Running <TaskInstance: etl_reporte_como_vamos.bot_ex_bbva manual__2025-02-13T14:12:29.602225+00:00 [running]> on host 21f1c1b48730
[2025-02-13T09:14:12.622-0500] {taskinstance.py:3132} INFO - Exporting env vars: AIRFLOW_CTX_DAG_OWNER='***' AIRFLOW_CTX_DAG_ID='etl_reporte_como_vamos' AIRFLOW_CTX_TASK_ID='bot_ex_bbva' AIRFLOW_CTX_EXECUTION_DATE='2025-02-13T14:12:29.602225+00:00' AIRFLOW_CTX_TRY_NUMBER='1' AIRFLOW_CTX_DAG_RUN_ID='manual__2025-02-13T14:12:29.602225+00:00'
[2025-02-13T09:14:12.624-0500] {taskinstance.py:731} INFO - ::endgroup::
[2025-02-13T09:14:12.642-0500] {subprocess.py:78} INFO - Tmp dir root location: /tmp
[2025-02-13T09:14:12.643-0500] {subprocess.py:88} INFO - Running command: ['/usr/bin/bash', '-c', 'python /opt/***/scripts/bot_etl_ex_bbva.py']
[2025-02-13T09:14:12.655-0500] {subprocess.py:99} INFO - Output:
[2025-02-13T09:14:13.579-0500] {subprocess.py:106} INFO - 2025-02-13 09:14:13,579 - bot_etl_ex_bbva - INFO - Bot ETL Exito-BBVA started
[2025-02-13T09:14:14.012-0500] {subprocess.py:106} INFO - 2025-02-13 09:14:14,012 - bot_etl_ex_bbva - INFO - Conexión al Selenium Hub establecida correctamente
[2025-02-13T09:14:15.105-0500] {subprocess.py:106} INFO - 2025-02-13 09:14:15,105 - bot_etl_ex_bbva - INFO - Credentials input success
[2025-02-13T09:14:16.245-0500] {subprocess.py:106} INFO - 2025-02-13 09:14:16,245 - bot_etl_ex_bbva - INFO - Click in login button
[2025-02-13T09:14:26.338-0500] {subprocess.py:106} INFO - 2025-02-13 09:14:26,335 - bot_etl_ex_bbva - INFO - Loging success
[2025-02-13T09:14:27.505-0500] {subprocess.py:106} INFO - 2025-02-13 09:14:27,505 - bot_etl_ex_bbva - INFO - Input file succes
[2025-02-13T09:15:07.401-0500] {subprocess.py:106} INFO - 2025-02-13 09:15:07,401 - bot_etl_ex_bbva - INFO - Click in Cargar
[2025-02-13T09:15:13.156-0500] {subprocess.py:106} INFO - 2025-02-13 09:15:13,156 - bot_etl_ex_bbva - INFO - bot_etl_ex_bbva finish execution
[2025-02-13T09:15:13.329-0500] {subprocess.py:110} INFO - Command exited with return code 0
[2025-02-13T09:15:13.392-0500] {taskinstance.py:340} INFO - ::group::Post task execution logs
[2025-02-13T09:15:13.394-0500] {taskinstance.py:352} INFO - Marking task as SUCCESS. dag_id=etl_reporte_como_vamos, task_id=bot_ex_bbva, run_id=manual__2025-02-13T14:12:29.602225+00:00, execution_date=20250213T141229, start_date=20250213T141412, end_date=20250213T141513
[2025-02-13T09:15:13.438-0500] {local_task_job_runner.py:266} INFO - Task exited with return code 0
[2025-02-13T09:15:13.478-0500] {taskinstance.py:3895} INFO - 1 downstream tasks scheduled from follow-on schedule check
[2025-02-13T09:15:13.481-0500] {local_task_job_runner.py:245} INFO - ::endgroup::
