[2025-02-01T00:11:47.778-0500] {local_task_job_runner.py:123} INFO - ::group::Pre task execution logs
[2025-02-01T00:11:47.843-0500] {taskinstance.py:2613} INFO - Dependencies all met for dep_context=non-requeueable deps ti=<TaskInstance: etl_reporte_como_vamos.task_bot_como_vamos manual__2025-02-01T05:11:44.390818+00:00 [queued]>
[2025-02-01T00:11:47.871-0500] {taskinstance.py:2613} INFO - Dependencies all met for dep_context=requeueable deps ti=<TaskInstance: etl_reporte_como_vamos.task_bot_como_vamos manual__2025-02-01T05:11:44.390818+00:00 [queued]>
[2025-02-01T00:11:47.873-0500] {taskinstance.py:2866} INFO - Starting attempt 1 of 1
[2025-02-01T00:11:47.922-0500] {taskinstance.py:2889} INFO - Executing <Task(BashOperator): task_bot_como_vamos> on 2025-02-01 05:11:44.390818+00:00
[2025-02-01T00:11:47.937-0500] {warnings.py:112} WARNING - /home/***/.local/lib/python3.12/site-packages/***/task/task_runner/standard_task_runner.py:70: DeprecationWarning: This process (pid=311) is multi-threaded, use of fork() may lead to deadlocks in the child.
  pid = os.fork()

[2025-02-01T00:11:47.942-0500] {standard_task_runner.py:72} INFO - Started process 318 to run task
[2025-02-01T00:11:47.943-0500] {standard_task_runner.py:104} INFO - Running: ['***', 'tasks', 'run', 'etl_reporte_como_vamos', 'task_bot_como_vamos', 'manual__2025-02-01T05:11:44.390818+00:00', '--job-id', '83', '--raw', '--subdir', 'DAGS_FOLDER/etl_como_vamos_dag.py', '--cfg-path', '/tmp/tmpuqgzp0fl']
[2025-02-01T00:11:47.946-0500] {standard_task_runner.py:105} INFO - Job 83: Subtask task_bot_como_vamos
[2025-02-01T00:11:48.087-0500] {task_command.py:467} INFO - Running <TaskInstance: etl_reporte_como_vamos.task_bot_como_vamos manual__2025-02-01T05:11:44.390818+00:00 [running]> on host d596638090b4
[2025-02-01T00:11:48.504-0500] {taskinstance.py:3132} INFO - Exporting env vars: AIRFLOW_CTX_DAG_OWNER='***' AIRFLOW_CTX_DAG_ID='etl_reporte_como_vamos' AIRFLOW_CTX_TASK_ID='task_bot_como_vamos' AIRFLOW_CTX_EXECUTION_DATE='2025-02-01T05:11:44.390818+00:00' AIRFLOW_CTX_TRY_NUMBER='1' AIRFLOW_CTX_DAG_RUN_ID='manual__2025-02-01T05:11:44.390818+00:00'
[2025-02-01T00:11:48.507-0500] {taskinstance.py:731} INFO - ::endgroup::
[2025-02-01T00:11:48.657-0500] {subprocess.py:78} INFO - Tmp dir root location: /tmp
[2025-02-01T00:11:48.672-0500] {subprocess.py:88} INFO - Running command: ['/usr/bin/bash', '-c', 'python /opt/***/scripts/bot_reporte_como_vamos.py']
[2025-02-01T00:11:48.755-0500] {subprocess.py:99} INFO - Output:
[2025-02-01T00:11:57.384-0500] {subprocess.py:106} INFO - ic| hoy: datetime.date(2025, 2, 1)
[2025-02-01T00:11:57.385-0500] {subprocess.py:106} INFO -     fecha_inicio: datetime.date(2025, 2, 1)
[2025-02-01T00:11:57.437-0500] {subprocess.py:106} INFO - ic| start_date: '01/01/2025', end_date: '01/02/2025'
[2025-02-01T00:11:57.439-0500] {subprocess.py:106} INFO - 2025-02-01 00:11:57,437 - bot_como_vamos - INFO - Starting script bot_como_vamos.py
[2025-02-01T00:11:58.453-0500] {subprocess.py:106} INFO - 2025-02-01 00:11:58,452 - bot_como_vamos - INFO - Conexión al Selenium Hub establecida correctamente
[2025-02-01T00:12:52.782-0500] {subprocess.py:106} INFO - ic| login_success: <selenium.webdriver.remote.webelement.WebElement (session="7386d942e82aa9e6e8e96520c140e754", element="f.6FA3905B8F479DA9E38837ABB7475E35.d.BFA45F758A91B619A89A903A1D608D66.e.77")>
[2025-02-01T00:12:52.783-0500] {subprocess.py:106} INFO - 2025-02-01 00:12:52,782 - bot_como_vamos - INFO - Loging success
[2025-02-01T00:13:02.975-0500] {subprocess.py:106} INFO - 2025-02-01 00:13:02,975 - bot_como_vamos - INFO - Click in menu button successfully
[2025-02-01T00:13:13.422-0500] {subprocess.py:106} INFO - 2025-02-01 00:13:13,421 - bot_como_vamos - INFO - Input dates successfully
[2025-02-01T00:13:23.731-0500] {subprocess.py:106} INFO - 2025-02-01 00:13:23,731 - bot_como_vamos - INFO - Click in 'Empresas Y Negocios' successfully
[2025-02-01T00:16:33.741-0500] {subprocess.py:106} INFO - 2025-02-01 00:16:33,740 - bot_como_vamos - INFO - Click in 'Como Vamos' successfully
[2025-02-01T00:16:33.742-0500] {subprocess.py:106} INFO - 2025-02-01 00:16:33,741 - assets - INFO - Waiting for download file...............
[2025-02-01T00:17:33.820-0500] {subprocess.py:106} INFO - ic| file: 'Unconfirmed 519973.crdownload'
[2025-02-01T00:17:38.821-0500] {subprocess.py:106} INFO - ic| file: 'Unconfirmed 519973.crdownload'
[2025-02-01T00:17:43.830-0500] {subprocess.py:106} INFO - ic| file: 'Reporte como_vamos.xlsx'
[2025-02-01T00:17:43.831-0500] {subprocess.py:106} INFO - 2025-02-01 00:17:43,830 - bot_como_vamos - INFO - Download Reporte como_vamos succesfully
[2025-02-01T00:17:44.166-0500] {subprocess.py:110} INFO - Command exited with return code 0
[2025-02-01T00:17:44.220-0500] {taskinstance.py:340} INFO - ::group::Post task execution logs
[2025-02-01T00:17:44.223-0500] {taskinstance.py:352} INFO - Marking task as SUCCESS. dag_id=etl_reporte_como_vamos, task_id=task_bot_como_vamos, run_id=manual__2025-02-01T05:11:44.390818+00:00, execution_date=20250201T051144, start_date=20250201T051147, end_date=20250201T051744
[2025-02-01T00:17:44.290-0500] {local_task_job_runner.py:266} INFO - Task exited with return code 0
[2025-02-01T00:17:44.347-0500] {taskinstance.py:3895} INFO - 2 downstream tasks scheduled from follow-on schedule check
[2025-02-01T00:17:44.353-0500] {local_task_job_runner.py:245} INFO - ::endgroup::
