[2025-01-30T06:28:13.809+0000] {local_task_job_runner.py:123} INFO - ::group::Pre task execution logs
[2025-01-30T06:28:13.855+0000] {taskinstance.py:2613} INFO - Dependencies all met for dep_context=non-requeueable deps ti=<TaskInstance: etl_reporte_como_vamos.task_bot_como_vamos manual__2025-01-30T06:28:09.933706+00:00 [queued]>
[2025-01-30T06:28:13.878+0000] {taskinstance.py:2613} INFO - Dependencies all met for dep_context=requeueable deps ti=<TaskInstance: etl_reporte_como_vamos.task_bot_como_vamos manual__2025-01-30T06:28:09.933706+00:00 [queued]>
[2025-01-30T06:28:13.880+0000] {taskinstance.py:2866} INFO - Starting attempt 1 of 1
[2025-01-30T06:28:13.916+0000] {taskinstance.py:2889} INFO - Executing <Task(BashOperator): task_bot_como_vamos> on 2025-01-30 06:28:09.933706+00:00
[2025-01-30T06:28:13.930+0000] {warnings.py:112} WARNING - /home/***/.local/lib/python3.12/site-packages/***/task/task_runner/standard_task_runner.py:70: DeprecationWarning: This process (pid=151) is multi-threaded, use of fork() may lead to deadlocks in the child.
  pid = os.fork()

[2025-01-30T06:28:13.935+0000] {standard_task_runner.py:72} INFO - Started process 152 to run task
[2025-01-30T06:28:13.933+0000] {standard_task_runner.py:104} INFO - Running: ['***', 'tasks', 'run', 'etl_reporte_como_vamos', 'task_bot_como_vamos', 'manual__2025-01-30T06:28:09.933706+00:00', '--job-id', '6', '--raw', '--subdir', 'DAGS_FOLDER/etl_como_vamos_dag.py', '--cfg-path', '/tmp/tmpknswyazh']
[2025-01-30T06:28:13.937+0000] {standard_task_runner.py:105} INFO - Job 6: Subtask task_bot_como_vamos
[2025-01-30T06:28:14.067+0000] {task_command.py:467} INFO - Running <TaskInstance: etl_reporte_como_vamos.task_bot_como_vamos manual__2025-01-30T06:28:09.933706+00:00 [running]> on host c218223649a1
[2025-01-30T06:28:14.267+0000] {taskinstance.py:3132} INFO - Exporting env vars: AIRFLOW_CTX_DAG_OWNER='***' AIRFLOW_CTX_DAG_ID='etl_reporte_como_vamos' AIRFLOW_CTX_TASK_ID='task_bot_como_vamos' AIRFLOW_CTX_EXECUTION_DATE='2025-01-30T06:28:09.933706+00:00' AIRFLOW_CTX_TRY_NUMBER='1' AIRFLOW_CTX_DAG_RUN_ID='manual__2025-01-30T06:28:09.933706+00:00'
[2025-01-30T06:28:14.270+0000] {taskinstance.py:731} INFO - ::endgroup::
[2025-01-30T06:28:14.312+0000] {subprocess.py:78} INFO - Tmp dir root location: /tmp
[2025-01-30T06:28:14.315+0000] {subprocess.py:88} INFO - Running command: ['/usr/bin/bash', '-c', 'python /opt/***/scripts/bot_reporte_como_vamos.py']
[2025-01-30T06:28:14.335+0000] {subprocess.py:99} INFO - Output:
[2025-01-30T06:28:21.026+0000] {subprocess.py:106} INFO - ic| start_date: '01/01/2025', end_date: '30/01/2025'
[2025-01-30T06:28:21.036+0000] {subprocess.py:106} INFO - 2025-01-30 06:28:21,026 - bot_como_vamos - INFO - Starting script bot_como_vamos.py
[2025-01-30T06:28:21.318+0000] {subprocess.py:106} INFO - 2025-01-30 06:28:21,317 - bot_como_vamos - INFO - Conexión al Selenium Hub establecida correctamente
[2025-01-30T06:29:28.321+0000] {subprocess.py:106} INFO - 2025-01-30 06:29:28,320 - bot_como_vamos - ERROR - Execution error bot_reporte_como_vamos.py:
[2025-01-30T06:29:28.323+0000] {subprocess.py:106} INFO - ***Error type:*** TimeoutException
[2025-01-30T06:29:28.325+0000] {subprocess.py:106} INFO - ***Error message:*** Message:
[2025-01-30T06:29:28.327+0000] {subprocess.py:106} INFO - Stacktrace:
[2025-01-30T06:29:28.329+0000] {subprocess.py:106} INFO - #0 0x563239d90dca <unknown>
[2025-01-30T06:29:28.330+0000] {subprocess.py:106} INFO - #1 0x5632398873f0 <unknown>
[2025-01-30T06:29:28.332+0000] {subprocess.py:106} INFO - #2 0x5632398d710c <unknown>
[2025-01-30T06:29:28.333+0000] {subprocess.py:106} INFO - #3 0x5632398d7331 <unknown>
[2025-01-30T06:29:28.334+0000] {subprocess.py:106} INFO - #4 0x56323991d154 <unknown>
[2025-01-30T06:29:28.335+0000] {subprocess.py:106} INFO - #5 0x5632398fbabd <unknown>
[2025-01-30T06:29:28.338+0000] {subprocess.py:106} INFO - #6 0x56323991a4b3 <unknown>
[2025-01-30T06:29:28.340+0000] {subprocess.py:106} INFO - #7 0x5632398fb833 <unknown>
[2025-01-30T06:29:28.344+0000] {subprocess.py:106} INFO - #8 0x5632398c85a0 <unknown>
[2025-01-30T06:29:28.346+0000] {subprocess.py:106} INFO - #9 0x5632398c9ece <unknown>
[2025-01-30T06:29:28.348+0000] {subprocess.py:106} INFO - #10 0x563239d5abdb <unknown>
[2025-01-30T06:29:28.350+0000] {subprocess.py:106} INFO - #11 0x563239d5eb67 <unknown>
[2025-01-30T06:29:28.352+0000] {subprocess.py:106} INFO - #12 0x563239d463bc <unknown>
[2025-01-30T06:29:28.354+0000] {subprocess.py:106} INFO - #13 0x563239d5f727 <unknown>
[2025-01-30T06:29:28.362+0000] {subprocess.py:106} INFO - #14 0x563239d2a74f <unknown>
[2025-01-30T06:29:28.364+0000] {subprocess.py:106} INFO - #15 0x563239d7f938 <unknown>
[2025-01-30T06:29:28.365+0000] {subprocess.py:106} INFO - #16 0x563239d7fb00 <unknown>
[2025-01-30T06:29:28.367+0000] {subprocess.py:106} INFO - #17 0x563239d8fc46 <unknown>
[2025-01-30T06:29:28.368+0000] {subprocess.py:106} INFO - #18 0x7f4747013a94 <unknown>
[2025-01-30T06:29:28.370+0000] {subprocess.py:106} INFO - #19 0x7f47470a0c3c <unknown>
[2025-01-30T06:29:28.371+0000] {subprocess.py:106} INFO - 
[2025-01-30T06:29:28.373+0000] {subprocess.py:106} INFO - ***Full Traceback:*** Traceback (most recent call last):
[2025-01-30T06:29:28.375+0000] {subprocess.py:106} INFO -   File "/opt/***/scripts/bot_reporte_como_vamos.py", line 92, in main
[2025-01-30T06:29:28.377+0000] {subprocess.py:106} INFO -     username_field = wait.until(EC.presence_of_element_located((By.ID, "usuario")))
[2025-01-30T06:29:28.379+0000] {subprocess.py:106} INFO -                      ^^^^^^^^^^^^^^^^^^^^^^^^^^^^^^^^^^^^^^^^^^^^^^^^^^^^^^^^^^^^^^
[2025-01-30T06:29:28.380+0000] {subprocess.py:106} INFO -   File "/home/***/.local/lib/python3.12/site-packages/selenium/webdriver/support/wait.py", line 146, in until
[2025-01-30T06:29:28.382+0000] {subprocess.py:106} INFO -     raise TimeoutException(message, screen, stacktrace)
[2025-01-30T06:29:28.384+0000] {subprocess.py:106} INFO - selenium.common.exceptions.TimeoutException: Message:
[2025-01-30T06:29:28.385+0000] {subprocess.py:106} INFO - Stacktrace:
[2025-01-30T06:29:28.387+0000] {subprocess.py:106} INFO - #0 0x563239d90dca <unknown>
[2025-01-30T06:29:28.389+0000] {subprocess.py:106} INFO - #1 0x5632398873f0 <unknown>
[2025-01-30T06:29:28.394+0000] {subprocess.py:106} INFO - #2 0x5632398d710c <unknown>
[2025-01-30T06:29:28.396+0000] {subprocess.py:106} INFO - #3 0x5632398d7331 <unknown>
[2025-01-30T06:29:28.397+0000] {subprocess.py:106} INFO - #4 0x56323991d154 <unknown>
[2025-01-30T06:29:28.399+0000] {subprocess.py:106} INFO - #5 0x5632398fbabd <unknown>
[2025-01-30T06:29:28.401+0000] {subprocess.py:106} INFO - #6 0x56323991a4b3 <unknown>
[2025-01-30T06:29:28.403+0000] {subprocess.py:106} INFO - #7 0x5632398fb833 <unknown>
[2025-01-30T06:29:28.405+0000] {subprocess.py:106} INFO - #8 0x5632398c85a0 <unknown>
[2025-01-30T06:29:28.406+0000] {subprocess.py:106} INFO - #9 0x5632398c9ece <unknown>
[2025-01-30T06:29:28.408+0000] {subprocess.py:106} INFO - #10 0x563239d5abdb <unknown>
[2025-01-30T06:29:28.410+0000] {subprocess.py:106} INFO - #11 0x563239d5eb67 <unknown>
[2025-01-30T06:29:28.412+0000] {subprocess.py:106} INFO - #12 0x563239d463bc <unknown>
[2025-01-30T06:29:28.413+0000] {subprocess.py:106} INFO - #13 0x563239d5f727 <unknown>
[2025-01-30T06:29:28.415+0000] {subprocess.py:106} INFO - #14 0x563239d2a74f <unknown>
[2025-01-30T06:29:28.416+0000] {subprocess.py:106} INFO - #15 0x563239d7f938 <unknown>
[2025-01-30T06:29:28.418+0000] {subprocess.py:106} INFO - #16 0x563239d7fb00 <unknown>
[2025-01-30T06:29:28.420+0000] {subprocess.py:106} INFO - #17 0x563239d8fc46 <unknown>
[2025-01-30T06:29:28.422+0000] {subprocess.py:106} INFO - #18 0x7f4747013a94 <unknown>
[2025-01-30T06:29:28.424+0000] {subprocess.py:106} INFO - #19 0x7f47470a0c3c <unknown>
[2025-01-30T06:29:28.425+0000] {subprocess.py:106} INFO - 
[2025-01-30T06:29:28.427+0000] {subprocess.py:106} INFO - 
[2025-01-30T06:29:28.429+0000] {subprocess.py:106} INFO - Traceback (most recent call last):
[2025-01-30T06:29:28.431+0000] {subprocess.py:106} INFO -   File "/opt/***/scripts/bot_reporte_como_vamos.py", line 173, in <module>
[2025-01-30T06:29:28.433+0000] {subprocess.py:106} INFO -     main()
[2025-01-30T06:29:28.435+0000] {subprocess.py:106} INFO -   File "/opt/***/scripts/bot_reporte_como_vamos.py", line 92, in main
[2025-01-30T06:29:28.436+0000] {subprocess.py:106} INFO -     username_field = wait.until(EC.presence_of_element_located((By.ID, "usuario")))
[2025-01-30T06:29:28.438+0000] {subprocess.py:106} INFO -                      ^^^^^^^^^^^^^^^^^^^^^^^^^^^^^^^^^^^^^^^^^^^^^^^^^^^^^^^^^^^^^^
[2025-01-30T06:29:28.439+0000] {subprocess.py:106} INFO -   File "/home/***/.local/lib/python3.12/site-packages/selenium/webdriver/support/wait.py", line 146, in until
[2025-01-30T06:29:28.441+0000] {subprocess.py:106} INFO -     raise TimeoutException(message, screen, stacktrace)
[2025-01-30T06:29:28.442+0000] {subprocess.py:106} INFO - selenium.common.exceptions.TimeoutException: Message:
[2025-01-30T06:29:28.444+0000] {subprocess.py:106} INFO - Stacktrace:
[2025-01-30T06:29:28.445+0000] {subprocess.py:106} INFO - #0 0x563239d90dca <unknown>
[2025-01-30T06:29:28.447+0000] {subprocess.py:106} INFO - #1 0x5632398873f0 <unknown>
[2025-01-30T06:29:28.449+0000] {subprocess.py:106} INFO - #2 0x5632398d710c <unknown>
[2025-01-30T06:29:28.453+0000] {subprocess.py:106} INFO - #3 0x5632398d7331 <unknown>
[2025-01-30T06:29:28.456+0000] {subprocess.py:106} INFO - #4 0x56323991d154 <unknown>
[2025-01-30T06:29:28.458+0000] {subprocess.py:106} INFO - #5 0x5632398fbabd <unknown>
[2025-01-30T06:29:28.460+0000] {subprocess.py:106} INFO - #6 0x56323991a4b3 <unknown>
[2025-01-30T06:29:28.462+0000] {subprocess.py:106} INFO - #7 0x5632398fb833 <unknown>
[2025-01-30T06:29:28.464+0000] {subprocess.py:106} INFO - #8 0x5632398c85a0 <unknown>
[2025-01-30T06:29:28.465+0000] {subprocess.py:106} INFO - #9 0x5632398c9ece <unknown>
[2025-01-30T06:29:28.467+0000] {subprocess.py:106} INFO - #10 0x563239d5abdb <unknown>
[2025-01-30T06:29:28.469+0000] {subprocess.py:106} INFO - #11 0x563239d5eb67 <unknown>
[2025-01-30T06:29:28.471+0000] {subprocess.py:106} INFO - #12 0x563239d463bc <unknown>
[2025-01-30T06:29:28.473+0000] {subprocess.py:106} INFO - #13 0x563239d5f727 <unknown>
[2025-01-30T06:29:28.474+0000] {subprocess.py:106} INFO - #14 0x563239d2a74f <unknown>
[2025-01-30T06:29:28.476+0000] {subprocess.py:106} INFO - #15 0x563239d7f938 <unknown>
[2025-01-30T06:29:28.478+0000] {subprocess.py:106} INFO - #16 0x563239d7fb00 <unknown>
[2025-01-30T06:29:28.479+0000] {subprocess.py:106} INFO - #17 0x563239d8fc46 <unknown>
[2025-01-30T06:29:28.481+0000] {subprocess.py:106} INFO - #18 0x7f4747013a94 <unknown>
[2025-01-30T06:29:28.483+0000] {subprocess.py:106} INFO - #19 0x7f47470a0c3c <unknown>
[2025-01-30T06:29:28.485+0000] {subprocess.py:106} INFO - 
[2025-01-30T06:29:28.784+0000] {subprocess.py:110} INFO - Command exited with return code 1
[2025-01-30T06:29:28.829+0000] {taskinstance.py:3311} ERROR - Task failed with exception
Traceback (most recent call last):
  File "/home/airflow/.local/lib/python3.12/site-packages/airflow/models/taskinstance.py", line 767, in _execute_task
    result = _execute_callable(context=context, **execute_callable_kwargs)
             ^^^^^^^^^^^^^^^^^^^^^^^^^^^^^^^^^^^^^^^^^^^^^^^^^^^^^^^^^^^^^
  File "/home/airflow/.local/lib/python3.12/site-packages/airflow/models/taskinstance.py", line 733, in _execute_callable
    return ExecutionCallableRunner(
           ^^^^^^^^^^^^^^^^^^^^^^^^
  File "/home/airflow/.local/lib/python3.12/site-packages/airflow/utils/operator_helpers.py", line 252, in run
    return self.func(*args, **kwargs)
           ^^^^^^^^^^^^^^^^^^^^^^^^^^
  File "/home/airflow/.local/lib/python3.12/site-packages/airflow/models/baseoperator.py", line 422, in wrapper
    return func(self, *args, **kwargs)
           ^^^^^^^^^^^^^^^^^^^^^^^^^^^
  File "/home/airflow/.local/lib/python3.12/site-packages/airflow/operators/bash.py", line 276, in execute
    raise AirflowException(
airflow.exceptions.AirflowException: Bash command failed. The command returned a non-zero exit code 1.
[2025-01-30T06:29:28.845+0000] {taskinstance.py:1225} INFO - Marking task as FAILED. dag_id=etl_reporte_como_vamos, task_id=task_bot_como_vamos, run_id=manual__2025-01-30T06:28:09.933706+00:00, execution_date=20250130T062809, start_date=20250130T062813, end_date=20250130T062928
[2025-01-30T06:29:28.902+0000] {taskinstance.py:340} INFO - ::group::Post task execution logs
[2025-01-30T06:29:28.905+0000] {standard_task_runner.py:124} ERROR - Failed to execute job 6 for task task_bot_como_vamos (Bash command failed. The command returned a non-zero exit code 1.; 152)
Traceback (most recent call last):
  File "/home/airflow/.local/lib/python3.12/site-packages/airflow/task/task_runner/standard_task_runner.py", line 117, in _start_by_fork
    ret = args.func(args, dag=self.dag)
          ^^^^^^^^^^^^^^^^^^^^^^^^^^^^^
  File "/home/airflow/.local/lib/python3.12/site-packages/airflow/cli/cli_config.py", line 49, in command
    return func(*args, **kwargs)
           ^^^^^^^^^^^^^^^^^^^^^
  File "/home/airflow/.local/lib/python3.12/site-packages/airflow/utils/cli.py", line 116, in wrapper
    return f(*args, **kwargs)
           ^^^^^^^^^^^^^^^^^^
  File "/home/airflow/.local/lib/python3.12/site-packages/airflow/cli/commands/task_command.py", line 483, in task_run
    task_return_code = _run_task_by_selected_method(args, _dag, ti)
                       ^^^^^^^^^^^^^^^^^^^^^^^^^^^^^^^^^^^^^^^^^^^^
  File "/home/airflow/.local/lib/python3.12/site-packages/airflow/cli/commands/task_command.py", line 256, in _run_task_by_selected_method
    return _run_raw_task(args, ti)
           ^^^^^^^^^^^^^^^^^^^^^^^
  File "/home/airflow/.local/lib/python3.12/site-packages/airflow/cli/commands/task_command.py", line 341, in _run_raw_task
    return ti._run_raw_task(
           ^^^^^^^^^^^^^^^^^
  File "/home/airflow/.local/lib/python3.12/site-packages/airflow/utils/session.py", line 97, in wrapper
    return func(*args, session=session, **kwargs)
           ^^^^^^^^^^^^^^^^^^^^^^^^^^^^^^^^^^^^^^
  File "/home/airflow/.local/lib/python3.12/site-packages/airflow/models/taskinstance.py", line 3005, in _run_raw_task
    return _run_raw_task(
           ^^^^^^^^^^^^^^
  File "/home/airflow/.local/lib/python3.12/site-packages/airflow/models/taskinstance.py", line 273, in _run_raw_task
    TaskInstance._execute_task_with_callbacks(
  File "/home/airflow/.local/lib/python3.12/site-packages/airflow/models/taskinstance.py", line 3159, in _execute_task_with_callbacks
    result = self._execute_task(context, task_orig)
             ^^^^^^^^^^^^^^^^^^^^^^^^^^^^^^^^^^^^^^
  File "/home/airflow/.local/lib/python3.12/site-packages/airflow/models/taskinstance.py", line 3183, in _execute_task
    return _execute_task(self, context, task_orig)
           ^^^^^^^^^^^^^^^^^^^^^^^^^^^^^^^^^^^^^^^
  File "/home/airflow/.local/lib/python3.12/site-packages/airflow/models/taskinstance.py", line 767, in _execute_task
    result = _execute_callable(context=context, **execute_callable_kwargs)
             ^^^^^^^^^^^^^^^^^^^^^^^^^^^^^^^^^^^^^^^^^^^^^^^^^^^^^^^^^^^^^
  File "/home/airflow/.local/lib/python3.12/site-packages/airflow/models/taskinstance.py", line 733, in _execute_callable
    return ExecutionCallableRunner(
           ^^^^^^^^^^^^^^^^^^^^^^^^
  File "/home/airflow/.local/lib/python3.12/site-packages/airflow/utils/operator_helpers.py", line 252, in run
    return self.func(*args, **kwargs)
           ^^^^^^^^^^^^^^^^^^^^^^^^^^
  File "/home/airflow/.local/lib/python3.12/site-packages/airflow/models/baseoperator.py", line 422, in wrapper
    return func(self, *args, **kwargs)
           ^^^^^^^^^^^^^^^^^^^^^^^^^^^
  File "/home/airflow/.local/lib/python3.12/site-packages/airflow/operators/bash.py", line 276, in execute
    raise AirflowException(
airflow.exceptions.AirflowException: Bash command failed. The command returned a non-zero exit code 1.
[2025-01-30T06:29:28.940+0000] {local_task_job_runner.py:266} INFO - Task exited with return code 1
[2025-01-30T06:29:28.961+0000] {standard_task_runner.py:217} INFO - Process not found (most likely exited), stop collecting metrics
[2025-01-30T06:29:29.007+0000] {taskinstance.py:3895} INFO - 0 downstream tasks scheduled from follow-on schedule check
[2025-01-30T06:29:29.025+0000] {local_task_job_runner.py:245} INFO - ::endgroup::
