[2025-01-28T06:27:40.652+0000] {local_task_job_runner.py:123} INFO - ::group::Pre task execution logs
[2025-01-28T06:27:40.709+0000] {taskinstance.py:2613} INFO - Dependencies all met for dep_context=non-requeueable deps ti=<TaskInstance: etl_reporte_como_vamos.task_bot_como_vamos manual__2025-01-28T06:27:38.303126+00:00 [queued]>
[2025-01-28T06:27:40.737+0000] {taskinstance.py:2613} INFO - Dependencies all met for dep_context=requeueable deps ti=<TaskInstance: etl_reporte_como_vamos.task_bot_como_vamos manual__2025-01-28T06:27:38.303126+00:00 [queued]>
[2025-01-28T06:27:40.739+0000] {taskinstance.py:2866} INFO - Starting attempt 1 of 2
[2025-01-28T06:27:40.789+0000] {taskinstance.py:2889} INFO - Executing <Task(BashOperator): task_bot_como_vamos> on 2025-01-28 06:27:38.303126+00:00
[2025-01-28T06:27:40.804+0000] {standard_task_runner.py:104} INFO - Running: ['***', 'tasks', 'run', 'etl_reporte_como_vamos', 'task_bot_como_vamos', 'manual__2025-01-28T06:27:38.303126+00:00', '--job-id', '47', '--raw', '--subdir', 'DAGS_FOLDER/etl_como_vamos_dag.py', '--cfg-path', '/tmp/tmpibiwep81']
[2025-01-28T06:27:40.811+0000] {standard_task_runner.py:105} INFO - Job 47: Subtask task_bot_como_vamos
[2025-01-28T06:27:40.821+0000] {logging_mixin.py:190} WARNING - /home/***/.local/lib/python3.12/site-packages/***/task/task_runner/standard_task_runner.py:70 DeprecationWarning: This process (pid=1695) is multi-threaded, use of fork() may lead to deadlocks in the child.
[2025-01-28T06:27:40.824+0000] {standard_task_runner.py:72} INFO - Started process 1696 to run task
[2025-01-28T06:27:40.954+0000] {task_command.py:467} INFO - Running <TaskInstance: etl_reporte_como_vamos.task_bot_como_vamos manual__2025-01-28T06:27:38.303126+00:00 [running]> on host afb55d3219bf
[2025-01-28T06:27:42.791+0000] {taskinstance.py:3132} INFO - Exporting env vars: AIRFLOW_CTX_DAG_OWNER='***' AIRFLOW_CTX_DAG_ID='etl_reporte_como_vamos' AIRFLOW_CTX_TASK_ID='task_bot_como_vamos' AIRFLOW_CTX_EXECUTION_DATE='2025-01-28T06:27:38.303126+00:00' AIRFLOW_CTX_TRY_NUMBER='1' AIRFLOW_CTX_DAG_RUN_ID='manual__2025-01-28T06:27:38.303126+00:00'
[2025-01-28T06:27:42.795+0000] {taskinstance.py:731} INFO - ::endgroup::
[2025-01-28T06:27:42.838+0000] {subprocess.py:78} INFO - Tmp dir root location: /tmp
[2025-01-28T06:27:42.841+0000] {subprocess.py:88} INFO - Running command: ['/usr/bin/bash', '-c', 'python /opt/***/scripts/bot_reporte_como_vamos.py']
[2025-01-28T06:27:42.857+0000] {subprocess.py:99} INFO - Output:
[2025-01-28T06:27:47.229+0000] {subprocess.py:106} INFO - ic| start_date: '01/01/2025', end_date: '28/01/2025'
[2025-01-28T06:27:47.235+0000] {subprocess.py:106} INFO - 2025-01-28 06:27:47,229 - bot_como_vamos - INFO - Starting script bot_como_vamos.py
[2025-01-28T06:28:22.519+0000] {job.py:229} INFO - Heartbeat recovered after 15.55 seconds
[2025-01-28T06:28:47.670+0000] {job.py:229} INFO - Heartbeat recovered after 25.36 seconds
[2025-01-28T06:29:15.280+0000] {job.py:229} INFO - Heartbeat recovered after 36.52 seconds
[2025-01-28T06:29:19.240+0000] {subprocess.py:106} INFO - 2025-01-28 06:29:19,238 - root - ERROR - Execution error: Message: Could not start a new session. Could not start a new session. Error while creating session with the driver service. Stopping driver service: Could not start a new session. Response code 500. Message: session not created
[2025-01-28T06:29:19.244+0000] {subprocess.py:106} INFO - from chrome not reachable
[2025-01-28T06:29:19.246+0000] {subprocess.py:106} INFO - Host info: host: '5cf1422c2c4a', ip: '172.18.0.5'
[2025-01-28T06:29:19.249+0000] {subprocess.py:106} INFO - Build info: version: '4.28.1', revision: '73f5ad48a2'
[2025-01-28T06:29:19.253+0000] {subprocess.py:106} INFO - System info: os.name: 'Linux', os.arch: 'amd64', os.version: '6.10.4-linuxkit', java.version: '17.0.13'
[2025-01-28T06:29:19.256+0000] {subprocess.py:106} INFO - Driver info: driver.version: unknown
[2025-01-28T06:29:19.257+0000] {subprocess.py:106} INFO - Build info: version: '4.28.1', revision: '73f5ad48a2'
[2025-01-28T06:29:19.259+0000] {subprocess.py:106} INFO - System info: os.name: 'Linux', os.arch: 'amd64', os.version: '6.10.4-linuxkit', java.version: '17.0.13'
[2025-01-28T06:29:19.262+0000] {subprocess.py:106} INFO - Driver info: driver.version: unknown
[2025-01-28T06:29:19.264+0000] {subprocess.py:106} INFO - Build info: version: '4.28.1', revision: '73f5ad48a2'
[2025-01-28T06:29:19.266+0000] {subprocess.py:106} INFO - System info: os.name: 'Linux', os.arch: 'amd64', os.version: '6.10.4-linuxkit', java.version: '17.0.13'
[2025-01-28T06:29:19.267+0000] {subprocess.py:106} INFO - Driver info: driver.version: unknown
[2025-01-28T06:29:19.269+0000] {subprocess.py:106} INFO - Stacktrace:
[2025-01-28T06:29:19.271+0000] {subprocess.py:106} INFO -     at org.openqa.selenium.grid.node.remote.RemoteNode.newSession (RemoteNode.java:167)
[2025-01-28T06:29:19.273+0000] {subprocess.py:106} INFO -     at org.openqa.selenium.grid.distributor.local.LocalDistributor.startSession (LocalDistributor.java:678)
[2025-01-28T06:29:19.274+0000] {subprocess.py:106} INFO -     at org.openqa.selenium.grid.distributor.local.LocalDistributor.newSession (LocalDistributor.java:597)
[2025-01-28T06:29:19.277+0000] {subprocess.py:106} INFO -     at org.openqa.selenium.grid.distributor.local.LocalDistributor$NewSessionRunnable.handleNewSessionRequest (LocalDistributor.java:861)
[2025-01-28T06:29:19.278+0000] {subprocess.py:106} INFO -     at org.openqa.selenium.grid.distributor.local.LocalDistributor$NewSessionRunnable.lambda$run$1 (LocalDistributor.java:818)
[2025-01-28T06:29:19.280+0000] {subprocess.py:106} INFO -     at java.util.concurrent.ThreadPoolExecutor.runWorker (ThreadPoolExecutor.java:1136)
[2025-01-28T06:29:19.281+0000] {subprocess.py:106} INFO -     at java.util.concurrent.ThreadPoolExecutor$Worker.run (ThreadPoolExecutor.java:635)
[2025-01-28T06:29:19.283+0000] {subprocess.py:106} INFO -     at java.lang.Thread.run (Thread.java:840)
[2025-01-28T06:29:19.328+0000] {subprocess.py:106} INFO - ic| file: 'pymp-qmczygfr'
[2025-01-28T06:29:19.331+0000] {subprocess.py:106} INFO - ic| file: '***tmp6cz7r4zb'
[2025-01-28T06:29:19.333+0000] {subprocess.py:106} INFO - ic| file: 'hsperfdata_root'
[2025-01-28T06:29:24.348+0000] {subprocess.py:106} INFO - ic| file: 'pymp-qmczygfr'
[2025-01-28T06:29:24.353+0000] {subprocess.py:106} INFO - ic| file: '***tmp6cz7r4zb'
[2025-01-28T06:29:24.354+0000] {subprocess.py:106} INFO - ic| file: 'hsperfdata_root'
[2025-01-28T06:29:29.363+0000] {subprocess.py:106} INFO - ic| file: 'pymp-qmczygfr'
[2025-01-28T06:29:29.370+0000] {subprocess.py:106} INFO - ic| file: '***tmp6cz7r4zb'
[2025-01-28T06:29:29.372+0000] {subprocess.py:106} INFO - ic| file: 'hsperfdata_root'
[2025-01-28T06:29:34.373+0000] {subprocess.py:106} INFO - ic| file: 'pymp-qmczygfr'
[2025-01-28T06:29:34.374+0000] {subprocess.py:106} INFO - ic| file: '***tmp6cz7r4zb'
[2025-01-28T06:29:34.375+0000] {subprocess.py:106} INFO - ic| file: 'hsperfdata_root'
[2025-01-28T06:29:39.402+0000] {subprocess.py:106} INFO - ic| file: 'pymp-qmczygfr'
[2025-01-28T06:29:39.407+0000] {subprocess.py:106} INFO - ic| file: '***tmp6cz7r4zb'
[2025-01-28T06:29:39.408+0000] {subprocess.py:106} INFO - ic| file: 'hsperfdata_root'
[2025-01-28T06:29:44.460+0000] {subprocess.py:106} INFO - ic| file: 'pymp-qmczygfr'
[2025-01-28T06:29:44.461+0000] {subprocess.py:106} INFO - ic| file: '***tmp6cz7r4zb'
[2025-01-28T06:29:44.462+0000] {subprocess.py:106} INFO - ic| file: 'hsperfdata_root'
[2025-01-28T06:29:49.486+0000] {subprocess.py:106} INFO - ic| file: 'pymp-qmczygfr'
[2025-01-28T06:29:49.494+0000] {subprocess.py:106} INFO - ic| file: '***tmp6cz7r4zb'
[2025-01-28T06:29:49.495+0000] {subprocess.py:106} INFO - ic| file: 'hsperfdata_root'
[2025-01-28T06:29:54.498+0000] {subprocess.py:106} INFO - ic| file: 'pymp-qmczygfr'
[2025-01-28T06:29:54.500+0000] {subprocess.py:106} INFO - ic| file: '***tmp6cz7r4zb'
[2025-01-28T06:29:54.501+0000] {subprocess.py:106} INFO - ic| file: 'hsperfdata_root'
[2025-01-28T06:29:59.513+0000] {subprocess.py:106} INFO - ic| file: 'pymp-qmczygfr'
[2025-01-28T06:29:59.518+0000] {subprocess.py:106} INFO - ic| file: '***tmp6cz7r4zb'
[2025-01-28T06:29:59.520+0000] {subprocess.py:106} INFO - ic| file: 'hsperfdata_root'
[2025-01-28T06:30:04.523+0000] {subprocess.py:106} INFO - ic| file: 'pymp-qmczygfr'
[2025-01-28T06:30:04.527+0000] {subprocess.py:106} INFO - ic| file: '***tmp6cz7r4zb'
[2025-01-28T06:30:04.528+0000] {subprocess.py:106} INFO - ic| file: 'hsperfdata_root'
[2025-01-28T06:30:09.568+0000] {subprocess.py:106} INFO - ic| file: 'pymp-qmczygfr'
[2025-01-28T06:30:09.576+0000] {subprocess.py:106} INFO - ic| file: '***tmp6cz7r4zb'
[2025-01-28T06:30:09.577+0000] {subprocess.py:106} INFO - ic| file: 'hsperfdata_root'
[2025-01-28T06:30:14.580+0000] {subprocess.py:106} INFO - ic| file: 'pymp-qmczygfr'
[2025-01-28T06:30:14.585+0000] {subprocess.py:106} INFO - ic| file: '***tmp6cz7r4zb'
[2025-01-28T06:30:14.586+0000] {subprocess.py:106} INFO - ic| file: 'hsperfdata_root'
[2025-01-28T06:30:19.621+0000] {subprocess.py:106} INFO - ic| file: 'pymp-qmczygfr'
[2025-01-28T06:30:19.626+0000] {subprocess.py:106} INFO - ic| file: '***tmp6cz7r4zb'
[2025-01-28T06:30:19.627+0000] {subprocess.py:106} INFO - ic| file: 'hsperfdata_root'
[2025-01-28T06:30:24.702+0000] {subprocess.py:106} INFO - ic| file: 'pymp-qmczygfr'
[2025-01-28T06:30:24.822+0000] {subprocess.py:106} INFO - ic| file: '***tmp6cz7r4zb'
[2025-01-28T06:30:24.900+0000] {subprocess.py:106} INFO - ic| file: 'hsperfdata_root'
[2025-01-28T06:30:29.732+0000] {subprocess.py:106} INFO - ic| file: 'pymp-qmczygfr'
[2025-01-28T06:30:29.738+0000] {subprocess.py:106} INFO - ic| file: '***tmp6cz7r4zb'
[2025-01-28T06:30:29.740+0000] {subprocess.py:106} INFO - ic| file: 'hsperfdata_root'
[2025-01-28T06:30:34.754+0000] {subprocess.py:106} INFO - ic| file: 'pymp-qmczygfr'
[2025-01-28T06:30:34.762+0000] {subprocess.py:106} INFO - ic| file: '***tmp6cz7r4zb'
[2025-01-28T06:30:34.764+0000] {subprocess.py:106} INFO - ic| file: 'hsperfdata_root'
[2025-01-28T06:30:39.807+0000] {subprocess.py:106} INFO - ic| file: 'pymp-qmczygfr'
[2025-01-28T06:30:39.829+0000] {subprocess.py:106} INFO - ic| file: '***tmp6cz7r4zb'
[2025-01-28T06:30:39.834+0000] {subprocess.py:106} INFO - ic| file: 'hsperfdata_root'
[2025-01-28T06:30:44.847+0000] {subprocess.py:106} INFO - ic| file: 'pymp-qmczygfr'
[2025-01-28T06:30:44.856+0000] {subprocess.py:106} INFO - ic| file: '***tmp6cz7r4zb'
[2025-01-28T06:30:44.857+0000] {subprocess.py:106} INFO - ic| file: 'hsperfdata_root'
[2025-01-28T06:30:50.822+0000] {subprocess.py:106} INFO - ic| file: 'pymp-qmczygfr'
[2025-01-28T06:30:50.941+0000] {subprocess.py:106} INFO - ic| file: '***tmp6cz7r4zb'
[2025-01-28T06:30:50.945+0000] {subprocess.py:106} INFO - ic| file: 'hsperfdata_root'
[2025-01-28T06:30:55.856+0000] {subprocess.py:106} INFO - ic| file: 'pymp-qmczygfr'
[2025-01-28T06:30:55.863+0000] {subprocess.py:106} INFO - ic| file: '***tmp6cz7r4zb'
[2025-01-28T06:30:55.864+0000] {subprocess.py:106} INFO - ic| file: 'hsperfdata_root'
[2025-01-28T06:31:00.874+0000] {subprocess.py:106} INFO - ic| file: 'pymp-qmczygfr'
[2025-01-28T06:31:00.879+0000] {subprocess.py:106} INFO - ic| file: '***tmp6cz7r4zb'
[2025-01-28T06:31:00.881+0000] {subprocess.py:106} INFO - ic| file: 'hsperfdata_root'
[2025-01-28T06:31:05.906+0000] {subprocess.py:106} INFO - ic| file: 'pymp-qmczygfr'
[2025-01-28T06:31:05.917+0000] {subprocess.py:106} INFO - ic| file: '***tmp6cz7r4zb'
[2025-01-28T06:31:05.919+0000] {subprocess.py:106} INFO - ic| file: 'hsperfdata_root'
[2025-01-28T06:31:10.954+0000] {subprocess.py:106} INFO - ic| file: 'pymp-qmczygfr'
[2025-01-28T06:31:10.959+0000] {subprocess.py:106} INFO - ic| file: '***tmp6cz7r4zb'
[2025-01-28T06:31:10.961+0000] {subprocess.py:106} INFO - ic| file: 'hsperfdata_root'
[2025-01-28T06:31:15.990+0000] {subprocess.py:106} INFO - ic| file: 'pymp-qmczygfr'
[2025-01-28T06:31:15.996+0000] {subprocess.py:106} INFO - ic| file: '***tmp6cz7r4zb'
[2025-01-28T06:31:15.998+0000] {subprocess.py:106} INFO - ic| file: 'hsperfdata_root'
[2025-01-28T06:31:21.003+0000] {subprocess.py:106} INFO - ic| file: 'pymp-qmczygfr'
[2025-01-28T06:31:21.017+0000] {subprocess.py:106} INFO - ic| file: '***tmp6cz7r4zb'
[2025-01-28T06:31:21.018+0000] {subprocess.py:106} INFO - ic| file: 'hsperfdata_root'
[2025-01-28T06:31:26.031+0000] {subprocess.py:106} INFO - ic| file: 'pymp-qmczygfr'
[2025-01-28T06:31:26.038+0000] {subprocess.py:106} INFO - ic| file: '***tmp6cz7r4zb'
[2025-01-28T06:31:26.040+0000] {subprocess.py:106} INFO - ic| file: 'hsperfdata_root'
[2025-01-28T06:31:31.036+0000] {subprocess.py:106} INFO - ic| file: 'pymp-qmczygfr'
[2025-01-28T06:31:31.046+0000] {subprocess.py:106} INFO - ic| file: '***tmp6cz7r4zb'
[2025-01-28T06:31:31.047+0000] {subprocess.py:106} INFO - ic| file: 'hsperfdata_root'
[2025-01-28T06:31:36.246+0000] {subprocess.py:106} INFO - ic| file: 'pymp-qmczygfr'
[2025-01-28T06:31:36.307+0000] {subprocess.py:106} INFO - ic| file: '***tmp6cz7r4zb'
[2025-01-28T06:31:36.363+0000] {subprocess.py:106} INFO - ic| file: 'hsperfdata_root'
[2025-01-28T06:31:41.278+0000] {subprocess.py:106} INFO - ic| file: 'pymp-qmczygfr'
[2025-01-28T06:31:41.284+0000] {subprocess.py:106} INFO - ic| file: '***tmp6cz7r4zb'
[2025-01-28T06:31:41.286+0000] {subprocess.py:106} INFO - ic| file: 'hsperfdata_root'
[2025-01-28T06:31:46.309+0000] {subprocess.py:106} INFO - ic| file: 'pymp-qmczygfr'
[2025-01-28T06:31:46.315+0000] {subprocess.py:106} INFO - ic| file: '***tmp6cz7r4zb'
[2025-01-28T06:31:46.316+0000] {subprocess.py:106} INFO - ic| file: 'hsperfdata_root'
[2025-01-28T06:31:51.336+0000] {subprocess.py:106} INFO - ic| file: 'pymp-qmczygfr'
[2025-01-28T06:31:51.342+0000] {subprocess.py:106} INFO - ic| file: '***tmp6cz7r4zb'
[2025-01-28T06:31:51.344+0000] {subprocess.py:106} INFO - ic| file: 'hsperfdata_root'
[2025-01-28T06:31:56.368+0000] {subprocess.py:106} INFO - ic| file: 'pymp-qmczygfr'
[2025-01-28T06:31:56.374+0000] {subprocess.py:106} INFO - ic| file: '***tmp6cz7r4zb'
[2025-01-28T06:31:56.375+0000] {subprocess.py:106} INFO - ic| file: 'hsperfdata_root'
[2025-01-28T06:32:01.383+0000] {subprocess.py:106} INFO - ic| file: 'pymp-qmczygfr'
[2025-01-28T06:32:01.388+0000] {subprocess.py:106} INFO - ic| file: '***tmp6cz7r4zb'
[2025-01-28T06:32:01.389+0000] {subprocess.py:106} INFO - ic| file: 'hsperfdata_root'
[2025-01-28T06:32:06.422+0000] {subprocess.py:106} INFO - ic| file: 'pymp-qmczygfr'
[2025-01-28T06:32:06.428+0000] {subprocess.py:106} INFO - ic| file: '***tmp6cz7r4zb'
[2025-01-28T06:32:06.429+0000] {subprocess.py:106} INFO - ic| file: 'hsperfdata_root'
[2025-01-28T06:32:11.366+0000] {subprocess.py:106} INFO - ic| file: 'pymp-qmczygfr'
[2025-01-28T06:32:11.518+0000] {subprocess.py:106} INFO - ic| file: '***tmp6cz7r4zb'
[2025-01-28T06:32:11.648+0000] {subprocess.py:106} INFO - ic| file: 'hsperfdata_root'
[2025-01-28T06:32:16.391+0000] {subprocess.py:106} INFO - ic| file: 'pymp-qmczygfr'
[2025-01-28T06:32:16.397+0000] {subprocess.py:106} INFO - ic| file: '***tmp6cz7r4zb'
[2025-01-28T06:32:16.399+0000] {subprocess.py:106} INFO - ic| file: 'hsperfdata_root'
[2025-01-28T06:32:21.415+0000] {subprocess.py:106} INFO - ic| file: 'pymp-qmczygfr'
[2025-01-28T06:32:21.420+0000] {subprocess.py:106} INFO - ic| file: '***tmp6cz7r4zb'
[2025-01-28T06:32:21.421+0000] {subprocess.py:106} INFO - ic| file: 'hsperfdata_root'
[2025-01-28T06:32:26.438+0000] {subprocess.py:106} INFO - ic| file: 'pymp-qmczygfr'
[2025-01-28T06:32:26.446+0000] {subprocess.py:106} INFO - ic| file: '***tmp6cz7r4zb'
[2025-01-28T06:32:26.448+0000] {subprocess.py:106} INFO - ic| file: 'hsperfdata_root'
[2025-01-28T06:32:31.460+0000] {subprocess.py:106} INFO - ic| file: 'pymp-qmczygfr'
[2025-01-28T06:32:31.465+0000] {subprocess.py:106} INFO - ic| file: '***tmp6cz7r4zb'
[2025-01-28T06:32:31.468+0000] {subprocess.py:106} INFO - ic| file: 'hsperfdata_root'
[2025-01-28T06:32:36.516+0000] {subprocess.py:106} INFO - ic| file: 'pymp-qmczygfr'
[2025-01-28T06:32:36.656+0000] {subprocess.py:106} INFO - ic| file: '***tmp6cz7r4zb'
[2025-01-28T06:32:36.735+0000] {subprocess.py:106} INFO - ic| file: 'hsperfdata_root'
[2025-01-28T06:32:41.706+0000] {subprocess.py:106} INFO - ic| file: 'pymp-qmczygfr'
[2025-01-28T06:32:41.713+0000] {subprocess.py:106} INFO - ic| file: '***tmp6cz7r4zb'
[2025-01-28T06:32:41.715+0000] {subprocess.py:106} INFO - ic| file: 'hsperfdata_root'
[2025-01-28T06:32:46.759+0000] {subprocess.py:106} INFO - ic| file: 'pymp-qmczygfr'
[2025-01-28T06:32:46.788+0000] {subprocess.py:106} INFO - ic| file: '***tmp6cz7r4zb'
[2025-01-28T06:32:46.789+0000] {subprocess.py:106} INFO - ic| file: 'hsperfdata_root'
[2025-01-28T06:32:52.326+0000] {subprocess.py:106} INFO - ic| file: 'pymp-qmczygfr'
[2025-01-28T06:32:52.540+0000] {subprocess.py:106} INFO - ic| file: '***tmp6cz7r4zb'
[2025-01-28T06:32:52.607+0000] {subprocess.py:106} INFO - ic| file: 'hsperfdata_root'
[2025-01-28T06:32:57.577+0000] {subprocess.py:106} INFO - ic| file: 'pymp-qmczygfr'
[2025-01-28T06:32:57.582+0000] {subprocess.py:106} INFO - ic| file: '***tmp6cz7r4zb'
[2025-01-28T06:32:57.583+0000] {subprocess.py:106} INFO - ic| file: 'hsperfdata_root'
[2025-01-28T06:33:02.602+0000] {subprocess.py:106} INFO - ic| file: 'pymp-qmczygfr'
[2025-01-28T06:33:02.608+0000] {subprocess.py:106} INFO - ic| file: '***tmp6cz7r4zb'
[2025-01-28T06:33:02.608+0000] {subprocess.py:106} INFO - ic| file: 'hsperfdata_root'
[2025-01-28T06:33:07.639+0000] {subprocess.py:106} INFO - ic| file: 'pymp-qmczygfr'
[2025-01-28T06:33:07.646+0000] {subprocess.py:106} INFO - ic| file: '***tmp6cz7r4zb'
[2025-01-28T06:33:07.647+0000] {subprocess.py:106} INFO - ic| file: 'hsperfdata_root'
[2025-01-28T06:33:12.674+0000] {subprocess.py:106} INFO - ic| file: 'pymp-qmczygfr'
[2025-01-28T06:33:12.681+0000] {subprocess.py:106} INFO - ic| file: '***tmp6cz7r4zb'
[2025-01-28T06:33:12.682+0000] {subprocess.py:106} INFO - ic| file: 'hsperfdata_root'
[2025-01-28T06:33:17.719+0000] {subprocess.py:106} INFO - ic| file: 'pymp-qmczygfr'
[2025-01-28T06:33:17.726+0000] {subprocess.py:106} INFO - ic| file: '***tmp6cz7r4zb'
[2025-01-28T06:33:17.732+0000] {subprocess.py:106} INFO - ic| file: 'hsperfdata_root'
[2025-01-28T06:33:22.751+0000] {subprocess.py:106} INFO - ic| file: 'pymp-qmczygfr'
[2025-01-28T06:33:22.754+0000] {subprocess.py:106} INFO - ic| file: '***tmp6cz7r4zb'
[2025-01-28T06:33:22.754+0000] {subprocess.py:106} INFO - ic| file: 'hsperfdata_root'
[2025-01-28T06:33:27.825+0000] {subprocess.py:106} INFO - ic| file: 'pymp-qmczygfr'
[2025-01-28T06:33:27.962+0000] {subprocess.py:106} INFO - ic| file: '***tmp6cz7r4zb'
[2025-01-28T06:33:28.154+0000] {subprocess.py:106} INFO - ic| file: 'hsperfdata_root'
[2025-01-28T06:33:32.866+0000] {subprocess.py:106} INFO - ic| file: 'pymp-qmczygfr'
[2025-01-28T06:33:32.873+0000] {subprocess.py:106} INFO - ic| file: '***tmp6cz7r4zb'
[2025-01-28T06:33:32.874+0000] {subprocess.py:106} INFO - ic| file: 'hsperfdata_root'
[2025-01-28T06:33:37.908+0000] {subprocess.py:106} INFO - ic| file: 'pymp-qmczygfr'
[2025-01-28T06:33:37.913+0000] {subprocess.py:106} INFO - ic| file: '***tmp6cz7r4zb'
[2025-01-28T06:33:37.915+0000] {subprocess.py:106} INFO - ic| file: 'hsperfdata_root'
[2025-01-28T06:33:42.150+0000] {local_task_job_runner.py:346} WARNING - State of this instance has been externally set to restarting. Terminating instance.
[2025-01-28T06:33:42.153+0000] {local_task_job_runner.py:245} INFO - ::endgroup::
[2025-01-28T06:33:42.158+0000] {process_utils.py:132} INFO - Sending 15 to group 1696. PIDs of all processes in the group: [1698, 1696]
[2025-01-28T06:33:42.159+0000] {process_utils.py:87} INFO - Sending the signal 15 to group 1696
[2025-01-28T06:33:42.160+0000] {taskinstance.py:3093} ERROR - Received SIGTERM. Terminating subprocesses.
[2025-01-28T06:33:42.161+0000] {subprocess.py:117} INFO - Sending SIGTERM signal to process group
[2025-01-28T06:33:42.176+0000] {taskinstance.py:3311} ERROR - Task failed with exception
Traceback (most recent call last):
  File "/home/airflow/.local/lib/python3.12/site-packages/airflow/models/taskinstance.py", line 767, in _execute_task
    result = _execute_callable(context=context, **execute_callable_kwargs)
             ^^^^^^^^^^^^^^^^^^^^^^^^^^^^^^^^^^^^^^^^^^^^^^^^^^^^^^^^^^^^^
  File "/home/airflow/.local/lib/python3.12/site-packages/airflow/models/taskinstance.py", line 733, in _execute_callable
    return ExecutionCallableRunner(
           ^^^^^^^^^^^^^^^^^^^^^^^^
  File "/home/airflow/.local/lib/python3.12/site-packages/airflow/utils/operator_helpers.py", line 252, in run
    return self.func(*args, **kwargs)
           ^^^^^^^^^^^^^^^^^^^^^^^^^^
  File "/home/airflow/.local/lib/python3.12/site-packages/airflow/models/baseoperator.py", line 422, in wrapper
    return func(self, *args, **kwargs)
           ^^^^^^^^^^^^^^^^^^^^^^^^^^^
  File "/home/airflow/.local/lib/python3.12/site-packages/airflow/operators/bash.py", line 257, in execute
    result = self._run_inline_command(bash_path=bash_path, env=env)
             ^^^^^^^^^^^^^^^^^^^^^^^^^^^^^^^^^^^^^^^^^^^^^^^^^^^^^^
  File "/home/airflow/.local/lib/python3.12/site-packages/airflow/operators/bash.py", line 284, in _run_inline_command
    return self.subprocess_hook.run_command(
           ^^^^^^^^^^^^^^^^^^^^^^^^^^^^^^^^^
  File "/home/airflow/.local/lib/python3.12/site-packages/airflow/hooks/subprocess.py", line 104, in run_command
    for raw_line in iter(self.sub_process.stdout.readline, b""):
                    ^^^^^^^^^^^^^^^^^^^^^^^^^^^^^^^^^^^^^^^^^^^
  File "/home/airflow/.local/lib/python3.12/site-packages/airflow/models/taskinstance.py", line 3095, in signal_handler
    raise AirflowTaskTerminated("Task received SIGTERM signal")
airflow.exceptions.AirflowTaskTerminated: Task received SIGTERM signal
[2025-01-28T06:33:42.187+0000] {taskinstance.py:1225} INFO - Marking task as UP_FOR_RETRY. dag_id=etl_reporte_como_vamos, task_id=task_bot_como_vamos, run_id=manual__2025-01-28T06:27:38.303126+00:00, execution_date=20250128T062738, start_date=20250128T062740, end_date=20250128T063342
[2025-01-28T06:33:42.207+0000] {taskinstance.py:340} INFO - ::group::Post task execution logs
[2025-01-28T06:33:42.221+0000] {process_utils.py:80} INFO - Process psutil.Process(pid=1696, status='terminated', exitcode=2, started='06:27:40') (1696) terminated with exit code 2
[2025-01-28T06:33:42.224+0000] {process_utils.py:80} INFO - Process psutil.Process(pid=1698, status='terminated', started='06:27:42') (1698) terminated with exit code None
