[2025-02-01T04:17:44.626+0000] {local_task_job_runner.py:123} INFO - ::group::Pre task execution logs
[2025-02-01T04:17:44.691+0000] {taskinstance.py:2613} INFO - Dependencies all met for dep_context=non-requeueable deps ti=<TaskInstance: etl_reporte_como_vamos.task_bot_como_vamos manual__2025-02-01T04:17:41.637053+00:00 [queued]>
[2025-02-01T04:17:44.729+0000] {taskinstance.py:2613} INFO - Dependencies all met for dep_context=requeueable deps ti=<TaskInstance: etl_reporte_como_vamos.task_bot_como_vamos manual__2025-02-01T04:17:41.637053+00:00 [queued]>
[2025-02-01T04:17:44.730+0000] {taskinstance.py:2866} INFO - Starting attempt 1 of 1
[2025-02-01T04:17:44.784+0000] {taskinstance.py:2889} INFO - Executing <Task(BashOperator): task_bot_como_vamos> on 2025-02-01 04:17:41.637053+00:00
[2025-02-01T04:17:44.800+0000] {warnings.py:112} WARNING - /home/***/.local/lib/python3.12/site-packages/***/task/task_runner/standard_task_runner.py:70: DeprecationWarning: This process (pid=2483) is multi-threaded, use of fork() may lead to deadlocks in the child.
  pid = os.fork()

[2025-02-01T04:17:44.808+0000] {standard_task_runner.py:72} INFO - Started process 2484 to run task
[2025-02-01T04:17:44.806+0000] {standard_task_runner.py:104} INFO - Running: ['***', 'tasks', 'run', 'etl_reporte_como_vamos', 'task_bot_como_vamos', 'manual__2025-02-01T04:17:41.637053+00:00', '--job-id', '74', '--raw', '--subdir', 'DAGS_FOLDER/etl_como_vamos_dag.py', '--cfg-path', '/tmp/tmpr0s6cmh7']
[2025-02-01T04:17:44.810+0000] {standard_task_runner.py:105} INFO - Job 74: Subtask task_bot_como_vamos
[2025-02-01T04:17:44.961+0000] {task_command.py:467} INFO - Running <TaskInstance: etl_reporte_como_vamos.task_bot_como_vamos manual__2025-02-01T04:17:41.637053+00:00 [running]> on host 56024cb05cfe
[2025-02-01T04:17:45.201+0000] {taskinstance.py:3132} INFO - Exporting env vars: AIRFLOW_CTX_DAG_OWNER='***' AIRFLOW_CTX_DAG_ID='etl_reporte_como_vamos' AIRFLOW_CTX_TASK_ID='task_bot_como_vamos' AIRFLOW_CTX_EXECUTION_DATE='2025-02-01T04:17:41.637053+00:00' AIRFLOW_CTX_TRY_NUMBER='1' AIRFLOW_CTX_DAG_RUN_ID='manual__2025-02-01T04:17:41.637053+00:00'
[2025-02-01T04:17:45.204+0000] {taskinstance.py:731} INFO - ::endgroup::
[2025-02-01T04:17:45.259+0000] {subprocess.py:78} INFO - Tmp dir root location: /tmp
[2025-02-01T04:17:45.262+0000] {subprocess.py:88} INFO - Running command: ['/usr/bin/bash', '-c', 'python /opt/***/scripts/bot_reporte_como_vamos.py']
[2025-02-01T04:17:45.292+0000] {subprocess.py:99} INFO - Output:
[2025-02-01T04:17:52.562+0000] {subprocess.py:106} INFO - ic| start_date: '01/02/2025', end_date: '01/02/2025'
[2025-02-01T04:17:52.563+0000] {subprocess.py:106} INFO - 2025-02-01 04:17:52,562 - bot_como_vamos - INFO - Starting script bot_como_vamos.py
[2025-02-01T04:17:53.623+0000] {subprocess.py:106} INFO - 2025-02-01 04:17:53,621 - bot_como_vamos - INFO - Conexión al Selenium Hub establecida correctamente
[2025-02-01T04:18:28.492+0000] {subprocess.py:106} INFO - ic| login_success: <selenium.webdriver.remote.webelement.WebElement (session="3c11124939699ef53733aaa3a50d7b07", element="f.A3E83F9D92793483892FB67846A2CABD.d.5B457C8A37EA6FA24DAFDBA9093CA026.e.77")>
[2025-02-01T04:18:28.494+0000] {subprocess.py:106} INFO - 2025-02-01 04:18:28,492 - bot_como_vamos - INFO - Loging success
[2025-02-01T04:18:38.830+0000] {subprocess.py:106} INFO - 2025-02-01 04:18:38,829 - bot_como_vamos - INFO - Click in menu button successfully
[2025-02-01T04:18:49.321+0000] {subprocess.py:106} INFO - 2025-02-01 04:18:49,321 - bot_como_vamos - INFO - Input dates successfully
[2025-02-01T04:18:59.708+0000] {subprocess.py:106} INFO - 2025-02-01 04:18:59,707 - bot_como_vamos - INFO - Click in 'Empresas Y Negocios' successfully
[2025-02-01T04:19:11.388+0000] {subprocess.py:106} INFO - 2025-02-01 04:19:11,385 - assets - INFO - Waiting for download file...............
[2025-02-01T04:23:12.927+0000] {local_task_job_runner.py:346} WARNING - State of this instance has been externally set to failed. Terminating instance.
[2025-02-01T04:23:12.929+0000] {local_task_job_runner.py:245} INFO - ::endgroup::
[2025-02-01T04:23:12.933+0000] {process_utils.py:132} INFO - Sending 15 to group 2484. PIDs of all processes in the group: [2486, 2484]
[2025-02-01T04:23:12.934+0000] {process_utils.py:87} INFO - Sending the signal 15 to group 2484
[2025-02-01T04:23:12.936+0000] {taskinstance.py:3093} ERROR - Received SIGTERM. Terminating subprocesses.
[2025-02-01T04:23:12.937+0000] {subprocess.py:117} INFO - Sending SIGTERM signal to process group
[2025-02-01T04:23:12.973+0000] {taskinstance.py:340} INFO - ::group::Post task execution logs
[2025-02-01T04:23:12.991+0000] {process_utils.py:80} INFO - Process psutil.Process(pid=2486, status='terminated', started='04:17:44') (2486) terminated with exit code None
[2025-02-01T04:23:12.993+0000] {process_utils.py:80} INFO - Process psutil.Process(pid=2484, status='terminated', exitcode=0, started='04:17:44') (2484) terminated with exit code 0
