[2025-02-07T09:53:15.989-0500] {local_task_job_runner.py:123} INFO - ::group::Pre task execution logs
[2025-02-07T09:53:16.013-0500] {taskinstance.py:2613} INFO - Dependencies all met for dep_context=non-requeueable deps ti=<TaskInstance: etl_reporte_como_vamos.etl_ex_bbva manual__2025-02-07T14:50:55.036502+00:00 [queued]>
[2025-02-07T09:53:16.029-0500] {taskinstance.py:2613} INFO - Dependencies all met for dep_context=requeueable deps ti=<TaskInstance: etl_reporte_como_vamos.etl_ex_bbva manual__2025-02-07T14:50:55.036502+00:00 [queued]>
[2025-02-07T09:53:16.031-0500] {taskinstance.py:2866} INFO - Starting attempt 1 of 4
[2025-02-07T09:53:16.056-0500] {taskinstance.py:2889} INFO - Executing <Task(BashOperator): etl_ex_bbva> on 2025-02-07 14:50:55.036502+00:00
[2025-02-07T09:53:16.070-0500] {warnings.py:112} WARNING - /home/***/.local/lib/python3.12/site-packages/***/task/task_runner/standard_task_runner.py:70: DeprecationWarning: This process (pid=38351) is multi-threaded, use of fork() may lead to deadlocks in the child.
  pid = os.fork()

[2025-02-07T09:53:16.078-0500] {standard_task_runner.py:104} INFO - Running: ['***', 'tasks', 'run', 'etl_reporte_como_vamos', 'etl_ex_bbva', 'manual__2025-02-07T14:50:55.036502+00:00', '--job-id', '73', '--raw', '--subdir', 'DAGS_FOLDER/etl_como_vamos_dag.py', '--cfg-path', '/tmp/tmpe8e695rt']
[2025-02-07T09:53:16.079-0500] {standard_task_runner.py:72} INFO - Started process 38353 to run task
[2025-02-07T09:53:16.080-0500] {standard_task_runner.py:105} INFO - Job 73: Subtask etl_ex_bbva
[2025-02-07T09:53:16.173-0500] {task_command.py:467} INFO - Running <TaskInstance: etl_reporte_como_vamos.etl_ex_bbva manual__2025-02-07T14:50:55.036502+00:00 [running]> on host 21f1c1b48730
[2025-02-07T09:53:16.288-0500] {taskinstance.py:3132} INFO - Exporting env vars: AIRFLOW_CTX_DAG_OWNER='***' AIRFLOW_CTX_DAG_ID='etl_reporte_como_vamos' AIRFLOW_CTX_TASK_ID='etl_ex_bbva' AIRFLOW_CTX_EXECUTION_DATE='2025-02-07T14:50:55.036502+00:00' AIRFLOW_CTX_TRY_NUMBER='1' AIRFLOW_CTX_DAG_RUN_ID='manual__2025-02-07T14:50:55.036502+00:00'
[2025-02-07T09:53:16.290-0500] {taskinstance.py:731} INFO - ::endgroup::
[2025-02-07T09:53:16.318-0500] {subprocess.py:78} INFO - Tmp dir root location: /tmp
[2025-02-07T09:53:16.320-0500] {subprocess.py:88} INFO - Running command: ['/usr/bin/bash', '-c', 'python /opt/***/scripts/etl_ex_bbva.py']
[2025-02-07T09:53:16.331-0500] {subprocess.py:99} INFO - Output:
[2025-02-07T09:53:19.227-0500] {subprocess.py:106} INFO - ic| params: {'database': 'calidad_etl',
[2025-02-07T09:53:19.228-0500] {subprocess.py:106} INFO -              'host': '172.29.33.204',
[2025-02-07T09:53:19.228-0500] {subprocess.py:106} INFO -              'password': 'calidad2021*',
[2025-02-07T09:53:19.229-0500] {subprocess.py:106} INFO -              'port': '3306',
[2025-02-07T09:53:19.230-0500] {subprocess.py:106} INFO -              'user': 'calidad_etl'}
[2025-02-07T09:53:19.262-0500] {subprocess.py:106} INFO - ic| params: {'database': 'calidad_etl',
[2025-02-07T09:53:19.263-0500] {subprocess.py:106} INFO -              'host': '172.29.33.204',
[2025-02-07T09:53:19.264-0500] {subprocess.py:106} INFO -              'password': 'calidad2021*',
[2025-02-07T09:53:19.265-0500] {subprocess.py:106} INFO -              'port': '3306',
[2025-02-07T09:53:19.265-0500] {subprocess.py:106} INFO -              'user': 'calidad_etl'}
[2025-02-07T09:53:19.922-0500] {subprocess.py:106} INFO - 2025-02-07 09:53:19,922 - assets - INFO - Engine para base de datos: calidad_etl creado exitosamente
[2025-02-07T09:53:19.926-0500] {subprocess.py:106} INFO - ic| hoy: datetime.date(2025, 2, 7)
[2025-02-07T09:53:19.927-0500] {subprocess.py:106} INFO -     fecha_inicio: datetime.date(2025, 2, 1)
[2025-02-07T09:53:19.930-0500] {subprocess.py:106} INFO - ic| fecha_inicio: datetime.date(2025, 2, 1)
[2025-02-07T09:53:19.931-0500] {subprocess.py:106} INFO -     fecha_fin: datetime.date(2025, 2, 7)
[2025-02-07T09:53:19.934-0500] {subprocess.py:106} INFO - ic| query: '
[2025-02-07T09:53:19.935-0500] {subprocess.py:106} INFO -             SELECT * FROM calidad_etl.sm_cerrado
[2025-02-07T09:53:19.936-0500] {subprocess.py:106} INFO -                 WHERE "INSERTAR_DT" >= %s;
[2025-02-07T09:53:19.937-0500] {subprocess.py:106} INFO -             '
[2025-02-07T09:53:20.757-0500] {subprocess.py:106} INFO - 2025-02-07 09:53:20,757 - assets - INFO - SQL query succesfully executed
[2025-02-07T09:53:20.758-0500] {subprocess.py:106} INFO - 2025-02-07 09:53:20,758 - etl_ex_bbva - INFO - Start ETL Exito Tuya BBVA
[2025-02-07T09:53:26.170-0500] {subprocess.py:106} INFO - 2025-02-07 09:53:26,168 - etl_ex_bbva - INFO - Reporte como_vamos.xlsx successfully load
[2025-02-07T09:53:26.387-0500] {subprocess.py:106} INFO - 2025-02-07 09:53:26,387 - etl_ex_bbva - INFO - etl_ex_bbva.py success execution
[2025-02-07T09:53:26.389-0500] {subprocess.py:106} INFO - Conexión exitosa a la base de datos: calidad_etl
[2025-02-07T09:53:26.653-0500] {subprocess.py:110} INFO - Command exited with return code 0
[2025-02-07T09:53:26.716-0500] {taskinstance.py:340} INFO - ::group::Post task execution logs
[2025-02-07T09:53:26.717-0500] {taskinstance.py:352} INFO - Marking task as SUCCESS. dag_id=etl_reporte_como_vamos, task_id=etl_ex_bbva, run_id=manual__2025-02-07T14:50:55.036502+00:00, execution_date=20250207T145055, start_date=20250207T145316, end_date=20250207T145326
[2025-02-07T09:53:26.794-0500] {local_task_job_runner.py:266} INFO - Task exited with return code 0
[2025-02-07T09:53:26.839-0500] {taskinstance.py:3895} INFO - 1 downstream tasks scheduled from follow-on schedule check
[2025-02-07T09:53:26.843-0500] {local_task_job_runner.py:245} INFO - ::endgroup::
