[2025-02-05T01:37:01.324-0500] {local_task_job_runner.py:123} INFO - ::group::Pre task execution logs
[2025-02-05T01:37:01.349-0500] {taskinstance.py:2613} INFO - Dependencies all met for dep_context=non-requeueable deps ti=<TaskInstance: etl_reporte_como_vamos.bot_ex_bbva scheduled__2025-02-04T06:30:00+00:00 [queued]>
[2025-02-05T01:37:01.361-0500] {taskinstance.py:2613} INFO - Dependencies all met for dep_context=requeueable deps ti=<TaskInstance: etl_reporte_como_vamos.bot_ex_bbva scheduled__2025-02-04T06:30:00+00:00 [queued]>
[2025-02-05T01:37:01.363-0500] {taskinstance.py:2866} INFO - Starting attempt 2 of 4
[2025-02-05T01:37:01.381-0500] {taskinstance.py:2889} INFO - Executing <Task(BashOperator): bot_ex_bbva> on 2025-02-04 06:30:00+00:00
[2025-02-05T01:37:01.388-0500] {warnings.py:112} WARNING - /home/***/.local/lib/python3.12/site-packages/***/task/task_runner/standard_task_runner.py:70: DeprecationWarning: This process (pid=39908) is multi-threaded, use of fork() may lead to deadlocks in the child.
  pid = os.fork()

[2025-02-05T01:37:01.395-0500] {standard_task_runner.py:72} INFO - Started process 39909 to run task
[2025-02-05T01:37:01.396-0500] {standard_task_runner.py:104} INFO - Running: ['***', 'tasks', 'run', 'etl_reporte_como_vamos', 'bot_ex_bbva', 'scheduled__2025-02-04T06:30:00+00:00', '--job-id', '48', '--raw', '--subdir', 'DAGS_FOLDER/etl_como_vamos_dag.py', '--cfg-path', '/tmp/tmp_fze05id']
[2025-02-05T01:37:01.400-0500] {standard_task_runner.py:105} INFO - Job 48: Subtask bot_ex_bbva
[2025-02-05T01:37:01.491-0500] {task_command.py:467} INFO - Running <TaskInstance: etl_reporte_como_vamos.bot_ex_bbva scheduled__2025-02-04T06:30:00+00:00 [running]> on host 21f1c1b48730
[2025-02-05T01:37:01.608-0500] {taskinstance.py:3132} INFO - Exporting env vars: AIRFLOW_CTX_DAG_OWNER='***' AIRFLOW_CTX_DAG_ID='etl_reporte_como_vamos' AIRFLOW_CTX_TASK_ID='bot_ex_bbva' AIRFLOW_CTX_EXECUTION_DATE='2025-02-04T06:30:00+00:00' AIRFLOW_CTX_TRY_NUMBER='2' AIRFLOW_CTX_DAG_RUN_ID='scheduled__2025-02-04T06:30:00+00:00'
[2025-02-05T01:37:01.610-0500] {taskinstance.py:731} INFO - ::endgroup::
[2025-02-05T01:37:01.638-0500] {subprocess.py:78} INFO - Tmp dir root location: /tmp
[2025-02-05T01:37:01.640-0500] {subprocess.py:88} INFO - Running command: ['/usr/bin/bash', '-c', 'python /opt/***/scripts/bot_etl_ex_bbva.py']
[2025-02-05T01:37:01.655-0500] {subprocess.py:99} INFO - Output:
[2025-02-05T01:37:02.727-0500] {subprocess.py:106} INFO - 2025-02-05 01:37:02,726 - bot_etl_ex_bbva - INFO - Bot ETL Exito-BBVA started
[2025-02-05T01:37:03.657-0500] {subprocess.py:106} INFO - 2025-02-05 01:37:03,656 - bot_etl_ex_bbva - INFO - Conexión al Selenium Hub establecida correctamente
[2025-02-05T01:37:04.616-0500] {subprocess.py:106} INFO - 2025-02-05 01:37:04,616 - bot_etl_ex_bbva - INFO - Credentials input success
[2025-02-05T01:37:06.309-0500] {subprocess.py:106} INFO - 2025-02-05 01:37:06,309 - bot_etl_ex_bbva - INFO - Click in login button
[2025-02-05T01:37:16.429-0500] {subprocess.py:106} INFO - 2025-02-05 01:37:16,426 - bot_etl_ex_bbva - INFO - Loging success
[2025-02-05T01:37:18.331-0500] {subprocess.py:106} INFO - 2025-02-05 01:37:18,331 - bot_etl_ex_bbva - INFO - Input file succes
[2025-02-05T01:37:29.551-0500] {subprocess.py:106} INFO - 2025-02-05 01:37:29,551 - bot_etl_ex_bbva - INFO - Click in Cargar
[2025-02-05T01:37:35.298-0500] {subprocess.py:106} INFO - 2025-02-05 01:37:35,297 - bot_etl_ex_bbva - INFO - bot_etl_ex_bbva finish execution
[2025-02-05T01:37:35.482-0500] {subprocess.py:110} INFO - Command exited with return code 0
[2025-02-05T01:37:35.543-0500] {taskinstance.py:340} INFO - ::group::Post task execution logs
[2025-02-05T01:37:35.545-0500] {taskinstance.py:352} INFO - Marking task as SUCCESS. dag_id=etl_reporte_como_vamos, task_id=bot_ex_bbva, run_id=scheduled__2025-02-04T06:30:00+00:00, execution_date=20250204T063000, start_date=20250205T063701, end_date=20250205T063735
[2025-02-05T01:37:35.579-0500] {local_task_job_runner.py:266} INFO - Task exited with return code 0
[2025-02-05T01:37:35.618-0500] {taskinstance.py:3895} INFO - 1 downstream tasks scheduled from follow-on schedule check
[2025-02-05T01:37:35.621-0500] {local_task_job_runner.py:245} INFO - ::endgroup::
