[2025-02-04T07:19:00.706-0500] {local_task_job_runner.py:123} INFO - ::group::Pre task execution logs
[2025-02-04T07:19:00.729-0500] {taskinstance.py:2613} INFO - Dependencies all met for dep_context=non-requeueable deps ti=<TaskInstance: etl_reporte_como_vamos.etl_cdc manual__2025-02-04T12:17:16.570936+00:00 [queued]>
[2025-02-04T07:19:00.740-0500] {taskinstance.py:2613} INFO - Dependencies all met for dep_context=requeueable deps ti=<TaskInstance: etl_reporte_como_vamos.etl_cdc manual__2025-02-04T12:17:16.570936+00:00 [queued]>
[2025-02-04T07:19:00.743-0500] {taskinstance.py:2866} INFO - Starting attempt 1 of 4
[2025-02-04T07:19:00.763-0500] {taskinstance.py:2889} INFO - Executing <Task(BashOperator): etl_cdc> on 2025-02-04 12:17:16.570936+00:00
[2025-02-04T07:19:00.773-0500] {warnings.py:112} WARNING - /home/***/.local/lib/python3.12/site-packages/***/task/task_runner/standard_task_runner.py:70: DeprecationWarning: This process (pid=26170) is multi-threaded, use of fork() may lead to deadlocks in the child.
  pid = os.fork()

[2025-02-04T07:19:00.780-0500] {standard_task_runner.py:72} INFO - Started process 26172 to run task
[2025-02-04T07:19:00.783-0500] {standard_task_runner.py:104} INFO - Running: ['***', 'tasks', 'run', 'etl_reporte_como_vamos', 'etl_cdc', 'manual__2025-02-04T12:17:16.570936+00:00', '--job-id', '37', '--raw', '--subdir', 'DAGS_FOLDER/etl_como_vamos_dag.py', '--cfg-path', '/tmp/tmpnl3sgwux']
[2025-02-04T07:19:00.785-0500] {standard_task_runner.py:105} INFO - Job 37: Subtask etl_cdc
[2025-02-04T07:19:00.866-0500] {task_command.py:467} INFO - Running <TaskInstance: etl_reporte_como_vamos.etl_cdc manual__2025-02-04T12:17:16.570936+00:00 [running]> on host 21f1c1b48730
[2025-02-04T07:19:00.984-0500] {taskinstance.py:3132} INFO - Exporting env vars: AIRFLOW_CTX_DAG_OWNER='***' AIRFLOW_CTX_DAG_ID='etl_reporte_como_vamos' AIRFLOW_CTX_TASK_ID='etl_cdc' AIRFLOW_CTX_EXECUTION_DATE='2025-02-04T12:17:16.570936+00:00' AIRFLOW_CTX_TRY_NUMBER='1' AIRFLOW_CTX_DAG_RUN_ID='manual__2025-02-04T12:17:16.570936+00:00'
[2025-02-04T07:19:00.986-0500] {taskinstance.py:731} INFO - ::endgroup::
[2025-02-04T07:19:01.014-0500] {subprocess.py:78} INFO - Tmp dir root location: /tmp
[2025-02-04T07:19:01.016-0500] {subprocess.py:88} INFO - Running command: ['/usr/bin/bash', '-c', 'python /opt/***/scripts/etl_cdc.py']
[2025-02-04T07:19:01.027-0500] {subprocess.py:99} INFO - Output:
[2025-02-04T07:19:09.346-0500] {subprocess.py:106} INFO -      incrementador               nombre_cliente  ... duplicado motivo_duplicado
[2025-02-04T07:19:09.347-0500] {subprocess.py:106} INFO - 0            11214  COLOMBIANA DE COMERCIO S.A.  ...
[2025-02-04T07:19:09.348-0500] {subprocess.py:106} INFO - 1            11115  COLOMBIANA DE COMERCIO S.A.  ...
[2025-02-04T07:19:09.348-0500] {subprocess.py:106} INFO - 2            11116  COLOMBIANA DE COMERCIO S.A.  ...
[2025-02-04T07:19:09.349-0500] {subprocess.py:106} INFO - 3            11117  COLOMBIANA DE COMERCIO S.A.  ...
[2025-02-04T07:19:09.349-0500] {subprocess.py:106} INFO - 4            11118  COLOMBIANA DE COMERCIO S.A.  ...
[2025-02-04T07:19:09.350-0500] {subprocess.py:106} INFO - ..             ...                          ...  ...       ...              ...
[2025-02-04T07:19:09.350-0500] {subprocess.py:106} INFO - 203          11344  COLOMBIANA DE COMERCIO S.A.  ...
[2025-02-04T07:19:09.351-0500] {subprocess.py:106} INFO - 204          11345  COLOMBIANA DE COMERCIO S.A.  ...
[2025-02-04T07:19:09.352-0500] {subprocess.py:106} INFO - 205          11346  COLOMBIANA DE COMERCIO S.A.  ...
[2025-02-04T07:19:09.352-0500] {subprocess.py:106} INFO - 206          11347  COLOMBIANA DE COMERCIO S.A.  ...
[2025-02-04T07:19:09.352-0500] {subprocess.py:106} INFO - 207          11348  COLOMBIANA DE COMERCIO S.A.  ...
[2025-02-04T07:19:09.354-0500] {subprocess.py:106} INFO - 
[2025-02-04T07:19:09.354-0500] {subprocess.py:106} INFO - [208 rows x 60 columns]
[2025-02-04T07:19:09.355-0500] {subprocess.py:106} INFO -                  nombre_cliente    id_caso  ... duplicado motivo_duplicado
[2025-02-04T07:19:09.355-0500] {subprocess.py:106} INFO - 0   COLOMBIANA DE COMERCIO S.A.  IM3036307  ...
[2025-02-04T07:19:09.356-0500] {subprocess.py:106} INFO - 1   COLOMBIANA DE COMERCIO S.A.  RF1861440  ...
[2025-02-04T07:19:09.356-0500] {subprocess.py:106} INFO - 2   COLOMBIANA DE COMERCIO S.A.  RF1861429  ...
[2025-02-04T07:19:09.357-0500] {subprocess.py:106} INFO - 3   COLOMBIANA DE COMERCIO S.A.  RF1861420  ...
[2025-02-04T07:19:09.357-0500] {subprocess.py:106} INFO - 4   COLOMBIANA DE COMERCIO S.A.  RF1861410  ...
[2025-02-04T07:19:09.358-0500] {subprocess.py:106} INFO - 5   COLOMBIANA DE COMERCIO S.A.  RF1861242  ...
[2025-02-04T07:19:09.358-0500] {subprocess.py:106} INFO - 6   COLOMBIANA DE COMERCIO S.A.  RF1860916  ...
[2025-02-04T07:19:09.359-0500] {subprocess.py:106} INFO - 7   COLOMBIANA DE COMERCIO S.A.  RF1860841  ...
[2025-02-04T07:19:09.359-0500] {subprocess.py:106} INFO - 8   COLOMBIANA DE COMERCIO S.A.  IM3042547  ...
[2025-02-04T07:19:09.360-0500] {subprocess.py:106} INFO - 9   COLOMBIANA DE COMERCIO S.A.  RF1861122  ...
[2025-02-04T07:19:09.360-0500] {subprocess.py:106} INFO - 10  COLOMBIANA DE COMERCIO S.A.  RF1861127  ...
[2025-02-04T07:19:09.361-0500] {subprocess.py:106} INFO - 11  COLOMBIANA DE COMERCIO S.A.  RF1861307  ...
[2025-02-04T07:19:09.361-0500] {subprocess.py:106} INFO - 12  COLOMBIANA DE COMERCIO S.A.  RF1860086  ...
[2025-02-04T07:19:09.362-0500] {subprocess.py:106} INFO - 13  COLOMBIANA DE COMERCIO S.A.  RF1861363  ...
[2025-02-04T07:19:09.362-0500] {subprocess.py:106} INFO - 14  COLOMBIANA DE COMERCIO S.A.  RF1861332  ...
[2025-02-04T07:19:09.363-0500] {subprocess.py:106} INFO - 15  COLOMBIANA DE COMERCIO S.A.  RF1861383  ...
[2025-02-04T07:19:09.363-0500] {subprocess.py:106} INFO - 16  COLOMBIANA DE COMERCIO S.A.  RF1861268  ...
[2025-02-04T07:19:09.364-0500] {subprocess.py:106} INFO - 17  COLOMBIANA DE COMERCIO S.A.  RF1861260  ...
[2025-02-04T07:19:09.364-0500] {subprocess.py:106} INFO - 18  COLOMBIANA DE COMERCIO S.A.  RF1861252  ...
[2025-02-04T07:19:09.365-0500] {subprocess.py:106} INFO - 19  COLOMBIANA DE COMERCIO S.A.  RF1861316  ...
[2025-02-04T07:19:09.365-0500] {subprocess.py:106} INFO - 20  COLOMBIANA DE COMERCIO S.A.  RF1861394  ...
[2025-02-04T07:19:09.365-0500] {subprocess.py:106} INFO - 21  COLOMBIANA DE COMERCIO S.A.  RF1860825  ...
[2025-02-04T07:19:09.366-0500] {subprocess.py:106} INFO - 22  COLOMBIANA DE COMERCIO S.A.  RF1860823  ...
[2025-02-04T07:19:09.366-0500] {subprocess.py:106} INFO - 23  COLOMBIANA DE COMERCIO S.A.  IM3041883  ...
[2025-02-04T07:19:09.367-0500] {subprocess.py:106} INFO - 24  COLOMBIANA DE COMERCIO S.A.  RF1860922  ...
[2025-02-04T07:19:09.367-0500] {subprocess.py:106} INFO - 25  COLOMBIANA DE COMERCIO S.A.  RF1860921  ...
[2025-02-04T07:19:09.368-0500] {subprocess.py:106} INFO - 26  COLOMBIANA DE COMERCIO S.A.  RF1860920  ...
[2025-02-04T07:19:09.368-0500] {subprocess.py:106} INFO - 27  COLOMBIANA DE COMERCIO S.A.  RF1860918  ...
[2025-02-04T07:19:09.369-0500] {subprocess.py:106} INFO - 28  COLOMBIANA DE COMERCIO S.A.  RF1860917  ...
[2025-02-04T07:19:09.369-0500] {subprocess.py:106} INFO - 29  COLOMBIANA DE COMERCIO S.A.  IM3026195  ...
[2025-02-04T07:19:09.370-0500] {subprocess.py:106} INFO - 30  COLOMBIANA DE COMERCIO S.A.  RF1861125  ...
[2025-02-04T07:19:09.370-0500] {subprocess.py:106} INFO - 31  COLOMBIANA DE COMERCIO S.A.  RF1861124  ...
[2025-02-04T07:19:09.371-0500] {subprocess.py:106} INFO - 32  COLOMBIANA DE COMERCIO S.A.  RF1860845  ...
[2025-02-04T07:19:09.371-0500] {subprocess.py:106} INFO - 33  COLOMBIANA DE COMERCIO S.A.  RF1860840  ...
[2025-02-04T07:19:09.372-0500] {subprocess.py:106} INFO - 34  COLOMBIANA DE COMERCIO S.A.  RF1861371  ...
[2025-02-04T07:19:09.372-0500] {subprocess.py:106} INFO - 35  COLOMBIANA DE COMERCIO S.A.  RF1860826  ...
[2025-02-04T07:19:09.373-0500] {subprocess.py:106} INFO - 36  COLOMBIANA DE COMERCIO S.A.  IM3042331  ...
[2025-02-04T07:19:09.373-0500] {subprocess.py:106} INFO - 37  COLOMBIANA DE COMERCIO S.A.  RF1859728  ...
[2025-02-04T07:19:09.374-0500] {subprocess.py:106} INFO - 38  COLOMBIANA DE COMERCIO S.A.  IM3022639  ...
[2025-02-04T07:19:09.375-0500] {subprocess.py:106} INFO - 39  COLOMBIANA DE COMERCIO S.A.  RF1859376  ...
[2025-02-04T07:19:09.375-0500] {subprocess.py:106} INFO - 
[2025-02-04T07:19:09.376-0500] {subprocess.py:106} INFO - [40 rows x 59 columns]
[2025-02-04T07:19:09.376-0500] {subprocess.py:106} INFO - 6 34 0
[2025-02-04T07:19:09.377-0500] {subprocess.py:106} INFO - Ejecucion Erronea
[2025-02-04T07:19:09.563-0500] {subprocess.py:110} INFO - Command exited with return code 0
[2025-02-04T07:19:09.594-0500] {taskinstance.py:340} INFO - ::group::Post task execution logs
[2025-02-04T07:19:09.595-0500] {taskinstance.py:352} INFO - Marking task as SUCCESS. dag_id=etl_reporte_como_vamos, task_id=etl_cdc, run_id=manual__2025-02-04T12:17:16.570936+00:00, execution_date=20250204T121716, start_date=20250204T121900, end_date=20250204T121909
[2025-02-04T07:19:09.645-0500] {local_task_job_runner.py:266} INFO - Task exited with return code 0
[2025-02-04T07:19:09.669-0500] {taskinstance.py:3895} INFO - 0 downstream tasks scheduled from follow-on schedule check
[2025-02-04T07:19:09.673-0500] {local_task_job_runner.py:245} INFO - ::endgroup::
