[2025-02-01T00:17:46.519-0500] {local_task_job_runner.py:123} INFO - ::group::Pre task execution logs
[2025-02-01T00:17:46.569-0500] {taskinstance.py:2613} INFO - Dependencies all met for dep_context=non-requeueable deps ti=<TaskInstance: etl_reporte_como_vamos.etl_cdc manual__2025-02-01T05:11:44.390818+00:00 [queued]>
[2025-02-01T00:17:46.591-0500] {taskinstance.py:2613} INFO - Dependencies all met for dep_context=requeueable deps ti=<TaskInstance: etl_reporte_como_vamos.etl_cdc manual__2025-02-01T05:11:44.390818+00:00 [queued]>
[2025-02-01T00:17:46.592-0500] {taskinstance.py:2866} INFO - Starting attempt 1 of 1
[2025-02-01T00:17:46.630-0500] {taskinstance.py:2889} INFO - Executing <Task(BashOperator): etl_cdc> on 2025-02-01 05:11:44.390818+00:00
[2025-02-01T00:17:46.643-0500] {warnings.py:112} WARNING - /home/***/.local/lib/python3.12/site-packages/***/task/task_runner/standard_task_runner.py:70: DeprecationWarning: This process (pid=392) is multi-threaded, use of fork() may lead to deadlocks in the child.
  pid = os.fork()

[2025-02-01T00:17:46.647-0500] {standard_task_runner.py:72} INFO - Started process 395 to run task
[2025-02-01T00:17:46.648-0500] {standard_task_runner.py:104} INFO - Running: ['***', 'tasks', 'run', 'etl_reporte_como_vamos', 'etl_cdc', 'manual__2025-02-01T05:11:44.390818+00:00', '--job-id', '85', '--raw', '--subdir', 'DAGS_FOLDER/etl_como_vamos_dag.py', '--cfg-path', '/tmp/tmpg5l6cepp']
[2025-02-01T00:17:46.652-0500] {standard_task_runner.py:105} INFO - Job 85: Subtask etl_cdc
[2025-02-01T00:17:46.767-0500] {task_command.py:467} INFO - Running <TaskInstance: etl_reporte_como_vamos.etl_cdc manual__2025-02-01T05:11:44.390818+00:00 [running]> on host d596638090b4
[2025-02-01T00:17:46.983-0500] {taskinstance.py:3132} INFO - Exporting env vars: AIRFLOW_CTX_DAG_OWNER='***' AIRFLOW_CTX_DAG_ID='etl_reporte_como_vamos' AIRFLOW_CTX_TASK_ID='etl_cdc' AIRFLOW_CTX_EXECUTION_DATE='2025-02-01T05:11:44.390818+00:00' AIRFLOW_CTX_TRY_NUMBER='1' AIRFLOW_CTX_DAG_RUN_ID='manual__2025-02-01T05:11:44.390818+00:00'
[2025-02-01T00:17:46.986-0500] {taskinstance.py:731} INFO - ::endgroup::
[2025-02-01T00:17:47.023-0500] {subprocess.py:78} INFO - Tmp dir root location: /tmp
[2025-02-01T00:17:47.025-0500] {subprocess.py:88} INFO - Running command: ['/usr/bin/bash', '-c', 'python /opt/***/scripts/etl_cdc.py']
[2025-02-01T00:17:47.050-0500] {subprocess.py:99} INFO - Output:
[2025-02-01T00:23:17.442-0500] {subprocess.py:106} INFO -      incrementador               nombre_cliente  ... duplicado motivo_duplicado
[2025-02-01T00:23:17.445-0500] {subprocess.py:106} INFO - 0            11214  COLOMBIANA DE COMERCIO S.A.  ...
[2025-02-01T00:23:17.447-0500] {subprocess.py:106} INFO - 1            11115  COLOMBIANA DE COMERCIO S.A.  ...
[2025-02-01T00:23:17.448-0500] {subprocess.py:106} INFO - 2            11116  COLOMBIANA DE COMERCIO S.A.  ...
[2025-02-01T00:23:17.450-0500] {subprocess.py:106} INFO - 3            11117  COLOMBIANA DE COMERCIO S.A.  ...
[2025-02-01T00:23:17.451-0500] {subprocess.py:106} INFO - 4            11118  COLOMBIANA DE COMERCIO S.A.  ...
[2025-02-01T00:23:17.453-0500] {subprocess.py:106} INFO - ..             ...                          ...  ...       ...              ...
[2025-02-01T00:23:17.454-0500] {subprocess.py:106} INFO - 179          11320  COLOMBIANA DE COMERCIO S.A.  ...
[2025-02-01T00:23:17.456-0500] {subprocess.py:106} INFO - 180          11321  COLOMBIANA DE COMERCIO S.A.  ...
[2025-02-01T00:23:17.457-0500] {subprocess.py:106} INFO - 181          11322  COLOMBIANA DE COMERCIO S.A.  ...
[2025-02-01T00:23:17.459-0500] {subprocess.py:106} INFO - 182          11323  COLOMBIANA DE COMERCIO S.A.  ...
[2025-02-01T00:23:17.461-0500] {subprocess.py:106} INFO - 183          11324  COLOMBIANA DE COMERCIO S.A.  ...
[2025-02-01T00:23:17.463-0500] {subprocess.py:106} INFO - 
[2025-02-01T00:23:17.464-0500] {subprocess.py:106} INFO - [184 rows x 60 columns]
[2025-02-01T00:23:17.465-0500] {subprocess.py:106} INFO -                   nombre_cliente    id_caso  ... duplicado motivo_duplicado
[2025-02-01T00:23:17.468-0500] {subprocess.py:106} INFO - 0    COLOMBIANA DE COMERCIO S.A.  IM2985734  ...
[2025-02-01T00:23:17.469-0500] {subprocess.py:106} INFO - 1    COLOMBIANA DE COMERCIO S.A.  IM3001995  ...
[2025-02-01T00:23:17.471-0500] {subprocess.py:106} INFO - 2    COLOMBIANA DE COMERCIO S.A.  IM3000221  ...
[2025-02-01T00:23:17.472-0500] {subprocess.py:106} INFO - 3    COLOMBIANA DE COMERCIO S.A.  RF1853852  ...
[2025-02-01T00:23:17.474-0500] {subprocess.py:106} INFO - 4    COLOMBIANA DE COMERCIO S.A.  RF1855025  ...
[2025-02-01T00:23:17.475-0500] {subprocess.py:106} INFO - ..                           ...        ...  ...       ...              ...
[2025-02-01T00:23:17.476-0500] {subprocess.py:106} INFO - 711  COLOMBIANA DE COMERCIO S.A.  IM3028857  ...
[2025-02-01T00:23:17.477-0500] {subprocess.py:106} INFO - 712  COLOMBIANA DE COMERCIO S.A.  IM3008204  ...
[2025-02-01T00:23:17.479-0500] {subprocess.py:106} INFO - 713  COLOMBIANA DE COMERCIO S.A.  IM3018679  ...
[2025-02-01T00:23:17.480-0500] {subprocess.py:106} INFO - 714  COLOMBIANA DE COMERCIO S.A.  IM3019290  ...
[2025-02-01T00:23:17.481-0500] {subprocess.py:106} INFO - 715  COLOMBIANA DE COMERCIO S.A.  IM3019623  ...
[2025-02-01T00:23:17.484-0500] {subprocess.py:106} INFO - 
[2025-02-01T00:23:17.485-0500] {subprocess.py:106} INFO - [716 rows x 59 columns]
[2025-02-01T00:23:17.487-0500] {subprocess.py:106} INFO - 0 0 0
[2025-02-01T00:23:17.488-0500] {subprocess.py:106} INFO - Ejecucion Exitosa
[2025-02-01T00:23:17.757-0500] {subprocess.py:110} INFO - Command exited with return code 0
[2025-02-01T00:23:17.821-0500] {taskinstance.py:340} INFO - ::group::Post task execution logs
[2025-02-01T00:23:17.823-0500] {taskinstance.py:352} INFO - Marking task as SUCCESS. dag_id=etl_reporte_como_vamos, task_id=etl_cdc, run_id=manual__2025-02-01T05:11:44.390818+00:00, execution_date=20250201T051144, start_date=20250201T051746, end_date=20250201T052317
[2025-02-01T00:23:17.895-0500] {local_task_job_runner.py:266} INFO - Task exited with return code 0
[2025-02-01T00:23:17.953-0500] {taskinstance.py:3895} INFO - 1 downstream tasks scheduled from follow-on schedule check
[2025-02-01T00:23:17.957-0500] {local_task_job_runner.py:245} INFO - ::endgroup::
