[2025-02-13T18:31:27.865-0500] {local_task_job_runner.py:123} INFO - ::group::Pre task execution logs
[2025-02-13T18:31:27.889-0500] {taskinstance.py:2613} INFO - Dependencies all met for dep_context=non-requeueable deps ti=<TaskInstance: etl_reporte_como_vamos.bot_ex_bbva manual__2025-02-13T23:24:05.217618+00:00 [queued]>
[2025-02-13T18:31:27.901-0500] {taskinstance.py:2613} INFO - Dependencies all met for dep_context=requeueable deps ti=<TaskInstance: etl_reporte_como_vamos.bot_ex_bbva manual__2025-02-13T23:24:05.217618+00:00 [queued]>
[2025-02-13T18:31:27.903-0500] {taskinstance.py:2866} INFO - Starting attempt 2 of 4
[2025-02-13T18:31:27.935-0500] {taskinstance.py:2889} INFO - Executing <Task(BashOperator): bot_ex_bbva> on 2025-02-13 23:24:05.217618+00:00
[2025-02-13T18:31:27.942-0500] {warnings.py:112} WARNING - /home/***/.local/lib/python3.12/site-packages/***/task/task_runner/standard_task_runner.py:70: DeprecationWarning: This process (pid=52406) is multi-threaded, use of fork() may lead to deadlocks in the child.
  pid = os.fork()

[2025-02-13T18:31:27.944-0500] {standard_task_runner.py:72} INFO - Started process 52407 to run task
[2025-02-13T18:31:27.944-0500] {standard_task_runner.py:104} INFO - Running: ['***', 'tasks', 'run', 'etl_reporte_como_vamos', 'bot_ex_bbva', 'manual__2025-02-13T23:24:05.217618+00:00', '--job-id', '120', '--raw', '--subdir', 'DAGS_FOLDER/etl_como_vamos_dag.py', '--cfg-path', '/tmp/tmpvqum9sp7']
[2025-02-13T18:31:27.945-0500] {standard_task_runner.py:105} INFO - Job 120: Subtask bot_ex_bbva
[2025-02-13T18:31:27.992-0500] {task_command.py:467} INFO - Running <TaskInstance: etl_reporte_como_vamos.bot_ex_bbva manual__2025-02-13T23:24:05.217618+00:00 [running]> on host 21f1c1b48730
[2025-02-13T18:31:28.081-0500] {taskinstance.py:3132} INFO - Exporting env vars: AIRFLOW_CTX_DAG_OWNER='***' AIRFLOW_CTX_DAG_ID='etl_reporte_como_vamos' AIRFLOW_CTX_TASK_ID='bot_ex_bbva' AIRFLOW_CTX_EXECUTION_DATE='2025-02-13T23:24:05.217618+00:00' AIRFLOW_CTX_TRY_NUMBER='2' AIRFLOW_CTX_DAG_RUN_ID='manual__2025-02-13T23:24:05.217618+00:00'
[2025-02-13T18:31:28.083-0500] {taskinstance.py:731} INFO - ::endgroup::
[2025-02-13T18:31:28.108-0500] {subprocess.py:78} INFO - Tmp dir root location: /tmp
[2025-02-13T18:31:28.110-0500] {subprocess.py:88} INFO - Running command: ['/usr/bin/bash', '-c', 'python /opt/***/scripts/bot_etl_ex_bbva.py']
[2025-02-13T18:31:28.121-0500] {subprocess.py:99} INFO - Output:
[2025-02-13T18:31:29.222-0500] {subprocess.py:106} INFO - 2025-02-13 18:31:29,222 - bot_etl_ex_bbva - INFO - Bot ETL Exito-BBVA started
[2025-02-13T18:31:29.916-0500] {subprocess.py:106} INFO - 2025-02-13 18:31:29,916 - bot_etl_ex_bbva - INFO - Conexión al Selenium Hub establecida correctamente
[2025-02-13T18:31:31.574-0500] {subprocess.py:106} INFO - 2025-02-13 18:31:31,574 - bot_etl_ex_bbva - INFO - Credentials input success
[2025-02-13T18:31:33.801-0500] {subprocess.py:106} INFO - 2025-02-13 18:31:33,801 - bot_etl_ex_bbva - INFO - Click in login button
[2025-02-13T18:31:43.829-0500] {subprocess.py:106} INFO - 2025-02-13 18:31:43,829 - bot_etl_ex_bbva - INFO - Loging success
[2025-02-13T18:31:44.999-0500] {subprocess.py:106} INFO - 2025-02-13 18:31:44,999 - bot_etl_ex_bbva - INFO - Input file succes
[2025-02-13T18:31:54.420-0500] {subprocess.py:106} INFO - 2025-02-13 18:31:54,420 - bot_etl_ex_bbva - INFO - Click in Cargar
[2025-02-13T18:32:00.696-0500] {subprocess.py:106} INFO - 2025-02-13 18:32:00,696 - bot_etl_ex_bbva - INFO - bot_etl_ex_bbva finish execution
[2025-02-13T18:32:00.895-0500] {subprocess.py:110} INFO - Command exited with return code 0
[2025-02-13T18:32:00.927-0500] {taskinstance.py:340} INFO - ::group::Post task execution logs
[2025-02-13T18:32:00.928-0500] {taskinstance.py:352} INFO - Marking task as SUCCESS. dag_id=etl_reporte_como_vamos, task_id=bot_ex_bbva, run_id=manual__2025-02-13T23:24:05.217618+00:00, execution_date=20250213T232405, start_date=20250213T233127, end_date=20250213T233200
[2025-02-13T18:32:00.982-0500] {local_task_job_runner.py:266} INFO - Task exited with return code 0
[2025-02-13T18:32:01.006-0500] {taskinstance.py:3895} INFO - 1 downstream tasks scheduled from follow-on schedule check
[2025-02-13T18:32:01.010-0500] {local_task_job_runner.py:245} INFO - ::endgroup::
