[2025-02-07T09:53:16.103-0500] {local_task_job_runner.py:123} INFO - ::group::Pre task execution logs
[2025-02-07T09:53:16.136-0500] {taskinstance.py:2613} INFO - Dependencies all met for dep_context=non-requeueable deps ti=<TaskInstance: etl_reporte_como_vamos.etl_cdc manual__2025-02-07T14:50:55.036502+00:00 [queued]>
[2025-02-07T09:53:16.148-0500] {taskinstance.py:2613} INFO - Dependencies all met for dep_context=requeueable deps ti=<TaskInstance: etl_reporte_como_vamos.etl_cdc manual__2025-02-07T14:50:55.036502+00:00 [queued]>
[2025-02-07T09:53:16.150-0500] {taskinstance.py:2866} INFO - Starting attempt 1 of 4
[2025-02-07T09:53:16.169-0500] {taskinstance.py:2889} INFO - Executing <Task(BashOperator): etl_cdc> on 2025-02-07 14:50:55.036502+00:00
[2025-02-07T09:53:16.177-0500] {warnings.py:112} WARNING - /home/***/.local/lib/python3.12/site-packages/***/task/task_runner/standard_task_runner.py:70: DeprecationWarning: This process (pid=38352) is multi-threaded, use of fork() may lead to deadlocks in the child.
  pid = os.fork()

[2025-02-07T09:53:16.184-0500] {standard_task_runner.py:72} INFO - Started process 38355 to run task
[2025-02-07T09:53:16.187-0500] {standard_task_runner.py:104} INFO - Running: ['***', 'tasks', 'run', 'etl_reporte_como_vamos', 'etl_cdc', 'manual__2025-02-07T14:50:55.036502+00:00', '--job-id', '74', '--raw', '--subdir', 'DAGS_FOLDER/etl_como_vamos_dag.py', '--cfg-path', '/tmp/tmp8cs8ixzv']
[2025-02-07T09:53:16.189-0500] {standard_task_runner.py:105} INFO - Job 74: Subtask etl_cdc
[2025-02-07T09:53:16.259-0500] {task_command.py:467} INFO - Running <TaskInstance: etl_reporte_como_vamos.etl_cdc manual__2025-02-07T14:50:55.036502+00:00 [running]> on host 21f1c1b48730
[2025-02-07T09:53:16.355-0500] {taskinstance.py:3132} INFO - Exporting env vars: AIRFLOW_CTX_DAG_OWNER='***' AIRFLOW_CTX_DAG_ID='etl_reporte_como_vamos' AIRFLOW_CTX_TASK_ID='etl_cdc' AIRFLOW_CTX_EXECUTION_DATE='2025-02-07T14:50:55.036502+00:00' AIRFLOW_CTX_TRY_NUMBER='1' AIRFLOW_CTX_DAG_RUN_ID='manual__2025-02-07T14:50:55.036502+00:00'
[2025-02-07T09:53:16.356-0500] {taskinstance.py:731} INFO - ::endgroup::
[2025-02-07T09:53:16.377-0500] {subprocess.py:78} INFO - Tmp dir root location: /tmp
[2025-02-07T09:53:16.379-0500] {subprocess.py:88} INFO - Running command: ['/usr/bin/bash', '-c', 'python /opt/***/scripts/etl_cdc.py']
[2025-02-07T09:53:16.392-0500] {subprocess.py:99} INFO - Output:
[2025-02-07T09:53:25.321-0500] {subprocess.py:106} INFO -      incrementador               nombre_cliente  ... duplicado motivo_duplicado
[2025-02-07T09:53:25.329-0500] {subprocess.py:106} INFO - 0            11214  COLOMBIANA DE COMERCIO S.A.  ...
[2025-02-07T09:53:25.330-0500] {subprocess.py:106} INFO - 1            11115  COLOMBIANA DE COMERCIO S.A.  ...
[2025-02-07T09:53:25.331-0500] {subprocess.py:106} INFO - 2            11116  COLOMBIANA DE COMERCIO S.A.  ...
[2025-02-07T09:53:25.332-0500] {subprocess.py:106} INFO - 3            11117  COLOMBIANA DE COMERCIO S.A.  ...
[2025-02-07T09:53:25.333-0500] {subprocess.py:106} INFO - 4            11118  COLOMBIANA DE COMERCIO S.A.  ...
[2025-02-07T09:53:25.334-0500] {subprocess.py:106} INFO - ..             ...                          ...  ...       ...              ...
[2025-02-07T09:53:25.335-0500] {subprocess.py:106} INFO - 240          11381  COLOMBIANA DE COMERCIO S.A.  ...
[2025-02-07T09:53:25.335-0500] {subprocess.py:106} INFO - 241          11382  COLOMBIANA DE COMERCIO S.A.  ...
[2025-02-07T09:53:25.336-0500] {subprocess.py:106} INFO - 242          11383  COLOMBIANA DE COMERCIO S.A.  ...
[2025-02-07T09:53:25.337-0500] {subprocess.py:106} INFO - 243          11384  COLOMBIANA DE COMERCIO S.A.  ...
[2025-02-07T09:53:25.337-0500] {subprocess.py:106} INFO - 244          11385  COLOMBIANA DE COMERCIO S.A.  ...
[2025-02-07T09:53:25.338-0500] {subprocess.py:106} INFO - 
[2025-02-07T09:53:25.339-0500] {subprocess.py:106} INFO - [245 rows x 60 columns]
[2025-02-07T09:53:25.339-0500] {subprocess.py:106} INFO -                  nombre_cliente    id_caso  ... duplicado motivo_duplicado
[2025-02-07T09:53:25.340-0500] {subprocess.py:106} INFO - 0   COLOMBIANA DE COMERCIO S.A.  RF1859806  ...
[2025-02-07T09:53:25.341-0500] {subprocess.py:106} INFO - 1   COLOMBIANA DE COMERCIO S.A.  RF1859797  ...
[2025-02-07T09:53:25.341-0500] {subprocess.py:106} INFO - 2   COLOMBIANA DE COMERCIO S.A.  IM3049525  ...
[2025-02-07T09:53:25.342-0500] {subprocess.py:106} INFO - 3   COLOMBIANA DE COMERCIO S.A.  RF1862768  ...
[2025-02-07T09:53:25.342-0500] {subprocess.py:106} INFO - 4   COLOMBIANA DE COMERCIO S.A.  RF1863089  ...
[2025-02-07T09:53:25.343-0500] {subprocess.py:106} INFO - 5   COLOMBIANA DE COMERCIO S.A.  RF1863085  ...
[2025-02-07T09:53:25.344-0500] {subprocess.py:106} INFO - 6   COLOMBIANA DE COMERCIO S.A.  RF1863081  ...
[2025-02-07T09:53:25.344-0500] {subprocess.py:106} INFO - 7   COLOMBIANA DE COMERCIO S.A.  RF1863077  ...
[2025-02-07T09:53:25.345-0500] {subprocess.py:106} INFO - 8   COLOMBIANA DE COMERCIO S.A.  RF1863076  ...
[2025-02-07T09:53:25.345-0500] {subprocess.py:106} INFO - 9   COLOMBIANA DE COMERCIO S.A.  RF1863072  ...
[2025-02-07T09:53:25.346-0500] {subprocess.py:106} INFO - 10  COLOMBIANA DE COMERCIO S.A.  RF1863066  ...
[2025-02-07T09:53:25.346-0500] {subprocess.py:106} INFO - 11  COLOMBIANA DE COMERCIO S.A.  RF1863055  ...
[2025-02-07T09:53:25.347-0500] {subprocess.py:106} INFO - 12  COLOMBIANA DE COMERCIO S.A.  RF1863038  ...
[2025-02-07T09:53:25.348-0500] {subprocess.py:106} INFO - 13  COLOMBIANA DE COMERCIO S.A.  RF1862972  ...
[2025-02-07T09:53:25.348-0500] {subprocess.py:106} INFO - 14  COLOMBIANA DE COMERCIO S.A.  RF1862970  ...
[2025-02-07T09:53:25.349-0500] {subprocess.py:106} INFO - 15  COLOMBIANA DE COMERCIO S.A.  RF1862969  ...
[2025-02-07T09:53:25.349-0500] {subprocess.py:106} INFO - 16  COLOMBIANA DE COMERCIO S.A.  RF1862968  ...
[2025-02-07T09:53:25.350-0500] {subprocess.py:106} INFO - 17  COLOMBIANA DE COMERCIO S.A.  RF1861612  ...
[2025-02-07T09:53:25.350-0500] {subprocess.py:106} INFO - 18  COLOMBIANA DE COMERCIO S.A.  RF1862967  ...
[2025-02-07T09:53:25.351-0500] {subprocess.py:106} INFO - 19  COLOMBIANA DE COMERCIO S.A.  RF1862966  ...
[2025-02-07T09:53:25.351-0500] {subprocess.py:106} INFO - 20  COLOMBIANA DE COMERCIO S.A.  RF1862963  ...
[2025-02-07T09:53:25.352-0500] {subprocess.py:106} INFO - 21  COLOMBIANA DE COMERCIO S.A.  RF1862962  ...
[2025-02-07T09:53:25.352-0500] {subprocess.py:106} INFO - 22  COLOMBIANA DE COMERCIO S.A.  RF1862960  ...
[2025-02-07T09:53:25.353-0500] {subprocess.py:106} INFO - 23  COLOMBIANA DE COMERCIO S.A.  RF1863136  ...
[2025-02-07T09:53:25.353-0500] {subprocess.py:106} INFO - 24  COLOMBIANA DE COMERCIO S.A.  RF1862973  ...
[2025-02-07T09:53:25.354-0500] {subprocess.py:106} INFO - 25  COLOMBIANA DE COMERCIO S.A.  RF1862974  ...
[2025-02-07T09:53:25.354-0500] {subprocess.py:106} INFO - 26  COLOMBIANA DE COMERCIO S.A.  RF1862985  ...
[2025-02-07T09:53:25.355-0500] {subprocess.py:106} INFO - 27  COLOMBIANA DE COMERCIO S.A.  RF1862984  ...
[2025-02-07T09:53:25.356-0500] {subprocess.py:106} INFO - 28  COLOMBIANA DE COMERCIO S.A.  RF1862983  ...
[2025-02-07T09:53:25.356-0500] {subprocess.py:106} INFO - 29  COLOMBIANA DE COMERCIO S.A.  RF1862981  ...
[2025-02-07T09:53:25.357-0500] {subprocess.py:106} INFO - 30  COLOMBIANA DE COMERCIO S.A.  IM3049221  ...
[2025-02-07T09:53:25.357-0500] {subprocess.py:106} INFO - 31  COLOMBIANA DE COMERCIO S.A.  RF1862980  ...
[2025-02-07T09:53:25.358-0500] {subprocess.py:106} INFO - 32  COLOMBIANA DE COMERCIO S.A.  RF1862979  ...
[2025-02-07T09:53:25.358-0500] {subprocess.py:106} INFO - 33  COLOMBIANA DE COMERCIO S.A.  RF1862978  ...
[2025-02-07T09:53:25.358-0500] {subprocess.py:106} INFO - 34  COLOMBIANA DE COMERCIO S.A.  RF1862977  ...
[2025-02-07T09:53:25.359-0500] {subprocess.py:106} INFO - 35  COLOMBIANA DE COMERCIO S.A.  RF1862976  ...
[2025-02-07T09:53:25.359-0500] {subprocess.py:106} INFO - 36  COLOMBIANA DE COMERCIO S.A.  RF1862975  ...
[2025-02-07T09:53:25.360-0500] {subprocess.py:106} INFO - 37  COLOMBIANA DE COMERCIO S.A.  RF1861731  ...
[2025-02-07T09:53:25.360-0500] {subprocess.py:106} INFO - 38  COLOMBIANA DE COMERCIO S.A.  RF1861530  ...
[2025-02-07T09:53:25.361-0500] {subprocess.py:106} INFO - 39  COLOMBIANA DE COMERCIO S.A.  IM3048846  ...
[2025-02-07T09:53:25.362-0500] {subprocess.py:106} INFO - 40  COLOMBIANA DE COMERCIO S.A.  RF1862986  ...
[2025-02-07T09:53:25.362-0500] {subprocess.py:106} INFO - 41  COLOMBIANA DE COMERCIO S.A.  RF1862989  ...
[2025-02-07T09:53:25.363-0500] {subprocess.py:106} INFO - 42  COLOMBIANA DE COMERCIO S.A.  RF1862991  ...
[2025-02-07T09:53:25.363-0500] {subprocess.py:106} INFO - 43  COLOMBIANA DE COMERCIO S.A.  RF1863662  ...
[2025-02-07T09:53:25.364-0500] {subprocess.py:106} INFO - 44  COLOMBIANA DE COMERCIO S.A.  IM3050250  ...
[2025-02-07T09:53:25.364-0500] {subprocess.py:106} INFO - 45  COLOMBIANA DE COMERCIO S.A.  IM3046858  ...
[2025-02-07T09:53:25.365-0500] {subprocess.py:106} INFO - 46  COLOMBIANA DE COMERCIO S.A.  IM3046788  ...
[2025-02-07T09:53:25.365-0500] {subprocess.py:106} INFO - 
[2025-02-07T09:53:25.366-0500] {subprocess.py:106} INFO - [47 rows x 59 columns]
[2025-02-07T09:53:25.366-0500] {subprocess.py:106} INFO - 6 33 0
[2025-02-07T09:53:25.367-0500] {subprocess.py:106} INFO - Incidentes Cargados:  6
[2025-02-07T09:53:25.367-0500] {subprocess.py:106} INFO - Requerimientos Cargados:  33
[2025-02-07T09:53:25.368-0500] {subprocess.py:106} INFO - Ejecucion Exitosa
[2025-02-07T09:53:25.576-0500] {subprocess.py:110} INFO - Command exited with return code 0
[2025-02-07T09:53:25.651-0500] {taskinstance.py:340} INFO - ::group::Post task execution logs
[2025-02-07T09:53:25.652-0500] {taskinstance.py:352} INFO - Marking task as SUCCESS. dag_id=etl_reporte_como_vamos, task_id=etl_cdc, run_id=manual__2025-02-07T14:50:55.036502+00:00, execution_date=20250207T145055, start_date=20250207T145316, end_date=20250207T145325
[2025-02-07T09:53:25.694-0500] {local_task_job_runner.py:266} INFO - Task exited with return code 0
[2025-02-07T09:53:25.759-0500] {taskinstance.py:3895} INFO - 0 downstream tasks scheduled from follow-on schedule check
[2025-02-07T09:53:25.765-0500] {local_task_job_runner.py:245} INFO - ::endgroup::
