[2025-01-30T02:46:17.150+0000] {local_task_job_runner.py:123} INFO - ::group::Pre task execution logs
[2025-01-30T02:46:17.288+0000] {taskinstance.py:2613} INFO - Dependencies all met for dep_context=non-requeueable deps ti=<TaskInstance: etl_reporte_como_vamos.task_bot_como_vamos manual__2025-01-30T02:46:13.204674+00:00 [queued]>
[2025-01-30T02:46:17.346+0000] {taskinstance.py:2613} INFO - Dependencies all met for dep_context=requeueable deps ti=<TaskInstance: etl_reporte_como_vamos.task_bot_como_vamos manual__2025-01-30T02:46:13.204674+00:00 [queued]>
[2025-01-30T02:46:17.349+0000] {taskinstance.py:2866} INFO - Starting attempt 1 of 2
[2025-01-30T02:46:17.427+0000] {taskinstance.py:2889} INFO - Executing <Task(BashOperator): task_bot_como_vamos> on 2025-01-30 02:46:13.204674+00:00
[2025-01-30T02:46:17.448+0000] {warnings.py:112} WARNING - /home/***/.local/lib/python3.12/site-packages/***/task/task_runner/standard_task_runner.py:70: DeprecationWarning: This process (pid=1751) is multi-threaded, use of fork() may lead to deadlocks in the child.
  pid = os.fork()

[2025-01-30T02:46:17.458+0000] {standard_task_runner.py:72} INFO - Started process 1758 to run task
[2025-01-30T02:46:17.454+0000] {standard_task_runner.py:104} INFO - Running: ['***', 'tasks', 'run', 'etl_reporte_como_vamos', 'task_bot_como_vamos', 'manual__2025-01-30T02:46:13.204674+00:00', '--job-id', '13', '--raw', '--subdir', 'DAGS_FOLDER/etl_como_vamos_dag.py', '--cfg-path', '/tmp/tmpo5xd08s4']
[2025-01-30T02:46:17.469+0000] {standard_task_runner.py:105} INFO - Job 13: Subtask task_bot_como_vamos
[2025-01-30T02:46:17.646+0000] {task_command.py:467} INFO - Running <TaskInstance: etl_reporte_como_vamos.task_bot_como_vamos manual__2025-01-30T02:46:13.204674+00:00 [running]> on host 438c87da0b60
[2025-01-30T02:46:17.864+0000] {taskinstance.py:3132} INFO - Exporting env vars: AIRFLOW_CTX_DAG_OWNER='***' AIRFLOW_CTX_DAG_ID='etl_reporte_como_vamos' AIRFLOW_CTX_TASK_ID='task_bot_como_vamos' AIRFLOW_CTX_EXECUTION_DATE='2025-01-30T02:46:13.204674+00:00' AIRFLOW_CTX_TRY_NUMBER='1' AIRFLOW_CTX_DAG_RUN_ID='manual__2025-01-30T02:46:13.204674+00:00'
[2025-01-30T02:46:17.867+0000] {taskinstance.py:731} INFO - ::endgroup::
[2025-01-30T02:46:17.911+0000] {subprocess.py:78} INFO - Tmp dir root location: /tmp
[2025-01-30T02:46:17.915+0000] {subprocess.py:88} INFO - Running command: ['/usr/bin/bash', '-c', 'python /opt/***/scripts/bot_reporte_como_vamos.py']
[2025-01-30T02:46:17.937+0000] {subprocess.py:99} INFO - Output:
[2025-01-30T02:46:23.694+0000] {subprocess.py:106} INFO - ic| start_date: '01/01/2025', end_date: '30/01/2025'
[2025-01-30T02:46:23.696+0000] {subprocess.py:106} INFO - 2025-01-30 02:46:23,694 - bot_como_vamos - INFO - Starting script bot_como_vamos.py
[2025-01-30T02:46:24.675+0000] {subprocess.py:106} INFO - 2025-01-30 02:46:24,674 - bot_como_vamos - INFO - Conexión al Selenium Hub establecida correctamente
[2025-01-30T02:46:55.866+0000] {subprocess.py:106} INFO - ic| login_success: <selenium.webdriver.remote.webelement.WebElement (session="98dbc390ea02a0916ced40d64137f055", element="f.BD6DCC7B23E49BA08134BC56ADE712D3.d.E6F42EF96C58DCA029E2D5B9FADBB34F.e.75")>
[2025-01-30T02:46:55.867+0000] {subprocess.py:106} INFO - 2025-01-30 02:46:55,866 - bot_como_vamos - INFO - Loging success
[2025-01-30T02:47:06.054+0000] {subprocess.py:106} INFO - 2025-01-30 02:47:06,054 - bot_como_vamos - INFO - Click in menu button successfully
[2025-01-30T02:47:16.298+0000] {subprocess.py:106} INFO - 2025-01-30 02:47:16,297 - bot_como_vamos - INFO - Input dates successfully
[2025-01-30T02:47:27.035+0000] {subprocess.py:106} INFO - 2025-01-30 02:47:27,034 - bot_como_vamos - INFO - Click in 'Empresas Y Negocios' successfully
[2025-01-30T02:50:37.127+0000] {subprocess.py:106} INFO - 2025-01-30 02:50:37,125 - bot_como_vamos - ERROR - Execution error bot_reporte_como_vamos.py:
[2025-01-30T02:50:37.155+0000] {subprocess.py:106} INFO -  Error type: WebDriverException
[2025-01-30T02:50:37.158+0000] {subprocess.py:106} INFO - Error message: Message: Unable to execute request for an existing session: java.util.concurrent.TimeoutException
[2025-01-30T02:50:37.169+0000] {subprocess.py:106} INFO - Build info: version: '4.28.1', revision: '73f5ad48a2'
[2025-01-30T02:50:37.171+0000] {subprocess.py:106} INFO - System info: os.name: 'Linux', os.arch: 'amd64', os.version: '5.15.153.1-microsoft-standard-WSL2', java.version: '17.0.13'
[2025-01-30T02:50:37.174+0000] {subprocess.py:106} INFO - Driver info: driver.version: unknown
[2025-01-30T02:50:37.177+0000] {subprocess.py:106} INFO - Stacktrace:
[2025-01-30T02:50:37.184+0000] {subprocess.py:106} INFO - java.lang.RuntimeException: Unable to execute request for an existing session: java.util.concurrent.TimeoutException
[2025-01-30T02:50:37.186+0000] {subprocess.py:106} INFO - Build info: version: '4.28.1', revision: '73f5ad48a2'
[2025-01-30T02:50:37.189+0000] {subprocess.py:106} INFO - System info: os.name: 'Linux', os.arch: 'amd64', os.version: '5.15.153.1-microsoft-standard-WSL2', java.version: '17.0.13'
[2025-01-30T02:50:37.195+0000] {subprocess.py:106} INFO - Driver info: driver.version: unknown
[2025-01-30T02:50:37.197+0000] {subprocess.py:106} INFO - 	at org.openqa.selenium.grid.router.HandleSession.execute(HandleSession.java:210)
[2025-01-30T02:50:37.200+0000] {subprocess.py:106} INFO - 	at org.openqa.selenium.remote.http.Route$PredicatedRoute.handle(Route.java:397)
[2025-01-30T02:50:37.202+0000] {subprocess.py:106} INFO - 	at org.openqa.selenium.remote.http.Route.execute(Route.java:69)
[2025-01-30T02:50:37.204+0000] {subprocess.py:106} INFO - 	at org.openqa.selenium.remote.http.Route$CombinedRoute.handle(Route.java:360)
[2025-01-30T02:50:37.210+0000] {subprocess.py:106} INFO - 	at org.openqa.selenium.remote.http.Route.execute(Route.java:69)
[2025-01-30T02:50:37.212+0000] {subprocess.py:106} INFO - 	at org.openqa.selenium.grid.router.Router.execute(Router.java:89)
[2025-01-30T02:50:37.215+0000] {subprocess.py:106} INFO - 	at org.openqa.selenium.grid.web.EnsureSpecCompliantResponseHeaders.lambda$apply$0(EnsureSpecCompliantResponseHeaders.java:34)
[2025-01-30T02:50:37.217+0000] {subprocess.py:106} INFO - 	at org.openqa.selenium.remote.http.Filter$1.execute(Filter.java:63)
[2025-01-30T02:50:37.219+0000] {subprocess.py:106} INFO - 	at org.openqa.selenium.remote.http.Route$CombinedRoute.handle(Route.java:360)
[2025-01-30T02:50:37.222+0000] {subprocess.py:106} INFO - 	at org.openqa.selenium.remote.http.Route.execute(Route.java:69)
[2025-01-30T02:50:37.225+0000] {subprocess.py:106} INFO - 	at org.openqa.selenium.remote.AddWebDriverSpecHeaders.lambda$apply$0(AddWebDriverSpecHeaders.java:35)
[2025-01-30T02:50:37.227+0000] {subprocess.py:106} INFO - 	at org.openqa.selenium.remote.ErrorFilter.lambda$apply$0(ErrorFilter.java:44)
[2025-01-30T02:50:37.229+0000] {subprocess.py:106} INFO - 	at org.openqa.selenium.remote.http.Filter$1.execute(Filter.java:63)
[2025-01-30T02:50:37.231+0000] {subprocess.py:106} INFO - 	at org.openqa.selenium.remote.ErrorFilter.lambda$apply$0(ErrorFilter.java:44)
[2025-01-30T02:50:37.236+0000] {subprocess.py:106} INFO - 	at org.openqa.selenium.remote.http.Filter$1.execute(Filter.java:63)
[2025-01-30T02:50:37.242+0000] {subprocess.py:106} INFO - 	at org.openqa.selenium.netty.server.SeleniumHandler.lambda$channelRead0$0(SeleniumHandler.java:49)
[2025-01-30T02:50:37.244+0000] {subprocess.py:106} INFO - 	at java.base/java.util.concurrent.Executors$RunnableAdapter.call(Executors.java:539)
[2025-01-30T02:50:37.247+0000] {subprocess.py:106} INFO - 	at java.base/java.util.concurrent.FutureTask.run(FutureTask.java:264)
[2025-01-30T02:50:37.251+0000] {subprocess.py:106} INFO - 	at java.base/java.util.concurrent.ThreadPoolExecutor.runWorker(ThreadPoolExecutor.java:1136)
[2025-01-30T02:50:37.260+0000] {subprocess.py:106} INFO - 	at java.base/java.util.concurrent.ThreadPoolExecutor$Worker.run(ThreadPoolExecutor.java:635)
[2025-01-30T02:50:37.263+0000] {subprocess.py:106} INFO - 	at java.base/java.lang.Thread.run(Thread.java:840)
[2025-01-30T02:50:37.270+0000] {subprocess.py:106} INFO - Caused by: java.util.concurrent.TimeoutException
[2025-01-30T02:50:37.279+0000] {subprocess.py:106} INFO - 	at java.base/java.util.concurrent.CompletableFuture$Timeout.run(CompletableFuture.java:2874)
[2025-01-30T02:50:37.287+0000] {subprocess.py:106} INFO - 	at java.base/java.util.concurrent.Executors$RunnableAdapter.call(Executors.java:539)
[2025-01-30T02:50:37.290+0000] {subprocess.py:106} INFO - 	at java.base/java.util.concurrent.FutureTask.run(FutureTask.java:264)
[2025-01-30T02:50:37.292+0000] {subprocess.py:106} INFO - 	at java.base/java.util.concurrent.ScheduledThreadPoolExecutor$ScheduledFutureTask.run(ScheduledThreadPoolExecutor.java:304)
[2025-01-30T02:50:37.294+0000] {subprocess.py:106} INFO - 	... 3 more
[2025-01-30T02:50:37.296+0000] {subprocess.py:106} INFO - 
[2025-01-30T02:50:37.298+0000] {subprocess.py:106} INFO - Full Traceback: Traceback (most recent call last):
[2025-01-30T02:50:37.302+0000] {subprocess.py:106} INFO -   File "/opt/***/scripts/bot_reporte_como_vamos.py", line 137, in main
[2025-01-30T02:50:37.306+0000] {subprocess.py:106} INFO -     reporte_como_vamos.click()
[2025-01-30T02:50:37.307+0000] {subprocess.py:106} INFO -   File "/home/***/.local/lib/python3.12/site-packages/selenium/webdriver/remote/webelement.py", line 119, in click
[2025-01-30T02:50:37.310+0000] {subprocess.py:106} INFO -     self._execute(Command.CLICK_ELEMENT)
[2025-01-30T02:50:37.311+0000] {subprocess.py:106} INFO -   File "/home/***/.local/lib/python3.12/site-packages/selenium/webdriver/remote/webelement.py", line 570, in _execute
[2025-01-30T02:50:37.313+0000] {subprocess.py:106} INFO -     return self._parent.execute(command, params)
[2025-01-30T02:50:37.315+0000] {subprocess.py:106} INFO -            ^^^^^^^^^^^^^^^^^^^^^^^^^^^^^^^^^^^^^
[2025-01-30T02:50:37.316+0000] {subprocess.py:106} INFO -   File "/home/***/.local/lib/python3.12/site-packages/selenium/webdriver/remote/webdriver.py", line 429, in execute
[2025-01-30T02:50:37.318+0000] {subprocess.py:106} INFO -     self.error_handler.check_response(response)
[2025-01-30T02:50:37.319+0000] {subprocess.py:106} INFO -   File "/home/***/.local/lib/python3.12/site-packages/selenium/webdriver/remote/errorhandler.py", line 232, in check_response
[2025-01-30T02:50:37.321+0000] {subprocess.py:106} INFO -     raise exception_class(message, screen, stacktrace)
[2025-01-30T02:50:37.322+0000] {subprocess.py:106} INFO - selenium.common.exceptions.WebDriverException: Message: Unable to execute request for an existing session: java.util.concurrent.TimeoutException
[2025-01-30T02:50:37.324+0000] {subprocess.py:106} INFO - Build info: version: '4.28.1', revision: '73f5ad48a2'
[2025-01-30T02:50:37.325+0000] {subprocess.py:106} INFO - System info: os.name: 'Linux', os.arch: 'amd64', os.version: '5.15.153.1-microsoft-standard-WSL2', java.version: '17.0.13'
[2025-01-30T02:50:37.327+0000] {subprocess.py:106} INFO - Driver info: driver.version: unknown
[2025-01-30T02:50:37.329+0000] {subprocess.py:106} INFO - Stacktrace:
[2025-01-30T02:50:37.331+0000] {subprocess.py:106} INFO - java.lang.RuntimeException: Unable to execute request for an existing session: java.util.concurrent.TimeoutException
[2025-01-30T02:50:37.333+0000] {subprocess.py:106} INFO - Build info: version: '4.28.1', revision: '73f5ad48a2'
[2025-01-30T02:50:37.336+0000] {subprocess.py:106} INFO - System info: os.name: 'Linux', os.arch: 'amd64', os.version: '5.15.153.1-microsoft-standard-WSL2', java.version: '17.0.13'
[2025-01-30T02:50:37.337+0000] {subprocess.py:106} INFO - Driver info: driver.version: unknown
[2025-01-30T02:50:37.339+0000] {subprocess.py:106} INFO - 	at org.openqa.selenium.grid.router.HandleSession.execute(HandleSession.java:210)
[2025-01-30T02:50:37.341+0000] {subprocess.py:106} INFO - 	at org.openqa.selenium.remote.http.Route$PredicatedRoute.handle(Route.java:397)
[2025-01-30T02:50:37.342+0000] {subprocess.py:106} INFO - 	at org.openqa.selenium.remote.http.Route.execute(Route.java:69)
[2025-01-30T02:50:37.344+0000] {subprocess.py:106} INFO - 	at org.openqa.selenium.remote.http.Route$CombinedRoute.handle(Route.java:360)
[2025-01-30T02:50:37.346+0000] {subprocess.py:106} INFO - 	at org.openqa.selenium.remote.http.Route.execute(Route.java:69)
[2025-01-30T02:50:37.348+0000] {subprocess.py:106} INFO - 	at org.openqa.selenium.grid.router.Router.execute(Router.java:89)
[2025-01-30T02:50:37.350+0000] {subprocess.py:106} INFO - 	at org.openqa.selenium.grid.web.EnsureSpecCompliantResponseHeaders.lambda$apply$0(EnsureSpecCompliantResponseHeaders.java:34)
[2025-01-30T02:50:37.351+0000] {subprocess.py:106} INFO - 	at org.openqa.selenium.remote.http.Filter$1.execute(Filter.java:63)
[2025-01-30T02:50:37.353+0000] {subprocess.py:106} INFO - 	at org.openqa.selenium.remote.http.Route$CombinedRoute.handle(Route.java:360)
[2025-01-30T02:50:37.355+0000] {subprocess.py:106} INFO - 	at org.openqa.selenium.remote.http.Route.execute(Route.java:69)
[2025-01-30T02:50:37.356+0000] {subprocess.py:106} INFO - 	at org.openqa.selenium.remote.AddWebDriverSpecHeaders.lambda$apply$0(AddWebDriverSpecHeaders.java:35)
[2025-01-30T02:50:37.357+0000] {subprocess.py:106} INFO - 	at org.openqa.selenium.remote.ErrorFilter.lambda$apply$0(ErrorFilter.java:44)
[2025-01-30T02:50:37.359+0000] {subprocess.py:106} INFO - 	at org.openqa.selenium.remote.http.Filter$1.execute(Filter.java:63)
[2025-01-30T02:50:37.361+0000] {subprocess.py:106} INFO - 	at org.openqa.selenium.remote.ErrorFilter.lambda$apply$0(ErrorFilter.java:44)
[2025-01-30T02:50:37.363+0000] {subprocess.py:106} INFO - 	at org.openqa.selenium.remote.http.Filter$1.execute(Filter.java:63)
[2025-01-30T02:50:37.364+0000] {subprocess.py:106} INFO - 	at org.openqa.selenium.netty.server.SeleniumHandler.lambda$channelRead0$0(SeleniumHandler.java:49)
[2025-01-30T02:50:37.366+0000] {subprocess.py:106} INFO - 	at java.base/java.util.concurrent.Executors$RunnableAdapter.call(Executors.java:539)
[2025-01-30T02:50:37.369+0000] {subprocess.py:106} INFO - 	at java.base/java.util.concurrent.FutureTask.run(FutureTask.java:264)
[2025-01-30T02:50:37.371+0000] {subprocess.py:106} INFO - 	at java.base/java.util.concurrent.ThreadPoolExecutor.runWorker(ThreadPoolExecutor.java:1136)
[2025-01-30T02:50:37.373+0000] {subprocess.py:106} INFO - 	at java.base/java.util.concurrent.ThreadPoolExecutor$Worker.run(ThreadPoolExecutor.java:635)
[2025-01-30T02:50:37.374+0000] {subprocess.py:106} INFO - 	at java.base/java.lang.Thread.run(Thread.java:840)
[2025-01-30T02:50:37.375+0000] {subprocess.py:106} INFO - Caused by: java.util.concurrent.TimeoutException
[2025-01-30T02:50:37.377+0000] {subprocess.py:106} INFO - 	at java.base/java.util.concurrent.CompletableFuture$Timeout.run(CompletableFuture.java:2874)
[2025-01-30T02:50:37.378+0000] {subprocess.py:106} INFO - 	at java.base/java.util.concurrent.Executors$RunnableAdapter.call(Executors.java:539)
[2025-01-30T02:50:37.380+0000] {subprocess.py:106} INFO - 	at java.base/java.util.concurrent.FutureTask.run(FutureTask.java:264)
[2025-01-30T02:50:37.382+0000] {subprocess.py:106} INFO - 	at java.base/java.util.concurrent.ScheduledThreadPoolExecutor$ScheduledFutureTask.run(ScheduledThreadPoolExecutor.java:304)
[2025-01-30T02:50:37.385+0000] {subprocess.py:106} INFO - 	... 3 more
[2025-01-30T02:50:37.387+0000] {subprocess.py:106} INFO - 
[2025-01-30T02:50:37.389+0000] {subprocess.py:106} INFO - 
[2025-01-30T02:50:37.391+0000] {subprocess.py:106} INFO - 2025-01-30 02:50:37,126 - bot_como_vamos - INFO - Waiting for download file...............
[2025-01-30T02:50:37.392+0000] {subprocess.py:106} INFO - ic| file: '***tmpvr9fl4ee'
[2025-01-30T02:50:37.394+0000] {subprocess.py:106} INFO - ic| file: 'pymp-mlstl44u'
[2025-01-30T02:50:37.395+0000] {subprocess.py:106} INFO - ic| file: 'hsperfdata_root'
[2025-01-30T02:50:42.339+0000] {subprocess.py:106} INFO - ic| file: '***tmpvr9fl4ee'
[2025-01-30T02:50:42.343+0000] {subprocess.py:106} INFO - ic| file: 'pymp-mlstl44u'
[2025-01-30T02:50:42.347+0000] {subprocess.py:106} INFO - ic| file: 'hsperfdata_root'
[2025-01-30T02:50:47.352+0000] {subprocess.py:106} INFO - ic| file: '***tmpvr9fl4ee'
[2025-01-30T02:50:47.355+0000] {subprocess.py:106} INFO - ic| file: 'pymp-mlstl44u'
[2025-01-30T02:50:47.359+0000] {subprocess.py:106} INFO - ic| file: 'hsperfdata_root'
[2025-01-30T02:50:52.363+0000] {subprocess.py:106} INFO - ic| file: '***tmpvr9fl4ee'
[2025-01-30T02:50:52.365+0000] {subprocess.py:106} INFO - ic| file: 'pymp-mlstl44u'
[2025-01-30T02:50:52.367+0000] {subprocess.py:106} INFO - ic| file: 'hsperfdata_root'
[2025-01-30T02:50:57.373+0000] {subprocess.py:106} INFO - ic| file: '***tmpvr9fl4ee'
[2025-01-30T02:50:57.377+0000] {subprocess.py:106} INFO - ic| file: 'pymp-mlstl44u'
[2025-01-30T02:50:57.379+0000] {subprocess.py:106} INFO - ic| file: 'hsperfdata_root'
[2025-01-30T02:51:02.381+0000] {subprocess.py:106} INFO - ic| file: '***tmpvr9fl4ee'
[2025-01-30T02:51:02.383+0000] {subprocess.py:106} INFO - ic| file: 'pymp-mlstl44u'
[2025-01-30T02:51:02.386+0000] {subprocess.py:106} INFO - ic| file: 'hsperfdata_root'
[2025-01-30T02:51:07.392+0000] {subprocess.py:106} INFO - ic| file: '***tmpvr9fl4ee'
[2025-01-30T02:51:07.397+0000] {subprocess.py:106} INFO - ic| file: 'pymp-mlstl44u'
[2025-01-30T02:51:07.402+0000] {subprocess.py:106} INFO - ic| file: 'hsperfdata_root'
[2025-01-30T02:51:12.409+0000] {subprocess.py:106} INFO - ic| file: '***tmpvr9fl4ee'
[2025-01-30T02:51:12.414+0000] {subprocess.py:106} INFO - ic| file: 'pymp-mlstl44u'
[2025-01-30T02:51:12.421+0000] {subprocess.py:106} INFO - ic| file: 'hsperfdata_root'
[2025-01-30T02:51:17.426+0000] {subprocess.py:106} INFO - ic| file: '***tmpvr9fl4ee'
[2025-01-30T02:51:17.431+0000] {subprocess.py:106} INFO - ic| file: 'pymp-mlstl44u'
[2025-01-30T02:51:17.435+0000] {subprocess.py:106} INFO - ic| file: 'hsperfdata_root'
[2025-01-30T02:51:22.440+0000] {subprocess.py:106} INFO - ic| file: '***tmpvr9fl4ee'
[2025-01-30T02:51:22.445+0000] {subprocess.py:106} INFO - ic| file: 'pymp-mlstl44u'
[2025-01-30T02:51:22.448+0000] {subprocess.py:106} INFO - ic| file: 'hsperfdata_root'
[2025-01-30T02:51:27.454+0000] {subprocess.py:106} INFO - ic| file: '***tmpvr9fl4ee'
[2025-01-30T02:51:27.459+0000] {subprocess.py:106} INFO - ic| file: 'pymp-mlstl44u'
[2025-01-30T02:51:27.463+0000] {subprocess.py:106} INFO - ic| file: 'hsperfdata_root'
[2025-01-30T02:51:32.465+0000] {subprocess.py:106} INFO - ic| file: '***tmpvr9fl4ee'
[2025-01-30T02:51:32.468+0000] {subprocess.py:106} INFO - ic| file: 'pymp-mlstl44u'
[2025-01-30T02:51:32.471+0000] {subprocess.py:106} INFO - ic| file: 'hsperfdata_root'
[2025-01-30T02:51:37.482+0000] {subprocess.py:106} INFO - ic| file: '***tmpvr9fl4ee'
[2025-01-30T02:51:37.500+0000] {subprocess.py:106} INFO - ic| file: 'pymp-mlstl44u'
[2025-01-30T02:51:37.504+0000] {subprocess.py:106} INFO - ic| file: 'hsperfdata_root'
[2025-01-30T02:51:40.254+0000] {local_task_job_runner.py:346} WARNING - State of this instance has been externally set to restarting. Terminating instance.
[2025-01-30T02:51:40.257+0000] {local_task_job_runner.py:245} INFO - ::endgroup::
[2025-01-30T02:51:40.261+0000] {process_utils.py:132} INFO - Sending 15 to group 1758. PIDs of all processes in the group: [1760, 1758]
[2025-01-30T02:51:40.262+0000] {process_utils.py:87} INFO - Sending the signal 15 to group 1758
[2025-01-30T02:51:40.264+0000] {taskinstance.py:3093} ERROR - Received SIGTERM. Terminating subprocesses.
[2025-01-30T02:51:40.265+0000] {subprocess.py:117} INFO - Sending SIGTERM signal to process group
[2025-01-30T02:51:40.288+0000] {taskinstance.py:3311} ERROR - Task failed with exception
Traceback (most recent call last):
  File "/home/airflow/.local/lib/python3.12/site-packages/airflow/models/taskinstance.py", line 767, in _execute_task
    result = _execute_callable(context=context, **execute_callable_kwargs)
             ^^^^^^^^^^^^^^^^^^^^^^^^^^^^^^^^^^^^^^^^^^^^^^^^^^^^^^^^^^^^^
  File "/home/airflow/.local/lib/python3.12/site-packages/airflow/models/taskinstance.py", line 733, in _execute_callable
    return ExecutionCallableRunner(
           ^^^^^^^^^^^^^^^^^^^^^^^^
  File "/home/airflow/.local/lib/python3.12/site-packages/airflow/utils/operator_helpers.py", line 252, in run
    return self.func(*args, **kwargs)
           ^^^^^^^^^^^^^^^^^^^^^^^^^^
  File "/home/airflow/.local/lib/python3.12/site-packages/airflow/models/baseoperator.py", line 422, in wrapper
    return func(self, *args, **kwargs)
           ^^^^^^^^^^^^^^^^^^^^^^^^^^^
  File "/home/airflow/.local/lib/python3.12/site-packages/airflow/operators/bash.py", line 257, in execute
    result = self._run_inline_command(bash_path=bash_path, env=env)
             ^^^^^^^^^^^^^^^^^^^^^^^^^^^^^^^^^^^^^^^^^^^^^^^^^^^^^^
  File "/home/airflow/.local/lib/python3.12/site-packages/airflow/operators/bash.py", line 284, in _run_inline_command
    return self.subprocess_hook.run_command(
           ^^^^^^^^^^^^^^^^^^^^^^^^^^^^^^^^^
  File "/home/airflow/.local/lib/python3.12/site-packages/airflow/hooks/subprocess.py", line 104, in run_command
    for raw_line in iter(self.sub_process.stdout.readline, b""):
                    ^^^^^^^^^^^^^^^^^^^^^^^^^^^^^^^^^^^^^^^^^^^
  File "/home/airflow/.local/lib/python3.12/site-packages/airflow/models/taskinstance.py", line 3095, in signal_handler
    raise AirflowTaskTerminated("Task received SIGTERM signal")
airflow.exceptions.AirflowTaskTerminated: Task received SIGTERM signal
[2025-01-30T02:51:40.299+0000] {taskinstance.py:1225} INFO - Marking task as UP_FOR_RETRY. dag_id=etl_reporte_como_vamos, task_id=task_bot_como_vamos, run_id=manual__2025-01-30T02:46:13.204674+00:00, execution_date=20250130T024613, start_date=20250130T024617, end_date=20250130T025140
[2025-01-30T02:51:40.328+0000] {taskinstance.py:340} INFO - ::group::Post task execution logs
[2025-01-30T02:51:40.357+0000] {process_utils.py:80} INFO - Process psutil.Process(pid=1760, status='terminated', started='02:46:17') (1760) terminated with exit code None
[2025-01-30T02:51:40.358+0000] {process_utils.py:80} INFO - Process psutil.Process(pid=1758, status='terminated', exitcode=2, started='02:46:16') (1758) terminated with exit code 2
