[2025-02-02T22:20:52.736-0500] {local_task_job_runner.py:123} INFO - ::group::Pre task execution logs
[2025-02-02T22:20:52.763-0500] {taskinstance.py:2613} INFO - Dependencies all met for dep_context=non-requeueable deps ti=<TaskInstance: etl_reporte_como_vamos.etl_ex_bbva scheduled__2025-02-02T06:22:00+00:00 [queued]>
[2025-02-02T22:20:52.775-0500] {taskinstance.py:2613} INFO - Dependencies all met for dep_context=requeueable deps ti=<TaskInstance: etl_reporte_como_vamos.etl_ex_bbva scheduled__2025-02-02T06:22:00+00:00 [queued]>
[2025-02-02T22:20:52.776-0500] {taskinstance.py:2866} INFO - Starting attempt 1 of 4
[2025-02-02T22:20:52.795-0500] {taskinstance.py:2889} INFO - Executing <Task(BashOperator): etl_ex_bbva> on 2025-02-02 06:22:00+00:00
[2025-02-02T22:20:52.803-0500] {warnings.py:112} WARNING - /home/***/.local/lib/python3.12/site-packages/***/task/task_runner/standard_task_runner.py:70: DeprecationWarning: This process (pid=1212) is multi-threaded, use of fork() may lead to deadlocks in the child.
  pid = os.fork()

[2025-02-02T22:20:52.805-0500] {standard_task_runner.py:72} INFO - Started process 1215 to run task
[2025-02-02T22:20:52.805-0500] {standard_task_runner.py:104} INFO - Running: ['***', 'tasks', 'run', 'etl_reporte_como_vamos', 'etl_ex_bbva', 'scheduled__2025-02-02T06:22:00+00:00', '--job-id', '18', '--raw', '--subdir', 'DAGS_FOLDER/etl_como_vamos_dag.py', '--cfg-path', '/tmp/tmpx9k6bne8']
[2025-02-02T22:20:52.806-0500] {standard_task_runner.py:105} INFO - Job 18: Subtask etl_ex_bbva
[2025-02-02T22:20:52.874-0500] {task_command.py:467} INFO - Running <TaskInstance: etl_reporte_como_vamos.etl_ex_bbva scheduled__2025-02-02T06:22:00+00:00 [running]> on host 21f1c1b48730
[2025-02-02T22:20:53.023-0500] {taskinstance.py:3132} INFO - Exporting env vars: AIRFLOW_CTX_DAG_OWNER='***' AIRFLOW_CTX_DAG_ID='etl_reporte_como_vamos' AIRFLOW_CTX_TASK_ID='etl_ex_bbva' AIRFLOW_CTX_EXECUTION_DATE='2025-02-02T06:22:00+00:00' AIRFLOW_CTX_TRY_NUMBER='1' AIRFLOW_CTX_DAG_RUN_ID='scheduled__2025-02-02T06:22:00+00:00'
[2025-02-02T22:20:53.025-0500] {taskinstance.py:731} INFO - ::endgroup::
[2025-02-02T22:20:53.050-0500] {subprocess.py:78} INFO - Tmp dir root location: /tmp
[2025-02-02T22:20:53.053-0500] {subprocess.py:88} INFO - Running command: ['/usr/bin/bash', '-c', 'python /opt/***/scripts/etl_ex_bbva.py']
[2025-02-02T22:20:53.070-0500] {subprocess.py:99} INFO - Output:
[2025-02-02T22:20:55.919-0500] {subprocess.py:106} INFO - ic| params: {'database': 'calidad_etl',
[2025-02-02T22:20:55.920-0500] {subprocess.py:106} INFO -              'host': '172.29.33.204',
[2025-02-02T22:20:55.920-0500] {subprocess.py:106} INFO -              'password': 'calidad2021*',
[2025-02-02T22:20:55.921-0500] {subprocess.py:106} INFO -              'port': '3306',
[2025-02-02T22:20:55.922-0500] {subprocess.py:106} INFO -              'user': 'calidad_etl'}
[2025-02-02T22:20:55.954-0500] {subprocess.py:106} INFO - ic| params: {'database': 'calidad_etl',
[2025-02-02T22:20:55.955-0500] {subprocess.py:106} INFO -              'host': '172.29.33.204',
[2025-02-02T22:20:55.956-0500] {subprocess.py:106} INFO -              'password': 'calidad2021*',
[2025-02-02T22:20:55.957-0500] {subprocess.py:106} INFO -              'port': '3306',
[2025-02-02T22:20:55.957-0500] {subprocess.py:106} INFO -              'user': 'calidad_etl'}
[2025-02-02T22:20:56.640-0500] {subprocess.py:106} INFO - 2025-02-02 22:20:56,640 - assets - INFO - Engine para base de datos: calidad_etl creado exitosamente
[2025-02-02T22:20:56.645-0500] {subprocess.py:106} INFO - ic| hoy: datetime.date(2025, 2, 2)
[2025-02-02T22:20:56.646-0500] {subprocess.py:106} INFO -     fecha_inicio: datetime.date(2025, 2, 1)
[2025-02-02T22:20:56.650-0500] {subprocess.py:106} INFO - ic| fecha_inicio: datetime.date(2025, 2, 1)
[2025-02-02T22:20:56.651-0500] {subprocess.py:106} INFO -     fecha_fin: datetime.date(2025, 2, 2)
[2025-02-02T22:20:56.655-0500] {subprocess.py:106} INFO - ic| query: '
[2025-02-02T22:20:56.655-0500] {subprocess.py:106} INFO -             SELECT * FROM calidad_etl.sm_cerrado
[2025-02-02T22:20:56.656-0500] {subprocess.py:106} INFO -                 WHERE "INSERTAR_DT" >= %s;
[2025-02-02T22:20:56.657-0500] {subprocess.py:106} INFO -             '
[2025-02-02T22:20:57.170-0500] {subprocess.py:106} INFO - 2025-02-02 22:20:57,170 - assets - INFO - SQL query succesfully executed
[2025-02-02T22:20:57.171-0500] {subprocess.py:106} INFO - 2025-02-02 22:20:57,170 - etl_ex_bbva - INFO - Start ETL Exito Tuya BBVA
[2025-02-02T22:20:58.867-0500] {subprocess.py:106} INFO - 2025-02-02 22:20:58,866 - etl_ex_bbva - INFO - Reporte como_vamos.xlsx successfully load
[2025-02-02T22:20:58.995-0500] {subprocess.py:106} INFO - 2025-02-02 22:20:58,995 - etl_ex_bbva - INFO - etl_ex_bbva.py success execution
[2025-02-02T22:20:58.996-0500] {subprocess.py:106} INFO - Conexión exitosa a la base de datos: calidad_etl
[2025-02-02T22:20:59.305-0500] {subprocess.py:110} INFO - Command exited with return code 0
[2025-02-02T22:20:59.333-0500] {taskinstance.py:340} INFO - ::group::Post task execution logs
[2025-02-02T22:20:59.335-0500] {taskinstance.py:352} INFO - Marking task as SUCCESS. dag_id=etl_reporte_como_vamos, task_id=etl_ex_bbva, run_id=scheduled__2025-02-02T06:22:00+00:00, execution_date=20250202T062200, start_date=20250203T032052, end_date=20250203T032059
[2025-02-02T22:20:59.369-0500] {local_task_job_runner.py:266} INFO - Task exited with return code 0
[2025-02-02T22:20:59.396-0500] {taskinstance.py:3895} INFO - 1 downstream tasks scheduled from follow-on schedule check
[2025-02-02T22:20:59.399-0500] {local_task_job_runner.py:245} INFO - ::endgroup::
