[2025-02-01T04:05:14.816+0000] {local_task_job_runner.py:123} INFO - ::group::Pre task execution logs
[2025-02-01T04:05:14.857+0000] {taskinstance.py:2613} INFO - Dependencies all met for dep_context=non-requeueable deps ti=<TaskInstance: etl_reporte_como_vamos.task_bot_como_vamos manual__2025-02-01T04:05:12.461876+00:00 [queued]>
[2025-02-01T04:05:14.878+0000] {taskinstance.py:2613} INFO - Dependencies all met for dep_context=requeueable deps ti=<TaskInstance: etl_reporte_como_vamos.task_bot_como_vamos manual__2025-02-01T04:05:12.461876+00:00 [queued]>
[2025-02-01T04:05:14.879+0000] {taskinstance.py:2866} INFO - Starting attempt 1 of 1
[2025-02-01T04:05:14.914+0000] {taskinstance.py:2889} INFO - Executing <Task(BashOperator): task_bot_como_vamos> on 2025-02-01 04:05:12.461876+00:00
[2025-02-01T04:05:14.926+0000] {warnings.py:112} WARNING - /home/***/.local/lib/python3.12/site-packages/***/task/task_runner/standard_task_runner.py:70: DeprecationWarning: This process (pid=2302) is multi-threaded, use of fork() may lead to deadlocks in the child.
  pid = os.fork()

[2025-02-01T04:05:14.930+0000] {standard_task_runner.py:72} INFO - Started process 2303 to run task
[2025-02-01T04:05:14.930+0000] {standard_task_runner.py:104} INFO - Running: ['***', 'tasks', 'run', 'etl_reporte_como_vamos', 'task_bot_como_vamos', 'manual__2025-02-01T04:05:12.461876+00:00', '--job-id', '70', '--raw', '--subdir', 'DAGS_FOLDER/etl_como_vamos_dag.py', '--cfg-path', '/tmp/tmp39ss3rc6']
[2025-02-01T04:05:14.933+0000] {standard_task_runner.py:105} INFO - Job 70: Subtask task_bot_como_vamos
[2025-02-01T04:05:15.046+0000] {task_command.py:467} INFO - Running <TaskInstance: etl_reporte_como_vamos.task_bot_como_vamos manual__2025-02-01T04:05:12.461876+00:00 [running]> on host 56024cb05cfe
[2025-02-01T04:05:15.240+0000] {taskinstance.py:3132} INFO - Exporting env vars: AIRFLOW_CTX_DAG_OWNER='***' AIRFLOW_CTX_DAG_ID='etl_reporte_como_vamos' AIRFLOW_CTX_TASK_ID='task_bot_como_vamos' AIRFLOW_CTX_EXECUTION_DATE='2025-02-01T04:05:12.461876+00:00' AIRFLOW_CTX_TRY_NUMBER='1' AIRFLOW_CTX_DAG_RUN_ID='manual__2025-02-01T04:05:12.461876+00:00'
[2025-02-01T04:05:15.242+0000] {taskinstance.py:731} INFO - ::endgroup::
[2025-02-01T04:05:15.278+0000] {subprocess.py:78} INFO - Tmp dir root location: /tmp
[2025-02-01T04:05:15.281+0000] {subprocess.py:88} INFO - Running command: ['/usr/bin/bash', '-c', 'python /opt/***/scripts/bot_reporte_como_vamos.py']
[2025-02-01T04:05:15.304+0000] {subprocess.py:99} INFO - Output:
[2025-02-01T04:05:22.784+0000] {subprocess.py:106} INFO - ic| start_date: '01/02/2025', end_date: '01/02/2025'
[2025-02-01T04:05:22.785+0000] {subprocess.py:106} INFO - 2025-02-01 04:05:22,784 - bot_como_vamos - INFO - Starting script bot_como_vamos.py
[2025-02-01T04:05:23.699+0000] {subprocess.py:106} INFO - 2025-02-01 04:05:23,698 - bot_como_vamos - INFO - Conexión al Selenium Hub establecida correctamente
[2025-02-01T04:05:57.404+0000] {subprocess.py:106} INFO - ic| login_success: <selenium.webdriver.remote.webelement.WebElement (session="d84f3941f2f78281e004ae3f7430b586", element="f.56A7D1DD8C04ED4326FFF9CFE45AA553.d.B150CC6610AEBB3D11B058061DAC06B6.e.71")>
[2025-02-01T04:05:57.405+0000] {subprocess.py:106} INFO - 2025-02-01 04:05:57,404 - bot_como_vamos - INFO - Loging success
[2025-02-01T04:06:07.635+0000] {subprocess.py:106} INFO - 2025-02-01 04:06:07,634 - bot_como_vamos - INFO - Click in menu button successfully
[2025-02-01T04:06:19.030+0000] {subprocess.py:106} INFO - 2025-02-01 04:06:19,029 - bot_como_vamos - INFO - Input dates successfully
[2025-02-01T04:06:29.295+0000] {subprocess.py:106} INFO - 2025-02-01 04:06:29,294 - bot_como_vamos - INFO - Click in 'Empresas Y Negocios' successfully
[2025-02-01T04:06:40.745+0000] {subprocess.py:106} INFO - 2025-02-01 04:06:40,745 - assets - INFO - Waiting for download file...............
[2025-02-01T04:16:41.686+0000] {subprocess.py:110} INFO - Command exited with return code 0
[2025-02-01T04:16:41.753+0000] {taskinstance.py:340} INFO - ::group::Post task execution logs
[2025-02-01T04:16:41.755+0000] {taskinstance.py:352} INFO - Marking task as SUCCESS. dag_id=etl_reporte_como_vamos, task_id=task_bot_como_vamos, run_id=manual__2025-02-01T04:05:12.461876+00:00, execution_date=20250201T040512, start_date=20250201T040514, end_date=20250201T041641
[2025-02-01T04:16:41.832+0000] {local_task_job_runner.py:266} INFO - Task exited with return code 0
[2025-02-01T04:16:41.924+0000] {taskinstance.py:3895} INFO - 2 downstream tasks scheduled from follow-on schedule check
[2025-02-01T04:16:41.928+0000] {local_task_job_runner.py:245} INFO - ::endgroup::
