[2025-02-01T01:05:59.990+0000] {local_task_job_runner.py:123} INFO - ::group::Pre task execution logs
[2025-02-01T01:06:00.090+0000] {taskinstance.py:2613} INFO - Dependencies all met for dep_context=non-requeueable deps ti=<TaskInstance: etl_reporte_como_vamos.bot_ex_bbva manual__2025-02-01T01:05:58.365423+00:00 [queued]>
[2025-02-01T01:06:00.115+0000] {taskinstance.py:2613} INFO - Dependencies all met for dep_context=requeueable deps ti=<TaskInstance: etl_reporte_como_vamos.bot_ex_bbva manual__2025-02-01T01:05:58.365423+00:00 [queued]>
[2025-02-01T01:06:00.117+0000] {taskinstance.py:2866} INFO - Starting attempt 1 of 1
[2025-02-01T01:06:00.162+0000] {taskinstance.py:2889} INFO - Executing <Task(BashOperator): bot_ex_bbva> on 2025-02-01 01:05:58.365423+00:00
[2025-02-01T01:06:00.174+0000] {warnings.py:112} WARNING - /home/***/.local/lib/python3.12/site-packages/***/task/task_runner/standard_task_runner.py:70: DeprecationWarning: This process (pid=226) is multi-threaded, use of fork() may lead to deadlocks in the child.
  pid = os.fork()

[2025-02-01T01:06:00.179+0000] {standard_task_runner.py:72} INFO - Started process 227 to run task
[2025-02-01T01:06:00.180+0000] {standard_task_runner.py:104} INFO - Running: ['***', 'tasks', 'run', 'etl_reporte_como_vamos', 'bot_ex_bbva', 'manual__2025-02-01T01:05:58.365423+00:00', '--job-id', '58', '--raw', '--subdir', 'DAGS_FOLDER/etl_como_vamos_dag.py', '--cfg-path', '/tmp/tmplc4uf896']
[2025-02-01T01:06:00.182+0000] {standard_task_runner.py:105} INFO - Job 58: Subtask bot_ex_bbva
[2025-02-01T01:06:00.294+0000] {task_command.py:467} INFO - Running <TaskInstance: etl_reporte_como_vamos.bot_ex_bbva manual__2025-02-01T01:05:58.365423+00:00 [running]> on host 56024cb05cfe
[2025-02-01T01:06:00.524+0000] {taskinstance.py:3132} INFO - Exporting env vars: AIRFLOW_CTX_DAG_OWNER='***' AIRFLOW_CTX_DAG_ID='etl_reporte_como_vamos' AIRFLOW_CTX_TASK_ID='bot_ex_bbva' AIRFLOW_CTX_EXECUTION_DATE='2025-02-01T01:05:58.365423+00:00' AIRFLOW_CTX_TRY_NUMBER='1' AIRFLOW_CTX_DAG_RUN_ID='manual__2025-02-01T01:05:58.365423+00:00'
[2025-02-01T01:06:00.526+0000] {taskinstance.py:731} INFO - ::endgroup::
[2025-02-01T01:06:00.560+0000] {subprocess.py:78} INFO - Tmp dir root location: /tmp
[2025-02-01T01:06:00.563+0000] {subprocess.py:88} INFO - Running command: ['/usr/bin/bash', '-c', 'python /opt/***/scripts/bot_etl_ex_bbva.py']
[2025-02-01T01:06:00.583+0000] {subprocess.py:99} INFO - Output:
[2025-02-01T01:06:03.078+0000] {subprocess.py:110} INFO - Command exited with return code 0
[2025-02-01T01:06:03.162+0000] {taskinstance.py:340} INFO - ::group::Post task execution logs
[2025-02-01T01:06:03.164+0000] {taskinstance.py:352} INFO - Marking task as SUCCESS. dag_id=etl_reporte_como_vamos, task_id=bot_ex_bbva, run_id=manual__2025-02-01T01:05:58.365423+00:00, execution_date=20250201T010558, start_date=20250201T010600, end_date=20250201T010603
[2025-02-01T01:06:03.217+0000] {local_task_job_runner.py:266} INFO - Task exited with return code 0
[2025-02-01T01:06:03.260+0000] {taskinstance.py:3895} INFO - 0 downstream tasks scheduled from follow-on schedule check
[2025-02-01T01:06:03.266+0000] {local_task_job_runner.py:245} INFO - ::endgroup::
