[2025-02-13T06:31:32.247-0500] {local_task_job_runner.py:123} INFO - ::group::Pre task execution logs
[2025-02-13T06:31:32.264-0500] {taskinstance.py:2613} INFO - Dependencies all met for dep_context=non-requeueable deps ti=<TaskInstance: etl_reporte_como_vamos.etl_cdc scheduled__2025-02-12T11:30:00+00:00 [queued]>
[2025-02-13T06:31:32.273-0500] {taskinstance.py:2613} INFO - Dependencies all met for dep_context=requeueable deps ti=<TaskInstance: etl_reporte_como_vamos.etl_cdc scheduled__2025-02-12T11:30:00+00:00 [queued]>
[2025-02-13T06:31:32.274-0500] {taskinstance.py:2866} INFO - Starting attempt 1 of 4
[2025-02-13T06:31:32.291-0500] {taskinstance.py:2889} INFO - Executing <Task(BashOperator): etl_cdc> on 2025-02-12 11:30:00+00:00
[2025-02-13T06:31:32.297-0500] {warnings.py:112} WARNING - /home/***/.local/lib/python3.12/site-packages/***/task/task_runner/standard_task_runner.py:70: DeprecationWarning: This process (pid=43169) is multi-threaded, use of fork() may lead to deadlocks in the child.
  pid = os.fork()

[2025-02-13T06:31:32.300-0500] {standard_task_runner.py:72} INFO - Started process 43172 to run task
[2025-02-13T06:31:32.300-0500] {standard_task_runner.py:104} INFO - Running: ['***', 'tasks', 'run', 'etl_reporte_como_vamos', 'etl_cdc', 'scheduled__2025-02-12T11:30:00+00:00', '--job-id', '106', '--raw', '--subdir', 'DAGS_FOLDER/etl_como_vamos_dag.py', '--cfg-path', '/tmp/tmpkb3yrznj']
[2025-02-13T06:31:32.301-0500] {standard_task_runner.py:105} INFO - Job 106: Subtask etl_cdc
[2025-02-13T06:31:32.361-0500] {task_command.py:467} INFO - Running <TaskInstance: etl_reporte_como_vamos.etl_cdc scheduled__2025-02-12T11:30:00+00:00 [running]> on host 21f1c1b48730
[2025-02-13T06:31:32.461-0500] {taskinstance.py:3132} INFO - Exporting env vars: AIRFLOW_CTX_DAG_OWNER='***' AIRFLOW_CTX_DAG_ID='etl_reporte_como_vamos' AIRFLOW_CTX_TASK_ID='etl_cdc' AIRFLOW_CTX_EXECUTION_DATE='2025-02-12T11:30:00+00:00' AIRFLOW_CTX_TRY_NUMBER='1' AIRFLOW_CTX_DAG_RUN_ID='scheduled__2025-02-12T11:30:00+00:00'
[2025-02-13T06:31:32.462-0500] {taskinstance.py:731} INFO - ::endgroup::
[2025-02-13T06:31:32.480-0500] {subprocess.py:78} INFO - Tmp dir root location: /tmp
[2025-02-13T06:31:32.482-0500] {subprocess.py:88} INFO - Running command: ['/usr/bin/bash', '-c', 'python /opt/***/scripts/etl_cdc.py']
[2025-02-13T06:31:32.492-0500] {subprocess.py:99} INFO - Output:
[2025-02-13T06:31:37.273-0500] {subprocess.py:106} INFO -      incrementador               nombre_cliente  ... duplicado motivo_duplicado
[2025-02-13T06:31:37.273-0500] {subprocess.py:106} INFO - 0            11214  COLOMBIANA DE COMERCIO S.A.  ...
[2025-02-13T06:31:37.274-0500] {subprocess.py:106} INFO - 1            11115  COLOMBIANA DE COMERCIO S.A.  ...
[2025-02-13T06:31:37.275-0500] {subprocess.py:106} INFO - 2            11116  COLOMBIANA DE COMERCIO S.A.  ...
[2025-02-13T06:31:37.280-0500] {subprocess.py:106} INFO - 3            11117  COLOMBIANA DE COMERCIO S.A.  ...
[2025-02-13T06:31:37.282-0500] {subprocess.py:106} INFO - 4            11118  COLOMBIANA DE COMERCIO S.A.  ...
[2025-02-13T06:31:37.283-0500] {subprocess.py:106} INFO - ..             ...                          ...  ...       ...              ...
[2025-02-13T06:31:37.284-0500] {subprocess.py:106} INFO - 279          11420  COLOMBIANA DE COMERCIO S.A.  ...
[2025-02-13T06:31:37.284-0500] {subprocess.py:106} INFO - 280          11421  COLOMBIANA DE COMERCIO S.A.  ...
[2025-02-13T06:31:37.285-0500] {subprocess.py:106} INFO - 281          11422  COLOMBIANA DE COMERCIO S.A.  ...
[2025-02-13T06:31:37.285-0500] {subprocess.py:106} INFO - 282          11423  COLOMBIANA DE COMERCIO S.A.  ...
[2025-02-13T06:31:37.286-0500] {subprocess.py:106} INFO - 283          11424  COLOMBIANA DE COMERCIO S.A.  ...
[2025-02-13T06:31:37.287-0500] {subprocess.py:106} INFO - 
[2025-02-13T06:31:37.287-0500] {subprocess.py:106} INFO - [284 rows x 60 columns]
[2025-02-13T06:31:37.288-0500] {subprocess.py:106} INFO - Empty DataFrame
[2025-02-13T06:31:37.288-0500] {subprocess.py:106} INFO - Columns: [nombre_cliente, id_caso, tipo_caso_sm, prioridad_sm, estado_atencion, origen_atencion, titulo, categoria_tipo_caso, subcategoria_falla, area_problema_falla, km_causa_falla, usuario_creacion, grupo_creacion, usuario_asignado, grupo_asignado, usuario_solucion, grupo_solucion, usuario_cerrado, grupo_cerrado, id_enlace, servicio, producto, codigo_cierre, fecha_creacion, fecha_cierre, tiempo_sla_dt_ajust, segmento, ciudad, sla_calc, tipo_caso_claro, tiempo_sla_calculado, cumplimiento_sla_claro, prioridad_claro, responsabilidad, fcr, tiempo_interrupcion_dt_concil, ticket_carrier, fecha_solucion, ticket_maximo, regional, pn, interno_externo, vendor, numero_cun, subtipo, caso_relacion, relacion, inicio_interrupcion, fin_interrupcion, downtime_vendor, autogestion, fecha_cargue, cumplimiento_reto, ofensor, problema, causa, presenta_interrupcion_ci, duplicado, motivo_duplicado]
[2025-02-13T06:31:37.289-0500] {subprocess.py:106} INFO - Index: []
[2025-02-13T06:31:37.289-0500] {subprocess.py:106} INFO - 0 0 0
[2025-02-13T06:31:37.290-0500] {subprocess.py:106} INFO - Ejecucion Exitosa
[2025-02-13T06:31:37.410-0500] {subprocess.py:110} INFO - Command exited with return code 0
[2025-02-13T06:31:37.441-0500] {taskinstance.py:340} INFO - ::group::Post task execution logs
[2025-02-13T06:31:37.442-0500] {taskinstance.py:352} INFO - Marking task as SUCCESS. dag_id=etl_reporte_como_vamos, task_id=etl_cdc, run_id=scheduled__2025-02-12T11:30:00+00:00, execution_date=20250212T113000, start_date=20250213T113132, end_date=20250213T113137
[2025-02-13T06:31:37.491-0500] {local_task_job_runner.py:266} INFO - Task exited with return code 0
[2025-02-13T06:31:37.512-0500] {taskinstance.py:3895} INFO - 0 downstream tasks scheduled from follow-on schedule check
[2025-02-13T06:31:37.515-0500] {local_task_job_runner.py:245} INFO - ::endgroup::
