[2025-02-01T01:31:35.548+0000] {local_task_job_runner.py:123} INFO - ::group::Pre task execution logs
[2025-02-01T01:31:35.578+0000] {taskinstance.py:2613} INFO - Dependencies all met for dep_context=non-requeueable deps ti=<TaskInstance: etl_reporte_como_vamos.bot_ex_bbva manual__2025-02-01T01:31:34.414808+00:00 [queued]>
[2025-02-01T01:31:35.596+0000] {taskinstance.py:2613} INFO - Dependencies all met for dep_context=requeueable deps ti=<TaskInstance: etl_reporte_como_vamos.bot_ex_bbva manual__2025-02-01T01:31:34.414808+00:00 [queued]>
[2025-02-01T01:31:35.597+0000] {taskinstance.py:2866} INFO - Starting attempt 1 of 1
[2025-02-01T01:31:35.624+0000] {taskinstance.py:2889} INFO - Executing <Task(BashOperator): bot_ex_bbva> on 2025-02-01 01:31:34.414808+00:00
[2025-02-01T01:31:35.637+0000] {warnings.py:112} WARNING - /home/***/.local/lib/python3.12/site-packages/***/task/task_runner/standard_task_runner.py:70: DeprecationWarning: This process (pid=550) is multi-threaded, use of fork() may lead to deadlocks in the child.
  pid = os.fork()

[2025-02-01T01:31:35.640+0000] {standard_task_runner.py:72} INFO - Started process 551 to run task
[2025-02-01T01:31:35.641+0000] {standard_task_runner.py:104} INFO - Running: ['***', 'tasks', 'run', 'etl_reporte_como_vamos', 'bot_ex_bbva', 'manual__2025-02-01T01:31:34.414808+00:00', '--job-id', '64', '--raw', '--subdir', 'DAGS_FOLDER/etl_como_vamos_dag.py', '--cfg-path', '/tmp/tmps3bf66bv']
[2025-02-01T01:31:35.643+0000] {standard_task_runner.py:105} INFO - Job 64: Subtask bot_ex_bbva
[2025-02-01T01:31:35.740+0000] {task_command.py:467} INFO - Running <TaskInstance: etl_reporte_como_vamos.bot_ex_bbva manual__2025-02-01T01:31:34.414808+00:00 [running]> on host 56024cb05cfe
[2025-02-01T01:31:35.916+0000] {taskinstance.py:3132} INFO - Exporting env vars: AIRFLOW_CTX_DAG_OWNER='***' AIRFLOW_CTX_DAG_ID='etl_reporte_como_vamos' AIRFLOW_CTX_TASK_ID='bot_ex_bbva' AIRFLOW_CTX_EXECUTION_DATE='2025-02-01T01:31:34.414808+00:00' AIRFLOW_CTX_TRY_NUMBER='1' AIRFLOW_CTX_DAG_RUN_ID='manual__2025-02-01T01:31:34.414808+00:00'
[2025-02-01T01:31:35.917+0000] {taskinstance.py:731} INFO - ::endgroup::
[2025-02-01T01:31:35.948+0000] {subprocess.py:78} INFO - Tmp dir root location: /tmp
[2025-02-01T01:31:35.952+0000] {subprocess.py:88} INFO - Running command: ['/usr/bin/bash', '-c', 'python /opt/***/scripts/bot_etl_ex_bbva.py']
[2025-02-01T01:31:35.970+0000] {subprocess.py:99} INFO - Output:
[2025-02-01T01:31:37.710+0000] {subprocess.py:106} INFO - 2025-02-01 01:31:37,710 - bot_etl_ex_bbva - INFO - Bot ETL Exito-BBVA started
[2025-02-01T01:31:42.400+0000] {subprocess.py:106} INFO - 2025-02-01 01:31:42,400 - bot_etl_ex_bbva - INFO - Conexión al Selenium Hub establecida correctamente
[2025-02-01T01:38:54.633+0000] {local_task_job_runner.py:346} WARNING - State of this instance has been externally set to failed. Terminating instance.
[2025-02-01T01:38:54.635+0000] {local_task_job_runner.py:245} INFO - ::endgroup::
[2025-02-01T01:38:54.641+0000] {process_utils.py:132} INFO - Sending 15 to group 551. PIDs of all processes in the group: [553, 551]
[2025-02-01T01:38:54.642+0000] {process_utils.py:87} INFO - Sending the signal 15 to group 551
[2025-02-01T01:38:54.644+0000] {taskinstance.py:3093} ERROR - Received SIGTERM. Terminating subprocesses.
[2025-02-01T01:38:54.647+0000] {subprocess.py:117} INFO - Sending SIGTERM signal to process group
[2025-02-01T01:38:54.688+0000] {taskinstance.py:340} INFO - ::group::Post task execution logs
[2025-02-01T01:38:54.737+0000] {process_utils.py:80} INFO - Process psutil.Process(pid=553, status='terminated', started='01:31:35') (553) terminated with exit code None
[2025-02-01T01:38:54.739+0000] {process_utils.py:80} INFO - Process psutil.Process(pid=551, status='terminated', exitcode=0, started='01:31:34') (551) terminated with exit code 0
