[2025-01-31T23:58:55.980-0500] {local_task_job_runner.py:123} INFO - ::group::Pre task execution logs
[2025-01-31T23:58:56.042-0500] {taskinstance.py:2613} INFO - Dependencies all met for dep_context=non-requeueable deps ti=<TaskInstance: etl_reporte_como_vamos.etl_cdc manual__2025-02-01T04:53:35.210808+00:00 [queued]>
[2025-01-31T23:58:56.073-0500] {taskinstance.py:2613} INFO - Dependencies all met for dep_context=requeueable deps ti=<TaskInstance: etl_reporte_como_vamos.etl_cdc manual__2025-02-01T04:53:35.210808+00:00 [queued]>
[2025-01-31T23:58:56.074-0500] {taskinstance.py:2866} INFO - Starting attempt 1 of 1
[2025-01-31T23:58:56.133-0500] {taskinstance.py:2889} INFO - Executing <Task(BashOperator): etl_cdc> on 2025-02-01 04:53:35.210808+00:00
[2025-01-31T23:58:56.151-0500] {warnings.py:112} WARNING - /home/***/.local/lib/python3.12/site-packages/***/task/task_runner/standard_task_runner.py:70: DeprecationWarning: This process (pid=148) is multi-threaded, use of fork() may lead to deadlocks in the child.
  pid = os.fork()

[2025-01-31T23:58:56.157-0500] {standard_task_runner.py:72} INFO - Started process 150 to run task
[2025-01-31T23:58:56.166-0500] {standard_task_runner.py:104} INFO - Running: ['***', 'tasks', 'run', 'etl_reporte_como_vamos', 'etl_cdc', 'manual__2025-02-01T04:53:35.210808+00:00', '--job-id', '80', '--raw', '--subdir', 'DAGS_FOLDER/etl_como_vamos_dag.py', '--cfg-path', '/tmp/tmpr7dfkde9']
[2025-01-31T23:58:56.172-0500] {standard_task_runner.py:105} INFO - Job 80: Subtask etl_cdc
[2025-01-31T23:58:56.401-0500] {task_command.py:467} INFO - Running <TaskInstance: etl_reporte_como_vamos.etl_cdc manual__2025-02-01T04:53:35.210808+00:00 [running]> on host d596638090b4
[2025-01-31T23:58:56.791-0500] {taskinstance.py:3132} INFO - Exporting env vars: AIRFLOW_CTX_DAG_OWNER='***' AIRFLOW_CTX_DAG_ID='etl_reporte_como_vamos' AIRFLOW_CTX_TASK_ID='etl_cdc' AIRFLOW_CTX_EXECUTION_DATE='2025-02-01T04:53:35.210808+00:00' AIRFLOW_CTX_TRY_NUMBER='1' AIRFLOW_CTX_DAG_RUN_ID='manual__2025-02-01T04:53:35.210808+00:00'
[2025-01-31T23:58:56.794-0500] {taskinstance.py:731} INFO - ::endgroup::
[2025-01-31T23:58:56.855-0500] {subprocess.py:78} INFO - Tmp dir root location: /tmp
[2025-01-31T23:58:56.858-0500] {subprocess.py:88} INFO - Running command: ['/usr/bin/bash', '-c', 'python /opt/***/scripts/etl_cdc.py']
[2025-01-31T23:58:56.888-0500] {subprocess.py:99} INFO - Output:
[2025-02-01T00:04:29.309-0500] {subprocess.py:106} INFO -      incrementador               nombre_cliente  ... duplicado motivo_duplicado
[2025-02-01T00:04:29.312-0500] {subprocess.py:106} INFO - 0            11214  COLOMBIANA DE COMERCIO S.A.  ...
[2025-02-01T00:04:29.313-0500] {subprocess.py:106} INFO - 1            10952  COLOMBIANA DE COMERCIO S.A.  ...
[2025-02-01T00:04:29.314-0500] {subprocess.py:106} INFO - 2            10953  COLOMBIANA DE COMERCIO S.A.  ...
[2025-02-01T00:04:29.314-0500] {subprocess.py:106} INFO - 3            10954  COLOMBIANA DE COMERCIO S.A.  ...
[2025-02-01T00:04:29.315-0500] {subprocess.py:106} INFO - 4            10955  COLOMBIANA DE COMERCIO S.A.  ...
[2025-02-01T00:04:29.316-0500] {subprocess.py:106} INFO - ..             ...                          ...  ...       ...              ...
[2025-02-01T00:04:29.317-0500] {subprocess.py:106} INFO - 346          11320  COLOMBIANA DE COMERCIO S.A.  ...
[2025-02-01T00:04:29.318-0500] {subprocess.py:106} INFO - 347          11321  COLOMBIANA DE COMERCIO S.A.  ...
[2025-02-01T00:04:29.319-0500] {subprocess.py:106} INFO - 348          11322  COLOMBIANA DE COMERCIO S.A.  ...
[2025-02-01T00:04:29.320-0500] {subprocess.py:106} INFO - 349          11323  COLOMBIANA DE COMERCIO S.A.  ...
[2025-02-01T00:04:29.321-0500] {subprocess.py:106} INFO - 350          11324  COLOMBIANA DE COMERCIO S.A.  ...
[2025-02-01T00:04:29.321-0500] {subprocess.py:106} INFO - 
[2025-02-01T00:04:29.322-0500] {subprocess.py:106} INFO - [351 rows x 60 columns]
[2025-02-01T00:04:29.323-0500] {subprocess.py:106} INFO -                   nombre_cliente    id_caso  ... duplicado motivo_duplicado
[2025-02-01T00:04:29.324-0500] {subprocess.py:106} INFO - 0    COLOMBIANA DE COMERCIO S.A.  RF1859818  ...
[2025-02-01T00:04:29.325-0500] {subprocess.py:106} INFO - 1    COLOMBIANA DE COMERCIO S.A.  RF1857823  ...
[2025-02-01T00:04:29.326-0500] {subprocess.py:106} INFO - 2    COLOMBIANA DE COMERCIO S.A.  IM3001995  ...
[2025-02-01T00:04:29.327-0500] {subprocess.py:106} INFO - 3    COLOMBIANA DE COMERCIO S.A.  IM2991534  ...
[2025-02-01T00:04:29.328-0500] {subprocess.py:106} INFO - 4    COLOMBIANA DE COMERCIO S.A.  IM2991764  ...
[2025-02-01T00:04:29.328-0500] {subprocess.py:106} INFO - ..                           ...        ...  ...       ...              ...
[2025-02-01T00:04:29.329-0500] {subprocess.py:106} INFO - 711  COLOMBIANA DE COMERCIO S.A.  IM3000740  ...
[2025-02-01T00:04:29.330-0500] {subprocess.py:106} INFO - 712  COLOMBIANA DE COMERCIO S.A.  IM3001909  ...
[2025-02-01T00:04:29.331-0500] {subprocess.py:106} INFO - 713  COLOMBIANA DE COMERCIO S.A.  IM2989742  ...
[2025-02-01T00:04:29.332-0500] {subprocess.py:106} INFO - 714  COLOMBIANA DE COMERCIO S.A.  IM3001832  ...
[2025-02-01T00:04:29.333-0500] {subprocess.py:106} INFO - 715  COLOMBIANA DE COMERCIO S.A.  IM2999176  ...
[2025-02-01T00:04:29.334-0500] {subprocess.py:106} INFO - 
[2025-02-01T00:04:29.336-0500] {subprocess.py:106} INFO - [716 rows x 59 columns]
[2025-02-01T00:04:29.337-0500] {subprocess.py:106} INFO - 0 0 0
[2025-02-01T00:04:29.338-0500] {subprocess.py:106} INFO - Ejecucion Exitosa
[2025-02-01T00:04:29.620-0500] {subprocess.py:110} INFO - Command exited with return code 0
[2025-02-01T00:04:29.684-0500] {taskinstance.py:340} INFO - ::group::Post task execution logs
[2025-02-01T00:04:29.686-0500] {taskinstance.py:352} INFO - Marking task as SUCCESS. dag_id=etl_reporte_como_vamos, task_id=etl_cdc, run_id=manual__2025-02-01T04:53:35.210808+00:00, execution_date=20250201T045335, start_date=20250201T045856, end_date=20250201T050429
[2025-02-01T00:04:29.750-0500] {local_task_job_runner.py:266} INFO - Task exited with return code 0
[2025-02-01T00:04:29.801-0500] {taskinstance.py:3895} INFO - 1 downstream tasks scheduled from follow-on schedule check
[2025-02-01T00:04:29.806-0500] {local_task_job_runner.py:245} INFO - ::endgroup::
