[2025-02-14T15:03:04.358-0500] {local_task_job_runner.py:123} INFO - ::group::Pre task execution logs
[2025-02-14T15:03:04.377-0500] {taskinstance.py:2613} INFO - Dependencies all met for dep_context=non-requeueable deps ti=<TaskInstance: etl_reporte_como_vamos.etl_cdc manual__2025-02-14T19:59:27.336193+00:00 [queued]>
[2025-02-14T15:03:04.386-0500] {taskinstance.py:2613} INFO - Dependencies all met for dep_context=requeueable deps ti=<TaskInstance: etl_reporte_como_vamos.etl_cdc manual__2025-02-14T19:59:27.336193+00:00 [queued]>
[2025-02-14T15:03:04.387-0500] {taskinstance.py:2866} INFO - Starting attempt 1 of 4
[2025-02-14T15:03:04.403-0500] {taskinstance.py:2889} INFO - Executing <Task(BashOperator): etl_cdc> on 2025-02-14 19:59:27.336193+00:00
[2025-02-14T15:03:04.409-0500] {warnings.py:112} WARNING - /home/***/.local/lib/python3.12/site-packages/***/task/task_runner/standard_task_runner.py:70: DeprecationWarning: This process (pid=67964) is multi-threaded, use of fork() may lead to deadlocks in the child.
  pid = os.fork()

[2025-02-14T15:03:04.411-0500] {standard_task_runner.py:72} INFO - Started process 67966 to run task
[2025-02-14T15:03:04.412-0500] {standard_task_runner.py:104} INFO - Running: ['***', 'tasks', 'run', 'etl_reporte_como_vamos', 'etl_cdc', 'manual__2025-02-14T19:59:27.336193+00:00', '--job-id', '134', '--raw', '--subdir', 'DAGS_FOLDER/etl_como_vamos_dag.py', '--cfg-path', '/tmp/tmp994ohfdp']
[2025-02-14T15:03:04.414-0500] {standard_task_runner.py:105} INFO - Job 134: Subtask etl_cdc
[2025-02-14T15:03:04.462-0500] {task_command.py:467} INFO - Running <TaskInstance: etl_reporte_como_vamos.etl_cdc manual__2025-02-14T19:59:27.336193+00:00 [running]> on host 21f1c1b48730
[2025-02-14T15:03:04.563-0500] {taskinstance.py:3132} INFO - Exporting env vars: AIRFLOW_CTX_DAG_OWNER='***' AIRFLOW_CTX_DAG_ID='etl_reporte_como_vamos' AIRFLOW_CTX_TASK_ID='etl_cdc' AIRFLOW_CTX_EXECUTION_DATE='2025-02-14T19:59:27.336193+00:00' AIRFLOW_CTX_TRY_NUMBER='1' AIRFLOW_CTX_DAG_RUN_ID='manual__2025-02-14T19:59:27.336193+00:00'
[2025-02-14T15:03:04.564-0500] {taskinstance.py:731} INFO - ::endgroup::
[2025-02-14T15:03:04.581-0500] {subprocess.py:78} INFO - Tmp dir root location: /tmp
[2025-02-14T15:03:04.582-0500] {subprocess.py:88} INFO - Running command: ['/usr/bin/bash', '-c', 'python /opt/***/scripts/etl_cdc.py']
[2025-02-14T15:03:04.592-0500] {subprocess.py:99} INFO - Output:
[2025-02-14T15:04:04.149-0500] {subprocess.py:106} INFO -      incrementador               nombre_cliente  ... duplicado motivo_duplicado
[2025-02-14T15:04:04.150-0500] {subprocess.py:106} INFO - 0            11214  COLOMBIANA DE COMERCIO S.A.  ...
[2025-02-14T15:04:04.151-0500] {subprocess.py:106} INFO - 1            11115  COLOMBIANA DE COMERCIO S.A.  ...
[2025-02-14T15:04:04.152-0500] {subprocess.py:106} INFO - 2            11116  COLOMBIANA DE COMERCIO S.A.  ...
[2025-02-14T15:04:04.152-0500] {subprocess.py:106} INFO - 3            11117  COLOMBIANA DE COMERCIO S.A.  ...
[2025-02-14T15:04:04.153-0500] {subprocess.py:106} INFO - 4            11118  COLOMBIANA DE COMERCIO S.A.  ...
[2025-02-14T15:04:04.153-0500] {subprocess.py:106} INFO - ..             ...                          ...  ...       ...              ...
[2025-02-14T15:04:04.154-0500] {subprocess.py:106} INFO - 290          11431  COLOMBIANA DE COMERCIO S.A.  ...
[2025-02-14T15:04:04.154-0500] {subprocess.py:106} INFO - 291          11432  COLOMBIANA DE COMERCIO S.A.  ...
[2025-02-14T15:04:04.155-0500] {subprocess.py:106} INFO - 292          11433  COLOMBIANA DE COMERCIO S.A.  ...
[2025-02-14T15:04:04.155-0500] {subprocess.py:106} INFO - 293          11434  COLOMBIANA DE COMERCIO S.A.  ...
[2025-02-14T15:04:04.156-0500] {subprocess.py:106} INFO - 294          11435  COLOMBIANA DE COMERCIO S.A.  ...
[2025-02-14T15:04:04.157-0500] {subprocess.py:106} INFO - 
[2025-02-14T15:04:04.157-0500] {subprocess.py:106} INFO - [295 rows x 60 columns]
[2025-02-14T15:04:04.158-0500] {subprocess.py:106} INFO -                   nombre_cliente    id_caso  ... duplicado motivo_duplicado
[2025-02-14T15:04:04.158-0500] {subprocess.py:106} INFO - 0    COLOMBIANA DE COMERCIO S.A.  RF1864512  ...
[2025-02-14T15:04:04.159-0500] {subprocess.py:106} INFO - 1    COLOMBIANA DE COMERCIO S.A.  RF1864468  ...
[2025-02-14T15:04:04.159-0500] {subprocess.py:106} INFO - 2    COLOMBIANA DE COMERCIO S.A.  RF1864536  ...
[2025-02-14T15:04:04.160-0500] {subprocess.py:106} INFO - 3    COLOMBIANA DE COMERCIO S.A.  RF1866044  ...
[2025-02-14T15:04:04.160-0500] {subprocess.py:106} INFO - 4    COLOMBIANA DE COMERCIO S.A.  RF1864513  ...
[2025-02-14T15:04:04.161-0500] {subprocess.py:106} INFO - ..                           ...        ...  ...       ...              ...
[2025-02-14T15:04:04.161-0500] {subprocess.py:106} INFO - 484  COLOMBIANA DE COMERCIO S.A.  RF1862980  ...
[2025-02-14T15:04:04.162-0500] {subprocess.py:106} INFO - 485  COLOMBIANA DE COMERCIO S.A.  RF1862979  ...
[2025-02-14T15:04:04.162-0500] {subprocess.py:106} INFO - 486  COLOMBIANA DE COMERCIO S.A.  RF1862978  ...
[2025-02-14T15:04:04.163-0500] {subprocess.py:106} INFO - 487  COLOMBIANA DE COMERCIO S.A.  RF1862977  ...
[2025-02-14T15:04:04.163-0500] {subprocess.py:106} INFO - 488  COLOMBIANA DE COMERCIO S.A.  RF1861989  ...
[2025-02-14T15:04:04.164-0500] {subprocess.py:106} INFO - 
[2025-02-14T15:04:04.165-0500] {subprocess.py:106} INFO - [489 rows x 59 columns]
[2025-02-14T15:04:04.165-0500] {subprocess.py:106} INFO - 12 75 0
[2025-02-14T15:04:04.166-0500] {subprocess.py:106} INFO - Incidentes Cargados:  12
[2025-02-14T15:04:04.166-0500] {subprocess.py:106} INFO - Requerimientos Cargados:  75
[2025-02-14T15:04:04.167-0500] {subprocess.py:106} INFO - Ejecucion Exitosa
[2025-02-14T15:04:04.320-0500] {subprocess.py:110} INFO - Command exited with return code 0
[2025-02-14T15:04:04.346-0500] {taskinstance.py:340} INFO - ::group::Post task execution logs
[2025-02-14T15:04:04.347-0500] {taskinstance.py:352} INFO - Marking task as SUCCESS. dag_id=etl_reporte_como_vamos, task_id=etl_cdc, run_id=manual__2025-02-14T19:59:27.336193+00:00, execution_date=20250214T195927, start_date=20250214T200304, end_date=20250214T200404
[2025-02-14T15:04:04.406-0500] {local_task_job_runner.py:266} INFO - Task exited with return code 0
[2025-02-14T15:04:04.422-0500] {standard_task_runner.py:217} INFO - Process not found (most likely exited), stop collecting metrics
[2025-02-14T15:04:04.438-0500] {taskinstance.py:3895} INFO - 1 downstream tasks scheduled from follow-on schedule check
[2025-02-14T15:04:04.441-0500] {local_task_job_runner.py:245} INFO - ::endgroup::
