[2025-02-02T21:42:37.346-0500] {local_task_job_runner.py:123} INFO - ::group::Pre task execution logs
[2025-02-02T21:42:37.373-0500] {taskinstance.py:2613} INFO - Dependencies all met for dep_context=non-requeueable deps ti=<TaskInstance: etl_reporte_como_vamos.etl_ex_bbva scheduled__2025-02-02T06:40:00+00:00 [queued]>
[2025-02-02T21:42:37.386-0500] {taskinstance.py:2613} INFO - Dependencies all met for dep_context=requeueable deps ti=<TaskInstance: etl_reporte_como_vamos.etl_ex_bbva scheduled__2025-02-02T06:40:00+00:00 [queued]>
[2025-02-02T21:42:37.388-0500] {taskinstance.py:2866} INFO - Starting attempt 1 of 4
[2025-02-02T21:42:37.407-0500] {taskinstance.py:2889} INFO - Executing <Task(BashOperator): etl_ex_bbva> on 2025-02-02 06:40:00+00:00
[2025-02-02T21:42:37.414-0500] {warnings.py:112} WARNING - /home/***/.local/lib/python3.12/site-packages/***/task/task_runner/standard_task_runner.py:70: DeprecationWarning: This process (pid=470) is multi-threaded, use of fork() may lead to deadlocks in the child.
  pid = os.fork()

[2025-02-02T21:42:37.418-0500] {standard_task_runner.py:72} INFO - Started process 478 to run task
[2025-02-02T21:42:37.420-0500] {standard_task_runner.py:104} INFO - Running: ['***', 'tasks', 'run', 'etl_reporte_como_vamos', 'etl_ex_bbva', 'scheduled__2025-02-02T06:40:00+00:00', '--job-id', '8', '--raw', '--subdir', 'DAGS_FOLDER/etl_como_vamos_dag.py', '--cfg-path', '/tmp/tmpnnrr02pb']
[2025-02-02T21:42:37.422-0500] {standard_task_runner.py:105} INFO - Job 8: Subtask etl_ex_bbva
[2025-02-02T21:42:37.517-0500] {task_command.py:467} INFO - Running <TaskInstance: etl_reporte_como_vamos.etl_ex_bbva scheduled__2025-02-02T06:40:00+00:00 [running]> on host 21f1c1b48730
[2025-02-02T21:42:37.628-0500] {taskinstance.py:3132} INFO - Exporting env vars: AIRFLOW_CTX_DAG_OWNER='***' AIRFLOW_CTX_DAG_ID='etl_reporte_como_vamos' AIRFLOW_CTX_TASK_ID='etl_ex_bbva' AIRFLOW_CTX_EXECUTION_DATE='2025-02-02T06:40:00+00:00' AIRFLOW_CTX_TRY_NUMBER='1' AIRFLOW_CTX_DAG_RUN_ID='scheduled__2025-02-02T06:40:00+00:00'
[2025-02-02T21:42:37.630-0500] {taskinstance.py:731} INFO - ::endgroup::
[2025-02-02T21:42:37.649-0500] {subprocess.py:78} INFO - Tmp dir root location: /tmp
[2025-02-02T21:42:37.651-0500] {subprocess.py:88} INFO - Running command: ['/usr/bin/bash', '-c', 'python /opt/***/scripts/etl_ex_bbva.py']
[2025-02-02T21:42:37.663-0500] {subprocess.py:99} INFO - Output:
[2025-02-02T21:42:41.013-0500] {subprocess.py:106} INFO - ic| params: {'database': 'calidad_etl',
[2025-02-02T21:42:41.026-0500] {subprocess.py:106} INFO -              'host': '172.29.33.204',
[2025-02-02T21:42:41.027-0500] {subprocess.py:106} INFO -              'password': 'calidad2021*',
[2025-02-02T21:42:41.029-0500] {subprocess.py:106} INFO -              'port': '3306',
[2025-02-02T21:42:41.030-0500] {subprocess.py:106} INFO -              'user': 'calidad_etl'}
[2025-02-02T21:42:41.047-0500] {subprocess.py:106} INFO - ic| params: {'database': 'calidad_etl',
[2025-02-02T21:42:41.048-0500] {subprocess.py:106} INFO -              'host': '172.29.33.204',
[2025-02-02T21:42:41.049-0500] {subprocess.py:106} INFO -              'password': 'calidad2021*',
[2025-02-02T21:42:41.050-0500] {subprocess.py:106} INFO -              'port': '3306',
[2025-02-02T21:42:41.051-0500] {subprocess.py:106} INFO -              'user': 'calidad_etl'}
[2025-02-02T21:42:41.749-0500] {subprocess.py:106} INFO - 2025-02-02 21:42:41,748 - assets - INFO - Engine para base de datos: calidad_etl creado exitosamente
[2025-02-02T21:42:41.754-0500] {subprocess.py:106} INFO - ic| hoy: datetime.date(2025, 2, 2)
[2025-02-02T21:42:41.755-0500] {subprocess.py:106} INFO -     fecha_inicio: datetime.date(2025, 2, 1)
[2025-02-02T21:42:41.759-0500] {subprocess.py:106} INFO - ic| fecha_inicio: datetime.date(2025, 2, 1)
[2025-02-02T21:42:41.760-0500] {subprocess.py:106} INFO -     fecha_fin: datetime.date(2025, 2, 2)
[2025-02-02T21:42:41.764-0500] {subprocess.py:106} INFO - ic| query: '
[2025-02-02T21:42:41.766-0500] {subprocess.py:106} INFO -             SELECT * FROM calidad_etl.sm_cerrado
[2025-02-02T21:42:41.766-0500] {subprocess.py:106} INFO -                 WHERE "INSERTAR_DT" >= %s;
[2025-02-02T21:42:41.767-0500] {subprocess.py:106} INFO -             '
[2025-02-02T21:42:42.286-0500] {subprocess.py:106} INFO - 2025-02-02 21:42:42,286 - assets - INFO - SQL query succesfully executed
[2025-02-02T21:42:42.287-0500] {subprocess.py:106} INFO - 2025-02-02 21:42:42,286 - etl_ex_bbva - INFO - Start ETL Exito Tuya BBVA
[2025-02-02T21:42:44.021-0500] {subprocess.py:106} INFO - 2025-02-02 21:42:44,021 - etl_ex_bbva - INFO - Reporte como_vamos.xlsx successfully load
[2025-02-02T21:42:44.256-0500] {subprocess.py:106} INFO - 2025-02-02 21:42:44,256 - etl_ex_bbva - INFO - etl_ex_bbva.py success execution
[2025-02-02T21:42:44.257-0500] {subprocess.py:106} INFO - Conexión exitosa a la base de datos: calidad_etl
[2025-02-02T21:42:44.528-0500] {subprocess.py:110} INFO - Command exited with return code 0
[2025-02-02T21:42:44.621-0500] {taskinstance.py:340} INFO - ::group::Post task execution logs
[2025-02-02T21:42:44.624-0500] {taskinstance.py:352} INFO - Marking task as SUCCESS. dag_id=etl_reporte_como_vamos, task_id=etl_ex_bbva, run_id=scheduled__2025-02-02T06:40:00+00:00, execution_date=20250202T064000, start_date=20250203T024237, end_date=20250203T024244
[2025-02-02T21:42:44.734-0500] {local_task_job_runner.py:266} INFO - Task exited with return code 0
[2025-02-02T21:42:44.768-0500] {taskinstance.py:3895} INFO - 0 downstream tasks scheduled from follow-on schedule check
[2025-02-02T21:42:44.772-0500] {local_task_job_runner.py:245} INFO - ::endgroup::
