[2025-02-10T06:32:07.213-0500] {local_task_job_runner.py:123} INFO - ::group::Pre task execution logs
[2025-02-10T06:32:07.235-0500] {taskinstance.py:2613} INFO - Dependencies all met for dep_context=non-requeueable deps ti=<TaskInstance: etl_reporte_como_vamos.etl_ex_bbva scheduled__2025-02-09T11:30:00+00:00 [queued]>
[2025-02-10T06:32:07.251-0500] {taskinstance.py:2613} INFO - Dependencies all met for dep_context=requeueable deps ti=<TaskInstance: etl_reporte_como_vamos.etl_ex_bbva scheduled__2025-02-09T11:30:00+00:00 [queued]>
[2025-02-10T06:32:07.253-0500] {taskinstance.py:2866} INFO - Starting attempt 1 of 4
[2025-02-10T06:32:07.273-0500] {taskinstance.py:2889} INFO - Executing <Task(BashOperator): etl_ex_bbva> on 2025-02-09 11:30:00+00:00
[2025-02-10T06:32:07.281-0500] {warnings.py:112} WARNING - /home/***/.local/lib/python3.12/site-packages/***/task/task_runner/standard_task_runner.py:70: DeprecationWarning: This process (pid=89561) is multi-threaded, use of fork() may lead to deadlocks in the child.
  pid = os.fork()

[2025-02-10T06:32:07.284-0500] {standard_task_runner.py:72} INFO - Started process 89562 to run task
[2025-02-10T06:32:07.288-0500] {standard_task_runner.py:104} INFO - Running: ['***', 'tasks', 'run', 'etl_reporte_como_vamos', 'etl_ex_bbva', 'scheduled__2025-02-09T11:30:00+00:00', '--job-id', '90', '--raw', '--subdir', 'DAGS_FOLDER/etl_como_vamos_dag.py', '--cfg-path', '/tmp/tmp0swoa37i']
[2025-02-10T06:32:07.289-0500] {standard_task_runner.py:105} INFO - Job 90: Subtask etl_ex_bbva
[2025-02-10T06:32:07.359-0500] {task_command.py:467} INFO - Running <TaskInstance: etl_reporte_como_vamos.etl_ex_bbva scheduled__2025-02-09T11:30:00+00:00 [running]> on host 21f1c1b48730
[2025-02-10T06:32:07.475-0500] {taskinstance.py:3132} INFO - Exporting env vars: AIRFLOW_CTX_DAG_OWNER='***' AIRFLOW_CTX_DAG_ID='etl_reporte_como_vamos' AIRFLOW_CTX_TASK_ID='etl_ex_bbva' AIRFLOW_CTX_EXECUTION_DATE='2025-02-09T11:30:00+00:00' AIRFLOW_CTX_TRY_NUMBER='1' AIRFLOW_CTX_DAG_RUN_ID='scheduled__2025-02-09T11:30:00+00:00'
[2025-02-10T06:32:07.477-0500] {taskinstance.py:731} INFO - ::endgroup::
[2025-02-10T06:32:07.512-0500] {subprocess.py:78} INFO - Tmp dir root location: /tmp
[2025-02-10T06:32:07.514-0500] {subprocess.py:88} INFO - Running command: ['/usr/bin/bash', '-c', 'python /opt/***/scripts/etl_ex_bbva.py']
[2025-02-10T06:32:07.526-0500] {subprocess.py:99} INFO - Output:
[2025-02-10T06:32:10.567-0500] {subprocess.py:106} INFO - ic| params: {'database': 'calidad_etl',
[2025-02-10T06:32:10.568-0500] {subprocess.py:106} INFO -              'host': '172.29.33.204',
[2025-02-10T06:32:10.571-0500] {subprocess.py:106} INFO -              'password': 'calidad2021*',
[2025-02-10T06:32:10.576-0500] {subprocess.py:106} INFO -              'port': '3306',
[2025-02-10T06:32:10.581-0500] {subprocess.py:106} INFO -              'user': 'calidad_etl'}
[2025-02-10T06:32:10.626-0500] {subprocess.py:106} INFO - ic| params: {'database': 'calidad_etl',
[2025-02-10T06:32:10.627-0500] {subprocess.py:106} INFO -              'host': '172.29.33.204',
[2025-02-10T06:32:10.627-0500] {subprocess.py:106} INFO -              'password': 'calidad2021*',
[2025-02-10T06:32:10.628-0500] {subprocess.py:106} INFO -              'port': '3306',
[2025-02-10T06:32:10.629-0500] {subprocess.py:106} INFO -              'user': 'calidad_etl'}
[2025-02-10T06:32:11.276-0500] {subprocess.py:106} INFO - 2025-02-10 06:32:11,276 - assets - INFO - Engine para base de datos: calidad_etl creado exitosamente
[2025-02-10T06:32:11.281-0500] {subprocess.py:106} INFO - ic| hoy: datetime.date(2025, 2, 10)
[2025-02-10T06:32:11.281-0500] {subprocess.py:106} INFO -     fecha_inicio: datetime.date(2025, 2, 1)
[2025-02-10T06:32:11.285-0500] {subprocess.py:106} INFO - ic| fecha_inicio: datetime.date(2025, 2, 1)
[2025-02-10T06:32:11.286-0500] {subprocess.py:106} INFO -     fecha_fin: datetime.date(2025, 2, 10)
[2025-02-10T06:32:11.289-0500] {subprocess.py:106} INFO - ic| query: '
[2025-02-10T06:32:11.290-0500] {subprocess.py:106} INFO -             SELECT * FROM calidad_etl.sm_cerrado
[2025-02-10T06:32:11.291-0500] {subprocess.py:106} INFO -                 WHERE "INSERTAR_DT" >= %s;
[2025-02-10T06:32:11.292-0500] {subprocess.py:106} INFO -             '
[2025-02-10T06:32:11.794-0500] {subprocess.py:106} INFO - 2025-02-10 06:32:11,793 - assets - INFO - SQL query succesfully executed
[2025-02-10T06:32:11.794-0500] {subprocess.py:106} INFO - 2025-02-10 06:32:11,794 - etl_ex_bbva - INFO - Start ETL Exito Tuya BBVA
[2025-02-10T06:32:14.022-0500] {subprocess.py:106} INFO - 2025-02-10 06:32:14,022 - etl_ex_bbva - INFO - Reporte como_vamos.xlsx successfully load
[2025-02-10T06:32:14.222-0500] {subprocess.py:106} INFO - 2025-02-10 06:32:14,222 - etl_ex_bbva - INFO - etl_ex_bbva.py success execution
[2025-02-10T06:32:14.223-0500] {subprocess.py:106} INFO - Conexión exitosa a la base de datos: calidad_etl
[2025-02-10T06:32:14.468-0500] {subprocess.py:110} INFO - Command exited with return code 0
[2025-02-10T06:32:14.496-0500] {taskinstance.py:340} INFO - ::group::Post task execution logs
[2025-02-10T06:32:14.497-0500] {taskinstance.py:352} INFO - Marking task as SUCCESS. dag_id=etl_reporte_como_vamos, task_id=etl_ex_bbva, run_id=scheduled__2025-02-09T11:30:00+00:00, execution_date=20250209T113000, start_date=20250210T113207, end_date=20250210T113214
[2025-02-10T06:32:14.530-0500] {local_task_job_runner.py:266} INFO - Task exited with return code 0
[2025-02-10T06:32:14.555-0500] {taskinstance.py:3895} INFO - 1 downstream tasks scheduled from follow-on schedule check
[2025-02-10T06:32:14.562-0500] {local_task_job_runner.py:245} INFO - ::endgroup::
