[2025-02-14T06:30:02.007-0500] {local_task_job_runner.py:123} INFO - ::group::Pre task execution logs
[2025-02-14T06:30:02.032-0500] {taskinstance.py:2613} INFO - Dependencies all met for dep_context=non-requeueable deps ti=<TaskInstance: etl_reporte_como_vamos.task_bot_como_vamos scheduled__2025-02-13T11:30:00+00:00 [queued]>
[2025-02-14T06:30:02.044-0500] {taskinstance.py:2613} INFO - Dependencies all met for dep_context=requeueable deps ti=<TaskInstance: etl_reporte_como_vamos.task_bot_como_vamos scheduled__2025-02-13T11:30:00+00:00 [queued]>
[2025-02-14T06:30:02.046-0500] {taskinstance.py:2866} INFO - Starting attempt 1 of 4
[2025-02-14T06:30:02.067-0500] {taskinstance.py:2889} INFO - Executing <Task(BashOperator): task_bot_como_vamos> on 2025-02-13 11:30:00+00:00
[2025-02-14T06:30:02.075-0500] {warnings.py:112} WARNING - /home/***/.local/lib/python3.12/site-packages/***/task/task_runner/standard_task_runner.py:70: DeprecationWarning: This process (pid=61331) is multi-threaded, use of fork() may lead to deadlocks in the child.
  pid = os.fork()

[2025-02-14T06:30:02.077-0500] {standard_task_runner.py:72} INFO - Started process 61332 to run task
[2025-02-14T06:30:02.077-0500] {standard_task_runner.py:104} INFO - Running: ['***', 'tasks', 'run', 'etl_reporte_como_vamos', 'task_bot_como_vamos', 'scheduled__2025-02-13T11:30:00+00:00', '--job-id', '122', '--raw', '--subdir', 'DAGS_FOLDER/etl_como_vamos_dag.py', '--cfg-path', '/tmp/tmp3ex4rtyv']
[2025-02-14T06:30:02.079-0500] {standard_task_runner.py:105} INFO - Job 122: Subtask task_bot_como_vamos
[2025-02-14T06:30:02.143-0500] {task_command.py:467} INFO - Running <TaskInstance: etl_reporte_como_vamos.task_bot_como_vamos scheduled__2025-02-13T11:30:00+00:00 [running]> on host 21f1c1b48730
[2025-02-14T06:30:02.257-0500] {taskinstance.py:3132} INFO - Exporting env vars: AIRFLOW_CTX_DAG_OWNER='***' AIRFLOW_CTX_DAG_ID='etl_reporte_como_vamos' AIRFLOW_CTX_TASK_ID='task_bot_como_vamos' AIRFLOW_CTX_EXECUTION_DATE='2025-02-13T11:30:00+00:00' AIRFLOW_CTX_TRY_NUMBER='1' AIRFLOW_CTX_DAG_RUN_ID='scheduled__2025-02-13T11:30:00+00:00'
[2025-02-14T06:30:02.258-0500] {taskinstance.py:731} INFO - ::endgroup::
[2025-02-14T06:30:02.294-0500] {subprocess.py:78} INFO - Tmp dir root location: /tmp
[2025-02-14T06:30:02.296-0500] {subprocess.py:88} INFO - Running command: ['/usr/bin/bash', '-c', 'python /opt/***/scripts/bot_reporte_como_vamos.py']
[2025-02-14T06:30:02.307-0500] {subprocess.py:99} INFO - Output:
[2025-02-14T06:30:05.559-0500] {subprocess.py:106} INFO - ic| report_date: '13/02/2025'
[2025-02-14T06:30:05.560-0500] {subprocess.py:106} INFO - 2025-02-14 06:30:05,559 - bot_como_vamos - INFO - Starting script bot_como_vamos.py
[2025-02-14T06:30:06.157-0500] {subprocess.py:106} INFO - 2025-02-14 06:30:06,157 - bot_como_vamos - INFO - Conexión al Selenium Hub establecida correctamente
[2025-02-14T06:31:02.140-0500] {subprocess.py:106} INFO - ic| login_success: <selenium.webdriver.remote.webelement.WebElement (session="084eefe49fbef8187b3cde9671baeb82", element="f.48F2F81488F9EC99800766B56F08F16D.d.235AB5BCB54895BAE1ABA855CC25B0A5.e.81")>
[2025-02-14T06:31:02.141-0500] {subprocess.py:106} INFO - 2025-02-14 06:31:02,140 - bot_como_vamos - INFO - Loging success
[2025-02-14T06:31:12.297-0500] {subprocess.py:106} INFO - 2025-02-14 06:31:12,297 - bot_como_vamos - INFO - Click in menu button successfully
[2025-02-14T06:31:22.526-0500] {subprocess.py:106} INFO - 2025-02-14 06:31:22,526 - bot_como_vamos - INFO - Input dates successfully
[2025-02-14T06:31:32.653-0500] {subprocess.py:106} INFO - 2025-02-14 06:31:32,653 - bot_como_vamos - INFO - Click in 'Empresas Y Negocios' successfully
[2025-02-14T06:32:07.180-0500] {subprocess.py:106} INFO - 2025-02-14 06:32:07,180 - assets - INFO - Waiting for download file...............
[2025-02-14T06:32:07.220-0500] {subprocess.py:106} INFO - ic| file: '.com.google.Chrome.6BJdch'
[2025-02-14T06:32:07.224-0500] {subprocess.py:106} INFO - ic| file: 'Unconfirmed 418016.crdownload'
[2025-02-14T06:32:12.232-0500] {subprocess.py:106} INFO - ic| file: 'Unconfirmed 318547.crdownload'
[2025-02-14T06:32:12.243-0500] {subprocess.py:106} INFO - ic| file: 'Unconfirmed 418016.crdownload'
[2025-02-14T06:32:17.248-0500] {subprocess.py:106} INFO - ic| file: 'Reporte como_vamos.xlsx'
[2025-02-14T06:32:17.250-0500] {subprocess.py:106} INFO - 2025-02-14 06:32:17,248 - bot_como_vamos - INFO - Download Reporte como_vamos succesfully
[2025-02-14T06:32:17.551-0500] {subprocess.py:110} INFO - Command exited with return code 0
[2025-02-14T06:32:17.585-0500] {taskinstance.py:340} INFO - ::group::Post task execution logs
[2025-02-14T06:32:17.587-0500] {taskinstance.py:352} INFO - Marking task as SUCCESS. dag_id=etl_reporte_como_vamos, task_id=task_bot_como_vamos, run_id=scheduled__2025-02-13T11:30:00+00:00, execution_date=20250213T113000, start_date=20250214T113002, end_date=20250214T113217
[2025-02-14T06:32:17.644-0500] {local_task_job_runner.py:266} INFO - Task exited with return code 0
[2025-02-14T06:32:17.679-0500] {taskinstance.py:3895} INFO - 2 downstream tasks scheduled from follow-on schedule check
[2025-02-14T06:32:17.684-0500] {local_task_job_runner.py:245} INFO - ::endgroup::
