[2025-02-02T21:42:45.576-0500] {local_task_job_runner.py:123} INFO - ::group::Pre task execution logs
[2025-02-02T21:42:45.604-0500] {taskinstance.py:2613} INFO - Dependencies all met for dep_context=non-requeueable deps ti=<TaskInstance: etl_reporte_como_vamos.bot_ex_bbva scheduled__2025-02-02T06:40:00+00:00 [queued]>
[2025-02-02T21:42:45.617-0500] {taskinstance.py:2613} INFO - Dependencies all met for dep_context=requeueable deps ti=<TaskInstance: etl_reporte_como_vamos.bot_ex_bbva scheduled__2025-02-02T06:40:00+00:00 [queued]>
[2025-02-02T21:42:45.619-0500] {taskinstance.py:2866} INFO - Starting attempt 1 of 4
[2025-02-02T21:42:45.636-0500] {taskinstance.py:2889} INFO - Executing <Task(BashOperator): bot_ex_bbva> on 2025-02-02 06:40:00+00:00
[2025-02-02T21:42:45.645-0500] {warnings.py:112} WARNING - /home/***/.local/lib/python3.12/site-packages/***/task/task_runner/standard_task_runner.py:70: DeprecationWarning: This process (pid=550) is multi-threaded, use of fork() may lead to deadlocks in the child.
  pid = os.fork()

[2025-02-02T21:42:45.649-0500] {standard_task_runner.py:72} INFO - Started process 551 to run task
[2025-02-02T21:42:45.648-0500] {standard_task_runner.py:104} INFO - Running: ['***', 'tasks', 'run', 'etl_reporte_como_vamos', 'bot_ex_bbva', 'scheduled__2025-02-02T06:40:00+00:00', '--job-id', '10', '--raw', '--subdir', 'DAGS_FOLDER/etl_como_vamos_dag.py', '--cfg-path', '/tmp/tmp3u17bllo']
[2025-02-02T21:42:45.650-0500] {standard_task_runner.py:105} INFO - Job 10: Subtask bot_ex_bbva
[2025-02-02T21:42:45.720-0500] {task_command.py:467} INFO - Running <TaskInstance: etl_reporte_como_vamos.bot_ex_bbva scheduled__2025-02-02T06:40:00+00:00 [running]> on host 21f1c1b48730
[2025-02-02T21:42:45.824-0500] {taskinstance.py:3132} INFO - Exporting env vars: AIRFLOW_CTX_DAG_OWNER='***' AIRFLOW_CTX_DAG_ID='etl_reporte_como_vamos' AIRFLOW_CTX_TASK_ID='bot_ex_bbva' AIRFLOW_CTX_EXECUTION_DATE='2025-02-02T06:40:00+00:00' AIRFLOW_CTX_TRY_NUMBER='1' AIRFLOW_CTX_DAG_RUN_ID='scheduled__2025-02-02T06:40:00+00:00'
[2025-02-02T21:42:45.826-0500] {taskinstance.py:731} INFO - ::endgroup::
[2025-02-02T21:42:45.845-0500] {subprocess.py:78} INFO - Tmp dir root location: /tmp
[2025-02-02T21:42:45.847-0500] {subprocess.py:88} INFO - Running command: ['/usr/bin/bash', '-c', 'python /opt/***/scripts/bot_etl_ex_bbva.py']
[2025-02-02T21:42:45.859-0500] {subprocess.py:99} INFO - Output:
[2025-02-02T21:42:46.836-0500] {subprocess.py:106} INFO - 2025-02-02 21:42:46,836 - bot_etl_ex_bbva - INFO - Bot ETL Exito-BBVA started
[2025-02-02T21:42:47.652-0500] {subprocess.py:106} INFO - 2025-02-02 21:42:47,652 - bot_etl_ex_bbva - INFO - Conexión al Selenium Hub establecida correctamente
[2025-02-02T21:42:48.602-0500] {subprocess.py:106} INFO - 2025-02-02 21:42:48,602 - bot_etl_ex_bbva - INFO - Credentials input success
[2025-02-02T21:42:50.298-0500] {subprocess.py:106} INFO - 2025-02-02 21:42:50,298 - bot_etl_ex_bbva - INFO - Click in login button
[2025-02-02T21:43:00.339-0500] {subprocess.py:106} INFO - 2025-02-02 21:43:00,338 - bot_etl_ex_bbva - INFO - Loging success
[2025-02-02T21:43:02.256-0500] {subprocess.py:106} INFO - 2025-02-02 21:43:02,256 - bot_etl_ex_bbva - INFO - Input file succes
[2025-02-02T21:43:11.517-0500] {subprocess.py:106} INFO - 2025-02-02 21:43:11,517 - bot_etl_ex_bbva - INFO - Click in Cargar
[2025-02-02T21:43:17.165-0500] {subprocess.py:106} INFO - 2025-02-02 21:43:17,165 - bot_etl_ex_bbva - INFO - bot_etl_ex_bbva finish execution
[2025-02-02T21:43:17.330-0500] {subprocess.py:110} INFO - Command exited with return code 0
[2025-02-02T21:43:17.383-0500] {taskinstance.py:340} INFO - ::group::Post task execution logs
[2025-02-02T21:43:17.392-0500] {taskinstance.py:352} INFO - Marking task as SUCCESS. dag_id=etl_reporte_como_vamos, task_id=bot_ex_bbva, run_id=scheduled__2025-02-02T06:40:00+00:00, execution_date=20250202T064000, start_date=20250203T024245, end_date=20250203T024317
[2025-02-02T21:43:17.455-0500] {local_task_job_runner.py:266} INFO - Task exited with return code 0
[2025-02-02T21:43:17.485-0500] {taskinstance.py:3895} INFO - 1 downstream tasks scheduled from follow-on schedule check
[2025-02-02T21:43:17.489-0500] {local_task_job_runner.py:245} INFO - ::endgroup::
