[2025-01-27T23:11:52.866+0000] {local_task_job_runner.py:123} INFO - ::group::Pre task execution logs
[2025-01-27T23:11:52.922+0000] {taskinstance.py:2613} INFO - Dependencies all met for dep_context=non-requeueable deps ti=<TaskInstance: etl_reporte_como_vamos.etl_cdc manual__2025-01-27T23:11:44.881212+00:00 [queued]>
[2025-01-27T23:11:52.946+0000] {taskinstance.py:2613} INFO - Dependencies all met for dep_context=requeueable deps ti=<TaskInstance: etl_reporte_como_vamos.etl_cdc manual__2025-01-27T23:11:44.881212+00:00 [queued]>
[2025-01-27T23:11:52.951+0000] {taskinstance.py:2866} INFO - Starting attempt 1 of 2
[2025-01-27T23:11:53.003+0000] {taskinstance.py:2889} INFO - Executing <Task(BashOperator): etl_cdc> on 2025-01-27 23:11:44.881212+00:00
[2025-01-27T23:11:53.019+0000] {standard_task_runner.py:104} INFO - Running: ['***', 'tasks', 'run', 'etl_reporte_como_vamos', 'etl_cdc', 'manual__2025-01-27T23:11:44.881212+00:00', '--job-id', '8', '--raw', '--subdir', 'DAGS_FOLDER/etl_como_vamos_dag.py', '--cfg-path', '/tmp/tmp4q7qpsf5']
[2025-01-27T23:11:53.027+0000] {standard_task_runner.py:105} INFO - Job 8: Subtask etl_cdc
[2025-01-27T23:11:53.034+0000] {logging_mixin.py:190} WARNING - /home/***/.local/lib/python3.12/site-packages/***/task/task_runner/standard_task_runner.py:70 DeprecationWarning: This process (pid=312) is multi-threaded, use of fork() may lead to deadlocks in the child.
[2025-01-27T23:11:53.037+0000] {standard_task_runner.py:72} INFO - Started process 313 to run task
[2025-01-27T23:11:53.213+0000] {task_command.py:467} INFO - Running <TaskInstance: etl_reporte_como_vamos.etl_cdc manual__2025-01-27T23:11:44.881212+00:00 [running]> on host 4bc3fbeb4580
[2025-01-27T23:11:55.321+0000] {taskinstance.py:3132} INFO - Exporting env vars: AIRFLOW_CTX_DAG_OWNER='***' AIRFLOW_CTX_DAG_ID='etl_reporte_como_vamos' AIRFLOW_CTX_TASK_ID='etl_cdc' AIRFLOW_CTX_EXECUTION_DATE='2025-01-27T23:11:44.881212+00:00' AIRFLOW_CTX_TRY_NUMBER='1' AIRFLOW_CTX_DAG_RUN_ID='manual__2025-01-27T23:11:44.881212+00:00'
[2025-01-27T23:11:55.324+0000] {taskinstance.py:731} INFO - ::endgroup::
[2025-01-27T23:11:55.355+0000] {subprocess.py:78} INFO - Tmp dir root location: /tmp
[2025-01-27T23:11:55.358+0000] {subprocess.py:88} INFO - Running command: ['/usr/bin/bash', '-c', 'python /opt/***/scripts/etl_cdc.py']
[2025-01-27T23:11:55.379+0000] {subprocess.py:99} INFO - Output:
[2025-01-27T23:12:03.429+0000] {subprocess.py:106} INFO - Ejecucion Erronea
[2025-01-27T23:12:03.969+0000] {subprocess.py:110} INFO - Command exited with return code 0
[2025-01-27T23:12:04.048+0000] {taskinstance.py:340} INFO - ::group::Post task execution logs
[2025-01-27T23:12:04.052+0000] {taskinstance.py:352} INFO - Marking task as SUCCESS. dag_id=etl_reporte_como_vamos, task_id=etl_cdc, run_id=manual__2025-01-27T23:11:44.881212+00:00, execution_date=20250127T231144, start_date=20250127T231152, end_date=20250127T231204
[2025-01-27T23:12:04.153+0000] {local_task_job_runner.py:266} INFO - Task exited with return code 0
[2025-01-27T23:12:04.216+0000] {taskinstance.py:3895} INFO - 0 downstream tasks scheduled from follow-on schedule check
[2025-01-27T23:12:04.223+0000] {local_task_job_runner.py:245} INFO - ::endgroup::
