[2025-01-30T03:17:45.153+0000] {local_task_job_runner.py:123} INFO - ::group::Pre task execution logs
[2025-01-30T03:17:45.200+0000] {taskinstance.py:2613} INFO - Dependencies all met for dep_context=non-requeueable deps ti=<TaskInstance: etl_reporte_como_vamos.task_bot_como_vamos manual__2025-01-30T03:03:43.350908+00:00 [queued]>
[2025-01-30T03:17:45.225+0000] {taskinstance.py:2613} INFO - Dependencies all met for dep_context=requeueable deps ti=<TaskInstance: etl_reporte_como_vamos.task_bot_como_vamos manual__2025-01-30T03:03:43.350908+00:00 [queued]>
[2025-01-30T03:17:45.226+0000] {taskinstance.py:2866} INFO - Starting attempt 2 of 2
[2025-01-30T03:17:45.265+0000] {taskinstance.py:2889} INFO - Executing <Task(BashOperator): task_bot_como_vamos> on 2025-01-30 03:03:43.350908+00:00
[2025-01-30T03:17:45.275+0000] {warnings.py:112} WARNING - /home/***/.local/lib/python3.12/site-packages/***/task/task_runner/standard_task_runner.py:70: DeprecationWarning: This process (pid=2163) is multi-threaded, use of fork() may lead to deadlocks in the child.
  pid = os.fork()

[2025-01-30T03:17:45.279+0000] {standard_task_runner.py:72} INFO - Started process 2164 to run task
[2025-01-30T03:17:45.282+0000] {standard_task_runner.py:104} INFO - Running: ['***', 'tasks', 'run', 'etl_reporte_como_vamos', 'task_bot_como_vamos', 'manual__2025-01-30T03:03:43.350908+00:00', '--job-id', '17', '--raw', '--subdir', 'DAGS_FOLDER/etl_como_vamos_dag.py', '--cfg-path', '/tmp/tmptn4pk_jx']
[2025-01-30T03:17:45.284+0000] {standard_task_runner.py:105} INFO - Job 17: Subtask task_bot_como_vamos
[2025-01-30T03:17:45.409+0000] {task_command.py:467} INFO - Running <TaskInstance: etl_reporte_como_vamos.task_bot_como_vamos manual__2025-01-30T03:03:43.350908+00:00 [running]> on host 438c87da0b60
[2025-01-30T03:17:45.657+0000] {taskinstance.py:3132} INFO - Exporting env vars: AIRFLOW_CTX_DAG_OWNER='***' AIRFLOW_CTX_DAG_ID='etl_reporte_como_vamos' AIRFLOW_CTX_TASK_ID='task_bot_como_vamos' AIRFLOW_CTX_EXECUTION_DATE='2025-01-30T03:03:43.350908+00:00' AIRFLOW_CTX_TRY_NUMBER='2' AIRFLOW_CTX_DAG_RUN_ID='manual__2025-01-30T03:03:43.350908+00:00'
[2025-01-30T03:17:45.661+0000] {taskinstance.py:731} INFO - ::endgroup::
[2025-01-30T03:17:45.721+0000] {subprocess.py:78} INFO - Tmp dir root location: /tmp
[2025-01-30T03:17:45.724+0000] {subprocess.py:88} INFO - Running command: ['/usr/bin/bash', '-c', 'python /opt/***/scripts/bot_reporte_como_vamos.py']
[2025-01-30T03:17:45.757+0000] {subprocess.py:99} INFO - Output:
[2025-01-30T03:17:52.535+0000] {subprocess.py:106} INFO - ic| start_date: '01/01/2025', end_date: '30/01/2025'
[2025-01-30T03:17:52.537+0000] {subprocess.py:106} INFO - 2025-01-30 03:17:52,535 - bot_como_vamos - INFO - Starting script bot_como_vamos.py
[2025-01-30T03:17:52.819+0000] {subprocess.py:106} INFO - 2025-01-30 03:17:52,817 - bot_como_vamos - INFO - Conexión al Selenium Hub establecida correctamente
[2025-01-30T03:19:21.204+0000] {subprocess.py:106} INFO - 2025-01-30 03:19:21,203 - bot_como_vamos - ERROR - Execution error bot_reporte_como_vamos.py:
[2025-01-30T03:19:21.205+0000] {subprocess.py:106} INFO -  Error type: TimeoutException
[2025-01-30T03:19:21.206+0000] {subprocess.py:106} INFO - Error message: Message:
[2025-01-30T03:19:21.208+0000] {subprocess.py:106} INFO - Stacktrace:
[2025-01-30T03:19:21.209+0000] {subprocess.py:106} INFO - #0 0x56292b09adca <unknown>
[2025-01-30T03:19:21.210+0000] {subprocess.py:106} INFO - #1 0x56292ab913f0 <unknown>
[2025-01-30T03:19:21.212+0000] {subprocess.py:106} INFO - #2 0x56292abe110c <unknown>
[2025-01-30T03:19:21.213+0000] {subprocess.py:106} INFO - #3 0x56292abe1331 <unknown>
[2025-01-30T03:19:21.215+0000] {subprocess.py:106} INFO - #4 0x56292ac27154 <unknown>
[2025-01-30T03:19:21.216+0000] {subprocess.py:106} INFO - #5 0x56292ac05abd <unknown>
[2025-01-30T03:19:21.221+0000] {subprocess.py:106} INFO - #6 0x56292ac244b3 <unknown>
[2025-01-30T03:19:21.222+0000] {subprocess.py:106} INFO - #7 0x56292ac05833 <unknown>
[2025-01-30T03:19:21.223+0000] {subprocess.py:106} INFO - #8 0x56292abd25a0 <unknown>
[2025-01-30T03:19:21.224+0000] {subprocess.py:106} INFO - #9 0x56292abd3ece <unknown>
[2025-01-30T03:19:21.225+0000] {subprocess.py:106} INFO - #10 0x56292b064bdb <unknown>
[2025-01-30T03:19:21.227+0000] {subprocess.py:106} INFO - #11 0x56292b068b67 <unknown>
[2025-01-30T03:19:21.228+0000] {subprocess.py:106} INFO - #12 0x56292b0503bc <unknown>
[2025-01-30T03:19:21.230+0000] {subprocess.py:106} INFO - #13 0x56292b069727 <unknown>
[2025-01-30T03:19:21.231+0000] {subprocess.py:106} INFO - #14 0x56292b03474f <unknown>
[2025-01-30T03:19:21.232+0000] {subprocess.py:106} INFO - #15 0x56292b089938 <unknown>
[2025-01-30T03:19:21.234+0000] {subprocess.py:106} INFO - #16 0x56292b089b00 <unknown>
[2025-01-30T03:19:21.235+0000] {subprocess.py:106} INFO - #17 0x56292b099c46 <unknown>
[2025-01-30T03:19:21.236+0000] {subprocess.py:106} INFO - #18 0x7fa6a98eda94 <unknown>
[2025-01-30T03:19:21.238+0000] {subprocess.py:106} INFO - #19 0x7fa6a997ac3c <unknown>
[2025-01-30T03:19:21.239+0000] {subprocess.py:106} INFO - 
[2025-01-30T03:19:21.240+0000] {subprocess.py:106} INFO - Full Traceback: Traceback (most recent call last):
[2025-01-30T03:19:21.242+0000] {subprocess.py:106} INFO -   File "/opt/***/scripts/bot_reporte_como_vamos.py", line 92, in main
[2025-01-30T03:19:21.243+0000] {subprocess.py:106} INFO -     username_field = wait.until(EC.presence_of_element_located((By.ID, "usuario")))
[2025-01-30T03:19:21.245+0000] {subprocess.py:106} INFO -                      ^^^^^^^^^^^^^^^^^^^^^^^^^^^^^^^^^^^^^^^^^^^^^^^^^^^^^^^^^^^^^^
[2025-01-30T03:19:21.246+0000] {subprocess.py:106} INFO -   File "/home/***/.local/lib/python3.12/site-packages/selenium/webdriver/support/wait.py", line 146, in until
[2025-01-30T03:19:21.247+0000] {subprocess.py:106} INFO -     raise TimeoutException(message, screen, stacktrace)
[2025-01-30T03:19:21.249+0000] {subprocess.py:106} INFO - selenium.common.exceptions.TimeoutException: Message:
[2025-01-30T03:19:21.250+0000] {subprocess.py:106} INFO - Stacktrace:
[2025-01-30T03:19:21.252+0000] {subprocess.py:106} INFO - #0 0x56292b09adca <unknown>
[2025-01-30T03:19:21.253+0000] {subprocess.py:106} INFO - #1 0x56292ab913f0 <unknown>
[2025-01-30T03:19:21.254+0000] {subprocess.py:106} INFO - #2 0x56292abe110c <unknown>
[2025-01-30T03:19:21.256+0000] {subprocess.py:106} INFO - #3 0x56292abe1331 <unknown>
[2025-01-30T03:19:21.257+0000] {subprocess.py:106} INFO - #4 0x56292ac27154 <unknown>
[2025-01-30T03:19:21.258+0000] {subprocess.py:106} INFO - #5 0x56292ac05abd <unknown>
[2025-01-30T03:19:21.260+0000] {subprocess.py:106} INFO - #6 0x56292ac244b3 <unknown>
[2025-01-30T03:19:21.261+0000] {subprocess.py:106} INFO - #7 0x56292ac05833 <unknown>
[2025-01-30T03:19:21.263+0000] {subprocess.py:106} INFO - #8 0x56292abd25a0 <unknown>
[2025-01-30T03:19:21.264+0000] {subprocess.py:106} INFO - #9 0x56292abd3ece <unknown>
[2025-01-30T03:19:21.266+0000] {subprocess.py:106} INFO - #10 0x56292b064bdb <unknown>
[2025-01-30T03:19:21.266+0000] {subprocess.py:106} INFO - #11 0x56292b068b67 <unknown>
[2025-01-30T03:19:21.267+0000] {subprocess.py:106} INFO - #12 0x56292b0503bc <unknown>
[2025-01-30T03:19:21.268+0000] {subprocess.py:106} INFO - #13 0x56292b069727 <unknown>
[2025-01-30T03:19:21.269+0000] {subprocess.py:106} INFO - #14 0x56292b03474f <unknown>
[2025-01-30T03:19:21.271+0000] {subprocess.py:106} INFO - #15 0x56292b089938 <unknown>
[2025-01-30T03:19:21.272+0000] {subprocess.py:106} INFO - #16 0x56292b089b00 <unknown>
[2025-01-30T03:19:21.274+0000] {subprocess.py:106} INFO - #17 0x56292b099c46 <unknown>
[2025-01-30T03:19:21.276+0000] {subprocess.py:106} INFO - #18 0x7fa6a98eda94 <unknown>
[2025-01-30T03:19:21.278+0000] {subprocess.py:106} INFO - #19 0x7fa6a997ac3c <unknown>
[2025-01-30T03:19:21.280+0000] {subprocess.py:106} INFO - 
[2025-01-30T03:19:21.281+0000] {subprocess.py:106} INFO - 
[2025-01-30T03:19:21.284+0000] {subprocess.py:106} INFO - Traceback (most recent call last):
[2025-01-30T03:19:21.285+0000] {subprocess.py:106} INFO -   File "/opt/***/scripts/bot_reporte_como_vamos.py", line 158, in <module>
[2025-01-30T03:19:21.286+0000] {subprocess.py:106} INFO -     driver.quit()
[2025-01-30T03:19:21.288+0000] {subprocess.py:106} INFO - ^^
[2025-01-30T03:19:21.289+0000] {subprocess.py:106} INFO -   File "/opt/***/scripts/bot_reporte_como_vamos.py", line 92, in main
[2025-01-30T03:19:21.290+0000] {subprocess.py:106} INFO -     username_field = wait.until(EC.presence_of_element_located((By.ID, "usuario")))
[2025-01-30T03:19:21.291+0000] {subprocess.py:106} INFO -                      ^^^^^^^^^^^^^^^^^^^^^^^^^^^^^^^^^^^^^^^^^^^^^^^^^^^^^^^^^^^^^^
[2025-01-30T03:19:21.293+0000] {subprocess.py:106} INFO -   File "/home/***/.local/lib/python3.12/site-packages/selenium/webdriver/support/wait.py", line 146, in until
[2025-01-30T03:19:21.295+0000] {subprocess.py:106} INFO -     raise TimeoutException(message, screen, stacktrace)
[2025-01-30T03:19:21.296+0000] {subprocess.py:106} INFO - selenium.common.exceptions.TimeoutException: Message:
[2025-01-30T03:19:21.297+0000] {subprocess.py:106} INFO - Stacktrace:
[2025-01-30T03:19:21.298+0000] {subprocess.py:106} INFO - #0 0x56292b09adca <unknown>
[2025-01-30T03:19:21.299+0000] {subprocess.py:106} INFO - #1 0x56292ab913f0 <unknown>
[2025-01-30T03:19:21.301+0000] {subprocess.py:106} INFO - #2 0x56292abe110c <unknown>
[2025-01-30T03:19:21.302+0000] {subprocess.py:106} INFO - #3 0x56292abe1331 <unknown>
[2025-01-30T03:19:21.304+0000] {subprocess.py:106} INFO - #4 0x56292ac27154 <unknown>
[2025-01-30T03:19:21.305+0000] {subprocess.py:106} INFO - #5 0x56292ac05abd <unknown>
[2025-01-30T03:19:21.307+0000] {subprocess.py:106} INFO - #6 0x56292ac244b3 <unknown>
[2025-01-30T03:19:21.309+0000] {subprocess.py:106} INFO - #7 0x56292ac05833 <unknown>
[2025-01-30T03:19:21.310+0000] {subprocess.py:106} INFO - #8 0x56292abd25a0 <unknown>
[2025-01-30T03:19:21.312+0000] {subprocess.py:106} INFO - #9 0x56292abd3ece <unknown>
[2025-01-30T03:19:21.314+0000] {subprocess.py:106} INFO - #10 0x56292b064bdb <unknown>
[2025-01-30T03:19:21.315+0000] {subprocess.py:106} INFO - #11 0x56292b068b67 <unknown>
[2025-01-30T03:19:21.348+0000] {subprocess.py:106} INFO - #12 0x56292b0503bc <unknown>
[2025-01-30T03:19:21.349+0000] {subprocess.py:106} INFO - #13 0x56292b069727 <unknown>
[2025-01-30T03:19:21.351+0000] {subprocess.py:106} INFO - #14 0x56292b03474f <unknown>
[2025-01-30T03:19:21.354+0000] {subprocess.py:106} INFO - #15 0x56292b089938 <unknown>
[2025-01-30T03:19:21.356+0000] {subprocess.py:106} INFO - #16 0x56292b089b00 <unknown>
[2025-01-30T03:19:21.358+0000] {subprocess.py:106} INFO - #17 0x56292b099c46 <unknown>
[2025-01-30T03:19:21.359+0000] {subprocess.py:106} INFO - #18 0x7fa6a98eda94 <unknown>
[2025-01-30T03:19:21.361+0000] {subprocess.py:106} INFO - #19 0x7fa6a997ac3c <unknown>
[2025-01-30T03:19:21.367+0000] {subprocess.py:106} INFO - 
[2025-01-30T03:19:21.542+0000] {subprocess.py:110} INFO - Command exited with return code 1
[2025-01-30T03:19:21.576+0000] {taskinstance.py:3311} ERROR - Task failed with exception
Traceback (most recent call last):
  File "/home/airflow/.local/lib/python3.12/site-packages/airflow/models/taskinstance.py", line 767, in _execute_task
    result = _execute_callable(context=context, **execute_callable_kwargs)
             ^^^^^^^^^^^^^^^^^^^^^^^^^^^^^^^^^^^^^^^^^^^^^^^^^^^^^^^^^^^^^
  File "/home/airflow/.local/lib/python3.12/site-packages/airflow/models/taskinstance.py", line 733, in _execute_callable
    return ExecutionCallableRunner(
           ^^^^^^^^^^^^^^^^^^^^^^^^
  File "/home/airflow/.local/lib/python3.12/site-packages/airflow/utils/operator_helpers.py", line 252, in run
    return self.func(*args, **kwargs)
           ^^^^^^^^^^^^^^^^^^^^^^^^^^
  File "/home/airflow/.local/lib/python3.12/site-packages/airflow/models/baseoperator.py", line 422, in wrapper
    return func(self, *args, **kwargs)
           ^^^^^^^^^^^^^^^^^^^^^^^^^^^
  File "/home/airflow/.local/lib/python3.12/site-packages/airflow/operators/bash.py", line 276, in execute
    raise AirflowException(
airflow.exceptions.AirflowException: Bash command failed. The command returned a non-zero exit code 1.
[2025-01-30T03:19:21.590+0000] {taskinstance.py:1225} INFO - Marking task as FAILED. dag_id=etl_reporte_como_vamos, task_id=task_bot_como_vamos, run_id=manual__2025-01-30T03:03:43.350908+00:00, execution_date=20250130T030343, start_date=20250130T031745, end_date=20250130T031921
[2025-01-30T03:19:21.625+0000] {taskinstance.py:340} INFO - ::group::Post task execution logs
[2025-01-30T03:19:21.627+0000] {standard_task_runner.py:124} ERROR - Failed to execute job 17 for task task_bot_como_vamos (Bash command failed. The command returned a non-zero exit code 1.; 2164)
Traceback (most recent call last):
  File "/home/airflow/.local/lib/python3.12/site-packages/airflow/task/task_runner/standard_task_runner.py", line 117, in _start_by_fork
    ret = args.func(args, dag=self.dag)
          ^^^^^^^^^^^^^^^^^^^^^^^^^^^^^
  File "/home/airflow/.local/lib/python3.12/site-packages/airflow/cli/cli_config.py", line 49, in command
    return func(*args, **kwargs)
           ^^^^^^^^^^^^^^^^^^^^^
  File "/home/airflow/.local/lib/python3.12/site-packages/airflow/utils/cli.py", line 116, in wrapper
    return f(*args, **kwargs)
           ^^^^^^^^^^^^^^^^^^
  File "/home/airflow/.local/lib/python3.12/site-packages/airflow/cli/commands/task_command.py", line 483, in task_run
    task_return_code = _run_task_by_selected_method(args, _dag, ti)
                       ^^^^^^^^^^^^^^^^^^^^^^^^^^^^^^^^^^^^^^^^^^^^
  File "/home/airflow/.local/lib/python3.12/site-packages/airflow/cli/commands/task_command.py", line 256, in _run_task_by_selected_method
    return _run_raw_task(args, ti)
           ^^^^^^^^^^^^^^^^^^^^^^^
  File "/home/airflow/.local/lib/python3.12/site-packages/airflow/cli/commands/task_command.py", line 341, in _run_raw_task
    return ti._run_raw_task(
           ^^^^^^^^^^^^^^^^^
  File "/home/airflow/.local/lib/python3.12/site-packages/airflow/utils/session.py", line 97, in wrapper
    return func(*args, session=session, **kwargs)
           ^^^^^^^^^^^^^^^^^^^^^^^^^^^^^^^^^^^^^^
  File "/home/airflow/.local/lib/python3.12/site-packages/airflow/models/taskinstance.py", line 3005, in _run_raw_task
    return _run_raw_task(
           ^^^^^^^^^^^^^^
  File "/home/airflow/.local/lib/python3.12/site-packages/airflow/models/taskinstance.py", line 273, in _run_raw_task
    TaskInstance._execute_task_with_callbacks(
  File "/home/airflow/.local/lib/python3.12/site-packages/airflow/models/taskinstance.py", line 3159, in _execute_task_with_callbacks
    result = self._execute_task(context, task_orig)
             ^^^^^^^^^^^^^^^^^^^^^^^^^^^^^^^^^^^^^^
  File "/home/airflow/.local/lib/python3.12/site-packages/airflow/models/taskinstance.py", line 3183, in _execute_task
    return _execute_task(self, context, task_orig)
           ^^^^^^^^^^^^^^^^^^^^^^^^^^^^^^^^^^^^^^^
  File "/home/airflow/.local/lib/python3.12/site-packages/airflow/models/taskinstance.py", line 767, in _execute_task
    result = _execute_callable(context=context, **execute_callable_kwargs)
             ^^^^^^^^^^^^^^^^^^^^^^^^^^^^^^^^^^^^^^^^^^^^^^^^^^^^^^^^^^^^^
  File "/home/airflow/.local/lib/python3.12/site-packages/airflow/models/taskinstance.py", line 733, in _execute_callable
    return ExecutionCallableRunner(
           ^^^^^^^^^^^^^^^^^^^^^^^^
  File "/home/airflow/.local/lib/python3.12/site-packages/airflow/utils/operator_helpers.py", line 252, in run
    return self.func(*args, **kwargs)
           ^^^^^^^^^^^^^^^^^^^^^^^^^^
  File "/home/airflow/.local/lib/python3.12/site-packages/airflow/models/baseoperator.py", line 422, in wrapper
    return func(self, *args, **kwargs)
           ^^^^^^^^^^^^^^^^^^^^^^^^^^^
  File "/home/airflow/.local/lib/python3.12/site-packages/airflow/operators/bash.py", line 276, in execute
    raise AirflowException(
airflow.exceptions.AirflowException: Bash command failed. The command returned a non-zero exit code 1.
[2025-01-30T03:19:21.684+0000] {local_task_job_runner.py:266} INFO - Task exited with return code 1
[2025-01-30T03:19:21.739+0000] {taskinstance.py:3895} INFO - 0 downstream tasks scheduled from follow-on schedule check
[2025-01-30T03:19:21.751+0000] {local_task_job_runner.py:245} INFO - ::endgroup::
