[2025-01-30T03:03:45.044+0000] {local_task_job_runner.py:123} INFO - ::group::Pre task execution logs
[2025-01-30T03:03:45.082+0000] {taskinstance.py:2613} INFO - Dependencies all met for dep_context=non-requeueable deps ti=<TaskInstance: etl_reporte_como_vamos.task_bot_como_vamos manual__2025-01-30T03:03:43.350908+00:00 [queued]>
[2025-01-30T03:03:45.101+0000] {taskinstance.py:2613} INFO - Dependencies all met for dep_context=requeueable deps ti=<TaskInstance: etl_reporte_como_vamos.task_bot_como_vamos manual__2025-01-30T03:03:43.350908+00:00 [queued]>
[2025-01-30T03:03:45.102+0000] {taskinstance.py:2866} INFO - Starting attempt 1 of 2
[2025-01-30T03:03:45.130+0000] {taskinstance.py:2889} INFO - Executing <Task(BashOperator): task_bot_como_vamos> on 2025-01-30 03:03:43.350908+00:00
[2025-01-30T03:03:45.140+0000] {warnings.py:112} WARNING - /home/***/.local/lib/python3.12/site-packages/***/task/task_runner/standard_task_runner.py:70: DeprecationWarning: This process (pid=1978) is multi-threaded, use of fork() may lead to deadlocks in the child.
  pid = os.fork()

[2025-01-30T03:03:45.144+0000] {standard_task_runner.py:72} INFO - Started process 1979 to run task
[2025-01-30T03:03:45.145+0000] {standard_task_runner.py:104} INFO - Running: ['***', 'tasks', 'run', 'etl_reporte_como_vamos', 'task_bot_como_vamos', 'manual__2025-01-30T03:03:43.350908+00:00', '--job-id', '15', '--raw', '--subdir', 'DAGS_FOLDER/etl_como_vamos_dag.py', '--cfg-path', '/tmp/tmp1kdld4p8']
[2025-01-30T03:03:45.148+0000] {standard_task_runner.py:105} INFO - Job 15: Subtask task_bot_como_vamos
[2025-01-30T03:03:45.246+0000] {task_command.py:467} INFO - Running <TaskInstance: etl_reporte_como_vamos.task_bot_como_vamos manual__2025-01-30T03:03:43.350908+00:00 [running]> on host 438c87da0b60
[2025-01-30T03:03:45.425+0000] {taskinstance.py:3132} INFO - Exporting env vars: AIRFLOW_CTX_DAG_OWNER='***' AIRFLOW_CTX_DAG_ID='etl_reporte_como_vamos' AIRFLOW_CTX_TASK_ID='task_bot_como_vamos' AIRFLOW_CTX_EXECUTION_DATE='2025-01-30T03:03:43.350908+00:00' AIRFLOW_CTX_TRY_NUMBER='1' AIRFLOW_CTX_DAG_RUN_ID='manual__2025-01-30T03:03:43.350908+00:00'
[2025-01-30T03:03:45.427+0000] {taskinstance.py:731} INFO - ::endgroup::
[2025-01-30T03:03:45.458+0000] {subprocess.py:78} INFO - Tmp dir root location: /tmp
[2025-01-30T03:03:45.460+0000] {subprocess.py:88} INFO - Running command: ['/usr/bin/bash', '-c', 'python /opt/***/scripts/bot_reporte_como_vamos.py']
[2025-01-30T03:03:45.477+0000] {subprocess.py:99} INFO - Output:
[2025-01-30T03:03:49.025+0000] {subprocess.py:106} INFO - ic| start_date: '01/01/2025', end_date: '30/01/2025'
[2025-01-30T03:03:49.027+0000] {subprocess.py:106} INFO - 2025-01-30 03:03:49,025 - bot_como_vamos - INFO - Starting script bot_como_vamos.py
[2025-01-30T03:03:49.932+0000] {subprocess.py:106} INFO - 2025-01-30 03:03:49,931 - bot_como_vamos - INFO - Conexión al Selenium Hub establecida correctamente
[2025-01-30T03:04:44.457+0000] {subprocess.py:106} INFO - ic| login_success: <selenium.webdriver.remote.webelement.WebElement (session="c235db65264b5300fda99d6f7153ddc2", element="f.651081C96E7CBEA928709E00787B5627.d.AD0EAB9668BAB91C3FAF38AB55FE52BB.e.76")>
[2025-01-30T03:04:44.458+0000] {subprocess.py:106} INFO - 2025-01-30 03:04:44,456 - bot_como_vamos - INFO - Loging success
[2025-01-30T03:04:54.697+0000] {subprocess.py:106} INFO - 2025-01-30 03:04:54,697 - bot_como_vamos - INFO - Click in menu button successfully
[2025-01-30T03:05:04.868+0000] {subprocess.py:106} INFO - 2025-01-30 03:05:04,867 - bot_como_vamos - INFO - Input dates successfully
[2025-01-30T03:05:15.012+0000] {subprocess.py:106} INFO - 2025-01-30 03:05:15,012 - bot_como_vamos - INFO - Click in 'Empresas Y Negocios' successfully
[2025-01-30T03:08:25.038+0000] {subprocess.py:106} INFO - 2025-01-30 03:08:25,037 - bot_como_vamos - ERROR - Execution error bot_reporte_como_vamos.py:
[2025-01-30T03:08:25.041+0000] {subprocess.py:106} INFO -  Error type: WebDriverException
[2025-01-30T03:08:25.042+0000] {subprocess.py:106} INFO - Error message: Message: Unable to execute request for an existing session: java.util.concurrent.TimeoutException
[2025-01-30T03:08:25.044+0000] {subprocess.py:106} INFO - Build info: version: '4.28.1', revision: '73f5ad48a2'
[2025-01-30T03:08:25.046+0000] {subprocess.py:106} INFO - System info: os.name: 'Linux', os.arch: 'amd64', os.version: '5.15.153.1-microsoft-standard-WSL2', java.version: '17.0.13'
[2025-01-30T03:08:25.048+0000] {subprocess.py:106} INFO - Driver info: driver.version: unknown
[2025-01-30T03:08:25.049+0000] {subprocess.py:106} INFO - Stacktrace:
[2025-01-30T03:08:25.050+0000] {subprocess.py:106} INFO - java.lang.RuntimeException: Unable to execute request for an existing session: java.util.concurrent.TimeoutException
[2025-01-30T03:08:25.051+0000] {subprocess.py:106} INFO - Build info: version: '4.28.1', revision: '73f5ad48a2'
[2025-01-30T03:08:25.052+0000] {subprocess.py:106} INFO - System info: os.name: 'Linux', os.arch: 'amd64', os.version: '5.15.153.1-microsoft-standard-WSL2', java.version: '17.0.13'
[2025-01-30T03:08:25.054+0000] {subprocess.py:106} INFO - Driver info: driver.version: unknown
[2025-01-30T03:08:25.055+0000] {subprocess.py:106} INFO - 	at org.openqa.selenium.grid.router.HandleSession.execute(HandleSession.java:210)
[2025-01-30T03:08:25.056+0000] {subprocess.py:106} INFO - 	at org.openqa.selenium.remote.http.Route$PredicatedRoute.handle(Route.java:397)
[2025-01-30T03:08:25.058+0000] {subprocess.py:106} INFO - 	at org.openqa.selenium.remote.http.Route.execute(Route.java:69)
[2025-01-30T03:08:25.059+0000] {subprocess.py:106} INFO - 	at org.openqa.selenium.remote.http.Route$CombinedRoute.handle(Route.java:360)
[2025-01-30T03:08:25.060+0000] {subprocess.py:106} INFO - 	at org.openqa.selenium.remote.http.Route.execute(Route.java:69)
[2025-01-30T03:08:25.061+0000] {subprocess.py:106} INFO - 	at org.openqa.selenium.grid.router.Router.execute(Router.java:89)
[2025-01-30T03:08:25.062+0000] {subprocess.py:106} INFO - 	at org.openqa.selenium.grid.web.EnsureSpecCompliantResponseHeaders.lambda$apply$0(EnsureSpecCompliantResponseHeaders.java:34)
[2025-01-30T03:08:25.063+0000] {subprocess.py:106} INFO - 	at org.openqa.selenium.remote.http.Filter$1.execute(Filter.java:63)
[2025-01-30T03:08:25.065+0000] {subprocess.py:106} INFO - 	at org.openqa.selenium.remote.http.Route$CombinedRoute.handle(Route.java:360)
[2025-01-30T03:08:25.066+0000] {subprocess.py:106} INFO - 	at org.openqa.selenium.remote.http.Route.execute(Route.java:69)
[2025-01-30T03:08:25.067+0000] {subprocess.py:106} INFO - 	at org.openqa.selenium.remote.AddWebDriverSpecHeaders.lambda$apply$0(AddWebDriverSpecHeaders.java:35)
[2025-01-30T03:08:25.068+0000] {subprocess.py:106} INFO - 	at org.openqa.selenium.remote.ErrorFilter.lambda$apply$0(ErrorFilter.java:44)
[2025-01-30T03:08:25.070+0000] {subprocess.py:106} INFO - 	at org.openqa.selenium.remote.http.Filter$1.execute(Filter.java:63)
[2025-01-30T03:08:25.071+0000] {subprocess.py:106} INFO - 	at org.openqa.selenium.remote.ErrorFilter.lambda$apply$0(ErrorFilter.java:44)
[2025-01-30T03:08:25.073+0000] {subprocess.py:106} INFO - 	at org.openqa.selenium.remote.http.Filter$1.execute(Filter.java:63)
[2025-01-30T03:08:25.074+0000] {subprocess.py:106} INFO - 	at org.openqa.selenium.netty.server.SeleniumHandler.lambda$channelRead0$0(SeleniumHandler.java:49)
[2025-01-30T03:08:25.075+0000] {subprocess.py:106} INFO - 	at java.base/java.util.concurrent.Executors$RunnableAdapter.call(Executors.java:539)
[2025-01-30T03:08:25.076+0000] {subprocess.py:106} INFO - 	at java.base/java.util.concurrent.FutureTask.run(FutureTask.java:264)
[2025-01-30T03:08:25.078+0000] {subprocess.py:106} INFO - 	at java.base/java.util.concurrent.ThreadPoolExecutor.runWorker(ThreadPoolExecutor.java:1136)
[2025-01-30T03:08:25.079+0000] {subprocess.py:106} INFO - 	at java.base/java.util.concurrent.ThreadPoolExecutor$Worker.run(ThreadPoolExecutor.java:635)
[2025-01-30T03:08:25.080+0000] {subprocess.py:106} INFO - 	at java.base/java.lang.Thread.run(Thread.java:840)
[2025-01-30T03:08:25.081+0000] {subprocess.py:106} INFO - Caused by: java.util.concurrent.TimeoutException
[2025-01-30T03:08:25.083+0000] {subprocess.py:106} INFO - 	at java.base/java.util.concurrent.CompletableFuture$Timeout.run(CompletableFuture.java:2874)
[2025-01-30T03:08:25.084+0000] {subprocess.py:106} INFO - 	at java.base/java.util.concurrent.Executors$RunnableAdapter.call(Executors.java:539)
[2025-01-30T03:08:25.085+0000] {subprocess.py:106} INFO - 	at java.base/java.util.concurrent.FutureTask.run(FutureTask.java:264)
[2025-01-30T03:08:25.087+0000] {subprocess.py:106} INFO - 	at java.base/java.util.concurrent.ScheduledThreadPoolExecutor$ScheduledFutureTask.run(ScheduledThreadPoolExecutor.java:304)
[2025-01-30T03:08:25.088+0000] {subprocess.py:106} INFO - 	... 3 more
[2025-01-30T03:08:25.090+0000] {subprocess.py:106} INFO - 
[2025-01-30T03:08:25.092+0000] {subprocess.py:106} INFO - Full Traceback: Traceback (most recent call last):
[2025-01-30T03:08:25.093+0000] {subprocess.py:106} INFO -   File "/opt/***/scripts/bot_reporte_como_vamos.py", line 137, in main
[2025-01-30T03:08:25.095+0000] {subprocess.py:106} INFO -     reporte_como_vamos.click()
[2025-01-30T03:08:25.096+0000] {subprocess.py:106} INFO -   File "/home/***/.local/lib/python3.12/site-packages/selenium/webdriver/remote/webelement.py", line 119, in click
[2025-01-30T03:08:25.098+0000] {subprocess.py:106} INFO -     self._execute(Command.CLICK_ELEMENT)
[2025-01-30T03:08:25.099+0000] {subprocess.py:106} INFO -   File "/home/***/.local/lib/python3.12/site-packages/selenium/webdriver/remote/webelement.py", line 570, in _execute
[2025-01-30T03:08:25.101+0000] {subprocess.py:106} INFO -     return self._parent.execute(command, params)
[2025-01-30T03:08:25.102+0000] {subprocess.py:106} INFO -            ^^^^^^^^^^^^^^^^^^^^^^^^^^^^^^^^^^^^^
[2025-01-30T03:08:25.103+0000] {subprocess.py:106} INFO -   File "/home/***/.local/lib/python3.12/site-packages/selenium/webdriver/remote/webdriver.py", line 429, in execute
[2025-01-30T03:08:25.104+0000] {subprocess.py:106} INFO -     self.error_handler.check_response(response)
[2025-01-30T03:08:25.105+0000] {subprocess.py:106} INFO -   File "/home/***/.local/lib/python3.12/site-packages/selenium/webdriver/remote/errorhandler.py", line 232, in check_response
[2025-01-30T03:08:25.107+0000] {subprocess.py:106} INFO -     raise exception_class(message, screen, stacktrace)
[2025-01-30T03:08:25.108+0000] {subprocess.py:106} INFO - selenium.common.exceptions.WebDriverException: Message: Unable to execute request for an existing session: java.util.concurrent.TimeoutException
[2025-01-30T03:08:25.109+0000] {subprocess.py:106} INFO - Build info: version: '4.28.1', revision: '73f5ad48a2'
[2025-01-30T03:08:25.110+0000] {subprocess.py:106} INFO - System info: os.name: 'Linux', os.arch: 'amd64', os.version: '5.15.153.1-microsoft-standard-WSL2', java.version: '17.0.13'
[2025-01-30T03:08:25.111+0000] {subprocess.py:106} INFO - Driver info: driver.version: unknown
[2025-01-30T03:08:25.113+0000] {subprocess.py:106} INFO - Stacktrace:
[2025-01-30T03:08:25.114+0000] {subprocess.py:106} INFO - java.lang.RuntimeException: Unable to execute request for an existing session: java.util.concurrent.TimeoutException
[2025-01-30T03:08:25.115+0000] {subprocess.py:106} INFO - Build info: version: '4.28.1', revision: '73f5ad48a2'
[2025-01-30T03:08:25.117+0000] {subprocess.py:106} INFO - System info: os.name: 'Linux', os.arch: 'amd64', os.version: '5.15.153.1-microsoft-standard-WSL2', java.version: '17.0.13'
[2025-01-30T03:08:25.118+0000] {subprocess.py:106} INFO - Driver info: driver.version: unknown
[2025-01-30T03:08:25.120+0000] {subprocess.py:106} INFO - 	at org.openqa.selenium.grid.router.HandleSession.execute(HandleSession.java:210)
[2025-01-30T03:08:25.121+0000] {subprocess.py:106} INFO - 	at org.openqa.selenium.remote.http.Route$PredicatedRoute.handle(Route.java:397)
[2025-01-30T03:08:25.122+0000] {subprocess.py:106} INFO - 	at org.openqa.selenium.remote.http.Route.execute(Route.java:69)
[2025-01-30T03:08:25.123+0000] {subprocess.py:106} INFO - 	at org.openqa.selenium.remote.http.Route$CombinedRoute.handle(Route.java:360)
[2025-01-30T03:08:25.125+0000] {subprocess.py:106} INFO - 	at org.openqa.selenium.remote.http.Route.execute(Route.java:69)
[2025-01-30T03:08:25.126+0000] {subprocess.py:106} INFO - 	at org.openqa.selenium.grid.router.Router.execute(Router.java:89)
[2025-01-30T03:08:25.127+0000] {subprocess.py:106} INFO - 	at org.openqa.selenium.grid.web.EnsureSpecCompliantResponseHeaders.lambda$apply$0(EnsureSpecCompliantResponseHeaders.java:34)
[2025-01-30T03:08:25.128+0000] {subprocess.py:106} INFO - 	at org.openqa.selenium.remote.http.Filter$1.execute(Filter.java:63)
[2025-01-30T03:08:25.129+0000] {subprocess.py:106} INFO - 	at org.openqa.selenium.remote.http.Route$CombinedRoute.handle(Route.java:360)
[2025-01-30T03:08:25.131+0000] {subprocess.py:106} INFO - 	at org.openqa.selenium.remote.http.Route.execute(Route.java:69)
[2025-01-30T03:08:25.132+0000] {subprocess.py:106} INFO - 	at org.openqa.selenium.remote.AddWebDriverSpecHeaders.lambda$apply$0(AddWebDriverSpecHeaders.java:35)
[2025-01-30T03:08:25.133+0000] {subprocess.py:106} INFO - 	at org.openqa.selenium.remote.ErrorFilter.lambda$apply$0(ErrorFilter.java:44)
[2025-01-30T03:08:25.135+0000] {subprocess.py:106} INFO - 	at org.openqa.selenium.remote.http.Filter$1.execute(Filter.java:63)
[2025-01-30T03:08:25.136+0000] {subprocess.py:106} INFO - 	at org.openqa.selenium.remote.ErrorFilter.lambda$apply$0(ErrorFilter.java:44)
[2025-01-30T03:08:25.137+0000] {subprocess.py:106} INFO - 	at org.openqa.selenium.remote.http.Filter$1.execute(Filter.java:63)
[2025-01-30T03:08:25.139+0000] {subprocess.py:106} INFO - 	at org.openqa.selenium.netty.server.SeleniumHandler.lambda$channelRead0$0(SeleniumHandler.java:49)
[2025-01-30T03:08:25.140+0000] {subprocess.py:106} INFO - 	at java.base/java.util.concurrent.Executors$RunnableAdapter.call(Executors.java:539)
[2025-01-30T03:08:25.141+0000] {subprocess.py:106} INFO - 	at java.base/java.util.concurrent.FutureTask.run(FutureTask.java:264)
[2025-01-30T03:08:25.143+0000] {subprocess.py:106} INFO - 	at java.base/java.util.concurrent.ThreadPoolExecutor.runWorker(ThreadPoolExecutor.java:1136)
[2025-01-30T03:08:25.144+0000] {subprocess.py:106} INFO - 	at java.base/java.util.concurrent.ThreadPoolExecutor$Worker.run(ThreadPoolExecutor.java:635)
[2025-01-30T03:08:25.145+0000] {subprocess.py:106} INFO - 	at java.base/java.lang.Thread.run(Thread.java:840)
[2025-01-30T03:08:25.147+0000] {subprocess.py:106} INFO - Caused by: java.util.concurrent.TimeoutException
[2025-01-30T03:08:25.149+0000] {subprocess.py:106} INFO - 	at java.base/java.util.concurrent.CompletableFuture$Timeout.run(CompletableFuture.java:2874)
[2025-01-30T03:08:25.150+0000] {subprocess.py:106} INFO - 	at java.base/java.util.concurrent.Executors$RunnableAdapter.call(Executors.java:539)
[2025-01-30T03:08:25.151+0000] {subprocess.py:106} INFO - 	at java.base/java.util.concurrent.FutureTask.run(FutureTask.java:264)
[2025-01-30T03:08:25.153+0000] {subprocess.py:106} INFO - 	at java.base/java.util.concurrent.ScheduledThreadPoolExecutor$ScheduledFutureTask.run(ScheduledThreadPoolExecutor.java:304)
[2025-01-30T03:08:25.154+0000] {subprocess.py:106} INFO - 	... 3 more
[2025-01-30T03:08:25.156+0000] {subprocess.py:106} INFO - 
[2025-01-30T03:08:25.157+0000] {subprocess.py:106} INFO - 
[2025-01-30T03:08:25.158+0000] {subprocess.py:106} INFO - 2025-01-30 03:08:25,043 - bot_como_vamos - INFO - Waiting for download file...............
[2025-01-30T03:08:25.159+0000] {subprocess.py:106} INFO - ic| file: '***tmpgqvwjkzw'
[2025-01-30T03:08:25.161+0000] {subprocess.py:106} INFO - ic| file: 'pymp-mlstl44u'
[2025-01-30T03:08:25.162+0000] {subprocess.py:106} INFO - ic| file: 'hsperfdata_root'
[2025-01-30T03:08:30.118+0000] {subprocess.py:106} INFO - ic| file: '***tmpgqvwjkzw'
[2025-01-30T03:08:30.122+0000] {subprocess.py:106} INFO - ic| file: 'pymp-mlstl44u'
[2025-01-30T03:08:30.127+0000] {subprocess.py:106} INFO - ic| file: 'hsperfdata_root'
[2025-01-30T03:08:35.132+0000] {subprocess.py:106} INFO - ic| file: '***tmpgqvwjkzw'
[2025-01-30T03:08:35.135+0000] {subprocess.py:106} INFO - ic| file: 'pymp-mlstl44u'
[2025-01-30T03:08:35.138+0000] {subprocess.py:106} INFO - ic| file: 'hsperfdata_root'
[2025-01-30T03:08:40.142+0000] {subprocess.py:106} INFO - ic| file: '***tmpgqvwjkzw'
[2025-01-30T03:08:40.146+0000] {subprocess.py:106} INFO - ic| file: 'pymp-mlstl44u'
[2025-01-30T03:08:40.148+0000] {subprocess.py:106} INFO - ic| file: 'hsperfdata_root'
[2025-01-30T03:08:45.155+0000] {subprocess.py:106} INFO - ic| file: '***tmpgqvwjkzw'
[2025-01-30T03:08:45.159+0000] {subprocess.py:106} INFO - ic| file: 'pymp-mlstl44u'
[2025-01-30T03:08:45.162+0000] {subprocess.py:106} INFO - ic| file: 'hsperfdata_root'
[2025-01-30T03:08:50.168+0000] {subprocess.py:106} INFO - ic| file: '***tmpgqvwjkzw'
[2025-01-30T03:08:50.173+0000] {subprocess.py:106} INFO - ic| file: 'pymp-mlstl44u'
[2025-01-30T03:08:50.178+0000] {subprocess.py:106} INFO - ic| file: 'hsperfdata_root'
[2025-01-30T03:08:55.183+0000] {subprocess.py:106} INFO - ic| file: '***tmpgqvwjkzw'
[2025-01-30T03:08:55.186+0000] {subprocess.py:106} INFO - ic| file: 'pymp-mlstl44u'
[2025-01-30T03:08:55.191+0000] {subprocess.py:106} INFO - ic| file: 'hsperfdata_root'
[2025-01-30T03:09:00.194+0000] {subprocess.py:106} INFO - ic| file: '***tmpgqvwjkzw'
[2025-01-30T03:09:00.198+0000] {subprocess.py:106} INFO - ic| file: 'pymp-mlstl44u'
[2025-01-30T03:09:00.202+0000] {subprocess.py:106} INFO - ic| file: 'hsperfdata_root'
[2025-01-30T03:09:05.206+0000] {subprocess.py:106} INFO - ic| file: '***tmpgqvwjkzw'
[2025-01-30T03:09:05.209+0000] {subprocess.py:106} INFO - ic| file: 'pymp-mlstl44u'
[2025-01-30T03:09:05.211+0000] {subprocess.py:106} INFO - ic| file: 'hsperfdata_root'
[2025-01-30T03:09:10.217+0000] {subprocess.py:106} INFO - ic| file: '***tmpgqvwjkzw'
[2025-01-30T03:09:10.222+0000] {subprocess.py:106} INFO - ic| file: 'pymp-mlstl44u'
[2025-01-30T03:09:10.227+0000] {subprocess.py:106} INFO - ic| file: 'hsperfdata_root'
[2025-01-30T03:09:15.231+0000] {subprocess.py:106} INFO - ic| file: '***tmpgqvwjkzw'
[2025-01-30T03:09:15.237+0000] {subprocess.py:106} INFO - ic| file: 'pymp-mlstl44u'
[2025-01-30T03:09:15.241+0000] {subprocess.py:106} INFO - ic| file: 'hsperfdata_root'
[2025-01-30T03:09:20.247+0000] {subprocess.py:106} INFO - ic| file: '***tmpgqvwjkzw'
[2025-01-30T03:09:20.252+0000] {subprocess.py:106} INFO - ic| file: 'pymp-mlstl44u'
[2025-01-30T03:09:20.260+0000] {subprocess.py:106} INFO - ic| file: 'hsperfdata_root'
[2025-01-30T03:09:25.265+0000] {subprocess.py:106} INFO - ic| file: '***tmpgqvwjkzw'
[2025-01-30T03:09:25.269+0000] {subprocess.py:106} INFO - ic| file: 'pymp-mlstl44u'
[2025-01-30T03:09:25.273+0000] {subprocess.py:106} INFO - ic| file: 'hsperfdata_root'
[2025-01-30T03:09:30.274+0000] {subprocess.py:106} INFO - ic| file: '***tmpgqvwjkzw'
[2025-01-30T03:09:30.278+0000] {subprocess.py:106} INFO - ic| file: 'pymp-mlstl44u'
[2025-01-30T03:09:30.281+0000] {subprocess.py:106} INFO - ic| file: 'hsperfdata_root'
[2025-01-30T03:09:35.285+0000] {subprocess.py:106} INFO - ic| file: '***tmpgqvwjkzw'
[2025-01-30T03:09:35.289+0000] {subprocess.py:106} INFO - ic| file: 'pymp-mlstl44u'
[2025-01-30T03:09:35.292+0000] {subprocess.py:106} INFO - ic| file: 'hsperfdata_root'
[2025-01-30T03:09:40.296+0000] {subprocess.py:106} INFO - ic| file: '***tmpgqvwjkzw'
[2025-01-30T03:09:40.298+0000] {subprocess.py:106} INFO - ic| file: 'pymp-mlstl44u'
[2025-01-30T03:09:40.300+0000] {subprocess.py:106} INFO - ic| file: 'hsperfdata_root'
[2025-01-30T03:09:45.306+0000] {subprocess.py:106} INFO - ic| file: '***tmpgqvwjkzw'
[2025-01-30T03:09:45.311+0000] {subprocess.py:106} INFO - ic| file: 'pymp-mlstl44u'
[2025-01-30T03:09:45.314+0000] {subprocess.py:106} INFO - ic| file: 'hsperfdata_root'
[2025-01-30T03:09:50.320+0000] {subprocess.py:106} INFO - ic| file: '***tmpgqvwjkzw'
[2025-01-30T03:09:50.325+0000] {subprocess.py:106} INFO - ic| file: 'pymp-mlstl44u'
[2025-01-30T03:09:50.329+0000] {subprocess.py:106} INFO - ic| file: 'hsperfdata_root'
[2025-01-30T03:09:55.337+0000] {subprocess.py:106} INFO - ic| file: '***tmpgqvwjkzw'
[2025-01-30T03:09:55.343+0000] {subprocess.py:106} INFO - ic| file: 'pymp-mlstl44u'
[2025-01-30T03:09:55.346+0000] {subprocess.py:106} INFO - ic| file: 'hsperfdata_root'
[2025-01-30T03:10:00.350+0000] {subprocess.py:106} INFO - ic| file: '***tmpgqvwjkzw'
[2025-01-30T03:10:00.355+0000] {subprocess.py:106} INFO - ic| file: 'pymp-mlstl44u'
[2025-01-30T03:10:00.358+0000] {subprocess.py:106} INFO - ic| file: 'hsperfdata_root'
[2025-01-30T03:10:05.362+0000] {subprocess.py:106} INFO - ic| file: '***tmpgqvwjkzw'
[2025-01-30T03:10:05.366+0000] {subprocess.py:106} INFO - ic| file: 'pymp-mlstl44u'
[2025-01-30T03:10:05.370+0000] {subprocess.py:106} INFO - ic| file: 'hsperfdata_root'
[2025-01-30T03:10:10.376+0000] {subprocess.py:106} INFO - ic| file: '***tmpgqvwjkzw'
[2025-01-30T03:10:10.379+0000] {subprocess.py:106} INFO - ic| file: 'pymp-mlstl44u'
[2025-01-30T03:10:10.383+0000] {subprocess.py:106} INFO - ic| file: 'hsperfdata_root'
[2025-01-30T03:10:15.386+0000] {subprocess.py:106} INFO - ic| file: '***tmpgqvwjkzw'
[2025-01-30T03:10:15.389+0000] {subprocess.py:106} INFO - ic| file: 'pymp-mlstl44u'
[2025-01-30T03:10:15.393+0000] {subprocess.py:106} INFO - ic| file: 'hsperfdata_root'
[2025-01-30T03:10:20.399+0000] {subprocess.py:106} INFO - ic| file: '***tmpgqvwjkzw'
[2025-01-30T03:10:20.404+0000] {subprocess.py:106} INFO - ic| file: 'pymp-mlstl44u'
[2025-01-30T03:10:20.408+0000] {subprocess.py:106} INFO - ic| file: 'hsperfdata_root'
[2025-01-30T03:10:25.413+0000] {subprocess.py:106} INFO - ic| file: '***tmpgqvwjkzw'
[2025-01-30T03:10:25.419+0000] {subprocess.py:106} INFO - ic| file: 'pymp-mlstl44u'
[2025-01-30T03:10:25.425+0000] {subprocess.py:106} INFO - ic| file: 'hsperfdata_root'
[2025-01-30T03:10:30.430+0000] {subprocess.py:106} INFO - ic| file: '***tmpgqvwjkzw'
[2025-01-30T03:10:30.435+0000] {subprocess.py:106} INFO - ic| file: 'pymp-mlstl44u'
[2025-01-30T03:10:30.440+0000] {subprocess.py:106} INFO - ic| file: 'hsperfdata_root'
[2025-01-30T03:10:35.443+0000] {subprocess.py:106} INFO - ic| file: '***tmpgqvwjkzw'
[2025-01-30T03:10:35.446+0000] {subprocess.py:106} INFO - ic| file: 'pymp-mlstl44u'
[2025-01-30T03:10:35.449+0000] {subprocess.py:106} INFO - ic| file: 'hsperfdata_root'
[2025-01-30T03:10:40.455+0000] {subprocess.py:106} INFO - ic| file: '***tmpgqvwjkzw'
[2025-01-30T03:10:40.460+0000] {subprocess.py:106} INFO - ic| file: 'pymp-mlstl44u'
[2025-01-30T03:10:40.464+0000] {subprocess.py:106} INFO - ic| file: 'hsperfdata_root'
[2025-01-30T03:10:45.469+0000] {subprocess.py:106} INFO - ic| file: '***tmpgqvwjkzw'
[2025-01-30T03:10:45.473+0000] {subprocess.py:106} INFO - ic| file: 'pymp-mlstl44u'
[2025-01-30T03:10:45.475+0000] {subprocess.py:106} INFO - ic| file: 'hsperfdata_root'
[2025-01-30T03:10:50.480+0000] {subprocess.py:106} INFO - ic| file: '***tmpgqvwjkzw'
[2025-01-30T03:10:50.484+0000] {subprocess.py:106} INFO - ic| file: 'pymp-mlstl44u'
[2025-01-30T03:10:50.487+0000] {subprocess.py:106} INFO - ic| file: 'hsperfdata_root'
[2025-01-30T03:10:55.495+0000] {subprocess.py:106} INFO - ic| file: '***tmpgqvwjkzw'
[2025-01-30T03:10:55.501+0000] {subprocess.py:106} INFO - ic| file: 'pymp-mlstl44u'
[2025-01-30T03:10:55.504+0000] {subprocess.py:106} INFO - ic| file: 'hsperfdata_root'
[2025-01-30T03:11:00.508+0000] {subprocess.py:106} INFO - ic| file: '***tmpgqvwjkzw'
[2025-01-30T03:11:00.512+0000] {subprocess.py:106} INFO - ic| file: 'pymp-mlstl44u'
[2025-01-30T03:11:00.515+0000] {subprocess.py:106} INFO - ic| file: 'hsperfdata_root'
[2025-01-30T03:11:05.521+0000] {subprocess.py:106} INFO - ic| file: '***tmpgqvwjkzw'
[2025-01-30T03:11:05.525+0000] {subprocess.py:106} INFO - ic| file: 'pymp-mlstl44u'
[2025-01-30T03:11:05.528+0000] {subprocess.py:106} INFO - ic| file: 'hsperfdata_root'
[2025-01-30T03:11:10.534+0000] {subprocess.py:106} INFO - ic| file: '***tmpgqvwjkzw'
[2025-01-30T03:11:10.540+0000] {subprocess.py:106} INFO - ic| file: 'pymp-mlstl44u'
[2025-01-30T03:11:10.546+0000] {subprocess.py:106} INFO - ic| file: 'hsperfdata_root'
[2025-01-30T03:11:15.553+0000] {subprocess.py:106} INFO - ic| file: '***tmpgqvwjkzw'
[2025-01-30T03:11:15.559+0000] {subprocess.py:106} INFO - ic| file: 'pymp-mlstl44u'
[2025-01-30T03:11:15.565+0000] {subprocess.py:106} INFO - ic| file: 'hsperfdata_root'
[2025-01-30T03:11:20.574+0000] {subprocess.py:106} INFO - ic| file: '***tmpgqvwjkzw'
[2025-01-30T03:11:20.581+0000] {subprocess.py:106} INFO - ic| file: 'pymp-mlstl44u'
[2025-01-30T03:11:20.589+0000] {subprocess.py:106} INFO - ic| file: 'hsperfdata_root'
[2025-01-30T03:11:25.593+0000] {subprocess.py:106} INFO - ic| file: '***tmpgqvwjkzw'
[2025-01-30T03:11:25.597+0000] {subprocess.py:106} INFO - ic| file: 'pymp-mlstl44u'
[2025-01-30T03:11:25.601+0000] {subprocess.py:106} INFO - ic| file: 'hsperfdata_root'
[2025-01-30T03:11:30.603+0000] {subprocess.py:106} INFO - ic| file: '***tmpgqvwjkzw'
[2025-01-30T03:11:30.606+0000] {subprocess.py:106} INFO - ic| file: 'pymp-mlstl44u'
[2025-01-30T03:11:30.608+0000] {subprocess.py:106} INFO - ic| file: 'hsperfdata_root'
[2025-01-30T03:11:35.613+0000] {subprocess.py:106} INFO - ic| file: '***tmpgqvwjkzw'
[2025-01-30T03:11:35.617+0000] {subprocess.py:106} INFO - ic| file: 'pymp-mlstl44u'
[2025-01-30T03:11:35.621+0000] {subprocess.py:106} INFO - ic| file: 'hsperfdata_root'
[2025-01-30T03:11:40.625+0000] {subprocess.py:106} INFO - ic| file: '***tmpgqvwjkzw'
[2025-01-30T03:11:40.629+0000] {subprocess.py:106} INFO - ic| file: 'pymp-mlstl44u'
[2025-01-30T03:11:40.632+0000] {subprocess.py:106} INFO - ic| file: 'hsperfdata_root'
[2025-01-30T03:11:45.704+0000] {subprocess.py:106} INFO - ic| file: '***tmpgqvwjkzw'
[2025-01-30T03:11:45.727+0000] {subprocess.py:106} INFO - ic| file: 'pymp-mlstl44u'
[2025-01-30T03:11:45.735+0000] {subprocess.py:106} INFO - ic| file: 'hsperfdata_root'
[2025-01-30T03:11:50.742+0000] {subprocess.py:106} INFO - ic| file: '***tmpgqvwjkzw'
[2025-01-30T03:11:50.747+0000] {subprocess.py:106} INFO - ic| file: 'pymp-mlstl44u'
[2025-01-30T03:11:50.753+0000] {subprocess.py:106} INFO - ic| file: 'hsperfdata_root'
[2025-01-30T03:11:55.758+0000] {subprocess.py:106} INFO - ic| file: '***tmpgqvwjkzw'
[2025-01-30T03:11:55.763+0000] {subprocess.py:106} INFO - ic| file: 'pymp-mlstl44u'
[2025-01-30T03:11:55.767+0000] {subprocess.py:106} INFO - ic| file: 'hsperfdata_root'
[2025-01-30T03:12:00.768+0000] {subprocess.py:106} INFO - ic| file: '***tmpgqvwjkzw'
[2025-01-30T03:12:00.772+0000] {subprocess.py:106} INFO - ic| file: 'pymp-mlstl44u'
[2025-01-30T03:12:00.776+0000] {subprocess.py:106} INFO - ic| file: 'hsperfdata_root'
[2025-01-30T03:12:05.782+0000] {subprocess.py:106} INFO - ic| file: '***tmpgqvwjkzw'
[2025-01-30T03:12:05.787+0000] {subprocess.py:106} INFO - ic| file: 'pymp-mlstl44u'
[2025-01-30T03:12:05.790+0000] {subprocess.py:106} INFO - ic| file: 'hsperfdata_root'
[2025-01-30T03:12:10.797+0000] {subprocess.py:106} INFO - ic| file: '***tmpgqvwjkzw'
[2025-01-30T03:12:10.802+0000] {subprocess.py:106} INFO - ic| file: 'pymp-mlstl44u'
[2025-01-30T03:12:10.806+0000] {subprocess.py:106} INFO - ic| file: 'hsperfdata_root'
[2025-01-30T03:12:15.813+0000] {subprocess.py:106} INFO - ic| file: '***tmpgqvwjkzw'
[2025-01-30T03:12:15.818+0000] {subprocess.py:106} INFO - ic| file: 'pymp-mlstl44u'
[2025-01-30T03:12:15.822+0000] {subprocess.py:106} INFO - ic| file: 'hsperfdata_root'
[2025-01-30T03:12:20.826+0000] {subprocess.py:106} INFO - ic| file: '***tmpgqvwjkzw'
[2025-01-30T03:12:20.829+0000] {subprocess.py:106} INFO - ic| file: 'pymp-mlstl44u'
[2025-01-30T03:12:20.833+0000] {subprocess.py:106} INFO - ic| file: 'hsperfdata_root'
[2025-01-30T03:12:25.837+0000] {subprocess.py:106} INFO - ic| file: '***tmpgqvwjkzw'
[2025-01-30T03:12:25.840+0000] {subprocess.py:106} INFO - ic| file: 'pymp-mlstl44u'
[2025-01-30T03:12:25.842+0000] {subprocess.py:106} INFO - ic| file: 'hsperfdata_root'
[2025-01-30T03:12:30.845+0000] {subprocess.py:106} INFO - ic| file: '***tmpgqvwjkzw'
[2025-01-30T03:12:30.849+0000] {subprocess.py:106} INFO - ic| file: 'pymp-mlstl44u'
[2025-01-30T03:12:30.854+0000] {subprocess.py:106} INFO - ic| file: 'hsperfdata_root'
[2025-01-30T03:12:35.859+0000] {subprocess.py:106} INFO - ic| file: '***tmpgqvwjkzw'
[2025-01-30T03:12:35.862+0000] {subprocess.py:106} INFO - ic| file: 'pymp-mlstl44u'
[2025-01-30T03:12:35.863+0000] {subprocess.py:106} INFO - ic| file: 'hsperfdata_root'
[2025-01-30T03:12:40.869+0000] {subprocess.py:106} INFO - ic| file: '***tmpgqvwjkzw'
[2025-01-30T03:12:40.873+0000] {subprocess.py:106} INFO - ic| file: 'pymp-mlstl44u'
[2025-01-30T03:12:40.876+0000] {subprocess.py:106} INFO - ic| file: 'hsperfdata_root'
[2025-01-30T03:12:43.743+0000] {local_task_job_runner.py:346} WARNING - State of this instance has been externally set to restarting. Terminating instance.
[2025-01-30T03:12:43.744+0000] {local_task_job_runner.py:245} INFO - ::endgroup::
[2025-01-30T03:12:43.746+0000] {process_utils.py:132} INFO - Sending 15 to group 1979. PIDs of all processes in the group: [1981, 1979]
[2025-01-30T03:12:43.747+0000] {process_utils.py:87} INFO - Sending the signal 15 to group 1979
[2025-01-30T03:12:43.748+0000] {taskinstance.py:3093} ERROR - Received SIGTERM. Terminating subprocesses.
[2025-01-30T03:12:43.749+0000] {subprocess.py:117} INFO - Sending SIGTERM signal to process group
[2025-01-30T03:12:43.764+0000] {taskinstance.py:3311} ERROR - Task failed with exception
Traceback (most recent call last):
  File "/home/airflow/.local/lib/python3.12/site-packages/airflow/models/taskinstance.py", line 767, in _execute_task
    result = _execute_callable(context=context, **execute_callable_kwargs)
             ^^^^^^^^^^^^^^^^^^^^^^^^^^^^^^^^^^^^^^^^^^^^^^^^^^^^^^^^^^^^^
  File "/home/airflow/.local/lib/python3.12/site-packages/airflow/models/taskinstance.py", line 733, in _execute_callable
    return ExecutionCallableRunner(
           ^^^^^^^^^^^^^^^^^^^^^^^^
  File "/home/airflow/.local/lib/python3.12/site-packages/airflow/utils/operator_helpers.py", line 252, in run
    return self.func(*args, **kwargs)
           ^^^^^^^^^^^^^^^^^^^^^^^^^^
  File "/home/airflow/.local/lib/python3.12/site-packages/airflow/models/baseoperator.py", line 422, in wrapper
    return func(self, *args, **kwargs)
           ^^^^^^^^^^^^^^^^^^^^^^^^^^^
  File "/home/airflow/.local/lib/python3.12/site-packages/airflow/operators/bash.py", line 257, in execute
    result = self._run_inline_command(bash_path=bash_path, env=env)
             ^^^^^^^^^^^^^^^^^^^^^^^^^^^^^^^^^^^^^^^^^^^^^^^^^^^^^^
  File "/home/airflow/.local/lib/python3.12/site-packages/airflow/operators/bash.py", line 284, in _run_inline_command
    return self.subprocess_hook.run_command(
           ^^^^^^^^^^^^^^^^^^^^^^^^^^^^^^^^^
  File "/home/airflow/.local/lib/python3.12/site-packages/airflow/hooks/subprocess.py", line 104, in run_command
    for raw_line in iter(self.sub_process.stdout.readline, b""):
                    ^^^^^^^^^^^^^^^^^^^^^^^^^^^^^^^^^^^^^^^^^^^
  File "/home/airflow/.local/lib/python3.12/site-packages/airflow/models/taskinstance.py", line 3095, in signal_handler
    raise AirflowTaskTerminated("Task received SIGTERM signal")
airflow.exceptions.AirflowTaskTerminated: Task received SIGTERM signal
[2025-01-30T03:12:43.772+0000] {taskinstance.py:1225} INFO - Marking task as UP_FOR_RETRY. dag_id=etl_reporte_como_vamos, task_id=task_bot_como_vamos, run_id=manual__2025-01-30T03:03:43.350908+00:00, execution_date=20250130T030343, start_date=20250130T030345, end_date=20250130T031243
[2025-01-30T03:12:43.792+0000] {taskinstance.py:340} INFO - ::group::Post task execution logs
[2025-01-30T03:12:43.801+0000] {process_utils.py:80} INFO - Process psutil.Process(pid=1981, status='terminated', started='03:03:44') (1981) terminated with exit code None
[2025-01-30T03:12:43.802+0000] {process_utils.py:80} INFO - Process psutil.Process(pid=1979, status='terminated', exitcode=2, started='03:03:44') (1979) terminated with exit code 2
