[2025-01-28T15:49:45.060+0000] {local_task_job_runner.py:123} INFO - ::group::Pre task execution logs
[2025-01-28T15:49:45.103+0000] {taskinstance.py:2613} INFO - Dependencies all met for dep_context=non-requeueable deps ti=<TaskInstance: etl_reporte_como_vamos.task_bot_como_vamos manual__2025-01-28T07:34:24.635266+00:00 [queued]>
[2025-01-28T15:49:45.127+0000] {taskinstance.py:2613} INFO - Dependencies all met for dep_context=requeueable deps ti=<TaskInstance: etl_reporte_como_vamos.task_bot_como_vamos manual__2025-01-28T07:34:24.635266+00:00 [queued]>
[2025-01-28T15:49:45.129+0000] {taskinstance.py:2866} INFO - Starting attempt 2 of 2
[2025-01-28T15:49:45.170+0000] {taskinstance.py:2889} INFO - Executing <Task(BashOperator): task_bot_como_vamos> on 2025-01-28 07:34:24.635266+00:00
[2025-01-28T15:49:45.184+0000] {standard_task_runner.py:104} INFO - Running: ['***', 'tasks', 'run', 'etl_reporte_como_vamos', 'task_bot_como_vamos', 'manual__2025-01-28T07:34:24.635266+00:00', '--job-id', '63', '--raw', '--subdir', 'DAGS_FOLDER/etl_como_vamos_dag.py', '--cfg-path', '/tmp/tmp4xexqe96']
[2025-01-28T15:49:45.192+0000] {standard_task_runner.py:105} INFO - Job 63: Subtask task_bot_como_vamos
[2025-01-28T15:49:45.193+0000] {logging_mixin.py:190} WARNING - /home/***/.local/lib/python3.12/site-packages/***/task/task_runner/standard_task_runner.py:70 DeprecationWarning: This process (pid=204) is multi-threaded, use of fork() may lead to deadlocks in the child.
[2025-01-28T15:49:45.196+0000] {standard_task_runner.py:72} INFO - Started process 208 to run task
[2025-01-28T15:49:45.343+0000] {task_command.py:467} INFO - Running <TaskInstance: etl_reporte_como_vamos.task_bot_como_vamos manual__2025-01-28T07:34:24.635266+00:00 [running]> on host 0d38fa807d7f
[2025-01-28T15:49:45.863+0000] {taskinstance.py:3132} INFO - Exporting env vars: AIRFLOW_CTX_DAG_OWNER='***' AIRFLOW_CTX_DAG_ID='etl_reporte_como_vamos' AIRFLOW_CTX_TASK_ID='task_bot_como_vamos' AIRFLOW_CTX_EXECUTION_DATE='2025-01-28T07:34:24.635266+00:00' AIRFLOW_CTX_TRY_NUMBER='2' AIRFLOW_CTX_DAG_RUN_ID='manual__2025-01-28T07:34:24.635266+00:00'
[2025-01-28T15:49:45.866+0000] {taskinstance.py:731} INFO - ::endgroup::
[2025-01-28T15:49:45.969+0000] {subprocess.py:78} INFO - Tmp dir root location: /tmp
[2025-01-28T15:49:45.972+0000] {subprocess.py:88} INFO - Running command: ['/usr/bin/bash', '-c', 'python /opt/***/scripts/bot_reporte_como_vamos.py']
[2025-01-28T15:49:45.991+0000] {subprocess.py:99} INFO - Output:
[2025-01-28T15:49:52.522+0000] {subprocess.py:106} INFO - ic| start_date: '01/01/2025', end_date: '28/01/2025'
[2025-01-28T15:49:52.525+0000] {subprocess.py:106} INFO - 2025-01-28 15:49:52,522 - bot_como_vamos - INFO - Starting script bot_como_vamos.py
[2025-01-28T16:02:28.798+0000] {job.py:229} INFO - Heartbeat recovered after 632.13 seconds
[2025-01-28T16:02:34.519+0000] {subprocess.py:106} INFO - 2025-01-28 16:02:34,333 - root - ERROR - Execution error: Message: Could not start a new session. Timed out creating session
[2025-01-28T16:02:35.698+0000] {subprocess.py:106} INFO - Host info: host: '8e7527a01e59', ip: '172.18.0.2'
[2025-01-28T16:02:35.711+0000] {subprocess.py:106} INFO - Build info: version: '4.28.1', revision: '73f5ad48a2'
[2025-01-28T16:02:35.722+0000] {subprocess.py:106} INFO - System info: os.name: 'Linux', os.arch: 'amd64', os.version: '6.10.4-linuxkit', java.version: '17.0.13'
[2025-01-28T16:02:35.728+0000] {subprocess.py:106} INFO - Driver info: driver.version: unknown
[2025-01-28T16:02:35.746+0000] {subprocess.py:106} INFO - Stacktrace:
[2025-01-28T16:02:35.760+0000] {subprocess.py:106} INFO -     at org.openqa.selenium.grid.sessionqueue.local.LocalNewSessionQueue.failDueToTimeout (LocalNewSessionQueue.java:508)
[2025-01-28T16:02:35.769+0000] {subprocess.py:106} INFO -     at java.lang.Iterable.forEach (Iterable.java:75)
[2025-01-28T16:02:35.779+0000] {subprocess.py:106} INFO -     at org.openqa.selenium.grid.sessionqueue.local.LocalNewSessionQueue.timeoutSessions (LocalNewSessionQueue.java:184)
[2025-01-28T16:02:35.784+0000] {subprocess.py:106} INFO -     at org.openqa.selenium.concurrent.GuardedRunnable.lambda$guard$0 (GuardedRunnable.java:35)
[2025-01-28T16:02:35.799+0000] {subprocess.py:106} INFO -     at java.util.concurrent.Executors$RunnableAdapter.call (Executors.java:539)
[2025-01-28T16:02:35.809+0000] {subprocess.py:106} INFO -     at java.util.concurrent.FutureTask.runAndReset (FutureTask.java:305)
[2025-01-28T16:02:35.816+0000] {subprocess.py:106} INFO -     at java.util.concurrent.ScheduledThreadPoolExecutor$ScheduledFutureTask.run (ScheduledThreadPoolExecutor.java:305)
[2025-01-28T16:02:35.834+0000] {subprocess.py:106} INFO -     at java.util.concurrent.ThreadPoolExecutor.runWorker (ThreadPoolExecutor.java:1136)
[2025-01-28T16:02:35.841+0000] {subprocess.py:106} INFO -     at java.util.concurrent.ThreadPoolExecutor$Worker.run (ThreadPoolExecutor.java:635)
[2025-01-28T16:02:35.846+0000] {subprocess.py:106} INFO -     at java.lang.Thread.run (Thread.java:840)
[2025-01-28T16:02:35.852+0000] {subprocess.py:106} INFO - ic| file: 'pymp-qq7cxjps'
[2025-01-28T16:02:35.858+0000] {subprocess.py:106} INFO - ic| file: '***tmpzosfubpu'
[2025-01-28T16:02:35.917+0000] {subprocess.py:106} INFO - ic| file: 'hsperfdata_root'
[2025-01-28T16:02:40.010+0000] {subprocess.py:106} INFO - ic| file: 'pymp-qq7cxjps'
[2025-01-28T16:02:40.022+0000] {subprocess.py:106} INFO - ic| file: '***tmpzosfubpu'
[2025-01-28T16:02:40.028+0000] {subprocess.py:106} INFO - ic| file: 'hsperfdata_root'
[2025-01-28T16:02:45.016+0000] {subprocess.py:106} INFO - ic| file: 'pymp-qq7cxjps'
[2025-01-28T16:02:45.021+0000] {subprocess.py:106} INFO - ic| file: '***tmpzosfubpu'
[2025-01-28T16:02:45.024+0000] {subprocess.py:106} INFO - ic| file: 'hsperfdata_root'
[2025-01-28T16:02:50.025+0000] {subprocess.py:106} INFO - ic| file: 'pymp-qq7cxjps'
[2025-01-28T16:02:50.037+0000] {subprocess.py:106} INFO - ic| file: '***tmpzosfubpu'
[2025-01-28T16:02:50.055+0000] {subprocess.py:106} INFO - ic| file: 'hsperfdata_root'
[2025-01-28T16:02:55.035+0000] {subprocess.py:106} INFO - ic| file: 'pymp-qq7cxjps'
[2025-01-28T16:02:55.048+0000] {subprocess.py:106} INFO - ic| file: '***tmpzosfubpu'
[2025-01-28T16:02:55.088+0000] {subprocess.py:106} INFO - ic| file: 'hsperfdata_root'
[2025-01-28T16:03:00.036+0000] {subprocess.py:106} INFO - ic| file: 'pymp-qq7cxjps'
[2025-01-28T16:03:00.099+0000] {subprocess.py:106} INFO - ic| file: '***tmpzosfubpu'
[2025-01-28T16:03:00.129+0000] {subprocess.py:106} INFO - ic| file: 'hsperfdata_root'
[2025-01-28T16:03:05.117+0000] {subprocess.py:106} INFO - ic| file: 'pymp-qq7cxjps'
[2025-01-28T16:03:05.124+0000] {subprocess.py:106} INFO - ic| file: '***tmpzosfubpu'
[2025-01-28T16:03:05.131+0000] {subprocess.py:106} INFO - ic| file: 'hsperfdata_root'
[2025-01-28T16:03:10.125+0000] {subprocess.py:106} INFO - ic| file: 'pymp-qq7cxjps'
[2025-01-28T16:03:10.129+0000] {subprocess.py:106} INFO - ic| file: '***tmpzosfubpu'
[2025-01-28T16:03:10.136+0000] {subprocess.py:106} INFO - ic| file: 'hsperfdata_root'
[2025-01-28T16:03:15.134+0000] {subprocess.py:106} INFO - ic| file: 'pymp-qq7cxjps'
[2025-01-28T16:03:15.141+0000] {subprocess.py:106} INFO - ic| file: '***tmpzosfubpu'
[2025-01-28T16:03:15.146+0000] {subprocess.py:106} INFO - ic| file: 'hsperfdata_root'
[2025-01-28T16:03:20.144+0000] {subprocess.py:106} INFO - ic| file: 'pymp-qq7cxjps'
[2025-01-28T16:03:20.147+0000] {subprocess.py:106} INFO - ic| file: '***tmpzosfubpu'
[2025-01-28T16:03:20.149+0000] {subprocess.py:106} INFO - ic| file: 'hsperfdata_root'
[2025-01-28T16:03:25.149+0000] {subprocess.py:106} INFO - ic| file: 'pymp-qq7cxjps'
[2025-01-28T16:03:25.154+0000] {subprocess.py:106} INFO - ic| file: '***tmpzosfubpu'
[2025-01-28T16:03:25.171+0000] {subprocess.py:106} INFO - ic| file: 'hsperfdata_root'
[2025-01-28T16:03:26.477+0000] {local_task_job_runner.py:346} WARNING - State of this instance has been externally set to None. Terminating instance.
[2025-01-28T16:03:26.531+0000] {local_task_job_runner.py:245} INFO - ::endgroup::
[2025-01-28T16:03:26.631+0000] {process_utils.py:132} INFO - Sending 15 to group 208. PIDs of all processes in the group: [212, 208]
[2025-01-28T16:03:26.647+0000] {process_utils.py:87} INFO - Sending the signal 15 to group 208
[2025-01-28T16:03:26.739+0000] {taskinstance.py:3093} ERROR - Received SIGTERM. Terminating subprocesses.
[2025-01-28T16:03:26.833+0000] {subprocess.py:117} INFO - Sending SIGTERM signal to process group
[2025-01-28T16:03:35.015+0000] {taskinstance.py:3311} ERROR - Task failed with exception
Traceback (most recent call last):
  File "/home/airflow/.local/lib/python3.12/site-packages/airflow/models/taskinstance.py", line 767, in _execute_task
    result = _execute_callable(context=context, **execute_callable_kwargs)
             ^^^^^^^^^^^^^^^^^^^^^^^^^^^^^^^^^^^^^^^^^^^^^^^^^^^^^^^^^^^^^
  File "/home/airflow/.local/lib/python3.12/site-packages/airflow/models/taskinstance.py", line 733, in _execute_callable
    return ExecutionCallableRunner(
           ^^^^^^^^^^^^^^^^^^^^^^^^
  File "/home/airflow/.local/lib/python3.12/site-packages/airflow/utils/operator_helpers.py", line 252, in run
    return self.func(*args, **kwargs)
           ^^^^^^^^^^^^^^^^^^^^^^^^^^
  File "/home/airflow/.local/lib/python3.12/site-packages/airflow/models/baseoperator.py", line 422, in wrapper
    return func(self, *args, **kwargs)
           ^^^^^^^^^^^^^^^^^^^^^^^^^^^
  File "/home/airflow/.local/lib/python3.12/site-packages/airflow/operators/bash.py", line 257, in execute
    result = self._run_inline_command(bash_path=bash_path, env=env)
             ^^^^^^^^^^^^^^^^^^^^^^^^^^^^^^^^^^^^^^^^^^^^^^^^^^^^^^
  File "/home/airflow/.local/lib/python3.12/site-packages/airflow/operators/bash.py", line 284, in _run_inline_command
    return self.subprocess_hook.run_command(
           ^^^^^^^^^^^^^^^^^^^^^^^^^^^^^^^^^
  File "/home/airflow/.local/lib/python3.12/site-packages/airflow/hooks/subprocess.py", line 104, in run_command
    for raw_line in iter(self.sub_process.stdout.readline, b""):
                    ^^^^^^^^^^^^^^^^^^^^^^^^^^^^^^^^^^^^^^^^^^^
  File "/home/airflow/.local/lib/python3.12/site-packages/airflow/models/taskinstance.py", line 3095, in signal_handler
    raise AirflowTaskTerminated("Task received SIGTERM signal")
airflow.exceptions.AirflowTaskTerminated: Task received SIGTERM signal
[2025-01-28T16:03:35.400+0000] {taskinstance.py:1225} INFO - Marking task as FAILED. dag_id=etl_reporte_como_vamos, task_id=task_bot_como_vamos, run_id=manual__2025-01-28T07:34:24.635266+00:00, execution_date=20250128T073424, start_date=20250128T154945, end_date=20250128T160335
[2025-01-28T16:03:36.371+0000] {taskinstance.py:340} INFO - ::group::Post task execution logs
[2025-01-28T16:03:36.485+0000] {standard_task_runner.py:124} ERROR - Failed to execute job 63 for task task_bot_como_vamos ((psycopg2.errors.ForeignKeyViolation) insert or update on table "task_fail" violates foreign key constraint "task_fail_ti_fkey"
DETAIL:  Key (dag_id, task_id, run_id, map_index)=(etl_reporte_como_vamos, task_bot_como_vamos, manual__2025-01-28T07:34:24.635266+00:00, -1) is not present in table "task_instance".

[SQL: INSERT INTO task_fail (task_id, dag_id, run_id, map_index, start_date, end_date, duration) VALUES (%(task_id)s, %(dag_id)s, %(run_id)s, %(map_index)s, %(start_date)s, %(end_date)s, %(duration)s) RETURNING task_fail.id]
[parameters: {'task_id': 'task_bot_como_vamos', 'dag_id': 'etl_reporte_como_vamos', 'run_id': 'manual__2025-01-28T07:34:24.635266+00:00', 'map_index': -1, 'start_date': datetime.datetime(2025, 1, 28, 15, 49, 45, 105896, tzinfo=Timezone('UTC')), 'end_date': datetime.datetime(2025, 1, 28, 16, 3, 35, 231441, tzinfo=Timezone('UTC')), 'duration': 830}]
(Background on this error at: https://sqlalche.me/e/14/gkpj); 208)
Traceback (most recent call last):
  File "/home/airflow/.local/lib/python3.12/site-packages/airflow/models/taskinstance.py", line 273, in _run_raw_task
    TaskInstance._execute_task_with_callbacks(
  File "/home/airflow/.local/lib/python3.12/site-packages/airflow/models/taskinstance.py", line 3159, in _execute_task_with_callbacks
    result = self._execute_task(context, task_orig)
             ^^^^^^^^^^^^^^^^^^^^^^^^^^^^^^^^^^^^^^
  File "/home/airflow/.local/lib/python3.12/site-packages/airflow/models/taskinstance.py", line 3183, in _execute_task
    return _execute_task(self, context, task_orig)
           ^^^^^^^^^^^^^^^^^^^^^^^^^^^^^^^^^^^^^^^
  File "/home/airflow/.local/lib/python3.12/site-packages/airflow/models/taskinstance.py", line 767, in _execute_task
    result = _execute_callable(context=context, **execute_callable_kwargs)
             ^^^^^^^^^^^^^^^^^^^^^^^^^^^^^^^^^^^^^^^^^^^^^^^^^^^^^^^^^^^^^
  File "/home/airflow/.local/lib/python3.12/site-packages/airflow/models/taskinstance.py", line 733, in _execute_callable
    return ExecutionCallableRunner(
           ^^^^^^^^^^^^^^^^^^^^^^^^
  File "/home/airflow/.local/lib/python3.12/site-packages/airflow/utils/operator_helpers.py", line 252, in run
    return self.func(*args, **kwargs)
           ^^^^^^^^^^^^^^^^^^^^^^^^^^
  File "/home/airflow/.local/lib/python3.12/site-packages/airflow/models/baseoperator.py", line 422, in wrapper
    return func(self, *args, **kwargs)
           ^^^^^^^^^^^^^^^^^^^^^^^^^^^
  File "/home/airflow/.local/lib/python3.12/site-packages/airflow/operators/bash.py", line 257, in execute
    result = self._run_inline_command(bash_path=bash_path, env=env)
             ^^^^^^^^^^^^^^^^^^^^^^^^^^^^^^^^^^^^^^^^^^^^^^^^^^^^^^
  File "/home/airflow/.local/lib/python3.12/site-packages/airflow/operators/bash.py", line 284, in _run_inline_command
    return self.subprocess_hook.run_command(
           ^^^^^^^^^^^^^^^^^^^^^^^^^^^^^^^^^
  File "/home/airflow/.local/lib/python3.12/site-packages/airflow/hooks/subprocess.py", line 104, in run_command
    for raw_line in iter(self.sub_process.stdout.readline, b""):
                    ^^^^^^^^^^^^^^^^^^^^^^^^^^^^^^^^^^^^^^^^^^^
  File "/home/airflow/.local/lib/python3.12/site-packages/airflow/models/taskinstance.py", line 3095, in signal_handler
    raise AirflowTaskTerminated("Task received SIGTERM signal")
airflow.exceptions.AirflowTaskTerminated: Task received SIGTERM signal

During handling of the above exception, another exception occurred:

Traceback (most recent call last):
  File "/home/airflow/.local/lib/python3.12/site-packages/sqlalchemy/engine/base.py", line 1910, in _execute_context
    self.dialect.do_execute(
  File "/home/airflow/.local/lib/python3.12/site-packages/sqlalchemy/engine/default.py", line 736, in do_execute
    cursor.execute(statement, parameters)
psycopg2.errors.ForeignKeyViolation: insert or update on table "task_fail" violates foreign key constraint "task_fail_ti_fkey"
DETAIL:  Key (dag_id, task_id, run_id, map_index)=(etl_reporte_como_vamos, task_bot_como_vamos, manual__2025-01-28T07:34:24.635266+00:00, -1) is not present in table "task_instance".


The above exception was the direct cause of the following exception:

Traceback (most recent call last):
  File "/home/airflow/.local/lib/python3.12/site-packages/airflow/task/task_runner/standard_task_runner.py", line 117, in _start_by_fork
    ret = args.func(args, dag=self.dag)
          ^^^^^^^^^^^^^^^^^^^^^^^^^^^^^
  File "/home/airflow/.local/lib/python3.12/site-packages/airflow/cli/cli_config.py", line 49, in command
    return func(*args, **kwargs)
           ^^^^^^^^^^^^^^^^^^^^^
  File "/home/airflow/.local/lib/python3.12/site-packages/airflow/utils/cli.py", line 116, in wrapper
    return f(*args, **kwargs)
           ^^^^^^^^^^^^^^^^^^
  File "/home/airflow/.local/lib/python3.12/site-packages/airflow/cli/commands/task_command.py", line 483, in task_run
    task_return_code = _run_task_by_selected_method(args, _dag, ti)
                       ^^^^^^^^^^^^^^^^^^^^^^^^^^^^^^^^^^^^^^^^^^^^
  File "/home/airflow/.local/lib/python3.12/site-packages/airflow/cli/commands/task_command.py", line 256, in _run_task_by_selected_method
    return _run_raw_task(args, ti)
           ^^^^^^^^^^^^^^^^^^^^^^^
  File "/home/airflow/.local/lib/python3.12/site-packages/airflow/cli/commands/task_command.py", line 341, in _run_raw_task
    return ti._run_raw_task(
           ^^^^^^^^^^^^^^^^^
  File "/home/airflow/.local/lib/python3.12/site-packages/airflow/utils/session.py", line 97, in wrapper
    return func(*args, session=session, **kwargs)
           ^^^^^^^^^^^^^^^^^^^^^^^^^^^^^^^^^^^^^^
  File "/home/airflow/.local/lib/python3.12/site-packages/airflow/models/taskinstance.py", line 3005, in _run_raw_task
    return _run_raw_task(
           ^^^^^^^^^^^^^^
  File "/home/airflow/.local/lib/python3.12/site-packages/airflow/models/taskinstance.py", line 327, in _run_raw_task
    ti.handle_failure(e, test_mode, context, session=session)
  File "/home/airflow/.local/lib/python3.12/site-packages/airflow/utils/session.py", line 94, in wrapper
    return func(*args, **kwargs)
           ^^^^^^^^^^^^^^^^^^^^^
  File "/home/airflow/.local/lib/python3.12/site-packages/airflow/models/taskinstance.py", line 3428, in handle_failure
    _handle_failure(
  File "/home/airflow/.local/lib/python3.12/site-packages/airflow/utils/session.py", line 94, in wrapper
    return func(*args, **kwargs)
           ^^^^^^^^^^^^^^^^^^^^^
  File "/home/airflow/.local/lib/python3.12/site-packages/airflow/api_internal/internal_api_call.py", line 166, in wrapper
    return func(*args, **kwargs)
           ^^^^^^^^^^^^^^^^^^^^^
  File "/home/airflow/.local/lib/python3.12/site-packages/airflow/models/taskinstance.py", line 1243, in _handle_failure
    TaskInstance.save_to_db(failure_context["ti"], session)
  File "/home/airflow/.local/lib/python3.12/site-packages/airflow/api_internal/internal_api_call.py", line 166, in wrapper
    return func(*args, **kwargs)
           ^^^^^^^^^^^^^^^^^^^^^
  File "/home/airflow/.local/lib/python3.12/site-packages/airflow/utils/session.py", line 94, in wrapper
    return func(*args, **kwargs)
           ^^^^^^^^^^^^^^^^^^^^^
  File "/home/airflow/.local/lib/python3.12/site-packages/airflow/models/taskinstance.py", line 3400, in save_to_db
    session.flush()
  File "/home/airflow/.local/lib/python3.12/site-packages/sqlalchemy/orm/session.py", line 3449, in flush
    self._flush(objects)
  File "/home/airflow/.local/lib/python3.12/site-packages/sqlalchemy/orm/session.py", line 3588, in _flush
    with util.safe_reraise():
         ^^^^^^^^^^^^^^^^^^^
  File "/home/airflow/.local/lib/python3.12/site-packages/sqlalchemy/util/langhelpers.py", line 70, in __exit__
    compat.raise_(
  File "/home/airflow/.local/lib/python3.12/site-packages/sqlalchemy/util/compat.py", line 211, in raise_
    raise exception
  File "/home/airflow/.local/lib/python3.12/site-packages/sqlalchemy/orm/session.py", line 3549, in _flush
    flush_context.execute()
  File "/home/airflow/.local/lib/python3.12/site-packages/sqlalchemy/orm/unitofwork.py", line 456, in execute
    rec.execute(self)
  File "/home/airflow/.local/lib/python3.12/site-packages/sqlalchemy/orm/unitofwork.py", line 630, in execute
    util.preloaded.orm_persistence.save_obj(
  File "/home/airflow/.local/lib/python3.12/site-packages/sqlalchemy/orm/persistence.py", line 245, in save_obj
    _emit_insert_statements(
  File "/home/airflow/.local/lib/python3.12/site-packages/sqlalchemy/orm/persistence.py", line 1238, in _emit_insert_statements
    result = connection._execute_20(
             ^^^^^^^^^^^^^^^^^^^^^^^
  File "/home/airflow/.local/lib/python3.12/site-packages/sqlalchemy/engine/base.py", line 1710, in _execute_20
    return meth(self, args_10style, kwargs_10style, execution_options)
           ^^^^^^^^^^^^^^^^^^^^^^^^^^^^^^^^^^^^^^^^^^^^^^^^^^^^^^^^^^^
  File "/home/airflow/.local/lib/python3.12/site-packages/sqlalchemy/sql/elements.py", line 334, in _execute_on_connection
    return connection._execute_clauseelement(
           ^^^^^^^^^^^^^^^^^^^^^^^^^^^^^^^^^^
  File "/home/airflow/.local/lib/python3.12/site-packages/sqlalchemy/engine/base.py", line 1577, in _execute_clauseelement
    ret = self._execute_context(
          ^^^^^^^^^^^^^^^^^^^^^^
  File "/home/airflow/.local/lib/python3.12/site-packages/sqlalchemy/engine/base.py", line 1953, in _execute_context
    self._handle_dbapi_exception(
  File "/home/airflow/.local/lib/python3.12/site-packages/sqlalchemy/engine/base.py", line 2134, in _handle_dbapi_exception
    util.raise_(
  File "/home/airflow/.local/lib/python3.12/site-packages/sqlalchemy/util/compat.py", line 211, in raise_
    raise exception
  File "/home/airflow/.local/lib/python3.12/site-packages/sqlalchemy/engine/base.py", line 1910, in _execute_context
    self.dialect.do_execute(
  File "/home/airflow/.local/lib/python3.12/site-packages/sqlalchemy/engine/default.py", line 736, in do_execute
    cursor.execute(statement, parameters)
sqlalchemy.exc.IntegrityError: (psycopg2.errors.ForeignKeyViolation) insert or update on table "task_fail" violates foreign key constraint "task_fail_ti_fkey"
DETAIL:  Key (dag_id, task_id, run_id, map_index)=(etl_reporte_como_vamos, task_bot_como_vamos, manual__2025-01-28T07:34:24.635266+00:00, -1) is not present in table "task_instance".

[SQL: INSERT INTO task_fail (task_id, dag_id, run_id, map_index, start_date, end_date, duration) VALUES (%(task_id)s, %(dag_id)s, %(run_id)s, %(map_index)s, %(start_date)s, %(end_date)s, %(duration)s) RETURNING task_fail.id]
[parameters: {'task_id': 'task_bot_como_vamos', 'dag_id': 'etl_reporte_como_vamos', 'run_id': 'manual__2025-01-28T07:34:24.635266+00:00', 'map_index': -1, 'start_date': datetime.datetime(2025, 1, 28, 15, 49, 45, 105896, tzinfo=Timezone('UTC')), 'end_date': datetime.datetime(2025, 1, 28, 16, 3, 35, 231441, tzinfo=Timezone('UTC')), 'duration': 830}]
(Background on this error at: https://sqlalche.me/e/14/gkpj)
[2025-01-28T16:03:36.786+0000] {process_utils.py:80} INFO - Process psutil.Process(pid=208, status='terminated', exitcode=1, started='15:49:44') (208) terminated with exit code 1
[2025-01-28T16:03:36.797+0000] {process_utils.py:80} INFO - Process psutil.Process(pid=212, status='terminated', started='15:49:45') (212) terminated with exit code None
[2025-01-28T16:03:37.006+0000] {standard_task_runner.py:217} INFO - Process not found (most likely exited), stop collecting metrics
