[2025-01-28T07:34:25.664+0000] {local_task_job_runner.py:123} INFO - ::group::Pre task execution logs
[2025-01-28T07:34:25.683+0000] {taskinstance.py:2613} INFO - Dependencies all met for dep_context=non-requeueable deps ti=<TaskInstance: etl_reporte_como_vamos.task_bot_como_vamos manual__2025-01-28T07:34:24.635266+00:00 [queued]>
[2025-01-28T07:34:25.692+0000] {taskinstance.py:2613} INFO - Dependencies all met for dep_context=requeueable deps ti=<TaskInstance: etl_reporte_como_vamos.task_bot_como_vamos manual__2025-01-28T07:34:24.635266+00:00 [queued]>
[2025-01-28T07:34:25.694+0000] {taskinstance.py:2866} INFO - Starting attempt 1 of 2
[2025-01-28T07:34:25.707+0000] {taskinstance.py:2889} INFO - Executing <Task(BashOperator): task_bot_como_vamos> on 2025-01-28 07:34:24.635266+00:00
[2025-01-28T07:34:25.714+0000] {standard_task_runner.py:104} INFO - Running: ['***', 'tasks', 'run', 'etl_reporte_como_vamos', 'task_bot_como_vamos', 'manual__2025-01-28T07:34:24.635266+00:00', '--job-id', '60', '--raw', '--subdir', 'DAGS_FOLDER/etl_como_vamos_dag.py', '--cfg-path', '/tmp/tmp25yc2sho']
[2025-01-28T07:34:25.716+0000] {standard_task_runner.py:105} INFO - Job 60: Subtask task_bot_como_vamos
[2025-01-28T07:34:25.718+0000] {logging_mixin.py:190} WARNING - /home/***/.local/lib/python3.12/site-packages/***/task/task_runner/standard_task_runner.py:70 DeprecationWarning: This process (pid=1764) is multi-threaded, use of fork() may lead to deadlocks in the child.
[2025-01-28T07:34:25.719+0000] {standard_task_runner.py:72} INFO - Started process 1765 to run task
[2025-01-28T07:34:25.780+0000] {task_command.py:467} INFO - Running <TaskInstance: etl_reporte_como_vamos.task_bot_como_vamos manual__2025-01-28T07:34:24.635266+00:00 [running]> on host ad82932cee5b
[2025-01-28T07:34:26.028+0000] {taskinstance.py:3132} INFO - Exporting env vars: AIRFLOW_CTX_DAG_OWNER='***' AIRFLOW_CTX_DAG_ID='etl_reporte_como_vamos' AIRFLOW_CTX_TASK_ID='task_bot_como_vamos' AIRFLOW_CTX_EXECUTION_DATE='2025-01-28T07:34:24.635266+00:00' AIRFLOW_CTX_TRY_NUMBER='1' AIRFLOW_CTX_DAG_RUN_ID='manual__2025-01-28T07:34:24.635266+00:00'
[2025-01-28T07:34:26.030+0000] {taskinstance.py:731} INFO - ::endgroup::
[2025-01-28T07:34:26.051+0000] {subprocess.py:78} INFO - Tmp dir root location: /tmp
[2025-01-28T07:34:26.053+0000] {subprocess.py:88} INFO - Running command: ['/usr/bin/bash', '-c', 'python /opt/***/scripts/bot_reporte_como_vamos.py']
[2025-01-28T07:34:26.062+0000] {subprocess.py:99} INFO - Output:
[2025-01-28T07:34:28.563+0000] {subprocess.py:106} INFO - ic| start_date: '01/01/2025', end_date: '28/01/2025'
[2025-01-28T07:34:28.564+0000] {subprocess.py:106} INFO - 2025-01-28 07:34:28,562 - bot_como_vamos - INFO - Starting script bot_como_vamos.py
[2025-01-28T07:35:58.776+0000] {job.py:229} INFO - Heartbeat recovered after 16.78 seconds
[2025-01-28T07:36:33.863+0000] {job.py:229} INFO - Heartbeat recovered after 41.91 seconds
[2025-01-28T07:38:14.321+0000] {job.py:229} INFO - Heartbeat recovered after 64.95 seconds
[2025-01-28T07:38:40.282+0000] {job.py:229} INFO - Heartbeat recovered after 47.73 seconds
[2025-01-28T07:39:28.809+0000] {subprocess.py:106} INFO - 2025-01-28 07:39:28,803 - root - ERROR - Execution error: Message: Could not start a new session. New session request timed out
[2025-01-28T07:39:28.868+0000] {subprocess.py:106} INFO - Host info: host: '9207319de6fb', ip: '172.18.0.2'
[2025-01-28T07:39:28.871+0000] {subprocess.py:106} INFO - Build info: version: '4.28.1', revision: '73f5ad48a2'
[2025-01-28T07:39:28.874+0000] {subprocess.py:106} INFO - System info: os.name: 'Linux', os.arch: 'amd64', os.version: '6.10.4-linuxkit', java.version: '17.0.13'
[2025-01-28T07:39:28.883+0000] {subprocess.py:106} INFO - Driver info: driver.version: unknown
[2025-01-28T07:39:28.887+0000] {subprocess.py:106} INFO - Stacktrace:
[2025-01-28T07:39:28.890+0000] {subprocess.py:106} INFO -     at org.openqa.selenium.grid.sessionqueue.local.LocalNewSessionQueue.addToQueue (LocalNewSessionQueue.java:224)
[2025-01-28T07:39:28.893+0000] {subprocess.py:106} INFO -     at org.openqa.selenium.grid.sessionqueue.NewSessionQueue.lambda$new$0 (NewSessionQueue.java:68)
[2025-01-28T07:39:28.900+0000] {subprocess.py:106} INFO -     at org.openqa.selenium.remote.http.Route$TemplatizedRoute.handle (Route.java:192)
[2025-01-28T07:39:28.903+0000] {subprocess.py:106} INFO -     at org.openqa.selenium.remote.http.Route.execute (Route.java:69)
[2025-01-28T07:39:28.909+0000] {subprocess.py:106} INFO -     at org.openqa.selenium.remote.http.Route$CombinedRoute.handle (Route.java:360)
[2025-01-28T07:39:28.912+0000] {subprocess.py:106} INFO -     at org.openqa.selenium.remote.http.Route.execute (Route.java:69)
[2025-01-28T07:39:28.920+0000] {subprocess.py:106} INFO -     at org.openqa.selenium.grid.sessionqueue.NewSessionQueue.execute (NewSessionQueue.java:128)
[2025-01-28T07:39:28.930+0000] {subprocess.py:106} INFO -     at org.openqa.selenium.remote.tracing.SpanWrappedHttpHandler.execute (SpanWrappedHttpHandler.java:87)
[2025-01-28T07:39:28.937+0000] {subprocess.py:106} INFO -     at org.openqa.selenium.remote.http.Filter$1.execute (Filter.java:63)
[2025-01-28T07:39:28.949+0000] {subprocess.py:106} INFO -     at org.openqa.selenium.remote.http.Route$CombinedRoute.handle (Route.java:360)
[2025-01-28T07:39:28.952+0000] {subprocess.py:106} INFO -     at org.openqa.selenium.remote.http.Route.execute (Route.java:69)
[2025-01-28T07:39:28.960+0000] {subprocess.py:106} INFO -     at org.openqa.selenium.grid.router.Router.execute (Router.java:89)
[2025-01-28T07:39:28.964+0000] {subprocess.py:106} INFO -     at org.openqa.selenium.grid.web.EnsureSpecCompliantResponseHeaders.lambda$apply$0 (EnsureSpecCompliantResponseHeaders.java:34)
[2025-01-28T07:39:28.971+0000] {subprocess.py:106} INFO -     at org.openqa.selenium.remote.http.Filter$1.execute (Filter.java:63)
[2025-01-28T07:39:28.975+0000] {subprocess.py:106} INFO -     at org.openqa.selenium.remote.http.Route$CombinedRoute.handle (Route.java:360)
[2025-01-28T07:39:28.979+0000] {subprocess.py:106} INFO -     at org.openqa.selenium.remote.http.Route.execute (Route.java:69)
[2025-01-28T07:39:28.981+0000] {subprocess.py:106} INFO -     at org.openqa.selenium.remote.http.Route$NestedRoute.handle (Route.java:270)
[2025-01-28T07:39:28.983+0000] {subprocess.py:106} INFO -     at org.openqa.selenium.remote.http.Route.execute (Route.java:69)
[2025-01-28T07:39:28.988+0000] {subprocess.py:106} INFO -     at org.openqa.selenium.remote.http.Route$CombinedRoute.handle (Route.java:360)
[2025-01-28T07:39:28.991+0000] {subprocess.py:106} INFO -     at org.openqa.selenium.remote.http.Route.execute (Route.java:69)
[2025-01-28T07:39:28.994+0000] {subprocess.py:106} INFO -     at org.openqa.selenium.remote.AddWebDriverSpecHeaders.lambda$apply$0 (AddWebDriverSpecHeaders.java:35)
[2025-01-28T07:39:28.997+0000] {subprocess.py:106} INFO -     at org.openqa.selenium.remote.ErrorFilter.lambda$apply$0 (ErrorFilter.java:44)
[2025-01-28T07:39:29.001+0000] {subprocess.py:106} INFO -     at org.openqa.selenium.remote.http.Filter$1.execute (Filter.java:63)
[2025-01-28T07:39:29.004+0000] {subprocess.py:106} INFO -     at org.openqa.selenium.remote.ErrorFilter.lambda$apply$0 (ErrorFilter.java:44)
[2025-01-28T07:39:29.010+0000] {subprocess.py:106} INFO -     at org.openqa.selenium.remote.http.Filter$1.execute (Filter.java:63)
[2025-01-28T07:39:29.018+0000] {subprocess.py:106} INFO -     at org.openqa.selenium.netty.server.SeleniumHandler.lambda$channelRead0$0 (SeleniumHandler.java:49)
[2025-01-28T07:39:29.022+0000] {subprocess.py:106} INFO -     at java.util.concurrent.Executors$RunnableAdapter.call (Executors.java:539)
[2025-01-28T07:39:29.025+0000] {subprocess.py:106} INFO -     at java.util.concurrent.FutureTask.run (FutureTask.java:264)
[2025-01-28T07:39:29.029+0000] {subprocess.py:106} INFO -     at java.util.concurrent.ThreadPoolExecutor.runWorker (ThreadPoolExecutor.java:1136)
[2025-01-28T07:39:29.035+0000] {subprocess.py:106} INFO -     at java.util.concurrent.ThreadPoolExecutor$Worker.run (ThreadPoolExecutor.java:635)
[2025-01-28T07:39:29.039+0000] {subprocess.py:106} INFO -     at java.lang.Thread.run (Thread.java:840)
[2025-01-28T07:39:29.089+0000] {subprocess.py:106} INFO - ic| file: 'pymp-riqv01al'
[2025-01-28T07:39:29.155+0000] {subprocess.py:106} INFO - ic| file: '***tmpp0vharoz'
[2025-01-28T07:39:29.278+0000] {subprocess.py:106} INFO - ic| file: '***tmpw3n8f8qd'
[2025-01-28T07:39:29.357+0000] {subprocess.py:106} INFO - ic| file: 'hsperfdata_root'
[2025-01-28T07:39:34.125+0000] {subprocess.py:106} INFO - ic| file: 'pymp-riqv01al'
[2025-01-28T07:39:34.129+0000] {subprocess.py:106} INFO - ic| file: '***tmpp0vharoz'
[2025-01-28T07:39:34.130+0000] {subprocess.py:106} INFO - ic| file: '***tmpw3n8f8qd'
[2025-01-28T07:39:34.131+0000] {subprocess.py:106} INFO - ic| file: 'hsperfdata_root'
[2025-01-28T07:39:39.156+0000] {subprocess.py:106} INFO - ic| file: 'pymp-riqv01al'
[2025-01-28T07:39:39.167+0000] {subprocess.py:106} INFO - ic| file: '***tmpp0vharoz'
[2025-01-28T07:39:39.169+0000] {subprocess.py:106} INFO - ic| file: '***tmpw3n8f8qd'
[2025-01-28T07:39:39.171+0000] {subprocess.py:106} INFO - ic| file: 'hsperfdata_root'
[2025-01-28T07:39:44.246+0000] {subprocess.py:106} INFO - ic| file: 'pymp-riqv01al'
[2025-01-28T07:39:44.268+0000] {subprocess.py:106} INFO - ic| file: '***tmpp0vharoz'
[2025-01-28T07:39:44.270+0000] {subprocess.py:106} INFO - ic| file: '***tmpw3n8f8qd'
[2025-01-28T07:39:44.272+0000] {subprocess.py:106} INFO - ic| file: 'hsperfdata_root'
[2025-01-28T07:39:49.117+0000] {local_task_job_runner.py:346} WARNING - State of this instance has been externally set to restarting. Terminating instance.
[2025-01-28T07:39:49.150+0000] {local_task_job_runner.py:245} INFO - ::endgroup::
[2025-01-28T07:39:49.175+0000] {process_utils.py:132} INFO - Sending 15 to group 1765. PIDs of all processes in the group: [1767, 1765]
[2025-01-28T07:39:49.183+0000] {process_utils.py:87} INFO - Sending the signal 15 to group 1765
[2025-01-28T07:39:49.186+0000] {taskinstance.py:3093} ERROR - Received SIGTERM. Terminating subprocesses.
[2025-01-28T07:39:49.190+0000] {subprocess.py:117} INFO - Sending SIGTERM signal to process group
[2025-01-28T07:39:49.286+0000] {taskinstance.py:3311} ERROR - Task failed with exception
Traceback (most recent call last):
  File "/home/airflow/.local/lib/python3.12/site-packages/airflow/models/taskinstance.py", line 767, in _execute_task
    result = _execute_callable(context=context, **execute_callable_kwargs)
             ^^^^^^^^^^^^^^^^^^^^^^^^^^^^^^^^^^^^^^^^^^^^^^^^^^^^^^^^^^^^^
  File "/home/airflow/.local/lib/python3.12/site-packages/airflow/models/taskinstance.py", line 733, in _execute_callable
    return ExecutionCallableRunner(
           ^^^^^^^^^^^^^^^^^^^^^^^^
  File "/home/airflow/.local/lib/python3.12/site-packages/airflow/utils/operator_helpers.py", line 252, in run
    return self.func(*args, **kwargs)
           ^^^^^^^^^^^^^^^^^^^^^^^^^^
  File "/home/airflow/.local/lib/python3.12/site-packages/airflow/models/baseoperator.py", line 422, in wrapper
    return func(self, *args, **kwargs)
           ^^^^^^^^^^^^^^^^^^^^^^^^^^^
  File "/home/airflow/.local/lib/python3.12/site-packages/airflow/operators/bash.py", line 257, in execute
    result = self._run_inline_command(bash_path=bash_path, env=env)
             ^^^^^^^^^^^^^^^^^^^^^^^^^^^^^^^^^^^^^^^^^^^^^^^^^^^^^^
  File "/home/airflow/.local/lib/python3.12/site-packages/airflow/operators/bash.py", line 284, in _run_inline_command
    return self.subprocess_hook.run_command(
           ^^^^^^^^^^^^^^^^^^^^^^^^^^^^^^^^^
  File "/home/airflow/.local/lib/python3.12/site-packages/airflow/hooks/subprocess.py", line 104, in run_command
    for raw_line in iter(self.sub_process.stdout.readline, b""):
                    ^^^^^^^^^^^^^^^^^^^^^^^^^^^^^^^^^^^^^^^^^^^
  File "/home/airflow/.local/lib/python3.12/site-packages/airflow/models/taskinstance.py", line 3095, in signal_handler
    raise AirflowTaskTerminated("Task received SIGTERM signal")
airflow.exceptions.AirflowTaskTerminated: Task received SIGTERM signal
[2025-01-28T07:39:49.305+0000] {taskinstance.py:1225} INFO - Marking task as UP_FOR_RETRY. dag_id=etl_reporte_como_vamos, task_id=task_bot_como_vamos, run_id=manual__2025-01-28T07:34:24.635266+00:00, execution_date=20250128T073424, start_date=20250128T073425, end_date=20250128T073949
[2025-01-28T07:39:49.333+0000] {taskinstance.py:340} INFO - ::group::Post task execution logs
[2025-01-28T07:39:49.370+0000] {process_utils.py:80} INFO - Process psutil.Process(pid=1767, status='terminated', started='07:34:25') (1767) terminated with exit code None
[2025-01-28T07:39:49.373+0000] {process_utils.py:80} INFO - Process psutil.Process(pid=1765, status='terminated', exitcode=2, started='07:34:25') (1765) terminated with exit code 2
