[2025-01-30T06:32:38.255+0000] {local_task_job_runner.py:123} INFO - ::group::Pre task execution logs
[2025-01-30T06:32:38.301+0000] {taskinstance.py:2613} INFO - Dependencies all met for dep_context=non-requeueable deps ti=<TaskInstance: etl_reporte_como_vamos.task_bot_como_vamos manual__2025-01-30T06:32:36.087286+00:00 [queued]>
[2025-01-30T06:32:38.325+0000] {taskinstance.py:2613} INFO - Dependencies all met for dep_context=requeueable deps ti=<TaskInstance: etl_reporte_como_vamos.task_bot_como_vamos manual__2025-01-30T06:32:36.087286+00:00 [queued]>
[2025-01-30T06:32:38.326+0000] {taskinstance.py:2866} INFO - Starting attempt 1 of 1
[2025-01-30T06:32:38.363+0000] {taskinstance.py:2889} INFO - Executing <Task(BashOperator): task_bot_como_vamos> on 2025-01-30 06:32:36.087286+00:00
[2025-01-30T06:32:38.377+0000] {warnings.py:112} WARNING - /home/***/.local/lib/python3.12/site-packages/***/task/task_runner/standard_task_runner.py:70: DeprecationWarning: This process (pid=212) is multi-threaded, use of fork() may lead to deadlocks in the child.
  pid = os.fork()

[2025-01-30T06:32:38.382+0000] {standard_task_runner.py:72} INFO - Started process 213 to run task
[2025-01-30T06:32:38.384+0000] {standard_task_runner.py:104} INFO - Running: ['***', 'tasks', 'run', 'etl_reporte_como_vamos', 'task_bot_como_vamos', 'manual__2025-01-30T06:32:36.087286+00:00', '--job-id', '7', '--raw', '--subdir', 'DAGS_FOLDER/etl_como_vamos_dag.py', '--cfg-path', '/tmp/tmphgxw1alf']
[2025-01-30T06:32:38.387+0000] {standard_task_runner.py:105} INFO - Job 7: Subtask task_bot_como_vamos
[2025-01-30T06:32:38.507+0000] {task_command.py:467} INFO - Running <TaskInstance: etl_reporte_como_vamos.task_bot_como_vamos manual__2025-01-30T06:32:36.087286+00:00 [running]> on host c218223649a1
[2025-01-30T06:32:38.703+0000] {taskinstance.py:3132} INFO - Exporting env vars: AIRFLOW_CTX_DAG_OWNER='***' AIRFLOW_CTX_DAG_ID='etl_reporte_como_vamos' AIRFLOW_CTX_TASK_ID='task_bot_como_vamos' AIRFLOW_CTX_EXECUTION_DATE='2025-01-30T06:32:36.087286+00:00' AIRFLOW_CTX_TRY_NUMBER='1' AIRFLOW_CTX_DAG_RUN_ID='manual__2025-01-30T06:32:36.087286+00:00'
[2025-01-30T06:32:38.705+0000] {taskinstance.py:731} INFO - ::endgroup::
[2025-01-30T06:32:38.750+0000] {subprocess.py:78} INFO - Tmp dir root location: /tmp
[2025-01-30T06:32:38.753+0000] {subprocess.py:88} INFO - Running command: ['/usr/bin/bash', '-c', 'python /opt/***/scripts/bot_reporte_como_vamos.py']
[2025-01-30T06:32:38.773+0000] {subprocess.py:99} INFO - Output:
[2025-01-30T06:32:43.818+0000] {subprocess.py:106} INFO - ic| start_date: '01/01/2025', end_date: '30/01/2025'
[2025-01-30T06:32:43.820+0000] {subprocess.py:106} INFO - 2025-01-30 06:32:43,818 - bot_como_vamos - INFO - Starting script bot_como_vamos.py
[2025-01-30T06:32:44.028+0000] {subprocess.py:106} INFO - 2025-01-30 06:32:44,028 - bot_como_vamos - INFO - Conexión al Selenium Hub establecida correctamente
[2025-01-30T06:33:24.098+0000] {subprocess.py:106} INFO - ic| login_success: <selenium.webdriver.remote.webelement.WebElement (session="573bc3daa89184b29001c30471287a77", element="f.E545198C9ACDF0ADEEB2CAB99132445D.d.189212BFA2535DE1B9F3294EBBC5B024.e.77")>
[2025-01-30T06:33:24.099+0000] {subprocess.py:106} INFO - 2025-01-30 06:33:24,098 - bot_como_vamos - INFO - Loging success
[2025-01-30T06:33:34.297+0000] {subprocess.py:106} INFO - 2025-01-30 06:33:34,297 - bot_como_vamos - INFO - Click in menu button successfully
[2025-01-30T06:33:44.906+0000] {subprocess.py:106} INFO - 2025-01-30 06:33:44,906 - bot_como_vamos - INFO - Input dates successfully
[2025-01-30T06:33:55.068+0000] {subprocess.py:106} INFO - 2025-01-30 06:33:55,068 - bot_como_vamos - INFO - Click in 'Empresas Y Negocios' successfully
[2025-01-30T06:34:58.017+0000] {subprocess.py:106} INFO - 2025-01-30 06:34:58,016 - bot_como_vamos - INFO - Click in 'Como Vamos' successfully
[2025-01-30T06:35:03.017+0000] {subprocess.py:106} INFO - 2025-01-30 06:35:03,016 - bot_como_vamos - INFO - Waiting for download file...............
[2025-01-30T06:35:03.053+0000] {subprocess.py:106} INFO - ic| file: 'pymp-rjw3upos'
[2025-01-30T06:35:03.057+0000] {subprocess.py:106} INFO - ic| file: '***tmpdi_ftvad'
[2025-01-30T06:35:03.062+0000] {subprocess.py:106} INFO - ic| file: 'hsperfdata_root'
[2025-01-30T06:35:08.068+0000] {subprocess.py:106} INFO - ic| file: 'pymp-rjw3upos'
[2025-01-30T06:35:08.071+0000] {subprocess.py:106} INFO - ic| file: '***tmpdi_ftvad'
[2025-01-30T06:35:08.074+0000] {subprocess.py:106} INFO - ic| file: 'hsperfdata_root'
[2025-01-30T06:35:13.079+0000] {subprocess.py:106} INFO - ic| file: 'pymp-rjw3upos'
[2025-01-30T06:35:13.083+0000] {subprocess.py:106} INFO - ic| file: '***tmpdi_ftvad'
[2025-01-30T06:35:13.087+0000] {subprocess.py:106} INFO - ic| file: 'hsperfdata_root'
[2025-01-30T06:35:18.092+0000] {subprocess.py:106} INFO - ic| file: 'pymp-rjw3upos'
[2025-01-30T06:35:18.096+0000] {subprocess.py:106} INFO - ic| file: '***tmpdi_ftvad'
[2025-01-30T06:35:18.100+0000] {subprocess.py:106} INFO - ic| file: 'hsperfdata_root'
[2025-01-30T06:35:23.106+0000] {subprocess.py:106} INFO - ic| file: 'pymp-rjw3upos'
[2025-01-30T06:35:23.110+0000] {subprocess.py:106} INFO - ic| file: '***tmpdi_ftvad'
[2025-01-30T06:35:23.113+0000] {subprocess.py:106} INFO - ic| file: 'hsperfdata_root'
[2025-01-30T06:35:28.115+0000] {subprocess.py:106} INFO - ic| file: 'pymp-rjw3upos'
[2025-01-30T06:35:28.118+0000] {subprocess.py:106} INFO - ic| file: '***tmpdi_ftvad'
[2025-01-30T06:35:28.120+0000] {subprocess.py:106} INFO - ic| file: 'hsperfdata_root'
[2025-01-30T06:35:33.126+0000] {subprocess.py:106} INFO - ic| file: 'pymp-rjw3upos'
[2025-01-30T06:35:33.131+0000] {subprocess.py:106} INFO - ic| file: '***tmpdi_ftvad'
[2025-01-30T06:35:33.135+0000] {subprocess.py:106} INFO - ic| file: 'hsperfdata_root'
[2025-01-30T06:35:38.140+0000] {subprocess.py:106} INFO - ic| file: 'pymp-rjw3upos'
[2025-01-30T06:35:38.144+0000] {subprocess.py:106} INFO - ic| file: '***tmpdi_ftvad'
[2025-01-30T06:35:38.149+0000] {subprocess.py:106} INFO - ic| file: 'hsperfdata_root'
[2025-01-30T06:35:43.155+0000] {subprocess.py:106} INFO - ic| file: 'pymp-rjw3upos'
[2025-01-30T06:35:43.157+0000] {subprocess.py:106} INFO - ic| file: '***tmpdi_ftvad'
[2025-01-30T06:35:43.160+0000] {subprocess.py:106} INFO - ic| file: 'hsperfdata_root'
[2025-01-30T06:35:48.166+0000] {subprocess.py:106} INFO - ic| file: 'pymp-rjw3upos'
[2025-01-30T06:35:48.170+0000] {subprocess.py:106} INFO - ic| file: '***tmpdi_ftvad'
[2025-01-30T06:35:48.174+0000] {subprocess.py:106} INFO - ic| file: 'hsperfdata_root'
[2025-01-30T06:35:53.178+0000] {subprocess.py:106} INFO - ic| file: 'pymp-rjw3upos'
[2025-01-30T06:35:53.181+0000] {subprocess.py:106} INFO - ic| file: '***tmpdi_ftvad'
[2025-01-30T06:35:53.184+0000] {subprocess.py:106} INFO - ic| file: 'hsperfdata_root'
[2025-01-30T06:35:58.187+0000] {subprocess.py:106} INFO - ic| file: 'pymp-rjw3upos'
[2025-01-30T06:35:58.190+0000] {subprocess.py:106} INFO - ic| file: '***tmpdi_ftvad'
[2025-01-30T06:35:58.193+0000] {subprocess.py:106} INFO - ic| file: 'hsperfdata_root'
[2025-01-30T06:36:03.197+0000] {subprocess.py:106} INFO - ic| file: 'pymp-rjw3upos'
[2025-01-30T06:36:03.200+0000] {subprocess.py:106} INFO - ic| file: '***tmpdi_ftvad'
[2025-01-30T06:36:03.204+0000] {subprocess.py:106} INFO - ic| file: 'hsperfdata_root'
[2025-01-30T06:36:08.207+0000] {subprocess.py:106} INFO - ic| file: 'pymp-rjw3upos'
[2025-01-30T06:36:08.210+0000] {subprocess.py:106} INFO - ic| file: '***tmpdi_ftvad'
[2025-01-30T06:36:08.213+0000] {subprocess.py:106} INFO - ic| file: 'hsperfdata_root'
[2025-01-30T06:36:13.219+0000] {subprocess.py:106} INFO - ic| file: 'pymp-rjw3upos'
[2025-01-30T06:36:13.223+0000] {subprocess.py:106} INFO - ic| file: '***tmpdi_ftvad'
[2025-01-30T06:36:13.226+0000] {subprocess.py:106} INFO - ic| file: 'hsperfdata_root'
[2025-01-30T06:36:18.231+0000] {subprocess.py:106} INFO - ic| file: 'pymp-rjw3upos'
[2025-01-30T06:36:18.233+0000] {subprocess.py:106} INFO - ic| file: '***tmpdi_ftvad'
[2025-01-30T06:36:18.236+0000] {subprocess.py:106} INFO - ic| file: 'hsperfdata_root'
[2025-01-30T06:36:23.241+0000] {subprocess.py:106} INFO - ic| file: 'pymp-rjw3upos'
[2025-01-30T06:36:23.246+0000] {subprocess.py:106} INFO - ic| file: '***tmpdi_ftvad'
[2025-01-30T06:36:23.251+0000] {subprocess.py:106} INFO - ic| file: 'hsperfdata_root'
[2025-01-30T06:36:28.253+0000] {subprocess.py:106} INFO - ic| file: 'pymp-rjw3upos'
[2025-01-30T06:36:28.257+0000] {subprocess.py:106} INFO - ic| file: '***tmpdi_ftvad'
[2025-01-30T06:36:28.262+0000] {subprocess.py:106} INFO - ic| file: 'hsperfdata_root'
[2025-01-30T06:36:33.265+0000] {subprocess.py:106} INFO - ic| file: 'pymp-rjw3upos'
[2025-01-30T06:36:33.268+0000] {subprocess.py:106} INFO - ic| file: '***tmpdi_ftvad'
[2025-01-30T06:36:33.271+0000] {subprocess.py:106} INFO - ic| file: 'hsperfdata_root'
[2025-01-30T06:36:38.274+0000] {subprocess.py:106} INFO - ic| file: 'pymp-rjw3upos'
[2025-01-30T06:36:38.276+0000] {subprocess.py:106} INFO - ic| file: '***tmpdi_ftvad'
[2025-01-30T06:36:38.279+0000] {subprocess.py:106} INFO - ic| file: 'hsperfdata_root'
[2025-01-30T06:36:43.283+0000] {subprocess.py:106} INFO - ic| file: 'pymp-rjw3upos'
[2025-01-30T06:36:43.287+0000] {subprocess.py:106} INFO - ic| file: '***tmpdi_ftvad'
[2025-01-30T06:36:43.291+0000] {subprocess.py:106} INFO - ic| file: 'hsperfdata_root'
[2025-01-30T06:36:48.296+0000] {subprocess.py:106} INFO - ic| file: 'pymp-rjw3upos'
[2025-01-30T06:36:48.299+0000] {subprocess.py:106} INFO - ic| file: '***tmpdi_ftvad'
[2025-01-30T06:36:48.302+0000] {subprocess.py:106} INFO - ic| file: 'hsperfdata_root'
[2025-01-30T06:36:53.306+0000] {subprocess.py:106} INFO - ic| file: 'pymp-rjw3upos'
[2025-01-30T06:36:53.308+0000] {subprocess.py:106} INFO - ic| file: '***tmpdi_ftvad'
[2025-01-30T06:36:53.310+0000] {subprocess.py:106} INFO - ic| file: 'hsperfdata_root'
[2025-01-30T06:36:58.312+0000] {subprocess.py:106} INFO - ic| file: 'pymp-rjw3upos'
[2025-01-30T06:36:58.316+0000] {subprocess.py:106} INFO - ic| file: '***tmpdi_ftvad'
[2025-01-30T06:36:58.319+0000] {subprocess.py:106} INFO - ic| file: 'hsperfdata_root'
[2025-01-30T06:37:03.326+0000] {subprocess.py:106} INFO - ic| file: 'pymp-rjw3upos'
[2025-01-30T06:37:03.330+0000] {subprocess.py:106} INFO - ic| file: '***tmpdi_ftvad'
[2025-01-30T06:37:03.333+0000] {subprocess.py:106} INFO - ic| file: 'hsperfdata_root'
[2025-01-30T06:37:08.341+0000] {subprocess.py:106} INFO - ic| file: 'pymp-rjw3upos'
[2025-01-30T06:37:08.346+0000] {subprocess.py:106} INFO - ic| file: '***tmpdi_ftvad'
[2025-01-30T06:37:08.349+0000] {subprocess.py:106} INFO - ic| file: 'hsperfdata_root'
[2025-01-30T06:37:13.352+0000] {subprocess.py:106} INFO - ic| file: 'pymp-rjw3upos'
[2025-01-30T06:37:13.354+0000] {subprocess.py:106} INFO - ic| file: '***tmpdi_ftvad'
[2025-01-30T06:37:13.355+0000] {subprocess.py:106} INFO - ic| file: 'hsperfdata_root'
[2025-01-30T06:37:18.359+0000] {subprocess.py:106} INFO - ic| file: 'pymp-rjw3upos'
[2025-01-30T06:37:18.363+0000] {subprocess.py:106} INFO - ic| file: '***tmpdi_ftvad'
[2025-01-30T06:37:18.368+0000] {subprocess.py:106} INFO - ic| file: 'hsperfdata_root'
[2025-01-30T06:37:23.374+0000] {subprocess.py:106} INFO - ic| file: 'pymp-rjw3upos'
[2025-01-30T06:37:23.379+0000] {subprocess.py:106} INFO - ic| file: '***tmpdi_ftvad'
[2025-01-30T06:37:23.384+0000] {subprocess.py:106} INFO - ic| file: 'hsperfdata_root'
[2025-01-30T06:37:28.389+0000] {subprocess.py:106} INFO - ic| file: 'pymp-rjw3upos'
[2025-01-30T06:37:28.392+0000] {subprocess.py:106} INFO - ic| file: '***tmpdi_ftvad'
[2025-01-30T06:37:28.396+0000] {subprocess.py:106} INFO - ic| file: 'hsperfdata_root'
[2025-01-30T06:37:33.399+0000] {subprocess.py:106} INFO - ic| file: 'pymp-rjw3upos'
[2025-01-30T06:37:33.403+0000] {subprocess.py:106} INFO - ic| file: '***tmpdi_ftvad'
[2025-01-30T06:37:33.406+0000] {subprocess.py:106} INFO - ic| file: 'hsperfdata_root'
[2025-01-30T06:37:38.411+0000] {subprocess.py:106} INFO - ic| file: 'pymp-rjw3upos'
[2025-01-30T06:37:38.415+0000] {subprocess.py:106} INFO - ic| file: '***tmpdi_ftvad'
[2025-01-30T06:37:38.418+0000] {subprocess.py:106} INFO - ic| file: 'hsperfdata_root'
[2025-01-30T06:37:43.424+0000] {subprocess.py:106} INFO - ic| file: 'pymp-rjw3upos'
[2025-01-30T06:37:43.428+0000] {subprocess.py:106} INFO - ic| file: '***tmpdi_ftvad'
[2025-01-30T06:37:43.431+0000] {subprocess.py:106} INFO - ic| file: 'hsperfdata_root'
[2025-01-30T06:37:48.437+0000] {subprocess.py:106} INFO - ic| file: 'pymp-rjw3upos'
[2025-01-30T06:37:48.440+0000] {subprocess.py:106} INFO - ic| file: '***tmpdi_ftvad'
[2025-01-30T06:37:48.442+0000] {subprocess.py:106} INFO - ic| file: 'hsperfdata_root'
[2025-01-30T06:37:53.448+0000] {subprocess.py:106} INFO - ic| file: 'pymp-rjw3upos'
[2025-01-30T06:37:53.451+0000] {subprocess.py:106} INFO - ic| file: '***tmpdi_ftvad'
[2025-01-30T06:37:53.454+0000] {subprocess.py:106} INFO - ic| file: 'hsperfdata_root'
[2025-01-30T06:37:58.457+0000] {subprocess.py:106} INFO - ic| file: 'pymp-rjw3upos'
[2025-01-30T06:37:58.464+0000] {subprocess.py:106} INFO - ic| file: '***tmpdi_ftvad'
[2025-01-30T06:37:58.468+0000] {subprocess.py:106} INFO - ic| file: 'hsperfdata_root'
[2025-01-30T06:38:03.475+0000] {subprocess.py:106} INFO - ic| file: 'pymp-rjw3upos'
[2025-01-30T06:38:03.479+0000] {subprocess.py:106} INFO - ic| file: '***tmpdi_ftvad'
[2025-01-30T06:38:03.482+0000] {subprocess.py:106} INFO - ic| file: 'hsperfdata_root'
[2025-01-30T06:38:08.487+0000] {subprocess.py:106} INFO - ic| file: 'pymp-rjw3upos'
[2025-01-30T06:38:08.491+0000] {subprocess.py:106} INFO - ic| file: '***tmpdi_ftvad'
[2025-01-30T06:38:08.495+0000] {subprocess.py:106} INFO - ic| file: 'hsperfdata_root'
[2025-01-30T06:38:13.502+0000] {subprocess.py:106} INFO - ic| file: 'pymp-rjw3upos'
[2025-01-30T06:38:13.506+0000] {subprocess.py:106} INFO - ic| file: '***tmpdi_ftvad'
[2025-01-30T06:38:13.509+0000] {subprocess.py:106} INFO - ic| file: 'hsperfdata_root'
[2025-01-30T06:38:18.513+0000] {subprocess.py:106} INFO - ic| file: 'pymp-rjw3upos'
[2025-01-30T06:38:18.515+0000] {subprocess.py:106} INFO - ic| file: '***tmpdi_ftvad'
[2025-01-30T06:38:18.518+0000] {subprocess.py:106} INFO - ic| file: 'hsperfdata_root'
[2025-01-30T06:38:23.522+0000] {subprocess.py:106} INFO - ic| file: 'pymp-rjw3upos'
[2025-01-30T06:38:23.526+0000] {subprocess.py:106} INFO - ic| file: '***tmpdi_ftvad'
[2025-01-30T06:38:23.529+0000] {subprocess.py:106} INFO - ic| file: 'hsperfdata_root'
[2025-01-30T06:38:28.533+0000] {subprocess.py:106} INFO - ic| file: 'pymp-rjw3upos'
[2025-01-30T06:38:28.537+0000] {subprocess.py:106} INFO - ic| file: '***tmpdi_ftvad'
[2025-01-30T06:38:28.542+0000] {subprocess.py:106} INFO - ic| file: 'hsperfdata_root'
[2025-01-30T06:38:33.549+0000] {subprocess.py:106} INFO - ic| file: 'pymp-rjw3upos'
[2025-01-30T06:38:33.555+0000] {subprocess.py:106} INFO - ic| file: '***tmpdi_ftvad'
[2025-01-30T06:38:33.560+0000] {subprocess.py:106} INFO - ic| file: 'hsperfdata_root'
[2025-01-30T06:38:38.565+0000] {subprocess.py:106} INFO - ic| file: 'pymp-rjw3upos'
[2025-01-30T06:38:38.569+0000] {subprocess.py:106} INFO - ic| file: '***tmpdi_ftvad'
[2025-01-30T06:38:38.572+0000] {subprocess.py:106} INFO - ic| file: 'hsperfdata_root'
[2025-01-30T06:38:43.577+0000] {subprocess.py:106} INFO - ic| file: 'pymp-rjw3upos'
[2025-01-30T06:38:43.582+0000] {subprocess.py:106} INFO - ic| file: '***tmpdi_ftvad'
[2025-01-30T06:38:43.587+0000] {subprocess.py:106} INFO - ic| file: 'hsperfdata_root'
[2025-01-30T06:38:48.594+0000] {subprocess.py:106} INFO - ic| file: 'pymp-rjw3upos'
[2025-01-30T06:38:48.600+0000] {subprocess.py:106} INFO - ic| file: '***tmpdi_ftvad'
[2025-01-30T06:38:48.606+0000] {subprocess.py:106} INFO - ic| file: 'hsperfdata_root'
[2025-01-30T06:38:53.611+0000] {subprocess.py:106} INFO - ic| file: 'pymp-rjw3upos'
[2025-01-30T06:38:53.614+0000] {subprocess.py:106} INFO - ic| file: '***tmpdi_ftvad'
[2025-01-30T06:38:53.617+0000] {subprocess.py:106} INFO - ic| file: 'hsperfdata_root'
[2025-01-30T06:38:58.618+0000] {subprocess.py:106} INFO - ic| file: 'pymp-rjw3upos'
[2025-01-30T06:38:58.619+0000] {subprocess.py:106} INFO - ic| file: '***tmpdi_ftvad'
[2025-01-30T06:38:58.621+0000] {subprocess.py:106} INFO - ic| file: 'hsperfdata_root'
[2025-01-30T06:39:03.624+0000] {subprocess.py:106} INFO - ic| file: 'pymp-rjw3upos'
[2025-01-30T06:39:03.627+0000] {subprocess.py:106} INFO - ic| file: '***tmpdi_ftvad'
[2025-01-30T06:39:03.630+0000] {subprocess.py:106} INFO - ic| file: 'hsperfdata_root'
[2025-01-30T06:39:08.634+0000] {subprocess.py:106} INFO - ic| file: 'pymp-rjw3upos'
[2025-01-30T06:39:08.637+0000] {subprocess.py:106} INFO - ic| file: '***tmpdi_ftvad'
[2025-01-30T06:39:08.642+0000] {subprocess.py:106} INFO - ic| file: 'hsperfdata_root'
[2025-01-30T06:39:13.648+0000] {subprocess.py:106} INFO - ic| file: 'pymp-rjw3upos'
[2025-01-30T06:39:13.654+0000] {subprocess.py:106} INFO - ic| file: '***tmpdi_ftvad'
[2025-01-30T06:39:13.659+0000] {subprocess.py:106} INFO - ic| file: 'hsperfdata_root'
[2025-01-30T06:39:18.666+0000] {subprocess.py:106} INFO - ic| file: 'pymp-rjw3upos'
[2025-01-30T06:39:18.670+0000] {subprocess.py:106} INFO - ic| file: '***tmpdi_ftvad'
[2025-01-30T06:39:18.675+0000] {subprocess.py:106} INFO - ic| file: 'hsperfdata_root'
[2025-01-30T06:39:23.679+0000] {subprocess.py:106} INFO - ic| file: 'pymp-rjw3upos'
[2025-01-30T06:39:23.683+0000] {subprocess.py:106} INFO - ic| file: '***tmpdi_ftvad'
[2025-01-30T06:39:23.687+0000] {subprocess.py:106} INFO - ic| file: 'hsperfdata_root'
[2025-01-30T06:39:28.690+0000] {subprocess.py:106} INFO - ic| file: 'pymp-rjw3upos'
[2025-01-30T06:39:28.692+0000] {subprocess.py:106} INFO - ic| file: '***tmpdi_ftvad'
[2025-01-30T06:39:28.694+0000] {subprocess.py:106} INFO - ic| file: 'hsperfdata_root'
[2025-01-30T06:39:33.700+0000] {subprocess.py:106} INFO - ic| file: 'pymp-rjw3upos'
[2025-01-30T06:39:33.705+0000] {subprocess.py:106} INFO - ic| file: '***tmpdi_ftvad'
[2025-01-30T06:39:33.710+0000] {subprocess.py:106} INFO - ic| file: 'hsperfdata_root'
[2025-01-30T06:39:38.714+0000] {subprocess.py:106} INFO - ic| file: 'pymp-rjw3upos'
[2025-01-30T06:39:38.718+0000] {subprocess.py:106} INFO - ic| file: '***tmpdi_ftvad'
[2025-01-30T06:39:38.721+0000] {subprocess.py:106} INFO - ic| file: 'hsperfdata_root'
[2025-01-30T06:39:43.727+0000] {subprocess.py:106} INFO - ic| file: 'pymp-rjw3upos'
[2025-01-30T06:39:43.733+0000] {subprocess.py:106} INFO - ic| file: '***tmpdi_ftvad'
[2025-01-30T06:39:43.738+0000] {subprocess.py:106} INFO - ic| file: 'hsperfdata_root'
[2025-01-30T06:39:48.745+0000] {subprocess.py:106} INFO - ic| file: 'pymp-rjw3upos'
[2025-01-30T06:39:48.750+0000] {subprocess.py:106} INFO - ic| file: '***tmpdi_ftvad'
[2025-01-30T06:39:48.756+0000] {subprocess.py:106} INFO - ic| file: 'hsperfdata_root'
[2025-01-30T06:39:53.761+0000] {subprocess.py:106} INFO - ic| file: 'pymp-rjw3upos'
[2025-01-30T06:39:53.765+0000] {subprocess.py:106} INFO - ic| file: '***tmpdi_ftvad'
[2025-01-30T06:39:53.769+0000] {subprocess.py:106} INFO - ic| file: 'hsperfdata_root'
[2025-01-30T06:39:58.772+0000] {subprocess.py:106} INFO - ic| file: 'pymp-rjw3upos'
[2025-01-30T06:39:58.777+0000] {subprocess.py:106} INFO - ic| file: '***tmpdi_ftvad'
[2025-01-30T06:39:58.781+0000] {subprocess.py:106} INFO - ic| file: 'hsperfdata_root'
[2025-01-30T06:40:03.787+0000] {subprocess.py:106} INFO - ic| file: 'pymp-rjw3upos'
[2025-01-30T06:40:03.793+0000] {subprocess.py:106} INFO - ic| file: '***tmpdi_ftvad'
[2025-01-30T06:40:03.796+0000] {subprocess.py:106} INFO - ic| file: 'hsperfdata_root'
[2025-01-30T06:40:08.801+0000] {subprocess.py:106} INFO - ic| file: 'pymp-rjw3upos'
[2025-01-30T06:40:08.805+0000] {subprocess.py:106} INFO - ic| file: '***tmpdi_ftvad'
[2025-01-30T06:40:08.809+0000] {subprocess.py:106} INFO - ic| file: 'hsperfdata_root'
[2025-01-30T06:40:13.814+0000] {subprocess.py:106} INFO - ic| file: 'pymp-rjw3upos'
[2025-01-30T06:40:13.819+0000] {subprocess.py:106} INFO - ic| file: '***tmpdi_ftvad'
[2025-01-30T06:40:13.823+0000] {subprocess.py:106} INFO - ic| file: 'hsperfdata_root'
[2025-01-30T06:40:18.827+0000] {subprocess.py:106} INFO - ic| file: 'pymp-rjw3upos'
[2025-01-30T06:40:18.831+0000] {subprocess.py:106} INFO - ic| file: '***tmpdi_ftvad'
[2025-01-30T06:40:18.836+0000] {subprocess.py:106} INFO - ic| file: 'hsperfdata_root'
[2025-01-30T06:40:23.843+0000] {subprocess.py:106} INFO - ic| file: 'pymp-rjw3upos'
[2025-01-30T06:40:23.847+0000] {subprocess.py:106} INFO - ic| file: '***tmpdi_ftvad'
[2025-01-30T06:40:23.851+0000] {subprocess.py:106} INFO - ic| file: 'hsperfdata_root'
[2025-01-30T06:40:28.854+0000] {subprocess.py:106} INFO - ic| file: 'pymp-rjw3upos'
[2025-01-30T06:40:28.859+0000] {subprocess.py:106} INFO - ic| file: '***tmpdi_ftvad'
[2025-01-30T06:40:28.863+0000] {subprocess.py:106} INFO - ic| file: 'hsperfdata_root'
[2025-01-30T06:40:33.867+0000] {subprocess.py:106} INFO - ic| file: 'pymp-rjw3upos'
[2025-01-30T06:40:33.870+0000] {subprocess.py:106} INFO - ic| file: '***tmpdi_ftvad'
[2025-01-30T06:40:33.872+0000] {subprocess.py:106} INFO - ic| file: 'hsperfdata_root'
[2025-01-30T06:40:38.877+0000] {subprocess.py:106} INFO - ic| file: 'pymp-rjw3upos'
[2025-01-30T06:40:38.882+0000] {subprocess.py:106} INFO - ic| file: '***tmpdi_ftvad'
[2025-01-30T06:40:38.885+0000] {subprocess.py:106} INFO - ic| file: 'hsperfdata_root'
[2025-01-30T06:40:43.891+0000] {subprocess.py:106} INFO - ic| file: 'pymp-rjw3upos'
[2025-01-30T06:40:43.895+0000] {subprocess.py:106} INFO - ic| file: '***tmpdi_ftvad'
[2025-01-30T06:40:43.898+0000] {subprocess.py:106} INFO - ic| file: 'hsperfdata_root'
[2025-01-30T06:40:48.902+0000] {subprocess.py:106} INFO - ic| file: 'pymp-rjw3upos'
[2025-01-30T06:40:48.905+0000] {subprocess.py:106} INFO - ic| file: '***tmpdi_ftvad'
[2025-01-30T06:40:48.906+0000] {subprocess.py:106} INFO - ic| file: 'hsperfdata_root'
[2025-01-30T06:40:53.917+0000] {subprocess.py:106} INFO - ic| file: 'pymp-rjw3upos'
[2025-01-30T06:40:53.919+0000] {subprocess.py:106} INFO - ic| file: '***tmpdi_ftvad'
[2025-01-30T06:40:53.922+0000] {subprocess.py:106} INFO - ic| file: 'hsperfdata_root'
[2025-01-30T06:40:58.926+0000] {subprocess.py:106} INFO - ic| file: 'pymp-rjw3upos'
[2025-01-30T06:40:58.932+0000] {subprocess.py:106} INFO - ic| file: '***tmpdi_ftvad'
[2025-01-30T06:40:58.937+0000] {subprocess.py:106} INFO - ic| file: 'hsperfdata_root'
[2025-01-30T06:41:03.942+0000] {subprocess.py:106} INFO - ic| file: 'pymp-rjw3upos'
[2025-01-30T06:41:03.947+0000] {subprocess.py:106} INFO - ic| file: '***tmpdi_ftvad'
[2025-01-30T06:41:03.950+0000] {subprocess.py:106} INFO - ic| file: 'hsperfdata_root'
[2025-01-30T06:41:08.956+0000] {subprocess.py:106} INFO - ic| file: 'pymp-rjw3upos'
[2025-01-30T06:41:08.961+0000] {subprocess.py:106} INFO - ic| file: '***tmpdi_ftvad'
[2025-01-30T06:41:08.965+0000] {subprocess.py:106} INFO - ic| file: 'hsperfdata_root'
[2025-01-30T06:41:13.971+0000] {subprocess.py:106} INFO - ic| file: 'pymp-rjw3upos'
[2025-01-30T06:41:13.976+0000] {subprocess.py:106} INFO - ic| file: '***tmpdi_ftvad'
[2025-01-30T06:41:13.982+0000] {subprocess.py:106} INFO - ic| file: 'hsperfdata_root'
[2025-01-30T06:41:18.986+0000] {subprocess.py:106} INFO - ic| file: 'pymp-rjw3upos'
[2025-01-30T06:41:18.990+0000] {subprocess.py:106} INFO - ic| file: '***tmpdi_ftvad'
[2025-01-30T06:41:18.996+0000] {subprocess.py:106} INFO - ic| file: 'hsperfdata_root'
[2025-01-30T06:41:24.000+0000] {subprocess.py:106} INFO - ic| file: 'pymp-rjw3upos'
[2025-01-30T06:41:24.003+0000] {subprocess.py:106} INFO - ic| file: '***tmpdi_ftvad'
[2025-01-30T06:41:24.006+0000] {subprocess.py:106} INFO - ic| file: 'hsperfdata_root'
[2025-01-30T06:41:29.010+0000] {subprocess.py:106} INFO - ic| file: 'pymp-rjw3upos'
[2025-01-30T06:41:29.015+0000] {subprocess.py:106} INFO - ic| file: '***tmpdi_ftvad'
[2025-01-30T06:41:29.019+0000] {subprocess.py:106} INFO - ic| file: 'hsperfdata_root'
[2025-01-30T06:41:34.024+0000] {subprocess.py:106} INFO - ic| file: 'pymp-rjw3upos'
[2025-01-30T06:41:34.028+0000] {subprocess.py:106} INFO - ic| file: '***tmpdi_ftvad'
[2025-01-30T06:41:34.033+0000] {subprocess.py:106} INFO - ic| file: 'hsperfdata_root'
[2025-01-30T06:41:39.038+0000] {subprocess.py:106} INFO - ic| file: 'pymp-rjw3upos'
[2025-01-30T06:41:39.043+0000] {subprocess.py:106} INFO - ic| file: '***tmpdi_ftvad'
[2025-01-30T06:41:39.048+0000] {subprocess.py:106} INFO - ic| file: 'hsperfdata_root'
[2025-01-30T06:41:44.053+0000] {subprocess.py:106} INFO - ic| file: 'pymp-rjw3upos'
[2025-01-30T06:41:44.056+0000] {subprocess.py:106} INFO - ic| file: '***tmpdi_ftvad'
[2025-01-30T06:41:44.059+0000] {subprocess.py:106} INFO - ic| file: 'hsperfdata_root'
[2025-01-30T06:41:49.065+0000] {subprocess.py:106} INFO - ic| file: 'pymp-rjw3upos'
[2025-01-30T06:41:49.069+0000] {subprocess.py:106} INFO - ic| file: '***tmpdi_ftvad'
[2025-01-30T06:41:49.073+0000] {subprocess.py:106} INFO - ic| file: 'hsperfdata_root'
[2025-01-30T06:41:54.078+0000] {subprocess.py:106} INFO - ic| file: 'pymp-rjw3upos'
[2025-01-30T06:41:54.083+0000] {subprocess.py:106} INFO - ic| file: '***tmpdi_ftvad'
[2025-01-30T06:41:54.087+0000] {subprocess.py:106} INFO - ic| file: 'hsperfdata_root'
[2025-01-30T06:41:59.090+0000] {subprocess.py:106} INFO - ic| file: 'pymp-rjw3upos'
[2025-01-30T06:41:59.094+0000] {subprocess.py:106} INFO - ic| file: '***tmpdi_ftvad'
[2025-01-30T06:41:59.099+0000] {subprocess.py:106} INFO - ic| file: 'hsperfdata_root'
[2025-01-30T06:42:04.105+0000] {subprocess.py:106} INFO - ic| file: 'pymp-rjw3upos'
[2025-01-30T06:42:04.110+0000] {subprocess.py:106} INFO - ic| file: '***tmpdi_ftvad'
[2025-01-30T06:42:04.115+0000] {subprocess.py:106} INFO - ic| file: 'hsperfdata_root'
[2025-01-30T06:42:09.120+0000] {subprocess.py:106} INFO - ic| file: 'pymp-rjw3upos'
[2025-01-30T06:42:09.125+0000] {subprocess.py:106} INFO - ic| file: '***tmpdi_ftvad'
[2025-01-30T06:42:09.131+0000] {subprocess.py:106} INFO - ic| file: 'hsperfdata_root'
[2025-01-30T06:42:14.137+0000] {subprocess.py:106} INFO - ic| file: 'pymp-rjw3upos'
[2025-01-30T06:42:14.141+0000] {subprocess.py:106} INFO - ic| file: '***tmpdi_ftvad'
[2025-01-30T06:42:14.145+0000] {subprocess.py:106} INFO - ic| file: 'hsperfdata_root'
[2025-01-30T06:42:19.150+0000] {subprocess.py:106} INFO - ic| file: 'pymp-rjw3upos'
[2025-01-30T06:42:19.155+0000] {subprocess.py:106} INFO - ic| file: '***tmpdi_ftvad'
[2025-01-30T06:42:19.160+0000] {subprocess.py:106} INFO - ic| file: 'hsperfdata_root'
[2025-01-30T06:42:24.166+0000] {subprocess.py:106} INFO - ic| file: 'pymp-rjw3upos'
[2025-01-30T06:42:24.171+0000] {subprocess.py:106} INFO - ic| file: '***tmpdi_ftvad'
[2025-01-30T06:42:24.174+0000] {subprocess.py:106} INFO - ic| file: 'hsperfdata_root'
[2025-01-30T06:42:29.176+0000] {subprocess.py:106} INFO - ic| file: 'pymp-rjw3upos'
[2025-01-30T06:42:29.180+0000] {subprocess.py:106} INFO - ic| file: '***tmpdi_ftvad'
[2025-01-30T06:42:29.184+0000] {subprocess.py:106} INFO - ic| file: 'hsperfdata_root'
[2025-01-30T06:42:34.189+0000] {subprocess.py:106} INFO - ic| file: 'pymp-rjw3upos'
[2025-01-30T06:42:34.191+0000] {subprocess.py:106} INFO - ic| file: '***tmpdi_ftvad'
[2025-01-30T06:42:34.194+0000] {subprocess.py:106} INFO - ic| file: 'hsperfdata_root'
[2025-01-30T06:42:39.197+0000] {subprocess.py:106} INFO - ic| file: 'pymp-rjw3upos'
[2025-01-30T06:42:39.200+0000] {subprocess.py:106} INFO - ic| file: '***tmpdi_ftvad'
[2025-01-30T06:42:39.203+0000] {subprocess.py:106} INFO - ic| file: 'hsperfdata_root'
[2025-01-30T06:42:44.208+0000] {subprocess.py:106} INFO - ic| file: 'pymp-rjw3upos'
[2025-01-30T06:42:44.214+0000] {subprocess.py:106} INFO - ic| file: '***tmpdi_ftvad'
[2025-01-30T06:42:44.218+0000] {subprocess.py:106} INFO - ic| file: 'hsperfdata_root'
[2025-01-30T06:42:49.224+0000] {subprocess.py:106} INFO - ic| file: 'pymp-rjw3upos'
[2025-01-30T06:42:49.228+0000] {subprocess.py:106} INFO - ic| file: '***tmpdi_ftvad'
[2025-01-30T06:42:49.232+0000] {subprocess.py:106} INFO - ic| file: 'hsperfdata_root'
[2025-01-30T06:42:54.238+0000] {subprocess.py:106} INFO - ic| file: 'pymp-rjw3upos'
[2025-01-30T06:42:54.242+0000] {subprocess.py:106} INFO - ic| file: '***tmpdi_ftvad'
[2025-01-30T06:42:54.246+0000] {subprocess.py:106} INFO - ic| file: 'hsperfdata_root'
[2025-01-30T06:42:59.248+0000] {subprocess.py:106} INFO - ic| file: 'pymp-rjw3upos'
[2025-01-30T06:42:59.253+0000] {subprocess.py:106} INFO - ic| file: '***tmpdi_ftvad'
[2025-01-30T06:42:59.256+0000] {subprocess.py:106} INFO - ic| file: 'hsperfdata_root'
[2025-01-30T06:43:04.261+0000] {subprocess.py:106} INFO - ic| file: 'pymp-rjw3upos'
[2025-01-30T06:43:04.265+0000] {subprocess.py:106} INFO - ic| file: '***tmpdi_ftvad'
[2025-01-30T06:43:04.269+0000] {subprocess.py:106} INFO - ic| file: 'hsperfdata_root'
[2025-01-30T06:43:09.275+0000] {subprocess.py:106} INFO - ic| file: 'pymp-rjw3upos'
[2025-01-30T06:43:09.280+0000] {subprocess.py:106} INFO - ic| file: '***tmpdi_ftvad'
[2025-01-30T06:43:09.283+0000] {subprocess.py:106} INFO - ic| file: 'hsperfdata_root'
[2025-01-30T06:43:14.289+0000] {subprocess.py:106} INFO - ic| file: 'pymp-rjw3upos'
[2025-01-30T06:43:14.293+0000] {subprocess.py:106} INFO - ic| file: '***tmpdi_ftvad'
[2025-01-30T06:43:14.297+0000] {subprocess.py:106} INFO - ic| file: 'hsperfdata_root'
[2025-01-30T06:43:19.305+0000] {subprocess.py:106} INFO - ic| file: 'pymp-rjw3upos'
[2025-01-30T06:43:19.311+0000] {subprocess.py:106} INFO - ic| file: '***tmpdi_ftvad'
[2025-01-30T06:43:19.317+0000] {subprocess.py:106} INFO - ic| file: 'hsperfdata_root'
[2025-01-30T06:43:24.322+0000] {subprocess.py:106} INFO - ic| file: 'pymp-rjw3upos'
[2025-01-30T06:43:24.326+0000] {subprocess.py:106} INFO - ic| file: '***tmpdi_ftvad'
[2025-01-30T06:43:24.331+0000] {subprocess.py:106} INFO - ic| file: 'hsperfdata_root'
[2025-01-30T06:43:29.336+0000] {subprocess.py:106} INFO - ic| file: 'pymp-rjw3upos'
[2025-01-30T06:43:29.340+0000] {subprocess.py:106} INFO - ic| file: '***tmpdi_ftvad'
[2025-01-30T06:43:29.344+0000] {subprocess.py:106} INFO - ic| file: 'hsperfdata_root'
[2025-01-30T06:43:34.350+0000] {subprocess.py:106} INFO - ic| file: 'pymp-rjw3upos'
[2025-01-30T06:43:34.354+0000] {subprocess.py:106} INFO - ic| file: '***tmpdi_ftvad'
[2025-01-30T06:43:34.358+0000] {subprocess.py:106} INFO - ic| file: 'hsperfdata_root'
[2025-01-30T06:43:39.363+0000] {subprocess.py:106} INFO - ic| file: 'pymp-rjw3upos'
[2025-01-30T06:43:39.368+0000] {subprocess.py:106} INFO - ic| file: '***tmpdi_ftvad'
[2025-01-30T06:43:39.371+0000] {subprocess.py:106} INFO - ic| file: 'hsperfdata_root'
[2025-01-30T06:43:44.378+0000] {subprocess.py:106} INFO - ic| file: 'pymp-rjw3upos'
[2025-01-30T06:43:44.382+0000] {subprocess.py:106} INFO - ic| file: '***tmpdi_ftvad'
[2025-01-30T06:43:44.385+0000] {subprocess.py:106} INFO - ic| file: 'hsperfdata_root'
[2025-01-30T06:43:49.393+0000] {subprocess.py:106} INFO - ic| file: 'pymp-rjw3upos'
[2025-01-30T06:43:49.397+0000] {subprocess.py:106} INFO - ic| file: '***tmpdi_ftvad'
[2025-01-30T06:43:49.401+0000] {subprocess.py:106} INFO - ic| file: 'hsperfdata_root'
[2025-01-30T06:43:54.407+0000] {subprocess.py:106} INFO - ic| file: 'pymp-rjw3upos'
[2025-01-30T06:43:54.415+0000] {subprocess.py:106} INFO - ic| file: '***tmpdi_ftvad'
[2025-01-30T06:43:54.420+0000] {subprocess.py:106} INFO - ic| file: 'hsperfdata_root'
[2025-01-30T06:43:59.423+0000] {subprocess.py:106} INFO - ic| file: 'pymp-rjw3upos'
[2025-01-30T06:43:59.427+0000] {subprocess.py:106} INFO - ic| file: '***tmpdi_ftvad'
[2025-01-30T06:43:59.432+0000] {subprocess.py:106} INFO - ic| file: 'hsperfdata_root'
[2025-01-30T06:44:04.437+0000] {subprocess.py:106} INFO - ic| file: 'pymp-rjw3upos'
[2025-01-30T06:44:04.442+0000] {subprocess.py:106} INFO - ic| file: '***tmpdi_ftvad'
[2025-01-30T06:44:04.447+0000] {subprocess.py:106} INFO - ic| file: 'hsperfdata_root'
[2025-01-30T06:44:09.453+0000] {subprocess.py:106} INFO - ic| file: 'pymp-rjw3upos'
[2025-01-30T06:44:09.457+0000] {subprocess.py:106} INFO - ic| file: '***tmpdi_ftvad'
[2025-01-30T06:44:09.461+0000] {subprocess.py:106} INFO - ic| file: 'hsperfdata_root'
[2025-01-30T06:44:14.468+0000] {subprocess.py:106} INFO - ic| file: 'pymp-rjw3upos'
[2025-01-30T06:44:14.472+0000] {subprocess.py:106} INFO - ic| file: '***tmpdi_ftvad'
[2025-01-30T06:44:14.476+0000] {subprocess.py:106} INFO - ic| file: 'hsperfdata_root'
[2025-01-30T06:44:19.484+0000] {subprocess.py:106} INFO - ic| file: 'pymp-rjw3upos'
[2025-01-30T06:44:19.487+0000] {subprocess.py:106} INFO - ic| file: '***tmpdi_ftvad'
[2025-01-30T06:44:19.491+0000] {subprocess.py:106} INFO - ic| file: 'hsperfdata_root'
[2025-01-30T06:44:24.497+0000] {subprocess.py:106} INFO - ic| file: 'pymp-rjw3upos'
[2025-01-30T06:44:24.502+0000] {subprocess.py:106} INFO - ic| file: '***tmpdi_ftvad'
[2025-01-30T06:44:24.505+0000] {subprocess.py:106} INFO - ic| file: 'hsperfdata_root'
[2025-01-30T06:44:29.507+0000] {subprocess.py:106} INFO - ic| file: 'pymp-rjw3upos'
[2025-01-30T06:44:29.512+0000] {subprocess.py:106} INFO - ic| file: '***tmpdi_ftvad'
[2025-01-30T06:44:29.517+0000] {subprocess.py:106} INFO - ic| file: 'hsperfdata_root'
[2025-01-30T06:44:34.523+0000] {subprocess.py:106} INFO - ic| file: 'pymp-rjw3upos'
[2025-01-30T06:44:34.529+0000] {subprocess.py:106} INFO - ic| file: '***tmpdi_ftvad'
[2025-01-30T06:44:34.533+0000] {subprocess.py:106} INFO - ic| file: 'hsperfdata_root'
[2025-01-30T06:44:39.538+0000] {subprocess.py:106} INFO - ic| file: 'pymp-rjw3upos'
[2025-01-30T06:44:39.542+0000] {subprocess.py:106} INFO - ic| file: '***tmpdi_ftvad'
[2025-01-30T06:44:39.545+0000] {subprocess.py:106} INFO - ic| file: 'hsperfdata_root'
[2025-01-30T06:44:44.551+0000] {subprocess.py:106} INFO - ic| file: 'pymp-rjw3upos'
[2025-01-30T06:44:44.556+0000] {subprocess.py:106} INFO - ic| file: '***tmpdi_ftvad'
[2025-01-30T06:44:44.560+0000] {subprocess.py:106} INFO - ic| file: 'hsperfdata_root'
[2025-01-30T06:44:49.566+0000] {subprocess.py:106} INFO - ic| file: 'pymp-rjw3upos'
[2025-01-30T06:44:49.570+0000] {subprocess.py:106} INFO - ic| file: '***tmpdi_ftvad'
[2025-01-30T06:44:49.573+0000] {subprocess.py:106} INFO - ic| file: 'hsperfdata_root'
[2025-01-30T06:44:54.578+0000] {subprocess.py:106} INFO - ic| file: 'pymp-rjw3upos'
[2025-01-30T06:44:54.583+0000] {subprocess.py:106} INFO - ic| file: '***tmpdi_ftvad'
[2025-01-30T06:44:54.587+0000] {subprocess.py:106} INFO - ic| file: 'hsperfdata_root'
[2025-01-30T06:44:59.590+0000] {subprocess.py:106} INFO - ic| file: 'pymp-rjw3upos'
[2025-01-30T06:44:59.594+0000] {subprocess.py:106} INFO - ic| file: '***tmpdi_ftvad'
[2025-01-30T06:44:59.598+0000] {subprocess.py:106} INFO - ic| file: 'hsperfdata_root'
[2025-01-30T06:45:04.599+0000] {subprocess.py:106} INFO - 2025-01-30 06:45:04,598 - bot_como_vamos - ERROR - Exceeded the waiting time - Reporte como_vamos.xlsx doesn't downloaded
[2025-01-30T06:45:04.733+0000] {subprocess.py:106} INFO - 🚫🚫 Se excedio el tiempo de espera para la descarga. Se hara un nuevo intento 🚫🚫
[2025-01-30T06:45:05.022+0000] {subprocess.py:110} INFO - Command exited with return code 0
[2025-01-30T06:45:05.088+0000] {taskinstance.py:340} INFO - ::group::Post task execution logs
[2025-01-30T06:45:05.091+0000] {taskinstance.py:352} INFO - Marking task as SUCCESS. dag_id=etl_reporte_como_vamos, task_id=task_bot_como_vamos, run_id=manual__2025-01-30T06:32:36.087286+00:00, execution_date=20250130T063236, start_date=20250130T063238, end_date=20250130T064505
[2025-01-30T06:45:05.159+0000] {local_task_job_runner.py:266} INFO - Task exited with return code 0
[2025-01-30T06:45:05.204+0000] {taskinstance.py:3895} INFO - 1 downstream tasks scheduled from follow-on schedule check
[2025-01-30T06:45:05.211+0000] {local_task_job_runner.py:245} INFO - ::endgroup::
