[2025-02-05T07:12:08.155-0500] {local_task_job_runner.py:123} INFO - ::group::Pre task execution logs
[2025-02-05T07:12:08.173-0500] {taskinstance.py:2613} INFO - Dependencies all met for dep_context=non-requeueable deps ti=<TaskInstance: etl_reporte_como_vamos.bot_ex_bbva manual__2025-02-05T12:09:34.229947+00:00 [queued]>
[2025-02-05T07:12:08.182-0500] {taskinstance.py:2613} INFO - Dependencies all met for dep_context=requeueable deps ti=<TaskInstance: etl_reporte_como_vamos.bot_ex_bbva manual__2025-02-05T12:09:34.229947+00:00 [queued]>
[2025-02-05T07:12:08.184-0500] {taskinstance.py:2866} INFO - Starting attempt 1 of 4
[2025-02-05T07:12:08.198-0500] {taskinstance.py:2889} INFO - Executing <Task(BashOperator): bot_ex_bbva> on 2025-02-05 12:09:34.229947+00:00
[2025-02-05T07:12:08.205-0500] {warnings.py:112} WARNING - /home/***/.local/lib/python3.12/site-packages/***/task/task_runner/standard_task_runner.py:70: DeprecationWarning: This process (pid=249) is multi-threaded, use of fork() may lead to deadlocks in the child.
  pid = os.fork()

[2025-02-05T07:12:08.206-0500] {standard_task_runner.py:72} INFO - Started process 250 to run task
[2025-02-05T07:12:08.207-0500] {standard_task_runner.py:104} INFO - Running: ['***', 'tasks', 'run', 'etl_reporte_como_vamos', 'bot_ex_bbva', 'manual__2025-02-05T12:09:34.229947+00:00', '--job-id', '54', '--raw', '--subdir', 'DAGS_FOLDER/etl_como_vamos_dag.py', '--cfg-path', '/tmp/tmpbjhuz_9p']
[2025-02-05T07:12:08.208-0500] {standard_task_runner.py:105} INFO - Job 54: Subtask bot_ex_bbva
[2025-02-05T07:12:08.252-0500] {task_command.py:467} INFO - Running <TaskInstance: etl_reporte_como_vamos.bot_ex_bbva manual__2025-02-05T12:09:34.229947+00:00 [running]> on host 21f1c1b48730
[2025-02-05T07:12:08.364-0500] {taskinstance.py:3132} INFO - Exporting env vars: AIRFLOW_CTX_DAG_OWNER='***' AIRFLOW_CTX_DAG_ID='etl_reporte_como_vamos' AIRFLOW_CTX_TASK_ID='bot_ex_bbva' AIRFLOW_CTX_EXECUTION_DATE='2025-02-05T12:09:34.229947+00:00' AIRFLOW_CTX_TRY_NUMBER='1' AIRFLOW_CTX_DAG_RUN_ID='manual__2025-02-05T12:09:34.229947+00:00'
[2025-02-05T07:12:08.365-0500] {taskinstance.py:731} INFO - ::endgroup::
[2025-02-05T07:12:08.379-0500] {subprocess.py:78} INFO - Tmp dir root location: /tmp
[2025-02-05T07:12:08.380-0500] {subprocess.py:88} INFO - Running command: ['/usr/bin/bash', '-c', 'python /opt/***/scripts/bot_etl_ex_bbva.py']
[2025-02-05T07:12:08.390-0500] {subprocess.py:99} INFO - Output:
[2025-02-05T07:12:09.384-0500] {subprocess.py:106} INFO - 2025-02-05 07:12:09,384 - bot_etl_ex_bbva - INFO - Bot ETL Exito-BBVA started
[2025-02-05T07:12:09.747-0500] {subprocess.py:106} INFO - 2025-02-05 07:12:09,747 - bot_etl_ex_bbva - INFO - Conexión al Selenium Hub establecida correctamente
[2025-02-05T07:12:10.600-0500] {subprocess.py:106} INFO - 2025-02-05 07:12:10,599 - bot_etl_ex_bbva - INFO - Credentials input success
[2025-02-05T07:12:11.832-0500] {subprocess.py:106} INFO - 2025-02-05 07:12:11,831 - bot_etl_ex_bbva - INFO - Click in login button
[2025-02-05T07:12:21.872-0500] {subprocess.py:106} INFO - 2025-02-05 07:12:21,871 - bot_etl_ex_bbva - INFO - Loging success
[2025-02-05T07:12:23.541-0500] {subprocess.py:106} INFO - 2025-02-05 07:12:23,541 - bot_etl_ex_bbva - INFO - Input file succes
[2025-02-05T07:12:33.206-0500] {subprocess.py:106} INFO - 2025-02-05 07:12:33,206 - bot_etl_ex_bbva - INFO - Click in Cargar
[2025-02-05T07:12:38.841-0500] {subprocess.py:106} INFO - 2025-02-05 07:12:38,840 - bot_etl_ex_bbva - INFO - bot_etl_ex_bbva finish execution
[2025-02-05T07:12:38.978-0500] {subprocess.py:110} INFO - Command exited with return code 0
[2025-02-05T07:12:39.016-0500] {taskinstance.py:340} INFO - ::group::Post task execution logs
[2025-02-05T07:12:39.017-0500] {taskinstance.py:352} INFO - Marking task as SUCCESS. dag_id=etl_reporte_como_vamos, task_id=bot_ex_bbva, run_id=manual__2025-02-05T12:09:34.229947+00:00, execution_date=20250205T120934, start_date=20250205T121208, end_date=20250205T121239
[2025-02-05T07:12:39.055-0500] {local_task_job_runner.py:266} INFO - Task exited with return code 0
[2025-02-05T07:12:39.074-0500] {taskinstance.py:3895} INFO - 0 downstream tasks scheduled from follow-on schedule check
[2025-02-05T07:12:39.079-0500] {local_task_job_runner.py:245} INFO - ::endgroup::
