[2025-02-14T13:14:56.825-0500] {local_task_job_runner.py:123} INFO - ::group::Pre task execution logs
[2025-02-14T13:14:56.847-0500] {taskinstance.py:2613} INFO - Dependencies all met for dep_context=non-requeueable deps ti=<TaskInstance: etl_reporte_como_vamos.etl_cdc manual__2025-02-14T18:12:36.794274+00:00 [queued]>
[2025-02-14T13:14:56.859-0500] {taskinstance.py:2613} INFO - Dependencies all met for dep_context=requeueable deps ti=<TaskInstance: etl_reporte_como_vamos.etl_cdc manual__2025-02-14T18:12:36.794274+00:00 [queued]>
[2025-02-14T13:14:56.861-0500] {taskinstance.py:2866} INFO - Starting attempt 1 of 4
[2025-02-14T13:14:56.880-0500] {taskinstance.py:2889} INFO - Executing <Task(BashOperator): etl_cdc> on 2025-02-14 18:12:36.794274+00:00
[2025-02-14T13:14:56.887-0500] {warnings.py:112} WARNING - /home/***/.local/lib/python3.12/site-packages/***/task/task_runner/standard_task_runner.py:70: DeprecationWarning: This process (pid=66504) is multi-threaded, use of fork() may lead to deadlocks in the child.
  pid = os.fork()

[2025-02-14T13:14:56.889-0500] {standard_task_runner.py:72} INFO - Started process 66506 to run task
[2025-02-14T13:14:56.890-0500] {standard_task_runner.py:104} INFO - Running: ['***', 'tasks', 'run', 'etl_reporte_como_vamos', 'etl_cdc', 'manual__2025-02-14T18:12:36.794274+00:00', '--job-id', '128', '--raw', '--subdir', 'DAGS_FOLDER/etl_como_vamos_dag.py', '--cfg-path', '/tmp/tmpxjfpc7fy']
[2025-02-14T13:14:56.891-0500] {standard_task_runner.py:105} INFO - Job 128: Subtask etl_cdc
[2025-02-14T13:14:56.954-0500] {task_command.py:467} INFO - Running <TaskInstance: etl_reporte_como_vamos.etl_cdc manual__2025-02-14T18:12:36.794274+00:00 [running]> on host 21f1c1b48730
[2025-02-14T13:14:57.076-0500] {taskinstance.py:3132} INFO - Exporting env vars: AIRFLOW_CTX_DAG_OWNER='***' AIRFLOW_CTX_DAG_ID='etl_reporte_como_vamos' AIRFLOW_CTX_TASK_ID='etl_cdc' AIRFLOW_CTX_EXECUTION_DATE='2025-02-14T18:12:36.794274+00:00' AIRFLOW_CTX_TRY_NUMBER='1' AIRFLOW_CTX_DAG_RUN_ID='manual__2025-02-14T18:12:36.794274+00:00'
[2025-02-14T13:14:57.077-0500] {taskinstance.py:731} INFO - ::endgroup::
[2025-02-14T13:14:57.094-0500] {subprocess.py:78} INFO - Tmp dir root location: /tmp
[2025-02-14T13:14:57.096-0500] {subprocess.py:88} INFO - Running command: ['/usr/bin/bash', '-c', 'python /opt/***/scripts/etl_cdc.py']
[2025-02-14T13:14:57.108-0500] {subprocess.py:99} INFO - Output:
[2025-02-14T13:15:06.182-0500] {subprocess.py:106} INFO -      incrementador               nombre_cliente  ... duplicado motivo_duplicado
[2025-02-14T13:15:06.183-0500] {subprocess.py:106} INFO - 0            11214  COLOMBIANA DE COMERCIO S.A.  ...
[2025-02-14T13:15:06.184-0500] {subprocess.py:106} INFO - 1            11115  COLOMBIANA DE COMERCIO S.A.  ...
[2025-02-14T13:15:06.185-0500] {subprocess.py:106} INFO - 2            11116  COLOMBIANA DE COMERCIO S.A.  ...
[2025-02-14T13:15:06.185-0500] {subprocess.py:106} INFO - 3            11117  COLOMBIANA DE COMERCIO S.A.  ...
[2025-02-14T13:15:06.186-0500] {subprocess.py:106} INFO - 4            11118  COLOMBIANA DE COMERCIO S.A.  ...
[2025-02-14T13:15:06.186-0500] {subprocess.py:106} INFO - ..             ...                          ...  ...       ...              ...
[2025-02-14T13:15:06.187-0500] {subprocess.py:106} INFO - 290          11431  COLOMBIANA DE COMERCIO S.A.  ...
[2025-02-14T13:15:06.188-0500] {subprocess.py:106} INFO - 291          11432  COLOMBIANA DE COMERCIO S.A.  ...
[2025-02-14T13:15:06.188-0500] {subprocess.py:106} INFO - 292          11433  COLOMBIANA DE COMERCIO S.A.  ...
[2025-02-14T13:15:06.189-0500] {subprocess.py:106} INFO - 293          11434  COLOMBIANA DE COMERCIO S.A.  ...
[2025-02-14T13:15:06.189-0500] {subprocess.py:106} INFO - 294          11435  COLOMBIANA DE COMERCIO S.A.  ...
[2025-02-14T13:15:06.190-0500] {subprocess.py:106} INFO - 
[2025-02-14T13:15:06.190-0500] {subprocess.py:106} INFO - [295 rows x 60 columns]
[2025-02-14T13:15:06.191-0500] {subprocess.py:106} INFO -                  nombre_cliente    id_caso  ... duplicado motivo_duplicado
[2025-02-14T13:15:06.192-0500] {subprocess.py:106} INFO - 0   COLOMBIANA DE COMERCIO S.A.  IM3062024  ...
[2025-02-14T13:15:06.192-0500] {subprocess.py:106} INFO - 1   COLOMBIANA DE COMERCIO S.A.  IM3061798  ...
[2025-02-14T13:15:06.193-0500] {subprocess.py:106} INFO - 2   COLOMBIANA DE COMERCIO S.A.  IM3062080  ...
[2025-02-14T13:15:06.194-0500] {subprocess.py:106} INFO - 3   COLOMBIANA DE COMERCIO S.A.  IM3061159  ...
[2025-02-14T13:15:06.194-0500] {subprocess.py:106} INFO - 4   COLOMBIANA DE COMERCIO S.A.  RF1867129  ...
[2025-02-14T13:15:06.195-0500] {subprocess.py:106} INFO - 5   COLOMBIANA DE COMERCIO S.A.  RF1866748  ...
[2025-02-14T13:15:06.195-0500] {subprocess.py:106} INFO - 6   COLOMBIANA DE COMERCIO S.A.  RF1866751  ...
[2025-02-14T13:15:06.196-0500] {subprocess.py:106} INFO - 7   COLOMBIANA DE COMERCIO S.A.  RF1866752  ...
[2025-02-14T13:15:06.197-0500] {subprocess.py:106} INFO - 8   COLOMBIANA DE COMERCIO S.A.  RF1866750  ...
[2025-02-14T13:15:06.197-0500] {subprocess.py:106} INFO - 9   COLOMBIANA DE COMERCIO S.A.  RF1866749  ...
[2025-02-14T13:15:06.198-0500] {subprocess.py:106} INFO - 10  COLOMBIANA DE COMERCIO S.A.  RF1867151  ...
[2025-02-14T13:15:06.199-0500] {subprocess.py:106} INFO - 11  COLOMBIANA DE COMERCIO S.A.  RF1866240  ...
[2025-02-14T13:15:06.199-0500] {subprocess.py:106} INFO - 12  COLOMBIANA DE COMERCIO S.A.  RF1866234  ...
[2025-02-14T13:15:06.200-0500] {subprocess.py:106} INFO - 13  COLOMBIANA DE COMERCIO S.A.  RF1866226  ...
[2025-02-14T13:15:06.200-0500] {subprocess.py:106} INFO - 14  COLOMBIANA DE COMERCIO S.A.  IM3058386  ...
[2025-02-14T13:15:06.201-0500] {subprocess.py:106} INFO - 15  COLOMBIANA DE COMERCIO S.A.  RF1866739  ...
[2025-02-14T13:15:06.202-0500] {subprocess.py:106} INFO - 16  COLOMBIANA DE COMERCIO S.A.  RF1866738  ...
[2025-02-14T13:15:06.202-0500] {subprocess.py:106} INFO - 17  COLOMBIANA DE COMERCIO S.A.  RF1866737  ...
[2025-02-14T13:15:06.203-0500] {subprocess.py:106} INFO - 18  COLOMBIANA DE COMERCIO S.A.  RF1866736  ...
[2025-02-14T13:15:06.203-0500] {subprocess.py:106} INFO - 19  COLOMBIANA DE COMERCIO S.A.  RF1866735  ...
[2025-02-14T13:15:06.204-0500] {subprocess.py:106} INFO - 20  COLOMBIANA DE COMERCIO S.A.  RF1866753  ...
[2025-02-14T13:15:06.204-0500] {subprocess.py:106} INFO - 21  COLOMBIANA DE COMERCIO S.A.  RF1866734  ...
[2025-02-14T13:15:06.205-0500] {subprocess.py:106} INFO - 22  COLOMBIANA DE COMERCIO S.A.  RF1866733  ...
[2025-02-14T13:15:06.206-0500] {subprocess.py:106} INFO - 23  COLOMBIANA DE COMERCIO S.A.  RF1866727  ...
[2025-02-14T13:15:06.206-0500] {subprocess.py:106} INFO - 24  COLOMBIANA DE COMERCIO S.A.  RF1866726  ...
[2025-02-14T13:15:06.207-0500] {subprocess.py:106} INFO - 25  COLOMBIANA DE COMERCIO S.A.  RF1866747  ...
[2025-02-14T13:15:06.208-0500] {subprocess.py:106} INFO - 26  COLOMBIANA DE COMERCIO S.A.  IM3062024  ...
[2025-02-14T13:15:06.209-0500] {subprocess.py:106} INFO - 27  COLOMBIANA DE COMERCIO S.A.  RF1864245  ...
[2025-02-14T13:15:06.210-0500] {subprocess.py:106} INFO - 28  COLOMBIANA DE COMERCIO S.A.  RF1864241  ...
[2025-02-14T13:15:06.211-0500] {subprocess.py:106} INFO - 29  COLOMBIANA DE COMERCIO S.A.  RF1865319  ...
[2025-02-14T13:15:06.211-0500] {subprocess.py:106} INFO - 
[2025-02-14T13:15:06.212-0500] {subprocess.py:106} INFO - [30 rows x 59 columns]
[2025-02-14T13:15:06.212-0500] {subprocess.py:106} INFO - 0 0 0
[2025-02-14T13:15:06.213-0500] {subprocess.py:106} INFO - Ejecucion Exitosa
[2025-02-14T13:15:06.334-0500] {subprocess.py:110} INFO - Command exited with return code 0
[2025-02-14T13:15:06.369-0500] {taskinstance.py:340} INFO - ::group::Post task execution logs
[2025-02-14T13:15:06.370-0500] {taskinstance.py:352} INFO - Marking task as SUCCESS. dag_id=etl_reporte_como_vamos, task_id=etl_cdc, run_id=manual__2025-02-14T18:12:36.794274+00:00, execution_date=20250214T181236, start_date=20250214T181456, end_date=20250214T181506
[2025-02-14T13:15:06.424-0500] {local_task_job_runner.py:266} INFO - Task exited with return code 0
[2025-02-14T13:15:06.447-0500] {taskinstance.py:3895} INFO - 0 downstream tasks scheduled from follow-on schedule check
[2025-02-14T13:15:06.450-0500] {local_task_job_runner.py:245} INFO - ::endgroup::
