[2025-01-30T06:50:05.211+0000] {local_task_job_runner.py:123} INFO - ::group::Pre task execution logs
[2025-01-30T06:50:05.251+0000] {taskinstance.py:2613} INFO - Dependencies all met for dep_context=non-requeueable deps ti=<TaskInstance: etl_reporte_como_vamos.task_bot_como_vamos manual__2025-01-30T06:50:02.183016+00:00 [queued]>
[2025-01-30T06:50:05.273+0000] {taskinstance.py:2613} INFO - Dependencies all met for dep_context=requeueable deps ti=<TaskInstance: etl_reporte_como_vamos.task_bot_como_vamos manual__2025-01-30T06:50:02.183016+00:00 [queued]>
[2025-01-30T06:50:05.275+0000] {taskinstance.py:2866} INFO - Starting attempt 1 of 1
[2025-01-30T06:50:05.316+0000] {taskinstance.py:2889} INFO - Executing <Task(BashOperator): task_bot_como_vamos> on 2025-01-30 06:50:02.183016+00:00
[2025-01-30T06:50:05.330+0000] {warnings.py:112} WARNING - /home/***/.local/lib/python3.12/site-packages/***/task/task_runner/standard_task_runner.py:70: DeprecationWarning: This process (pid=446) is multi-threaded, use of fork() may lead to deadlocks in the child.
  pid = os.fork()

[2025-01-30T06:50:05.334+0000] {standard_task_runner.py:72} INFO - Started process 447 to run task
[2025-01-30T06:50:05.334+0000] {standard_task_runner.py:104} INFO - Running: ['***', 'tasks', 'run', 'etl_reporte_como_vamos', 'task_bot_como_vamos', 'manual__2025-01-30T06:50:02.183016+00:00', '--job-id', '9', '--raw', '--subdir', 'DAGS_FOLDER/etl_como_vamos_dag.py', '--cfg-path', '/tmp/tmpqravcsll']
[2025-01-30T06:50:05.337+0000] {standard_task_runner.py:105} INFO - Job 9: Subtask task_bot_como_vamos
[2025-01-30T06:50:05.441+0000] {task_command.py:467} INFO - Running <TaskInstance: etl_reporte_como_vamos.task_bot_como_vamos manual__2025-01-30T06:50:02.183016+00:00 [running]> on host c218223649a1
[2025-01-30T06:50:05.643+0000] {taskinstance.py:3132} INFO - Exporting env vars: AIRFLOW_CTX_DAG_OWNER='***' AIRFLOW_CTX_DAG_ID='etl_reporte_como_vamos' AIRFLOW_CTX_TASK_ID='task_bot_como_vamos' AIRFLOW_CTX_EXECUTION_DATE='2025-01-30T06:50:02.183016+00:00' AIRFLOW_CTX_TRY_NUMBER='1' AIRFLOW_CTX_DAG_RUN_ID='manual__2025-01-30T06:50:02.183016+00:00'
[2025-01-30T06:50:05.645+0000] {taskinstance.py:731} INFO - ::endgroup::
[2025-01-30T06:50:05.688+0000] {subprocess.py:78} INFO - Tmp dir root location: /tmp
[2025-01-30T06:50:05.692+0000] {subprocess.py:88} INFO - Running command: ['/usr/bin/bash', '-c', 'python /opt/***/scripts/bot_reporte_como_vamos.py']
[2025-01-30T06:50:05.713+0000] {subprocess.py:99} INFO - Output:
[2025-01-30T06:50:09.476+0000] {subprocess.py:106} INFO - ic| start_date: '01/01/2025', end_date: '30/01/2025'
[2025-01-30T06:50:09.478+0000] {subprocess.py:106} INFO - 2025-01-30 06:50:09,476 - bot_como_vamos - INFO - Starting script bot_como_vamos.py
[2025-01-30T06:50:10.766+0000] {subprocess.py:106} INFO - 2025-01-30 06:50:10,766 - bot_como_vamos - INFO - Conexión al Selenium Hub establecida correctamente
[2025-01-30T06:50:44.037+0000] {subprocess.py:106} INFO - ic| login_success: <selenium.webdriver.remote.webelement.WebElement (session="d041ae3a3cc7924c53a3d8c63e18753d", element="f.350606E688EA958F45880D549ABE7627.d.DE1FB67C7D9B76ADDDCD41DE95A97E36.e.76")>
[2025-01-30T06:50:44.038+0000] {subprocess.py:106} INFO - 2025-01-30 06:50:44,037 - bot_como_vamos - INFO - Loging success
[2025-01-30T06:50:54.202+0000] {subprocess.py:106} INFO - 2025-01-30 06:50:54,202 - bot_como_vamos - INFO - Click in menu button successfully
[2025-01-30T06:51:04.654+0000] {subprocess.py:106} INFO - 2025-01-30 06:51:04,654 - bot_como_vamos - INFO - Input dates successfully
[2025-01-30T06:51:14.829+0000] {subprocess.py:106} INFO - 2025-01-30 06:51:14,829 - bot_como_vamos - INFO - Click in 'Empresas Y Negocios' successfully
[2025-01-30T06:54:24.857+0000] {subprocess.py:106} INFO - 2025-01-30 06:54:24,857 - bot_como_vamos - ERROR - Execution error bot_reporte_como_vamos.py:
[2025-01-30T06:54:24.859+0000] {subprocess.py:106} INFO - ***Error type:*** WebDriverException
[2025-01-30T06:54:24.861+0000] {subprocess.py:106} INFO - ***Error message:*** Message: Unable to execute request for an existing session: java.util.concurrent.TimeoutException
[2025-01-30T06:54:24.863+0000] {subprocess.py:106} INFO - Build info: version: '4.28.1', revision: '73f5ad48a2'
[2025-01-30T06:54:24.866+0000] {subprocess.py:106} INFO - System info: os.name: 'Linux', os.arch: 'amd64', os.version: '5.15.153.1-microsoft-standard-WSL2', java.version: '17.0.13'
[2025-01-30T06:54:24.868+0000] {subprocess.py:106} INFO - Driver info: driver.version: unknown
[2025-01-30T06:54:24.869+0000] {subprocess.py:106} INFO - Stacktrace:
[2025-01-30T06:54:24.871+0000] {subprocess.py:106} INFO - java.lang.RuntimeException: Unable to execute request for an existing session: java.util.concurrent.TimeoutException
[2025-01-30T06:54:24.872+0000] {subprocess.py:106} INFO - Build info: version: '4.28.1', revision: '73f5ad48a2'
[2025-01-30T06:54:24.873+0000] {subprocess.py:106} INFO - System info: os.name: 'Linux', os.arch: 'amd64', os.version: '5.15.153.1-microsoft-standard-WSL2', java.version: '17.0.13'
[2025-01-30T06:54:24.875+0000] {subprocess.py:106} INFO - Driver info: driver.version: unknown
[2025-01-30T06:54:24.876+0000] {subprocess.py:106} INFO - 	at org.openqa.selenium.grid.router.HandleSession.execute(HandleSession.java:210)
[2025-01-30T06:54:24.878+0000] {subprocess.py:106} INFO - 	at org.openqa.selenium.remote.http.Route$PredicatedRoute.handle(Route.java:397)
[2025-01-30T06:54:24.879+0000] {subprocess.py:106} INFO - 	at org.openqa.selenium.remote.http.Route.execute(Route.java:69)
[2025-01-30T06:54:24.881+0000] {subprocess.py:106} INFO - 	at org.openqa.selenium.remote.http.Route$CombinedRoute.handle(Route.java:360)
[2025-01-30T06:54:24.882+0000] {subprocess.py:106} INFO - 	at org.openqa.selenium.remote.http.Route.execute(Route.java:69)
[2025-01-30T06:54:24.884+0000] {subprocess.py:106} INFO - 	at org.openqa.selenium.grid.router.Router.execute(Router.java:89)
[2025-01-30T06:54:24.885+0000] {subprocess.py:106} INFO - 	at org.openqa.selenium.grid.web.EnsureSpecCompliantResponseHeaders.lambda$apply$0(EnsureSpecCompliantResponseHeaders.java:34)
[2025-01-30T06:54:24.887+0000] {subprocess.py:106} INFO - 	at org.openqa.selenium.remote.http.Filter$1.execute(Filter.java:63)
[2025-01-30T06:54:24.888+0000] {subprocess.py:106} INFO - 	at org.openqa.selenium.remote.http.Route$CombinedRoute.handle(Route.java:360)
[2025-01-30T06:54:24.889+0000] {subprocess.py:106} INFO - 	at org.openqa.selenium.remote.http.Route.execute(Route.java:69)
[2025-01-30T06:54:24.891+0000] {subprocess.py:106} INFO - 	at org.openqa.selenium.remote.AddWebDriverSpecHeaders.lambda$apply$0(AddWebDriverSpecHeaders.java:35)
[2025-01-30T06:54:24.892+0000] {subprocess.py:106} INFO - 	at org.openqa.selenium.remote.ErrorFilter.lambda$apply$0(ErrorFilter.java:44)
[2025-01-30T06:54:24.894+0000] {subprocess.py:106} INFO - 	at org.openqa.selenium.remote.http.Filter$1.execute(Filter.java:63)
[2025-01-30T06:54:24.895+0000] {subprocess.py:106} INFO - 	at org.openqa.selenium.remote.ErrorFilter.lambda$apply$0(ErrorFilter.java:44)
[2025-01-30T06:54:24.896+0000] {subprocess.py:106} INFO - 	at org.openqa.selenium.remote.http.Filter$1.execute(Filter.java:63)
[2025-01-30T06:54:24.898+0000] {subprocess.py:106} INFO - 	at org.openqa.selenium.netty.server.SeleniumHandler.lambda$channelRead0$0(SeleniumHandler.java:49)
[2025-01-30T06:54:24.899+0000] {subprocess.py:106} INFO - 	at java.base/java.util.concurrent.Executors$RunnableAdapter.call(Executors.java:539)
[2025-01-30T06:54:24.901+0000] {subprocess.py:106} INFO - 	at java.base/java.util.concurrent.FutureTask.run(FutureTask.java:264)
[2025-01-30T06:54:24.902+0000] {subprocess.py:106} INFO - 	at java.base/java.util.concurrent.ThreadPoolExecutor.runWorker(ThreadPoolExecutor.java:1136)
[2025-01-30T06:54:24.905+0000] {subprocess.py:106} INFO - 	at java.base/java.util.concurrent.ThreadPoolExecutor$Worker.run(ThreadPoolExecutor.java:635)
[2025-01-30T06:54:24.908+0000] {subprocess.py:106} INFO - 	at java.base/java.lang.Thread.run(Thread.java:840)
[2025-01-30T06:54:24.911+0000] {subprocess.py:106} INFO - Caused by: java.util.concurrent.TimeoutException
[2025-01-30T06:54:24.913+0000] {subprocess.py:106} INFO - 	at java.base/java.util.concurrent.CompletableFuture$Timeout.run(CompletableFuture.java:2874)
[2025-01-30T06:54:24.915+0000] {subprocess.py:106} INFO - 	at java.base/java.util.concurrent.Executors$RunnableAdapter.call(Executors.java:539)
[2025-01-30T06:54:24.916+0000] {subprocess.py:106} INFO - 	at java.base/java.util.concurrent.FutureTask.run(FutureTask.java:264)
[2025-01-30T06:54:24.917+0000] {subprocess.py:106} INFO - 	at java.base/java.util.concurrent.ScheduledThreadPoolExecutor$ScheduledFutureTask.run(ScheduledThreadPoolExecutor.java:304)
[2025-01-30T06:54:24.919+0000] {subprocess.py:106} INFO - 	... 3 more
[2025-01-30T06:54:24.920+0000] {subprocess.py:106} INFO - 
[2025-01-30T06:54:24.921+0000] {subprocess.py:106} INFO - ***Full Traceback:*** Traceback (most recent call last):
[2025-01-30T06:54:24.922+0000] {subprocess.py:106} INFO -   File "/opt/***/scripts/bot_reporte_como_vamos.py", line 139, in main
[2025-01-30T06:54:24.923+0000] {subprocess.py:106} INFO -     reporte_como_vamos.click()
[2025-01-30T06:54:24.924+0000] {subprocess.py:106} INFO -   File "/home/***/.local/lib/python3.12/site-packages/selenium/webdriver/remote/webelement.py", line 119, in click
[2025-01-30T06:54:24.925+0000] {subprocess.py:106} INFO -     self._execute(Command.CLICK_ELEMENT)
[2025-01-30T06:54:24.927+0000] {subprocess.py:106} INFO -   File "/home/***/.local/lib/python3.12/site-packages/selenium/webdriver/remote/webelement.py", line 570, in _execute
[2025-01-30T06:54:24.929+0000] {subprocess.py:106} INFO -     return self._parent.execute(command, params)
[2025-01-30T06:54:24.930+0000] {subprocess.py:106} INFO -            ^^^^^^^^^^^^^^^^^^^^^^^^^^^^^^^^^^^^^
[2025-01-30T06:54:24.931+0000] {subprocess.py:106} INFO -   File "/home/***/.local/lib/python3.12/site-packages/selenium/webdriver/remote/webdriver.py", line 429, in execute
[2025-01-30T06:54:24.932+0000] {subprocess.py:106} INFO -     self.error_handler.check_response(response)
[2025-01-30T06:54:24.934+0000] {subprocess.py:106} INFO -   File "/home/***/.local/lib/python3.12/site-packages/selenium/webdriver/remote/errorhandler.py", line 232, in check_response
[2025-01-30T06:54:24.935+0000] {subprocess.py:106} INFO -     raise exception_class(message, screen, stacktrace)
[2025-01-30T06:54:24.936+0000] {subprocess.py:106} INFO - selenium.common.exceptions.WebDriverException: Message: Unable to execute request for an existing session: java.util.concurrent.TimeoutException
[2025-01-30T06:54:24.938+0000] {subprocess.py:106} INFO - Build info: version: '4.28.1', revision: '73f5ad48a2'
[2025-01-30T06:54:24.939+0000] {subprocess.py:106} INFO - System info: os.name: 'Linux', os.arch: 'amd64', os.version: '5.15.153.1-microsoft-standard-WSL2', java.version: '17.0.13'
[2025-01-30T06:54:24.940+0000] {subprocess.py:106} INFO - Driver info: driver.version: unknown
[2025-01-30T06:54:24.941+0000] {subprocess.py:106} INFO - Stacktrace:
[2025-01-30T06:54:24.942+0000] {subprocess.py:106} INFO - java.lang.RuntimeException: Unable to execute request for an existing session: java.util.concurrent.TimeoutException
[2025-01-30T06:54:24.943+0000] {subprocess.py:106} INFO - Build info: version: '4.28.1', revision: '73f5ad48a2'
[2025-01-30T06:54:24.945+0000] {subprocess.py:106} INFO - System info: os.name: 'Linux', os.arch: 'amd64', os.version: '5.15.153.1-microsoft-standard-WSL2', java.version: '17.0.13'
[2025-01-30T06:54:24.946+0000] {subprocess.py:106} INFO - Driver info: driver.version: unknown
[2025-01-30T06:54:24.947+0000] {subprocess.py:106} INFO - 	at org.openqa.selenium.grid.router.HandleSession.execute(HandleSession.java:210)
[2025-01-30T06:54:24.948+0000] {subprocess.py:106} INFO - 	at org.openqa.selenium.remote.http.Route$PredicatedRoute.handle(Route.java:397)
[2025-01-30T06:54:24.950+0000] {subprocess.py:106} INFO - 	at org.openqa.selenium.remote.http.Route.execute(Route.java:69)
[2025-01-30T06:54:24.951+0000] {subprocess.py:106} INFO - 	at org.openqa.selenium.remote.http.Route$CombinedRoute.handle(Route.java:360)
[2025-01-30T06:54:24.952+0000] {subprocess.py:106} INFO - 	at org.openqa.selenium.remote.http.Route.execute(Route.java:69)
[2025-01-30T06:54:24.953+0000] {subprocess.py:106} INFO - 	at org.openqa.selenium.grid.router.Router.execute(Router.java:89)
[2025-01-30T06:54:24.954+0000] {subprocess.py:106} INFO - 	at org.openqa.selenium.grid.web.EnsureSpecCompliantResponseHeaders.lambda$apply$0(EnsureSpecCompliantResponseHeaders.java:34)
[2025-01-30T06:54:24.955+0000] {subprocess.py:106} INFO - 	at org.openqa.selenium.remote.http.Filter$1.execute(Filter.java:63)
[2025-01-30T06:54:24.956+0000] {subprocess.py:106} INFO - 	at org.openqa.selenium.remote.http.Route$CombinedRoute.handle(Route.java:360)
[2025-01-30T06:54:24.957+0000] {subprocess.py:106} INFO - 	at org.openqa.selenium.remote.http.Route.execute(Route.java:69)
[2025-01-30T06:54:24.958+0000] {subprocess.py:106} INFO - 	at org.openqa.selenium.remote.AddWebDriverSpecHeaders.lambda$apply$0(AddWebDriverSpecHeaders.java:35)
[2025-01-30T06:54:24.960+0000] {subprocess.py:106} INFO - 	at org.openqa.selenium.remote.ErrorFilter.lambda$apply$0(ErrorFilter.java:44)
[2025-01-30T06:54:24.961+0000] {subprocess.py:106} INFO - 	at org.openqa.selenium.remote.http.Filter$1.execute(Filter.java:63)
[2025-01-30T06:54:24.963+0000] {subprocess.py:106} INFO - 	at org.openqa.selenium.remote.ErrorFilter.lambda$apply$0(ErrorFilter.java:44)
[2025-01-30T06:54:24.964+0000] {subprocess.py:106} INFO - 	at org.openqa.selenium.remote.http.Filter$1.execute(Filter.java:63)
[2025-01-30T06:54:24.966+0000] {subprocess.py:106} INFO - 	at org.openqa.selenium.netty.server.SeleniumHandler.lambda$channelRead0$0(SeleniumHandler.java:49)
[2025-01-30T06:54:24.969+0000] {subprocess.py:106} INFO - 	at java.base/java.util.concurrent.Executors$RunnableAdapter.call(Executors.java:539)
[2025-01-30T06:54:24.971+0000] {subprocess.py:106} INFO - 	at java.base/java.util.concurrent.FutureTask.run(FutureTask.java:264)
[2025-01-30T06:54:24.973+0000] {subprocess.py:106} INFO - 	at java.base/java.util.concurrent.ThreadPoolExecutor.runWorker(ThreadPoolExecutor.java:1136)
[2025-01-30T06:54:24.975+0000] {subprocess.py:106} INFO - 	at java.base/java.util.concurrent.ThreadPoolExecutor$Worker.run(ThreadPoolExecutor.java:635)
[2025-01-30T06:54:24.976+0000] {subprocess.py:106} INFO - 	at java.base/java.lang.Thread.run(Thread.java:840)
[2025-01-30T06:54:24.978+0000] {subprocess.py:106} INFO - Caused by: java.util.concurrent.TimeoutException
[2025-01-30T06:54:24.979+0000] {subprocess.py:106} INFO - 	at java.base/java.util.concurrent.CompletableFuture$Timeout.run(CompletableFuture.java:2874)
[2025-01-30T06:54:24.980+0000] {subprocess.py:106} INFO - 	at java.base/java.util.concurrent.Executors$RunnableAdapter.call(Executors.java:539)
[2025-01-30T06:54:24.981+0000] {subprocess.py:106} INFO - 	at java.base/java.util.concurrent.FutureTask.run(FutureTask.java:264)
[2025-01-30T06:54:24.982+0000] {subprocess.py:106} INFO - 	at java.base/java.util.concurrent.ScheduledThreadPoolExecutor$ScheduledFutureTask.run(ScheduledThreadPoolExecutor.java:304)
[2025-01-30T06:54:24.984+0000] {subprocess.py:106} INFO - 	... 3 more
[2025-01-30T06:54:24.985+0000] {subprocess.py:106} INFO - 
[2025-01-30T06:54:24.986+0000] {subprocess.py:106} INFO - 
[2025-01-30T06:54:45.291+0000] {subprocess.py:106} INFO - 2025-01-30 06:54:45,291 - bot_como_vamos - INFO - Waiting for download file...............
[2025-01-30T06:54:45.360+0000] {subprocess.py:106} INFO - ic| file: '***tmp2c_ot4si'
[2025-01-30T06:54:45.366+0000] {subprocess.py:106} INFO - ic| file: 'pymp-rjw3upos'
[2025-01-30T06:54:45.371+0000] {subprocess.py:106} INFO - ic| file: 'hsperfdata_root'
[2025-01-30T06:54:50.377+0000] {subprocess.py:106} INFO - ic| file: '***tmp2c_ot4si'
[2025-01-30T06:54:50.382+0000] {subprocess.py:106} INFO - ic| file: 'pymp-rjw3upos'
[2025-01-30T06:54:50.387+0000] {subprocess.py:106} INFO - ic| file: 'hsperfdata_root'
[2025-01-30T06:54:55.394+0000] {subprocess.py:106} INFO - ic| file: '***tmp2c_ot4si'
[2025-01-30T06:54:55.399+0000] {subprocess.py:106} INFO - ic| file: 'pymp-rjw3upos'
[2025-01-30T06:54:55.403+0000] {subprocess.py:106} INFO - ic| file: 'hsperfdata_root'
[2025-01-30T06:55:00.406+0000] {subprocess.py:106} INFO - ic| file: '***tmp2c_ot4si'
[2025-01-30T06:55:00.412+0000] {subprocess.py:106} INFO - ic| file: 'pymp-rjw3upos'
[2025-01-30T06:55:00.417+0000] {subprocess.py:106} INFO - ic| file: 'hsperfdata_root'
[2025-01-30T06:55:05.424+0000] {subprocess.py:106} INFO - ic| file: '***tmp2c_ot4si'
[2025-01-30T06:55:05.428+0000] {subprocess.py:106} INFO - ic| file: 'pymp-rjw3upos'
[2025-01-30T06:55:05.431+0000] {subprocess.py:106} INFO - ic| file: 'hsperfdata_root'
[2025-01-30T06:55:10.436+0000] {subprocess.py:106} INFO - ic| file: '***tmp2c_ot4si'
[2025-01-30T06:55:10.441+0000] {subprocess.py:106} INFO - ic| file: 'pymp-rjw3upos'
[2025-01-30T06:55:10.446+0000] {subprocess.py:106} INFO - ic| file: 'hsperfdata_root'
[2025-01-30T06:55:15.451+0000] {subprocess.py:106} INFO - ic| file: '***tmp2c_ot4si'
[2025-01-30T06:55:15.455+0000] {subprocess.py:106} INFO - ic| file: 'pymp-rjw3upos'
[2025-01-30T06:55:15.458+0000] {subprocess.py:106} INFO - ic| file: 'hsperfdata_root'
[2025-01-30T06:55:20.465+0000] {subprocess.py:106} INFO - ic| file: '***tmp2c_ot4si'
[2025-01-30T06:55:20.468+0000] {subprocess.py:106} INFO - ic| file: 'pymp-rjw3upos'
[2025-01-30T06:55:20.470+0000] {subprocess.py:106} INFO - ic| file: 'hsperfdata_root'
[2025-01-30T06:55:25.475+0000] {subprocess.py:106} INFO - ic| file: '***tmp2c_ot4si'
[2025-01-30T06:55:25.479+0000] {subprocess.py:106} INFO - ic| file: 'pymp-rjw3upos'
[2025-01-30T06:55:25.482+0000] {subprocess.py:106} INFO - ic| file: 'hsperfdata_root'
[2025-01-30T06:55:30.486+0000] {subprocess.py:106} INFO - ic| file: '***tmp2c_ot4si'
[2025-01-30T06:55:30.490+0000] {subprocess.py:106} INFO - ic| file: 'pymp-rjw3upos'
[2025-01-30T06:55:30.496+0000] {subprocess.py:106} INFO - ic| file: 'hsperfdata_root'
[2025-01-30T06:55:35.502+0000] {subprocess.py:106} INFO - ic| file: '***tmp2c_ot4si'
[2025-01-30T06:55:35.506+0000] {subprocess.py:106} INFO - ic| file: 'pymp-rjw3upos'
[2025-01-30T06:55:35.511+0000] {subprocess.py:106} INFO - ic| file: 'hsperfdata_root'
[2025-01-30T06:55:40.516+0000] {subprocess.py:106} INFO - ic| file: '***tmp2c_ot4si'
[2025-01-30T06:55:40.522+0000] {subprocess.py:106} INFO - ic| file: 'pymp-rjw3upos'
[2025-01-30T06:55:40.526+0000] {subprocess.py:106} INFO - ic| file: 'hsperfdata_root'
[2025-01-30T06:55:45.532+0000] {subprocess.py:106} INFO - ic| file: '***tmp2c_ot4si'
[2025-01-30T06:55:45.536+0000] {subprocess.py:106} INFO - ic| file: 'pymp-rjw3upos'
[2025-01-30T06:55:45.538+0000] {subprocess.py:106} INFO - ic| file: 'hsperfdata_root'
[2025-01-30T06:55:50.557+0000] {subprocess.py:106} INFO - ic| file: '***tmp2c_ot4si'
[2025-01-30T06:55:50.563+0000] {subprocess.py:106} INFO - ic| file: 'pymp-rjw3upos'
[2025-01-30T06:55:50.570+0000] {subprocess.py:106} INFO - ic| file: 'hsperfdata_root'
[2025-01-30T06:55:55.577+0000] {subprocess.py:106} INFO - ic| file: '***tmp2c_ot4si'
[2025-01-30T06:55:55.582+0000] {subprocess.py:106} INFO - ic| file: 'pymp-rjw3upos'
[2025-01-30T06:55:55.588+0000] {subprocess.py:106} INFO - ic| file: 'hsperfdata_root'
[2025-01-30T06:56:00.592+0000] {subprocess.py:106} INFO - ic| file: '***tmp2c_ot4si'
[2025-01-30T06:56:00.599+0000] {subprocess.py:106} INFO - ic| file: 'pymp-rjw3upos'
[2025-01-30T06:56:00.604+0000] {subprocess.py:106} INFO - ic| file: 'hsperfdata_root'
[2025-01-30T06:56:05.610+0000] {subprocess.py:106} INFO - ic| file: '***tmp2c_ot4si'
[2025-01-30T06:56:05.614+0000] {subprocess.py:106} INFO - ic| file: 'pymp-rjw3upos'
[2025-01-30T06:56:05.619+0000] {subprocess.py:106} INFO - ic| file: 'hsperfdata_root'
[2025-01-30T06:56:10.628+0000] {subprocess.py:106} INFO - ic| file: '***tmp2c_ot4si'
[2025-01-30T06:56:10.634+0000] {subprocess.py:106} INFO - ic| file: 'pymp-rjw3upos'
[2025-01-30T06:56:10.639+0000] {subprocess.py:106} INFO - ic| file: 'hsperfdata_root'
[2025-01-30T06:56:15.645+0000] {subprocess.py:106} INFO - ic| file: '***tmp2c_ot4si'
[2025-01-30T06:56:15.650+0000] {subprocess.py:106} INFO - ic| file: 'pymp-rjw3upos'
[2025-01-30T06:56:15.656+0000] {subprocess.py:106} INFO - ic| file: 'hsperfdata_root'
[2025-01-30T06:56:20.658+0000] {subprocess.py:106} INFO - ic| file: '***tmp2c_ot4si'
[2025-01-30T06:56:20.660+0000] {subprocess.py:106} INFO - ic| file: 'pymp-rjw3upos'
[2025-01-30T06:56:20.662+0000] {subprocess.py:106} INFO - ic| file: 'hsperfdata_root'
[2025-01-30T06:56:23.884+0000] {local_task_job_runner.py:346} WARNING - State of this instance has been externally set to failed. Terminating instance.
[2025-01-30T06:56:23.885+0000] {local_task_job_runner.py:245} INFO - ::endgroup::
[2025-01-30T06:56:23.887+0000] {process_utils.py:132} INFO - Sending 15 to group 447. PIDs of all processes in the group: [449, 447]
[2025-01-30T06:56:23.888+0000] {process_utils.py:87} INFO - Sending the signal 15 to group 447
[2025-01-30T06:56:23.889+0000] {taskinstance.py:3093} ERROR - Received SIGTERM. Terminating subprocesses.
[2025-01-30T06:56:23.890+0000] {subprocess.py:117} INFO - Sending SIGTERM signal to process group
[2025-01-30T06:56:23.922+0000] {taskinstance.py:340} INFO - ::group::Post task execution logs
[2025-01-30T06:56:23.941+0000] {process_utils.py:80} INFO - Process psutil.Process(pid=449, status='terminated', started='06:50:05') (449) terminated with exit code None
[2025-01-30T06:56:23.942+0000] {process_utils.py:80} INFO - Process psutil.Process(pid=447, status='terminated', exitcode=0, started='06:50:04') (447) terminated with exit code 0
