[2025-02-03T01:31:33.301-0500] {local_task_job_runner.py:123} INFO - ::group::Pre task execution logs
[2025-02-03T01:31:33.327-0500] {taskinstance.py:2613} INFO - Dependencies all met for dep_context=non-requeueable deps ti=<TaskInstance: etl_reporte_como_vamos.bot_ex_bbva scheduled__2025-02-02T06:30:00+00:00 [queued]>
[2025-02-03T01:31:33.341-0500] {taskinstance.py:2613} INFO - Dependencies all met for dep_context=requeueable deps ti=<TaskInstance: etl_reporte_como_vamos.bot_ex_bbva scheduled__2025-02-02T06:30:00+00:00 [queued]>
[2025-02-03T01:31:33.343-0500] {taskinstance.py:2866} INFO - Starting attempt 1 of 4
[2025-02-03T01:31:33.363-0500] {taskinstance.py:2889} INFO - Executing <Task(BashOperator): bot_ex_bbva> on 2025-02-02 06:30:00+00:00
[2025-02-03T01:31:33.372-0500] {warnings.py:112} WARNING - /home/***/.local/lib/python3.12/site-packages/***/task/task_runner/standard_task_runner.py:70: DeprecationWarning: This process (pid=3763) is multi-threaded, use of fork() may lead to deadlocks in the child.
  pid = os.fork()

[2025-02-03T01:31:33.374-0500] {standard_task_runner.py:72} INFO - Started process 3764 to run task
[2025-02-03T01:31:33.374-0500] {standard_task_runner.py:104} INFO - Running: ['***', 'tasks', 'run', 'etl_reporte_como_vamos', 'bot_ex_bbva', 'scheduled__2025-02-02T06:30:00+00:00', '--job-id', '24', '--raw', '--subdir', 'DAGS_FOLDER/etl_como_vamos_dag.py', '--cfg-path', '/tmp/tmp0w0hj7uq']
[2025-02-03T01:31:33.376-0500] {standard_task_runner.py:105} INFO - Job 24: Subtask bot_ex_bbva
[2025-02-03T01:31:33.439-0500] {task_command.py:467} INFO - Running <TaskInstance: etl_reporte_como_vamos.bot_ex_bbva scheduled__2025-02-02T06:30:00+00:00 [running]> on host 21f1c1b48730
[2025-02-03T01:31:33.545-0500] {taskinstance.py:3132} INFO - Exporting env vars: AIRFLOW_CTX_DAG_OWNER='***' AIRFLOW_CTX_DAG_ID='etl_reporte_como_vamos' AIRFLOW_CTX_TASK_ID='bot_ex_bbva' AIRFLOW_CTX_EXECUTION_DATE='2025-02-02T06:30:00+00:00' AIRFLOW_CTX_TRY_NUMBER='1' AIRFLOW_CTX_DAG_RUN_ID='scheduled__2025-02-02T06:30:00+00:00'
[2025-02-03T01:31:33.547-0500] {taskinstance.py:731} INFO - ::endgroup::
[2025-02-03T01:31:33.563-0500] {subprocess.py:78} INFO - Tmp dir root location: /tmp
[2025-02-03T01:31:33.565-0500] {subprocess.py:88} INFO - Running command: ['/usr/bin/bash', '-c', 'python /opt/***/scripts/bot_etl_ex_bbva.py']
[2025-02-03T01:31:33.580-0500] {subprocess.py:99} INFO - Output:
[2025-02-03T01:31:34.543-0500] {subprocess.py:106} INFO - 2025-02-03 01:31:34,543 - bot_etl_ex_bbva - INFO - Bot ETL Exito-BBVA started
[2025-02-03T01:31:34.957-0500] {subprocess.py:106} INFO - 2025-02-03 01:31:34,956 - bot_etl_ex_bbva - INFO - Conexión al Selenium Hub establecida correctamente
[2025-02-03T01:31:37.049-0500] {subprocess.py:106} INFO - 2025-02-03 01:31:37,049 - bot_etl_ex_bbva - INFO - Credentials input success
[2025-02-03T01:31:38.418-0500] {subprocess.py:106} INFO - 2025-02-03 01:31:38,417 - bot_etl_ex_bbva - INFO - Click in login button
[2025-02-03T01:31:48.442-0500] {subprocess.py:106} INFO - 2025-02-03 01:31:48,442 - bot_etl_ex_bbva - INFO - Loging success
[2025-02-03T01:31:50.222-0500] {subprocess.py:106} INFO - 2025-02-03 01:31:50,222 - bot_etl_ex_bbva - INFO - Input file succes
[2025-02-03T01:31:57.028-0500] {subprocess.py:106} INFO - 2025-02-03 01:31:57,028 - bot_etl_ex_bbva - INFO - Click in Cargar
[2025-02-03T01:32:02.661-0500] {subprocess.py:106} INFO - 2025-02-03 01:32:02,661 - bot_etl_ex_bbva - INFO - bot_etl_ex_bbva finish execution
[2025-02-03T01:32:02.797-0500] {subprocess.py:110} INFO - Command exited with return code 0
[2025-02-03T01:32:02.824-0500] {taskinstance.py:340} INFO - ::group::Post task execution logs
[2025-02-03T01:32:02.825-0500] {taskinstance.py:352} INFO - Marking task as SUCCESS. dag_id=etl_reporte_como_vamos, task_id=bot_ex_bbva, run_id=scheduled__2025-02-02T06:30:00+00:00, execution_date=20250202T063000, start_date=20250203T063133, end_date=20250203T063202
[2025-02-03T01:32:02.864-0500] {local_task_job_runner.py:266} INFO - Task exited with return code 0
[2025-02-03T01:32:02.893-0500] {taskinstance.py:3895} INFO - 1 downstream tasks scheduled from follow-on schedule check
[2025-02-03T01:32:02.897-0500] {local_task_job_runner.py:245} INFO - ::endgroup::
