[2025-01-28T06:03:04.239+0000] {local_task_job_runner.py:123} INFO - ::group::Pre task execution logs
[2025-01-28T06:03:04.291+0000] {taskinstance.py:2613} INFO - Dependencies all met for dep_context=non-requeueable deps ti=<TaskInstance: etl_reporte_como_vamos.task_bot_como_vamos manual__2025-01-28T06:03:00.665745+00:00 [queued]>
[2025-01-28T06:03:04.313+0000] {taskinstance.py:2613} INFO - Dependencies all met for dep_context=requeueable deps ti=<TaskInstance: etl_reporte_como_vamos.task_bot_como_vamos manual__2025-01-28T06:03:00.665745+00:00 [queued]>
[2025-01-28T06:03:04.315+0000] {taskinstance.py:2866} INFO - Starting attempt 1 of 2
[2025-01-28T06:03:04.350+0000] {taskinstance.py:2889} INFO - Executing <Task(BashOperator): task_bot_como_vamos> on 2025-01-28 06:03:00.665745+00:00
[2025-01-28T06:03:04.362+0000] {standard_task_runner.py:104} INFO - Running: ['***', 'tasks', 'run', 'etl_reporte_como_vamos', 'task_bot_como_vamos', 'manual__2025-01-28T06:03:00.665745+00:00', '--job-id', '44', '--raw', '--subdir', 'DAGS_FOLDER/etl_como_vamos_dag.py', '--cfg-path', '/tmp/tmpv519civg']
[2025-01-28T06:03:04.366+0000] {standard_task_runner.py:105} INFO - Job 44: Subtask task_bot_como_vamos
[2025-01-28T06:03:04.370+0000] {logging_mixin.py:190} WARNING - /home/***/.local/lib/python3.12/site-packages/***/task/task_runner/standard_task_runner.py:70 DeprecationWarning: This process (pid=903) is multi-threaded, use of fork() may lead to deadlocks in the child.
[2025-01-28T06:03:04.372+0000] {standard_task_runner.py:72} INFO - Started process 904 to run task
[2025-01-28T06:03:04.487+0000] {task_command.py:467} INFO - Running <TaskInstance: etl_reporte_como_vamos.task_bot_como_vamos manual__2025-01-28T06:03:00.665745+00:00 [running]> on host afb55d3219bf
[2025-01-28T06:03:04.973+0000] {taskinstance.py:3132} INFO - Exporting env vars: AIRFLOW_CTX_DAG_OWNER='***' AIRFLOW_CTX_DAG_ID='etl_reporte_como_vamos' AIRFLOW_CTX_TASK_ID='task_bot_como_vamos' AIRFLOW_CTX_EXECUTION_DATE='2025-01-28T06:03:00.665745+00:00' AIRFLOW_CTX_TRY_NUMBER='1' AIRFLOW_CTX_DAG_RUN_ID='manual__2025-01-28T06:03:00.665745+00:00'
[2025-01-28T06:03:04.975+0000] {taskinstance.py:731} INFO - ::endgroup::
[2025-01-28T06:03:05.017+0000] {subprocess.py:78} INFO - Tmp dir root location: /tmp
[2025-01-28T06:03:05.019+0000] {subprocess.py:88} INFO - Running command: ['/usr/bin/bash', '-c', 'python /opt/***/scripts/bot_reporte_como_vamos.py']
[2025-01-28T06:03:05.034+0000] {subprocess.py:99} INFO - Output:
[2025-01-28T06:03:09.411+0000] {subprocess.py:106} INFO - ic| start_date: '01/01/2025', end_date: '28/01/2025'
[2025-01-28T06:03:09.412+0000] {subprocess.py:106} INFO - 2025-01-28 06:03:09,410 - bot_como_vamos - INFO - Starting script bot_como_vamos.py
[2025-01-28T06:04:23.049+0000] {job.py:229} INFO - Heartbeat recovered after 11.94 seconds
[2025-01-28T06:04:40.293+0000] {job.py:229} INFO - Heartbeat recovered after 19.88 seconds
[2025-01-28T06:07:54.094+0000] {job.py:229} INFO - Heartbeat recovered after 10.74 seconds
[2025-01-28T06:07:56.344+0000] {subprocess.py:106} INFO - ic| login_success: <selenium.webdriver.remote.webelement.WebElement (session="c963ed71026227fd8facfae925c92c2f", element="f.DF98AB80F642950D6E9FB3DB608501E2.d.BF512ACEC37BBA6517FC7F8AEABE7C90.e.70")>
[2025-01-28T06:07:56.396+0000] {subprocess.py:106} INFO - 2025-01-28 06:07:56,343 - bot_como_vamos - INFO - Loging success
[2025-01-28T06:09:41.260+0000] {job.py:229} INFO - Heartbeat recovered after 75.73 seconds
[2025-01-28T06:09:50.620+0000] {subprocess.py:106} INFO - 2025-01-28 06:09:50,599 - bot_como_vamos - INFO - Click in menu button successfully
[2025-01-28T06:10:23.877+0000] {subprocess.py:106} INFO - 2025-01-28 06:10:23,873 - bot_como_vamos - INFO - Input dates successfully
[2025-01-28T06:10:37.393+0000] {subprocess.py:106} INFO - 2025-01-28 06:10:37,388 - bot_como_vamos - INFO - Click in 'Empresas Y Negocios' successfully
[2025-01-28T06:12:57.573+0000] {job.py:229} INFO - Heartbeat recovered after 26.31 seconds
[2025-01-28T06:12:58.569+0000] {subprocess.py:106} INFO - 2025-01-28 06:12:58,568 - root - ERROR - Execution error: Message: unknown error: session deleted because of page crash
[2025-01-28T06:12:58.583+0000] {subprocess.py:106} INFO - from unknown error: cannot determine loading status
[2025-01-28T06:12:58.586+0000] {subprocess.py:106} INFO - from tab crashed
[2025-01-28T06:12:58.588+0000] {subprocess.py:106} INFO -   (Session info: chrome=132.0.6834.110)
[2025-01-28T06:12:58.591+0000] {subprocess.py:106} INFO - Stacktrace:
[2025-01-28T06:12:58.593+0000] {subprocess.py:106} INFO - #0 0x5627d1a98dca <unknown>
[2025-01-28T06:12:58.598+0000] {subprocess.py:106} INFO - #1 0x5627d158f24d <unknown>
[2025-01-28T06:12:58.600+0000] {subprocess.py:106} INFO - #2 0x5627d1578b4e <unknown>
[2025-01-28T06:12:58.602+0000] {subprocess.py:106} INFO - #3 0x5627d1577d4e <unknown>
[2025-01-28T06:12:58.604+0000] {subprocess.py:106} INFO - #4 0x5627d15776dc <unknown>
[2025-01-28T06:12:58.606+0000] {subprocess.py:106} INFO - #5 0x5627d15773b9 <unknown>
[2025-01-28T06:12:58.609+0000] {subprocess.py:106} INFO - #6 0x5627d1575346 <unknown>
[2025-01-28T06:12:58.611+0000] {subprocess.py:106} INFO - #7 0x5627d1575b2f <unknown>
[2025-01-28T06:12:58.613+0000] {subprocess.py:106} INFO - #8 0x5627d1585447 <unknown>
[2025-01-28T06:12:58.614+0000] {subprocess.py:106} INFO - #9 0x5627d159c6b4 <unknown>
[2025-01-28T06:12:58.616+0000] {subprocess.py:106} INFO - #10 0x5627d15a25ab <unknown>
[2025-01-28T06:12:58.618+0000] {subprocess.py:106} INFO - #11 0x5627d1576237 <unknown>
[2025-01-28T06:12:58.619+0000] {subprocess.py:106} INFO - #12 0x5627d159c18d <unknown>
[2025-01-28T06:12:58.621+0000] {subprocess.py:106} INFO - #13 0x5627d1622849 <unknown>
[2025-01-28T06:12:58.623+0000] {subprocess.py:106} INFO - #14 0x5627d1603833 <unknown>
[2025-01-28T06:12:58.625+0000] {subprocess.py:106} INFO - #15 0x5627d15d05a0 <unknown>
[2025-01-28T06:12:58.627+0000] {subprocess.py:106} INFO - #16 0x5627d15d1ece <unknown>
[2025-01-28T06:12:58.628+0000] {subprocess.py:106} INFO - #17 0x5627d1a62bdb <unknown>
[2025-01-28T06:12:58.630+0000] {subprocess.py:106} INFO - #18 0x5627d1a66b67 <unknown>
[2025-01-28T06:12:58.633+0000] {subprocess.py:106} INFO - #19 0x5627d1a4e3bc <unknown>
[2025-01-28T06:12:58.634+0000] {subprocess.py:106} INFO - #20 0x5627d1a67727 <unknown>
[2025-01-28T06:12:58.636+0000] {subprocess.py:106} INFO - #21 0x5627d1a3274f <unknown>
[2025-01-28T06:12:58.638+0000] {subprocess.py:106} INFO - #22 0x5627d1a87938 <unknown>
[2025-01-28T06:12:58.639+0000] {subprocess.py:106} INFO - #23 0x5627d1a87b00 <unknown>
[2025-01-28T06:12:58.641+0000] {subprocess.py:106} INFO - #24 0x5627d1a97c46 <unknown>
[2025-01-28T06:12:58.642+0000] {subprocess.py:106} INFO - #25 0x7f7293a9ca94 <unknown>
[2025-01-28T06:12:58.645+0000] {subprocess.py:106} INFO - #26 0x7f7293b29c3c <unknown>
[2025-01-28T06:12:58.646+0000] {subprocess.py:106} INFO - 
[2025-01-28T06:12:58.800+0000] {subprocess.py:106} INFO - ic| file: 'pymp-qmczygfr'
[2025-01-28T06:12:58.802+0000] {subprocess.py:106} INFO - ic| file: '***tmpksi6eita'
[2025-01-28T06:12:58.804+0000] {subprocess.py:106} INFO - ic| file: 'hsperfdata_root'
[2025-01-28T06:13:03.803+0000] {subprocess.py:106} INFO - ic| file: 'pymp-qmczygfr'
[2025-01-28T06:13:03.805+0000] {subprocess.py:106} INFO - ic| file: '***tmpksi6eita'
[2025-01-28T06:13:03.807+0000] {subprocess.py:106} INFO - ic| file: 'hsperfdata_root'
[2025-01-28T06:13:08.806+0000] {subprocess.py:106} INFO - ic| file: 'pymp-qmczygfr'
[2025-01-28T06:13:08.807+0000] {subprocess.py:106} INFO - ic| file: '***tmpksi6eita'
[2025-01-28T06:13:08.809+0000] {subprocess.py:106} INFO - ic| file: 'hsperfdata_root'
[2025-01-28T06:13:13.807+0000] {subprocess.py:106} INFO - ic| file: 'pymp-qmczygfr'
[2025-01-28T06:13:13.809+0000] {subprocess.py:106} INFO - ic| file: '***tmpksi6eita'
[2025-01-28T06:13:13.810+0000] {subprocess.py:106} INFO - ic| file: 'hsperfdata_root'
[2025-01-28T06:13:18.810+0000] {subprocess.py:106} INFO - ic| file: 'pymp-qmczygfr'
[2025-01-28T06:13:18.812+0000] {subprocess.py:106} INFO - ic| file: '***tmpksi6eita'
[2025-01-28T06:13:18.814+0000] {subprocess.py:106} INFO - ic| file: 'hsperfdata_root'
[2025-01-28T06:13:23.813+0000] {subprocess.py:106} INFO - ic| file: 'pymp-qmczygfr'
[2025-01-28T06:13:23.816+0000] {subprocess.py:106} INFO - ic| file: '***tmpksi6eita'
[2025-01-28T06:13:23.818+0000] {subprocess.py:106} INFO - ic| file: 'hsperfdata_root'
[2025-01-28T06:13:28.827+0000] {subprocess.py:106} INFO - ic| file: 'pymp-qmczygfr'
[2025-01-28T06:13:28.829+0000] {subprocess.py:106} INFO - ic| file: '***tmpksi6eita'
[2025-01-28T06:13:28.830+0000] {subprocess.py:106} INFO - ic| file: 'hsperfdata_root'
[2025-01-28T06:13:33.830+0000] {subprocess.py:106} INFO - ic| file: 'pymp-qmczygfr'
[2025-01-28T06:13:33.832+0000] {subprocess.py:106} INFO - ic| file: '***tmpksi6eita'
[2025-01-28T06:13:33.834+0000] {subprocess.py:106} INFO - ic| file: 'hsperfdata_root'
[2025-01-28T06:13:38.833+0000] {subprocess.py:106} INFO - ic| file: 'pymp-qmczygfr'
[2025-01-28T06:13:38.834+0000] {subprocess.py:106} INFO - ic| file: '***tmpksi6eita'
[2025-01-28T06:13:38.840+0000] {subprocess.py:106} INFO - ic| file: 'hsperfdata_root'
[2025-01-28T06:13:43.835+0000] {subprocess.py:106} INFO - ic| file: 'pymp-qmczygfr'
[2025-01-28T06:13:43.837+0000] {subprocess.py:106} INFO - ic| file: '***tmpksi6eita'
[2025-01-28T06:13:43.839+0000] {subprocess.py:106} INFO - ic| file: 'hsperfdata_root'
[2025-01-28T06:13:48.838+0000] {subprocess.py:106} INFO - ic| file: 'pymp-qmczygfr'
[2025-01-28T06:13:48.839+0000] {subprocess.py:106} INFO - ic| file: '***tmpksi6eita'
[2025-01-28T06:13:48.840+0000] {subprocess.py:106} INFO - ic| file: 'hsperfdata_root'
[2025-01-28T06:13:53.840+0000] {subprocess.py:106} INFO - ic| file: 'pymp-qmczygfr'
[2025-01-28T06:13:53.841+0000] {subprocess.py:106} INFO - ic| file: '***tmpksi6eita'
[2025-01-28T06:13:53.843+0000] {subprocess.py:106} INFO - ic| file: 'hsperfdata_root'
[2025-01-28T06:13:58.842+0000] {subprocess.py:106} INFO - ic| file: 'pymp-qmczygfr'
[2025-01-28T06:13:58.843+0000] {subprocess.py:106} INFO - ic| file: '***tmpksi6eita'
[2025-01-28T06:13:58.844+0000] {subprocess.py:106} INFO - ic| file: 'hsperfdata_root'
[2025-01-28T06:14:03.845+0000] {subprocess.py:106} INFO - ic| file: 'pymp-qmczygfr'
[2025-01-28T06:14:03.847+0000] {subprocess.py:106} INFO - ic| file: '***tmpksi6eita'
[2025-01-28T06:14:03.848+0000] {subprocess.py:106} INFO - ic| file: 'hsperfdata_root'
[2025-01-28T06:14:08.848+0000] {subprocess.py:106} INFO - ic| file: 'pymp-qmczygfr'
[2025-01-28T06:14:08.850+0000] {subprocess.py:106} INFO - ic| file: '***tmpksi6eita'
[2025-01-28T06:14:08.851+0000] {subprocess.py:106} INFO - ic| file: 'hsperfdata_root'
[2025-01-28T06:14:13.850+0000] {subprocess.py:106} INFO - ic| file: 'pymp-qmczygfr'
[2025-01-28T06:14:13.852+0000] {subprocess.py:106} INFO - ic| file: '***tmpksi6eita'
[2025-01-28T06:14:13.853+0000] {subprocess.py:106} INFO - ic| file: 'hsperfdata_root'
[2025-01-28T06:14:18.852+0000] {subprocess.py:106} INFO - ic| file: 'pymp-qmczygfr'
[2025-01-28T06:14:18.855+0000] {subprocess.py:106} INFO - ic| file: '***tmpksi6eita'
[2025-01-28T06:14:18.857+0000] {subprocess.py:106} INFO - ic| file: 'hsperfdata_root'
[2025-01-28T06:14:23.627+0000] {local_task_job_runner.py:346} WARNING - State of this instance has been externally set to None. Terminating instance.
[2025-01-28T06:14:23.629+0000] {local_task_job_runner.py:245} INFO - ::endgroup::
[2025-01-28T06:14:23.632+0000] {process_utils.py:132} INFO - Sending 15 to group 904. PIDs of all processes in the group: [906, 904]
[2025-01-28T06:14:23.633+0000] {process_utils.py:87} INFO - Sending the signal 15 to group 904
[2025-01-28T06:14:23.634+0000] {taskinstance.py:3093} ERROR - Received SIGTERM. Terminating subprocesses.
[2025-01-28T06:14:23.634+0000] {subprocess.py:117} INFO - Sending SIGTERM signal to process group
[2025-01-28T06:14:23.645+0000] {taskinstance.py:3311} ERROR - Task failed with exception
Traceback (most recent call last):
  File "/home/airflow/.local/lib/python3.12/site-packages/airflow/models/taskinstance.py", line 767, in _execute_task
    result = _execute_callable(context=context, **execute_callable_kwargs)
             ^^^^^^^^^^^^^^^^^^^^^^^^^^^^^^^^^^^^^^^^^^^^^^^^^^^^^^^^^^^^^
  File "/home/airflow/.local/lib/python3.12/site-packages/airflow/models/taskinstance.py", line 733, in _execute_callable
    return ExecutionCallableRunner(
           ^^^^^^^^^^^^^^^^^^^^^^^^
  File "/home/airflow/.local/lib/python3.12/site-packages/airflow/utils/operator_helpers.py", line 252, in run
    return self.func(*args, **kwargs)
           ^^^^^^^^^^^^^^^^^^^^^^^^^^
  File "/home/airflow/.local/lib/python3.12/site-packages/airflow/models/baseoperator.py", line 422, in wrapper
    return func(self, *args, **kwargs)
           ^^^^^^^^^^^^^^^^^^^^^^^^^^^
  File "/home/airflow/.local/lib/python3.12/site-packages/airflow/operators/bash.py", line 257, in execute
    result = self._run_inline_command(bash_path=bash_path, env=env)
             ^^^^^^^^^^^^^^^^^^^^^^^^^^^^^^^^^^^^^^^^^^^^^^^^^^^^^^
  File "/home/airflow/.local/lib/python3.12/site-packages/airflow/operators/bash.py", line 284, in _run_inline_command
    return self.subprocess_hook.run_command(
           ^^^^^^^^^^^^^^^^^^^^^^^^^^^^^^^^^
  File "/home/airflow/.local/lib/python3.12/site-packages/airflow/hooks/subprocess.py", line 104, in run_command
    for raw_line in iter(self.sub_process.stdout.readline, b""):
                    ^^^^^^^^^^^^^^^^^^^^^^^^^^^^^^^^^^^^^^^^^^^
  File "/home/airflow/.local/lib/python3.12/site-packages/airflow/models/taskinstance.py", line 3095, in signal_handler
    raise AirflowTaskTerminated("Task received SIGTERM signal")
airflow.exceptions.AirflowTaskTerminated: Task received SIGTERM signal
[2025-01-28T06:14:23.652+0000] {taskinstance.py:1225} INFO - Marking task as UP_FOR_RETRY. dag_id=etl_reporte_como_vamos, task_id=task_bot_como_vamos, run_id=manual__2025-01-28T06:03:00.665745+00:00, execution_date=20250128T060300, start_date=20250128T060304, end_date=20250128T061423
[2025-01-28T06:14:23.667+0000] {taskinstance.py:340} INFO - ::group::Post task execution logs
[2025-01-28T06:14:23.669+0000] {standard_task_runner.py:124} ERROR - Failed to execute job 44 for task task_bot_como_vamos ((psycopg2.errors.ForeignKeyViolation) insert or update on table "task_fail" violates foreign key constraint "task_fail_ti_fkey"
DETAIL:  Key (dag_id, task_id, run_id, map_index)=(etl_reporte_como_vamos, task_bot_como_vamos, manual__2025-01-28T06:03:00.665745+00:00, -1) is not present in table "task_instance".

[SQL: INSERT INTO task_fail (task_id, dag_id, run_id, map_index, start_date, end_date, duration) VALUES (%(task_id)s, %(dag_id)s, %(run_id)s, %(map_index)s, %(start_date)s, %(end_date)s, %(duration)s) RETURNING task_fail.id]
[parameters: {'task_id': 'task_bot_como_vamos', 'dag_id': 'etl_reporte_como_vamos', 'run_id': 'manual__2025-01-28T06:03:00.665745+00:00', 'map_index': -1, 'start_date': datetime.datetime(2025, 1, 28, 6, 3, 4, 294705, tzinfo=Timezone('UTC')), 'end_date': datetime.datetime(2025, 1, 28, 6, 14, 23, 652060, tzinfo=Timezone('UTC')), 'duration': 679}]
(Background on this error at: https://sqlalche.me/e/14/gkpj); 904)
Traceback (most recent call last):
  File "/home/airflow/.local/lib/python3.12/site-packages/airflow/models/taskinstance.py", line 273, in _run_raw_task
    TaskInstance._execute_task_with_callbacks(
  File "/home/airflow/.local/lib/python3.12/site-packages/airflow/models/taskinstance.py", line 3159, in _execute_task_with_callbacks
    result = self._execute_task(context, task_orig)
             ^^^^^^^^^^^^^^^^^^^^^^^^^^^^^^^^^^^^^^
  File "/home/airflow/.local/lib/python3.12/site-packages/airflow/models/taskinstance.py", line 3183, in _execute_task
    return _execute_task(self, context, task_orig)
           ^^^^^^^^^^^^^^^^^^^^^^^^^^^^^^^^^^^^^^^
  File "/home/airflow/.local/lib/python3.12/site-packages/airflow/models/taskinstance.py", line 767, in _execute_task
    result = _execute_callable(context=context, **execute_callable_kwargs)
             ^^^^^^^^^^^^^^^^^^^^^^^^^^^^^^^^^^^^^^^^^^^^^^^^^^^^^^^^^^^^^
  File "/home/airflow/.local/lib/python3.12/site-packages/airflow/models/taskinstance.py", line 733, in _execute_callable
    return ExecutionCallableRunner(
           ^^^^^^^^^^^^^^^^^^^^^^^^
  File "/home/airflow/.local/lib/python3.12/site-packages/airflow/utils/operator_helpers.py", line 252, in run
    return self.func(*args, **kwargs)
           ^^^^^^^^^^^^^^^^^^^^^^^^^^
  File "/home/airflow/.local/lib/python3.12/site-packages/airflow/models/baseoperator.py", line 422, in wrapper
    return func(self, *args, **kwargs)
           ^^^^^^^^^^^^^^^^^^^^^^^^^^^
  File "/home/airflow/.local/lib/python3.12/site-packages/airflow/operators/bash.py", line 257, in execute
    result = self._run_inline_command(bash_path=bash_path, env=env)
             ^^^^^^^^^^^^^^^^^^^^^^^^^^^^^^^^^^^^^^^^^^^^^^^^^^^^^^
  File "/home/airflow/.local/lib/python3.12/site-packages/airflow/operators/bash.py", line 284, in _run_inline_command
    return self.subprocess_hook.run_command(
           ^^^^^^^^^^^^^^^^^^^^^^^^^^^^^^^^^
  File "/home/airflow/.local/lib/python3.12/site-packages/airflow/hooks/subprocess.py", line 104, in run_command
    for raw_line in iter(self.sub_process.stdout.readline, b""):
                    ^^^^^^^^^^^^^^^^^^^^^^^^^^^^^^^^^^^^^^^^^^^
  File "/home/airflow/.local/lib/python3.12/site-packages/airflow/models/taskinstance.py", line 3095, in signal_handler
    raise AirflowTaskTerminated("Task received SIGTERM signal")
airflow.exceptions.AirflowTaskTerminated: Task received SIGTERM signal

During handling of the above exception, another exception occurred:

Traceback (most recent call last):
  File "/home/airflow/.local/lib/python3.12/site-packages/sqlalchemy/engine/base.py", line 1910, in _execute_context
    self.dialect.do_execute(
  File "/home/airflow/.local/lib/python3.12/site-packages/sqlalchemy/engine/default.py", line 736, in do_execute
    cursor.execute(statement, parameters)
psycopg2.errors.ForeignKeyViolation: insert or update on table "task_fail" violates foreign key constraint "task_fail_ti_fkey"
DETAIL:  Key (dag_id, task_id, run_id, map_index)=(etl_reporte_como_vamos, task_bot_como_vamos, manual__2025-01-28T06:03:00.665745+00:00, -1) is not present in table "task_instance".


The above exception was the direct cause of the following exception:

Traceback (most recent call last):
  File "/home/airflow/.local/lib/python3.12/site-packages/airflow/task/task_runner/standard_task_runner.py", line 117, in _start_by_fork
    ret = args.func(args, dag=self.dag)
          ^^^^^^^^^^^^^^^^^^^^^^^^^^^^^
  File "/home/airflow/.local/lib/python3.12/site-packages/airflow/cli/cli_config.py", line 49, in command
    return func(*args, **kwargs)
           ^^^^^^^^^^^^^^^^^^^^^
  File "/home/airflow/.local/lib/python3.12/site-packages/airflow/utils/cli.py", line 116, in wrapper
    return f(*args, **kwargs)
           ^^^^^^^^^^^^^^^^^^
  File "/home/airflow/.local/lib/python3.12/site-packages/airflow/cli/commands/task_command.py", line 483, in task_run
    task_return_code = _run_task_by_selected_method(args, _dag, ti)
                       ^^^^^^^^^^^^^^^^^^^^^^^^^^^^^^^^^^^^^^^^^^^^
  File "/home/airflow/.local/lib/python3.12/site-packages/airflow/cli/commands/task_command.py", line 256, in _run_task_by_selected_method
    return _run_raw_task(args, ti)
           ^^^^^^^^^^^^^^^^^^^^^^^
  File "/home/airflow/.local/lib/python3.12/site-packages/airflow/cli/commands/task_command.py", line 341, in _run_raw_task
    return ti._run_raw_task(
           ^^^^^^^^^^^^^^^^^
  File "/home/airflow/.local/lib/python3.12/site-packages/airflow/utils/session.py", line 97, in wrapper
    return func(*args, session=session, **kwargs)
           ^^^^^^^^^^^^^^^^^^^^^^^^^^^^^^^^^^^^^^
  File "/home/airflow/.local/lib/python3.12/site-packages/airflow/models/taskinstance.py", line 3005, in _run_raw_task
    return _run_raw_task(
           ^^^^^^^^^^^^^^
  File "/home/airflow/.local/lib/python3.12/site-packages/airflow/models/taskinstance.py", line 327, in _run_raw_task
    ti.handle_failure(e, test_mode, context, session=session)
  File "/home/airflow/.local/lib/python3.12/site-packages/airflow/utils/session.py", line 94, in wrapper
    return func(*args, **kwargs)
           ^^^^^^^^^^^^^^^^^^^^^
  File "/home/airflow/.local/lib/python3.12/site-packages/airflow/models/taskinstance.py", line 3428, in handle_failure
    _handle_failure(
  File "/home/airflow/.local/lib/python3.12/site-packages/airflow/utils/session.py", line 94, in wrapper
    return func(*args, **kwargs)
           ^^^^^^^^^^^^^^^^^^^^^
  File "/home/airflow/.local/lib/python3.12/site-packages/airflow/api_internal/internal_api_call.py", line 166, in wrapper
    return func(*args, **kwargs)
           ^^^^^^^^^^^^^^^^^^^^^
  File "/home/airflow/.local/lib/python3.12/site-packages/airflow/models/taskinstance.py", line 1243, in _handle_failure
    TaskInstance.save_to_db(failure_context["ti"], session)
  File "/home/airflow/.local/lib/python3.12/site-packages/airflow/api_internal/internal_api_call.py", line 166, in wrapper
    return func(*args, **kwargs)
           ^^^^^^^^^^^^^^^^^^^^^
  File "/home/airflow/.local/lib/python3.12/site-packages/airflow/utils/session.py", line 94, in wrapper
    return func(*args, **kwargs)
           ^^^^^^^^^^^^^^^^^^^^^
  File "/home/airflow/.local/lib/python3.12/site-packages/airflow/models/taskinstance.py", line 3400, in save_to_db
    session.flush()
  File "/home/airflow/.local/lib/python3.12/site-packages/sqlalchemy/orm/session.py", line 3449, in flush
    self._flush(objects)
  File "/home/airflow/.local/lib/python3.12/site-packages/sqlalchemy/orm/session.py", line 3588, in _flush
    with util.safe_reraise():
         ^^^^^^^^^^^^^^^^^^^
  File "/home/airflow/.local/lib/python3.12/site-packages/sqlalchemy/util/langhelpers.py", line 70, in __exit__
    compat.raise_(
  File "/home/airflow/.local/lib/python3.12/site-packages/sqlalchemy/util/compat.py", line 211, in raise_
    raise exception
  File "/home/airflow/.local/lib/python3.12/site-packages/sqlalchemy/orm/session.py", line 3549, in _flush
    flush_context.execute()
  File "/home/airflow/.local/lib/python3.12/site-packages/sqlalchemy/orm/unitofwork.py", line 456, in execute
    rec.execute(self)
  File "/home/airflow/.local/lib/python3.12/site-packages/sqlalchemy/orm/unitofwork.py", line 630, in execute
    util.preloaded.orm_persistence.save_obj(
  File "/home/airflow/.local/lib/python3.12/site-packages/sqlalchemy/orm/persistence.py", line 245, in save_obj
    _emit_insert_statements(
  File "/home/airflow/.local/lib/python3.12/site-packages/sqlalchemy/orm/persistence.py", line 1238, in _emit_insert_statements
    result = connection._execute_20(
             ^^^^^^^^^^^^^^^^^^^^^^^
  File "/home/airflow/.local/lib/python3.12/site-packages/sqlalchemy/engine/base.py", line 1710, in _execute_20
    return meth(self, args_10style, kwargs_10style, execution_options)
           ^^^^^^^^^^^^^^^^^^^^^^^^^^^^^^^^^^^^^^^^^^^^^^^^^^^^^^^^^^^
  File "/home/airflow/.local/lib/python3.12/site-packages/sqlalchemy/sql/elements.py", line 334, in _execute_on_connection
    return connection._execute_clauseelement(
           ^^^^^^^^^^^^^^^^^^^^^^^^^^^^^^^^^^
  File "/home/airflow/.local/lib/python3.12/site-packages/sqlalchemy/engine/base.py", line 1577, in _execute_clauseelement
    ret = self._execute_context(
          ^^^^^^^^^^^^^^^^^^^^^^
  File "/home/airflow/.local/lib/python3.12/site-packages/sqlalchemy/engine/base.py", line 1953, in _execute_context
    self._handle_dbapi_exception(
  File "/home/airflow/.local/lib/python3.12/site-packages/sqlalchemy/engine/base.py", line 2134, in _handle_dbapi_exception
    util.raise_(
  File "/home/airflow/.local/lib/python3.12/site-packages/sqlalchemy/util/compat.py", line 211, in raise_
    raise exception
  File "/home/airflow/.local/lib/python3.12/site-packages/sqlalchemy/engine/base.py", line 1910, in _execute_context
    self.dialect.do_execute(
  File "/home/airflow/.local/lib/python3.12/site-packages/sqlalchemy/engine/default.py", line 736, in do_execute
    cursor.execute(statement, parameters)
sqlalchemy.exc.IntegrityError: (psycopg2.errors.ForeignKeyViolation) insert or update on table "task_fail" violates foreign key constraint "task_fail_ti_fkey"
DETAIL:  Key (dag_id, task_id, run_id, map_index)=(etl_reporte_como_vamos, task_bot_como_vamos, manual__2025-01-28T06:03:00.665745+00:00, -1) is not present in table "task_instance".

[SQL: INSERT INTO task_fail (task_id, dag_id, run_id, map_index, start_date, end_date, duration) VALUES (%(task_id)s, %(dag_id)s, %(run_id)s, %(map_index)s, %(start_date)s, %(end_date)s, %(duration)s) RETURNING task_fail.id]
[parameters: {'task_id': 'task_bot_como_vamos', 'dag_id': 'etl_reporte_como_vamos', 'run_id': 'manual__2025-01-28T06:03:00.665745+00:00', 'map_index': -1, 'start_date': datetime.datetime(2025, 1, 28, 6, 3, 4, 294705, tzinfo=Timezone('UTC')), 'end_date': datetime.datetime(2025, 1, 28, 6, 14, 23, 652060, tzinfo=Timezone('UTC')), 'duration': 679}]
(Background on this error at: https://sqlalche.me/e/14/gkpj)
[2025-01-28T06:14:23.733+0000] {process_utils.py:80} INFO - Process psutil.Process(pid=906, status='terminated', started='06:03:04') (906) terminated with exit code None
[2025-01-28T06:14:23.735+0000] {process_utils.py:80} INFO - Process psutil.Process(pid=904, status='terminated', exitcode=1, started='06:03:04') (904) terminated with exit code 1
