[2025-01-28T16:03:37.182+0000] {local_task_job_runner.py:123} INFO - ::group::Pre task execution logs
[2025-01-28T16:03:37.238+0000] {taskinstance.py:2613} INFO - Dependencies all met for dep_context=non-requeueable deps ti=<TaskInstance: etl_reporte_como_vamos.task_bot_como_vamos manual__2025-01-28T16:03:25.356808+00:00 [queued]>
[2025-01-28T16:03:37.268+0000] {taskinstance.py:2613} INFO - Dependencies all met for dep_context=requeueable deps ti=<TaskInstance: etl_reporte_como_vamos.task_bot_como_vamos manual__2025-01-28T16:03:25.356808+00:00 [queued]>
[2025-01-28T16:03:37.270+0000] {taskinstance.py:2866} INFO - Starting attempt 1 of 2
[2025-01-28T16:03:37.317+0000] {taskinstance.py:2889} INFO - Executing <Task(BashOperator): task_bot_como_vamos> on 2025-01-28 16:03:25.356808+00:00
[2025-01-28T16:03:37.335+0000] {standard_task_runner.py:104} INFO - Running: ['***', 'tasks', 'run', 'etl_reporte_como_vamos', 'task_bot_como_vamos', 'manual__2025-01-28T16:03:25.356808+00:00', '--job-id', '64', '--raw', '--subdir', 'DAGS_FOLDER/etl_como_vamos_dag.py', '--cfg-path', '/tmp/tmp1djfg75j']
[2025-01-28T16:03:37.346+0000] {standard_task_runner.py:105} INFO - Job 64: Subtask task_bot_como_vamos
[2025-01-28T16:03:37.347+0000] {logging_mixin.py:190} WARNING - /home/***/.local/lib/python3.12/site-packages/***/task/task_runner/standard_task_runner.py:70 DeprecationWarning: This process (pid=330) is multi-threaded, use of fork() may lead to deadlocks in the child.
[2025-01-28T16:03:37.372+0000] {standard_task_runner.py:72} INFO - Started process 336 to run task
[2025-01-28T16:03:37.596+0000] {task_command.py:467} INFO - Running <TaskInstance: etl_reporte_como_vamos.task_bot_como_vamos manual__2025-01-28T16:03:25.356808+00:00 [running]> on host 0d38fa807d7f
[2025-01-28T16:03:38.289+0000] {taskinstance.py:3132} INFO - Exporting env vars: AIRFLOW_CTX_DAG_OWNER='***' AIRFLOW_CTX_DAG_ID='etl_reporte_como_vamos' AIRFLOW_CTX_TASK_ID='task_bot_como_vamos' AIRFLOW_CTX_EXECUTION_DATE='2025-01-28T16:03:25.356808+00:00' AIRFLOW_CTX_TRY_NUMBER='1' AIRFLOW_CTX_DAG_RUN_ID='manual__2025-01-28T16:03:25.356808+00:00'
[2025-01-28T16:03:38.292+0000] {taskinstance.py:731} INFO - ::endgroup::
[2025-01-28T16:03:38.347+0000] {subprocess.py:78} INFO - Tmp dir root location: /tmp
[2025-01-28T16:03:38.349+0000] {subprocess.py:88} INFO - Running command: ['/usr/bin/bash', '-c', 'python /opt/***/scripts/bot_reporte_como_vamos.py']
[2025-01-28T16:03:38.370+0000] {subprocess.py:99} INFO - Output:
[2025-01-28T16:03:43.729+0000] {subprocess.py:106} INFO - ic| start_date: '01/01/2025', end_date: '28/01/2025'
[2025-01-28T16:03:43.732+0000] {subprocess.py:106} INFO - 2025-01-28 16:03:43,729 - bot_como_vamos - INFO - Starting script bot_como_vamos.py
[2025-01-28T16:08:43.797+0000] {subprocess.py:106} INFO - 2025-01-28 16:08:43,796 - root - ERROR - Execution error: Message: Could not start a new session. New session request timed out
[2025-01-28T16:08:43.798+0000] {subprocess.py:106} INFO - Host info: host: '8e7527a01e59', ip: '172.18.0.2'
[2025-01-28T16:08:43.799+0000] {subprocess.py:106} INFO - Build info: version: '4.28.1', revision: '73f5ad48a2'
[2025-01-28T16:08:43.801+0000] {subprocess.py:106} INFO - System info: os.name: 'Linux', os.arch: 'amd64', os.version: '6.10.4-linuxkit', java.version: '17.0.13'
[2025-01-28T16:08:43.802+0000] {subprocess.py:106} INFO - Driver info: driver.version: unknown
[2025-01-28T16:08:43.803+0000] {subprocess.py:106} INFO - Stacktrace:
[2025-01-28T16:08:43.804+0000] {subprocess.py:106} INFO -     at org.openqa.selenium.grid.sessionqueue.local.LocalNewSessionQueue.addToQueue (LocalNewSessionQueue.java:224)
[2025-01-28T16:08:43.805+0000] {subprocess.py:106} INFO -     at org.openqa.selenium.grid.sessionqueue.NewSessionQueue.lambda$new$0 (NewSessionQueue.java:68)
[2025-01-28T16:08:43.806+0000] {subprocess.py:106} INFO -     at org.openqa.selenium.remote.http.Route$TemplatizedRoute.handle (Route.java:192)
[2025-01-28T16:08:43.808+0000] {subprocess.py:106} INFO -     at org.openqa.selenium.remote.http.Route.execute (Route.java:69)
[2025-01-28T16:08:43.809+0000] {subprocess.py:106} INFO -     at org.openqa.selenium.remote.http.Route$CombinedRoute.handle (Route.java:360)
[2025-01-28T16:08:43.811+0000] {subprocess.py:106} INFO -     at org.openqa.selenium.remote.http.Route.execute (Route.java:69)
[2025-01-28T16:08:43.813+0000] {subprocess.py:106} INFO -     at org.openqa.selenium.grid.sessionqueue.NewSessionQueue.execute (NewSessionQueue.java:128)
[2025-01-28T16:08:43.814+0000] {subprocess.py:106} INFO -     at org.openqa.selenium.remote.tracing.SpanWrappedHttpHandler.execute (SpanWrappedHttpHandler.java:87)
[2025-01-28T16:08:43.815+0000] {subprocess.py:106} INFO -     at org.openqa.selenium.remote.http.Filter$1.execute (Filter.java:63)
[2025-01-28T16:08:43.815+0000] {subprocess.py:106} INFO -     at org.openqa.selenium.remote.http.Route$CombinedRoute.handle (Route.java:360)
[2025-01-28T16:08:43.816+0000] {subprocess.py:106} INFO -     at org.openqa.selenium.remote.http.Route.execute (Route.java:69)
[2025-01-28T16:08:43.817+0000] {subprocess.py:106} INFO -     at org.openqa.selenium.grid.router.Router.execute (Router.java:89)
[2025-01-28T16:08:43.817+0000] {subprocess.py:106} INFO -     at org.openqa.selenium.grid.web.EnsureSpecCompliantResponseHeaders.lambda$apply$0 (EnsureSpecCompliantResponseHeaders.java:34)
[2025-01-28T16:08:43.818+0000] {subprocess.py:106} INFO -     at org.openqa.selenium.remote.http.Filter$1.execute (Filter.java:63)
[2025-01-28T16:08:43.819+0000] {subprocess.py:106} INFO -     at org.openqa.selenium.remote.http.Route$CombinedRoute.handle (Route.java:360)
[2025-01-28T16:08:43.819+0000] {subprocess.py:106} INFO -     at org.openqa.selenium.remote.http.Route.execute (Route.java:69)
[2025-01-28T16:08:43.820+0000] {subprocess.py:106} INFO -     at org.openqa.selenium.remote.http.Route$NestedRoute.handle (Route.java:270)
[2025-01-28T16:08:43.821+0000] {subprocess.py:106} INFO -     at org.openqa.selenium.remote.http.Route.execute (Route.java:69)
[2025-01-28T16:08:43.822+0000] {subprocess.py:106} INFO -     at org.openqa.selenium.remote.http.Route$CombinedRoute.handle (Route.java:360)
[2025-01-28T16:08:43.823+0000] {subprocess.py:106} INFO -     at org.openqa.selenium.remote.http.Route.execute (Route.java:69)
[2025-01-28T16:08:43.825+0000] {subprocess.py:106} INFO -     at org.openqa.selenium.remote.AddWebDriverSpecHeaders.lambda$apply$0 (AddWebDriverSpecHeaders.java:35)
[2025-01-28T16:08:43.826+0000] {subprocess.py:106} INFO -     at org.openqa.selenium.remote.ErrorFilter.lambda$apply$0 (ErrorFilter.java:44)
[2025-01-28T16:08:43.827+0000] {subprocess.py:106} INFO -     at org.openqa.selenium.remote.http.Filter$1.execute (Filter.java:63)
[2025-01-28T16:08:43.828+0000] {subprocess.py:106} INFO -     at org.openqa.selenium.remote.ErrorFilter.lambda$apply$0 (ErrorFilter.java:44)
[2025-01-28T16:08:43.829+0000] {subprocess.py:106} INFO -     at org.openqa.selenium.remote.http.Filter$1.execute (Filter.java:63)
[2025-01-28T16:08:43.830+0000] {subprocess.py:106} INFO -     at org.openqa.selenium.netty.server.SeleniumHandler.lambda$channelRead0$0 (SeleniumHandler.java:49)
[2025-01-28T16:08:43.831+0000] {subprocess.py:106} INFO -     at java.util.concurrent.Executors$RunnableAdapter.call (Executors.java:539)
[2025-01-28T16:08:43.831+0000] {subprocess.py:106} INFO -     at java.util.concurrent.FutureTask.run (FutureTask.java:264)
[2025-01-28T16:08:43.832+0000] {subprocess.py:106} INFO -     at java.util.concurrent.ThreadPoolExecutor.runWorker (ThreadPoolExecutor.java:1136)
[2025-01-28T16:08:43.832+0000] {subprocess.py:106} INFO -     at java.util.concurrent.ThreadPoolExecutor$Worker.run (ThreadPoolExecutor.java:635)
[2025-01-28T16:08:43.834+0000] {subprocess.py:106} INFO -     at java.lang.Thread.run (Thread.java:840)
[2025-01-28T16:08:43.838+0000] {subprocess.py:106} INFO - ic| file: '***tmpfqxw8bcn'
[2025-01-28T16:08:43.840+0000] {subprocess.py:106} INFO - ic| file: 'pymp-qq7cxjps'
[2025-01-28T16:08:43.841+0000] {subprocess.py:106} INFO - ic| file: 'hsperfdata_root'
[2025-01-28T16:08:48.841+0000] {subprocess.py:106} INFO - ic| file: '***tmpfqxw8bcn'
[2025-01-28T16:08:48.847+0000] {subprocess.py:106} INFO - ic| file: 'pymp-qq7cxjps'
[2025-01-28T16:08:48.850+0000] {subprocess.py:106} INFO - ic| file: 'hsperfdata_root'
[2025-01-28T16:08:53.844+0000] {subprocess.py:106} INFO - ic| file: '***tmpfqxw8bcn'
[2025-01-28T16:08:53.846+0000] {subprocess.py:106} INFO - ic| file: 'pymp-qq7cxjps'
[2025-01-28T16:08:53.848+0000] {subprocess.py:106} INFO - ic| file: 'hsperfdata_root'
[2025-01-28T16:08:58.847+0000] {subprocess.py:106} INFO - ic| file: '***tmpfqxw8bcn'
[2025-01-28T16:08:58.848+0000] {subprocess.py:106} INFO - ic| file: 'pymp-qq7cxjps'
[2025-01-28T16:08:58.851+0000] {subprocess.py:106} INFO - ic| file: 'hsperfdata_root'
[2025-01-28T16:09:03.849+0000] {subprocess.py:106} INFO - ic| file: '***tmpfqxw8bcn'
[2025-01-28T16:09:03.851+0000] {subprocess.py:106} INFO - ic| file: 'pymp-qq7cxjps'
[2025-01-28T16:09:03.853+0000] {subprocess.py:106} INFO - ic| file: 'hsperfdata_root'
[2025-01-28T16:09:08.854+0000] {subprocess.py:106} INFO - ic| file: '***tmpfqxw8bcn'
[2025-01-28T16:09:08.891+0000] {subprocess.py:106} INFO - ic| file: 'pymp-qq7cxjps'
[2025-01-28T16:09:08.905+0000] {subprocess.py:106} INFO - ic| file: 'hsperfdata_root'
[2025-01-28T16:09:13.871+0000] {subprocess.py:106} INFO - ic| file: '***tmpfqxw8bcn'
[2025-01-28T16:09:13.875+0000] {subprocess.py:106} INFO - ic| file: 'pymp-qq7cxjps'
[2025-01-28T16:09:13.878+0000] {subprocess.py:106} INFO - ic| file: 'hsperfdata_root'
[2025-01-28T16:09:18.876+0000] {subprocess.py:106} INFO - ic| file: '***tmpfqxw8bcn'
[2025-01-28T16:09:18.880+0000] {subprocess.py:106} INFO - ic| file: 'pymp-qq7cxjps'
[2025-01-28T16:09:18.884+0000] {subprocess.py:106} INFO - ic| file: 'hsperfdata_root'
[2025-01-28T16:09:23.883+0000] {subprocess.py:106} INFO - ic| file: '***tmpfqxw8bcn'
[2025-01-28T16:09:23.885+0000] {subprocess.py:106} INFO - ic| file: 'pymp-qq7cxjps'
[2025-01-28T16:09:23.887+0000] {subprocess.py:106} INFO - ic| file: 'hsperfdata_root'
[2025-01-28T16:09:28.887+0000] {subprocess.py:106} INFO - ic| file: '***tmpfqxw8bcn'
[2025-01-28T16:09:28.888+0000] {subprocess.py:106} INFO - ic| file: 'pymp-qq7cxjps'
[2025-01-28T16:09:28.890+0000] {subprocess.py:106} INFO - ic| file: 'hsperfdata_root'
[2025-01-28T16:09:33.889+0000] {subprocess.py:106} INFO - ic| file: '***tmpfqxw8bcn'
[2025-01-28T16:09:33.892+0000] {subprocess.py:106} INFO - ic| file: 'pymp-qq7cxjps'
[2025-01-28T16:09:33.893+0000] {subprocess.py:106} INFO - ic| file: 'hsperfdata_root'
[2025-01-28T16:09:38.892+0000] {subprocess.py:106} INFO - ic| file: '***tmpfqxw8bcn'
[2025-01-28T16:09:38.895+0000] {subprocess.py:106} INFO - ic| file: 'pymp-qq7cxjps'
[2025-01-28T16:09:38.897+0000] {subprocess.py:106} INFO - ic| file: 'hsperfdata_root'
[2025-01-28T16:09:43.895+0000] {subprocess.py:106} INFO - ic| file: '***tmpfqxw8bcn'
[2025-01-28T16:09:43.896+0000] {subprocess.py:106} INFO - ic| file: 'pymp-qq7cxjps'
[2025-01-28T16:09:43.898+0000] {subprocess.py:106} INFO - ic| file: 'hsperfdata_root'
[2025-01-28T16:09:48.899+0000] {subprocess.py:106} INFO - ic| file: '***tmpfqxw8bcn'
[2025-01-28T16:09:48.900+0000] {subprocess.py:106} INFO - ic| file: 'pymp-qq7cxjps'
[2025-01-28T16:09:48.902+0000] {subprocess.py:106} INFO - ic| file: 'hsperfdata_root'
[2025-01-28T16:09:53.902+0000] {subprocess.py:106} INFO - ic| file: '***tmpfqxw8bcn'
[2025-01-28T16:09:53.904+0000] {subprocess.py:106} INFO - ic| file: 'pymp-qq7cxjps'
[2025-01-28T16:09:53.906+0000] {subprocess.py:106} INFO - ic| file: 'hsperfdata_root'
[2025-01-28T16:09:58.904+0000] {subprocess.py:106} INFO - ic| file: '***tmpfqxw8bcn'
[2025-01-28T16:09:58.905+0000] {subprocess.py:106} INFO - ic| file: 'pymp-qq7cxjps'
[2025-01-28T16:09:58.906+0000] {subprocess.py:106} INFO - ic| file: 'hsperfdata_root'
[2025-01-28T16:10:03.907+0000] {subprocess.py:106} INFO - ic| file: '***tmpfqxw8bcn'
[2025-01-28T16:10:03.908+0000] {subprocess.py:106} INFO - ic| file: 'pymp-qq7cxjps'
[2025-01-28T16:10:03.909+0000] {subprocess.py:106} INFO - ic| file: 'hsperfdata_root'
[2025-01-28T16:10:08.909+0000] {subprocess.py:106} INFO - ic| file: '***tmpfqxw8bcn'
[2025-01-28T16:10:08.911+0000] {subprocess.py:106} INFO - ic| file: 'pymp-qq7cxjps'
[2025-01-28T16:10:08.913+0000] {subprocess.py:106} INFO - ic| file: 'hsperfdata_root'
[2025-01-28T16:10:13.912+0000] {subprocess.py:106} INFO - ic| file: '***tmpfqxw8bcn'
[2025-01-28T16:10:13.914+0000] {subprocess.py:106} INFO - ic| file: 'pymp-qq7cxjps'
[2025-01-28T16:10:13.916+0000] {subprocess.py:106} INFO - ic| file: 'hsperfdata_root'
[2025-01-28T16:10:18.914+0000] {subprocess.py:106} INFO - ic| file: '***tmpfqxw8bcn'
[2025-01-28T16:10:18.916+0000] {subprocess.py:106} INFO - ic| file: 'pymp-qq7cxjps'
[2025-01-28T16:10:18.917+0000] {subprocess.py:106} INFO - ic| file: 'hsperfdata_root'
[2025-01-28T16:10:23.916+0000] {subprocess.py:106} INFO - ic| file: '***tmpfqxw8bcn'
[2025-01-28T16:10:23.918+0000] {subprocess.py:106} INFO - ic| file: 'pymp-qq7cxjps'
[2025-01-28T16:10:23.921+0000] {subprocess.py:106} INFO - ic| file: 'hsperfdata_root'
[2025-01-28T16:10:28.918+0000] {subprocess.py:106} INFO - ic| file: '***tmpfqxw8bcn'
[2025-01-28T16:10:28.920+0000] {subprocess.py:106} INFO - ic| file: 'pymp-qq7cxjps'
[2025-01-28T16:10:28.922+0000] {subprocess.py:106} INFO - ic| file: 'hsperfdata_root'
[2025-01-28T16:10:33.920+0000] {subprocess.py:106} INFO - ic| file: '***tmpfqxw8bcn'
[2025-01-28T16:10:33.922+0000] {subprocess.py:106} INFO - ic| file: 'pymp-qq7cxjps'
[2025-01-28T16:10:33.924+0000] {subprocess.py:106} INFO - ic| file: 'hsperfdata_root'
[2025-01-28T16:10:38.922+0000] {subprocess.py:106} INFO - ic| file: '***tmpfqxw8bcn'
[2025-01-28T16:10:38.924+0000] {subprocess.py:106} INFO - ic| file: 'pymp-qq7cxjps'
[2025-01-28T16:10:38.926+0000] {subprocess.py:106} INFO - ic| file: 'hsperfdata_root'
[2025-01-28T16:10:43.926+0000] {subprocess.py:106} INFO - ic| file: '***tmpfqxw8bcn'
[2025-01-28T16:10:43.927+0000] {subprocess.py:106} INFO - ic| file: 'pymp-qq7cxjps'
[2025-01-28T16:10:43.929+0000] {subprocess.py:106} INFO - ic| file: 'hsperfdata_root'
[2025-01-28T16:10:48.928+0000] {subprocess.py:106} INFO - ic| file: '***tmpfqxw8bcn'
[2025-01-28T16:10:48.929+0000] {subprocess.py:106} INFO - ic| file: 'pymp-qq7cxjps'
[2025-01-28T16:10:48.930+0000] {subprocess.py:106} INFO - ic| file: 'hsperfdata_root'
[2025-01-28T16:10:53.930+0000] {subprocess.py:106} INFO - ic| file: '***tmpfqxw8bcn'
[2025-01-28T16:10:53.931+0000] {subprocess.py:106} INFO - ic| file: 'pymp-qq7cxjps'
[2025-01-28T16:10:53.932+0000] {subprocess.py:106} INFO - ic| file: 'hsperfdata_root'
[2025-01-28T16:10:58.932+0000] {subprocess.py:106} INFO - ic| file: '***tmpfqxw8bcn'
[2025-01-28T16:10:58.934+0000] {subprocess.py:106} INFO - ic| file: 'pymp-qq7cxjps'
[2025-01-28T16:10:58.935+0000] {subprocess.py:106} INFO - ic| file: 'hsperfdata_root'
[2025-01-28T16:11:03.934+0000] {subprocess.py:106} INFO - ic| file: '***tmpfqxw8bcn'
[2025-01-28T16:11:03.936+0000] {subprocess.py:106} INFO - ic| file: 'pymp-qq7cxjps'
[2025-01-28T16:11:03.937+0000] {subprocess.py:106} INFO - ic| file: 'hsperfdata_root'
[2025-01-28T16:11:08.936+0000] {subprocess.py:106} INFO - ic| file: '***tmpfqxw8bcn'
[2025-01-28T16:11:08.938+0000] {subprocess.py:106} INFO - ic| file: 'pymp-qq7cxjps'
[2025-01-28T16:11:08.949+0000] {subprocess.py:106} INFO - ic| file: 'hsperfdata_root'
[2025-01-28T16:11:13.938+0000] {subprocess.py:106} INFO - ic| file: '***tmpfqxw8bcn'
[2025-01-28T16:11:13.940+0000] {subprocess.py:106} INFO - ic| file: 'pymp-qq7cxjps'
[2025-01-28T16:11:13.941+0000] {subprocess.py:106} INFO - ic| file: 'hsperfdata_root'
[2025-01-28T16:11:18.941+0000] {subprocess.py:106} INFO - ic| file: '***tmpfqxw8bcn'
[2025-01-28T16:11:18.943+0000] {subprocess.py:106} INFO - ic| file: 'pymp-qq7cxjps'
[2025-01-28T16:11:18.944+0000] {subprocess.py:106} INFO - ic| file: 'hsperfdata_root'
[2025-01-28T16:11:23.945+0000] {subprocess.py:106} INFO - ic| file: '***tmpfqxw8bcn'
[2025-01-28T16:11:23.947+0000] {subprocess.py:106} INFO - ic| file: 'pymp-qq7cxjps'
[2025-01-28T16:11:23.949+0000] {subprocess.py:106} INFO - ic| file: 'hsperfdata_root'
[2025-01-28T16:11:28.948+0000] {subprocess.py:106} INFO - ic| file: '***tmpfqxw8bcn'
[2025-01-28T16:11:28.949+0000] {subprocess.py:106} INFO - ic| file: 'pymp-qq7cxjps'
[2025-01-28T16:11:28.955+0000] {subprocess.py:106} INFO - ic| file: 'hsperfdata_root'
[2025-01-28T16:11:33.950+0000] {subprocess.py:106} INFO - ic| file: '***tmpfqxw8bcn'
[2025-01-28T16:11:33.966+0000] {subprocess.py:106} INFO - ic| file: 'pymp-qq7cxjps'
[2025-01-28T16:11:33.968+0000] {subprocess.py:106} INFO - ic| file: 'hsperfdata_root'
[2025-01-28T16:11:38.952+0000] {subprocess.py:106} INFO - ic| file: '***tmpfqxw8bcn'
[2025-01-28T16:11:38.954+0000] {subprocess.py:106} INFO - ic| file: 'pymp-qq7cxjps'
[2025-01-28T16:11:38.956+0000] {subprocess.py:106} INFO - ic| file: 'hsperfdata_root'
[2025-01-28T16:11:43.954+0000] {subprocess.py:106} INFO - ic| file: '***tmpfqxw8bcn'
[2025-01-28T16:11:43.957+0000] {subprocess.py:106} INFO - ic| file: 'pymp-qq7cxjps'
[2025-01-28T16:11:43.959+0000] {subprocess.py:106} INFO - ic| file: 'hsperfdata_root'
[2025-01-28T16:11:48.957+0000] {subprocess.py:106} INFO - ic| file: '***tmpfqxw8bcn'
[2025-01-28T16:11:48.959+0000] {subprocess.py:106} INFO - ic| file: 'pymp-qq7cxjps'
[2025-01-28T16:11:48.961+0000] {subprocess.py:106} INFO - ic| file: 'hsperfdata_root'
[2025-01-28T16:11:53.960+0000] {subprocess.py:106} INFO - ic| file: '***tmpfqxw8bcn'
[2025-01-28T16:11:53.961+0000] {subprocess.py:106} INFO - ic| file: 'pymp-qq7cxjps'
[2025-01-28T16:11:53.962+0000] {subprocess.py:106} INFO - ic| file: 'hsperfdata_root'
[2025-01-28T16:11:58.962+0000] {subprocess.py:106} INFO - ic| file: '***tmpfqxw8bcn'
[2025-01-28T16:11:58.964+0000] {subprocess.py:106} INFO - ic| file: 'pymp-qq7cxjps'
[2025-01-28T16:11:58.966+0000] {subprocess.py:106} INFO - ic| file: 'hsperfdata_root'
[2025-01-28T16:12:03.965+0000] {subprocess.py:106} INFO - ic| file: '***tmpfqxw8bcn'
[2025-01-28T16:12:03.966+0000] {subprocess.py:106} INFO - ic| file: 'pymp-qq7cxjps'
[2025-01-28T16:12:03.967+0000] {subprocess.py:106} INFO - ic| file: 'hsperfdata_root'
[2025-01-28T16:12:08.967+0000] {subprocess.py:106} INFO - ic| file: '***tmpfqxw8bcn'
[2025-01-28T16:12:08.968+0000] {subprocess.py:106} INFO - ic| file: 'pymp-qq7cxjps'
[2025-01-28T16:12:08.970+0000] {subprocess.py:106} INFO - ic| file: 'hsperfdata_root'
[2025-01-28T16:12:13.970+0000] {subprocess.py:106} INFO - ic| file: '***tmpfqxw8bcn'
[2025-01-28T16:12:13.973+0000] {subprocess.py:106} INFO - ic| file: 'pymp-qq7cxjps'
[2025-01-28T16:12:13.975+0000] {subprocess.py:106} INFO - ic| file: 'hsperfdata_root'
[2025-01-28T16:12:18.973+0000] {subprocess.py:106} INFO - ic| file: '***tmpfqxw8bcn'
[2025-01-28T16:12:18.975+0000] {subprocess.py:106} INFO - ic| file: 'pymp-qq7cxjps'
[2025-01-28T16:12:18.977+0000] {subprocess.py:106} INFO - ic| file: 'hsperfdata_root'
[2025-01-28T16:12:23.976+0000] {subprocess.py:106} INFO - ic| file: '***tmpfqxw8bcn'
[2025-01-28T16:12:23.978+0000] {subprocess.py:106} INFO - ic| file: 'pymp-qq7cxjps'
[2025-01-28T16:12:23.981+0000] {subprocess.py:106} INFO - ic| file: 'hsperfdata_root'
[2025-01-28T16:12:28.977+0000] {subprocess.py:106} INFO - ic| file: '***tmpfqxw8bcn'
[2025-01-28T16:12:28.980+0000] {subprocess.py:106} INFO - ic| file: 'pymp-qq7cxjps'
[2025-01-28T16:12:28.982+0000] {subprocess.py:106} INFO - ic| file: 'hsperfdata_root'
[2025-01-28T16:12:33.980+0000] {subprocess.py:106} INFO - ic| file: '***tmpfqxw8bcn'
[2025-01-28T16:12:33.981+0000] {subprocess.py:106} INFO - ic| file: 'pymp-qq7cxjps'
[2025-01-28T16:12:33.982+0000] {subprocess.py:106} INFO - ic| file: 'hsperfdata_root'
[2025-01-28T16:12:38.982+0000] {subprocess.py:106} INFO - ic| file: '***tmpfqxw8bcn'
[2025-01-28T16:12:38.983+0000] {subprocess.py:106} INFO - ic| file: 'pymp-qq7cxjps'
[2025-01-28T16:12:38.985+0000] {subprocess.py:106} INFO - ic| file: 'hsperfdata_root'
[2025-01-28T16:12:43.984+0000] {subprocess.py:106} INFO - ic| file: '***tmpfqxw8bcn'
[2025-01-28T16:12:43.985+0000] {subprocess.py:106} INFO - ic| file: 'pymp-qq7cxjps'
[2025-01-28T16:12:43.986+0000] {subprocess.py:106} INFO - ic| file: 'hsperfdata_root'
[2025-01-28T16:12:48.986+0000] {subprocess.py:106} INFO - ic| file: '***tmpfqxw8bcn'
[2025-01-28T16:12:48.987+0000] {subprocess.py:106} INFO - ic| file: 'pymp-qq7cxjps'
[2025-01-28T16:12:48.989+0000] {subprocess.py:106} INFO - ic| file: 'hsperfdata_root'
[2025-01-28T16:12:53.988+0000] {subprocess.py:106} INFO - ic| file: '***tmpfqxw8bcn'
[2025-01-28T16:12:53.990+0000] {subprocess.py:106} INFO - ic| file: 'pymp-qq7cxjps'
[2025-01-28T16:12:53.992+0000] {subprocess.py:106} INFO - ic| file: 'hsperfdata_root'
[2025-01-28T16:12:58.992+0000] {subprocess.py:106} INFO - ic| file: '***tmpfqxw8bcn'
[2025-01-28T16:12:58.994+0000] {subprocess.py:106} INFO - ic| file: 'pymp-qq7cxjps'
[2025-01-28T16:12:58.997+0000] {subprocess.py:106} INFO - ic| file: 'hsperfdata_root'
[2025-01-28T16:13:03.995+0000] {subprocess.py:106} INFO - ic| file: '***tmpfqxw8bcn'
[2025-01-28T16:13:03.996+0000] {subprocess.py:106} INFO - ic| file: 'pymp-qq7cxjps'
[2025-01-28T16:13:03.997+0000] {subprocess.py:106} INFO - ic| file: 'hsperfdata_root'
[2025-01-28T16:13:08.997+0000] {subprocess.py:106} INFO - ic| file: '***tmpfqxw8bcn'
[2025-01-28T16:13:09.026+0000] {subprocess.py:106} INFO - ic| file: 'pymp-qq7cxjps'
[2025-01-28T16:13:09.027+0000] {subprocess.py:106} INFO - ic| file: 'hsperfdata_root'
[2025-01-28T16:13:14.000+0000] {subprocess.py:106} INFO - ic| file: '***tmpfqxw8bcn'
[2025-01-28T16:13:14.001+0000] {subprocess.py:106} INFO - ic| file: 'pymp-qq7cxjps'
[2025-01-28T16:13:14.002+0000] {subprocess.py:106} INFO - ic| file: 'hsperfdata_root'
[2025-01-28T16:13:19.002+0000] {subprocess.py:106} INFO - ic| file: '***tmpfqxw8bcn'
[2025-01-28T16:13:19.003+0000] {subprocess.py:106} INFO - ic| file: 'pymp-qq7cxjps'
[2025-01-28T16:13:19.005+0000] {subprocess.py:106} INFO - ic| file: 'hsperfdata_root'
[2025-01-28T16:13:24.004+0000] {subprocess.py:106} INFO - ic| file: '***tmpfqxw8bcn'
[2025-01-28T16:13:24.005+0000] {subprocess.py:106} INFO - ic| file: 'pymp-qq7cxjps'
[2025-01-28T16:13:24.006+0000] {subprocess.py:106} INFO - ic| file: 'hsperfdata_root'
[2025-01-28T16:13:29.007+0000] {subprocess.py:106} INFO - ic| file: '***tmpfqxw8bcn'
[2025-01-28T16:13:29.010+0000] {subprocess.py:106} INFO - ic| file: 'pymp-qq7cxjps'
[2025-01-28T16:13:29.012+0000] {subprocess.py:106} INFO - ic| file: 'hsperfdata_root'
[2025-01-28T16:13:34.010+0000] {subprocess.py:106} INFO - ic| file: '***tmpfqxw8bcn'
[2025-01-28T16:13:34.011+0000] {subprocess.py:106} INFO - ic| file: 'pymp-qq7cxjps'
[2025-01-28T16:13:34.013+0000] {subprocess.py:106} INFO - ic| file: 'hsperfdata_root'
[2025-01-28T16:13:39.013+0000] {subprocess.py:106} INFO - ic| file: '***tmpfqxw8bcn'
[2025-01-28T16:13:39.016+0000] {subprocess.py:106} INFO - ic| file: 'pymp-qq7cxjps'
[2025-01-28T16:13:39.019+0000] {subprocess.py:106} INFO - ic| file: 'hsperfdata_root'
[2025-01-28T16:13:44.016+0000] {subprocess.py:106} INFO - ic| file: '***tmpfqxw8bcn'
[2025-01-28T16:13:44.018+0000] {subprocess.py:106} INFO - ic| file: 'pymp-qq7cxjps'
[2025-01-28T16:13:44.022+0000] {subprocess.py:106} INFO - ic| file: 'hsperfdata_root'
[2025-01-28T16:13:49.019+0000] {subprocess.py:106} INFO - ic| file: '***tmpfqxw8bcn'
[2025-01-28T16:13:49.021+0000] {subprocess.py:106} INFO - ic| file: 'pymp-qq7cxjps'
[2025-01-28T16:13:49.022+0000] {subprocess.py:106} INFO - ic| file: 'hsperfdata_root'
[2025-01-28T16:13:54.021+0000] {subprocess.py:106} INFO - ic| file: '***tmpfqxw8bcn'
[2025-01-28T16:13:54.023+0000] {subprocess.py:106} INFO - ic| file: 'pymp-qq7cxjps'
[2025-01-28T16:13:54.026+0000] {subprocess.py:106} INFO - ic| file: 'hsperfdata_root'
[2025-01-28T16:13:59.026+0000] {subprocess.py:106} INFO - ic| file: '***tmpfqxw8bcn'
[2025-01-28T16:13:59.028+0000] {subprocess.py:106} INFO - ic| file: 'pymp-qq7cxjps'
[2025-01-28T16:13:59.029+0000] {subprocess.py:106} INFO - ic| file: 'hsperfdata_root'
[2025-01-28T16:14:04.028+0000] {subprocess.py:106} INFO - ic| file: '***tmpfqxw8bcn'
[2025-01-28T16:14:04.029+0000] {subprocess.py:106} INFO - ic| file: 'pymp-qq7cxjps'
[2025-01-28T16:14:04.031+0000] {subprocess.py:106} INFO - ic| file: 'hsperfdata_root'
[2025-01-28T16:14:09.032+0000] {subprocess.py:106} INFO - ic| file: '***tmpfqxw8bcn'
[2025-01-28T16:14:09.035+0000] {subprocess.py:106} INFO - ic| file: 'pymp-qq7cxjps'
[2025-01-28T16:14:09.037+0000] {subprocess.py:106} INFO - ic| file: 'hsperfdata_root'
[2025-01-28T16:14:14.035+0000] {subprocess.py:106} INFO - ic| file: '***tmpfqxw8bcn'
[2025-01-28T16:14:14.037+0000] {subprocess.py:106} INFO - ic| file: 'pymp-qq7cxjps'
[2025-01-28T16:14:14.039+0000] {subprocess.py:106} INFO - ic| file: 'hsperfdata_root'
[2025-01-28T16:14:19.039+0000] {subprocess.py:106} INFO - ic| file: '***tmpfqxw8bcn'
[2025-01-28T16:14:19.040+0000] {subprocess.py:106} INFO - ic| file: 'pymp-qq7cxjps'
[2025-01-28T16:14:19.042+0000] {subprocess.py:106} INFO - ic| file: 'hsperfdata_root'
[2025-01-28T16:14:24.040+0000] {subprocess.py:106} INFO - ic| file: '***tmpfqxw8bcn'
[2025-01-28T16:14:24.042+0000] {subprocess.py:106} INFO - ic| file: 'pymp-qq7cxjps'
[2025-01-28T16:14:24.044+0000] {subprocess.py:106} INFO - ic| file: 'hsperfdata_root'
[2025-01-28T16:14:29.046+0000] {subprocess.py:106} INFO - ic| file: '***tmpfqxw8bcn'
[2025-01-28T16:14:29.048+0000] {subprocess.py:106} INFO - ic| file: 'pymp-qq7cxjps'
[2025-01-28T16:14:29.051+0000] {subprocess.py:106} INFO - ic| file: 'hsperfdata_root'
[2025-01-28T16:14:34.049+0000] {subprocess.py:106} INFO - ic| file: '***tmpfqxw8bcn'
[2025-01-28T16:14:34.051+0000] {subprocess.py:106} INFO - ic| file: 'pymp-qq7cxjps'
[2025-01-28T16:14:34.053+0000] {subprocess.py:106} INFO - ic| file: 'hsperfdata_root'
[2025-01-28T16:14:39.051+0000] {subprocess.py:106} INFO - ic| file: '***tmpfqxw8bcn'
[2025-01-28T16:14:39.053+0000] {subprocess.py:106} INFO - ic| file: 'pymp-qq7cxjps'
[2025-01-28T16:14:39.054+0000] {subprocess.py:106} INFO - ic| file: 'hsperfdata_root'
[2025-01-28T16:14:44.055+0000] {subprocess.py:106} INFO - ic| file: '***tmpfqxw8bcn'
[2025-01-28T16:14:44.057+0000] {subprocess.py:106} INFO - ic| file: 'pymp-qq7cxjps'
[2025-01-28T16:14:44.059+0000] {subprocess.py:106} INFO - ic| file: 'hsperfdata_root'
[2025-01-28T16:14:49.057+0000] {subprocess.py:106} INFO - ic| file: '***tmpfqxw8bcn'
[2025-01-28T16:14:49.059+0000] {subprocess.py:106} INFO - ic| file: 'pymp-qq7cxjps'
[2025-01-28T16:14:49.059+0000] {subprocess.py:106} INFO - ic| file: 'hsperfdata_root'
[2025-01-28T16:14:54.059+0000] {subprocess.py:106} INFO - ic| file: '***tmpfqxw8bcn'
[2025-01-28T16:14:54.060+0000] {subprocess.py:106} INFO - ic| file: 'pymp-qq7cxjps'
[2025-01-28T16:14:54.061+0000] {subprocess.py:106} INFO - ic| file: 'hsperfdata_root'
[2025-01-28T16:14:59.063+0000] {subprocess.py:106} INFO - ic| file: '***tmpfqxw8bcn'
[2025-01-28T16:14:59.064+0000] {subprocess.py:106} INFO - ic| file: 'pymp-qq7cxjps'
[2025-01-28T16:14:59.065+0000] {subprocess.py:106} INFO - ic| file: 'hsperfdata_root'
[2025-01-28T16:15:04.066+0000] {subprocess.py:106} INFO - ic| file: '***tmpfqxw8bcn'
[2025-01-28T16:15:04.068+0000] {subprocess.py:106} INFO - ic| file: 'pymp-qq7cxjps'
[2025-01-28T16:15:04.069+0000] {subprocess.py:106} INFO - ic| file: 'hsperfdata_root'
[2025-01-28T16:15:09.069+0000] {subprocess.py:106} INFO - ic| file: '***tmpfqxw8bcn'
[2025-01-28T16:15:09.071+0000] {subprocess.py:106} INFO - ic| file: 'pymp-qq7cxjps'
[2025-01-28T16:15:09.073+0000] {subprocess.py:106} INFO - ic| file: 'hsperfdata_root'
[2025-01-28T16:15:14.073+0000] {subprocess.py:106} INFO - ic| file: '***tmpfqxw8bcn'
[2025-01-28T16:15:14.074+0000] {subprocess.py:106} INFO - ic| file: 'pymp-qq7cxjps'
[2025-01-28T16:15:14.076+0000] {subprocess.py:106} INFO - ic| file: 'hsperfdata_root'
[2025-01-28T16:15:19.074+0000] {subprocess.py:106} INFO - ic| file: '***tmpfqxw8bcn'
[2025-01-28T16:15:19.076+0000] {subprocess.py:106} INFO - ic| file: 'pymp-qq7cxjps'
[2025-01-28T16:15:19.078+0000] {subprocess.py:106} INFO - ic| file: 'hsperfdata_root'
[2025-01-28T16:15:24.076+0000] {subprocess.py:106} INFO - ic| file: '***tmpfqxw8bcn'
[2025-01-28T16:15:24.079+0000] {subprocess.py:106} INFO - ic| file: 'pymp-qq7cxjps'
[2025-01-28T16:15:24.080+0000] {subprocess.py:106} INFO - ic| file: 'hsperfdata_root'
[2025-01-28T16:15:29.080+0000] {subprocess.py:106} INFO - ic| file: '***tmpfqxw8bcn'
[2025-01-28T16:15:29.081+0000] {subprocess.py:106} INFO - ic| file: 'pymp-qq7cxjps'
[2025-01-28T16:15:29.082+0000] {subprocess.py:106} INFO - ic| file: 'hsperfdata_root'
[2025-01-28T16:15:34.082+0000] {subprocess.py:106} INFO - ic| file: '***tmpfqxw8bcn'
[2025-01-28T16:15:34.084+0000] {subprocess.py:106} INFO - ic| file: 'pymp-qq7cxjps'
[2025-01-28T16:15:34.085+0000] {subprocess.py:106} INFO - ic| file: 'hsperfdata_root'
[2025-01-28T16:15:39.084+0000] {subprocess.py:106} INFO - ic| file: '***tmpfqxw8bcn'
[2025-01-28T16:15:39.085+0000] {subprocess.py:106} INFO - ic| file: 'pymp-qq7cxjps'
[2025-01-28T16:15:39.086+0000] {subprocess.py:106} INFO - ic| file: 'hsperfdata_root'
[2025-01-28T16:15:44.086+0000] {subprocess.py:106} INFO - ic| file: '***tmpfqxw8bcn'
[2025-01-28T16:15:44.087+0000] {subprocess.py:106} INFO - ic| file: 'pymp-qq7cxjps'
[2025-01-28T16:15:44.088+0000] {subprocess.py:106} INFO - ic| file: 'hsperfdata_root'
[2025-01-28T16:15:49.088+0000] {subprocess.py:106} INFO - ic| file: '***tmpfqxw8bcn'
[2025-01-28T16:15:49.092+0000] {subprocess.py:106} INFO - ic| file: 'pymp-qq7cxjps'
[2025-01-28T16:15:49.093+0000] {subprocess.py:106} INFO - ic| file: 'hsperfdata_root'
[2025-01-28T16:15:54.090+0000] {subprocess.py:106} INFO - ic| file: '***tmpfqxw8bcn'
[2025-01-28T16:15:54.091+0000] {subprocess.py:106} INFO - ic| file: 'pymp-qq7cxjps'
[2025-01-28T16:15:54.092+0000] {subprocess.py:106} INFO - ic| file: 'hsperfdata_root'
[2025-01-28T16:15:59.094+0000] {subprocess.py:106} INFO - ic| file: '***tmpfqxw8bcn'
[2025-01-28T16:15:59.095+0000] {subprocess.py:106} INFO - ic| file: 'pymp-qq7cxjps'
[2025-01-28T16:15:59.096+0000] {subprocess.py:106} INFO - ic| file: 'hsperfdata_root'
[2025-01-28T16:16:04.096+0000] {subprocess.py:106} INFO - ic| file: '***tmpfqxw8bcn'
[2025-01-28T16:16:04.097+0000] {subprocess.py:106} INFO - ic| file: 'pymp-qq7cxjps'
[2025-01-28T16:16:04.098+0000] {subprocess.py:106} INFO - ic| file: 'hsperfdata_root'
[2025-01-28T16:16:09.098+0000] {subprocess.py:106} INFO - ic| file: '***tmpfqxw8bcn'
[2025-01-28T16:16:09.100+0000] {subprocess.py:106} INFO - ic| file: 'pymp-qq7cxjps'
[2025-01-28T16:16:09.102+0000] {subprocess.py:106} INFO - ic| file: 'hsperfdata_root'
[2025-01-28T16:16:14.100+0000] {subprocess.py:106} INFO - ic| file: '***tmpfqxw8bcn'
[2025-01-28T16:16:14.101+0000] {subprocess.py:106} INFO - ic| file: 'pymp-qq7cxjps'
[2025-01-28T16:16:14.102+0000] {subprocess.py:106} INFO - ic| file: 'hsperfdata_root'
[2025-01-28T16:16:19.102+0000] {subprocess.py:106} INFO - ic| file: '***tmpfqxw8bcn'
[2025-01-28T16:16:19.104+0000] {subprocess.py:106} INFO - ic| file: 'pymp-qq7cxjps'
[2025-01-28T16:16:19.106+0000] {subprocess.py:106} INFO - ic| file: 'hsperfdata_root'
[2025-01-28T16:16:24.105+0000] {subprocess.py:106} INFO - ic| file: '***tmpfqxw8bcn'
[2025-01-28T16:16:24.107+0000] {subprocess.py:106} INFO - ic| file: 'pymp-qq7cxjps'
[2025-01-28T16:16:24.108+0000] {subprocess.py:106} INFO - ic| file: 'hsperfdata_root'
[2025-01-28T16:16:29.110+0000] {subprocess.py:106} INFO - ic| file: '***tmpfqxw8bcn'
[2025-01-28T16:16:29.112+0000] {subprocess.py:106} INFO - ic| file: 'pymp-qq7cxjps'
[2025-01-28T16:16:29.114+0000] {subprocess.py:106} INFO - ic| file: 'hsperfdata_root'
[2025-01-28T16:16:34.113+0000] {subprocess.py:106} INFO - ic| file: '***tmpfqxw8bcn'
[2025-01-28T16:16:34.115+0000] {subprocess.py:106} INFO - ic| file: 'pymp-qq7cxjps'
[2025-01-28T16:16:34.116+0000] {subprocess.py:106} INFO - ic| file: 'hsperfdata_root'
[2025-01-28T16:16:39.116+0000] {subprocess.py:106} INFO - ic| file: '***tmpfqxw8bcn'
[2025-01-28T16:16:39.117+0000] {subprocess.py:106} INFO - ic| file: 'pymp-qq7cxjps'
[2025-01-28T16:16:39.119+0000] {subprocess.py:106} INFO - ic| file: 'hsperfdata_root'
[2025-01-28T16:16:44.117+0000] {subprocess.py:106} INFO - ic| file: '***tmpfqxw8bcn'
[2025-01-28T16:16:44.119+0000] {subprocess.py:106} INFO - ic| file: 'pymp-qq7cxjps'
[2025-01-28T16:16:44.120+0000] {subprocess.py:106} INFO - ic| file: 'hsperfdata_root'
[2025-01-28T16:16:49.120+0000] {subprocess.py:106} INFO - ic| file: '***tmpfqxw8bcn'
[2025-01-28T16:16:49.121+0000] {subprocess.py:106} INFO - ic| file: 'pymp-qq7cxjps'
[2025-01-28T16:16:49.123+0000] {subprocess.py:106} INFO - ic| file: 'hsperfdata_root'
[2025-01-28T16:16:54.122+0000] {subprocess.py:106} INFO - ic| file: '***tmpfqxw8bcn'
[2025-01-28T16:16:54.123+0000] {subprocess.py:106} INFO - ic| file: 'pymp-qq7cxjps'
[2025-01-28T16:16:54.124+0000] {subprocess.py:106} INFO - ic| file: 'hsperfdata_root'
[2025-01-28T16:16:59.126+0000] {subprocess.py:106} INFO - ic| file: '***tmpfqxw8bcn'
[2025-01-28T16:16:59.127+0000] {subprocess.py:106} INFO - ic| file: 'pymp-qq7cxjps'
[2025-01-28T16:16:59.128+0000] {subprocess.py:106} INFO - ic| file: 'hsperfdata_root'
[2025-01-28T16:17:04.127+0000] {subprocess.py:106} INFO - ic| file: '***tmpfqxw8bcn'
[2025-01-28T16:17:04.129+0000] {subprocess.py:106} INFO - ic| file: 'pymp-qq7cxjps'
[2025-01-28T16:17:04.130+0000] {subprocess.py:106} INFO - ic| file: 'hsperfdata_root'
[2025-01-28T16:17:09.141+0000] {subprocess.py:106} INFO - ic| file: '***tmpfqxw8bcn'
[2025-01-28T16:17:09.142+0000] {subprocess.py:106} INFO - ic| file: 'pymp-qq7cxjps'
[2025-01-28T16:17:09.143+0000] {subprocess.py:106} INFO - ic| file: 'hsperfdata_root'
[2025-01-28T16:17:14.142+0000] {subprocess.py:106} INFO - ic| file: '***tmpfqxw8bcn'
[2025-01-28T16:17:14.144+0000] {subprocess.py:106} INFO - ic| file: 'pymp-qq7cxjps'
[2025-01-28T16:17:14.145+0000] {subprocess.py:106} INFO - ic| file: 'hsperfdata_root'
[2025-01-28T16:17:19.145+0000] {subprocess.py:106} INFO - ic| file: '***tmpfqxw8bcn'
[2025-01-28T16:17:19.146+0000] {subprocess.py:106} INFO - ic| file: 'pymp-qq7cxjps'
[2025-01-28T16:17:19.147+0000] {subprocess.py:106} INFO - ic| file: 'hsperfdata_root'
[2025-01-28T16:17:24.147+0000] {subprocess.py:106} INFO - ic| file: '***tmpfqxw8bcn'
[2025-01-28T16:17:24.150+0000] {subprocess.py:106} INFO - ic| file: 'pymp-qq7cxjps'
[2025-01-28T16:17:24.152+0000] {subprocess.py:106} INFO - ic| file: 'hsperfdata_root'
[2025-01-28T16:17:29.152+0000] {subprocess.py:106} INFO - ic| file: '***tmpfqxw8bcn'
[2025-01-28T16:17:29.153+0000] {subprocess.py:106} INFO - ic| file: 'pymp-qq7cxjps'
[2025-01-28T16:17:29.154+0000] {subprocess.py:106} INFO - ic| file: 'hsperfdata_root'
[2025-01-28T16:17:34.154+0000] {subprocess.py:106} INFO - ic| file: '***tmpfqxw8bcn'
[2025-01-28T16:17:34.156+0000] {subprocess.py:106} INFO - ic| file: 'pymp-qq7cxjps'
[2025-01-28T16:17:34.158+0000] {subprocess.py:106} INFO - ic| file: 'hsperfdata_root'
[2025-01-28T16:17:39.156+0000] {subprocess.py:106} INFO - ic| file: '***tmpfqxw8bcn'
[2025-01-28T16:17:39.157+0000] {subprocess.py:106} INFO - ic| file: 'pymp-qq7cxjps'
[2025-01-28T16:17:39.158+0000] {subprocess.py:106} INFO - ic| file: 'hsperfdata_root'
[2025-01-28T16:17:44.158+0000] {subprocess.py:106} INFO - ic| file: '***tmpfqxw8bcn'
[2025-01-28T16:17:44.160+0000] {subprocess.py:106} INFO - ic| file: 'pymp-qq7cxjps'
[2025-01-28T16:17:44.161+0000] {subprocess.py:106} INFO - ic| file: 'hsperfdata_root'
[2025-01-28T16:17:49.160+0000] {subprocess.py:106} INFO - ic| file: '***tmpfqxw8bcn'
[2025-01-28T16:17:49.161+0000] {subprocess.py:106} INFO - ic| file: 'pymp-qq7cxjps'
[2025-01-28T16:17:49.162+0000] {subprocess.py:106} INFO - ic| file: 'hsperfdata_root'
[2025-01-28T16:17:54.162+0000] {subprocess.py:106} INFO - ic| file: '***tmpfqxw8bcn'
[2025-01-28T16:17:54.163+0000] {subprocess.py:106} INFO - ic| file: 'pymp-qq7cxjps'
[2025-01-28T16:17:54.164+0000] {subprocess.py:106} INFO - ic| file: 'hsperfdata_root'
[2025-01-28T16:17:59.166+0000] {subprocess.py:106} INFO - ic| file: '***tmpfqxw8bcn'
[2025-01-28T16:17:59.167+0000] {subprocess.py:106} INFO - ic| file: 'pymp-qq7cxjps'
[2025-01-28T16:17:59.169+0000] {subprocess.py:106} INFO - ic| file: 'hsperfdata_root'
[2025-01-28T16:18:04.167+0000] {subprocess.py:106} INFO - ic| file: '***tmpfqxw8bcn'
[2025-01-28T16:18:04.169+0000] {subprocess.py:106} INFO - ic| file: 'pymp-qq7cxjps'
[2025-01-28T16:18:04.170+0000] {subprocess.py:106} INFO - ic| file: 'hsperfdata_root'
[2025-01-28T16:18:09.170+0000] {subprocess.py:106} INFO - ic| file: '***tmpfqxw8bcn'
[2025-01-28T16:18:09.173+0000] {subprocess.py:106} INFO - ic| file: 'pymp-qq7cxjps'
[2025-01-28T16:18:09.175+0000] {subprocess.py:106} INFO - ic| file: 'hsperfdata_root'
[2025-01-28T16:18:14.174+0000] {subprocess.py:106} INFO - ic| file: '***tmpfqxw8bcn'
[2025-01-28T16:18:14.176+0000] {subprocess.py:106} INFO - ic| file: 'pymp-qq7cxjps'
[2025-01-28T16:18:14.178+0000] {subprocess.py:106} INFO - ic| file: 'hsperfdata_root'
[2025-01-28T16:18:15.252+0000] {local_task_job_runner.py:346} WARNING - State of this instance has been externally set to restarting. Terminating instance.
[2025-01-28T16:18:15.256+0000] {local_task_job_runner.py:245} INFO - ::endgroup::
[2025-01-28T16:18:15.264+0000] {process_utils.py:132} INFO - Sending 15 to group 336. PIDs of all processes in the group: [338, 336]
[2025-01-28T16:18:15.266+0000] {process_utils.py:87} INFO - Sending the signal 15 to group 336
[2025-01-28T16:18:15.269+0000] {taskinstance.py:3093} ERROR - Received SIGTERM. Terminating subprocesses.
[2025-01-28T16:18:15.271+0000] {subprocess.py:117} INFO - Sending SIGTERM signal to process group
[2025-01-28T16:18:15.311+0000] {taskinstance.py:3311} ERROR - Task failed with exception
Traceback (most recent call last):
  File "/home/airflow/.local/lib/python3.12/site-packages/airflow/models/taskinstance.py", line 767, in _execute_task
    result = _execute_callable(context=context, **execute_callable_kwargs)
             ^^^^^^^^^^^^^^^^^^^^^^^^^^^^^^^^^^^^^^^^^^^^^^^^^^^^^^^^^^^^^
  File "/home/airflow/.local/lib/python3.12/site-packages/airflow/models/taskinstance.py", line 733, in _execute_callable
    return ExecutionCallableRunner(
           ^^^^^^^^^^^^^^^^^^^^^^^^
  File "/home/airflow/.local/lib/python3.12/site-packages/airflow/utils/operator_helpers.py", line 252, in run
    return self.func(*args, **kwargs)
           ^^^^^^^^^^^^^^^^^^^^^^^^^^
  File "/home/airflow/.local/lib/python3.12/site-packages/airflow/models/baseoperator.py", line 422, in wrapper
    return func(self, *args, **kwargs)
           ^^^^^^^^^^^^^^^^^^^^^^^^^^^
  File "/home/airflow/.local/lib/python3.12/site-packages/airflow/operators/bash.py", line 257, in execute
    result = self._run_inline_command(bash_path=bash_path, env=env)
             ^^^^^^^^^^^^^^^^^^^^^^^^^^^^^^^^^^^^^^^^^^^^^^^^^^^^^^
  File "/home/airflow/.local/lib/python3.12/site-packages/airflow/operators/bash.py", line 284, in _run_inline_command
    return self.subprocess_hook.run_command(
           ^^^^^^^^^^^^^^^^^^^^^^^^^^^^^^^^^
  File "/home/airflow/.local/lib/python3.12/site-packages/airflow/hooks/subprocess.py", line 104, in run_command
    for raw_line in iter(self.sub_process.stdout.readline, b""):
                    ^^^^^^^^^^^^^^^^^^^^^^^^^^^^^^^^^^^^^^^^^^^
  File "/home/airflow/.local/lib/python3.12/site-packages/airflow/models/taskinstance.py", line 3095, in signal_handler
    raise AirflowTaskTerminated("Task received SIGTERM signal")
airflow.exceptions.AirflowTaskTerminated: Task received SIGTERM signal
[2025-01-28T16:18:15.332+0000] {taskinstance.py:1225} INFO - Marking task as UP_FOR_RETRY. dag_id=etl_reporte_como_vamos, task_id=task_bot_como_vamos, run_id=manual__2025-01-28T16:03:25.356808+00:00, execution_date=20250128T160325, start_date=20250128T160337, end_date=20250128T161815
[2025-01-28T16:18:15.369+0000] {taskinstance.py:340} INFO - ::group::Post task execution logs
[2025-01-28T16:18:15.409+0000] {process_utils.py:80} INFO - Process psutil.Process(pid=336, status='terminated', exitcode=2, started='16:03:36') (336) terminated with exit code 2
[2025-01-28T16:18:15.411+0000] {process_utils.py:80} INFO - Process psutil.Process(pid=338, status='terminated', started='16:03:37') (338) terminated with exit code None
