[2025-02-14T06:32:18.590-0500] {local_task_job_runner.py:123} INFO - ::group::Pre task execution logs
[2025-02-14T06:32:18.610-0500] {taskinstance.py:2613} INFO - Dependencies all met for dep_context=non-requeueable deps ti=<TaskInstance: etl_reporte_como_vamos.etl_cdc scheduled__2025-02-13T11:30:00+00:00 [queued]>
[2025-02-14T06:32:18.622-0500] {taskinstance.py:2613} INFO - Dependencies all met for dep_context=requeueable deps ti=<TaskInstance: etl_reporte_como_vamos.etl_cdc scheduled__2025-02-13T11:30:00+00:00 [queued]>
[2025-02-14T06:32:18.623-0500] {taskinstance.py:2866} INFO - Starting attempt 1 of 4
[2025-02-14T06:32:18.642-0500] {taskinstance.py:2889} INFO - Executing <Task(BashOperator): etl_cdc> on 2025-02-13 11:30:00+00:00
[2025-02-14T06:32:18.650-0500] {warnings.py:112} WARNING - /home/***/.local/lib/python3.12/site-packages/***/task/task_runner/standard_task_runner.py:70: DeprecationWarning: This process (pid=61395) is multi-threaded, use of fork() may lead to deadlocks in the child.
  pid = os.fork()

[2025-02-14T06:32:18.652-0500] {standard_task_runner.py:72} INFO - Started process 61397 to run task
[2025-02-14T06:32:18.652-0500] {standard_task_runner.py:104} INFO - Running: ['***', 'tasks', 'run', 'etl_reporte_como_vamos', 'etl_cdc', 'scheduled__2025-02-13T11:30:00+00:00', '--job-id', '123', '--raw', '--subdir', 'DAGS_FOLDER/etl_como_vamos_dag.py', '--cfg-path', '/tmp/tmp7gi4w6v0']
[2025-02-14T06:32:18.654-0500] {standard_task_runner.py:105} INFO - Job 123: Subtask etl_cdc
[2025-02-14T06:32:18.707-0500] {task_command.py:467} INFO - Running <TaskInstance: etl_reporte_como_vamos.etl_cdc scheduled__2025-02-13T11:30:00+00:00 [running]> on host 21f1c1b48730
[2025-02-14T06:32:18.795-0500] {taskinstance.py:3132} INFO - Exporting env vars: AIRFLOW_CTX_DAG_OWNER='***' AIRFLOW_CTX_DAG_ID='etl_reporte_como_vamos' AIRFLOW_CTX_TASK_ID='etl_cdc' AIRFLOW_CTX_EXECUTION_DATE='2025-02-13T11:30:00+00:00' AIRFLOW_CTX_TRY_NUMBER='1' AIRFLOW_CTX_DAG_RUN_ID='scheduled__2025-02-13T11:30:00+00:00'
[2025-02-14T06:32:18.796-0500] {taskinstance.py:731} INFO - ::endgroup::
[2025-02-14T06:32:18.810-0500] {subprocess.py:78} INFO - Tmp dir root location: /tmp
[2025-02-14T06:32:18.812-0500] {subprocess.py:88} INFO - Running command: ['/usr/bin/bash', '-c', 'python /opt/***/scripts/etl_cdc.py']
[2025-02-14T06:32:18.824-0500] {subprocess.py:99} INFO - Output:
[2025-02-14T06:32:27.449-0500] {subprocess.py:106} INFO -      incrementador               nombre_cliente  ... duplicado motivo_duplicado
[2025-02-14T06:32:27.450-0500] {subprocess.py:106} INFO - 0            11214  COLOMBIANA DE COMERCIO S.A.  ...
[2025-02-14T06:32:27.451-0500] {subprocess.py:106} INFO - 1            11115  COLOMBIANA DE COMERCIO S.A.  ...
[2025-02-14T06:32:27.451-0500] {subprocess.py:106} INFO - 2            11116  COLOMBIANA DE COMERCIO S.A.  ...
[2025-02-14T06:32:27.452-0500] {subprocess.py:106} INFO - 3            11117  COLOMBIANA DE COMERCIO S.A.  ...
[2025-02-14T06:32:27.453-0500] {subprocess.py:106} INFO - 4            11118  COLOMBIANA DE COMERCIO S.A.  ...
[2025-02-14T06:32:27.453-0500] {subprocess.py:106} INFO - ..             ...                          ...  ...       ...              ...
[2025-02-14T06:32:27.454-0500] {subprocess.py:106} INFO - 284          11425  COLOMBIANA DE COMERCIO S.A.  ...
[2025-02-14T06:32:27.454-0500] {subprocess.py:106} INFO - 285          11426  COLOMBIANA DE COMERCIO S.A.  ...
[2025-02-14T06:32:27.455-0500] {subprocess.py:106} INFO - 286          11427  COLOMBIANA DE COMERCIO S.A.  ...
[2025-02-14T06:32:27.456-0500] {subprocess.py:106} INFO - 287          11428  COLOMBIANA DE COMERCIO S.A.  ...
[2025-02-14T06:32:27.456-0500] {subprocess.py:106} INFO - 288          11429  COLOMBIANA DE COMERCIO S.A.  ...
[2025-02-14T06:32:27.457-0500] {subprocess.py:106} INFO - 
[2025-02-14T06:32:27.457-0500] {subprocess.py:106} INFO - [289 rows x 60 columns]
[2025-02-14T06:32:27.457-0500] {subprocess.py:106} INFO -                  nombre_cliente    id_caso  ... duplicado motivo_duplicado
[2025-02-14T06:32:27.458-0500] {subprocess.py:106} INFO - 0   COLOMBIANA DE COMERCIO S.A.  RF1866240  ...
[2025-02-14T06:32:27.459-0500] {subprocess.py:106} INFO - 1   COLOMBIANA DE COMERCIO S.A.  RF1866234  ...
[2025-02-14T06:32:27.459-0500] {subprocess.py:106} INFO - 2   COLOMBIANA DE COMERCIO S.A.  RF1866226  ...
[2025-02-14T06:32:27.459-0500] {subprocess.py:106} INFO - 3   COLOMBIANA DE COMERCIO S.A.  IM3062024  ...
[2025-02-14T06:32:27.460-0500] {subprocess.py:106} INFO - 4   COLOMBIANA DE COMERCIO S.A.  IM3062024  ...
[2025-02-14T06:32:27.460-0500] {subprocess.py:106} INFO - 5   COLOMBIANA DE COMERCIO S.A.  RF1866739  ...
[2025-02-14T06:32:27.461-0500] {subprocess.py:106} INFO - 6   COLOMBIANA DE COMERCIO S.A.  RF1866738  ...
[2025-02-14T06:32:27.461-0500] {subprocess.py:106} INFO - 7   COLOMBIANA DE COMERCIO S.A.  RF1866737  ...
[2025-02-14T06:32:27.462-0500] {subprocess.py:106} INFO - 8   COLOMBIANA DE COMERCIO S.A.  RF1866736  ...
[2025-02-14T06:32:27.462-0500] {subprocess.py:106} INFO - 9   COLOMBIANA DE COMERCIO S.A.  RF1866735  ...
[2025-02-14T06:32:27.463-0500] {subprocess.py:106} INFO - 10  COLOMBIANA DE COMERCIO S.A.  RF1866753  ...
[2025-02-14T06:32:27.463-0500] {subprocess.py:106} INFO - 11  COLOMBIANA DE COMERCIO S.A.  RF1866734  ...
[2025-02-14T06:32:27.464-0500] {subprocess.py:106} INFO - 12  COLOMBIANA DE COMERCIO S.A.  RF1866733  ...
[2025-02-14T06:32:27.464-0500] {subprocess.py:106} INFO - 13  COLOMBIANA DE COMERCIO S.A.  RF1866727  ...
[2025-02-14T06:32:27.465-0500] {subprocess.py:106} INFO - 14  COLOMBIANA DE COMERCIO S.A.  RF1866726  ...
[2025-02-14T06:32:27.465-0500] {subprocess.py:106} INFO - 15  COLOMBIANA DE COMERCIO S.A.  RF1866747  ...
[2025-02-14T06:32:27.466-0500] {subprocess.py:106} INFO - 16  COLOMBIANA DE COMERCIO S.A.  IM3061798  ...
[2025-02-14T06:32:27.466-0500] {subprocess.py:106} INFO - 17  COLOMBIANA DE COMERCIO S.A.  IM3062080  ...
[2025-02-14T06:32:27.467-0500] {subprocess.py:106} INFO - 18  COLOMBIANA DE COMERCIO S.A.  IM3061159  ...
[2025-02-14T06:32:27.467-0500] {subprocess.py:106} INFO - 19  COLOMBIANA DE COMERCIO S.A.  RF1867129  ...
[2025-02-14T06:32:27.468-0500] {subprocess.py:106} INFO - 20  COLOMBIANA DE COMERCIO S.A.  RF1866748  ...
[2025-02-14T06:32:27.468-0500] {subprocess.py:106} INFO - 21  COLOMBIANA DE COMERCIO S.A.  RF1866751  ...
[2025-02-14T06:32:27.469-0500] {subprocess.py:106} INFO - 22  COLOMBIANA DE COMERCIO S.A.  RF1866752  ...
[2025-02-14T06:32:27.469-0500] {subprocess.py:106} INFO - 23  COLOMBIANA DE COMERCIO S.A.  RF1866750  ...
[2025-02-14T06:32:27.469-0500] {subprocess.py:106} INFO - 24  COLOMBIANA DE COMERCIO S.A.  RF1866749  ...
[2025-02-14T06:32:27.470-0500] {subprocess.py:106} INFO - 25  COLOMBIANA DE COMERCIO S.A.  RF1867151  ...
[2025-02-14T06:32:27.470-0500] {subprocess.py:106} INFO - 26  COLOMBIANA DE COMERCIO S.A.  RF1865319  ...
[2025-02-14T06:32:27.471-0500] {subprocess.py:106} INFO - 27  COLOMBIANA DE COMERCIO S.A.  IM3058386  ...
[2025-02-14T06:32:27.471-0500] {subprocess.py:106} INFO - 28  COLOMBIANA DE COMERCIO S.A.  RF1864241  ...
[2025-02-14T06:32:27.472-0500] {subprocess.py:106} INFO - 29  COLOMBIANA DE COMERCIO S.A.  RF1864245  ...
[2025-02-14T06:32:27.472-0500] {subprocess.py:106} INFO - 
[2025-02-14T06:32:27.473-0500] {subprocess.py:106} INFO - [30 rows x 59 columns]
[2025-02-14T06:32:27.473-0500] {subprocess.py:106} INFO - 6 24 0
[2025-02-14T06:32:27.473-0500] {subprocess.py:106} INFO - Incidentes Cargados:  6
[2025-02-14T06:32:27.474-0500] {subprocess.py:106} INFO - Requerimientos Cargados:  24
[2025-02-14T06:32:27.474-0500] {subprocess.py:106} INFO - Ejecucion Exitosa
[2025-02-14T06:32:27.646-0500] {subprocess.py:110} INFO - Command exited with return code 0
[2025-02-14T06:32:27.672-0500] {taskinstance.py:340} INFO - ::group::Post task execution logs
[2025-02-14T06:32:27.673-0500] {taskinstance.py:352} INFO - Marking task as SUCCESS. dag_id=etl_reporte_como_vamos, task_id=etl_cdc, run_id=scheduled__2025-02-13T11:30:00+00:00, execution_date=20250213T113000, start_date=20250214T113218, end_date=20250214T113227
[2025-02-14T06:32:27.707-0500] {local_task_job_runner.py:266} INFO - Task exited with return code 0
[2025-02-14T06:32:27.727-0500] {taskinstance.py:3895} INFO - 0 downstream tasks scheduled from follow-on schedule check
[2025-02-14T06:32:27.730-0500] {local_task_job_runner.py:245} INFO - ::endgroup::
