[2025-02-10T06:32:16.212-0500] {local_task_job_runner.py:123} INFO - ::group::Pre task execution logs
[2025-02-10T06:32:16.232-0500] {taskinstance.py:2613} INFO - Dependencies all met for dep_context=non-requeueable deps ti=<TaskInstance: etl_reporte_como_vamos.bot_ex_bbva scheduled__2025-02-09T11:30:00+00:00 [queued]>
[2025-02-10T06:32:16.243-0500] {taskinstance.py:2613} INFO - Dependencies all met for dep_context=requeueable deps ti=<TaskInstance: etl_reporte_como_vamos.bot_ex_bbva scheduled__2025-02-09T11:30:00+00:00 [queued]>
[2025-02-10T06:32:16.244-0500] {taskinstance.py:2866} INFO - Starting attempt 1 of 4
[2025-02-10T06:32:16.263-0500] {taskinstance.py:2889} INFO - Executing <Task(BashOperator): bot_ex_bbva> on 2025-02-09 11:30:00+00:00
[2025-02-10T06:32:16.273-0500] {warnings.py:112} WARNING - /home/***/.local/lib/python3.12/site-packages/***/task/task_runner/standard_task_runner.py:70: DeprecationWarning: This process (pid=89633) is multi-threaded, use of fork() may lead to deadlocks in the child.
  pid = os.fork()

[2025-02-10T06:32:16.275-0500] {standard_task_runner.py:72} INFO - Started process 89634 to run task
[2025-02-10T06:32:16.276-0500] {standard_task_runner.py:104} INFO - Running: ['***', 'tasks', 'run', 'etl_reporte_como_vamos', 'bot_ex_bbva', 'scheduled__2025-02-09T11:30:00+00:00', '--job-id', '92', '--raw', '--subdir', 'DAGS_FOLDER/etl_como_vamos_dag.py', '--cfg-path', '/tmp/tmp11djigto']
[2025-02-10T06:32:16.277-0500] {standard_task_runner.py:105} INFO - Job 92: Subtask bot_ex_bbva
[2025-02-10T06:32:16.338-0500] {task_command.py:467} INFO - Running <TaskInstance: etl_reporte_como_vamos.bot_ex_bbva scheduled__2025-02-09T11:30:00+00:00 [running]> on host 21f1c1b48730
[2025-02-10T06:32:16.455-0500] {taskinstance.py:3132} INFO - Exporting env vars: AIRFLOW_CTX_DAG_OWNER='***' AIRFLOW_CTX_DAG_ID='etl_reporte_como_vamos' AIRFLOW_CTX_TASK_ID='bot_ex_bbva' AIRFLOW_CTX_EXECUTION_DATE='2025-02-09T11:30:00+00:00' AIRFLOW_CTX_TRY_NUMBER='1' AIRFLOW_CTX_DAG_RUN_ID='scheduled__2025-02-09T11:30:00+00:00'
[2025-02-10T06:32:16.456-0500] {taskinstance.py:731} INFO - ::endgroup::
[2025-02-10T06:32:16.478-0500] {subprocess.py:78} INFO - Tmp dir root location: /tmp
[2025-02-10T06:32:16.480-0500] {subprocess.py:88} INFO - Running command: ['/usr/bin/bash', '-c', 'python /opt/***/scripts/bot_etl_ex_bbva.py']
[2025-02-10T06:32:16.491-0500] {subprocess.py:99} INFO - Output:
[2025-02-10T06:32:17.757-0500] {subprocess.py:106} INFO - 2025-02-10 06:32:17,755 - bot_etl_ex_bbva - INFO - Bot ETL Exito-BBVA started
[2025-02-10T06:32:18.290-0500] {subprocess.py:106} INFO - 2025-02-10 06:32:18,290 - bot_etl_ex_bbva - INFO - Conexión al Selenium Hub establecida correctamente
[2025-02-10T06:32:20.334-0500] {subprocess.py:106} INFO - 2025-02-10 06:32:20,334 - bot_etl_ex_bbva - INFO - Credentials input success
[2025-02-10T06:32:21.671-0500] {subprocess.py:106} INFO - 2025-02-10 06:32:21,671 - bot_etl_ex_bbva - INFO - Click in login button
[2025-02-10T06:32:31.693-0500] {subprocess.py:106} INFO - 2025-02-10 06:32:31,693 - bot_etl_ex_bbva - INFO - Loging success
[2025-02-10T06:32:33.641-0500] {subprocess.py:106} INFO - 2025-02-10 06:32:33,641 - bot_etl_ex_bbva - INFO - Input file succes
[2025-02-10T06:32:42.866-0500] {subprocess.py:106} INFO - 2025-02-10 06:32:42,866 - bot_etl_ex_bbva - INFO - Click in Cargar
[2025-02-10T06:32:48.592-0500] {subprocess.py:106} INFO - 2025-02-10 06:32:48,592 - bot_etl_ex_bbva - INFO - bot_etl_ex_bbva finish execution
[2025-02-10T06:32:48.734-0500] {subprocess.py:110} INFO - Command exited with return code 0
[2025-02-10T06:32:48.772-0500] {taskinstance.py:340} INFO - ::group::Post task execution logs
[2025-02-10T06:32:48.774-0500] {taskinstance.py:352} INFO - Marking task as SUCCESS. dag_id=etl_reporte_como_vamos, task_id=bot_ex_bbva, run_id=scheduled__2025-02-09T11:30:00+00:00, execution_date=20250209T113000, start_date=20250210T113216, end_date=20250210T113248
[2025-02-10T06:32:48.829-0500] {local_task_job_runner.py:266} INFO - Task exited with return code 0
[2025-02-10T06:32:48.851-0500] {taskinstance.py:3895} INFO - 1 downstream tasks scheduled from follow-on schedule check
[2025-02-10T06:32:48.855-0500] {local_task_job_runner.py:245} INFO - ::endgroup::
