[2025-02-04T07:17:17.956-0500] {local_task_job_runner.py:123} INFO - ::group::Pre task execution logs
[2025-02-04T07:17:17.981-0500] {taskinstance.py:2613} INFO - Dependencies all met for dep_context=non-requeueable deps ti=<TaskInstance: etl_reporte_como_vamos.task_bot_como_vamos manual__2025-02-04T12:17:16.570936+00:00 [queued]>
[2025-02-04T07:17:17.997-0500] {taskinstance.py:2613} INFO - Dependencies all met for dep_context=requeueable deps ti=<TaskInstance: etl_reporte_como_vamos.task_bot_como_vamos manual__2025-02-04T12:17:16.570936+00:00 [queued]>
[2025-02-04T07:17:17.998-0500] {taskinstance.py:2866} INFO - Starting attempt 1 of 4
[2025-02-04T07:17:18.016-0500] {taskinstance.py:2889} INFO - Executing <Task(BashOperator): task_bot_como_vamos> on 2025-02-04 12:17:16.570936+00:00
[2025-02-04T07:17:18.023-0500] {warnings.py:112} WARNING - /home/***/.local/lib/python3.12/site-packages/***/task/task_runner/standard_task_runner.py:70: DeprecationWarning: This process (pid=26112) is multi-threaded, use of fork() may lead to deadlocks in the child.
  pid = os.fork()

[2025-02-04T07:17:18.025-0500] {standard_task_runner.py:72} INFO - Started process 26113 to run task
[2025-02-04T07:17:18.025-0500] {standard_task_runner.py:104} INFO - Running: ['***', 'tasks', 'run', 'etl_reporte_como_vamos', 'task_bot_como_vamos', 'manual__2025-02-04T12:17:16.570936+00:00', '--job-id', '36', '--raw', '--subdir', 'DAGS_FOLDER/etl_como_vamos_dag.py', '--cfg-path', '/tmp/tmpsnln2mr1']
[2025-02-04T07:17:18.027-0500] {standard_task_runner.py:105} INFO - Job 36: Subtask task_bot_como_vamos
[2025-02-04T07:17:18.086-0500] {task_command.py:467} INFO - Running <TaskInstance: etl_reporte_como_vamos.task_bot_como_vamos manual__2025-02-04T12:17:16.570936+00:00 [running]> on host 21f1c1b48730
[2025-02-04T07:17:18.211-0500] {taskinstance.py:3132} INFO - Exporting env vars: AIRFLOW_CTX_DAG_OWNER='***' AIRFLOW_CTX_DAG_ID='etl_reporte_como_vamos' AIRFLOW_CTX_TASK_ID='task_bot_como_vamos' AIRFLOW_CTX_EXECUTION_DATE='2025-02-04T12:17:16.570936+00:00' AIRFLOW_CTX_TRY_NUMBER='1' AIRFLOW_CTX_DAG_RUN_ID='manual__2025-02-04T12:17:16.570936+00:00'
[2025-02-04T07:17:18.216-0500] {taskinstance.py:731} INFO - ::endgroup::
[2025-02-04T07:17:18.241-0500] {subprocess.py:78} INFO - Tmp dir root location: /tmp
[2025-02-04T07:17:18.243-0500] {subprocess.py:88} INFO - Running command: ['/usr/bin/bash', '-c', 'python /opt/***/scripts/bot_reporte_como_vamos.py']
[2025-02-04T07:17:18.256-0500] {subprocess.py:99} INFO - Output:
[2025-02-04T07:17:21.589-0500] {subprocess.py:106} INFO - ic| report_date: '03/02/2025'
[2025-02-04T07:17:21.590-0500] {subprocess.py:106} INFO - 2025-02-04 07:17:21,589 - bot_como_vamos - INFO - Starting script bot_como_vamos.py
[2025-02-04T07:17:22.493-0500] {subprocess.py:106} INFO - 2025-02-04 07:17:22,492 - bot_como_vamos - INFO - Conexión al Selenium Hub establecida correctamente
[2025-02-04T07:18:00.381-0500] {subprocess.py:106} INFO - ic| login_success: <selenium.webdriver.remote.webelement.WebElement (session="ae9b04553005dfafe4f9e734a20247c3", element="f.A05516B2E92CC4148F4413D00C9876E2.d.C58A58616B7910257D328DF2970A9160.e.76")>
[2025-02-04T07:18:00.382-0500] {subprocess.py:106} INFO - 2025-02-04 07:18:00,381 - bot_como_vamos - INFO - Loging success
[2025-02-04T07:18:10.506-0500] {subprocess.py:106} INFO - 2025-02-04 07:18:10,505 - bot_como_vamos - INFO - Click in menu button successfully
[2025-02-04T07:18:20.706-0500] {subprocess.py:106} INFO - 2025-02-04 07:18:20,706 - bot_como_vamos - INFO - Input dates successfully
[2025-02-04T07:18:30.911-0500] {subprocess.py:106} INFO - 2025-02-04 07:18:30,911 - bot_como_vamos - INFO - Click in 'Empresas Y Negocios' successfully
[2025-02-04T07:18:53.186-0500] {subprocess.py:106} INFO - 2025-02-04 07:18:53,183 - assets - INFO - Waiting for download file...............
[2025-02-04T07:18:53.243-0500] {subprocess.py:106} INFO - ic| file: '.com.google.Chrome.pu6pop'
[2025-02-04T07:18:58.249-0500] {subprocess.py:106} INFO - ic| file: 'Reporte como_vamos.xlsx'
[2025-02-04T07:18:58.250-0500] {subprocess.py:106} INFO - 2025-02-04 07:18:58,249 - bot_como_vamos - INFO - Download Reporte como_vamos succesfully
[2025-02-04T07:18:58.940-0500] {subprocess.py:110} INFO - Command exited with return code 0
[2025-02-04T07:18:59.019-0500] {taskinstance.py:340} INFO - ::group::Post task execution logs
[2025-02-04T07:18:59.021-0500] {taskinstance.py:352} INFO - Marking task as SUCCESS. dag_id=etl_reporte_como_vamos, task_id=task_bot_como_vamos, run_id=manual__2025-02-04T12:17:16.570936+00:00, execution_date=20250204T121716, start_date=20250204T121717, end_date=20250204T121859
[2025-02-04T07:18:59.090-0500] {local_task_job_runner.py:266} INFO - Task exited with return code 0
[2025-02-04T07:18:59.154-0500] {taskinstance.py:3895} INFO - 2 downstream tasks scheduled from follow-on schedule check
[2025-02-04T07:18:59.162-0500] {local_task_job_runner.py:245} INFO - ::endgroup::
