[2025-02-05T01:30:01.566-0500] {local_task_job_runner.py:123} INFO - ::group::Pre task execution logs
[2025-02-05T01:30:01.586-0500] {taskinstance.py:2613} INFO - Dependencies all met for dep_context=non-requeueable deps ti=<TaskInstance: etl_reporte_como_vamos.task_bot_como_vamos scheduled__2025-02-04T06:30:00+00:00 [queued]>
[2025-02-05T01:30:01.595-0500] {taskinstance.py:2613} INFO - Dependencies all met for dep_context=requeueable deps ti=<TaskInstance: etl_reporte_como_vamos.task_bot_como_vamos scheduled__2025-02-04T06:30:00+00:00 [queued]>
[2025-02-05T01:30:01.597-0500] {taskinstance.py:2866} INFO - Starting attempt 1 of 4
[2025-02-05T01:30:01.613-0500] {taskinstance.py:2889} INFO - Executing <Task(BashOperator): task_bot_como_vamos> on 2025-02-04 06:30:00+00:00
[2025-02-05T01:30:01.619-0500] {warnings.py:112} WARNING - /home/***/.local/lib/python3.12/site-packages/***/task/task_runner/standard_task_runner.py:70: DeprecationWarning: This process (pid=39710) is multi-threaded, use of fork() may lead to deadlocks in the child.
  pid = os.fork()

[2025-02-05T01:30:01.621-0500] {standard_task_runner.py:72} INFO - Started process 39711 to run task
[2025-02-05T01:30:01.622-0500] {standard_task_runner.py:104} INFO - Running: ['***', 'tasks', 'run', 'etl_reporte_como_vamos', 'task_bot_como_vamos', 'scheduled__2025-02-04T06:30:00+00:00', '--job-id', '44', '--raw', '--subdir', 'DAGS_FOLDER/etl_como_vamos_dag.py', '--cfg-path', '/tmp/tmpuvzqkp3e']
[2025-02-05T01:30:01.623-0500] {standard_task_runner.py:105} INFO - Job 44: Subtask task_bot_como_vamos
[2025-02-05T01:30:01.678-0500] {task_command.py:467} INFO - Running <TaskInstance: etl_reporte_como_vamos.task_bot_como_vamos scheduled__2025-02-04T06:30:00+00:00 [running]> on host 21f1c1b48730
[2025-02-05T01:30:01.783-0500] {taskinstance.py:3132} INFO - Exporting env vars: AIRFLOW_CTX_DAG_OWNER='***' AIRFLOW_CTX_DAG_ID='etl_reporte_como_vamos' AIRFLOW_CTX_TASK_ID='task_bot_como_vamos' AIRFLOW_CTX_EXECUTION_DATE='2025-02-04T06:30:00+00:00' AIRFLOW_CTX_TRY_NUMBER='1' AIRFLOW_CTX_DAG_RUN_ID='scheduled__2025-02-04T06:30:00+00:00'
[2025-02-05T01:30:01.784-0500] {taskinstance.py:731} INFO - ::endgroup::
[2025-02-05T01:30:01.807-0500] {subprocess.py:78} INFO - Tmp dir root location: /tmp
[2025-02-05T01:30:01.809-0500] {subprocess.py:88} INFO - Running command: ['/usr/bin/bash', '-c', 'python /opt/***/scripts/bot_reporte_como_vamos.py']
[2025-02-05T01:30:01.823-0500] {subprocess.py:99} INFO - Output:
[2025-02-05T01:30:04.995-0500] {subprocess.py:106} INFO - ic| report_date: '04/02/2025'
[2025-02-05T01:30:04.996-0500] {subprocess.py:106} INFO - 2025-02-05 01:30:04,995 - bot_como_vamos - INFO - Starting script bot_como_vamos.py
[2025-02-05T01:30:05.905-0500] {subprocess.py:106} INFO - 2025-02-05 01:30:05,904 - bot_como_vamos - INFO - Conexión al Selenium Hub establecida correctamente
[2025-02-05T01:30:46.693-0500] {subprocess.py:106} INFO - ic| login_success: <selenium.webdriver.remote.webelement.WebElement (session="941558dbcc3a14e471e7e7a404b6648f", element="f.4CA053FC35F4B85EDE9BFB357047468D.d.BBB496568A0BC5BB6B9A56403AE485C6.e.77")>
[2025-02-05T01:30:46.694-0500] {subprocess.py:106} INFO - 2025-02-05 01:30:46,693 - bot_como_vamos - INFO - Loging success
[2025-02-05T01:30:56.941-0500] {subprocess.py:106} INFO - 2025-02-05 01:30:56,937 - bot_como_vamos - INFO - Click in menu button successfully
[2025-02-05T01:31:07.139-0500] {subprocess.py:106} INFO - 2025-02-05 01:31:07,139 - bot_como_vamos - INFO - Input dates successfully
[2025-02-05T01:31:17.473-0500] {subprocess.py:106} INFO - 2025-02-05 01:31:17,469 - bot_como_vamos - INFO - Click in 'Empresas Y Negocios' successfully
[2025-02-05T01:31:29.890-0500] {subprocess.py:106} INFO - 2025-02-05 01:31:29,889 - assets - INFO - Waiting for download file...............
[2025-02-05T01:31:30.009-0500] {subprocess.py:106} INFO - ic| file: '.com.google.Chrome.7SUCLG'
[2025-02-05T01:31:35.015-0500] {subprocess.py:106} INFO - ic| file: 'Reporte como_vamos.xlsx'
[2025-02-05T01:31:35.016-0500] {subprocess.py:106} INFO - 2025-02-05 01:31:35,015 - bot_como_vamos - INFO - Download Reporte como_vamos succesfully
[2025-02-05T01:31:36.178-0500] {subprocess.py:110} INFO - Command exited with return code 0
[2025-02-05T01:31:36.274-0500] {taskinstance.py:340} INFO - ::group::Post task execution logs
[2025-02-05T01:31:36.276-0500] {taskinstance.py:352} INFO - Marking task as SUCCESS. dag_id=etl_reporte_como_vamos, task_id=task_bot_como_vamos, run_id=scheduled__2025-02-04T06:30:00+00:00, execution_date=20250204T063000, start_date=20250205T063001, end_date=20250205T063136
[2025-02-05T01:31:36.322-0500] {local_task_job_runner.py:266} INFO - Task exited with return code 0
[2025-02-05T01:31:36.379-0500] {taskinstance.py:3895} INFO - 2 downstream tasks scheduled from follow-on schedule check
[2025-02-05T01:31:36.383-0500] {local_task_job_runner.py:245} INFO - ::endgroup::
