[2025-01-28T06:34:01.774+0000] {local_task_job_runner.py:123} INFO - ::group::Pre task execution logs
[2025-01-28T06:34:01.819+0000] {taskinstance.py:2613} INFO - Dependencies all met for dep_context=non-requeueable deps ti=<TaskInstance: etl_reporte_como_vamos.task_bot_como_vamos manual__2025-01-28T06:33:59.559675+00:00 [queued]>
[2025-01-28T06:34:01.841+0000] {taskinstance.py:2613} INFO - Dependencies all met for dep_context=requeueable deps ti=<TaskInstance: etl_reporte_como_vamos.task_bot_como_vamos manual__2025-01-28T06:33:59.559675+00:00 [queued]>
[2025-01-28T06:34:01.842+0000] {taskinstance.py:2866} INFO - Starting attempt 1 of 2
[2025-01-28T06:34:01.876+0000] {taskinstance.py:2889} INFO - Executing <Task(BashOperator): task_bot_como_vamos> on 2025-01-28 06:33:59.559675+00:00
[2025-01-28T06:34:01.887+0000] {standard_task_runner.py:104} INFO - Running: ['***', 'tasks', 'run', 'etl_reporte_como_vamos', 'task_bot_como_vamos', 'manual__2025-01-28T06:33:59.559675+00:00', '--job-id', '48', '--raw', '--subdir', 'DAGS_FOLDER/etl_como_vamos_dag.py', '--cfg-path', '/tmp/tmp6r4v8q91']
[2025-01-28T06:34:01.891+0000] {standard_task_runner.py:105} INFO - Job 48: Subtask task_bot_como_vamos
[2025-01-28T06:34:01.899+0000] {logging_mixin.py:190} WARNING - /home/***/.local/lib/python3.12/site-packages/***/task/task_runner/standard_task_runner.py:70 DeprecationWarning: This process (pid=1905) is multi-threaded, use of fork() may lead to deadlocks in the child.
[2025-01-28T06:34:01.901+0000] {standard_task_runner.py:72} INFO - Started process 1906 to run task
[2025-01-28T06:34:02.012+0000] {task_command.py:467} INFO - Running <TaskInstance: etl_reporte_como_vamos.task_bot_como_vamos manual__2025-01-28T06:33:59.559675+00:00 [running]> on host afb55d3219bf
[2025-01-28T06:34:04.086+0000] {taskinstance.py:3132} INFO - Exporting env vars: AIRFLOW_CTX_DAG_OWNER='***' AIRFLOW_CTX_DAG_ID='etl_reporte_como_vamos' AIRFLOW_CTX_TASK_ID='task_bot_como_vamos' AIRFLOW_CTX_EXECUTION_DATE='2025-01-28T06:33:59.559675+00:00' AIRFLOW_CTX_TRY_NUMBER='1' AIRFLOW_CTX_DAG_RUN_ID='manual__2025-01-28T06:33:59.559675+00:00'
[2025-01-28T06:34:04.089+0000] {taskinstance.py:731} INFO - ::endgroup::
[2025-01-28T06:34:04.197+0000] {subprocess.py:78} INFO - Tmp dir root location: /tmp
[2025-01-28T06:34:04.202+0000] {subprocess.py:88} INFO - Running command: ['/usr/bin/bash', '-c', 'python /opt/***/scripts/bot_reporte_como_vamos.py']
[2025-01-28T06:34:04.236+0000] {subprocess.py:99} INFO - Output:
[2025-01-28T06:34:10.453+0000] {subprocess.py:106} INFO - ic| start_date: '01/01/2025', end_date: '28/01/2025'
[2025-01-28T06:34:10.538+0000] {subprocess.py:106} INFO - 2025-01-28 06:34:10,454 - bot_como_vamos - INFO - Starting script bot_como_vamos.py
[2025-01-28T06:36:01.666+0000] {job.py:229} INFO - Heartbeat recovered after 94.57 seconds
[2025-01-28T06:36:02.672+0000] {subprocess.py:106} INFO - 2025-01-28 06:36:02,671 - root - ERROR - Execution error: Message: Could not start a new session. Could not start a new session. Error while creating session with the driver service. Stopping driver service: Could not start a new session. Response code 500. Message: session not created
[2025-01-28T06:36:02.691+0000] {subprocess.py:106} INFO - from chrome not reachable
[2025-01-28T06:36:02.694+0000] {subprocess.py:106} INFO - Host info: host: '5cf1422c2c4a', ip: '172.18.0.5'
[2025-01-28T06:36:02.696+0000] {subprocess.py:106} INFO - Build info: version: '4.28.1', revision: '73f5ad48a2'
[2025-01-28T06:36:02.698+0000] {subprocess.py:106} INFO - System info: os.name: 'Linux', os.arch: 'amd64', os.version: '6.10.4-linuxkit', java.version: '17.0.13'
[2025-01-28T06:36:02.700+0000] {subprocess.py:106} INFO - Driver info: driver.version: unknown
[2025-01-28T06:36:02.701+0000] {subprocess.py:106} INFO - Build info: version: '4.28.1', revision: '73f5ad48a2'
[2025-01-28T06:36:02.703+0000] {subprocess.py:106} INFO - System info: os.name: 'Linux', os.arch: 'amd64', os.version: '6.10.4-linuxkit', java.version: '17.0.13'
[2025-01-28T06:36:02.705+0000] {subprocess.py:106} INFO - Driver info: driver.version: unknown
[2025-01-28T06:36:02.707+0000] {subprocess.py:106} INFO - Build info: version: '4.28.1', revision: '73f5ad48a2'
[2025-01-28T06:36:02.709+0000] {subprocess.py:106} INFO - System info: os.name: 'Linux', os.arch: 'amd64', os.version: '6.10.4-linuxkit', java.version: '17.0.13'
[2025-01-28T06:36:02.711+0000] {subprocess.py:106} INFO - Driver info: driver.version: unknown
[2025-01-28T06:36:02.713+0000] {subprocess.py:106} INFO - Stacktrace:
[2025-01-28T06:36:02.715+0000] {subprocess.py:106} INFO -     at org.openqa.selenium.grid.node.remote.RemoteNode.newSession (RemoteNode.java:167)
[2025-01-28T06:36:02.717+0000] {subprocess.py:106} INFO -     at org.openqa.selenium.grid.distributor.local.LocalDistributor.startSession (LocalDistributor.java:678)
[2025-01-28T06:36:02.719+0000] {subprocess.py:106} INFO -     at org.openqa.selenium.grid.distributor.local.LocalDistributor.newSession (LocalDistributor.java:597)
[2025-01-28T06:36:02.720+0000] {subprocess.py:106} INFO -     at org.openqa.selenium.grid.distributor.local.LocalDistributor$NewSessionRunnable.handleNewSessionRequest (LocalDistributor.java:861)
[2025-01-28T06:36:02.722+0000] {subprocess.py:106} INFO -     at org.openqa.selenium.grid.distributor.local.LocalDistributor$NewSessionRunnable.lambda$run$1 (LocalDistributor.java:818)
[2025-01-28T06:36:02.725+0000] {subprocess.py:106} INFO -     at java.util.concurrent.ThreadPoolExecutor.runWorker (ThreadPoolExecutor.java:1136)
[2025-01-28T06:36:02.727+0000] {subprocess.py:106} INFO -     at java.util.concurrent.ThreadPoolExecutor$Worker.run (ThreadPoolExecutor.java:635)
[2025-01-28T06:36:02.729+0000] {subprocess.py:106} INFO -     at java.lang.Thread.run (Thread.java:840)
[2025-01-28T06:36:02.802+0000] {subprocess.py:106} INFO - ic| file: 'pymp-qmczygfr'
[2025-01-28T06:36:02.804+0000] {subprocess.py:106} INFO - ic| file: '***tmpoqml9zty'
[2025-01-28T06:36:02.805+0000] {subprocess.py:106} INFO - ic| file: 'hsperfdata_root'
[2025-01-28T06:36:07.125+0000] {job.py:229} INFO - Heartbeat recovered after 36.26 seconds
[2025-01-28T06:36:07.805+0000] {subprocess.py:106} INFO - ic| file: 'pymp-qmczygfr'
[2025-01-28T06:36:07.807+0000] {subprocess.py:106} INFO - ic| file: '***tmpoqml9zty'
[2025-01-28T06:36:07.809+0000] {subprocess.py:106} INFO - ic| file: 'hsperfdata_root'
[2025-01-28T06:36:12.879+0000] {subprocess.py:106} INFO - ic| file: 'pymp-qmczygfr'
[2025-01-28T06:36:12.904+0000] {subprocess.py:106} INFO - ic| file: '***tmpoqml9zty'
[2025-01-28T06:36:12.909+0000] {subprocess.py:106} INFO - ic| file: 'hsperfdata_root'
[2025-01-28T06:36:17.997+0000] {subprocess.py:106} INFO - ic| file: 'pymp-qmczygfr'
[2025-01-28T06:36:18.099+0000] {subprocess.py:106} INFO - ic| file: '***tmpoqml9zty'
[2025-01-28T06:36:18.197+0000] {subprocess.py:106} INFO - ic| file: 'hsperfdata_root'
[2025-01-28T06:36:23.047+0000] {subprocess.py:106} INFO - ic| file: 'pymp-qmczygfr'
[2025-01-28T06:36:23.054+0000] {subprocess.py:106} INFO - ic| file: '***tmpoqml9zty'
[2025-01-28T06:36:23.056+0000] {subprocess.py:106} INFO - ic| file: 'hsperfdata_root'
[2025-01-28T06:36:28.196+0000] {subprocess.py:106} INFO - ic| file: 'pymp-qmczygfr'
[2025-01-28T06:36:28.201+0000] {subprocess.py:106} INFO - ic| file: '***tmpoqml9zty'
[2025-01-28T06:36:28.202+0000] {subprocess.py:106} INFO - ic| file: 'hsperfdata_root'
[2025-01-28T06:36:33.396+0000] {subprocess.py:106} INFO - ic| file: 'pymp-qmczygfr'
[2025-01-28T06:36:33.715+0000] {subprocess.py:106} INFO - ic| file: '***tmpoqml9zty'
[2025-01-28T06:36:33.999+0000] {subprocess.py:106} INFO - ic| file: 'hsperfdata_root'
[2025-01-28T06:36:38.461+0000] {subprocess.py:106} INFO - ic| file: 'pymp-qmczygfr'
[2025-01-28T06:36:38.477+0000] {subprocess.py:106} INFO - ic| file: '***tmpoqml9zty'
[2025-01-28T06:36:38.480+0000] {subprocess.py:106} INFO - ic| file: 'hsperfdata_root'
[2025-01-28T06:36:43.525+0000] {subprocess.py:106} INFO - ic| file: 'pymp-qmczygfr'
[2025-01-28T06:36:43.536+0000] {subprocess.py:106} INFO - ic| file: '***tmpoqml9zty'
[2025-01-28T06:36:43.539+0000] {subprocess.py:106} INFO - ic| file: 'hsperfdata_root'
[2025-01-28T06:36:48.736+0000] {subprocess.py:106} INFO - ic| file: 'pymp-qmczygfr'
[2025-01-28T06:36:48.807+0000] {subprocess.py:106} INFO - ic| file: '***tmpoqml9zty'
[2025-01-28T06:36:48.858+0000] {subprocess.py:106} INFO - ic| file: 'hsperfdata_root'
[2025-01-28T06:36:53.986+0000] {subprocess.py:106} INFO - ic| file: 'pymp-qmczygfr'
[2025-01-28T06:36:54.083+0000] {subprocess.py:106} INFO - ic| file: '***tmpoqml9zty'
[2025-01-28T06:36:54.174+0000] {subprocess.py:106} INFO - ic| file: 'hsperfdata_root'
[2025-01-28T06:36:59.027+0000] {subprocess.py:106} INFO - ic| file: 'pymp-qmczygfr'
[2025-01-28T06:36:59.033+0000] {subprocess.py:106} INFO - ic| file: '***tmpoqml9zty'
[2025-01-28T06:36:59.034+0000] {subprocess.py:106} INFO - ic| file: 'hsperfdata_root'
[2025-01-28T06:37:04.071+0000] {subprocess.py:106} INFO - ic| file: 'pymp-qmczygfr'
[2025-01-28T06:37:04.082+0000] {subprocess.py:106} INFO - ic| file: '***tmpoqml9zty'
[2025-01-28T06:37:04.083+0000] {subprocess.py:106} INFO - ic| file: 'hsperfdata_root'
[2025-01-28T06:37:09.141+0000] {subprocess.py:106} INFO - ic| file: 'pymp-qmczygfr'
[2025-01-28T06:37:09.167+0000] {subprocess.py:106} INFO - ic| file: '***tmpoqml9zty'
[2025-01-28T06:37:09.171+0000] {subprocess.py:106} INFO - ic| file: 'hsperfdata_root'
[2025-01-28T06:37:14.158+0000] {subprocess.py:106} INFO - ic| file: 'pymp-qmczygfr'
[2025-01-28T06:37:14.164+0000] {subprocess.py:106} INFO - ic| file: '***tmpoqml9zty'
[2025-01-28T06:37:14.165+0000] {subprocess.py:106} INFO - ic| file: 'hsperfdata_root'
[2025-01-28T06:37:19.161+0000] {subprocess.py:106} INFO - ic| file: 'pymp-qmczygfr'
[2025-01-28T06:37:19.189+0000] {subprocess.py:106} INFO - ic| file: '***tmpoqml9zty'
[2025-01-28T06:37:19.190+0000] {subprocess.py:106} INFO - ic| file: 'hsperfdata_root'
[2025-01-28T06:37:24.201+0000] {subprocess.py:106} INFO - ic| file: 'pymp-qmczygfr'
[2025-01-28T06:37:24.207+0000] {subprocess.py:106} INFO - ic| file: '***tmpoqml9zty'
[2025-01-28T06:37:24.209+0000] {subprocess.py:106} INFO - ic| file: 'hsperfdata_root'
[2025-01-28T06:37:29.226+0000] {subprocess.py:106} INFO - ic| file: 'pymp-qmczygfr'
[2025-01-28T06:37:29.230+0000] {subprocess.py:106} INFO - ic| file: '***tmpoqml9zty'
[2025-01-28T06:37:29.231+0000] {subprocess.py:106} INFO - ic| file: 'hsperfdata_root'
[2025-01-28T06:37:34.305+0000] {subprocess.py:106} INFO - ic| file: 'pymp-qmczygfr'
[2025-01-28T06:37:34.312+0000] {subprocess.py:106} INFO - ic| file: '***tmpoqml9zty'
[2025-01-28T06:37:34.314+0000] {subprocess.py:106} INFO - ic| file: 'hsperfdata_root'
[2025-01-28T06:37:39.331+0000] {subprocess.py:106} INFO - ic| file: 'pymp-qmczygfr'
[2025-01-28T06:37:39.335+0000] {subprocess.py:106} INFO - ic| file: '***tmpoqml9zty'
[2025-01-28T06:37:39.336+0000] {subprocess.py:106} INFO - ic| file: 'hsperfdata_root'
[2025-01-28T06:37:44.381+0000] {subprocess.py:106} INFO - ic| file: 'pymp-qmczygfr'
[2025-01-28T06:37:44.388+0000] {subprocess.py:106} INFO - ic| file: '***tmpoqml9zty'
[2025-01-28T06:37:44.389+0000] {subprocess.py:106} INFO - ic| file: 'hsperfdata_root'
[2025-01-28T06:37:49.429+0000] {subprocess.py:106} INFO - ic| file: 'pymp-qmczygfr'
[2025-01-28T06:37:49.436+0000] {subprocess.py:106} INFO - ic| file: '***tmpoqml9zty'
[2025-01-28T06:37:49.438+0000] {subprocess.py:106} INFO - ic| file: 'hsperfdata_root'
[2025-01-28T06:37:54.450+0000] {subprocess.py:106} INFO - ic| file: 'pymp-qmczygfr'
[2025-01-28T06:37:54.451+0000] {subprocess.py:106} INFO - ic| file: '***tmpoqml9zty'
[2025-01-28T06:37:54.453+0000] {subprocess.py:106} INFO - ic| file: 'hsperfdata_root'
[2025-01-28T06:37:59.511+0000] {subprocess.py:106} INFO - ic| file: 'pymp-qmczygfr'
[2025-01-28T06:37:59.525+0000] {subprocess.py:106} INFO - ic| file: '***tmpoqml9zty'
[2025-01-28T06:37:59.527+0000] {subprocess.py:106} INFO - ic| file: 'hsperfdata_root'
[2025-01-28T06:38:04.540+0000] {subprocess.py:106} INFO - ic| file: 'pymp-qmczygfr'
[2025-01-28T06:38:04.549+0000] {subprocess.py:106} INFO - ic| file: '***tmpoqml9zty'
[2025-01-28T06:38:04.550+0000] {subprocess.py:106} INFO - ic| file: 'hsperfdata_root'
[2025-01-28T06:38:09.554+0000] {subprocess.py:106} INFO - ic| file: 'pymp-qmczygfr'
[2025-01-28T06:38:09.556+0000] {subprocess.py:106} INFO - ic| file: '***tmpoqml9zty'
[2025-01-28T06:38:09.557+0000] {subprocess.py:106} INFO - ic| file: 'hsperfdata_root'
[2025-01-28T06:38:14.577+0000] {subprocess.py:106} INFO - ic| file: 'pymp-qmczygfr'
[2025-01-28T06:38:14.583+0000] {subprocess.py:106} INFO - ic| file: '***tmpoqml9zty'
[2025-01-28T06:38:14.584+0000] {subprocess.py:106} INFO - ic| file: 'hsperfdata_root'
[2025-01-28T06:38:19.672+0000] {subprocess.py:106} INFO - ic| file: 'pymp-qmczygfr'
[2025-01-28T06:38:19.678+0000] {subprocess.py:106} INFO - ic| file: '***tmpoqml9zty'
[2025-01-28T06:38:19.680+0000] {subprocess.py:106} INFO - ic| file: 'hsperfdata_root'
[2025-01-28T06:38:24.690+0000] {subprocess.py:106} INFO - ic| file: 'pymp-qmczygfr'
[2025-01-28T06:38:24.696+0000] {subprocess.py:106} INFO - ic| file: '***tmpoqml9zty'
[2025-01-28T06:38:24.697+0000] {subprocess.py:106} INFO - ic| file: 'hsperfdata_root'
[2025-01-28T06:38:29.732+0000] {subprocess.py:106} INFO - ic| file: 'pymp-qmczygfr'
[2025-01-28T06:38:29.740+0000] {subprocess.py:106} INFO - ic| file: '***tmpoqml9zty'
[2025-01-28T06:38:29.742+0000] {subprocess.py:106} INFO - ic| file: 'hsperfdata_root'
[2025-01-28T06:38:34.762+0000] {subprocess.py:106} INFO - ic| file: 'pymp-qmczygfr'
[2025-01-28T06:38:34.766+0000] {subprocess.py:106} INFO - ic| file: '***tmpoqml9zty'
[2025-01-28T06:38:34.767+0000] {subprocess.py:106} INFO - ic| file: 'hsperfdata_root'
[2025-01-28T06:38:39.771+0000] {subprocess.py:106} INFO - ic| file: 'pymp-qmczygfr'
[2025-01-28T06:38:39.775+0000] {subprocess.py:106} INFO - ic| file: '***tmpoqml9zty'
[2025-01-28T06:38:39.777+0000] {subprocess.py:106} INFO - ic| file: 'hsperfdata_root'
[2025-01-28T06:38:42.706+0000] {local_task_job_runner.py:127} ERROR - Received SIGTERM. Terminating subprocesses
[2025-01-28T06:38:42.745+0000] {process_utils.py:132} INFO - Sending 15 to group 1906. PIDs of all processes in the group: [1908, 1906]
[2025-01-28T06:38:42.748+0000] {process_utils.py:87} INFO - Sending the signal 15 to group 1906
[2025-01-28T06:38:42.753+0000] {taskinstance.py:3093} ERROR - Received SIGTERM. Terminating subprocesses.
[2025-01-28T06:38:42.759+0000] {subprocess.py:117} INFO - Sending SIGTERM signal to process group
[2025-01-28T06:38:42.917+0000] {taskinstance.py:3311} ERROR - Task failed with exception
Traceback (most recent call last):
  File "/home/airflow/.local/lib/python3.12/site-packages/airflow/models/taskinstance.py", line 767, in _execute_task
    result = _execute_callable(context=context, **execute_callable_kwargs)
             ^^^^^^^^^^^^^^^^^^^^^^^^^^^^^^^^^^^^^^^^^^^^^^^^^^^^^^^^^^^^^
  File "/home/airflow/.local/lib/python3.12/site-packages/airflow/models/taskinstance.py", line 733, in _execute_callable
    return ExecutionCallableRunner(
           ^^^^^^^^^^^^^^^^^^^^^^^^
  File "/home/airflow/.local/lib/python3.12/site-packages/airflow/utils/operator_helpers.py", line 252, in run
    return self.func(*args, **kwargs)
           ^^^^^^^^^^^^^^^^^^^^^^^^^^
  File "/home/airflow/.local/lib/python3.12/site-packages/airflow/models/baseoperator.py", line 422, in wrapper
    return func(self, *args, **kwargs)
           ^^^^^^^^^^^^^^^^^^^^^^^^^^^
  File "/home/airflow/.local/lib/python3.12/site-packages/airflow/operators/bash.py", line 257, in execute
    result = self._run_inline_command(bash_path=bash_path, env=env)
             ^^^^^^^^^^^^^^^^^^^^^^^^^^^^^^^^^^^^^^^^^^^^^^^^^^^^^^
  File "/home/airflow/.local/lib/python3.12/site-packages/airflow/operators/bash.py", line 284, in _run_inline_command
    return self.subprocess_hook.run_command(
           ^^^^^^^^^^^^^^^^^^^^^^^^^^^^^^^^^
  File "/home/airflow/.local/lib/python3.12/site-packages/airflow/hooks/subprocess.py", line 104, in run_command
    for raw_line in iter(self.sub_process.stdout.readline, b""):
                    ^^^^^^^^^^^^^^^^^^^^^^^^^^^^^^^^^^^^^^^^^^^
  File "/home/airflow/.local/lib/python3.12/site-packages/airflow/models/taskinstance.py", line 3095, in signal_handler
    raise AirflowTaskTerminated("Task received SIGTERM signal")
airflow.exceptions.AirflowTaskTerminated: Task received SIGTERM signal
[2025-01-28T06:38:43.105+0000] {taskinstance.py:1225} INFO - Marking task as UP_FOR_RETRY. dag_id=etl_reporte_como_vamos, task_id=task_bot_como_vamos, run_id=manual__2025-01-28T06:33:59.559675+00:00, execution_date=20250128T063359, start_date=20250128T063401, end_date=20250128T063843
[2025-01-28T06:38:43.208+0000] {taskinstance.py:340} INFO - ::group::Post task execution logs
[2025-01-28T06:38:43.277+0000] {process_utils.py:80} INFO - Process psutil.Process(pid=1906, status='terminated', exitcode=2, started='06:34:01') (1906) terminated with exit code 2
[2025-01-28T06:38:43.283+0000] {process_utils.py:80} INFO - Process psutil.Process(pid=1908, status='terminated', started='06:34:03') (1908) terminated with exit code None
[2025-01-28T06:38:43.286+0000] {local_task_job_runner.py:266} INFO - Task exited with return code 143
[2025-01-28T06:38:46.148+0000] {taskinstance.py:3895} INFO - 0 downstream tasks scheduled from follow-on schedule check
[2025-01-28T06:38:46.610+0000] {local_task_job_runner.py:245} INFO - ::endgroup::
