[2025-02-06T06:32:27.358-0500] {local_task_job_runner.py:123} INFO - ::group::Pre task execution logs
[2025-02-06T06:32:27.379-0500] {taskinstance.py:2613} INFO - Dependencies all met for dep_context=non-requeueable deps ti=<TaskInstance: etl_reporte_como_vamos.bot_ex_bbva scheduled__2025-02-05T11:30:00+00:00 [queued]>
[2025-02-06T06:32:27.389-0500] {taskinstance.py:2613} INFO - Dependencies all met for dep_context=requeueable deps ti=<TaskInstance: etl_reporte_como_vamos.bot_ex_bbva scheduled__2025-02-05T11:30:00+00:00 [queued]>
[2025-02-06T06:32:27.391-0500] {taskinstance.py:2866} INFO - Starting attempt 1 of 4
[2025-02-06T06:32:27.412-0500] {taskinstance.py:2889} INFO - Executing <Task(BashOperator): bot_ex_bbva> on 2025-02-05 11:30:00+00:00
[2025-02-06T06:32:27.419-0500] {warnings.py:112} WARNING - /home/***/.local/lib/python3.12/site-packages/***/task/task_runner/standard_task_runner.py:70: DeprecationWarning: This process (pid=17869) is multi-threaded, use of fork() may lead to deadlocks in the child.
  pid = os.fork()

[2025-02-06T06:32:27.421-0500] {standard_task_runner.py:72} INFO - Started process 17870 to run task
[2025-02-06T06:32:27.421-0500] {standard_task_runner.py:104} INFO - Running: ['***', 'tasks', 'run', 'etl_reporte_como_vamos', 'bot_ex_bbva', 'scheduled__2025-02-05T11:30:00+00:00', '--job-id', '64', '--raw', '--subdir', 'DAGS_FOLDER/etl_como_vamos_dag.py', '--cfg-path', '/tmp/tmpat_2w_42']
[2025-02-06T06:32:27.423-0500] {standard_task_runner.py:105} INFO - Job 64: Subtask bot_ex_bbva
[2025-02-06T06:32:27.498-0500] {task_command.py:467} INFO - Running <TaskInstance: etl_reporte_como_vamos.bot_ex_bbva scheduled__2025-02-05T11:30:00+00:00 [running]> on host 21f1c1b48730
[2025-02-06T06:32:27.597-0500] {taskinstance.py:3132} INFO - Exporting env vars: AIRFLOW_CTX_DAG_OWNER='***' AIRFLOW_CTX_DAG_ID='etl_reporte_como_vamos' AIRFLOW_CTX_TASK_ID='bot_ex_bbva' AIRFLOW_CTX_EXECUTION_DATE='2025-02-05T11:30:00+00:00' AIRFLOW_CTX_TRY_NUMBER='1' AIRFLOW_CTX_DAG_RUN_ID='scheduled__2025-02-05T11:30:00+00:00'
[2025-02-06T06:32:27.598-0500] {taskinstance.py:731} INFO - ::endgroup::
[2025-02-06T06:32:27.613-0500] {subprocess.py:78} INFO - Tmp dir root location: /tmp
[2025-02-06T06:32:27.614-0500] {subprocess.py:88} INFO - Running command: ['/usr/bin/bash', '-c', 'python /opt/***/scripts/bot_etl_ex_bbva.py']
[2025-02-06T06:32:27.624-0500] {subprocess.py:99} INFO - Output:
[2025-02-06T06:32:28.616-0500] {subprocess.py:106} INFO - 2025-02-06 06:32:28,616 - bot_etl_ex_bbva - INFO - Bot ETL Exito-BBVA started
[2025-02-06T06:32:29.047-0500] {subprocess.py:106} INFO - 2025-02-06 06:32:29,047 - bot_etl_ex_bbva - INFO - Conexión al Selenium Hub establecida correctamente
[2025-02-06T06:32:31.129-0500] {subprocess.py:106} INFO - 2025-02-06 06:32:31,129 - bot_etl_ex_bbva - INFO - Credentials input success
[2025-02-06T06:32:32.388-0500] {subprocess.py:106} INFO - 2025-02-06 06:32:32,387 - bot_etl_ex_bbva - INFO - Click in login button
[2025-02-06T06:32:42.433-0500] {subprocess.py:106} INFO - 2025-02-06 06:32:42,432 - bot_etl_ex_bbva - INFO - Loging success
[2025-02-06T06:32:44.501-0500] {subprocess.py:106} INFO - 2025-02-06 06:32:44,500 - bot_etl_ex_bbva - INFO - Input file succes
[2025-02-06T06:32:54.443-0500] {subprocess.py:106} INFO - 2025-02-06 06:32:54,443 - bot_etl_ex_bbva - INFO - Click in Cargar
[2025-02-06T06:33:00.087-0500] {subprocess.py:106} INFO - 2025-02-06 06:33:00,087 - bot_etl_ex_bbva - INFO - bot_etl_ex_bbva finish execution
[2025-02-06T06:33:00.284-0500] {subprocess.py:110} INFO - Command exited with return code 0
[2025-02-06T06:33:00.329-0500] {taskinstance.py:340} INFO - ::group::Post task execution logs
[2025-02-06T06:33:00.330-0500] {taskinstance.py:352} INFO - Marking task as SUCCESS. dag_id=etl_reporte_como_vamos, task_id=bot_ex_bbva, run_id=scheduled__2025-02-05T11:30:00+00:00, execution_date=20250205T113000, start_date=20250206T113227, end_date=20250206T113300
[2025-02-06T06:33:00.367-0500] {local_task_job_runner.py:266} INFO - Task exited with return code 0
[2025-02-06T06:33:00.394-0500] {taskinstance.py:3895} INFO - 1 downstream tasks scheduled from follow-on schedule check
[2025-02-06T06:33:00.398-0500] {local_task_job_runner.py:245} INFO - ::endgroup::
