[2025-02-05T01:31:37.841-0500] {local_task_job_runner.py:123} INFO - ::group::Pre task execution logs
[2025-02-05T01:31:37.870-0500] {taskinstance.py:2613} INFO - Dependencies all met for dep_context=non-requeueable deps ti=<TaskInstance: etl_reporte_como_vamos.etl_ex_bbva scheduled__2025-02-04T06:30:00+00:00 [queued]>
[2025-02-05T01:31:37.885-0500] {taskinstance.py:2613} INFO - Dependencies all met for dep_context=requeueable deps ti=<TaskInstance: etl_reporte_como_vamos.etl_ex_bbva scheduled__2025-02-04T06:30:00+00:00 [queued]>
[2025-02-05T01:31:37.887-0500] {taskinstance.py:2866} INFO - Starting attempt 1 of 4
[2025-02-05T01:31:37.910-0500] {taskinstance.py:2889} INFO - Executing <Task(BashOperator): etl_ex_bbva> on 2025-02-04 06:30:00+00:00
[2025-02-05T01:31:37.920-0500] {warnings.py:112} WARNING - /home/***/.local/lib/python3.12/site-packages/***/task/task_runner/standard_task_runner.py:70: DeprecationWarning: This process (pid=39767) is multi-threaded, use of fork() may lead to deadlocks in the child.
  pid = os.fork()

[2025-02-05T01:31:37.923-0500] {standard_task_runner.py:72} INFO - Started process 39770 to run task
[2025-02-05T01:31:37.923-0500] {standard_task_runner.py:104} INFO - Running: ['***', 'tasks', 'run', 'etl_reporte_como_vamos', 'etl_ex_bbva', 'scheduled__2025-02-04T06:30:00+00:00', '--job-id', '46', '--raw', '--subdir', 'DAGS_FOLDER/etl_como_vamos_dag.py', '--cfg-path', '/tmp/tmpb7ebht8j']
[2025-02-05T01:31:37.925-0500] {standard_task_runner.py:105} INFO - Job 46: Subtask etl_ex_bbva
[2025-02-05T01:31:38.004-0500] {task_command.py:467} INFO - Running <TaskInstance: etl_reporte_como_vamos.etl_ex_bbva scheduled__2025-02-04T06:30:00+00:00 [running]> on host 21f1c1b48730
[2025-02-05T01:31:38.128-0500] {taskinstance.py:3132} INFO - Exporting env vars: AIRFLOW_CTX_DAG_OWNER='***' AIRFLOW_CTX_DAG_ID='etl_reporte_como_vamos' AIRFLOW_CTX_TASK_ID='etl_ex_bbva' AIRFLOW_CTX_EXECUTION_DATE='2025-02-04T06:30:00+00:00' AIRFLOW_CTX_TRY_NUMBER='1' AIRFLOW_CTX_DAG_RUN_ID='scheduled__2025-02-04T06:30:00+00:00'
[2025-02-05T01:31:38.129-0500] {taskinstance.py:731} INFO - ::endgroup::
[2025-02-05T01:31:38.151-0500] {subprocess.py:78} INFO - Tmp dir root location: /tmp
[2025-02-05T01:31:38.152-0500] {subprocess.py:88} INFO - Running command: ['/usr/bin/bash', '-c', 'python /opt/***/scripts/etl_ex_bbva.py']
[2025-02-05T01:31:38.164-0500] {subprocess.py:99} INFO - Output:
[2025-02-05T01:31:41.016-0500] {subprocess.py:106} INFO - ic| params: {'database': 'calidad_etl',
[2025-02-05T01:31:41.017-0500] {subprocess.py:106} INFO -              'host': '172.29.33.204',
[2025-02-05T01:31:41.018-0500] {subprocess.py:106} INFO -              'password': 'calidad2021*',
[2025-02-05T01:31:41.018-0500] {subprocess.py:106} INFO -              'port': '3306',
[2025-02-05T01:31:41.019-0500] {subprocess.py:106} INFO -              'user': 'calidad_etl'}
[2025-02-05T01:31:41.059-0500] {subprocess.py:106} INFO - ic| params: {'database': 'calidad_etl',
[2025-02-05T01:31:41.060-0500] {subprocess.py:106} INFO -              'host': '172.29.33.204',
[2025-02-05T01:31:41.061-0500] {subprocess.py:106} INFO -              'password': 'calidad2021*',
[2025-02-05T01:31:41.061-0500] {subprocess.py:106} INFO -              'port': '3306',
[2025-02-05T01:31:41.062-0500] {subprocess.py:106} INFO -              'user': 'calidad_etl'}
[2025-02-05T01:31:41.702-0500] {subprocess.py:106} INFO - 2025-02-05 01:31:41,702 - assets - INFO - Engine para base de datos: calidad_etl creado exitosamente
[2025-02-05T01:31:41.707-0500] {subprocess.py:106} INFO - ic| hoy: datetime.date(2025, 2, 5)
[2025-02-05T01:31:41.708-0500] {subprocess.py:106} INFO -     fecha_inicio: datetime.date(2025, 2, 1)
[2025-02-05T01:31:41.711-0500] {subprocess.py:106} INFO - ic| fecha_inicio: datetime.date(2025, 2, 1)
[2025-02-05T01:31:41.712-0500] {subprocess.py:106} INFO -     fecha_fin: datetime.date(2025, 2, 5)
[2025-02-05T01:31:41.715-0500] {subprocess.py:106} INFO - ic| query: '
[2025-02-05T01:31:41.715-0500] {subprocess.py:106} INFO -             SELECT * FROM calidad_etl.sm_cerrado
[2025-02-05T01:31:41.716-0500] {subprocess.py:106} INFO -                 WHERE "INSERTAR_DT" >= %s;
[2025-02-05T01:31:41.717-0500] {subprocess.py:106} INFO -             '
[2025-02-05T01:31:42.012-0500] {subprocess.py:106} INFO - 2025-02-05 01:31:42,012 - assets - INFO - SQL query succesfully executed
[2025-02-05T01:31:42.013-0500] {subprocess.py:106} INFO - 2025-02-05 01:31:42,012 - etl_ex_bbva - INFO - Start ETL Exito Tuya BBVA
[2025-02-05T01:31:42.284-0500] {subprocess.py:106} INFO - 2025-02-05 01:31:42,284 - etl_ex_bbva - INFO - Reporte como_vamos.xlsx successfully load
[2025-02-05T01:31:42.343-0500] {subprocess.py:106} INFO - 2025-02-05 01:31:42,343 - etl_ex_bbva - INFO - etl_ex_bbva.py success execution
[2025-02-05T01:31:42.344-0500] {subprocess.py:106} INFO - Conexión exitosa a la base de datos: calidad_etl
[2025-02-05T01:31:42.614-0500] {subprocess.py:110} INFO - Command exited with return code 0
[2025-02-05T01:31:42.643-0500] {taskinstance.py:340} INFO - ::group::Post task execution logs
[2025-02-05T01:31:42.644-0500] {taskinstance.py:352} INFO - Marking task as SUCCESS. dag_id=etl_reporte_como_vamos, task_id=etl_ex_bbva, run_id=scheduled__2025-02-04T06:30:00+00:00, execution_date=20250204T063000, start_date=20250205T063137, end_date=20250205T063142
[2025-02-05T01:31:42.682-0500] {local_task_job_runner.py:266} INFO - Task exited with return code 0
[2025-02-05T01:31:42.710-0500] {taskinstance.py:3895} INFO - 1 downstream tasks scheduled from follow-on schedule check
[2025-02-05T01:31:42.713-0500] {local_task_job_runner.py:245} INFO - ::endgroup::
