[2025-01-28T06:46:19.975+0000] {local_task_job_runner.py:123} INFO - ::group::Pre task execution logs
[2025-01-28T06:46:19.997+0000] {taskinstance.py:2613} INFO - Dependencies all met for dep_context=non-requeueable deps ti=<TaskInstance: etl_reporte_como_vamos.task_bot_como_vamos manual__2025-01-28T06:46:18.487784+00:00 [queued]>
[2025-01-28T06:46:20.009+0000] {taskinstance.py:2613} INFO - Dependencies all met for dep_context=requeueable deps ti=<TaskInstance: etl_reporte_como_vamos.task_bot_como_vamos manual__2025-01-28T06:46:18.487784+00:00 [queued]>
[2025-01-28T06:46:20.011+0000] {taskinstance.py:2866} INFO - Starting attempt 1 of 2
[2025-01-28T06:46:20.030+0000] {taskinstance.py:2889} INFO - Executing <Task(BashOperator): task_bot_como_vamos> on 2025-01-28 06:46:18.487784+00:00
[2025-01-28T06:46:20.038+0000] {standard_task_runner.py:104} INFO - Running: ['***', 'tasks', 'run', 'etl_reporte_como_vamos', 'task_bot_como_vamos', 'manual__2025-01-28T06:46:18.487784+00:00', '--job-id', '52', '--raw', '--subdir', 'DAGS_FOLDER/etl_como_vamos_dag.py', '--cfg-path', '/tmp/tmpdqa8jk1m']
[2025-01-28T06:46:20.041+0000] {standard_task_runner.py:105} INFO - Job 52: Subtask task_bot_como_vamos
[2025-01-28T06:46:20.043+0000] {logging_mixin.py:190} WARNING - /home/***/.local/lib/python3.12/site-packages/***/task/task_runner/standard_task_runner.py:70 DeprecationWarning: This process (pid=454) is multi-threaded, use of fork() may lead to deadlocks in the child.
[2025-01-28T06:46:20.044+0000] {standard_task_runner.py:72} INFO - Started process 455 to run task
[2025-01-28T06:46:20.119+0000] {task_command.py:467} INFO - Running <TaskInstance: etl_reporte_como_vamos.task_bot_como_vamos manual__2025-01-28T06:46:18.487784+00:00 [running]> on host 08150d224bd2
[2025-01-28T06:46:20.456+0000] {taskinstance.py:3132} INFO - Exporting env vars: AIRFLOW_CTX_DAG_OWNER='***' AIRFLOW_CTX_DAG_ID='etl_reporte_como_vamos' AIRFLOW_CTX_TASK_ID='task_bot_como_vamos' AIRFLOW_CTX_EXECUTION_DATE='2025-01-28T06:46:18.487784+00:00' AIRFLOW_CTX_TRY_NUMBER='1' AIRFLOW_CTX_DAG_RUN_ID='manual__2025-01-28T06:46:18.487784+00:00'
[2025-01-28T06:46:20.458+0000] {taskinstance.py:731} INFO - ::endgroup::
[2025-01-28T06:46:20.488+0000] {subprocess.py:78} INFO - Tmp dir root location: /tmp
[2025-01-28T06:46:20.490+0000] {subprocess.py:88} INFO - Running command: ['/usr/bin/bash', '-c', 'python /opt/***/scripts/bot_reporte_como_vamos.py']
[2025-01-28T06:46:20.503+0000] {subprocess.py:99} INFO - Output:
[2025-01-28T06:46:25.949+0000] {subprocess.py:106} INFO - ic| start_date: '01/01/2025', end_date: '28/01/2025'
[2025-01-28T06:46:25.952+0000] {subprocess.py:106} INFO - 2025-01-28 06:46:25,948 - bot_como_vamos - INFO - Starting script bot_como_vamos.py
[2025-01-28T06:46:28.722+0000] {subprocess.py:106} INFO - 2025-01-28 06:46:28,720 - root - ERROR - Execution error: Message: Could not start a new session. Could not start a new session. Error while creating session with the driver service. Stopping driver service: Could not start a new session. Response code 404. Message: invalid session id: session deleted as the browser has closed the connection
[2025-01-28T06:46:28.742+0000] {subprocess.py:106} INFO - from disconnected: Unable to receive message from renderer
[2025-01-28T06:46:28.748+0000] {subprocess.py:106} INFO -   (Session info: chrome=132.0.6834.110)
[2025-01-28T06:46:28.750+0000] {subprocess.py:106} INFO - Host info: host: '55c85d6c8bc2', ip: '172.18.0.5'
[2025-01-28T06:46:28.753+0000] {subprocess.py:106} INFO - Build info: version: '4.28.1', revision: '73f5ad48a2'
[2025-01-28T06:46:28.755+0000] {subprocess.py:106} INFO - System info: os.name: 'Linux', os.arch: 'amd64', os.version: '6.10.4-linuxkit', java.version: '17.0.13'
[2025-01-28T06:46:28.758+0000] {subprocess.py:106} INFO - Driver info: driver.version: unknown
[2025-01-28T06:46:28.761+0000] {subprocess.py:106} INFO - Build info: version: '4.28.1', revision: '73f5ad48a2'
[2025-01-28T06:46:28.764+0000] {subprocess.py:106} INFO - System info: os.name: 'Linux', os.arch: 'amd64', os.version: '6.10.4-linuxkit', java.version: '17.0.13'
[2025-01-28T06:46:28.768+0000] {subprocess.py:106} INFO - Driver info: driver.version: unknown
[2025-01-28T06:46:28.774+0000] {subprocess.py:106} INFO - Build info: version: '4.28.1', revision: '73f5ad48a2'
[2025-01-28T06:46:28.776+0000] {subprocess.py:106} INFO - System info: os.name: 'Linux', os.arch: 'amd64', os.version: '6.10.4-linuxkit', java.version: '17.0.13'
[2025-01-28T06:46:28.778+0000] {subprocess.py:106} INFO - Driver info: driver.version: unknown
[2025-01-28T06:46:28.780+0000] {subprocess.py:106} INFO - Stacktrace:
[2025-01-28T06:46:28.782+0000] {subprocess.py:106} INFO -     at org.openqa.selenium.grid.node.remote.RemoteNode.newSession (RemoteNode.java:167)
[2025-01-28T06:46:28.786+0000] {subprocess.py:106} INFO -     at org.openqa.selenium.grid.distributor.local.LocalDistributor.startSession (LocalDistributor.java:678)
[2025-01-28T06:46:28.789+0000] {subprocess.py:106} INFO -     at org.openqa.selenium.grid.distributor.local.LocalDistributor.newSession (LocalDistributor.java:597)
[2025-01-28T06:46:28.792+0000] {subprocess.py:106} INFO -     at org.openqa.selenium.grid.distributor.local.LocalDistributor$NewSessionRunnable.handleNewSessionRequest (LocalDistributor.java:861)
[2025-01-28T06:46:28.795+0000] {subprocess.py:106} INFO -     at org.openqa.selenium.grid.distributor.local.LocalDistributor$NewSessionRunnable.lambda$run$1 (LocalDistributor.java:818)
[2025-01-28T06:46:28.796+0000] {subprocess.py:106} INFO -     at java.util.concurrent.ThreadPoolExecutor.runWorker (ThreadPoolExecutor.java:1136)
[2025-01-28T06:46:28.799+0000] {subprocess.py:106} INFO -     at java.util.concurrent.ThreadPoolExecutor$Worker.run (ThreadPoolExecutor.java:635)
[2025-01-28T06:46:28.801+0000] {subprocess.py:106} INFO -     at java.lang.Thread.run (Thread.java:840)
[2025-01-28T06:46:28.867+0000] {subprocess.py:106} INFO - ic| file: '***tmpjlfg0e_5'
[2025-01-28T06:46:28.869+0000] {subprocess.py:106} INFO - ic| file: 'pymp-hmyjbm0g'
[2025-01-28T06:46:28.872+0000] {subprocess.py:106} INFO - ic| file: 'hsperfdata_root'
[2025-01-28T06:46:33.869+0000] {subprocess.py:106} INFO - ic| file: '***tmpjlfg0e_5'
[2025-01-28T06:46:33.871+0000] {subprocess.py:106} INFO - ic| file: 'pymp-hmyjbm0g'
[2025-01-28T06:46:33.872+0000] {subprocess.py:106} INFO - ic| file: 'hsperfdata_root'
[2025-01-28T06:46:38.872+0000] {subprocess.py:106} INFO - ic| file: '***tmpjlfg0e_5'
[2025-01-28T06:46:38.873+0000] {subprocess.py:106} INFO - ic| file: 'pymp-hmyjbm0g'
[2025-01-28T06:46:38.875+0000] {subprocess.py:106} INFO - ic| file: 'hsperfdata_root'
[2025-01-28T06:46:43.874+0000] {subprocess.py:106} INFO - ic| file: '***tmpjlfg0e_5'
[2025-01-28T06:46:43.876+0000] {subprocess.py:106} INFO - ic| file: 'pymp-hmyjbm0g'
[2025-01-28T06:46:43.878+0000] {subprocess.py:106} INFO - ic| file: 'hsperfdata_root'
[2025-01-28T06:46:48.886+0000] {subprocess.py:106} INFO - ic| file: '***tmpjlfg0e_5'
[2025-01-28T06:46:48.888+0000] {subprocess.py:106} INFO - ic| file: 'pymp-hmyjbm0g'
[2025-01-28T06:46:48.889+0000] {subprocess.py:106} INFO - ic| file: 'hsperfdata_root'
[2025-01-28T06:46:50.359+0000] {local_task_job_runner.py:346} WARNING - State of this instance has been externally set to restarting. Terminating instance.
[2025-01-28T06:46:50.361+0000] {local_task_job_runner.py:245} INFO - ::endgroup::
[2025-01-28T06:46:50.363+0000] {process_utils.py:132} INFO - Sending 15 to group 455. PIDs of all processes in the group: [457, 455]
[2025-01-28T06:46:50.364+0000] {process_utils.py:87} INFO - Sending the signal 15 to group 455
[2025-01-28T06:46:50.365+0000] {taskinstance.py:3093} ERROR - Received SIGTERM. Terminating subprocesses.
[2025-01-28T06:46:50.366+0000] {subprocess.py:117} INFO - Sending SIGTERM signal to process group
[2025-01-28T06:46:50.376+0000] {taskinstance.py:3311} ERROR - Task failed with exception
Traceback (most recent call last):
  File "/home/airflow/.local/lib/python3.12/site-packages/airflow/models/taskinstance.py", line 767, in _execute_task
    result = _execute_callable(context=context, **execute_callable_kwargs)
             ^^^^^^^^^^^^^^^^^^^^^^^^^^^^^^^^^^^^^^^^^^^^^^^^^^^^^^^^^^^^^
  File "/home/airflow/.local/lib/python3.12/site-packages/airflow/models/taskinstance.py", line 733, in _execute_callable
    return ExecutionCallableRunner(
           ^^^^^^^^^^^^^^^^^^^^^^^^
  File "/home/airflow/.local/lib/python3.12/site-packages/airflow/utils/operator_helpers.py", line 252, in run
    return self.func(*args, **kwargs)
           ^^^^^^^^^^^^^^^^^^^^^^^^^^
  File "/home/airflow/.local/lib/python3.12/site-packages/airflow/models/baseoperator.py", line 422, in wrapper
    return func(self, *args, **kwargs)
           ^^^^^^^^^^^^^^^^^^^^^^^^^^^
  File "/home/airflow/.local/lib/python3.12/site-packages/airflow/operators/bash.py", line 257, in execute
    result = self._run_inline_command(bash_path=bash_path, env=env)
             ^^^^^^^^^^^^^^^^^^^^^^^^^^^^^^^^^^^^^^^^^^^^^^^^^^^^^^
  File "/home/airflow/.local/lib/python3.12/site-packages/airflow/operators/bash.py", line 284, in _run_inline_command
    return self.subprocess_hook.run_command(
           ^^^^^^^^^^^^^^^^^^^^^^^^^^^^^^^^^
  File "/home/airflow/.local/lib/python3.12/site-packages/airflow/hooks/subprocess.py", line 104, in run_command
    for raw_line in iter(self.sub_process.stdout.readline, b""):
                    ^^^^^^^^^^^^^^^^^^^^^^^^^^^^^^^^^^^^^^^^^^^
  File "/home/airflow/.local/lib/python3.12/site-packages/airflow/models/taskinstance.py", line 3095, in signal_handler
    raise AirflowTaskTerminated("Task received SIGTERM signal")
airflow.exceptions.AirflowTaskTerminated: Task received SIGTERM signal
[2025-01-28T06:46:50.385+0000] {taskinstance.py:1225} INFO - Marking task as UP_FOR_RETRY. dag_id=etl_reporte_como_vamos, task_id=task_bot_como_vamos, run_id=manual__2025-01-28T06:46:18.487784+00:00, execution_date=20250128T064618, start_date=20250128T064619, end_date=20250128T064650
[2025-01-28T06:46:50.397+0000] {taskinstance.py:340} INFO - ::group::Post task execution logs
[2025-01-28T06:46:50.421+0000] {process_utils.py:80} INFO - Process psutil.Process(pid=457, status='terminated', started='06:46:20') (457) terminated with exit code None
[2025-01-28T06:46:50.422+0000] {process_utils.py:80} INFO - Process psutil.Process(pid=455, status='terminated', exitcode=2, started='06:46:19') (455) terminated with exit code 2
