[2025-01-28T06:51:52.829+0000] {local_task_job_runner.py:123} INFO - ::group::Pre task execution logs
[2025-01-28T06:51:52.963+0000] {taskinstance.py:2613} INFO - Dependencies all met for dep_context=non-requeueable deps ti=<TaskInstance: etl_reporte_como_vamos.task_bot_como_vamos manual__2025-01-28T06:46:18.487784+00:00 [queued]>
[2025-01-28T06:51:53.019+0000] {taskinstance.py:2613} INFO - Dependencies all met for dep_context=requeueable deps ti=<TaskInstance: etl_reporte_como_vamos.task_bot_como_vamos manual__2025-01-28T06:46:18.487784+00:00 [queued]>
[2025-01-28T06:51:53.025+0000] {taskinstance.py:2866} INFO - Starting attempt 2 of 2
[2025-01-28T06:51:53.124+0000] {taskinstance.py:2889} INFO - Executing <Task(BashOperator): task_bot_como_vamos> on 2025-01-28 06:46:18.487784+00:00
[2025-01-28T06:51:53.166+0000] {standard_task_runner.py:104} INFO - Running: ['***', 'tasks', 'run', 'etl_reporte_como_vamos', 'task_bot_como_vamos', 'manual__2025-01-28T06:46:18.487784+00:00', '--job-id', '54', '--raw', '--subdir', 'DAGS_FOLDER/etl_como_vamos_dag.py', '--cfg-path', '/tmp/tmptxy4nx27']
[2025-01-28T06:51:53.184+0000] {standard_task_runner.py:105} INFO - Job 54: Subtask task_bot_como_vamos
[2025-01-28T06:51:53.220+0000] {logging_mixin.py:190} WARNING - /home/***/.local/lib/python3.12/site-packages/***/task/task_runner/standard_task_runner.py:70 DeprecationWarning: This process (pid=704) is multi-threaded, use of fork() may lead to deadlocks in the child.
[2025-01-28T06:51:53.225+0000] {standard_task_runner.py:72} INFO - Started process 705 to run task
[2025-01-28T06:51:53.542+0000] {task_command.py:467} INFO - Running <TaskInstance: etl_reporte_como_vamos.task_bot_como_vamos manual__2025-01-28T06:46:18.487784+00:00 [running]> on host 08150d224bd2
[2025-01-28T06:52:01.848+0000] {taskinstance.py:3132} INFO - Exporting env vars: AIRFLOW_CTX_DAG_OWNER='***' AIRFLOW_CTX_DAG_ID='etl_reporte_como_vamos' AIRFLOW_CTX_TASK_ID='task_bot_como_vamos' AIRFLOW_CTX_EXECUTION_DATE='2025-01-28T06:46:18.487784+00:00' AIRFLOW_CTX_TRY_NUMBER='2' AIRFLOW_CTX_DAG_RUN_ID='manual__2025-01-28T06:46:18.487784+00:00'
[2025-01-28T06:52:01.908+0000] {taskinstance.py:731} INFO - ::endgroup::
[2025-01-28T06:52:02.127+0000] {subprocess.py:78} INFO - Tmp dir root location: /tmp
[2025-01-28T06:52:02.222+0000] {subprocess.py:88} INFO - Running command: ['/usr/bin/bash', '-c', 'python /opt/***/scripts/bot_reporte_como_vamos.py']
[2025-01-28T06:52:02.293+0000] {subprocess.py:99} INFO - Output:
[2025-01-28T06:52:22.802+0000] {job.py:229} INFO - Heartbeat recovered after 12.16 seconds
[2025-01-28T06:53:01.241+0000] {job.py:229} INFO - Heartbeat recovered after 39.35 seconds
[2025-01-28T06:53:01.489+0000] {subprocess.py:106} INFO - ic| start_date: '01/01/2025', end_date: '28/01/2025'
[2025-01-28T06:53:01.523+0000] {subprocess.py:106} INFO - 2025-01-28 06:53:01,489 - bot_como_vamos - INFO - Starting script bot_como_vamos.py
[2025-01-28T06:53:41.495+0000] {job.py:229} INFO - Heartbeat recovered after 34.77 seconds
[2025-01-28T06:54:26.690+0000] {subprocess.py:106} INFO - 2025-01-28 06:54:26,686 - root - ERROR - Execution error: Message: Could not start a new session. Could not start a new session. Error while creating session with the driver service. Stopping driver service: Could not start a new session. Response code 500. Message: session not created
[2025-01-28T06:54:26.715+0000] {subprocess.py:106} INFO - from chrome not reachable
[2025-01-28T06:54:26.718+0000] {subprocess.py:106} INFO - Host info: host: '55c85d6c8bc2', ip: '172.18.0.5'
[2025-01-28T06:54:26.720+0000] {subprocess.py:106} INFO - Build info: version: '4.28.1', revision: '73f5ad48a2'
[2025-01-28T06:54:26.722+0000] {subprocess.py:106} INFO - System info: os.name: 'Linux', os.arch: 'amd64', os.version: '6.10.4-linuxkit', java.version: '17.0.13'
[2025-01-28T06:54:26.725+0000] {subprocess.py:106} INFO - Driver info: driver.version: unknown
[2025-01-28T06:54:26.728+0000] {subprocess.py:106} INFO - Build info: version: '4.28.1', revision: '73f5ad48a2'
[2025-01-28T06:54:26.730+0000] {subprocess.py:106} INFO - System info: os.name: 'Linux', os.arch: 'amd64', os.version: '6.10.4-linuxkit', java.version: '17.0.13'
[2025-01-28T06:54:26.734+0000] {subprocess.py:106} INFO - Driver info: driver.version: unknown
[2025-01-28T06:54:26.736+0000] {subprocess.py:106} INFO - Build info: version: '4.28.1', revision: '73f5ad48a2'
[2025-01-28T06:54:26.738+0000] {subprocess.py:106} INFO - System info: os.name: 'Linux', os.arch: 'amd64', os.version: '6.10.4-linuxkit', java.version: '17.0.13'
[2025-01-28T06:54:26.740+0000] {subprocess.py:106} INFO - Driver info: driver.version: unknown
[2025-01-28T06:54:26.742+0000] {subprocess.py:106} INFO - Stacktrace:
[2025-01-28T06:54:26.745+0000] {subprocess.py:106} INFO -     at org.openqa.selenium.grid.node.remote.RemoteNode.newSession (RemoteNode.java:167)
[2025-01-28T06:54:26.748+0000] {subprocess.py:106} INFO -     at org.openqa.selenium.grid.distributor.local.LocalDistributor.startSession (LocalDistributor.java:678)
[2025-01-28T06:54:26.753+0000] {subprocess.py:106} INFO -     at org.openqa.selenium.grid.distributor.local.LocalDistributor.newSession (LocalDistributor.java:597)
[2025-01-28T06:54:26.755+0000] {subprocess.py:106} INFO -     at org.openqa.selenium.grid.distributor.local.LocalDistributor$NewSessionRunnable.handleNewSessionRequest (LocalDistributor.java:861)
[2025-01-28T06:54:26.758+0000] {subprocess.py:106} INFO -     at org.openqa.selenium.grid.distributor.local.LocalDistributor$NewSessionRunnable.lambda$run$1 (LocalDistributor.java:818)
[2025-01-28T06:54:26.761+0000] {subprocess.py:106} INFO -     at java.util.concurrent.ThreadPoolExecutor.runWorker (ThreadPoolExecutor.java:1136)
[2025-01-28T06:54:26.763+0000] {subprocess.py:106} INFO -     at java.util.concurrent.ThreadPoolExecutor$Worker.run (ThreadPoolExecutor.java:635)
[2025-01-28T06:54:26.767+0000] {subprocess.py:106} INFO -     at java.lang.Thread.run (Thread.java:840)
[2025-01-28T06:54:26.828+0000] {subprocess.py:106} INFO - ic| file: '***tmpob5o4w1o'
[2025-01-28T06:54:26.835+0000] {subprocess.py:106} INFO - ic| file: '***tmptz3g16e7'
[2025-01-28T06:54:26.839+0000] {subprocess.py:106} INFO - ic| file: 'pymp-hmyjbm0g'
[2025-01-28T06:54:26.843+0000] {subprocess.py:106} INFO - ic| file: 'hsperfdata_root'
[2025-01-28T06:54:27.222+0000] {job.py:229} INFO - Heartbeat recovered after 49.43 seconds
[2025-01-28T06:54:31.898+0000] {subprocess.py:106} INFO - ic| file: '***tmpob5o4w1o'
[2025-01-28T06:54:31.966+0000] {subprocess.py:106} INFO - ic| file: '***tmptz3g16e7'
[2025-01-28T06:54:31.991+0000] {subprocess.py:106} INFO - ic| file: 'pymp-hmyjbm0g'
[2025-01-28T06:54:31.996+0000] {subprocess.py:106} INFO - ic| file: 'hsperfdata_root'
[2025-01-28T06:54:36.936+0000] {subprocess.py:106} INFO - ic| file: '***tmpob5o4w1o'
[2025-01-28T06:54:36.940+0000] {subprocess.py:106} INFO - ic| file: '***tmptz3g16e7'
[2025-01-28T06:54:36.941+0000] {subprocess.py:106} INFO - ic| file: 'pymp-hmyjbm0g'
[2025-01-28T06:54:36.942+0000] {subprocess.py:106} INFO - ic| file: 'hsperfdata_root'
[2025-01-28T06:54:41.972+0000] {subprocess.py:106} INFO - ic| file: '***tmpob5o4w1o'
[2025-01-28T06:54:41.982+0000] {subprocess.py:106} INFO - ic| file: '***tmptz3g16e7'
[2025-01-28T06:54:41.983+0000] {subprocess.py:106} INFO - ic| file: 'pymp-hmyjbm0g'
[2025-01-28T06:54:41.984+0000] {subprocess.py:106} INFO - ic| file: 'hsperfdata_root'
[2025-01-28T06:54:47.017+0000] {subprocess.py:106} INFO - ic| file: '***tmpob5o4w1o'
[2025-01-28T06:54:47.026+0000] {subprocess.py:106} INFO - ic| file: '***tmptz3g16e7'
[2025-01-28T06:54:47.027+0000] {subprocess.py:106} INFO - ic| file: 'pymp-hmyjbm0g'
[2025-01-28T06:54:47.028+0000] {subprocess.py:106} INFO - ic| file: 'hsperfdata_root'
[2025-01-28T06:54:52.706+0000] {subprocess.py:106} INFO - ic| file: '***tmpob5o4w1o'
[2025-01-28T06:54:52.716+0000] {subprocess.py:106} INFO - ic| file: '***tmptz3g16e7'
[2025-01-28T06:54:52.717+0000] {subprocess.py:106} INFO - ic| file: 'pymp-hmyjbm0g'
[2025-01-28T06:54:52.719+0000] {subprocess.py:106} INFO - ic| file: 'hsperfdata_root'
[2025-01-28T06:54:58.261+0000] {subprocess.py:106} INFO - ic| file: '***tmpob5o4w1o'
[2025-01-28T06:54:58.433+0000] {subprocess.py:106} INFO - ic| file: '***tmptz3g16e7'
[2025-01-28T06:54:58.445+0000] {subprocess.py:106} INFO - ic| file: 'pymp-hmyjbm0g'
[2025-01-28T06:54:58.452+0000] {subprocess.py:106} INFO - ic| file: 'hsperfdata_root'
[2025-01-28T06:55:03.300+0000] {subprocess.py:106} INFO - ic| file: '***tmpob5o4w1o'
[2025-01-28T06:55:03.354+0000] {subprocess.py:106} INFO - ic| file: '***tmptz3g16e7'
[2025-01-28T06:55:03.356+0000] {subprocess.py:106} INFO - ic| file: 'pymp-hmyjbm0g'
[2025-01-28T06:55:03.358+0000] {subprocess.py:106} INFO - ic| file: 'hsperfdata_root'
[2025-01-28T06:55:08.334+0000] {subprocess.py:106} INFO - ic| file: '***tmpob5o4w1o'
[2025-01-28T06:55:08.339+0000] {subprocess.py:106} INFO - ic| file: '***tmptz3g16e7'
[2025-01-28T06:55:08.340+0000] {subprocess.py:106} INFO - ic| file: 'pymp-hmyjbm0g'
[2025-01-28T06:55:08.341+0000] {subprocess.py:106} INFO - ic| file: 'hsperfdata_root'
[2025-01-28T06:55:13.461+0000] {subprocess.py:106} INFO - ic| file: '***tmpob5o4w1o'
[2025-01-28T06:55:13.572+0000] {subprocess.py:106} INFO - ic| file: '***tmptz3g16e7'
[2025-01-28T06:55:13.741+0000] {subprocess.py:106} INFO - ic| file: 'pymp-hmyjbm0g'
[2025-01-28T06:55:13.839+0000] {subprocess.py:106} INFO - ic| file: 'hsperfdata_root'
[2025-01-28T06:55:18.505+0000] {subprocess.py:106} INFO - ic| file: '***tmpob5o4w1o'
[2025-01-28T06:55:18.514+0000] {subprocess.py:106} INFO - ic| file: '***tmptz3g16e7'
[2025-01-28T06:55:18.515+0000] {subprocess.py:106} INFO - ic| file: 'pymp-hmyjbm0g'
[2025-01-28T06:55:18.516+0000] {subprocess.py:106} INFO - ic| file: 'hsperfdata_root'
[2025-01-28T06:55:23.540+0000] {subprocess.py:106} INFO - ic| file: '***tmpob5o4w1o'
[2025-01-28T06:55:23.545+0000] {subprocess.py:106} INFO - ic| file: '***tmptz3g16e7'
[2025-01-28T06:55:23.548+0000] {subprocess.py:106} INFO - ic| file: 'pymp-hmyjbm0g'
[2025-01-28T06:55:23.549+0000] {subprocess.py:106} INFO - ic| file: 'hsperfdata_root'
[2025-01-28T06:55:26.860+0000] {local_task_job_runner.py:127} ERROR - Received SIGTERM. Terminating subprocesses
[2025-01-28T06:55:27.187+0000] {process_utils.py:132} INFO - Sending 15 to group 705. PIDs of all processes in the group: [712, 705]
[2025-01-28T06:55:27.209+0000] {process_utils.py:87} INFO - Sending the signal 15 to group 705
[2025-01-28T06:55:27.219+0000] {taskinstance.py:3093} ERROR - Received SIGTERM. Terminating subprocesses.
[2025-01-28T06:55:27.224+0000] {subprocess.py:117} INFO - Sending SIGTERM signal to process group
[2025-01-28T06:55:27.539+0000] {taskinstance.py:3311} ERROR - Task failed with exception
Traceback (most recent call last):
  File "/home/airflow/.local/lib/python3.12/site-packages/airflow/models/taskinstance.py", line 767, in _execute_task
    result = _execute_callable(context=context, **execute_callable_kwargs)
             ^^^^^^^^^^^^^^^^^^^^^^^^^^^^^^^^^^^^^^^^^^^^^^^^^^^^^^^^^^^^^
  File "/home/airflow/.local/lib/python3.12/site-packages/airflow/models/taskinstance.py", line 733, in _execute_callable
    return ExecutionCallableRunner(
           ^^^^^^^^^^^^^^^^^^^^^^^^
  File "/home/airflow/.local/lib/python3.12/site-packages/airflow/utils/operator_helpers.py", line 252, in run
    return self.func(*args, **kwargs)
           ^^^^^^^^^^^^^^^^^^^^^^^^^^
  File "/home/airflow/.local/lib/python3.12/site-packages/airflow/models/baseoperator.py", line 422, in wrapper
    return func(self, *args, **kwargs)
           ^^^^^^^^^^^^^^^^^^^^^^^^^^^
  File "/home/airflow/.local/lib/python3.12/site-packages/airflow/operators/bash.py", line 257, in execute
    result = self._run_inline_command(bash_path=bash_path, env=env)
             ^^^^^^^^^^^^^^^^^^^^^^^^^^^^^^^^^^^^^^^^^^^^^^^^^^^^^^
  File "/home/airflow/.local/lib/python3.12/site-packages/airflow/operators/bash.py", line 284, in _run_inline_command
    return self.subprocess_hook.run_command(
           ^^^^^^^^^^^^^^^^^^^^^^^^^^^^^^^^^
  File "/home/airflow/.local/lib/python3.12/site-packages/airflow/hooks/subprocess.py", line 104, in run_command
    for raw_line in iter(self.sub_process.stdout.readline, b""):
                    ^^^^^^^^^^^^^^^^^^^^^^^^^^^^^^^^^^^^^^^^^^^
  File "/home/airflow/.local/lib/python3.12/site-packages/airflow/models/taskinstance.py", line 3095, in signal_handler
    raise AirflowTaskTerminated("Task received SIGTERM signal")
airflow.exceptions.AirflowTaskTerminated: Task received SIGTERM signal
[2025-01-28T06:55:27.652+0000] {taskinstance.py:1225} INFO - Marking task as FAILED. dag_id=etl_reporte_como_vamos, task_id=task_bot_como_vamos, run_id=manual__2025-01-28T06:46:18.487784+00:00, execution_date=20250128T064618, start_date=20250128T065152, end_date=20250128T065527
[2025-01-28T06:55:27.887+0000] {taskinstance.py:340} INFO - ::group::Post task execution logs
[2025-01-28T06:55:28.009+0000] {process_utils.py:80} INFO - Process psutil.Process(pid=712, status='terminated', started='06:52:01') (712) terminated with exit code None
[2025-01-28T06:55:28.014+0000] {process_utils.py:80} INFO - Process psutil.Process(pid=705, status='terminated', exitcode=2, started='06:51:52') (705) terminated with exit code 2
[2025-01-28T06:55:28.023+0000] {local_task_job_runner.py:266} INFO - Task exited with return code 143
[2025-01-28T06:55:33.567+0000] {standard_task_runner.py:217} INFO - Process not found (most likely exited), stop collecting metrics
[2025-01-28T06:55:33.569+0000] {taskinstance.py:3895} INFO - 0 downstream tasks scheduled from follow-on schedule check
[2025-01-28T06:55:33.633+0000] {local_task_job_runner.py:245} INFO - ::endgroup::
