[2025-02-07T06:30:01.064-0500] {local_task_job_runner.py:123} INFO - ::group::Pre task execution logs
[2025-02-07T06:30:01.087-0500] {taskinstance.py:2613} INFO - Dependencies all met for dep_context=non-requeueable deps ti=<TaskInstance: etl_reporte_como_vamos.task_bot_como_vamos scheduled__2025-02-06T11:30:00+00:00 [queued]>
[2025-02-07T06:30:01.097-0500] {taskinstance.py:2613} INFO - Dependencies all met for dep_context=requeueable deps ti=<TaskInstance: etl_reporte_como_vamos.task_bot_como_vamos scheduled__2025-02-06T11:30:00+00:00 [queued]>
[2025-02-07T06:30:01.098-0500] {taskinstance.py:2866} INFO - Starting attempt 1 of 4
[2025-02-07T06:30:01.114-0500] {taskinstance.py:2889} INFO - Executing <Task(BashOperator): task_bot_como_vamos> on 2025-02-06 11:30:00+00:00
[2025-02-07T06:30:01.123-0500] {warnings.py:112} WARNING - /home/***/.local/lib/python3.12/site-packages/***/task/task_runner/standard_task_runner.py:70: DeprecationWarning: This process (pid=35676) is multi-threaded, use of fork() may lead to deadlocks in the child.
  pid = os.fork()

[2025-02-07T06:30:01.125-0500] {standard_task_runner.py:104} INFO - Running: ['***', 'tasks', 'run', 'etl_reporte_como_vamos', 'task_bot_como_vamos', 'scheduled__2025-02-06T11:30:00+00:00', '--job-id', '66', '--raw', '--subdir', 'DAGS_FOLDER/etl_como_vamos_dag.py', '--cfg-path', '/tmp/tmpl9h1h4lw']
[2025-02-07T06:30:01.126-0500] {standard_task_runner.py:72} INFO - Started process 35677 to run task
[2025-02-07T06:30:01.126-0500] {standard_task_runner.py:105} INFO - Job 66: Subtask task_bot_como_vamos
[2025-02-07T06:30:01.179-0500] {task_command.py:467} INFO - Running <TaskInstance: etl_reporte_como_vamos.task_bot_como_vamos scheduled__2025-02-06T11:30:00+00:00 [running]> on host 21f1c1b48730
[2025-02-07T06:30:01.285-0500] {taskinstance.py:3132} INFO - Exporting env vars: AIRFLOW_CTX_DAG_OWNER='***' AIRFLOW_CTX_DAG_ID='etl_reporte_como_vamos' AIRFLOW_CTX_TASK_ID='task_bot_como_vamos' AIRFLOW_CTX_EXECUTION_DATE='2025-02-06T11:30:00+00:00' AIRFLOW_CTX_TRY_NUMBER='1' AIRFLOW_CTX_DAG_RUN_ID='scheduled__2025-02-06T11:30:00+00:00'
[2025-02-07T06:30:01.287-0500] {taskinstance.py:731} INFO - ::endgroup::
[2025-02-07T06:30:01.309-0500] {subprocess.py:78} INFO - Tmp dir root location: /tmp
[2025-02-07T06:30:01.311-0500] {subprocess.py:88} INFO - Running command: ['/usr/bin/bash', '-c', 'python /opt/***/scripts/bot_reporte_como_vamos.py']
[2025-02-07T06:30:01.322-0500] {subprocess.py:99} INFO - Output:
[2025-02-07T06:30:04.582-0500] {subprocess.py:106} INFO - ic| report_date: '06/02/2025'
[2025-02-07T06:30:04.583-0500] {subprocess.py:106} INFO - 2025-02-07 06:30:04,582 - bot_como_vamos - INFO - Starting script bot_como_vamos.py
[2025-02-07T06:30:05.367-0500] {subprocess.py:106} INFO - 2025-02-07 06:30:05,367 - bot_como_vamos - INFO - Conexión al Selenium Hub establecida correctamente
[2025-02-07T06:30:58.734-0500] {subprocess.py:106} INFO - ic| login_success: <selenium.webdriver.remote.webelement.WebElement (session="df793e5ddd7b6c03e9dee39a6d0e8f78", element="f.C93CE97C7E572B20CF73905903132107.d.6389CA02EA66D11370632C1755AF7B74.e.77")>
[2025-02-07T06:30:58.736-0500] {subprocess.py:106} INFO - 2025-02-07 06:30:58,734 - bot_como_vamos - INFO - Loging success
[2025-02-07T06:31:08.878-0500] {subprocess.py:106} INFO - 2025-02-07 06:31:08,878 - bot_como_vamos - INFO - Click in menu button successfully
[2025-02-07T06:31:19.189-0500] {subprocess.py:106} INFO - 2025-02-07 06:31:19,188 - bot_como_vamos - INFO - Input dates successfully
[2025-02-07T06:31:29.527-0500] {subprocess.py:106} INFO - 2025-02-07 06:31:29,524 - bot_como_vamos - INFO - Click in 'Empresas Y Negocios' successfully
[2025-02-07T06:31:52.463-0500] {subprocess.py:106} INFO - 2025-02-07 06:31:52,462 - assets - INFO - Waiting for download file...............
[2025-02-07T06:31:52.586-0500] {subprocess.py:106} INFO - ic| file: '.com.google.Chrome.XyBDMJ'
[2025-02-07T06:31:57.597-0500] {subprocess.py:106} INFO - ic| file: 'Reporte como_vamos.xlsx'
[2025-02-07T06:31:57.598-0500] {subprocess.py:106} INFO - 2025-02-07 06:31:57,597 - bot_como_vamos - INFO - Download Reporte como_vamos succesfully
[2025-02-07T06:31:58.676-0500] {subprocess.py:110} INFO - Command exited with return code 0
[2025-02-07T06:31:58.752-0500] {taskinstance.py:340} INFO - ::group::Post task execution logs
[2025-02-07T06:31:58.754-0500] {taskinstance.py:352} INFO - Marking task as SUCCESS. dag_id=etl_reporte_como_vamos, task_id=task_bot_como_vamos, run_id=scheduled__2025-02-06T11:30:00+00:00, execution_date=20250206T113000, start_date=20250207T113001, end_date=20250207T113158
[2025-02-07T06:31:58.806-0500] {local_task_job_runner.py:266} INFO - Task exited with return code 0
[2025-02-07T06:31:58.867-0500] {taskinstance.py:3895} INFO - 2 downstream tasks scheduled from follow-on schedule check
[2025-02-07T06:31:58.870-0500] {local_task_job_runner.py:245} INFO - ::endgroup::
