[2025-01-27T23:11:48.361+0000] {local_task_job_runner.py:123} INFO - ::group::Pre task execution logs
[2025-01-27T23:11:48.432+0000] {taskinstance.py:2613} INFO - Dependencies all met for dep_context=non-requeueable deps ti=<TaskInstance: etl_reporte_como_vamos.task_bot_como_vamos manual__2025-01-27T23:11:44.881212+00:00 [queued]>
[2025-01-27T23:11:48.477+0000] {taskinstance.py:2613} INFO - Dependencies all met for dep_context=requeueable deps ti=<TaskInstance: etl_reporte_como_vamos.task_bot_como_vamos manual__2025-01-27T23:11:44.881212+00:00 [queued]>
[2025-01-27T23:11:48.479+0000] {taskinstance.py:2866} INFO - Starting attempt 1 of 2
[2025-01-27T23:11:48.526+0000] {taskinstance.py:2889} INFO - Executing <Task(BashOperator): task_bot_como_vamos> on 2025-01-27 23:11:44.881212+00:00
[2025-01-27T23:11:48.540+0000] {standard_task_runner.py:104} INFO - Running: ['***', 'tasks', 'run', 'etl_reporte_como_vamos', 'task_bot_como_vamos', 'manual__2025-01-27T23:11:44.881212+00:00', '--job-id', '7', '--raw', '--subdir', 'DAGS_FOLDER/etl_como_vamos_dag.py', '--cfg-path', '/tmp/tmp1yx55ygh']
[2025-01-27T23:11:48.546+0000] {standard_task_runner.py:105} INFO - Job 7: Subtask task_bot_como_vamos
[2025-01-27T23:11:48.550+0000] {logging_mixin.py:190} WARNING - /home/***/.local/lib/python3.12/site-packages/***/task/task_runner/standard_task_runner.py:70 DeprecationWarning: This process (pid=297) is multi-threaded, use of fork() may lead to deadlocks in the child.
[2025-01-27T23:11:48.554+0000] {standard_task_runner.py:72} INFO - Started process 304 to run task
[2025-01-27T23:11:48.708+0000] {task_command.py:467} INFO - Running <TaskInstance: etl_reporte_como_vamos.task_bot_como_vamos manual__2025-01-27T23:11:44.881212+00:00 [running]> on host 4bc3fbeb4580
[2025-01-27T23:11:50.214+0000] {taskinstance.py:3132} INFO - Exporting env vars: AIRFLOW_CTX_DAG_OWNER='***' AIRFLOW_CTX_DAG_ID='etl_reporte_como_vamos' AIRFLOW_CTX_TASK_ID='task_bot_como_vamos' AIRFLOW_CTX_EXECUTION_DATE='2025-01-27T23:11:44.881212+00:00' AIRFLOW_CTX_TRY_NUMBER='1' AIRFLOW_CTX_DAG_RUN_ID='manual__2025-01-27T23:11:44.881212+00:00'
[2025-01-27T23:11:50.218+0000] {taskinstance.py:731} INFO - ::endgroup::
[2025-01-27T23:11:50.277+0000] {subprocess.py:78} INFO - Tmp dir root location: /tmp
[2025-01-27T23:11:50.280+0000] {subprocess.py:88} INFO - Running command: ['/usr/bin/bash', '-c', 'python /opt/***/scripts/prueba.py']
[2025-01-27T23:11:50.302+0000] {subprocess.py:99} INFO - Output:
[2025-01-27T23:11:50.492+0000] {subprocess.py:106} INFO - PRUEBA DE SCRIPTS
[2025-01-27T23:11:50.494+0000] {subprocess.py:106} INFO - PRUEBA DE SCRIPTS
[2025-01-27T23:11:50.497+0000] {subprocess.py:106} INFO - PRUEBA DE SCRIPTS
[2025-01-27T23:11:50.499+0000] {subprocess.py:106} INFO - PRUEBA DE SCRIPTS
[2025-01-27T23:11:50.501+0000] {subprocess.py:106} INFO - PRUEBA DE SCRIPTS
[2025-01-27T23:11:50.503+0000] {subprocess.py:106} INFO - PRUEBA DE SCRIPTS
[2025-01-27T23:11:50.506+0000] {subprocess.py:106} INFO - PRUEBA DE SCRIPTS
[2025-01-27T23:11:50.507+0000] {subprocess.py:106} INFO - PRUEBA DE SCRIPTS
[2025-01-27T23:11:50.509+0000] {subprocess.py:106} INFO - PRUEBA DE SCRIPTS
[2025-01-27T23:11:50.512+0000] {subprocess.py:106} INFO - PRUEBA DE SCRIPTS
[2025-01-27T23:11:50.513+0000] {subprocess.py:106} INFO - PRUEBA DE SCRIPTS
[2025-01-27T23:11:50.515+0000] {subprocess.py:106} INFO - PRUEBA DE SCRIPTS
[2025-01-27T23:11:50.516+0000] {subprocess.py:106} INFO - PRUEBA DE SCRIPTS
[2025-01-27T23:11:50.518+0000] {subprocess.py:106} INFO - PRUEBA DE SCRIPTS
[2025-01-27T23:11:50.521+0000] {subprocess.py:106} INFO - PRUEBA DE SCRIPTS
[2025-01-27T23:11:50.522+0000] {subprocess.py:106} INFO - PRUEBA DE SCRIPTS
[2025-01-27T23:11:50.524+0000] {subprocess.py:106} INFO - PRUEBA DE SCRIPTS
[2025-01-27T23:11:50.525+0000] {subprocess.py:106} INFO - PRUEBA DE SCRIPTS
[2025-01-27T23:11:50.527+0000] {subprocess.py:106} INFO - PRUEBA DE SCRIPTS
[2025-01-27T23:11:50.529+0000] {subprocess.py:106} INFO - PRUEBA DE SCRIPTS
[2025-01-27T23:11:50.532+0000] {subprocess.py:106} INFO - PRUEBA DE SCRIPTS
[2025-01-27T23:11:50.538+0000] {subprocess.py:106} INFO - PRUEBA DE SCRIPTS
[2025-01-27T23:11:50.542+0000] {subprocess.py:106} INFO - PRUEBA DE SCRIPTS
[2025-01-27T23:11:50.545+0000] {subprocess.py:106} INFO - PRUEBA DE SCRIPTS
[2025-01-27T23:11:50.546+0000] {subprocess.py:106} INFO - PRUEBA DE SCRIPTS
[2025-01-27T23:11:50.548+0000] {subprocess.py:106} INFO - PRUEBA DE SCRIPTS
[2025-01-27T23:11:50.549+0000] {subprocess.py:106} INFO - PRUEBA DE SCRIPTS
[2025-01-27T23:11:50.551+0000] {subprocess.py:106} INFO - PRUEBA DE SCRIPTS
[2025-01-27T23:11:50.553+0000] {subprocess.py:106} INFO - PRUEBA DE SCRIPTS
[2025-01-27T23:11:50.555+0000] {subprocess.py:106} INFO - PRUEBA DE SCRIPTS
[2025-01-27T23:11:50.556+0000] {subprocess.py:106} INFO - PRUEBA DE SCRIPTS
[2025-01-27T23:11:50.558+0000] {subprocess.py:106} INFO - PRUEBA DE SCRIPTS
[2025-01-27T23:11:50.560+0000] {subprocess.py:106} INFO - PRUEBA DE SCRIPTS
[2025-01-27T23:11:50.561+0000] {subprocess.py:106} INFO - PRUEBA DE SCRIPTS
[2025-01-27T23:11:50.563+0000] {subprocess.py:106} INFO - PRUEBA DE SCRIPTS
[2025-01-27T23:11:50.565+0000] {subprocess.py:106} INFO - PRUEBA DE SCRIPTS
[2025-01-27T23:11:50.566+0000] {subprocess.py:106} INFO - PRUEBA DE SCRIPTS
[2025-01-27T23:11:50.568+0000] {subprocess.py:106} INFO - PRUEBA DE SCRIPTS
[2025-01-27T23:11:50.570+0000] {subprocess.py:106} INFO - PRUEBA DE SCRIPTS
[2025-01-27T23:11:50.571+0000] {subprocess.py:106} INFO - PRUEBA DE SCRIPTS
[2025-01-27T23:11:50.573+0000] {subprocess.py:106} INFO - PRUEBA DE SCRIPTS
[2025-01-27T23:11:50.575+0000] {subprocess.py:106} INFO - PRUEBA DE SCRIPTS
[2025-01-27T23:11:50.577+0000] {subprocess.py:106} INFO - PRUEBA DE SCRIPTS
[2025-01-27T23:11:50.578+0000] {subprocess.py:106} INFO - PRUEBA DE SCRIPTS
[2025-01-27T23:11:50.580+0000] {subprocess.py:106} INFO - PRUEBA DE SCRIPTS
[2025-01-27T23:11:50.581+0000] {subprocess.py:106} INFO - PRUEBA DE SCRIPTS
[2025-01-27T23:11:50.583+0000] {subprocess.py:106} INFO - PRUEBA DE SCRIPTS
[2025-01-27T23:11:50.585+0000] {subprocess.py:106} INFO - PRUEBA DE SCRIPTS
[2025-01-27T23:11:50.586+0000] {subprocess.py:106} INFO - PRUEBA DE SCRIPTS
[2025-01-27T23:11:50.591+0000] {subprocess.py:106} INFO - PRUEBA DE SCRIPTS
[2025-01-27T23:11:50.593+0000] {subprocess.py:106} INFO - PRUEBA DE SCRIPTS
[2025-01-27T23:11:50.595+0000] {subprocess.py:106} INFO - PRUEBA DE SCRIPTS
[2025-01-27T23:11:50.597+0000] {subprocess.py:106} INFO - PRUEBA DE SCRIPTS
[2025-01-27T23:11:50.602+0000] {subprocess.py:106} INFO - PRUEBA DE SCRIPTS
[2025-01-27T23:11:50.604+0000] {subprocess.py:106} INFO - PRUEBA DE SCRIPTS
[2025-01-27T23:11:50.606+0000] {subprocess.py:106} INFO - PRUEBA DE SCRIPTS
[2025-01-27T23:11:50.609+0000] {subprocess.py:106} INFO - PRUEBA DE SCRIPTS
[2025-01-27T23:11:50.610+0000] {subprocess.py:106} INFO - PRUEBA DE SCRIPTS
[2025-01-27T23:11:50.612+0000] {subprocess.py:106} INFO - PRUEBA DE SCRIPTS
[2025-01-27T23:11:50.614+0000] {subprocess.py:106} INFO - PRUEBA DE SCRIPTS
[2025-01-27T23:11:50.616+0000] {subprocess.py:106} INFO - PRUEBA DE SCRIPTS
[2025-01-27T23:11:50.618+0000] {subprocess.py:106} INFO - PRUEBA DE SCRIPTS
[2025-01-27T23:11:50.620+0000] {subprocess.py:106} INFO - PRUEBA DE SCRIPTS
[2025-01-27T23:11:50.622+0000] {subprocess.py:106} INFO - PRUEBA DE SCRIPTS
[2025-01-27T23:11:50.623+0000] {subprocess.py:106} INFO - PRUEBA DE SCRIPTS
[2025-01-27T23:11:50.625+0000] {subprocess.py:106} INFO - PRUEBA DE SCRIPTS
[2025-01-27T23:11:50.626+0000] {subprocess.py:106} INFO - PRUEBA DE SCRIPTS
[2025-01-27T23:11:50.628+0000] {subprocess.py:106} INFO - PRUEBA DE SCRIPTS
[2025-01-27T23:11:50.630+0000] {subprocess.py:106} INFO - PRUEBA DE SCRIPTS
[2025-01-27T23:11:50.631+0000] {subprocess.py:106} INFO - PRUEBA DE SCRIPTS
[2025-01-27T23:11:50.634+0000] {subprocess.py:106} INFO - PRUEBA DE SCRIPTS
[2025-01-27T23:11:50.635+0000] {subprocess.py:106} INFO - PRUEBA DE SCRIPTS
[2025-01-27T23:11:50.637+0000] {subprocess.py:106} INFO - PRUEBA DE SCRIPTS
[2025-01-27T23:11:50.639+0000] {subprocess.py:106} INFO - PRUEBA DE SCRIPTS
[2025-01-27T23:11:50.641+0000] {subprocess.py:106} INFO - PRUEBA DE SCRIPTS
[2025-01-27T23:11:50.643+0000] {subprocess.py:106} INFO - PRUEBA DE SCRIPTS
[2025-01-27T23:11:50.646+0000] {subprocess.py:106} INFO - PRUEBA DE SCRIPTS
[2025-01-27T23:11:50.648+0000] {subprocess.py:106} INFO - PRUEBA DE SCRIPTS
[2025-01-27T23:11:50.651+0000] {subprocess.py:106} INFO - PRUEBA DE SCRIPTS
[2025-01-27T23:11:50.654+0000] {subprocess.py:106} INFO - PRUEBA DE SCRIPTS
[2025-01-27T23:11:50.656+0000] {subprocess.py:106} INFO - PRUEBA DE SCRIPTS
[2025-01-27T23:11:50.661+0000] {subprocess.py:106} INFO - PRUEBA DE SCRIPTS
[2025-01-27T23:11:50.663+0000] {subprocess.py:106} INFO - PRUEBA DE SCRIPTS
[2025-01-27T23:11:50.666+0000] {subprocess.py:106} INFO - PRUEBA DE SCRIPTS
[2025-01-27T23:11:50.669+0000] {subprocess.py:106} INFO - PRUEBA DE SCRIPTS
[2025-01-27T23:11:50.670+0000] {subprocess.py:106} INFO - PRUEBA DE SCRIPTS
[2025-01-27T23:11:50.674+0000] {subprocess.py:106} INFO - PRUEBA DE SCRIPTS
[2025-01-27T23:11:50.677+0000] {subprocess.py:106} INFO - PRUEBA DE SCRIPTS
[2025-01-27T23:11:50.679+0000] {subprocess.py:106} INFO - PRUEBA DE SCRIPTS
[2025-01-27T23:11:50.682+0000] {subprocess.py:106} INFO - PRUEBA DE SCRIPTS
[2025-01-27T23:11:50.684+0000] {subprocess.py:106} INFO - PRUEBA DE SCRIPTS
[2025-01-27T23:11:50.686+0000] {subprocess.py:106} INFO - PRUEBA DE SCRIPTS
[2025-01-27T23:11:50.688+0000] {subprocess.py:106} INFO - PRUEBA DE SCRIPTS
[2025-01-27T23:11:50.690+0000] {subprocess.py:106} INFO - PRUEBA DE SCRIPTS
[2025-01-27T23:11:50.692+0000] {subprocess.py:106} INFO - PRUEBA DE SCRIPTS
[2025-01-27T23:11:50.694+0000] {subprocess.py:106} INFO - PRUEBA DE SCRIPTS
[2025-01-27T23:11:50.697+0000] {subprocess.py:106} INFO - PRUEBA DE SCRIPTS
[2025-01-27T23:11:50.700+0000] {subprocess.py:106} INFO - PRUEBA DE SCRIPTS
[2025-01-27T23:11:50.702+0000] {subprocess.py:106} INFO - PRUEBA DE SCRIPTS
[2025-01-27T23:11:50.704+0000] {subprocess.py:106} INFO - PRUEBA DE SCRIPTS
[2025-01-27T23:11:50.706+0000] {subprocess.py:106} INFO - PRUEBA DE SCRIPTS
[2025-01-27T23:11:50.708+0000] {subprocess.py:106} INFO - PRUEBA DE SCRIPTS
[2025-01-27T23:11:50.710+0000] {subprocess.py:106} INFO - PRUEBA DE SCRIPTS
[2025-01-27T23:11:50.712+0000] {subprocess.py:106} INFO - PRUEBA DE SCRIPTS
[2025-01-27T23:11:50.715+0000] {subprocess.py:106} INFO - PRUEBA DE SCRIPTS
[2025-01-27T23:11:50.718+0000] {subprocess.py:106} INFO - PRUEBA DE SCRIPTS
[2025-01-27T23:11:50.719+0000] {subprocess.py:106} INFO - PRUEBA DE SCRIPTS
[2025-01-27T23:11:50.721+0000] {subprocess.py:106} INFO - PRUEBA DE SCRIPTS
[2025-01-27T23:11:50.723+0000] {subprocess.py:106} INFO - PRUEBA DE SCRIPTS
[2025-01-27T23:11:50.725+0000] {subprocess.py:106} INFO - PRUEBA DE SCRIPTS
[2025-01-27T23:11:50.728+0000] {subprocess.py:106} INFO - PRUEBA DE SCRIPTS
[2025-01-27T23:11:50.730+0000] {subprocess.py:106} INFO - PRUEBA DE SCRIPTS
[2025-01-27T23:11:50.732+0000] {subprocess.py:106} INFO - PRUEBA DE SCRIPTS
[2025-01-27T23:11:50.734+0000] {subprocess.py:106} INFO - PRUEBA DE SCRIPTS
[2025-01-27T23:11:50.735+0000] {subprocess.py:106} INFO - PRUEBA DE SCRIPTS
[2025-01-27T23:11:50.737+0000] {subprocess.py:106} INFO - PRUEBA DE SCRIPTS
[2025-01-27T23:11:50.739+0000] {subprocess.py:106} INFO - PRUEBA DE SCRIPTS
[2025-01-27T23:11:50.741+0000] {subprocess.py:106} INFO - PRUEBA DE SCRIPTS
[2025-01-27T23:11:50.743+0000] {subprocess.py:106} INFO - PRUEBA DE SCRIPTS
[2025-01-27T23:11:50.745+0000] {subprocess.py:106} INFO - PRUEBA DE SCRIPTS
[2025-01-27T23:11:50.746+0000] {subprocess.py:106} INFO - PRUEBA DE SCRIPTS
[2025-01-27T23:11:50.751+0000] {subprocess.py:106} INFO - PRUEBA DE SCRIPTS
[2025-01-27T23:11:50.753+0000] {subprocess.py:106} INFO - PRUEBA DE SCRIPTS
[2025-01-27T23:11:50.756+0000] {subprocess.py:106} INFO - PRUEBA DE SCRIPTS
[2025-01-27T23:11:50.760+0000] {subprocess.py:106} INFO - PRUEBA DE SCRIPTS
[2025-01-27T23:11:50.762+0000] {subprocess.py:106} INFO - PRUEBA DE SCRIPTS
[2025-01-27T23:11:50.764+0000] {subprocess.py:106} INFO - PRUEBA DE SCRIPTS
[2025-01-27T23:11:50.766+0000] {subprocess.py:106} INFO - PRUEBA DE SCRIPTS
[2025-01-27T23:11:50.767+0000] {subprocess.py:106} INFO - PRUEBA DE SCRIPTS
[2025-01-27T23:11:50.769+0000] {subprocess.py:106} INFO - PRUEBA DE SCRIPTS
[2025-01-27T23:11:50.772+0000] {subprocess.py:106} INFO - PRUEBA DE SCRIPTS
[2025-01-27T23:11:50.774+0000] {subprocess.py:106} INFO - PRUEBA DE SCRIPTS
[2025-01-27T23:11:50.777+0000] {subprocess.py:106} INFO - PRUEBA DE SCRIPTS
[2025-01-27T23:11:50.779+0000] {subprocess.py:106} INFO - PRUEBA DE SCRIPTS
[2025-01-27T23:11:50.782+0000] {subprocess.py:106} INFO - PRUEBA DE SCRIPTS
[2025-01-27T23:11:50.784+0000] {subprocess.py:106} INFO - PRUEBA DE SCRIPTS
[2025-01-27T23:11:50.785+0000] {subprocess.py:106} INFO - PRUEBA DE SCRIPTS
[2025-01-27T23:11:50.787+0000] {subprocess.py:106} INFO - PRUEBA DE SCRIPTS
[2025-01-27T23:11:50.789+0000] {subprocess.py:106} INFO - PRUEBA DE SCRIPTS
[2025-01-27T23:11:50.791+0000] {subprocess.py:106} INFO - PRUEBA DE SCRIPTS
[2025-01-27T23:11:50.793+0000] {subprocess.py:106} INFO - PRUEBA DE SCRIPTS
[2025-01-27T23:11:50.794+0000] {subprocess.py:106} INFO - PRUEBA DE SCRIPTS
[2025-01-27T23:11:50.797+0000] {subprocess.py:106} INFO - PRUEBA DE SCRIPTS
[2025-01-27T23:11:50.800+0000] {subprocess.py:106} INFO - PRUEBA DE SCRIPTS
[2025-01-27T23:11:50.802+0000] {subprocess.py:106} INFO - PRUEBA DE SCRIPTS
[2025-01-27T23:11:50.805+0000] {subprocess.py:106} INFO - PRUEBA DE SCRIPTS
[2025-01-27T23:11:50.807+0000] {subprocess.py:106} INFO - PRUEBA DE SCRIPTS
[2025-01-27T23:11:50.809+0000] {subprocess.py:106} INFO - PRUEBA DE SCRIPTS
[2025-01-27T23:11:50.810+0000] {subprocess.py:106} INFO - PRUEBA DE SCRIPTS
[2025-01-27T23:11:50.812+0000] {subprocess.py:106} INFO - PRUEBA DE SCRIPTS
[2025-01-27T23:11:50.813+0000] {subprocess.py:106} INFO - PRUEBA DE SCRIPTS
[2025-01-27T23:11:50.815+0000] {subprocess.py:106} INFO - PRUEBA DE SCRIPTS
[2025-01-27T23:11:50.816+0000] {subprocess.py:106} INFO - PRUEBA DE SCRIPTS
[2025-01-27T23:11:50.817+0000] {subprocess.py:106} INFO - PRUEBA DE SCRIPTS
[2025-01-27T23:11:50.819+0000] {subprocess.py:106} INFO - PRUEBA DE SCRIPTS
[2025-01-27T23:11:50.821+0000] {subprocess.py:106} INFO - PRUEBA DE SCRIPTS
[2025-01-27T23:11:50.822+0000] {subprocess.py:106} INFO - PRUEBA DE SCRIPTS
[2025-01-27T23:11:50.823+0000] {subprocess.py:106} INFO - PRUEBA DE SCRIPTS
[2025-01-27T23:11:50.825+0000] {subprocess.py:106} INFO - PRUEBA DE SCRIPTS
[2025-01-27T23:11:50.827+0000] {subprocess.py:106} INFO - PRUEBA DE SCRIPTS
[2025-01-27T23:11:50.828+0000] {subprocess.py:106} INFO - PRUEBA DE SCRIPTS
[2025-01-27T23:11:50.829+0000] {subprocess.py:106} INFO - PRUEBA DE SCRIPTS
[2025-01-27T23:11:50.831+0000] {subprocess.py:106} INFO - PRUEBA DE SCRIPTS
[2025-01-27T23:11:50.833+0000] {subprocess.py:106} INFO - PRUEBA DE SCRIPTS
[2025-01-27T23:11:50.836+0000] {subprocess.py:106} INFO - PRUEBA DE SCRIPTS
[2025-01-27T23:11:50.838+0000] {subprocess.py:106} INFO - PRUEBA DE SCRIPTS
[2025-01-27T23:11:50.840+0000] {subprocess.py:106} INFO - PRUEBA DE SCRIPTS
[2025-01-27T23:11:50.842+0000] {subprocess.py:106} INFO - PRUEBA DE SCRIPTS
[2025-01-27T23:11:50.844+0000] {subprocess.py:106} INFO - PRUEBA DE SCRIPTS
[2025-01-27T23:11:50.845+0000] {subprocess.py:106} INFO - PRUEBA DE SCRIPTS
[2025-01-27T23:11:50.847+0000] {subprocess.py:106} INFO - PRUEBA DE SCRIPTS
[2025-01-27T23:11:50.849+0000] {subprocess.py:106} INFO - PRUEBA DE SCRIPTS
[2025-01-27T23:11:50.852+0000] {subprocess.py:106} INFO - PRUEBA DE SCRIPTS
[2025-01-27T23:11:50.854+0000] {subprocess.py:106} INFO - PRUEBA DE SCRIPTS
[2025-01-27T23:11:50.856+0000] {subprocess.py:106} INFO - PRUEBA DE SCRIPTS
[2025-01-27T23:11:50.859+0000] {subprocess.py:106} INFO - PRUEBA DE SCRIPTS
[2025-01-27T23:11:50.862+0000] {subprocess.py:106} INFO - PRUEBA DE SCRIPTS
[2025-01-27T23:11:50.863+0000] {subprocess.py:106} INFO - PRUEBA DE SCRIPTS
[2025-01-27T23:11:50.866+0000] {subprocess.py:106} INFO - PRUEBA DE SCRIPTS
[2025-01-27T23:11:50.868+0000] {subprocess.py:106} INFO - PRUEBA DE SCRIPTS
[2025-01-27T23:11:50.871+0000] {subprocess.py:106} INFO - PRUEBA DE SCRIPTS
[2025-01-27T23:11:50.873+0000] {subprocess.py:106} INFO - PRUEBA DE SCRIPTS
[2025-01-27T23:11:50.875+0000] {subprocess.py:106} INFO - PRUEBA DE SCRIPTS
[2025-01-27T23:11:50.876+0000] {subprocess.py:106} INFO - PRUEBA DE SCRIPTS
[2025-01-27T23:11:50.878+0000] {subprocess.py:106} INFO - PRUEBA DE SCRIPTS
[2025-01-27T23:11:50.880+0000] {subprocess.py:106} INFO - PRUEBA DE SCRIPTS
[2025-01-27T23:11:50.883+0000] {subprocess.py:106} INFO - PRUEBA DE SCRIPTS
[2025-01-27T23:11:50.885+0000] {subprocess.py:106} INFO - PRUEBA DE SCRIPTS
[2025-01-27T23:11:50.887+0000] {subprocess.py:106} INFO - PRUEBA DE SCRIPTS
[2025-01-27T23:11:50.888+0000] {subprocess.py:106} INFO - PRUEBA DE SCRIPTS
[2025-01-27T23:11:50.890+0000] {subprocess.py:106} INFO - PRUEBA DE SCRIPTS
[2025-01-27T23:11:50.893+0000] {subprocess.py:106} INFO - PRUEBA DE SCRIPTS
[2025-01-27T23:11:50.895+0000] {subprocess.py:106} INFO - PRUEBA DE SCRIPTS
[2025-01-27T23:11:50.898+0000] {subprocess.py:106} INFO - PRUEBA DE SCRIPTS
[2025-01-27T23:11:50.900+0000] {subprocess.py:106} INFO - PRUEBA DE SCRIPTS
[2025-01-27T23:11:50.903+0000] {subprocess.py:106} INFO - PRUEBA DE SCRIPTS
[2025-01-27T23:11:50.904+0000] {subprocess.py:106} INFO - PRUEBA DE SCRIPTS
[2025-01-27T23:11:50.906+0000] {subprocess.py:106} INFO - PRUEBA DE SCRIPTS
[2025-01-27T23:11:50.908+0000] {subprocess.py:106} INFO - PRUEBA DE SCRIPTS
[2025-01-27T23:11:50.913+0000] {subprocess.py:106} INFO - PRUEBA DE SCRIPTS
[2025-01-27T23:11:50.917+0000] {subprocess.py:110} INFO - Command exited with return code 0
[2025-01-27T23:11:50.973+0000] {taskinstance.py:340} INFO - ::group::Post task execution logs
[2025-01-27T23:11:50.975+0000] {taskinstance.py:352} INFO - Marking task as SUCCESS. dag_id=etl_reporte_como_vamos, task_id=task_bot_como_vamos, run_id=manual__2025-01-27T23:11:44.881212+00:00, execution_date=20250127T231144, start_date=20250127T231148, end_date=20250127T231150
[2025-01-27T23:11:51.040+0000] {local_task_job_runner.py:266} INFO - Task exited with return code 0
[2025-01-27T23:11:51.113+0000] {taskinstance.py:3895} INFO - 1 downstream tasks scheduled from follow-on schedule check
[2025-01-27T23:11:51.120+0000] {local_task_job_runner.py:245} INFO - ::endgroup::
