[2025-02-14T15:04:05.237-0500] {local_task_job_runner.py:123} INFO - ::group::Pre task execution logs
[2025-02-14T15:04:05.258-0500] {taskinstance.py:2613} INFO - Dependencies all met for dep_context=non-requeueable deps ti=<TaskInstance: etl_reporte_como_vamos.bot_ex_bbva manual__2025-02-14T19:59:27.336193+00:00 [queued]>
[2025-02-14T15:04:05.269-0500] {taskinstance.py:2613} INFO - Dependencies all met for dep_context=requeueable deps ti=<TaskInstance: etl_reporte_como_vamos.bot_ex_bbva manual__2025-02-14T19:59:27.336193+00:00 [queued]>
[2025-02-14T15:04:05.273-0500] {taskinstance.py:2866} INFO - Starting attempt 1 of 4
[2025-02-14T15:04:05.292-0500] {taskinstance.py:2889} INFO - Executing <Task(BashOperator): bot_ex_bbva> on 2025-02-14 19:59:27.336193+00:00
[2025-02-14T15:04:05.302-0500] {warnings.py:112} WARNING - /home/***/.local/lib/python3.12/site-packages/***/task/task_runner/standard_task_runner.py:70: DeprecationWarning: This process (pid=68050) is multi-threaded, use of fork() may lead to deadlocks in the child.
  pid = os.fork()

[2025-02-14T15:04:05.304-0500] {standard_task_runner.py:72} INFO - Started process 68051 to run task
[2025-02-14T15:04:05.304-0500] {standard_task_runner.py:104} INFO - Running: ['***', 'tasks', 'run', 'etl_reporte_como_vamos', 'bot_ex_bbva', 'manual__2025-02-14T19:59:27.336193+00:00', '--job-id', '136', '--raw', '--subdir', 'DAGS_FOLDER/etl_como_vamos_dag.py', '--cfg-path', '/tmp/tmpy493e71z']
[2025-02-14T15:04:05.305-0500] {standard_task_runner.py:105} INFO - Job 136: Subtask bot_ex_bbva
[2025-02-14T15:04:05.353-0500] {task_command.py:467} INFO - Running <TaskInstance: etl_reporte_como_vamos.bot_ex_bbva manual__2025-02-14T19:59:27.336193+00:00 [running]> on host 21f1c1b48730
[2025-02-14T15:04:05.436-0500] {taskinstance.py:3132} INFO - Exporting env vars: AIRFLOW_CTX_DAG_OWNER='***' AIRFLOW_CTX_DAG_ID='etl_reporte_como_vamos' AIRFLOW_CTX_TASK_ID='bot_ex_bbva' AIRFLOW_CTX_EXECUTION_DATE='2025-02-14T19:59:27.336193+00:00' AIRFLOW_CTX_TRY_NUMBER='1' AIRFLOW_CTX_DAG_RUN_ID='manual__2025-02-14T19:59:27.336193+00:00'
[2025-02-14T15:04:05.437-0500] {taskinstance.py:731} INFO - ::endgroup::
[2025-02-14T15:04:05.453-0500] {subprocess.py:78} INFO - Tmp dir root location: /tmp
[2025-02-14T15:04:05.454-0500] {subprocess.py:88} INFO - Running command: ['/usr/bin/bash', '-c', 'python /opt/***/scripts/bot_etl_ex_bbva.py']
[2025-02-14T15:04:05.465-0500] {subprocess.py:99} INFO - Output:
[2025-02-14T15:04:06.481-0500] {subprocess.py:106} INFO - 2025-02-14 15:04:06,481 - bot_etl_ex_bbva - INFO - Bot ETL Exito-BBVA started
[2025-02-14T15:04:06.860-0500] {subprocess.py:106} INFO - 2025-02-14 15:04:06,860 - bot_etl_ex_bbva - INFO - Conexión al Selenium Hub establecida correctamente
[2025-02-14T15:04:07.875-0500] {subprocess.py:106} INFO - 2025-02-14 15:04:07,875 - bot_etl_ex_bbva - INFO - Credentials input success
[2025-02-14T15:04:09.089-0500] {subprocess.py:106} INFO - 2025-02-14 15:04:09,088 - bot_etl_ex_bbva - INFO - Click in login button
[2025-02-14T15:04:19.114-0500] {subprocess.py:106} INFO - 2025-02-14 15:04:19,114 - bot_etl_ex_bbva - INFO - Loging success
[2025-02-14T15:04:21.339-0500] {subprocess.py:106} INFO - 2025-02-14 15:04:21,339 - bot_etl_ex_bbva - INFO - Input file succes
[2025-02-14T15:04:43.917-0500] {subprocess.py:106} INFO - 2025-02-14 15:04:43,917 - bot_etl_ex_bbva - INFO - Click in Cargar
[2025-02-14T15:04:49.543-0500] {subprocess.py:106} INFO - 2025-02-14 15:04:49,543 - bot_etl_ex_bbva - INFO - bot_etl_ex_bbva finish execution
[2025-02-14T15:04:49.671-0500] {subprocess.py:110} INFO - Command exited with return code 0
[2025-02-14T15:04:49.701-0500] {taskinstance.py:340} INFO - ::group::Post task execution logs
[2025-02-14T15:04:49.705-0500] {taskinstance.py:352} INFO - Marking task as SUCCESS. dag_id=etl_reporte_como_vamos, task_id=bot_ex_bbva, run_id=manual__2025-02-14T19:59:27.336193+00:00, execution_date=20250214T195927, start_date=20250214T200405, end_date=20250214T200449
[2025-02-14T15:04:49.750-0500] {local_task_job_runner.py:266} INFO - Task exited with return code 0
[2025-02-14T15:04:49.772-0500] {taskinstance.py:3895} INFO - 1 downstream tasks scheduled from follow-on schedule check
[2025-02-14T15:04:49.776-0500] {local_task_job_runner.py:245} INFO - ::endgroup::
