[2025-02-06T06:32:16.297-0500] {local_task_job_runner.py:123} INFO - ::group::Pre task execution logs
[2025-02-06T06:32:16.314-0500] {taskinstance.py:2613} INFO - Dependencies all met for dep_context=non-requeueable deps ti=<TaskInstance: etl_reporte_como_vamos.etl_ex_bbva scheduled__2025-02-05T11:30:00+00:00 [queued]>
[2025-02-06T06:32:16.324-0500] {taskinstance.py:2613} INFO - Dependencies all met for dep_context=requeueable deps ti=<TaskInstance: etl_reporte_como_vamos.etl_ex_bbva scheduled__2025-02-05T11:30:00+00:00 [queued]>
[2025-02-06T06:32:16.325-0500] {taskinstance.py:2866} INFO - Starting attempt 1 of 4
[2025-02-06T06:32:16.342-0500] {taskinstance.py:2889} INFO - Executing <Task(BashOperator): etl_ex_bbva> on 2025-02-05 11:30:00+00:00
[2025-02-06T06:32:16.350-0500] {warnings.py:112} WARNING - /home/***/.local/lib/python3.12/site-packages/***/task/task_runner/standard_task_runner.py:70: DeprecationWarning: This process (pid=17795) is multi-threaded, use of fork() may lead to deadlocks in the child.
  pid = os.fork()

[2025-02-06T06:32:16.352-0500] {standard_task_runner.py:72} INFO - Started process 17798 to run task
[2025-02-06T06:32:16.353-0500] {standard_task_runner.py:104} INFO - Running: ['***', 'tasks', 'run', 'etl_reporte_como_vamos', 'etl_ex_bbva', 'scheduled__2025-02-05T11:30:00+00:00', '--job-id', '62', '--raw', '--subdir', 'DAGS_FOLDER/etl_como_vamos_dag.py', '--cfg-path', '/tmp/tmpoc6okirn']
[2025-02-06T06:32:16.354-0500] {standard_task_runner.py:105} INFO - Job 62: Subtask etl_ex_bbva
[2025-02-06T06:32:16.406-0500] {task_command.py:467} INFO - Running <TaskInstance: etl_reporte_como_vamos.etl_ex_bbva scheduled__2025-02-05T11:30:00+00:00 [running]> on host 21f1c1b48730
[2025-02-06T06:32:16.501-0500] {taskinstance.py:3132} INFO - Exporting env vars: AIRFLOW_CTX_DAG_OWNER='***' AIRFLOW_CTX_DAG_ID='etl_reporte_como_vamos' AIRFLOW_CTX_TASK_ID='etl_ex_bbva' AIRFLOW_CTX_EXECUTION_DATE='2025-02-05T11:30:00+00:00' AIRFLOW_CTX_TRY_NUMBER='1' AIRFLOW_CTX_DAG_RUN_ID='scheduled__2025-02-05T11:30:00+00:00'
[2025-02-06T06:32:16.503-0500] {taskinstance.py:731} INFO - ::endgroup::
[2025-02-06T06:32:16.519-0500] {subprocess.py:78} INFO - Tmp dir root location: /tmp
[2025-02-06T06:32:16.521-0500] {subprocess.py:88} INFO - Running command: ['/usr/bin/bash', '-c', 'python /opt/***/scripts/etl_ex_bbva.py']
[2025-02-06T06:32:16.532-0500] {subprocess.py:99} INFO - Output:
[2025-02-06T06:32:19.304-0500] {subprocess.py:106} INFO - ic| params: {'database': 'calidad_etl',
[2025-02-06T06:32:19.305-0500] {subprocess.py:106} INFO -              'host': '172.29.33.204',
[2025-02-06T06:32:19.306-0500] {subprocess.py:106} INFO -              'password': 'calidad2021*',
[2025-02-06T06:32:19.307-0500] {subprocess.py:106} INFO -              'port': '3306',
[2025-02-06T06:32:19.307-0500] {subprocess.py:106} INFO -              'user': 'calidad_etl'}
[2025-02-06T06:32:19.336-0500] {subprocess.py:106} INFO - ic| params: {'database': 'calidad_etl',
[2025-02-06T06:32:19.337-0500] {subprocess.py:106} INFO -              'host': '172.29.33.204',
[2025-02-06T06:32:19.338-0500] {subprocess.py:106} INFO -              'password': 'calidad2021*',
[2025-02-06T06:32:19.338-0500] {subprocess.py:106} INFO -              'port': '3306',
[2025-02-06T06:32:19.339-0500] {subprocess.py:106} INFO -              'user': 'calidad_etl'}
[2025-02-06T06:32:19.974-0500] {subprocess.py:106} INFO - 2025-02-06 06:32:19,974 - assets - INFO - Engine para base de datos: calidad_etl creado exitosamente
[2025-02-06T06:32:19.979-0500] {subprocess.py:106} INFO - ic| hoy: datetime.date(2025, 2, 6)
[2025-02-06T06:32:19.980-0500] {subprocess.py:106} INFO -     fecha_inicio: datetime.date(2025, 2, 1)
[2025-02-06T06:32:19.985-0500] {subprocess.py:106} INFO - ic| fecha_inicio: datetime.date(2025, 2, 1)
[2025-02-06T06:32:19.986-0500] {subprocess.py:106} INFO -     fecha_fin: datetime.date(2025, 2, 6)
[2025-02-06T06:32:19.989-0500] {subprocess.py:106} INFO - ic| query: '
[2025-02-06T06:32:19.990-0500] {subprocess.py:106} INFO -             SELECT * FROM calidad_etl.sm_cerrado
[2025-02-06T06:32:19.991-0500] {subprocess.py:106} INFO -                 WHERE "INSERTAR_DT" >= %s;
[2025-02-06T06:32:19.991-0500] {subprocess.py:106} INFO -             '
[2025-02-06T06:32:20.583-0500] {subprocess.py:106} INFO - 2025-02-06 06:32:20,583 - assets - INFO - SQL query succesfully executed
[2025-02-06T06:32:20.584-0500] {subprocess.py:106} INFO - 2025-02-06 06:32:20,583 - etl_ex_bbva - INFO - Start ETL Exito Tuya BBVA
[2025-02-06T06:32:25.257-0500] {subprocess.py:106} INFO - 2025-02-06 06:32:25,256 - etl_ex_bbva - INFO - Reporte como_vamos.xlsx successfully load
[2025-02-06T06:32:25.444-0500] {subprocess.py:106} INFO - 2025-02-06 06:32:25,444 - etl_ex_bbva - INFO - etl_ex_bbva.py success execution
[2025-02-06T06:32:25.445-0500] {subprocess.py:106} INFO - Conexión exitosa a la base de datos: calidad_etl
[2025-02-06T06:32:25.661-0500] {subprocess.py:110} INFO - Command exited with return code 0
[2025-02-06T06:32:25.685-0500] {taskinstance.py:340} INFO - ::group::Post task execution logs
[2025-02-06T06:32:25.686-0500] {taskinstance.py:352} INFO - Marking task as SUCCESS. dag_id=etl_reporte_como_vamos, task_id=etl_ex_bbva, run_id=scheduled__2025-02-05T11:30:00+00:00, execution_date=20250205T113000, start_date=20250206T113216, end_date=20250206T113225
[2025-02-06T06:32:25.727-0500] {local_task_job_runner.py:266} INFO - Task exited with return code 0
[2025-02-06T06:32:25.757-0500] {taskinstance.py:3895} INFO - 0 downstream tasks scheduled from follow-on schedule check
[2025-02-06T06:32:25.761-0500] {local_task_job_runner.py:245} INFO - ::endgroup::
