[2025-02-06T06:32:16.321-0500] {local_task_job_runner.py:123} INFO - ::group::Pre task execution logs
[2025-02-06T06:32:16.339-0500] {taskinstance.py:2613} INFO - Dependencies all met for dep_context=non-requeueable deps ti=<TaskInstance: etl_reporte_como_vamos.etl_cdc scheduled__2025-02-05T11:30:00+00:00 [queued]>
[2025-02-06T06:32:16.350-0500] {taskinstance.py:2613} INFO - Dependencies all met for dep_context=requeueable deps ti=<TaskInstance: etl_reporte_como_vamos.etl_cdc scheduled__2025-02-05T11:30:00+00:00 [queued]>
[2025-02-06T06:32:16.351-0500] {taskinstance.py:2866} INFO - Starting attempt 1 of 4
[2025-02-06T06:32:16.367-0500] {taskinstance.py:2889} INFO - Executing <Task(BashOperator): etl_cdc> on 2025-02-05 11:30:00+00:00
[2025-02-06T06:32:16.374-0500] {warnings.py:112} WARNING - /home/***/.local/lib/python3.12/site-packages/***/task/task_runner/standard_task_runner.py:70: DeprecationWarning: This process (pid=17796) is multi-threaded, use of fork() may lead to deadlocks in the child.
  pid = os.fork()

[2025-02-06T06:32:16.376-0500] {standard_task_runner.py:72} INFO - Started process 17800 to run task
[2025-02-06T06:32:16.376-0500] {standard_task_runner.py:104} INFO - Running: ['***', 'tasks', 'run', 'etl_reporte_como_vamos', 'etl_cdc', 'scheduled__2025-02-05T11:30:00+00:00', '--job-id', '63', '--raw', '--subdir', 'DAGS_FOLDER/etl_como_vamos_dag.py', '--cfg-path', '/tmp/tmp3zy82xjf']
[2025-02-06T06:32:16.378-0500] {standard_task_runner.py:105} INFO - Job 63: Subtask etl_cdc
[2025-02-06T06:32:16.428-0500] {task_command.py:467} INFO - Running <TaskInstance: etl_reporte_como_vamos.etl_cdc scheduled__2025-02-05T11:30:00+00:00 [running]> on host 21f1c1b48730
[2025-02-06T06:32:16.517-0500] {taskinstance.py:3132} INFO - Exporting env vars: AIRFLOW_CTX_DAG_OWNER='***' AIRFLOW_CTX_DAG_ID='etl_reporte_como_vamos' AIRFLOW_CTX_TASK_ID='etl_cdc' AIRFLOW_CTX_EXECUTION_DATE='2025-02-05T11:30:00+00:00' AIRFLOW_CTX_TRY_NUMBER='1' AIRFLOW_CTX_DAG_RUN_ID='scheduled__2025-02-05T11:30:00+00:00'
[2025-02-06T06:32:16.518-0500] {taskinstance.py:731} INFO - ::endgroup::
[2025-02-06T06:32:16.535-0500] {subprocess.py:78} INFO - Tmp dir root location: /tmp
[2025-02-06T06:32:16.536-0500] {subprocess.py:88} INFO - Running command: ['/usr/bin/bash', '-c', 'python /opt/***/scripts/etl_cdc.py']
[2025-02-06T06:32:16.546-0500] {subprocess.py:99} INFO - Output:
[2025-02-06T06:32:25.750-0500] {subprocess.py:106} INFO -      incrementador               nombre_cliente  ... duplicado motivo_duplicado
[2025-02-06T06:32:25.751-0500] {subprocess.py:106} INFO - 0            11214  COLOMBIANA DE COMERCIO S.A.  ...
[2025-02-06T06:32:25.752-0500] {subprocess.py:106} INFO - 1            11115  COLOMBIANA DE COMERCIO S.A.  ...
[2025-02-06T06:32:25.754-0500] {subprocess.py:106} INFO - 2            11116  COLOMBIANA DE COMERCIO S.A.  ...
[2025-02-06T06:32:25.755-0500] {subprocess.py:106} INFO - 3            11117  COLOMBIANA DE COMERCIO S.A.  ...
[2025-02-06T06:32:25.755-0500] {subprocess.py:106} INFO - 4            11118  COLOMBIANA DE COMERCIO S.A.  ...
[2025-02-06T06:32:25.756-0500] {subprocess.py:106} INFO - ..             ...                          ...  ...       ...              ...
[2025-02-06T06:32:25.757-0500] {subprocess.py:106} INFO - 234          11375  COLOMBIANA DE COMERCIO S.A.  ...
[2025-02-06T06:32:25.757-0500] {subprocess.py:106} INFO - 235          11376  COLOMBIANA DE COMERCIO S.A.  ...
[2025-02-06T06:32:25.758-0500] {subprocess.py:106} INFO - 236          11377  COLOMBIANA DE COMERCIO S.A.  ...
[2025-02-06T06:32:25.759-0500] {subprocess.py:106} INFO - 237          11378  COLOMBIANA DE COMERCIO S.A.  ...
[2025-02-06T06:32:25.759-0500] {subprocess.py:106} INFO - 238          11379  COLOMBIANA DE COMERCIO S.A.  ...
[2025-02-06T06:32:25.760-0500] {subprocess.py:106} INFO - 
[2025-02-06T06:32:25.761-0500] {subprocess.py:106} INFO - [239 rows x 60 columns]
[2025-02-06T06:32:25.761-0500] {subprocess.py:106} INFO -                  nombre_cliente    id_caso  ... duplicado motivo_duplicado
[2025-02-06T06:32:25.762-0500] {subprocess.py:106} INFO - 0   COLOMBIANA DE COMERCIO S.A.  IM3047412  ...
[2025-02-06T06:32:25.762-0500] {subprocess.py:106} INFO - 1   COLOMBIANA DE COMERCIO S.A.  RF1862926  ...
[2025-02-06T06:32:25.763-0500] {subprocess.py:106} INFO - 2   COLOMBIANA DE COMERCIO S.A.  RF1862920  ...
[2025-02-06T06:32:25.763-0500] {subprocess.py:106} INFO - 3   COLOMBIANA DE COMERCIO S.A.  RF1862918  ...
[2025-02-06T06:32:25.764-0500] {subprocess.py:106} INFO - 4   COLOMBIANA DE COMERCIO S.A.  RF1862881  ...
[2025-02-06T06:32:25.765-0500] {subprocess.py:106} INFO - 5   COLOMBIANA DE COMERCIO S.A.  RF1862864  ...
[2025-02-06T06:32:25.765-0500] {subprocess.py:106} INFO - 6   COLOMBIANA DE COMERCIO S.A.  IM3046054  ...
[2025-02-06T06:32:25.766-0500] {subprocess.py:106} INFO - 7   COLOMBIANA DE COMERCIO S.A.  RF1862322  ...
[2025-02-06T06:32:25.766-0500] {subprocess.py:106} INFO - 8   COLOMBIANA DE COMERCIO S.A.  RF1862319  ...
[2025-02-06T06:32:25.767-0500] {subprocess.py:106} INFO - 9   COLOMBIANA DE COMERCIO S.A.  RF1862314  ...
[2025-02-06T06:32:25.768-0500] {subprocess.py:106} INFO - 10  COLOMBIANA DE COMERCIO S.A.  RF1862312  ...
[2025-02-06T06:32:25.768-0500] {subprocess.py:106} INFO - 11  COLOMBIANA DE COMERCIO S.A.  IM3046247  ...
[2025-02-06T06:32:25.769-0500] {subprocess.py:106} INFO - 12  COLOMBIANA DE COMERCIO S.A.  RF1862287  ...
[2025-02-06T06:32:25.769-0500] {subprocess.py:106} INFO - 13  COLOMBIANA DE COMERCIO S.A.  RF1862296  ...
[2025-02-06T06:32:25.770-0500] {subprocess.py:106} INFO - 14  COLOMBIANA DE COMERCIO S.A.  RF1862295  ...
[2025-02-06T06:32:25.770-0500] {subprocess.py:106} INFO - 15  COLOMBIANA DE COMERCIO S.A.  RF1862294  ...
[2025-02-06T06:32:25.771-0500] {subprocess.py:106} INFO - 16  COLOMBIANA DE COMERCIO S.A.  RF1862292  ...
[2025-02-06T06:32:25.772-0500] {subprocess.py:106} INFO - 17  COLOMBIANA DE COMERCIO S.A.  RF1862291  ...
[2025-02-06T06:32:25.772-0500] {subprocess.py:106} INFO - 18  COLOMBIANA DE COMERCIO S.A.  RF1862290  ...
[2025-02-06T06:32:25.773-0500] {subprocess.py:106} INFO - 19  COLOMBIANA DE COMERCIO S.A.  RF1862289  ...
[2025-02-06T06:32:25.773-0500] {subprocess.py:106} INFO - 20  COLOMBIANA DE COMERCIO S.A.  RF1860991  ...
[2025-02-06T06:32:25.774-0500] {subprocess.py:106} INFO - 21  COLOMBIANA DE COMERCIO S.A.  RF1862443  ...
[2025-02-06T06:32:25.774-0500] {subprocess.py:106} INFO - 22  COLOMBIANA DE COMERCIO S.A.  RF1859777  ...
[2025-02-06T06:32:25.775-0500] {subprocess.py:106} INFO - 23  COLOMBIANA DE COMERCIO S.A.  RF1862275  ...
[2025-02-06T06:32:25.775-0500] {subprocess.py:106} INFO - 24  COLOMBIANA DE COMERCIO S.A.  RF1862286  ...
[2025-02-06T06:32:25.776-0500] {subprocess.py:106} INFO - 25  COLOMBIANA DE COMERCIO S.A.  RF1859765  ...
[2025-02-06T06:32:25.777-0500] {subprocess.py:106} INFO - 26  COLOMBIANA DE COMERCIO S.A.  RF1859748  ...
[2025-02-06T06:32:25.777-0500] {subprocess.py:106} INFO - 27  COLOMBIANA DE COMERCIO S.A.  RF1862335  ...
[2025-02-06T06:32:25.778-0500] {subprocess.py:106} INFO - 28  COLOMBIANA DE COMERCIO S.A.  RF1862333  ...
[2025-02-06T06:32:25.779-0500] {subprocess.py:106} INFO - 29  COLOMBIANA DE COMERCIO S.A.  RF1862329  ...
[2025-02-06T06:32:25.779-0500] {subprocess.py:106} INFO - 30  COLOMBIANA DE COMERCIO S.A.  RF1862325  ...
[2025-02-06T06:32:25.780-0500] {subprocess.py:106} INFO - 31  COLOMBIANA DE COMERCIO S.A.  RF1862285  ...
[2025-02-06T06:32:25.780-0500] {subprocess.py:106} INFO - 32  COLOMBIANA DE COMERCIO S.A.  RF1862284  ...
[2025-02-06T06:32:25.781-0500] {subprocess.py:106} INFO - 33  COLOMBIANA DE COMERCIO S.A.  RF1862283  ...
[2025-02-06T06:32:25.782-0500] {subprocess.py:106} INFO - 34  COLOMBIANA DE COMERCIO S.A.  RF1862282  ...
[2025-02-06T06:32:25.782-0500] {subprocess.py:106} INFO - 35  COLOMBIANA DE COMERCIO S.A.  RF1862281  ...
[2025-02-06T06:32:25.783-0500] {subprocess.py:106} INFO - 36  COLOMBIANA DE COMERCIO S.A.  RF1862279  ...
[2025-02-06T06:32:25.783-0500] {subprocess.py:106} INFO - 37  COLOMBIANA DE COMERCIO S.A.  IM3045351  ...
[2025-02-06T06:32:25.784-0500] {subprocess.py:106} INFO - 38  COLOMBIANA DE COMERCIO S.A.  RF1862278  ...
[2025-02-06T06:32:25.784-0500] {subprocess.py:106} INFO - 39  COLOMBIANA DE COMERCIO S.A.  RF1862277  ...
[2025-02-06T06:32:25.785-0500] {subprocess.py:106} INFO - 40  COLOMBIANA DE COMERCIO S.A.  RF1862276  ...
[2025-02-06T06:32:25.785-0500] {subprocess.py:106} INFO - 41  COLOMBIANA DE COMERCIO S.A.  RF1862288  ...
[2025-02-06T06:32:25.786-0500] {subprocess.py:106} INFO - 42  COLOMBIANA DE COMERCIO S.A.  RF1862720  ...
[2025-02-06T06:32:25.786-0500] {subprocess.py:106} INFO - 43  COLOMBIANA DE COMERCIO S.A.  RF1862813  ...
[2025-02-06T06:32:25.787-0500] {subprocess.py:106} INFO - 44  COLOMBIANA DE COMERCIO S.A.  RF1862701  ...
[2025-02-06T06:32:25.788-0500] {subprocess.py:106} INFO - 45  COLOMBIANA DE COMERCIO S.A.  RF1862710  ...
[2025-02-06T06:32:25.788-0500] {subprocess.py:106} INFO - 46  COLOMBIANA DE COMERCIO S.A.  RF1862837  ...
[2025-02-06T06:32:25.789-0500] {subprocess.py:106} INFO - 47  COLOMBIANA DE COMERCIO S.A.  RF1862851  ...
[2025-02-06T06:32:25.789-0500] {subprocess.py:106} INFO - 48  COLOMBIANA DE COMERCIO S.A.  IM3046026  ...
[2025-02-06T06:32:25.790-0500] {subprocess.py:106} INFO - 49  COLOMBIANA DE COMERCIO S.A.  RF1862737  ...
[2025-02-06T06:32:25.790-0500] {subprocess.py:106} INFO - 50  COLOMBIANA DE COMERCIO S.A.  RF1860518  ...
[2025-02-06T06:32:25.791-0500] {subprocess.py:106} INFO - 51  COLOMBIANA DE COMERCIO S.A.  IM3047055  ...
[2025-02-06T06:32:25.792-0500] {subprocess.py:106} INFO - 
[2025-02-06T06:32:25.792-0500] {subprocess.py:106} INFO - [52 rows x 59 columns]
[2025-02-06T06:32:25.793-0500] {subprocess.py:106} INFO - 6 46 0
[2025-02-06T06:32:25.793-0500] {subprocess.py:106} INFO - Incidentes Cargados:  6
[2025-02-06T06:32:25.794-0500] {subprocess.py:106} INFO - Requerimientos Cargados:  46
[2025-02-06T06:32:25.794-0500] {subprocess.py:106} INFO - Ejecucion Exitosa
[2025-02-06T06:32:25.910-0500] {subprocess.py:110} INFO - Command exited with return code 0
[2025-02-06T06:32:25.941-0500] {taskinstance.py:340} INFO - ::group::Post task execution logs
[2025-02-06T06:32:25.942-0500] {taskinstance.py:352} INFO - Marking task as SUCCESS. dag_id=etl_reporte_como_vamos, task_id=etl_cdc, run_id=scheduled__2025-02-05T11:30:00+00:00, execution_date=20250205T113000, start_date=20250206T113216, end_date=20250206T113225
[2025-02-06T06:32:25.992-0500] {local_task_job_runner.py:266} INFO - Task exited with return code 0
[2025-02-06T06:32:26.020-0500] {taskinstance.py:3895} INFO - 1 downstream tasks scheduled from follow-on schedule check
[2025-02-06T06:32:26.024-0500] {local_task_job_runner.py:245} INFO - ::endgroup::
