[2025-01-30T03:26:52.789+0000] {local_task_job_runner.py:123} INFO - ::group::Pre task execution logs
[2025-01-30T03:26:52.830+0000] {taskinstance.py:2613} INFO - Dependencies all met for dep_context=non-requeueable deps ti=<TaskInstance: etl_reporte_como_vamos.task_bot_como_vamos manual__2025-01-30T03:25:01.598874+00:00 [queued]>
[2025-01-30T03:26:52.851+0000] {taskinstance.py:2613} INFO - Dependencies all met for dep_context=requeueable deps ti=<TaskInstance: etl_reporte_como_vamos.task_bot_como_vamos manual__2025-01-30T03:25:01.598874+00:00 [queued]>
[2025-01-30T03:26:52.852+0000] {taskinstance.py:2866} INFO - Starting attempt 4 of 5
[2025-01-30T03:26:52.891+0000] {taskinstance.py:2889} INFO - Executing <Task(BashOperator): task_bot_como_vamos> on 2025-01-30 03:25:01.598874+00:00
[2025-01-30T03:26:52.906+0000] {warnings.py:112} WARNING - /home/***/.local/lib/python3.12/site-packages/***/task/task_runner/standard_task_runner.py:70: DeprecationWarning: This process (pid=2338) is multi-threaded, use of fork() may lead to deadlocks in the child.
  pid = os.fork()

[2025-01-30T03:26:52.908+0000] {standard_task_runner.py:104} INFO - Running: ['***', 'tasks', 'run', 'etl_reporte_como_vamos', 'task_bot_como_vamos', 'manual__2025-01-30T03:25:01.598874+00:00', '--job-id', '23', '--raw', '--subdir', 'DAGS_FOLDER/etl_como_vamos_dag.py', '--cfg-path', '/tmp/tmpn7paa66s']
[2025-01-30T03:26:52.911+0000] {standard_task_runner.py:72} INFO - Started process 2339 to run task
[2025-01-30T03:26:52.911+0000] {standard_task_runner.py:105} INFO - Job 23: Subtask task_bot_como_vamos
[2025-01-30T03:26:53.030+0000] {task_command.py:467} INFO - Running <TaskInstance: etl_reporte_como_vamos.task_bot_como_vamos manual__2025-01-30T03:25:01.598874+00:00 [running]> on host 438c87da0b60
[2025-01-30T03:26:53.209+0000] {taskinstance.py:3132} INFO - Exporting env vars: AIRFLOW_CTX_DAG_OWNER='***' AIRFLOW_CTX_DAG_ID='etl_reporte_como_vamos' AIRFLOW_CTX_TASK_ID='task_bot_como_vamos' AIRFLOW_CTX_EXECUTION_DATE='2025-01-30T03:25:01.598874+00:00' AIRFLOW_CTX_TRY_NUMBER='4' AIRFLOW_CTX_DAG_RUN_ID='manual__2025-01-30T03:25:01.598874+00:00'
[2025-01-30T03:26:53.211+0000] {taskinstance.py:731} INFO - ::endgroup::
[2025-01-30T03:26:53.248+0000] {subprocess.py:78} INFO - Tmp dir root location: /tmp
[2025-01-30T03:26:53.250+0000] {subprocess.py:88} INFO - Running command: ['/usr/bin/bash', '-c', 'python /opt/***/scripts/bot_reporte_como_vamos.py']
[2025-01-30T03:26:53.268+0000] {subprocess.py:99} INFO - Output:
[2025-01-30T03:26:58.602+0000] {subprocess.py:106} INFO - ic| start_date: '01/01/2025', end_date: '30/01/2025'
[2025-01-30T03:26:58.604+0000] {subprocess.py:106} INFO - 2025-01-30 03:26:58,602 - bot_como_vamos - INFO - Starting script bot_como_vamos.py
[2025-01-30T03:26:58.857+0000] {subprocess.py:106} INFO - 2025-01-30 03:26:58,857 - bot_como_vamos - ERROR - Error al conectar al Selenium Hub: Message: Could not start a new session. Could not start a new session. Error while creating session with the driver service. Stopping driver service: Could not start a new session. Response code 500. Message: session not created
[2025-01-30T03:26:58.863+0000] {subprocess.py:106} INFO - from disconnected: unable to connect to renderer
[2025-01-30T03:26:58.865+0000] {subprocess.py:106} INFO - Host info: host: '7b2429a33d61', ip: '172.18.0.5'
[2025-01-30T03:26:58.868+0000] {subprocess.py:106} INFO - Build info: version: '4.28.1', revision: '73f5ad48a2'
[2025-01-30T03:26:58.870+0000] {subprocess.py:106} INFO - System info: os.name: 'Linux', os.arch: 'amd64', os.version: '5.15.153.1-microsoft-standard-WSL2', java.version: '17.0.13'
[2025-01-30T03:26:58.874+0000] {subprocess.py:106} INFO - Driver info: driver.version: unknown
[2025-01-30T03:26:58.877+0000] {subprocess.py:106} INFO - Build info: version: '4.28.1', revision: '73f5ad48a2'
[2025-01-30T03:26:58.880+0000] {subprocess.py:106} INFO - System info: os.name: 'Linux', os.arch: 'amd64', os.version: '5.15.153.1-microsoft-standard-WSL2', java.version: '17.0.13'
[2025-01-30T03:26:58.882+0000] {subprocess.py:106} INFO - Driver info: driver.version: unknown
[2025-01-30T03:26:58.884+0000] {subprocess.py:106} INFO - Build info: version: '4.28.1', revision: '73f5ad48a2'
[2025-01-30T03:26:58.885+0000] {subprocess.py:106} INFO - System info: os.name: 'Linux', os.arch: 'amd64', os.version: '5.15.153.1-microsoft-standard-WSL2', java.version: '17.0.13'
[2025-01-30T03:26:58.887+0000] {subprocess.py:106} INFO - Driver info: driver.version: unknown
[2025-01-30T03:26:58.890+0000] {subprocess.py:106} INFO - Stacktrace:
[2025-01-30T03:26:58.894+0000] {subprocess.py:106} INFO -     at org.openqa.selenium.grid.node.remote.RemoteNode.newSession (RemoteNode.java:167)
[2025-01-30T03:26:58.896+0000] {subprocess.py:106} INFO -     at org.openqa.selenium.grid.distributor.local.LocalDistributor.startSession (LocalDistributor.java:678)
[2025-01-30T03:26:58.897+0000] {subprocess.py:106} INFO -     at org.openqa.selenium.grid.distributor.local.LocalDistributor.newSession (LocalDistributor.java:597)
[2025-01-30T03:26:58.899+0000] {subprocess.py:106} INFO -     at org.openqa.selenium.grid.distributor.local.LocalDistributor$NewSessionRunnable.handleNewSessionRequest (LocalDistributor.java:861)
[2025-01-30T03:26:58.901+0000] {subprocess.py:106} INFO -     at org.openqa.selenium.grid.distributor.local.LocalDistributor$NewSessionRunnable.lambda$run$1 (LocalDistributor.java:818)
[2025-01-30T03:26:58.903+0000] {subprocess.py:106} INFO -     at java.util.concurrent.ThreadPoolExecutor.runWorker (ThreadPoolExecutor.java:1136)
[2025-01-30T03:26:58.905+0000] {subprocess.py:106} INFO -     at java.util.concurrent.ThreadPoolExecutor$Worker.run (ThreadPoolExecutor.java:635)
[2025-01-30T03:26:58.906+0000] {subprocess.py:106} INFO -     at java.lang.Thread.run (Thread.java:840)
[2025-01-30T03:26:58.909+0000] {subprocess.py:106} INFO - 2025-01-30 03:26:58,868 - bot_como_vamos - ERROR - Execution error bot_reporte_como_vamos.py:
[2025-01-30T03:26:58.911+0000] {subprocess.py:106} INFO -  Error type: SessionNotCreatedException
[2025-01-30T03:26:58.913+0000] {subprocess.py:106} INFO - Error message: Message: Could not start a new session. Could not start a new session. Error while creating session with the driver service. Stopping driver service: Could not start a new session. Response code 500. Message: session not created
[2025-01-30T03:26:58.914+0000] {subprocess.py:106} INFO - from disconnected: unable to connect to renderer
[2025-01-30T03:26:58.916+0000] {subprocess.py:106} INFO - Host info: host: '7b2429a33d61', ip: '172.18.0.5'
[2025-01-30T03:26:58.918+0000] {subprocess.py:106} INFO - Build info: version: '4.28.1', revision: '73f5ad48a2'
[2025-01-30T03:26:58.920+0000] {subprocess.py:106} INFO - System info: os.name: 'Linux', os.arch: 'amd64', os.version: '5.15.153.1-microsoft-standard-WSL2', java.version: '17.0.13'
[2025-01-30T03:26:58.922+0000] {subprocess.py:106} INFO - Driver info: driver.version: unknown
[2025-01-30T03:26:58.924+0000] {subprocess.py:106} INFO - Build info: version: '4.28.1', revision: '73f5ad48a2'
[2025-01-30T03:26:58.926+0000] {subprocess.py:106} INFO - System info: os.name: 'Linux', os.arch: 'amd64', os.version: '5.15.153.1-microsoft-standard-WSL2', java.version: '17.0.13'
[2025-01-30T03:26:58.928+0000] {subprocess.py:106} INFO - Driver info: driver.version: unknown
[2025-01-30T03:26:58.930+0000] {subprocess.py:106} INFO - Build info: version: '4.28.1', revision: '73f5ad48a2'
[2025-01-30T03:26:58.932+0000] {subprocess.py:106} INFO - System info: os.name: 'Linux', os.arch: 'amd64', os.version: '5.15.153.1-microsoft-standard-WSL2', java.version: '17.0.13'
[2025-01-30T03:26:58.933+0000] {subprocess.py:106} INFO - Driver info: driver.version: unknown
[2025-01-30T03:26:58.935+0000] {subprocess.py:106} INFO - Stacktrace:
[2025-01-30T03:26:58.937+0000] {subprocess.py:106} INFO -     at org.openqa.selenium.grid.node.remote.RemoteNode.newSession (RemoteNode.java:167)
[2025-01-30T03:26:58.942+0000] {subprocess.py:106} INFO -     at org.openqa.selenium.grid.distributor.local.LocalDistributor.startSession (LocalDistributor.java:678)
[2025-01-30T03:26:58.945+0000] {subprocess.py:106} INFO -     at org.openqa.selenium.grid.distributor.local.LocalDistributor.newSession (LocalDistributor.java:597)
[2025-01-30T03:26:58.947+0000] {subprocess.py:106} INFO -     at org.openqa.selenium.grid.distributor.local.LocalDistributor$NewSessionRunnable.handleNewSessionRequest (LocalDistributor.java:861)
[2025-01-30T03:26:58.948+0000] {subprocess.py:106} INFO -     at org.openqa.selenium.grid.distributor.local.LocalDistributor$NewSessionRunnable.lambda$run$1 (LocalDistributor.java:818)
[2025-01-30T03:26:58.950+0000] {subprocess.py:106} INFO -     at java.util.concurrent.ThreadPoolExecutor.runWorker (ThreadPoolExecutor.java:1136)
[2025-01-30T03:26:58.952+0000] {subprocess.py:106} INFO -     at java.util.concurrent.ThreadPoolExecutor$Worker.run (ThreadPoolExecutor.java:635)
[2025-01-30T03:26:58.954+0000] {subprocess.py:106} INFO -     at java.lang.Thread.run (Thread.java:840)
[2025-01-30T03:26:58.955+0000] {subprocess.py:106} INFO - Full Traceback: Traceback (most recent call last):
[2025-01-30T03:26:58.957+0000] {subprocess.py:106} INFO -   File "/opt/***/scripts/bot_reporte_como_vamos.py", line 81, in main
[2025-01-30T03:26:58.959+0000] {subprocess.py:106} INFO -     driver = webdriver.Remote(command_executor='http://selenium-hub:4444', options=chrome_options)
[2025-01-30T03:26:58.961+0000] {subprocess.py:106} INFO -              ^^^^^^^^^^^^^^^^^^^^^^^^^^^^^^^^^^^^^^^^^^^^^^^^^^^^^^^^^^^^^^^^^^^^^^^^^^^^^^^^^^^^^
[2025-01-30T03:26:58.962+0000] {subprocess.py:106} INFO -   File "/home/***/.local/lib/python3.12/site-packages/selenium/webdriver/remote/webdriver.py", line 250, in __init__
[2025-01-30T03:26:58.964+0000] {subprocess.py:106} INFO -     self.start_session(capabilities)
[2025-01-30T03:26:58.966+0000] {subprocess.py:106} INFO -   File "/home/***/.local/lib/python3.12/site-packages/selenium/webdriver/remote/webdriver.py", line 342, in start_session
[2025-01-30T03:26:58.968+0000] {subprocess.py:106} INFO -     response = self.execute(Command.NEW_SESSION, caps)["value"]
[2025-01-30T03:26:58.970+0000] {subprocess.py:106} INFO -                ^^^^^^^^^^^^^^^^^^^^^^^^^^^^^^^^^^^^^^^
[2025-01-30T03:26:58.971+0000] {subprocess.py:106} INFO -   File "/home/***/.local/lib/python3.12/site-packages/selenium/webdriver/remote/webdriver.py", line 429, in execute
[2025-01-30T03:26:58.973+0000] {subprocess.py:106} INFO -     self.error_handler.check_response(response)
[2025-01-30T03:26:58.975+0000] {subprocess.py:106} INFO -   File "/home/***/.local/lib/python3.12/site-packages/selenium/webdriver/remote/errorhandler.py", line 232, in check_response
[2025-01-30T03:26:58.977+0000] {subprocess.py:106} INFO -     raise exception_class(message, screen, stacktrace)
[2025-01-30T03:26:58.978+0000] {subprocess.py:106} INFO - selenium.common.exceptions.SessionNotCreatedException: Message: Could not start a new session. Could not start a new session. Error while creating session with the driver service. Stopping driver service: Could not start a new session. Response code 500. Message: session not created
[2025-01-30T03:26:58.981+0000] {subprocess.py:106} INFO - from disconnected: unable to connect to renderer
[2025-01-30T03:26:58.982+0000] {subprocess.py:106} INFO - Host info: host: '7b2429a33d61', ip: '172.18.0.5'
[2025-01-30T03:26:58.984+0000] {subprocess.py:106} INFO - Build info: version: '4.28.1', revision: '73f5ad48a2'
[2025-01-30T03:26:58.985+0000] {subprocess.py:106} INFO - System info: os.name: 'Linux', os.arch: 'amd64', os.version: '5.15.153.1-microsoft-standard-WSL2', java.version: '17.0.13'
[2025-01-30T03:26:58.986+0000] {subprocess.py:106} INFO - Driver info: driver.version: unknown
[2025-01-30T03:26:58.988+0000] {subprocess.py:106} INFO - Build info: version: '4.28.1', revision: '73f5ad48a2'
[2025-01-30T03:26:58.990+0000] {subprocess.py:106} INFO - System info: os.name: 'Linux', os.arch: 'amd64', os.version: '5.15.153.1-microsoft-standard-WSL2', java.version: '17.0.13'
[2025-01-30T03:26:58.992+0000] {subprocess.py:106} INFO - Driver info: driver.version: unknown
[2025-01-30T03:26:58.994+0000] {subprocess.py:106} INFO - Build info: version: '4.28.1', revision: '73f5ad48a2'
[2025-01-30T03:26:58.996+0000] {subprocess.py:106} INFO - System info: os.name: 'Linux', os.arch: 'amd64', os.version: '5.15.153.1-microsoft-standard-WSL2', java.version: '17.0.13'
[2025-01-30T03:26:58.997+0000] {subprocess.py:106} INFO - Driver info: driver.version: unknown
[2025-01-30T03:26:58.998+0000] {subprocess.py:106} INFO - Stacktrace:
[2025-01-30T03:26:59.000+0000] {subprocess.py:106} INFO -     at org.openqa.selenium.grid.node.remote.RemoteNode.newSession (RemoteNode.java:167)
[2025-01-30T03:26:59.001+0000] {subprocess.py:106} INFO -     at org.openqa.selenium.grid.distributor.local.LocalDistributor.startSession (LocalDistributor.java:678)
[2025-01-30T03:26:59.003+0000] {subprocess.py:106} INFO -     at org.openqa.selenium.grid.distributor.local.LocalDistributor.newSession (LocalDistributor.java:597)
[2025-01-30T03:26:59.004+0000] {subprocess.py:106} INFO -     at org.openqa.selenium.grid.distributor.local.LocalDistributor$NewSessionRunnable.handleNewSessionRequest (LocalDistributor.java:861)
[2025-01-30T03:26:59.006+0000] {subprocess.py:106} INFO -     at org.openqa.selenium.grid.distributor.local.LocalDistributor$NewSessionRunnable.lambda$run$1 (LocalDistributor.java:818)
[2025-01-30T03:26:59.008+0000] {subprocess.py:106} INFO -     at java.util.concurrent.ThreadPoolExecutor.runWorker (ThreadPoolExecutor.java:1136)
[2025-01-30T03:26:59.011+0000] {subprocess.py:106} INFO -     at java.util.concurrent.ThreadPoolExecutor$Worker.run (ThreadPoolExecutor.java:635)
[2025-01-30T03:26:59.013+0000] {subprocess.py:106} INFO -     at java.lang.Thread.run (Thread.java:840)
[2025-01-30T03:26:59.014+0000] {subprocess.py:106} INFO - 
[2025-01-30T03:26:59.015+0000] {subprocess.py:106} INFO - Traceback (most recent call last):
[2025-01-30T03:26:59.017+0000] {subprocess.py:106} INFO -   File "/opt/***/scripts/bot_reporte_como_vamos.py", line 173, in <module>
[2025-01-30T03:26:59.018+0000] {subprocess.py:106} INFO -     main()
[2025-01-30T03:26:59.019+0000] {subprocess.py:106} INFO -   File "/opt/***/scripts/bot_reporte_como_vamos.py", line 81, in main
[2025-01-30T03:26:59.021+0000] {subprocess.py:106} INFO -     driver = webdriver.Remote(command_executor='http://selenium-hub:4444', options=chrome_options)
[2025-01-30T03:26:59.022+0000] {subprocess.py:106} INFO -              ^^^^^^^^^^^^^^^^^^^^^^^^^^^^^^^^^^^^^^^^^^^^^^^^^^^^^^^^^^^^^^^^^^^^^^^^^^^^^^^^^^^^^
[2025-01-30T03:26:59.024+0000] {subprocess.py:106} INFO -   File "/home/***/.local/lib/python3.12/site-packages/selenium/webdriver/remote/webdriver.py", line 250, in __init__
[2025-01-30T03:26:59.026+0000] {subprocess.py:106} INFO -     self.start_session(capabilities)
[2025-01-30T03:26:59.028+0000] {subprocess.py:106} INFO -   File "/home/***/.local/lib/python3.12/site-packages/selenium/webdriver/remote/webdriver.py", line 342, in start_session
[2025-01-30T03:26:59.029+0000] {subprocess.py:106} INFO -     response = self.execute(Command.NEW_SESSION, caps)["value"]
[2025-01-30T03:26:59.030+0000] {subprocess.py:106} INFO -                ^^^^^^^^^^^^^^^^^^^^^^^^^^^^^^^^^^^^^^^
[2025-01-30T03:26:59.031+0000] {subprocess.py:106} INFO -   File "/home/***/.local/lib/python3.12/site-packages/selenium/webdriver/remote/webdriver.py", line 429, in execute
[2025-01-30T03:26:59.033+0000] {subprocess.py:106} INFO -     self.error_handler.check_response(response)
[2025-01-30T03:26:59.034+0000] {subprocess.py:106} INFO -   File "/home/***/.local/lib/python3.12/site-packages/selenium/webdriver/remote/errorhandler.py", line 232, in check_response
[2025-01-30T03:26:59.035+0000] {subprocess.py:106} INFO -     raise exception_class(message, screen, stacktrace)
[2025-01-30T03:26:59.036+0000] {subprocess.py:106} INFO - selenium.common.exceptions.SessionNotCreatedException: Message: Could not start a new session. Could not start a new session. Error while creating session with the driver service. Stopping driver service: Could not start a new session. Response code 500. Message: session not created
[2025-01-30T03:26:59.038+0000] {subprocess.py:106} INFO - from disconnected: unable to connect to renderer
[2025-01-30T03:26:59.039+0000] {subprocess.py:106} INFO - Host info: host: '7b2429a33d61', ip: '172.18.0.5'
[2025-01-30T03:26:59.041+0000] {subprocess.py:106} INFO - Build info: version: '4.28.1', revision: '73f5ad48a2'
[2025-01-30T03:26:59.043+0000] {subprocess.py:106} INFO - System info: os.name: 'Linux', os.arch: 'amd64', os.version: '5.15.153.1-microsoft-standard-WSL2', java.version: '17.0.13'
[2025-01-30T03:26:59.044+0000] {subprocess.py:106} INFO - Driver info: driver.version: unknown
[2025-01-30T03:26:59.046+0000] {subprocess.py:106} INFO - Build info: version: '4.28.1', revision: '73f5ad48a2'
[2025-01-30T03:26:59.047+0000] {subprocess.py:106} INFO - System info: os.name: 'Linux', os.arch: 'amd64', os.version: '5.15.153.1-microsoft-standard-WSL2', java.version: '17.0.13'
[2025-01-30T03:26:59.049+0000] {subprocess.py:106} INFO - Driver info: driver.version: unknown
[2025-01-30T03:26:59.050+0000] {subprocess.py:106} INFO - Build info: version: '4.28.1', revision: '73f5ad48a2'
[2025-01-30T03:26:59.052+0000] {subprocess.py:106} INFO - System info: os.name: 'Linux', os.arch: 'amd64', os.version: '5.15.153.1-microsoft-standard-WSL2', java.version: '17.0.13'
[2025-01-30T03:26:59.053+0000] {subprocess.py:106} INFO - Driver info: driver.version: unknown
[2025-01-30T03:26:59.054+0000] {subprocess.py:106} INFO - Stacktrace:
[2025-01-30T03:26:59.055+0000] {subprocess.py:106} INFO -     at org.openqa.selenium.grid.node.remote.RemoteNode.newSession (RemoteNode.java:167)
[2025-01-30T03:26:59.058+0000] {subprocess.py:106} INFO -     at org.openqa.selenium.grid.distributor.local.LocalDistributor.startSession (LocalDistributor.java:678)
[2025-01-30T03:26:59.060+0000] {subprocess.py:106} INFO -     at org.openqa.selenium.grid.distributor.local.LocalDistributor.newSession (LocalDistributor.java:597)
[2025-01-30T03:26:59.062+0000] {subprocess.py:106} INFO -     at org.openqa.selenium.grid.distributor.local.LocalDistributor$NewSessionRunnable.handleNewSessionRequest (LocalDistributor.java:861)
[2025-01-30T03:26:59.063+0000] {subprocess.py:106} INFO -     at org.openqa.selenium.grid.distributor.local.LocalDistributor$NewSessionRunnable.lambda$run$1 (LocalDistributor.java:818)
[2025-01-30T03:26:59.065+0000] {subprocess.py:106} INFO -     at java.util.concurrent.ThreadPoolExecutor.runWorker (ThreadPoolExecutor.java:1136)
[2025-01-30T03:26:59.067+0000] {subprocess.py:106} INFO -     at java.util.concurrent.ThreadPoolExecutor$Worker.run (ThreadPoolExecutor.java:635)
[2025-01-30T03:26:59.069+0000] {subprocess.py:106} INFO -     at java.lang.Thread.run (Thread.java:840)
[2025-01-30T03:26:59.187+0000] {subprocess.py:110} INFO - Command exited with return code 1
[2025-01-30T03:26:59.217+0000] {taskinstance.py:3311} ERROR - Task failed with exception
Traceback (most recent call last):
  File "/home/airflow/.local/lib/python3.12/site-packages/airflow/models/taskinstance.py", line 767, in _execute_task
    result = _execute_callable(context=context, **execute_callable_kwargs)
             ^^^^^^^^^^^^^^^^^^^^^^^^^^^^^^^^^^^^^^^^^^^^^^^^^^^^^^^^^^^^^
  File "/home/airflow/.local/lib/python3.12/site-packages/airflow/models/taskinstance.py", line 733, in _execute_callable
    return ExecutionCallableRunner(
           ^^^^^^^^^^^^^^^^^^^^^^^^
  File "/home/airflow/.local/lib/python3.12/site-packages/airflow/utils/operator_helpers.py", line 252, in run
    return self.func(*args, **kwargs)
           ^^^^^^^^^^^^^^^^^^^^^^^^^^
  File "/home/airflow/.local/lib/python3.12/site-packages/airflow/models/baseoperator.py", line 422, in wrapper
    return func(self, *args, **kwargs)
           ^^^^^^^^^^^^^^^^^^^^^^^^^^^
  File "/home/airflow/.local/lib/python3.12/site-packages/airflow/operators/bash.py", line 276, in execute
    raise AirflowException(
airflow.exceptions.AirflowException: Bash command failed. The command returned a non-zero exit code 1.
[2025-01-30T03:26:59.237+0000] {taskinstance.py:1225} INFO - Marking task as UP_FOR_RETRY. dag_id=etl_reporte_como_vamos, task_id=task_bot_como_vamos, run_id=manual__2025-01-30T03:25:01.598874+00:00, execution_date=20250130T032501, start_date=20250130T032652, end_date=20250130T032659
[2025-01-30T03:26:59.279+0000] {taskinstance.py:340} INFO - ::group::Post task execution logs
[2025-01-30T03:26:59.281+0000] {standard_task_runner.py:124} ERROR - Failed to execute job 23 for task task_bot_como_vamos (Bash command failed. The command returned a non-zero exit code 1.; 2339)
Traceback (most recent call last):
  File "/home/airflow/.local/lib/python3.12/site-packages/airflow/task/task_runner/standard_task_runner.py", line 117, in _start_by_fork
    ret = args.func(args, dag=self.dag)
          ^^^^^^^^^^^^^^^^^^^^^^^^^^^^^
  File "/home/airflow/.local/lib/python3.12/site-packages/airflow/cli/cli_config.py", line 49, in command
    return func(*args, **kwargs)
           ^^^^^^^^^^^^^^^^^^^^^
  File "/home/airflow/.local/lib/python3.12/site-packages/airflow/utils/cli.py", line 116, in wrapper
    return f(*args, **kwargs)
           ^^^^^^^^^^^^^^^^^^
  File "/home/airflow/.local/lib/python3.12/site-packages/airflow/cli/commands/task_command.py", line 483, in task_run
    task_return_code = _run_task_by_selected_method(args, _dag, ti)
                       ^^^^^^^^^^^^^^^^^^^^^^^^^^^^^^^^^^^^^^^^^^^^
  File "/home/airflow/.local/lib/python3.12/site-packages/airflow/cli/commands/task_command.py", line 256, in _run_task_by_selected_method
    return _run_raw_task(args, ti)
           ^^^^^^^^^^^^^^^^^^^^^^^
  File "/home/airflow/.local/lib/python3.12/site-packages/airflow/cli/commands/task_command.py", line 341, in _run_raw_task
    return ti._run_raw_task(
           ^^^^^^^^^^^^^^^^^
  File "/home/airflow/.local/lib/python3.12/site-packages/airflow/utils/session.py", line 97, in wrapper
    return func(*args, session=session, **kwargs)
           ^^^^^^^^^^^^^^^^^^^^^^^^^^^^^^^^^^^^^^
  File "/home/airflow/.local/lib/python3.12/site-packages/airflow/models/taskinstance.py", line 3005, in _run_raw_task
    return _run_raw_task(
           ^^^^^^^^^^^^^^
  File "/home/airflow/.local/lib/python3.12/site-packages/airflow/models/taskinstance.py", line 273, in _run_raw_task
    TaskInstance._execute_task_with_callbacks(
  File "/home/airflow/.local/lib/python3.12/site-packages/airflow/models/taskinstance.py", line 3159, in _execute_task_with_callbacks
    result = self._execute_task(context, task_orig)
             ^^^^^^^^^^^^^^^^^^^^^^^^^^^^^^^^^^^^^^
  File "/home/airflow/.local/lib/python3.12/site-packages/airflow/models/taskinstance.py", line 3183, in _execute_task
    return _execute_task(self, context, task_orig)
           ^^^^^^^^^^^^^^^^^^^^^^^^^^^^^^^^^^^^^^^
  File "/home/airflow/.local/lib/python3.12/site-packages/airflow/models/taskinstance.py", line 767, in _execute_task
    result = _execute_callable(context=context, **execute_callable_kwargs)
             ^^^^^^^^^^^^^^^^^^^^^^^^^^^^^^^^^^^^^^^^^^^^^^^^^^^^^^^^^^^^^
  File "/home/airflow/.local/lib/python3.12/site-packages/airflow/models/taskinstance.py", line 733, in _execute_callable
    return ExecutionCallableRunner(
           ^^^^^^^^^^^^^^^^^^^^^^^^
  File "/home/airflow/.local/lib/python3.12/site-packages/airflow/utils/operator_helpers.py", line 252, in run
    return self.func(*args, **kwargs)
           ^^^^^^^^^^^^^^^^^^^^^^^^^^
  File "/home/airflow/.local/lib/python3.12/site-packages/airflow/models/baseoperator.py", line 422, in wrapper
    return func(self, *args, **kwargs)
           ^^^^^^^^^^^^^^^^^^^^^^^^^^^
  File "/home/airflow/.local/lib/python3.12/site-packages/airflow/operators/bash.py", line 276, in execute
    raise AirflowException(
airflow.exceptions.AirflowException: Bash command failed. The command returned a non-zero exit code 1.
[2025-01-30T03:26:59.323+0000] {local_task_job_runner.py:266} INFO - Task exited with return code 1
[2025-01-30T03:26:59.375+0000] {taskinstance.py:3895} INFO - 0 downstream tasks scheduled from follow-on schedule check
[2025-01-30T03:26:59.383+0000] {local_task_job_runner.py:245} INFO - ::endgroup::
