[2025-01-28T07:12:26.753+0000] {local_task_job_runner.py:123} INFO - ::group::Pre task execution logs
[2025-01-28T07:12:26.808+0000] {taskinstance.py:2613} INFO - Dependencies all met for dep_context=non-requeueable deps ti=<TaskInstance: etl_reporte_como_vamos.task_bot_como_vamos manual__2025-01-28T07:12:22.296243+00:00 [queued]>
[2025-01-28T07:12:26.835+0000] {taskinstance.py:2613} INFO - Dependencies all met for dep_context=requeueable deps ti=<TaskInstance: etl_reporte_como_vamos.task_bot_como_vamos manual__2025-01-28T07:12:22.296243+00:00 [queued]>
[2025-01-28T07:12:26.837+0000] {taskinstance.py:2866} INFO - Starting attempt 1 of 2
[2025-01-28T07:12:26.868+0000] {taskinstance.py:2889} INFO - Executing <Task(BashOperator): task_bot_como_vamos> on 2025-01-28 07:12:22.296243+00:00
[2025-01-28T07:12:26.882+0000] {standard_task_runner.py:104} INFO - Running: ['***', 'tasks', 'run', 'etl_reporte_como_vamos', 'task_bot_como_vamos', 'manual__2025-01-28T07:12:22.296243+00:00', '--job-id', '56', '--raw', '--subdir', 'DAGS_FOLDER/etl_como_vamos_dag.py', '--cfg-path', '/tmp/tmpbe76_dsk']
[2025-01-28T07:12:26.889+0000] {standard_task_runner.py:105} INFO - Job 56: Subtask task_bot_como_vamos
[2025-01-28T07:12:26.894+0000] {logging_mixin.py:190} WARNING - /home/***/.local/lib/python3.12/site-packages/***/task/task_runner/standard_task_runner.py:70 DeprecationWarning: This process (pid=826) is multi-threaded, use of fork() may lead to deadlocks in the child.
[2025-01-28T07:12:26.897+0000] {standard_task_runner.py:72} INFO - Started process 829 to run task
[2025-01-28T07:12:27.042+0000] {task_command.py:467} INFO - Running <TaskInstance: etl_reporte_como_vamos.task_bot_como_vamos manual__2025-01-28T07:12:22.296243+00:00 [running]> on host ad82932cee5b
[2025-01-28T07:12:28.368+0000] {taskinstance.py:3132} INFO - Exporting env vars: AIRFLOW_CTX_DAG_OWNER='***' AIRFLOW_CTX_DAG_ID='etl_reporte_como_vamos' AIRFLOW_CTX_TASK_ID='task_bot_como_vamos' AIRFLOW_CTX_EXECUTION_DATE='2025-01-28T07:12:22.296243+00:00' AIRFLOW_CTX_TRY_NUMBER='1' AIRFLOW_CTX_DAG_RUN_ID='manual__2025-01-28T07:12:22.296243+00:00'
[2025-01-28T07:12:28.370+0000] {taskinstance.py:731} INFO - ::endgroup::
[2025-01-28T07:12:28.457+0000] {subprocess.py:78} INFO - Tmp dir root location: /tmp
[2025-01-28T07:12:28.460+0000] {subprocess.py:88} INFO - Running command: ['/usr/bin/bash', '-c', 'python /opt/***/scripts/bot_reporte_como_vamos.py']
[2025-01-28T07:12:28.477+0000] {subprocess.py:99} INFO - Output:
[2025-01-28T07:12:34.199+0000] {subprocess.py:106} INFO - ic| start_date: '01/01/2025', end_date: '28/01/2025'
[2025-01-28T07:12:34.200+0000] {subprocess.py:106} INFO - 2025-01-28 07:12:34,199 - bot_como_vamos - INFO - Starting script bot_como_vamos.py
[2025-01-28T07:17:34.359+0000] {subprocess.py:106} INFO - 2025-01-28 07:17:34,359 - root - ERROR - Execution error: Message: Could not start a new session. New session request timed out
[2025-01-28T07:17:34.360+0000] {subprocess.py:106} INFO - Host info: host: '9207319de6fb', ip: '172.18.0.2'
[2025-01-28T07:17:34.361+0000] {subprocess.py:106} INFO - Build info: version: '4.28.1', revision: '73f5ad48a2'
[2025-01-28T07:17:34.362+0000] {subprocess.py:106} INFO - System info: os.name: 'Linux', os.arch: 'amd64', os.version: '6.10.4-linuxkit', java.version: '17.0.13'
[2025-01-28T07:17:34.363+0000] {subprocess.py:106} INFO - Driver info: driver.version: unknown
[2025-01-28T07:17:34.364+0000] {subprocess.py:106} INFO - Stacktrace:
[2025-01-28T07:17:34.364+0000] {subprocess.py:106} INFO -     at org.openqa.selenium.grid.sessionqueue.local.LocalNewSessionQueue.addToQueue (LocalNewSessionQueue.java:224)
[2025-01-28T07:17:34.365+0000] {subprocess.py:106} INFO -     at org.openqa.selenium.grid.sessionqueue.NewSessionQueue.lambda$new$0 (NewSessionQueue.java:68)
[2025-01-28T07:17:34.366+0000] {subprocess.py:106} INFO -     at org.openqa.selenium.remote.http.Route$TemplatizedRoute.handle (Route.java:192)
[2025-01-28T07:17:34.366+0000] {subprocess.py:106} INFO -     at org.openqa.selenium.remote.http.Route.execute (Route.java:69)
[2025-01-28T07:17:34.367+0000] {subprocess.py:106} INFO -     at org.openqa.selenium.remote.http.Route$CombinedRoute.handle (Route.java:360)
[2025-01-28T07:17:34.369+0000] {subprocess.py:106} INFO -     at org.openqa.selenium.remote.http.Route.execute (Route.java:69)
[2025-01-28T07:17:34.370+0000] {subprocess.py:106} INFO -     at org.openqa.selenium.grid.sessionqueue.NewSessionQueue.execute (NewSessionQueue.java:128)
[2025-01-28T07:17:34.370+0000] {subprocess.py:106} INFO -     at org.openqa.selenium.remote.tracing.SpanWrappedHttpHandler.execute (SpanWrappedHttpHandler.java:87)
[2025-01-28T07:17:34.371+0000] {subprocess.py:106} INFO -     at org.openqa.selenium.remote.http.Filter$1.execute (Filter.java:63)
[2025-01-28T07:17:34.373+0000] {subprocess.py:106} INFO -     at org.openqa.selenium.remote.http.Route$CombinedRoute.handle (Route.java:360)
[2025-01-28T07:17:34.373+0000] {subprocess.py:106} INFO -     at org.openqa.selenium.remote.http.Route.execute (Route.java:69)
[2025-01-28T07:17:34.374+0000] {subprocess.py:106} INFO -     at org.openqa.selenium.grid.router.Router.execute (Router.java:89)
[2025-01-28T07:17:34.375+0000] {subprocess.py:106} INFO -     at org.openqa.selenium.grid.web.EnsureSpecCompliantResponseHeaders.lambda$apply$0 (EnsureSpecCompliantResponseHeaders.java:34)
[2025-01-28T07:17:34.376+0000] {subprocess.py:106} INFO -     at org.openqa.selenium.remote.http.Filter$1.execute (Filter.java:63)
[2025-01-28T07:17:34.377+0000] {subprocess.py:106} INFO -     at org.openqa.selenium.remote.http.Route$CombinedRoute.handle (Route.java:360)
[2025-01-28T07:17:34.378+0000] {subprocess.py:106} INFO -     at org.openqa.selenium.remote.http.Route.execute (Route.java:69)
[2025-01-28T07:17:34.379+0000] {subprocess.py:106} INFO -     at org.openqa.selenium.remote.http.Route$NestedRoute.handle (Route.java:270)
[2025-01-28T07:17:34.380+0000] {subprocess.py:106} INFO -     at org.openqa.selenium.remote.http.Route.execute (Route.java:69)
[2025-01-28T07:17:34.381+0000] {subprocess.py:106} INFO -     at org.openqa.selenium.remote.http.Route$CombinedRoute.handle (Route.java:360)
[2025-01-28T07:17:34.382+0000] {subprocess.py:106} INFO -     at org.openqa.selenium.remote.http.Route.execute (Route.java:69)
[2025-01-28T07:17:34.383+0000] {subprocess.py:106} INFO -     at org.openqa.selenium.remote.AddWebDriverSpecHeaders.lambda$apply$0 (AddWebDriverSpecHeaders.java:35)
[2025-01-28T07:17:34.385+0000] {subprocess.py:106} INFO -     at org.openqa.selenium.remote.ErrorFilter.lambda$apply$0 (ErrorFilter.java:44)
[2025-01-28T07:17:34.386+0000] {subprocess.py:106} INFO -     at org.openqa.selenium.remote.http.Filter$1.execute (Filter.java:63)
[2025-01-28T07:17:34.387+0000] {subprocess.py:106} INFO -     at org.openqa.selenium.remote.ErrorFilter.lambda$apply$0 (ErrorFilter.java:44)
[2025-01-28T07:17:34.388+0000] {subprocess.py:106} INFO -     at org.openqa.selenium.remote.http.Filter$1.execute (Filter.java:63)
[2025-01-28T07:17:34.390+0000] {subprocess.py:106} INFO -     at org.openqa.selenium.netty.server.SeleniumHandler.lambda$channelRead0$0 (SeleniumHandler.java:49)
[2025-01-28T07:17:34.391+0000] {subprocess.py:106} INFO -     at java.util.concurrent.Executors$RunnableAdapter.call (Executors.java:539)
[2025-01-28T07:17:34.393+0000] {subprocess.py:106} INFO -     at java.util.concurrent.FutureTask.run (FutureTask.java:264)
[2025-01-28T07:17:34.394+0000] {subprocess.py:106} INFO -     at java.util.concurrent.ThreadPoolExecutor.runWorker (ThreadPoolExecutor.java:1136)
[2025-01-28T07:17:34.394+0000] {subprocess.py:106} INFO -     at java.util.concurrent.ThreadPoolExecutor$Worker.run (ThreadPoolExecutor.java:635)
[2025-01-28T07:17:34.395+0000] {subprocess.py:106} INFO -     at java.lang.Thread.run (Thread.java:840)
[2025-01-28T07:17:34.399+0000] {subprocess.py:106} INFO - ic| file: '***tmp_eqblt91'
[2025-01-28T07:17:34.401+0000] {subprocess.py:106} INFO - ic| file: 'pymp-riqv01al'
[2025-01-28T07:17:34.402+0000] {subprocess.py:106} INFO - ic| file: 'hsperfdata_root'
[2025-01-28T07:17:39.401+0000] {subprocess.py:106} INFO - ic| file: '***tmp_eqblt91'
[2025-01-28T07:17:39.402+0000] {subprocess.py:106} INFO - ic| file: 'pymp-riqv01al'
[2025-01-28T07:17:39.403+0000] {subprocess.py:106} INFO - ic| file: 'hsperfdata_root'
[2025-01-28T07:17:44.403+0000] {subprocess.py:106} INFO - ic| file: '***tmp_eqblt91'
[2025-01-28T07:17:44.406+0000] {subprocess.py:106} INFO - ic| file: 'pymp-riqv01al'
[2025-01-28T07:17:44.407+0000] {subprocess.py:106} INFO - ic| file: 'hsperfdata_root'
[2025-01-28T07:17:49.405+0000] {subprocess.py:106} INFO - ic| file: '***tmp_eqblt91'
[2025-01-28T07:17:49.406+0000] {subprocess.py:106} INFO - ic| file: 'pymp-riqv01al'
[2025-01-28T07:17:49.407+0000] {subprocess.py:106} INFO - ic| file: 'hsperfdata_root'
[2025-01-28T07:17:54.406+0000] {subprocess.py:106} INFO - ic| file: '***tmp_eqblt91'
[2025-01-28T07:17:54.407+0000] {subprocess.py:106} INFO - ic| file: 'pymp-riqv01al'
[2025-01-28T07:17:54.409+0000] {subprocess.py:106} INFO - ic| file: 'hsperfdata_root'
[2025-01-28T07:17:59.409+0000] {subprocess.py:106} INFO - ic| file: '***tmp_eqblt91'
[2025-01-28T07:17:59.411+0000] {subprocess.py:106} INFO - ic| file: 'pymp-riqv01al'
[2025-01-28T07:17:59.413+0000] {subprocess.py:106} INFO - ic| file: 'hsperfdata_root'
[2025-01-28T07:18:04.411+0000] {subprocess.py:106} INFO - ic| file: '***tmp_eqblt91'
[2025-01-28T07:18:04.412+0000] {subprocess.py:106} INFO - ic| file: 'pymp-riqv01al'
[2025-01-28T07:18:04.414+0000] {subprocess.py:106} INFO - ic| file: 'hsperfdata_root'
[2025-01-28T07:18:09.414+0000] {subprocess.py:106} INFO - ic| file: '***tmp_eqblt91'
[2025-01-28T07:18:09.416+0000] {subprocess.py:106} INFO - ic| file: 'pymp-riqv01al'
[2025-01-28T07:18:09.418+0000] {subprocess.py:106} INFO - ic| file: 'hsperfdata_root'
[2025-01-28T07:18:14.416+0000] {subprocess.py:106} INFO - ic| file: '***tmp_eqblt91'
[2025-01-28T07:18:14.418+0000] {subprocess.py:106} INFO - ic| file: 'pymp-riqv01al'
[2025-01-28T07:18:14.419+0000] {subprocess.py:106} INFO - ic| file: 'hsperfdata_root'
[2025-01-28T07:18:19.418+0000] {subprocess.py:106} INFO - ic| file: '***tmp_eqblt91'
[2025-01-28T07:18:19.421+0000] {subprocess.py:106} INFO - ic| file: 'pymp-riqv01al'
[2025-01-28T07:18:19.423+0000] {subprocess.py:106} INFO - ic| file: 'hsperfdata_root'
[2025-01-28T07:18:24.422+0000] {subprocess.py:106} INFO - ic| file: '***tmp_eqblt91'
[2025-01-28T07:18:24.423+0000] {subprocess.py:106} INFO - ic| file: 'pymp-riqv01al'
[2025-01-28T07:18:24.423+0000] {subprocess.py:106} INFO - ic| file: 'hsperfdata_root'
[2025-01-28T07:18:24.811+0000] {local_task_job_runner.py:346} WARNING - State of this instance has been externally set to restarting. Terminating instance.
[2025-01-28T07:18:24.812+0000] {local_task_job_runner.py:245} INFO - ::endgroup::
[2025-01-28T07:18:24.816+0000] {process_utils.py:132} INFO - Sending 15 to group 829. PIDs of all processes in the group: [831, 829]
[2025-01-28T07:18:24.819+0000] {process_utils.py:87} INFO - Sending the signal 15 to group 829
[2025-01-28T07:18:24.820+0000] {taskinstance.py:3093} ERROR - Received SIGTERM. Terminating subprocesses.
[2025-01-28T07:18:24.821+0000] {subprocess.py:117} INFO - Sending SIGTERM signal to process group
[2025-01-28T07:18:24.834+0000] {taskinstance.py:3311} ERROR - Task failed with exception
Traceback (most recent call last):
  File "/home/airflow/.local/lib/python3.12/site-packages/airflow/models/taskinstance.py", line 767, in _execute_task
    result = _execute_callable(context=context, **execute_callable_kwargs)
             ^^^^^^^^^^^^^^^^^^^^^^^^^^^^^^^^^^^^^^^^^^^^^^^^^^^^^^^^^^^^^
  File "/home/airflow/.local/lib/python3.12/site-packages/airflow/models/taskinstance.py", line 733, in _execute_callable
    return ExecutionCallableRunner(
           ^^^^^^^^^^^^^^^^^^^^^^^^
  File "/home/airflow/.local/lib/python3.12/site-packages/airflow/utils/operator_helpers.py", line 252, in run
    return self.func(*args, **kwargs)
           ^^^^^^^^^^^^^^^^^^^^^^^^^^
  File "/home/airflow/.local/lib/python3.12/site-packages/airflow/models/baseoperator.py", line 422, in wrapper
    return func(self, *args, **kwargs)
           ^^^^^^^^^^^^^^^^^^^^^^^^^^^
  File "/home/airflow/.local/lib/python3.12/site-packages/airflow/operators/bash.py", line 257, in execute
    result = self._run_inline_command(bash_path=bash_path, env=env)
             ^^^^^^^^^^^^^^^^^^^^^^^^^^^^^^^^^^^^^^^^^^^^^^^^^^^^^^
  File "/home/airflow/.local/lib/python3.12/site-packages/airflow/operators/bash.py", line 284, in _run_inline_command
    return self.subprocess_hook.run_command(
           ^^^^^^^^^^^^^^^^^^^^^^^^^^^^^^^^^
  File "/home/airflow/.local/lib/python3.12/site-packages/airflow/hooks/subprocess.py", line 104, in run_command
    for raw_line in iter(self.sub_process.stdout.readline, b""):
                    ^^^^^^^^^^^^^^^^^^^^^^^^^^^^^^^^^^^^^^^^^^^
  File "/home/airflow/.local/lib/python3.12/site-packages/airflow/models/taskinstance.py", line 3095, in signal_handler
    raise AirflowTaskTerminated("Task received SIGTERM signal")
airflow.exceptions.AirflowTaskTerminated: Task received SIGTERM signal
[2025-01-28T07:18:24.842+0000] {taskinstance.py:1225} INFO - Marking task as UP_FOR_RETRY. dag_id=etl_reporte_como_vamos, task_id=task_bot_como_vamos, run_id=manual__2025-01-28T07:12:22.296243+00:00, execution_date=20250128T071222, start_date=20250128T071226, end_date=20250128T071824
[2025-01-28T07:18:24.859+0000] {taskinstance.py:340} INFO - ::group::Post task execution logs
[2025-01-28T07:18:24.876+0000] {process_utils.py:80} INFO - Process psutil.Process(pid=829, status='terminated', exitcode=2, started='07:12:26') (829) terminated with exit code 2
[2025-01-28T07:18:24.880+0000] {process_utils.py:80} INFO - Process psutil.Process(pid=831, status='terminated', started='07:12:28') (831) terminated with exit code None
