[2025-01-28T05:17:54.556+0000] {local_task_job_runner.py:123} INFO - ::group::Pre task execution logs
[2025-01-28T05:17:54.571+0000] {taskinstance.py:2613} INFO - Dependencies all met for dep_context=non-requeueable deps ti=<TaskInstance: etl_reporte_como_vamos.task_bot_como_vamos manual__2025-01-28T05:12:28.881554+00:00 [queued]>
[2025-01-28T05:17:54.578+0000] {taskinstance.py:2613} INFO - Dependencies all met for dep_context=requeueable deps ti=<TaskInstance: etl_reporte_como_vamos.task_bot_como_vamos manual__2025-01-28T05:12:28.881554+00:00 [queued]>
[2025-01-28T05:17:54.579+0000] {taskinstance.py:2866} INFO - Starting attempt 2 of 2
[2025-01-28T05:17:54.592+0000] {taskinstance.py:2889} INFO - Executing <Task(BashOperator): task_bot_como_vamos> on 2025-01-28 05:12:28.881554+00:00
[2025-01-28T05:17:54.597+0000] {standard_task_runner.py:104} INFO - Running: ['***', 'tasks', 'run', 'etl_reporte_como_vamos', 'task_bot_como_vamos', 'manual__2025-01-28T05:12:28.881554+00:00', '--job-id', '34', '--raw', '--subdir', 'DAGS_FOLDER/etl_como_vamos_dag.py', '--cfg-path', '/tmp/tmpyctfhnbo']
[2025-01-28T05:17:54.601+0000] {standard_task_runner.py:105} INFO - Job 34: Subtask task_bot_como_vamos
[2025-01-28T05:17:54.600+0000] {logging_mixin.py:190} WARNING - /home/***/.local/lib/python3.12/site-packages/***/task/task_runner/standard_task_runner.py:70 DeprecationWarning: This process (pid=1342) is multi-threaded, use of fork() may lead to deadlocks in the child.
[2025-01-28T05:17:54.603+0000] {standard_task_runner.py:72} INFO - Started process 1343 to run task
[2025-01-28T05:17:54.659+0000] {task_command.py:467} INFO - Running <TaskInstance: etl_reporte_como_vamos.task_bot_como_vamos manual__2025-01-28T05:12:28.881554+00:00 [running]> on host a5e394499402
[2025-01-28T05:17:55.176+0000] {taskinstance.py:3132} INFO - Exporting env vars: AIRFLOW_CTX_DAG_OWNER='***' AIRFLOW_CTX_DAG_ID='etl_reporte_como_vamos' AIRFLOW_CTX_TASK_ID='task_bot_como_vamos' AIRFLOW_CTX_EXECUTION_DATE='2025-01-28T05:12:28.881554+00:00' AIRFLOW_CTX_TRY_NUMBER='2' AIRFLOW_CTX_DAG_RUN_ID='manual__2025-01-28T05:12:28.881554+00:00'
[2025-01-28T05:17:55.178+0000] {taskinstance.py:731} INFO - ::endgroup::
[2025-01-28T05:17:55.208+0000] {subprocess.py:78} INFO - Tmp dir root location: /tmp
[2025-01-28T05:17:55.209+0000] {subprocess.py:88} INFO - Running command: ['/usr/bin/bash', '-c', 'python /opt/***/scripts/bot_reporte_como_vamos.py']
[2025-01-28T05:17:55.218+0000] {subprocess.py:99} INFO - Output:
[2025-01-28T05:17:57.899+0000] {subprocess.py:106} INFO - ic| start_date: '01/01/2025', end_date: '28/01/2025'
[2025-01-28T05:17:57.904+0000] {subprocess.py:106} INFO - 2025-01-28 05:17:57,899 - bot_como_vamos - INFO - Starting script bot_como_vamos.py
[2025-01-28T05:20:12.353+0000] {job.py:229} INFO - Heartbeat recovered after 74.98 seconds
[2025-01-28T05:21:40.645+0000] {subprocess.py:106} INFO - Starting script bot_como_vamos.py
[2025-01-28T05:22:02.520+0000] {subprocess.py:106} INFO - Traceback (most recent call last):
[2025-01-28T05:22:11.857+0000] {job.py:229} INFO - Heartbeat recovered after 121.63 seconds
[2025-01-28T05:22:13.817+0000] {subprocess.py:106} INFO -   File "/opt/***/scripts/bot_reporte_como_vamos.py", line 149, in <module>
[2025-01-28T05:22:52.321+0000] {subprocess.py:106} INFO -     main()
[2025-01-28T05:22:52.427+0000] {subprocess.py:106} INFO -   File "/opt/***/scripts/bot_reporte_como_vamos.py", line 74, in main
[2025-01-28T05:22:52.448+0000] {subprocess.py:106} INFO -     driver.get("https://reportingcenter.claro.net.co/ReportingCenter/index.php?route=login")
[2025-01-28T05:22:52.457+0000] {subprocess.py:106} INFO -   File "/home/***/.local/lib/python3.12/site-packages/selenium/webdriver/remote/webdriver.py", line 454, in get
[2025-01-28T05:22:52.466+0000] {subprocess.py:106} INFO -     self.execute(Command.GET, {"url": url})
[2025-01-28T05:22:52.483+0000] {subprocess.py:106} INFO -   File "/home/***/.local/lib/python3.12/site-packages/selenium/webdriver/remote/webdriver.py", line 429, in execute
[2025-01-28T05:22:52.486+0000] {subprocess.py:106} INFO -     self.error_handler.check_response(response)
[2025-01-28T05:22:52.500+0000] {subprocess.py:106} INFO -   File "/home/***/.local/lib/python3.12/site-packages/selenium/webdriver/remote/errorhandler.py", line 232, in check_response
[2025-01-28T05:22:52.505+0000] {subprocess.py:106} INFO -     raise exception_class(message, screen, stacktrace)
[2025-01-28T05:22:52.518+0000] {subprocess.py:106} INFO - selenium.common.exceptions.WebDriverException: Message: Unable to execute request for an existing session: java.util.concurrent.TimeoutException
[2025-01-28T05:22:52.524+0000] {subprocess.py:106} INFO - Build info: version: '4.28.1', revision: '73f5ad48a2'
[2025-01-28T05:22:52.534+0000] {subprocess.py:106} INFO - System info: os.name: 'Linux', os.arch: 'amd64', os.version: '6.10.4-linuxkit', java.version: '17.0.13'
[2025-01-28T05:22:52.540+0000] {subprocess.py:106} INFO - Driver info: driver.version: unknown
[2025-01-28T05:22:52.551+0000] {subprocess.py:106} INFO - Stacktrace:
[2025-01-28T05:22:52.557+0000] {subprocess.py:106} INFO - java.lang.RuntimeException: Unable to execute request for an existing session: java.util.concurrent.TimeoutException
[2025-01-28T05:22:52.566+0000] {subprocess.py:106} INFO - Build info: version: '4.28.1', revision: '73f5ad48a2'
[2025-01-28T05:22:52.570+0000] {subprocess.py:106} INFO - System info: os.name: 'Linux', os.arch: 'amd64', os.version: '6.10.4-linuxkit', java.version: '17.0.13'
[2025-01-28T05:22:52.582+0000] {subprocess.py:106} INFO - Driver info: driver.version: unknown
[2025-01-28T05:22:52.590+0000] {subprocess.py:106} INFO - 	at org.openqa.selenium.grid.router.HandleSession.execute(HandleSession.java:210)
[2025-01-28T05:22:52.602+0000] {subprocess.py:106} INFO - 	at org.openqa.selenium.remote.http.Route$PredicatedRoute.handle(Route.java:397)
[2025-01-28T05:22:52.617+0000] {subprocess.py:106} INFO - 	at org.openqa.selenium.remote.http.Route.execute(Route.java:69)
[2025-01-28T05:22:52.622+0000] {subprocess.py:106} INFO - 	at org.openqa.selenium.remote.http.Route$CombinedRoute.handle(Route.java:360)
[2025-01-28T05:22:52.639+0000] {subprocess.py:106} INFO - 	at org.openqa.selenium.remote.http.Route.execute(Route.java:69)
[2025-01-28T05:22:52.644+0000] {subprocess.py:106} INFO - 	at org.openqa.selenium.grid.router.Router.execute(Router.java:89)
[2025-01-28T05:22:52.651+0000] {subprocess.py:106} INFO - 	at org.openqa.selenium.grid.web.EnsureSpecCompliantResponseHeaders.lambda$apply$0(EnsureSpecCompliantResponseHeaders.java:34)
[2025-01-28T05:22:52.654+0000] {subprocess.py:106} INFO - 	at org.openqa.selenium.remote.http.Filter$1.execute(Filter.java:63)
[2025-01-28T05:22:52.656+0000] {subprocess.py:106} INFO - 	at org.openqa.selenium.remote.http.Route$CombinedRoute.handle(Route.java:360)
[2025-01-28T05:22:52.665+0000] {subprocess.py:106} INFO - 	at org.openqa.selenium.remote.http.Route.execute(Route.java:69)
[2025-01-28T05:22:52.680+0000] {subprocess.py:106} INFO - 	at org.openqa.selenium.remote.AddWebDriverSpecHeaders.lambda$apply$0(AddWebDriverSpecHeaders.java:35)
[2025-01-28T05:22:52.685+0000] {subprocess.py:106} INFO - 	at org.openqa.selenium.remote.ErrorFilter.lambda$apply$0(ErrorFilter.java:44)
[2025-01-28T05:22:52.690+0000] {subprocess.py:106} INFO - 	at org.openqa.selenium.remote.http.Filter$1.execute(Filter.java:63)
[2025-01-28T05:22:52.702+0000] {subprocess.py:106} INFO - 	at org.openqa.selenium.remote.ErrorFilter.lambda$apply$0(ErrorFilter.java:44)
[2025-01-28T05:22:52.705+0000] {subprocess.py:106} INFO - 	at org.openqa.selenium.remote.http.Filter$1.execute(Filter.java:63)
[2025-01-28T05:22:52.710+0000] {subprocess.py:106} INFO - 	at org.openqa.selenium.netty.server.SeleniumHandler.lambda$channelRead0$0(SeleniumHandler.java:49)
[2025-01-28T05:22:52.730+0000] {subprocess.py:106} INFO - 	at java.base/java.util.concurrent.Executors$RunnableAdapter.call(Executors.java:539)
[2025-01-28T05:22:52.740+0000] {subprocess.py:106} INFO - 	at java.base/java.util.concurrent.FutureTask.run(FutureTask.java:264)
[2025-01-28T05:22:52.749+0000] {subprocess.py:106} INFO - 	at java.base/java.util.concurrent.ThreadPoolExecutor.runWorker(ThreadPoolExecutor.java:1136)
[2025-01-28T05:22:52.775+0000] {subprocess.py:106} INFO - 	at java.base/java.util.concurrent.ThreadPoolExecutor$Worker.run(ThreadPoolExecutor.java:635)
[2025-01-28T05:22:52.782+0000] {subprocess.py:106} INFO - 	at java.base/java.lang.Thread.run(Thread.java:840)
[2025-01-28T05:22:52.802+0000] {subprocess.py:106} INFO - Caused by: java.util.concurrent.TimeoutException
[2025-01-28T05:22:52.830+0000] {subprocess.py:106} INFO - 	at java.base/java.util.concurrent.CompletableFuture$Timeout.run(CompletableFuture.java:2874)
[2025-01-28T05:22:52.833+0000] {subprocess.py:106} INFO - 	at java.base/java.util.concurrent.Executors$RunnableAdapter.call(Executors.java:539)
[2025-01-28T05:22:52.851+0000] {subprocess.py:106} INFO - 	at java.base/java.util.concurrent.FutureTask.run(FutureTask.java:264)
[2025-01-28T05:22:52.856+0000] {subprocess.py:106} INFO - 	at java.base/java.util.concurrent.ScheduledThreadPoolExecutor$ScheduledFutureTask.run(ScheduledThreadPoolExecutor.java:304)
[2025-01-28T05:22:52.860+0000] {subprocess.py:106} INFO - 	... 3 more
[2025-01-28T05:22:52.864+0000] {subprocess.py:106} INFO - 
[2025-01-28T05:22:54.189+0000] {local_task_job_runner.py:127} ERROR - Received SIGTERM. Terminating subprocesses
[2025-01-28T05:22:54.264+0000] {process_utils.py:132} INFO - Sending 15 to group 1343. PIDs of all processes in the group: [1345, 1343]
[2025-01-28T05:22:54.273+0000] {process_utils.py:87} INFO - Sending the signal 15 to group 1343
[2025-01-28T05:22:54.294+0000] {taskinstance.py:3093} ERROR - Received SIGTERM. Terminating subprocesses.
[2025-01-28T05:22:54.301+0000] {subprocess.py:117} INFO - Sending SIGTERM signal to process group
[2025-01-28T05:22:54.788+0000] {taskinstance.py:3311} ERROR - Task failed with exception
Traceback (most recent call last):
  File "/home/airflow/.local/lib/python3.12/site-packages/airflow/models/taskinstance.py", line 767, in _execute_task
    result = _execute_callable(context=context, **execute_callable_kwargs)
             ^^^^^^^^^^^^^^^^^^^^^^^^^^^^^^^^^^^^^^^^^^^^^^^^^^^^^^^^^^^^^
  File "/home/airflow/.local/lib/python3.12/site-packages/airflow/models/taskinstance.py", line 733, in _execute_callable
    return ExecutionCallableRunner(
           ^^^^^^^^^^^^^^^^^^^^^^^^
  File "/home/airflow/.local/lib/python3.12/site-packages/airflow/utils/operator_helpers.py", line 252, in run
    return self.func(*args, **kwargs)
           ^^^^^^^^^^^^^^^^^^^^^^^^^^
  File "/home/airflow/.local/lib/python3.12/site-packages/airflow/models/baseoperator.py", line 422, in wrapper
    return func(self, *args, **kwargs)
           ^^^^^^^^^^^^^^^^^^^^^^^^^^^
  File "/home/airflow/.local/lib/python3.12/site-packages/airflow/operators/bash.py", line 257, in execute
    result = self._run_inline_command(bash_path=bash_path, env=env)
             ^^^^^^^^^^^^^^^^^^^^^^^^^^^^^^^^^^^^^^^^^^^^^^^^^^^^^^
  File "/home/airflow/.local/lib/python3.12/site-packages/airflow/operators/bash.py", line 284, in _run_inline_command
    return self.subprocess_hook.run_command(
           ^^^^^^^^^^^^^^^^^^^^^^^^^^^^^^^^^
  File "/home/airflow/.local/lib/python3.12/site-packages/airflow/hooks/subprocess.py", line 104, in run_command
    for raw_line in iter(self.sub_process.stdout.readline, b""):
                    ^^^^^^^^^^^^^^^^^^^^^^^^^^^^^^^^^^^^^^^^^^^
  File "/home/airflow/.local/lib/python3.12/site-packages/airflow/models/taskinstance.py", line 3095, in signal_handler
    raise AirflowTaskTerminated("Task received SIGTERM signal")
airflow.exceptions.AirflowTaskTerminated: Task received SIGTERM signal
[2025-01-28T05:22:55.100+0000] {taskinstance.py:1225} INFO - Marking task as FAILED. dag_id=etl_reporte_como_vamos, task_id=task_bot_como_vamos, run_id=manual__2025-01-28T05:12:28.881554+00:00, execution_date=20250128T051228, start_date=20250128T051754, end_date=20250128T052255
[2025-01-28T05:22:55.225+0000] {taskinstance.py:340} INFO - ::group::Post task execution logs
[2025-01-28T05:22:55.270+0000] {process_utils.py:80} INFO - Process psutil.Process(pid=1343, status='terminated', exitcode=2, started='05:17:53') (1343) terminated with exit code 2
[2025-01-28T05:22:55.274+0000] {process_utils.py:80} INFO - Process psutil.Process(pid=1345, status='terminated', started='05:17:54') (1345) terminated with exit code None
[2025-01-28T05:22:55.276+0000] {local_task_job_runner.py:266} INFO - Task exited with return code 143
[2025-01-28T05:22:55.337+0000] {taskinstance.py:3895} INFO - 0 downstream tasks scheduled from follow-on schedule check
[2025-01-28T05:22:55.392+0000] {job.py:229} INFO - Heartbeat recovered after 87.44 seconds
[2025-01-28T05:22:55.396+0000] {local_task_job_runner.py:245} INFO - ::endgroup::
