[2025-02-09T06:30:01.749-0500] {local_task_job_runner.py:123} INFO - ::group::Pre task execution logs
[2025-02-09T06:30:01.771-0500] {taskinstance.py:2613} INFO - Dependencies all met for dep_context=non-requeueable deps ti=<TaskInstance: etl_reporte_como_vamos.task_bot_como_vamos scheduled__2025-02-08T11:30:00+00:00 [queued]>
[2025-02-09T06:30:01.783-0500] {taskinstance.py:2613} INFO - Dependencies all met for dep_context=requeueable deps ti=<TaskInstance: etl_reporte_como_vamos.task_bot_como_vamos scheduled__2025-02-08T11:30:00+00:00 [queued]>
[2025-02-09T06:30:01.785-0500] {taskinstance.py:2866} INFO - Starting attempt 1 of 4
[2025-02-09T06:30:01.805-0500] {taskinstance.py:2889} INFO - Executing <Task(BashOperator): task_bot_como_vamos> on 2025-02-08 11:30:00+00:00
[2025-02-09T06:30:01.812-0500] {warnings.py:112} WARNING - /home/***/.local/lib/python3.12/site-packages/***/task/task_runner/standard_task_runner.py:70: DeprecationWarning: This process (pid=71637) is multi-threaded, use of fork() may lead to deadlocks in the child.
  pid = os.fork()

[2025-02-09T06:30:01.814-0500] {standard_task_runner.py:104} INFO - Running: ['***', 'tasks', 'run', 'etl_reporte_como_vamos', 'task_bot_como_vamos', 'scheduled__2025-02-08T11:30:00+00:00', '--job-id', '84', '--raw', '--subdir', 'DAGS_FOLDER/etl_como_vamos_dag.py', '--cfg-path', '/tmp/tmp0mnxri5a']
[2025-02-09T06:30:01.815-0500] {standard_task_runner.py:72} INFO - Started process 71638 to run task
[2025-02-09T06:30:01.815-0500] {standard_task_runner.py:105} INFO - Job 84: Subtask task_bot_como_vamos
[2025-02-09T06:30:01.863-0500] {task_command.py:467} INFO - Running <TaskInstance: etl_reporte_como_vamos.task_bot_como_vamos scheduled__2025-02-08T11:30:00+00:00 [running]> on host 21f1c1b48730
[2025-02-09T06:30:01.966-0500] {taskinstance.py:3132} INFO - Exporting env vars: AIRFLOW_CTX_DAG_OWNER='***' AIRFLOW_CTX_DAG_ID='etl_reporte_como_vamos' AIRFLOW_CTX_TASK_ID='task_bot_como_vamos' AIRFLOW_CTX_EXECUTION_DATE='2025-02-08T11:30:00+00:00' AIRFLOW_CTX_TRY_NUMBER='1' AIRFLOW_CTX_DAG_RUN_ID='scheduled__2025-02-08T11:30:00+00:00'
[2025-02-09T06:30:01.967-0500] {taskinstance.py:731} INFO - ::endgroup::
[2025-02-09T06:30:01.987-0500] {subprocess.py:78} INFO - Tmp dir root location: /tmp
[2025-02-09T06:30:01.989-0500] {subprocess.py:88} INFO - Running command: ['/usr/bin/bash', '-c', 'python /opt/***/scripts/bot_reporte_como_vamos.py']
[2025-02-09T06:30:01.999-0500] {subprocess.py:99} INFO - Output:
[2025-02-09T06:30:05.167-0500] {subprocess.py:106} INFO - ic| report_date: '08/02/2025'
[2025-02-09T06:30:05.168-0500] {subprocess.py:106} INFO - 2025-02-09 06:30:05,167 - bot_como_vamos - INFO - Starting script bot_como_vamos.py
[2025-02-09T06:30:05.899-0500] {subprocess.py:106} INFO - 2025-02-09 06:30:05,899 - bot_como_vamos - INFO - Conexión al Selenium Hub establecida correctamente
[2025-02-09T06:30:42.518-0500] {subprocess.py:106} INFO - ic| login_success: <selenium.webdriver.remote.webelement.WebElement (session="c3e9f15dc81a93cd215db4e4a37d7f85", element="f.FEF8E9C195477A8B8BD1BE16B7F7C389.d.DE5EB3FB9549D2F526B234D676FDACA3.e.77")>
[2025-02-09T06:30:42.519-0500] {subprocess.py:106} INFO - 2025-02-09 06:30:42,518 - bot_como_vamos - INFO - Loging success
[2025-02-09T06:30:52.644-0500] {subprocess.py:106} INFO - 2025-02-09 06:30:52,644 - bot_como_vamos - INFO - Click in menu button successfully
[2025-02-09T06:31:02.862-0500] {subprocess.py:106} INFO - 2025-02-09 06:31:02,862 - bot_como_vamos - INFO - Input dates successfully
[2025-02-09T06:31:12.991-0500] {subprocess.py:106} INFO - 2025-02-09 06:31:12,990 - bot_como_vamos - INFO - Click in 'Empresas Y Negocios' successfully
[2025-02-09T06:31:30.519-0500] {subprocess.py:106} INFO - 2025-02-09 06:31:30,516 - assets - INFO - Waiting for download file...............
[2025-02-09T06:31:30.594-0500] {subprocess.py:106} INFO - ic| file: 'Unconfirmed 774762.crdownload'
[2025-02-09T06:31:35.600-0500] {subprocess.py:106} INFO - ic| file: 'Reporte como_vamos.xlsx'
[2025-02-09T06:31:35.601-0500] {subprocess.py:106} INFO - 2025-02-09 06:31:35,600 - bot_como_vamos - INFO - Download Reporte como_vamos succesfully
[2025-02-09T06:31:36.255-0500] {subprocess.py:110} INFO - Command exited with return code 0
[2025-02-09T06:31:36.336-0500] {taskinstance.py:340} INFO - ::group::Post task execution logs
[2025-02-09T06:31:36.338-0500] {taskinstance.py:352} INFO - Marking task as SUCCESS. dag_id=etl_reporte_como_vamos, task_id=task_bot_como_vamos, run_id=scheduled__2025-02-08T11:30:00+00:00, execution_date=20250208T113000, start_date=20250209T113001, end_date=20250209T113136
[2025-02-09T06:31:36.390-0500] {local_task_job_runner.py:266} INFO - Task exited with return code 0
[2025-02-09T06:31:36.438-0500] {taskinstance.py:3895} INFO - 2 downstream tasks scheduled from follow-on schedule check
[2025-02-09T06:31:36.441-0500] {local_task_job_runner.py:245} INFO - ::endgroup::
