[2025-02-05T07:11:57.167-0500] {local_task_job_runner.py:123} INFO - ::group::Pre task execution logs
[2025-02-05T07:11:57.192-0500] {taskinstance.py:2613} INFO - Dependencies all met for dep_context=non-requeueable deps ti=<TaskInstance: etl_reporte_como_vamos.etl_ex_bbva manual__2025-02-05T12:09:34.229947+00:00 [queued]>
[2025-02-05T07:11:57.203-0500] {taskinstance.py:2613} INFO - Dependencies all met for dep_context=requeueable deps ti=<TaskInstance: etl_reporte_como_vamos.etl_ex_bbva manual__2025-02-05T12:09:34.229947+00:00 [queued]>
[2025-02-05T07:11:57.206-0500] {taskinstance.py:2866} INFO - Starting attempt 1 of 4
[2025-02-05T07:11:57.224-0500] {taskinstance.py:2889} INFO - Executing <Task(BashOperator): etl_ex_bbva> on 2025-02-05 12:09:34.229947+00:00
[2025-02-05T07:11:57.232-0500] {warnings.py:112} WARNING - /home/***/.local/lib/python3.12/site-packages/***/task/task_runner/standard_task_runner.py:70: DeprecationWarning: This process (pid=177) is multi-threaded, use of fork() may lead to deadlocks in the child.
  pid = os.fork()

[2025-02-05T07:11:57.236-0500] {standard_task_runner.py:72} INFO - Started process 180 to run task
[2025-02-05T07:11:57.236-0500] {standard_task_runner.py:104} INFO - Running: ['***', 'tasks', 'run', 'etl_reporte_como_vamos', 'etl_ex_bbva', 'manual__2025-02-05T12:09:34.229947+00:00', '--job-id', '53', '--raw', '--subdir', 'DAGS_FOLDER/etl_como_vamos_dag.py', '--cfg-path', '/tmp/tmpntpxsczw']
[2025-02-05T07:11:57.238-0500] {standard_task_runner.py:105} INFO - Job 53: Subtask etl_ex_bbva
[2025-02-05T07:11:57.308-0500] {task_command.py:467} INFO - Running <TaskInstance: etl_reporte_como_vamos.etl_ex_bbva manual__2025-02-05T12:09:34.229947+00:00 [running]> on host 21f1c1b48730
[2025-02-05T07:11:57.408-0500] {taskinstance.py:3132} INFO - Exporting env vars: AIRFLOW_CTX_DAG_OWNER='***' AIRFLOW_CTX_DAG_ID='etl_reporte_como_vamos' AIRFLOW_CTX_TASK_ID='etl_ex_bbva' AIRFLOW_CTX_EXECUTION_DATE='2025-02-05T12:09:34.229947+00:00' AIRFLOW_CTX_TRY_NUMBER='1' AIRFLOW_CTX_DAG_RUN_ID='manual__2025-02-05T12:09:34.229947+00:00'
[2025-02-05T07:11:57.409-0500] {taskinstance.py:731} INFO - ::endgroup::
[2025-02-05T07:11:57.427-0500] {subprocess.py:78} INFO - Tmp dir root location: /tmp
[2025-02-05T07:11:57.429-0500] {subprocess.py:88} INFO - Running command: ['/usr/bin/bash', '-c', 'python /opt/***/scripts/etl_ex_bbva.py']
[2025-02-05T07:11:57.439-0500] {subprocess.py:99} INFO - Output:
[2025-02-05T07:12:00.083-0500] {subprocess.py:106} INFO - ic| params: {'database': 'calidad_etl',
[2025-02-05T07:12:00.084-0500] {subprocess.py:106} INFO -              'host': '172.29.33.204',
[2025-02-05T07:12:00.085-0500] {subprocess.py:106} INFO -              'password': 'calidad2021*',
[2025-02-05T07:12:00.085-0500] {subprocess.py:106} INFO -              'port': '3306',
[2025-02-05T07:12:00.086-0500] {subprocess.py:106} INFO -              'user': 'calidad_etl'}
[2025-02-05T07:12:00.122-0500] {subprocess.py:106} INFO - ic| params: {'database': 'calidad_etl',
[2025-02-05T07:12:00.123-0500] {subprocess.py:106} INFO -              'host': '172.29.33.204',
[2025-02-05T07:12:00.124-0500] {subprocess.py:106} INFO -              'password': 'calidad2021*',
[2025-02-05T07:12:00.124-0500] {subprocess.py:106} INFO -              'port': '3306',
[2025-02-05T07:12:00.125-0500] {subprocess.py:106} INFO -              'user': 'calidad_etl'}
[2025-02-05T07:12:00.798-0500] {subprocess.py:106} INFO - 2025-02-05 07:12:00,798 - assets - INFO - Engine para base de datos: calidad_etl creado exitosamente
[2025-02-05T07:12:00.804-0500] {subprocess.py:106} INFO - ic| hoy: datetime.date(2025, 2, 5)
[2025-02-05T07:12:00.806-0500] {subprocess.py:106} INFO -     fecha_inicio: datetime.date(2025, 2, 1)
[2025-02-05T07:12:00.815-0500] {subprocess.py:106} INFO - ic| fecha_inicio: datetime.date(2025, 2, 1)
[2025-02-05T07:12:00.816-0500] {subprocess.py:106} INFO -     fecha_fin: datetime.date(2025, 2, 5)
[2025-02-05T07:12:00.820-0500] {subprocess.py:106} INFO - ic| query: '
[2025-02-05T07:12:00.820-0500] {subprocess.py:106} INFO -             SELECT * FROM calidad_etl.sm_cerrado
[2025-02-05T07:12:00.821-0500] {subprocess.py:106} INFO -                 WHERE "INSERTAR_DT" >= %s;
[2025-02-05T07:12:00.822-0500] {subprocess.py:106} INFO -             '
[2025-02-05T07:12:01.440-0500] {subprocess.py:106} INFO - 2025-02-05 07:12:01,440 - assets - INFO - SQL query succesfully executed
[2025-02-05T07:12:01.441-0500] {subprocess.py:106} INFO - 2025-02-05 07:12:01,440 - etl_ex_bbva - INFO - Start ETL Exito Tuya BBVA
[2025-02-05T07:12:06.589-0500] {subprocess.py:106} INFO - 2025-02-05 07:12:06,588 - etl_ex_bbva - INFO - Reporte como_vamos.xlsx successfully load
[2025-02-05T07:12:06.891-0500] {subprocess.py:106} INFO - 2025-02-05 07:12:06,891 - etl_ex_bbva - INFO - etl_ex_bbva.py success execution
[2025-02-05T07:12:06.892-0500] {subprocess.py:106} INFO - Conexión exitosa a la base de datos: calidad_etl
[2025-02-05T07:12:07.114-0500] {subprocess.py:110} INFO - Command exited with return code 0
[2025-02-05T07:12:07.144-0500] {taskinstance.py:340} INFO - ::group::Post task execution logs
[2025-02-05T07:12:07.145-0500] {taskinstance.py:352} INFO - Marking task as SUCCESS. dag_id=etl_reporte_como_vamos, task_id=etl_ex_bbva, run_id=manual__2025-02-05T12:09:34.229947+00:00, execution_date=20250205T120934, start_date=20250205T121157, end_date=20250205T121207
[2025-02-05T07:12:07.167-0500] {local_task_job_runner.py:266} INFO - Task exited with return code 0
[2025-02-05T07:12:07.195-0500] {taskinstance.py:3895} INFO - 1 downstream tasks scheduled from follow-on schedule check
[2025-02-05T07:12:07.198-0500] {local_task_job_runner.py:245} INFO - ::endgroup::
