[2025-02-05T07:11:57.120-0500] {local_task_job_runner.py:123} INFO - ::group::Pre task execution logs
[2025-02-05T07:11:57.145-0500] {taskinstance.py:2613} INFO - Dependencies all met for dep_context=non-requeueable deps ti=<TaskInstance: etl_reporte_como_vamos.etl_cdc manual__2025-02-05T12:09:34.229947+00:00 [queued]>
[2025-02-05T07:11:57.158-0500] {taskinstance.py:2613} INFO - Dependencies all met for dep_context=requeueable deps ti=<TaskInstance: etl_reporte_como_vamos.etl_cdc manual__2025-02-05T12:09:34.229947+00:00 [queued]>
[2025-02-05T07:11:57.160-0500] {taskinstance.py:2866} INFO - Starting attempt 1 of 4
[2025-02-05T07:11:57.192-0500] {taskinstance.py:2889} INFO - Executing <Task(BashOperator): etl_cdc> on 2025-02-05 12:09:34.229947+00:00
[2025-02-05T07:11:57.199-0500] {warnings.py:112} WARNING - /home/***/.local/lib/python3.12/site-packages/***/task/task_runner/standard_task_runner.py:70: DeprecationWarning: This process (pid=176) is multi-threaded, use of fork() may lead to deadlocks in the child.
  pid = os.fork()

[2025-02-05T07:11:57.201-0500] {standard_task_runner.py:72} INFO - Started process 178 to run task
[2025-02-05T07:11:57.201-0500] {standard_task_runner.py:104} INFO - Running: ['***', 'tasks', 'run', 'etl_reporte_como_vamos', 'etl_cdc', 'manual__2025-02-05T12:09:34.229947+00:00', '--job-id', '52', '--raw', '--subdir', 'DAGS_FOLDER/etl_como_vamos_dag.py', '--cfg-path', '/tmp/tmptea0owty']
[2025-02-05T07:11:57.203-0500] {standard_task_runner.py:105} INFO - Job 52: Subtask etl_cdc
[2025-02-05T07:11:57.264-0500] {task_command.py:467} INFO - Running <TaskInstance: etl_reporte_como_vamos.etl_cdc manual__2025-02-05T12:09:34.229947+00:00 [running]> on host 21f1c1b48730
[2025-02-05T07:11:57.372-0500] {taskinstance.py:3132} INFO - Exporting env vars: AIRFLOW_CTX_DAG_OWNER='***' AIRFLOW_CTX_DAG_ID='etl_reporte_como_vamos' AIRFLOW_CTX_TASK_ID='etl_cdc' AIRFLOW_CTX_EXECUTION_DATE='2025-02-05T12:09:34.229947+00:00' AIRFLOW_CTX_TRY_NUMBER='1' AIRFLOW_CTX_DAG_RUN_ID='manual__2025-02-05T12:09:34.229947+00:00'
[2025-02-05T07:11:57.373-0500] {taskinstance.py:731} INFO - ::endgroup::
[2025-02-05T07:11:57.390-0500] {subprocess.py:78} INFO - Tmp dir root location: /tmp
[2025-02-05T07:11:57.391-0500] {subprocess.py:88} INFO - Running command: ['/usr/bin/bash', '-c', 'python /opt/***/scripts/etl_cdc.py']
[2025-02-05T07:11:57.405-0500] {subprocess.py:99} INFO - Output:
[2025-02-05T07:12:06.325-0500] {subprocess.py:106} INFO -      incrementador               nombre_cliente  ... duplicado motivo_duplicado
[2025-02-05T07:12:06.326-0500] {subprocess.py:106} INFO - 0            11214  COLOMBIANA DE COMERCIO S.A.  ...
[2025-02-05T07:12:06.327-0500] {subprocess.py:106} INFO - 1            11115  COLOMBIANA DE COMERCIO S.A.  ...
[2025-02-05T07:12:06.328-0500] {subprocess.py:106} INFO - 2            11116  COLOMBIANA DE COMERCIO S.A.  ...
[2025-02-05T07:12:06.329-0500] {subprocess.py:106} INFO - 3            11117  COLOMBIANA DE COMERCIO S.A.  ...
[2025-02-05T07:12:06.329-0500] {subprocess.py:106} INFO - 4            11118  COLOMBIANA DE COMERCIO S.A.  ...
[2025-02-05T07:12:06.330-0500] {subprocess.py:106} INFO - ..             ...                          ...  ...       ...              ...
[2025-02-05T07:12:06.330-0500] {subprocess.py:106} INFO - 224          11365  COLOMBIANA DE COMERCIO S.A.  ...                       None
[2025-02-05T07:12:06.331-0500] {subprocess.py:106} INFO - 225          11366  COLOMBIANA DE COMERCIO S.A.  ...                       None
[2025-02-05T07:12:06.332-0500] {subprocess.py:106} INFO - 226          11367  COLOMBIANA DE COMERCIO S.A.  ...                       None
[2025-02-05T07:12:06.332-0500] {subprocess.py:106} INFO - 227          11368  COLOMBIANA DE COMERCIO S.A.  ...                       None
[2025-02-05T07:12:06.333-0500] {subprocess.py:106} INFO - 228          11369  COLOMBIANA DE COMERCIO S.A.  ...                       None
[2025-02-05T07:12:06.334-0500] {subprocess.py:106} INFO - 
[2025-02-05T07:12:06.334-0500] {subprocess.py:106} INFO - [229 rows x 60 columns]
[2025-02-05T07:12:06.335-0500] {subprocess.py:106} INFO -                  nombre_cliente    id_caso  ... duplicado motivo_duplicado
[2025-02-05T07:12:06.335-0500] {subprocess.py:106} INFO - 0   COLOMBIANA DE COMERCIO S.A.  RF1861989  ...
[2025-02-05T07:12:06.336-0500] {subprocess.py:106} INFO - 1   COLOMBIANA DE COMERCIO S.A.  IM3045196  ...
[2025-02-05T07:12:06.337-0500] {subprocess.py:106} INFO - 2   COLOMBIANA DE COMERCIO S.A.  RF1861993  ...
[2025-02-05T07:12:06.337-0500] {subprocess.py:106} INFO - 3   COLOMBIANA DE COMERCIO S.A.  IM3044465  ...
[2025-02-05T07:12:06.338-0500] {subprocess.py:106} INFO - 4   COLOMBIANA DE COMERCIO S.A.  RF1862045  ...
[2025-02-05T07:12:06.339-0500] {subprocess.py:106} INFO - 5   COLOMBIANA DE COMERCIO S.A.  RF1858784  ...
[2025-02-05T07:12:06.339-0500] {subprocess.py:106} INFO - 6   COLOMBIANA DE COMERCIO S.A.  RF1860114  ...
[2025-02-05T07:12:06.341-0500] {subprocess.py:106} INFO - 7   COLOMBIANA DE COMERCIO S.A.  RF1859914  ...
[2025-02-05T07:12:06.342-0500] {subprocess.py:106} INFO - 8   COLOMBIANA DE COMERCIO S.A.  IM3044792  ...
[2025-02-05T07:12:06.342-0500] {subprocess.py:106} INFO - 9   COLOMBIANA DE COMERCIO S.A.  IM3043646  ...
[2025-02-05T07:12:06.343-0500] {subprocess.py:106} INFO - 10  COLOMBIANA DE COMERCIO S.A.  IM3043646  ...
[2025-02-05T07:12:06.343-0500] {subprocess.py:106} INFO - 11  COLOMBIANA DE COMERCIO S.A.  IM3043646  ...
[2025-02-05T07:12:06.344-0500] {subprocess.py:106} INFO - 12  COLOMBIANA DE COMERCIO S.A.  RF1861552  ...
[2025-02-05T07:12:06.344-0500] {subprocess.py:106} INFO - 13  COLOMBIANA DE COMERCIO S.A.  RF1861551  ...
[2025-02-05T07:12:06.345-0500] {subprocess.py:106} INFO - 14  COLOMBIANA DE COMERCIO S.A.  RF1861550  ...
[2025-02-05T07:12:06.346-0500] {subprocess.py:106} INFO - 15  COLOMBIANA DE COMERCIO S.A.  RF1861549  ...
[2025-02-05T07:12:06.346-0500] {subprocess.py:106} INFO - 16  COLOMBIANA DE COMERCIO S.A.  RF1861548  ...
[2025-02-05T07:12:06.347-0500] {subprocess.py:106} INFO - 17  COLOMBIANA DE COMERCIO S.A.  RF1861547  ...
[2025-02-05T07:12:06.347-0500] {subprocess.py:106} INFO - 18  COLOMBIANA DE COMERCIO S.A.  RF1861546  ...
[2025-02-05T07:12:06.348-0500] {subprocess.py:106} INFO - 19  COLOMBIANA DE COMERCIO S.A.  RF1861545  ...
[2025-02-05T07:12:06.349-0500] {subprocess.py:106} INFO - 20  COLOMBIANA DE COMERCIO S.A.  RF1861544  ...
[2025-02-05T07:12:06.350-0500] {subprocess.py:106} INFO - 21  COLOMBIANA DE COMERCIO S.A.  RF1861553  ...
[2025-02-05T07:12:06.350-0500] {subprocess.py:106} INFO - 22  COLOMBIANA DE COMERCIO S.A.  RF1862126  ...
[2025-02-05T07:12:06.351-0500] {subprocess.py:106} INFO - 23  COLOMBIANA DE COMERCIO S.A.  RF1862113  ...
[2025-02-05T07:12:06.352-0500] {subprocess.py:106} INFO - 24  COLOMBIANA DE COMERCIO S.A.  IM3044351  ...
[2025-02-05T07:12:06.352-0500] {subprocess.py:106} INFO - 25  COLOMBIANA DE COMERCIO S.A.  IM3045104  ...
[2025-02-05T07:12:06.353-0500] {subprocess.py:106} INFO - 26  COLOMBIANA DE COMERCIO S.A.  IM3042197  ...
[2025-02-05T07:12:06.354-0500] {subprocess.py:106} INFO - 27  COLOMBIANA DE COMERCIO S.A.  IM3045104  ...
[2025-02-05T07:12:06.354-0500] {subprocess.py:106} INFO - 28  COLOMBIANA DE COMERCIO S.A.  RF1861662  ...
[2025-02-05T07:12:06.355-0500] {subprocess.py:106} INFO - 29  COLOMBIANA DE COMERCIO S.A.  RF1862010  ...
[2025-02-05T07:12:06.355-0500] {subprocess.py:106} INFO - 30  COLOMBIANA DE COMERCIO S.A.  RF1862029  ...
[2025-02-05T07:12:06.356-0500] {subprocess.py:106} INFO - 
[2025-02-05T07:12:06.356-0500] {subprocess.py:106} INFO - [31 rows x 59 columns]
[2025-02-05T07:12:06.357-0500] {subprocess.py:106} INFO - 10 21 0
[2025-02-05T07:12:06.358-0500] {subprocess.py:106} INFO - Ejecucion Erronea
[2025-02-05T07:12:06.467-0500] {subprocess.py:110} INFO - Command exited with return code 0
[2025-02-05T07:12:06.500-0500] {taskinstance.py:340} INFO - ::group::Post task execution logs
[2025-02-05T07:12:06.501-0500] {taskinstance.py:352} INFO - Marking task as SUCCESS. dag_id=etl_reporte_como_vamos, task_id=etl_cdc, run_id=manual__2025-02-05T12:09:34.229947+00:00, execution_date=20250205T120934, start_date=20250205T121157, end_date=20250205T121206
[2025-02-05T07:12:06.527-0500] {local_task_job_runner.py:266} INFO - Task exited with return code 0
[2025-02-05T07:12:06.547-0500] {taskinstance.py:3895} INFO - 0 downstream tasks scheduled from follow-on schedule check
[2025-02-05T07:12:06.550-0500] {local_task_job_runner.py:245} INFO - ::endgroup::
