[2025-02-05T18:02:12.943-0500] {local_task_job_runner.py:123} INFO - ::group::Pre task execution logs
[2025-02-05T18:02:12.969-0500] {taskinstance.py:2613} INFO - Dependencies all met for dep_context=non-requeueable deps ti=<TaskInstance: etl_reporte_como_vamos.etl_cdc scheduled__2025-02-05T11:00:00+00:00 [queued]>
[2025-02-05T18:02:12.982-0500] {taskinstance.py:2613} INFO - Dependencies all met for dep_context=requeueable deps ti=<TaskInstance: etl_reporte_como_vamos.etl_cdc scheduled__2025-02-05T11:00:00+00:00 [queued]>
[2025-02-05T18:02:12.984-0500] {taskinstance.py:2866} INFO - Starting attempt 1 of 4
[2025-02-05T18:02:13.000-0500] {taskinstance.py:2889} INFO - Executing <Task(BashOperator): etl_cdc> on 2025-02-05 11:00:00+00:00
[2025-02-05T18:02:13.010-0500] {warnings.py:112} WARNING - /home/***/.local/lib/python3.12/site-packages/***/task/task_runner/standard_task_runner.py:70: DeprecationWarning: This process (pid=8365) is multi-threaded, use of fork() may lead to deadlocks in the child.
  pid = os.fork()

[2025-02-05T18:02:13.013-0500] {standard_task_runner.py:72} INFO - Started process 8368 to run task
[2025-02-05T18:02:13.012-0500] {standard_task_runner.py:104} INFO - Running: ['***', 'tasks', 'run', 'etl_reporte_como_vamos', 'etl_cdc', 'scheduled__2025-02-05T11:00:00+00:00', '--job-id', '58', '--raw', '--subdir', 'DAGS_FOLDER/etl_como_vamos_dag.py', '--cfg-path', '/tmp/tmpvp921slq']
[2025-02-05T18:02:13.014-0500] {standard_task_runner.py:105} INFO - Job 58: Subtask etl_cdc
[2025-02-05T18:02:13.087-0500] {task_command.py:467} INFO - Running <TaskInstance: etl_reporte_como_vamos.etl_cdc scheduled__2025-02-05T11:00:00+00:00 [running]> on host 21f1c1b48730
[2025-02-05T18:02:13.254-0500] {taskinstance.py:3132} INFO - Exporting env vars: AIRFLOW_CTX_DAG_OWNER='***' AIRFLOW_CTX_DAG_ID='etl_reporte_como_vamos' AIRFLOW_CTX_TASK_ID='etl_cdc' AIRFLOW_CTX_EXECUTION_DATE='2025-02-05T11:00:00+00:00' AIRFLOW_CTX_TRY_NUMBER='1' AIRFLOW_CTX_DAG_RUN_ID='scheduled__2025-02-05T11:00:00+00:00'
[2025-02-05T18:02:13.257-0500] {taskinstance.py:731} INFO - ::endgroup::
[2025-02-05T18:02:13.284-0500] {subprocess.py:78} INFO - Tmp dir root location: /tmp
[2025-02-05T18:02:13.286-0500] {subprocess.py:88} INFO - Running command: ['/usr/bin/bash', '-c', 'python /opt/***/scripts/etl_cdc.py']
[2025-02-05T18:02:13.298-0500] {subprocess.py:99} INFO - Output:
[2025-02-05T18:02:31.132-0500] {subprocess.py:106} INFO -      incrementador               nombre_cliente  ... duplicado motivo_duplicado
[2025-02-05T18:02:31.135-0500] {subprocess.py:106} INFO - 0            11214  COLOMBIANA DE COMERCIO S.A.  ...
[2025-02-05T18:02:31.136-0500] {subprocess.py:106} INFO - 1            11115  COLOMBIANA DE COMERCIO S.A.  ...
[2025-02-05T18:02:31.136-0500] {subprocess.py:106} INFO - 2            11116  COLOMBIANA DE COMERCIO S.A.  ...
[2025-02-05T18:02:31.137-0500] {subprocess.py:106} INFO - 3            11117  COLOMBIANA DE COMERCIO S.A.  ...
[2025-02-05T18:02:31.137-0500] {subprocess.py:106} INFO - 4            11118  COLOMBIANA DE COMERCIO S.A.  ...
[2025-02-05T18:02:31.138-0500] {subprocess.py:106} INFO - ..             ...                          ...  ...       ...              ...
[2025-02-05T18:02:31.138-0500] {subprocess.py:106} INFO - 234          11375  COLOMBIANA DE COMERCIO S.A.  ...
[2025-02-05T18:02:31.139-0500] {subprocess.py:106} INFO - 235          11376  COLOMBIANA DE COMERCIO S.A.  ...
[2025-02-05T18:02:31.139-0500] {subprocess.py:106} INFO - 236          11377  COLOMBIANA DE COMERCIO S.A.  ...
[2025-02-05T18:02:31.140-0500] {subprocess.py:106} INFO - 237          11378  COLOMBIANA DE COMERCIO S.A.  ...
[2025-02-05T18:02:31.140-0500] {subprocess.py:106} INFO - 238          11379  COLOMBIANA DE COMERCIO S.A.  ...
[2025-02-05T18:02:31.141-0500] {subprocess.py:106} INFO - 
[2025-02-05T18:02:31.141-0500] {subprocess.py:106} INFO - [239 rows x 60 columns]
[2025-02-05T18:02:31.142-0500] {subprocess.py:106} INFO -                  nombre_cliente    id_caso  ... duplicado motivo_duplicado
[2025-02-05T18:02:31.142-0500] {subprocess.py:106} INFO - 0   COLOMBIANA DE COMERCIO S.A.  RF1862045  ...
[2025-02-05T18:02:31.143-0500] {subprocess.py:106} INFO - 1   COLOMBIANA DE COMERCIO S.A.  RF1858784  ...
[2025-02-05T18:02:31.143-0500] {subprocess.py:106} INFO - 2   COLOMBIANA DE COMERCIO S.A.  RF1860114  ...
[2025-02-05T18:02:31.144-0500] {subprocess.py:106} INFO - 3   COLOMBIANA DE COMERCIO S.A.  RF1859914  ...
[2025-02-05T18:02:31.144-0500] {subprocess.py:106} INFO - 4   COLOMBIANA DE COMERCIO S.A.  RF1861993  ...
[2025-02-05T18:02:31.145-0500] {subprocess.py:106} INFO - 5   COLOMBIANA DE COMERCIO S.A.  IM3044465  ...
[2025-02-05T18:02:31.145-0500] {subprocess.py:106} INFO - 6   COLOMBIANA DE COMERCIO S.A.  RF1862126  ...
[2025-02-05T18:02:31.146-0500] {subprocess.py:106} INFO - 7   COLOMBIANA DE COMERCIO S.A.  RF1862113  ...
[2025-02-05T18:02:31.146-0500] {subprocess.py:106} INFO - 8   COLOMBIANA DE COMERCIO S.A.  IM3044351  ...
[2025-02-05T18:02:31.147-0500] {subprocess.py:106} INFO - 9   COLOMBIANA DE COMERCIO S.A.  RF1861989  ...
[2025-02-05T18:02:31.147-0500] {subprocess.py:106} INFO - 10  COLOMBIANA DE COMERCIO S.A.  IM3045196  ...
[2025-02-05T18:02:31.148-0500] {subprocess.py:106} INFO - 11  COLOMBIANA DE COMERCIO S.A.  IM3045104  ...
[2025-02-05T18:02:31.148-0500] {subprocess.py:106} INFO - 12  COLOMBIANA DE COMERCIO S.A.  IM3042197  ...
[2025-02-05T18:02:31.149-0500] {subprocess.py:106} INFO - 13  COLOMBIANA DE COMERCIO S.A.  IM3045104  ...
[2025-02-05T18:02:31.149-0500] {subprocess.py:106} INFO - 14  COLOMBIANA DE COMERCIO S.A.  RF1861662  ...
[2025-02-05T18:02:31.150-0500] {subprocess.py:106} INFO - 15  COLOMBIANA DE COMERCIO S.A.  RF1862010  ...
[2025-02-05T18:02:31.150-0500] {subprocess.py:106} INFO - 16  COLOMBIANA DE COMERCIO S.A.  RF1862029  ...
[2025-02-05T18:02:31.151-0500] {subprocess.py:106} INFO - 17  COLOMBIANA DE COMERCIO S.A.  RF1861552  ...
[2025-02-05T18:02:31.151-0500] {subprocess.py:106} INFO - 18  COLOMBIANA DE COMERCIO S.A.  RF1861551  ...
[2025-02-05T18:02:31.152-0500] {subprocess.py:106} INFO - 19  COLOMBIANA DE COMERCIO S.A.  RF1861550  ...
[2025-02-05T18:02:31.152-0500] {subprocess.py:106} INFO - 20  COLOMBIANA DE COMERCIO S.A.  RF1861549  ...
[2025-02-05T18:02:31.153-0500] {subprocess.py:106} INFO - 21  COLOMBIANA DE COMERCIO S.A.  RF1861548  ...
[2025-02-05T18:02:31.153-0500] {subprocess.py:106} INFO - 22  COLOMBIANA DE COMERCIO S.A.  RF1861547  ...
[2025-02-05T18:02:31.154-0500] {subprocess.py:106} INFO - 23  COLOMBIANA DE COMERCIO S.A.  RF1861546  ...
[2025-02-05T18:02:31.154-0500] {subprocess.py:106} INFO - 24  COLOMBIANA DE COMERCIO S.A.  RF1861545  ...
[2025-02-05T18:02:31.155-0500] {subprocess.py:106} INFO - 25  COLOMBIANA DE COMERCIO S.A.  RF1861544  ...
[2025-02-05T18:02:31.155-0500] {subprocess.py:106} INFO - 26  COLOMBIANA DE COMERCIO S.A.  RF1861553  ...
[2025-02-05T18:02:31.156-0500] {subprocess.py:106} INFO - 27  COLOMBIANA DE COMERCIO S.A.  IM3044792  ...
[2025-02-05T18:02:31.156-0500] {subprocess.py:106} INFO - 28  COLOMBIANA DE COMERCIO S.A.  IM3043646  ...
[2025-02-05T18:02:31.157-0500] {subprocess.py:106} INFO - 29  COLOMBIANA DE COMERCIO S.A.  IM3043646  ...
[2025-02-05T18:02:31.157-0500] {subprocess.py:106} INFO - 30  COLOMBIANA DE COMERCIO S.A.  IM3043646  ...
[2025-02-05T18:02:31.158-0500] {subprocess.py:106} INFO - 
[2025-02-05T18:02:31.158-0500] {subprocess.py:106} INFO - [31 rows x 59 columns]
[2025-02-05T18:02:31.159-0500] {subprocess.py:106} INFO - 0 21 0
[2025-02-05T18:02:31.159-0500] {subprocess.py:106} INFO - Requerimientos Cargados:  21
[2025-02-05T18:02:31.160-0500] {subprocess.py:106} INFO - Ejecucion Erronea
[2025-02-05T18:02:31.305-0500] {subprocess.py:110} INFO - Command exited with return code 0
[2025-02-05T18:02:31.344-0500] {taskinstance.py:340} INFO - ::group::Post task execution logs
[2025-02-05T18:02:31.345-0500] {taskinstance.py:352} INFO - Marking task as SUCCESS. dag_id=etl_reporte_como_vamos, task_id=etl_cdc, run_id=scheduled__2025-02-05T11:00:00+00:00, execution_date=20250205T110000, start_date=20250205T230212, end_date=20250205T230231
[2025-02-05T18:02:31.388-0500] {local_task_job_runner.py:266} INFO - Task exited with return code 0
[2025-02-05T18:02:31.418-0500] {taskinstance.py:3895} INFO - 1 downstream tasks scheduled from follow-on schedule check
[2025-02-05T18:02:31.421-0500] {local_task_job_runner.py:245} INFO - ::endgroup::
