[2025-01-27T23:09:38.074+0000] {local_task_job_runner.py:123} INFO - ::group::Pre task execution logs
[2025-01-27T23:09:38.145+0000] {taskinstance.py:2613} INFO - Dependencies all met for dep_context=non-requeueable deps ti=<TaskInstance: etl_reporte_como_vamos.task_bot_como_vamos manual__2025-01-27T22:53:03.749692+00:00 [queued]>
[2025-01-27T23:09:38.183+0000] {taskinstance.py:2613} INFO - Dependencies all met for dep_context=requeueable deps ti=<TaskInstance: etl_reporte_como_vamos.task_bot_como_vamos manual__2025-01-27T22:53:03.749692+00:00 [queued]>
[2025-01-27T23:09:38.186+0000] {taskinstance.py:2866} INFO - Starting attempt 2 of 2
[2025-01-27T23:09:38.258+0000] {taskinstance.py:2889} INFO - Executing <Task(BashOperator): task_bot_como_vamos> on 2025-01-27 22:53:03.749692+00:00
[2025-01-27T23:09:38.291+0000] {standard_task_runner.py:104} INFO - Running: ['***', 'tasks', 'run', 'etl_reporte_como_vamos', 'task_bot_como_vamos', 'manual__2025-01-27T22:53:03.749692+00:00', '--job-id', '5', '--raw', '--subdir', 'DAGS_FOLDER/etl_como_vamos_dag.py', '--cfg-path', '/tmp/tmpo79_l3_j']
[2025-01-27T23:09:38.308+0000] {standard_task_runner.py:105} INFO - Job 5: Subtask task_bot_como_vamos
[2025-01-27T23:09:38.311+0000] {logging_mixin.py:190} WARNING - /home/***/.local/lib/python3.12/site-packages/***/task/task_runner/standard_task_runner.py:70 DeprecationWarning: This process (pid=203) is multi-threaded, use of fork() may lead to deadlocks in the child.
[2025-01-27T23:09:38.316+0000] {standard_task_runner.py:72} INFO - Started process 207 to run task
[2025-01-27T23:09:38.669+0000] {task_command.py:467} INFO - Running <TaskInstance: etl_reporte_como_vamos.task_bot_como_vamos manual__2025-01-27T22:53:03.749692+00:00 [running]> on host 4bc3fbeb4580
[2025-01-27T23:09:39.633+0000] {taskinstance.py:3132} INFO - Exporting env vars: AIRFLOW_CTX_DAG_OWNER='***' AIRFLOW_CTX_DAG_ID='etl_reporte_como_vamos' AIRFLOW_CTX_TASK_ID='task_bot_como_vamos' AIRFLOW_CTX_EXECUTION_DATE='2025-01-27T22:53:03.749692+00:00' AIRFLOW_CTX_TRY_NUMBER='2' AIRFLOW_CTX_DAG_RUN_ID='manual__2025-01-27T22:53:03.749692+00:00'
[2025-01-27T23:09:39.637+0000] {taskinstance.py:731} INFO - ::endgroup::
[2025-01-27T23:09:39.753+0000] {subprocess.py:78} INFO - Tmp dir root location: /tmp
[2025-01-27T23:09:39.758+0000] {subprocess.py:88} INFO - Running command: ['/usr/bin/bash', '-c', 'python /opt/***/scripts/prueba.py']
[2025-01-27T23:09:39.787+0000] {subprocess.py:99} INFO - Output:
[2025-01-27T23:09:39.984+0000] {subprocess.py:106} INFO - PRUEBA DE SCRIPTS
[2025-01-27T23:09:39.989+0000] {subprocess.py:106} INFO - PRUEBA DE SCRIPTS
[2025-01-27T23:09:39.992+0000] {subprocess.py:106} INFO - PRUEBA DE SCRIPTS
[2025-01-27T23:09:39.994+0000] {subprocess.py:106} INFO - PRUEBA DE SCRIPTS
[2025-01-27T23:09:39.996+0000] {subprocess.py:106} INFO - PRUEBA DE SCRIPTS
[2025-01-27T23:09:39.998+0000] {subprocess.py:106} INFO - PRUEBA DE SCRIPTS
[2025-01-27T23:09:40.002+0000] {subprocess.py:106} INFO - PRUEBA DE SCRIPTS
[2025-01-27T23:09:40.005+0000] {subprocess.py:106} INFO - PRUEBA DE SCRIPTS
[2025-01-27T23:09:40.008+0000] {subprocess.py:106} INFO - PRUEBA DE SCRIPTS
[2025-01-27T23:09:40.011+0000] {subprocess.py:106} INFO - PRUEBA DE SCRIPTS
[2025-01-27T23:09:40.013+0000] {subprocess.py:106} INFO - PRUEBA DE SCRIPTS
[2025-01-27T23:09:40.015+0000] {subprocess.py:106} INFO - PRUEBA DE SCRIPTS
[2025-01-27T23:09:40.020+0000] {subprocess.py:106} INFO - PRUEBA DE SCRIPTS
[2025-01-27T23:09:40.025+0000] {subprocess.py:106} INFO - PRUEBA DE SCRIPTS
[2025-01-27T23:09:40.028+0000] {subprocess.py:106} INFO - PRUEBA DE SCRIPTS
[2025-01-27T23:09:40.033+0000] {subprocess.py:106} INFO - PRUEBA DE SCRIPTS
[2025-01-27T23:09:40.035+0000] {subprocess.py:106} INFO - PRUEBA DE SCRIPTS
[2025-01-27T23:09:40.038+0000] {subprocess.py:106} INFO - PRUEBA DE SCRIPTS
[2025-01-27T23:09:40.041+0000] {subprocess.py:106} INFO - PRUEBA DE SCRIPTS
[2025-01-27T23:09:40.043+0000] {subprocess.py:106} INFO - PRUEBA DE SCRIPTS
[2025-01-27T23:09:40.045+0000] {subprocess.py:106} INFO - PRUEBA DE SCRIPTS
[2025-01-27T23:09:40.048+0000] {subprocess.py:106} INFO - PRUEBA DE SCRIPTS
[2025-01-27T23:09:40.052+0000] {subprocess.py:106} INFO - PRUEBA DE SCRIPTS
[2025-01-27T23:09:40.055+0000] {subprocess.py:106} INFO - PRUEBA DE SCRIPTS
[2025-01-27T23:09:40.057+0000] {subprocess.py:106} INFO - PRUEBA DE SCRIPTS
[2025-01-27T23:09:40.060+0000] {subprocess.py:106} INFO - PRUEBA DE SCRIPTS
[2025-01-27T23:09:40.063+0000] {subprocess.py:106} INFO - PRUEBA DE SCRIPTS
[2025-01-27T23:09:40.066+0000] {subprocess.py:106} INFO - PRUEBA DE SCRIPTS
[2025-01-27T23:09:40.069+0000] {subprocess.py:106} INFO - PRUEBA DE SCRIPTS
[2025-01-27T23:09:40.071+0000] {subprocess.py:106} INFO - PRUEBA DE SCRIPTS
[2025-01-27T23:09:40.074+0000] {subprocess.py:106} INFO - PRUEBA DE SCRIPTS
[2025-01-27T23:09:40.076+0000] {subprocess.py:106} INFO - PRUEBA DE SCRIPTS
[2025-01-27T23:09:40.079+0000] {subprocess.py:106} INFO - PRUEBA DE SCRIPTS
[2025-01-27T23:09:40.081+0000] {subprocess.py:106} INFO - PRUEBA DE SCRIPTS
[2025-01-27T23:09:40.084+0000] {subprocess.py:106} INFO - PRUEBA DE SCRIPTS
[2025-01-27T23:09:40.087+0000] {subprocess.py:106} INFO - PRUEBA DE SCRIPTS
[2025-01-27T23:09:40.090+0000] {subprocess.py:106} INFO - PRUEBA DE SCRIPTS
[2025-01-27T23:09:40.092+0000] {subprocess.py:106} INFO - PRUEBA DE SCRIPTS
[2025-01-27T23:09:40.094+0000] {subprocess.py:106} INFO - PRUEBA DE SCRIPTS
[2025-01-27T23:09:40.096+0000] {subprocess.py:106} INFO - PRUEBA DE SCRIPTS
[2025-01-27T23:09:40.098+0000] {subprocess.py:106} INFO - PRUEBA DE SCRIPTS
[2025-01-27T23:09:40.100+0000] {subprocess.py:106} INFO - PRUEBA DE SCRIPTS
[2025-01-27T23:09:40.102+0000] {subprocess.py:106} INFO - PRUEBA DE SCRIPTS
[2025-01-27T23:09:40.105+0000] {subprocess.py:106} INFO - PRUEBA DE SCRIPTS
[2025-01-27T23:09:40.108+0000] {subprocess.py:106} INFO - PRUEBA DE SCRIPTS
[2025-01-27T23:09:40.110+0000] {subprocess.py:106} INFO - PRUEBA DE SCRIPTS
[2025-01-27T23:09:40.112+0000] {subprocess.py:106} INFO - PRUEBA DE SCRIPTS
[2025-01-27T23:09:40.114+0000] {subprocess.py:106} INFO - PRUEBA DE SCRIPTS
[2025-01-27T23:09:40.117+0000] {subprocess.py:106} INFO - PRUEBA DE SCRIPTS
[2025-01-27T23:09:40.120+0000] {subprocess.py:106} INFO - PRUEBA DE SCRIPTS
[2025-01-27T23:09:40.122+0000] {subprocess.py:106} INFO - PRUEBA DE SCRIPTS
[2025-01-27T23:09:40.124+0000] {subprocess.py:106} INFO - PRUEBA DE SCRIPTS
[2025-01-27T23:09:40.126+0000] {subprocess.py:106} INFO - PRUEBA DE SCRIPTS
[2025-01-27T23:09:40.128+0000] {subprocess.py:106} INFO - PRUEBA DE SCRIPTS
[2025-01-27T23:09:40.131+0000] {subprocess.py:106} INFO - PRUEBA DE SCRIPTS
[2025-01-27T23:09:40.133+0000] {subprocess.py:106} INFO - PRUEBA DE SCRIPTS
[2025-01-27T23:09:40.135+0000] {subprocess.py:106} INFO - PRUEBA DE SCRIPTS
[2025-01-27T23:09:40.137+0000] {subprocess.py:106} INFO - PRUEBA DE SCRIPTS
[2025-01-27T23:09:40.140+0000] {subprocess.py:106} INFO - PRUEBA DE SCRIPTS
[2025-01-27T23:09:40.142+0000] {subprocess.py:106} INFO - PRUEBA DE SCRIPTS
[2025-01-27T23:09:40.144+0000] {subprocess.py:106} INFO - PRUEBA DE SCRIPTS
[2025-01-27T23:09:40.146+0000] {subprocess.py:106} INFO - PRUEBA DE SCRIPTS
[2025-01-27T23:09:40.149+0000] {subprocess.py:106} INFO - PRUEBA DE SCRIPTS
[2025-01-27T23:09:40.151+0000] {subprocess.py:106} INFO - PRUEBA DE SCRIPTS
[2025-01-27T23:09:40.153+0000] {subprocess.py:106} INFO - PRUEBA DE SCRIPTS
[2025-01-27T23:09:40.155+0000] {subprocess.py:106} INFO - PRUEBA DE SCRIPTS
[2025-01-27T23:09:40.158+0000] {subprocess.py:106} INFO - PRUEBA DE SCRIPTS
[2025-01-27T23:09:40.160+0000] {subprocess.py:106} INFO - PRUEBA DE SCRIPTS
[2025-01-27T23:09:40.163+0000] {subprocess.py:106} INFO - PRUEBA DE SCRIPTS
[2025-01-27T23:09:40.166+0000] {subprocess.py:106} INFO - PRUEBA DE SCRIPTS
[2025-01-27T23:09:40.168+0000] {subprocess.py:106} INFO - PRUEBA DE SCRIPTS
[2025-01-27T23:09:40.172+0000] {subprocess.py:106} INFO - PRUEBA DE SCRIPTS
[2025-01-27T23:09:40.175+0000] {subprocess.py:106} INFO - PRUEBA DE SCRIPTS
[2025-01-27T23:09:40.177+0000] {subprocess.py:106} INFO - PRUEBA DE SCRIPTS
[2025-01-27T23:09:40.181+0000] {subprocess.py:106} INFO - PRUEBA DE SCRIPTS
[2025-01-27T23:09:40.183+0000] {subprocess.py:106} INFO - PRUEBA DE SCRIPTS
[2025-01-27T23:09:40.189+0000] {subprocess.py:106} INFO - PRUEBA DE SCRIPTS
[2025-01-27T23:09:40.192+0000] {subprocess.py:106} INFO - PRUEBA DE SCRIPTS
[2025-01-27T23:09:40.194+0000] {subprocess.py:106} INFO - PRUEBA DE SCRIPTS
[2025-01-27T23:09:40.197+0000] {subprocess.py:106} INFO - PRUEBA DE SCRIPTS
[2025-01-27T23:09:40.199+0000] {subprocess.py:106} INFO - PRUEBA DE SCRIPTS
[2025-01-27T23:09:40.203+0000] {subprocess.py:106} INFO - PRUEBA DE SCRIPTS
[2025-01-27T23:09:40.205+0000] {subprocess.py:106} INFO - PRUEBA DE SCRIPTS
[2025-01-27T23:09:40.208+0000] {subprocess.py:106} INFO - PRUEBA DE SCRIPTS
[2025-01-27T23:09:40.210+0000] {subprocess.py:106} INFO - PRUEBA DE SCRIPTS
[2025-01-27T23:09:40.212+0000] {subprocess.py:106} INFO - PRUEBA DE SCRIPTS
[2025-01-27T23:09:40.215+0000] {subprocess.py:106} INFO - PRUEBA DE SCRIPTS
[2025-01-27T23:09:40.217+0000] {subprocess.py:106} INFO - PRUEBA DE SCRIPTS
[2025-01-27T23:09:40.219+0000] {subprocess.py:106} INFO - PRUEBA DE SCRIPTS
[2025-01-27T23:09:40.221+0000] {subprocess.py:106} INFO - PRUEBA DE SCRIPTS
[2025-01-27T23:09:40.224+0000] {subprocess.py:106} INFO - PRUEBA DE SCRIPTS
[2025-01-27T23:09:40.225+0000] {subprocess.py:106} INFO - PRUEBA DE SCRIPTS
[2025-01-27T23:09:40.227+0000] {subprocess.py:106} INFO - PRUEBA DE SCRIPTS
[2025-01-27T23:09:40.230+0000] {subprocess.py:106} INFO - PRUEBA DE SCRIPTS
[2025-01-27T23:09:40.233+0000] {subprocess.py:106} INFO - PRUEBA DE SCRIPTS
[2025-01-27T23:09:40.235+0000] {subprocess.py:106} INFO - PRUEBA DE SCRIPTS
[2025-01-27T23:09:40.237+0000] {subprocess.py:106} INFO - PRUEBA DE SCRIPTS
[2025-01-27T23:09:40.239+0000] {subprocess.py:106} INFO - PRUEBA DE SCRIPTS
[2025-01-27T23:09:40.242+0000] {subprocess.py:106} INFO - PRUEBA DE SCRIPTS
[2025-01-27T23:09:40.245+0000] {subprocess.py:106} INFO - PRUEBA DE SCRIPTS
[2025-01-27T23:09:40.247+0000] {subprocess.py:106} INFO - PRUEBA DE SCRIPTS
[2025-01-27T23:09:40.250+0000] {subprocess.py:106} INFO - PRUEBA DE SCRIPTS
[2025-01-27T23:09:40.252+0000] {subprocess.py:106} INFO - PRUEBA DE SCRIPTS
[2025-01-27T23:09:40.255+0000] {subprocess.py:106} INFO - PRUEBA DE SCRIPTS
[2025-01-27T23:09:40.258+0000] {subprocess.py:106} INFO - PRUEBA DE SCRIPTS
[2025-01-27T23:09:40.260+0000] {subprocess.py:106} INFO - PRUEBA DE SCRIPTS
[2025-01-27T23:09:40.262+0000] {subprocess.py:106} INFO - PRUEBA DE SCRIPTS
[2025-01-27T23:09:40.264+0000] {subprocess.py:106} INFO - PRUEBA DE SCRIPTS
[2025-01-27T23:09:40.266+0000] {subprocess.py:106} INFO - PRUEBA DE SCRIPTS
[2025-01-27T23:09:40.269+0000] {subprocess.py:106} INFO - PRUEBA DE SCRIPTS
[2025-01-27T23:09:40.271+0000] {subprocess.py:106} INFO - PRUEBA DE SCRIPTS
[2025-01-27T23:09:40.274+0000] {subprocess.py:106} INFO - PRUEBA DE SCRIPTS
[2025-01-27T23:09:40.276+0000] {subprocess.py:106} INFO - PRUEBA DE SCRIPTS
[2025-01-27T23:09:40.280+0000] {subprocess.py:106} INFO - PRUEBA DE SCRIPTS
[2025-01-27T23:09:40.282+0000] {subprocess.py:106} INFO - PRUEBA DE SCRIPTS
[2025-01-27T23:09:40.285+0000] {subprocess.py:106} INFO - PRUEBA DE SCRIPTS
[2025-01-27T23:09:40.287+0000] {subprocess.py:106} INFO - PRUEBA DE SCRIPTS
[2025-01-27T23:09:40.289+0000] {subprocess.py:106} INFO - PRUEBA DE SCRIPTS
[2025-01-27T23:09:40.291+0000] {subprocess.py:106} INFO - PRUEBA DE SCRIPTS
[2025-01-27T23:09:40.294+0000] {subprocess.py:106} INFO - PRUEBA DE SCRIPTS
[2025-01-27T23:09:40.296+0000] {subprocess.py:106} INFO - PRUEBA DE SCRIPTS
[2025-01-27T23:09:40.298+0000] {subprocess.py:106} INFO - PRUEBA DE SCRIPTS
[2025-01-27T23:09:40.301+0000] {subprocess.py:106} INFO - PRUEBA DE SCRIPTS
[2025-01-27T23:09:40.303+0000] {subprocess.py:106} INFO - PRUEBA DE SCRIPTS
[2025-01-27T23:09:40.305+0000] {subprocess.py:106} INFO - PRUEBA DE SCRIPTS
[2025-01-27T23:09:40.307+0000] {subprocess.py:106} INFO - PRUEBA DE SCRIPTS
[2025-01-27T23:09:40.310+0000] {subprocess.py:106} INFO - PRUEBA DE SCRIPTS
[2025-01-27T23:09:40.313+0000] {subprocess.py:106} INFO - PRUEBA DE SCRIPTS
[2025-01-27T23:09:40.317+0000] {subprocess.py:106} INFO - PRUEBA DE SCRIPTS
[2025-01-27T23:09:40.321+0000] {subprocess.py:106} INFO - PRUEBA DE SCRIPTS
[2025-01-27T23:09:40.326+0000] {subprocess.py:106} INFO - PRUEBA DE SCRIPTS
[2025-01-27T23:09:40.329+0000] {subprocess.py:106} INFO - PRUEBA DE SCRIPTS
[2025-01-27T23:09:40.331+0000] {subprocess.py:106} INFO - PRUEBA DE SCRIPTS
[2025-01-27T23:09:40.333+0000] {subprocess.py:106} INFO - PRUEBA DE SCRIPTS
[2025-01-27T23:09:40.335+0000] {subprocess.py:106} INFO - PRUEBA DE SCRIPTS
[2025-01-27T23:09:40.337+0000] {subprocess.py:106} INFO - PRUEBA DE SCRIPTS
[2025-01-27T23:09:40.341+0000] {subprocess.py:106} INFO - PRUEBA DE SCRIPTS
[2025-01-27T23:09:40.343+0000] {subprocess.py:106} INFO - PRUEBA DE SCRIPTS
[2025-01-27T23:09:40.346+0000] {subprocess.py:106} INFO - PRUEBA DE SCRIPTS
[2025-01-27T23:09:40.348+0000] {subprocess.py:106} INFO - PRUEBA DE SCRIPTS
[2025-01-27T23:09:40.350+0000] {subprocess.py:106} INFO - PRUEBA DE SCRIPTS
[2025-01-27T23:09:40.352+0000] {subprocess.py:106} INFO - PRUEBA DE SCRIPTS
[2025-01-27T23:09:40.355+0000] {subprocess.py:106} INFO - PRUEBA DE SCRIPTS
[2025-01-27T23:09:40.357+0000] {subprocess.py:106} INFO - PRUEBA DE SCRIPTS
[2025-01-27T23:09:40.359+0000] {subprocess.py:106} INFO - PRUEBA DE SCRIPTS
[2025-01-27T23:09:40.362+0000] {subprocess.py:106} INFO - PRUEBA DE SCRIPTS
[2025-01-27T23:09:40.364+0000] {subprocess.py:106} INFO - PRUEBA DE SCRIPTS
[2025-01-27T23:09:40.366+0000] {subprocess.py:106} INFO - PRUEBA DE SCRIPTS
[2025-01-27T23:09:40.368+0000] {subprocess.py:106} INFO - PRUEBA DE SCRIPTS
[2025-01-27T23:09:40.370+0000] {subprocess.py:106} INFO - PRUEBA DE SCRIPTS
[2025-01-27T23:09:40.373+0000] {subprocess.py:106} INFO - PRUEBA DE SCRIPTS
[2025-01-27T23:09:40.374+0000] {subprocess.py:106} INFO - PRUEBA DE SCRIPTS
[2025-01-27T23:09:40.376+0000] {subprocess.py:106} INFO - PRUEBA DE SCRIPTS
[2025-01-27T23:09:40.378+0000] {subprocess.py:106} INFO - PRUEBA DE SCRIPTS
[2025-01-27T23:09:40.380+0000] {subprocess.py:106} INFO - PRUEBA DE SCRIPTS
[2025-01-27T23:09:40.382+0000] {subprocess.py:106} INFO - PRUEBA DE SCRIPTS
[2025-01-27T23:09:40.386+0000] {subprocess.py:106} INFO - PRUEBA DE SCRIPTS
[2025-01-27T23:09:40.388+0000] {subprocess.py:106} INFO - PRUEBA DE SCRIPTS
[2025-01-27T23:09:40.391+0000] {subprocess.py:106} INFO - PRUEBA DE SCRIPTS
[2025-01-27T23:09:40.394+0000] {subprocess.py:106} INFO - PRUEBA DE SCRIPTS
[2025-01-27T23:09:40.397+0000] {subprocess.py:106} INFO - PRUEBA DE SCRIPTS
[2025-01-27T23:09:40.400+0000] {subprocess.py:106} INFO - PRUEBA DE SCRIPTS
[2025-01-27T23:09:40.402+0000] {subprocess.py:106} INFO - PRUEBA DE SCRIPTS
[2025-01-27T23:09:40.404+0000] {subprocess.py:106} INFO - PRUEBA DE SCRIPTS
[2025-01-27T23:09:40.407+0000] {subprocess.py:106} INFO - PRUEBA DE SCRIPTS
[2025-01-27T23:09:40.409+0000] {subprocess.py:106} INFO - PRUEBA DE SCRIPTS
[2025-01-27T23:09:40.412+0000] {subprocess.py:106} INFO - PRUEBA DE SCRIPTS
[2025-01-27T23:09:40.414+0000] {subprocess.py:106} INFO - PRUEBA DE SCRIPTS
[2025-01-27T23:09:40.416+0000] {subprocess.py:106} INFO - PRUEBA DE SCRIPTS
[2025-01-27T23:09:40.418+0000] {subprocess.py:106} INFO - PRUEBA DE SCRIPTS
[2025-01-27T23:09:40.421+0000] {subprocess.py:106} INFO - PRUEBA DE SCRIPTS
[2025-01-27T23:09:40.423+0000] {subprocess.py:106} INFO - PRUEBA DE SCRIPTS
[2025-01-27T23:09:40.425+0000] {subprocess.py:106} INFO - PRUEBA DE SCRIPTS
[2025-01-27T23:09:40.428+0000] {subprocess.py:106} INFO - PRUEBA DE SCRIPTS
[2025-01-27T23:09:40.431+0000] {subprocess.py:106} INFO - PRUEBA DE SCRIPTS
[2025-01-27T23:09:40.433+0000] {subprocess.py:106} INFO - PRUEBA DE SCRIPTS
[2025-01-27T23:09:40.435+0000] {subprocess.py:106} INFO - PRUEBA DE SCRIPTS
[2025-01-27T23:09:40.438+0000] {subprocess.py:106} INFO - PRUEBA DE SCRIPTS
[2025-01-27T23:09:40.441+0000] {subprocess.py:106} INFO - PRUEBA DE SCRIPTS
[2025-01-27T23:09:40.443+0000] {subprocess.py:106} INFO - PRUEBA DE SCRIPTS
[2025-01-27T23:09:40.445+0000] {subprocess.py:106} INFO - PRUEBA DE SCRIPTS
[2025-01-27T23:09:40.451+0000] {subprocess.py:106} INFO - PRUEBA DE SCRIPTS
[2025-01-27T23:09:40.454+0000] {subprocess.py:106} INFO - PRUEBA DE SCRIPTS
[2025-01-27T23:09:40.456+0000] {subprocess.py:106} INFO - PRUEBA DE SCRIPTS
[2025-01-27T23:09:40.458+0000] {subprocess.py:106} INFO - PRUEBA DE SCRIPTS
[2025-01-27T23:09:40.460+0000] {subprocess.py:106} INFO - PRUEBA DE SCRIPTS
[2025-01-27T23:09:40.463+0000] {subprocess.py:106} INFO - PRUEBA DE SCRIPTS
[2025-01-27T23:09:40.465+0000] {subprocess.py:106} INFO - PRUEBA DE SCRIPTS
[2025-01-27T23:09:40.468+0000] {subprocess.py:106} INFO - PRUEBA DE SCRIPTS
[2025-01-27T23:09:40.470+0000] {subprocess.py:106} INFO - PRUEBA DE SCRIPTS
[2025-01-27T23:09:40.472+0000] {subprocess.py:106} INFO - PRUEBA DE SCRIPTS
[2025-01-27T23:09:40.474+0000] {subprocess.py:106} INFO - PRUEBA DE SCRIPTS
[2025-01-27T23:09:40.475+0000] {subprocess.py:106} INFO - PRUEBA DE SCRIPTS
[2025-01-27T23:09:40.478+0000] {subprocess.py:106} INFO - PRUEBA DE SCRIPTS
[2025-01-27T23:09:40.480+0000] {subprocess.py:106} INFO - PRUEBA DE SCRIPTS
[2025-01-27T23:09:40.483+0000] {subprocess.py:106} INFO - PRUEBA DE SCRIPTS
[2025-01-27T23:09:40.486+0000] {subprocess.py:106} INFO - PRUEBA DE SCRIPTS
[2025-01-27T23:09:40.488+0000] {subprocess.py:106} INFO - PRUEBA DE SCRIPTS
[2025-01-27T23:09:40.490+0000] {subprocess.py:106} INFO - PRUEBA DE SCRIPTS
[2025-01-27T23:09:40.493+0000] {subprocess.py:106} INFO - PRUEBA DE SCRIPTS
[2025-01-27T23:09:40.496+0000] {subprocess.py:110} INFO - Command exited with return code 0
[2025-01-27T23:09:40.572+0000] {taskinstance.py:340} INFO - ::group::Post task execution logs
[2025-01-27T23:09:40.576+0000] {taskinstance.py:352} INFO - Marking task as SUCCESS. dag_id=etl_reporte_como_vamos, task_id=task_bot_como_vamos, run_id=manual__2025-01-27T22:53:03.749692+00:00, execution_date=20250127T225303, start_date=20250127T230938, end_date=20250127T230940
[2025-01-27T23:09:40.986+0000] {local_task_job_runner.py:266} INFO - Task exited with return code 0
[2025-01-27T23:09:41.135+0000] {taskinstance.py:3895} INFO - 1 downstream tasks scheduled from follow-on schedule check
[2025-01-27T23:09:41.156+0000] {local_task_job_runner.py:245} INFO - ::endgroup::
