[2025-02-07T06:37:23.918-0500] {local_task_job_runner.py:123} INFO - ::group::Pre task execution logs
[2025-02-07T06:37:23.940-0500] {taskinstance.py:2613} INFO - Dependencies all met for dep_context=non-requeueable deps ti=<TaskInstance: etl_reporte_como_vamos.bot_ex_bbva scheduled__2025-02-06T11:30:00+00:00 [queued]>
[2025-02-07T06:37:23.952-0500] {taskinstance.py:2613} INFO - Dependencies all met for dep_context=requeueable deps ti=<TaskInstance: etl_reporte_como_vamos.bot_ex_bbva scheduled__2025-02-06T11:30:00+00:00 [queued]>
[2025-02-07T06:37:23.954-0500] {taskinstance.py:2866} INFO - Starting attempt 2 of 4
[2025-02-07T06:37:23.972-0500] {taskinstance.py:2889} INFO - Executing <Task(BashOperator): bot_ex_bbva> on 2025-02-06 11:30:00+00:00
[2025-02-07T06:37:23.979-0500] {warnings.py:112} WARNING - /home/***/.local/lib/python3.12/site-packages/***/task/task_runner/standard_task_runner.py:70: DeprecationWarning: This process (pid=35881) is multi-threaded, use of fork() may lead to deadlocks in the child.
  pid = os.fork()

[2025-02-07T06:37:23.981-0500] {standard_task_runner.py:72} INFO - Started process 35882 to run task
[2025-02-07T06:37:23.982-0500] {standard_task_runner.py:104} INFO - Running: ['***', 'tasks', 'run', 'etl_reporte_como_vamos', 'bot_ex_bbva', 'scheduled__2025-02-06T11:30:00+00:00', '--job-id', '70', '--raw', '--subdir', 'DAGS_FOLDER/etl_como_vamos_dag.py', '--cfg-path', '/tmp/tmprc_yrqbw']
[2025-02-07T06:37:23.983-0500] {standard_task_runner.py:105} INFO - Job 70: Subtask bot_ex_bbva
[2025-02-07T06:37:24.040-0500] {task_command.py:467} INFO - Running <TaskInstance: etl_reporte_como_vamos.bot_ex_bbva scheduled__2025-02-06T11:30:00+00:00 [running]> on host 21f1c1b48730
[2025-02-07T06:37:24.140-0500] {taskinstance.py:3132} INFO - Exporting env vars: AIRFLOW_CTX_DAG_OWNER='***' AIRFLOW_CTX_DAG_ID='etl_reporte_como_vamos' AIRFLOW_CTX_TASK_ID='bot_ex_bbva' AIRFLOW_CTX_EXECUTION_DATE='2025-02-06T11:30:00+00:00' AIRFLOW_CTX_TRY_NUMBER='2' AIRFLOW_CTX_DAG_RUN_ID='scheduled__2025-02-06T11:30:00+00:00'
[2025-02-07T06:37:24.142-0500] {taskinstance.py:731} INFO - ::endgroup::
[2025-02-07T06:37:24.165-0500] {subprocess.py:78} INFO - Tmp dir root location: /tmp
[2025-02-07T06:37:24.167-0500] {subprocess.py:88} INFO - Running command: ['/usr/bin/bash', '-c', 'python /opt/***/scripts/bot_etl_ex_bbva.py']
[2025-02-07T06:37:24.179-0500] {subprocess.py:99} INFO - Output:
[2025-02-07T06:37:25.212-0500] {subprocess.py:106} INFO - 2025-02-07 06:37:25,212 - bot_etl_ex_bbva - INFO - Bot ETL Exito-BBVA started
[2025-02-07T06:37:25.630-0500] {subprocess.py:106} INFO - 2025-02-07 06:37:25,630 - bot_etl_ex_bbva - INFO - Conexión al Selenium Hub establecida correctamente
[2025-02-07T06:37:26.479-0500] {subprocess.py:106} INFO - 2025-02-07 06:37:26,479 - bot_etl_ex_bbva - INFO - Credentials input success
[2025-02-07T06:37:27.601-0500] {subprocess.py:106} INFO - 2025-02-07 06:37:27,600 - bot_etl_ex_bbva - INFO - Click in login button
[2025-02-07T06:37:37.680-0500] {subprocess.py:106} INFO - 2025-02-07 06:37:37,678 - bot_etl_ex_bbva - INFO - Loging success
[2025-02-07T06:37:39.165-0500] {subprocess.py:106} INFO - 2025-02-07 06:37:39,165 - bot_etl_ex_bbva - INFO - Input file succes
[2025-02-07T06:37:48.330-0500] {subprocess.py:106} INFO - 2025-02-07 06:37:48,330 - bot_etl_ex_bbva - INFO - Click in Cargar
[2025-02-07T06:37:54.121-0500] {subprocess.py:106} INFO - 2025-02-07 06:37:54,120 - bot_etl_ex_bbva - INFO - bot_etl_ex_bbva finish execution
[2025-02-07T06:37:54.358-0500] {subprocess.py:110} INFO - Command exited with return code 0
[2025-02-07T06:37:54.429-0500] {taskinstance.py:340} INFO - ::group::Post task execution logs
[2025-02-07T06:37:54.431-0500] {taskinstance.py:352} INFO - Marking task as SUCCESS. dag_id=etl_reporte_como_vamos, task_id=bot_ex_bbva, run_id=scheduled__2025-02-06T11:30:00+00:00, execution_date=20250206T113000, start_date=20250207T113723, end_date=20250207T113754
[2025-02-07T06:37:54.487-0500] {local_task_job_runner.py:266} INFO - Task exited with return code 0
[2025-02-07T06:37:54.523-0500] {taskinstance.py:3895} INFO - 1 downstream tasks scheduled from follow-on schedule check
[2025-02-07T06:37:54.527-0500] {local_task_job_runner.py:245} INFO - ::endgroup::
